ARM GAS  C:\Users\JohnP\AppData\Local\Temp\ccHlscRS.s 			page 1


   1              		.syntax unified
   2              		.cpu cortex-m3
   3              		.fpu softvfp
   4              		.eabi_attribute 20, 1
   5              		.eabi_attribute 21, 1
   6              		.eabi_attribute 23, 3
   7              		.eabi_attribute 24, 1
   8              		.eabi_attribute 25, 1
   9              		.eabi_attribute 26, 1
  10              		.eabi_attribute 30, 1
  11              		.eabi_attribute 34, 1
  12              		.eabi_attribute 18, 4
  13              		.thumb
  14              		.file	"CapSense_INT.c"
  15              		.text
  16              	.Ltext0:
  17              		.cfi_sections	.debug_frame
  18              		.section	.text.CapSense_IsrCH0_ISR,"ax",%progbits
  19              		.align	2
  20              		.global	CapSense_IsrCH0_ISR
  21              		.thumb
  22              		.thumb_func
  23              		.type	CapSense_IsrCH0_ISR, %function
  24              	CapSense_IsrCH0_ISR:
  25              	.LFB0:
  26              		.file 1 ".\\Generated_Source\\PSoC5\\CapSense_INT.c"
   1:.\Generated_Source\PSoC5/CapSense_INT.c **** /*******************************************************************************
   2:.\Generated_Source\PSoC5/CapSense_INT.c **** * File Name: CapSense_INT.c
   3:.\Generated_Source\PSoC5/CapSense_INT.c **** * Version 3.50
   4:.\Generated_Source\PSoC5/CapSense_INT.c **** *
   5:.\Generated_Source\PSoC5/CapSense_INT.c **** * Description:
   6:.\Generated_Source\PSoC5/CapSense_INT.c **** *  This file provides the source code of Interrupt Service Routine (ISR)
   7:.\Generated_Source\PSoC5/CapSense_INT.c **** *  for CapSense CSD component.
   8:.\Generated_Source\PSoC5/CapSense_INT.c **** *
   9:.\Generated_Source\PSoC5/CapSense_INT.c **** * Note:
  10:.\Generated_Source\PSoC5/CapSense_INT.c **** *
  11:.\Generated_Source\PSoC5/CapSense_INT.c **** ********************************************************************************
  12:.\Generated_Source\PSoC5/CapSense_INT.c **** * Copyright 2008-2013, Cypress Semiconductor Corporation.  All rights reserved.
  13:.\Generated_Source\PSoC5/CapSense_INT.c **** * You may use this file only in accordance with the license, terms, conditions,
  14:.\Generated_Source\PSoC5/CapSense_INT.c **** * disclaimers, and limitations in the end user license agreement accompanying
  15:.\Generated_Source\PSoC5/CapSense_INT.c **** * the software package with which this file was provided.
  16:.\Generated_Source\PSoC5/CapSense_INT.c **** *******************************************************************************/
  17:.\Generated_Source\PSoC5/CapSense_INT.c **** 
  18:.\Generated_Source\PSoC5/CapSense_INT.c **** #include "CapSense.h"
  19:.\Generated_Source\PSoC5/CapSense_INT.c **** 
  20:.\Generated_Source\PSoC5/CapSense_INT.c **** /*******************************************************************************
  21:.\Generated_Source\PSoC5/CapSense_INT.c **** *  Place your includes, defines and code here 
  22:.\Generated_Source\PSoC5/CapSense_INT.c **** ********************************************************************************/
  23:.\Generated_Source\PSoC5/CapSense_INT.c **** /* `#START CapSense_IsrCH_ISR_intc` */
  24:.\Generated_Source\PSoC5/CapSense_INT.c **** #include "Display.h"
  25:.\Generated_Source\PSoC5/CapSense_INT.c **** #include "CapSense_CSHL.h"
  26:.\Generated_Source\PSoC5/CapSense_INT.c **** #include "CapSense.h"
  27:.\Generated_Source\PSoC5/CapSense_INT.c **** #include "states.h"
  28:.\Generated_Source\PSoC5/CapSense_INT.c **** #include "speaker.h"
  29:.\Generated_Source\PSoC5/CapSense_INT.c **** #include "LED2.h"
  30:.\Generated_Source\PSoC5/CapSense_INT.c **** /* `#END` */
  31:.\Generated_Source\PSoC5/CapSense_INT.c **** 
ARM GAS  C:\Users\JohnP\AppData\Local\Temp\ccHlscRS.s 			page 2


  32:.\Generated_Source\PSoC5/CapSense_INT.c **** 
  33:.\Generated_Source\PSoC5/CapSense_INT.c **** #if (CapSense_DESIGN_TYPE == CapSense_ONE_CHANNEL_DESIGN)
  34:.\Generated_Source\PSoC5/CapSense_INT.c ****     /*******************************************************************************
  35:.\Generated_Source\PSoC5/CapSense_INT.c ****     * Function Name: CapSense_IsrCH0_ISR
  36:.\Generated_Source\PSoC5/CapSense_INT.c ****     ********************************************************************************
  37:.\Generated_Source\PSoC5/CapSense_INT.c ****     *
  38:.\Generated_Source\PSoC5/CapSense_INT.c ****     * Summary:
  39:.\Generated_Source\PSoC5/CapSense_INT.c ****     *  This ISR is executed when measure window is closed. The measure window 
  40:.\Generated_Source\PSoC5/CapSense_INT.c ****     *  depends on scan resolution parameter of sensor. 
  41:.\Generated_Source\PSoC5/CapSense_INT.c ****     *  The ISR has two modes: 
  42:.\Generated_Source\PSoC5/CapSense_INT.c ****     *   1. Scans single sensor and stores measure result.
  43:.\Generated_Source\PSoC5/CapSense_INT.c ****     *   2. Stores result of current measure and starts next scan till all 
  44:.\Generated_Source\PSoC5/CapSense_INT.c ****     *      enabled sensors will be scanned.
  45:.\Generated_Source\PSoC5/CapSense_INT.c ****     *  This interrupt handler only used in one channel designs.
  46:.\Generated_Source\PSoC5/CapSense_INT.c ****     *
  47:.\Generated_Source\PSoC5/CapSense_INT.c ****     * Parameters:
  48:.\Generated_Source\PSoC5/CapSense_INT.c ****     *  None
  49:.\Generated_Source\PSoC5/CapSense_INT.c ****     *
  50:.\Generated_Source\PSoC5/CapSense_INT.c ****     * Return:
  51:.\Generated_Source\PSoC5/CapSense_INT.c ****     *  None
  52:.\Generated_Source\PSoC5/CapSense_INT.c ****     *
  53:.\Generated_Source\PSoC5/CapSense_INT.c ****     * Global Variables:
  54:.\Generated_Source\PSoC5/CapSense_INT.c ****     *  CapSense_csv - used to provide status and mode of scanning process.
  55:.\Generated_Source\PSoC5/CapSense_INT.c ****     *   Mode - single scan or scan of all enabled sensors.
  56:.\Generated_Source\PSoC5/CapSense_INT.c ****     *   Status - scan in progress or ready for new scan.
  57:.\Generated_Source\PSoC5/CapSense_INT.c ****     *  CapSense_sensorIndex - used to store sensor scanning sensor number.
  58:.\Generated_Source\PSoC5/CapSense_INT.c ****     *
  59:.\Generated_Source\PSoC5/CapSense_INT.c ****     * Reentrant:
  60:.\Generated_Source\PSoC5/CapSense_INT.c ****     *  No
  61:.\Generated_Source\PSoC5/CapSense_INT.c ****     *
  62:.\Generated_Source\PSoC5/CapSense_INT.c ****     *******************************************************************************/
  63:.\Generated_Source\PSoC5/CapSense_INT.c ****     CY_ISR(CapSense_IsrCH0_ISR)
  64:.\Generated_Source\PSoC5/CapSense_INT.c ****     {
  27              		.loc 1 64 0
  28              		.cfi_startproc
  29              		@ args = 0, pretend = 0, frame = 0
  30              		@ frame_needed = 0, uses_anonymous_args = 0
  31 0000 10B5     		push	{r4, lr}
  32              		.cfi_def_cfa_offset 8
  33              		.cfi_offset 4, -8
  34              		.cfi_offset 14, -4
  65:.\Generated_Source\PSoC5/CapSense_INT.c ****         /*  Place your Interrupt code here. */
  66:.\Generated_Source\PSoC5/CapSense_INT.c ****         /* `#START CapSense_ONE_CHANNEL_IsrCH0_ISR_ENTER` */
  67:.\Generated_Source\PSoC5/CapSense_INT.c **** 
  68:.\Generated_Source\PSoC5/CapSense_INT.c ****         /* `#END` */
  69:.\Generated_Source\PSoC5/CapSense_INT.c ****     
  70:.\Generated_Source\PSoC5/CapSense_INT.c ****         /* Save results and disable sensor */
  71:.\Generated_Source\PSoC5/CapSense_INT.c ****         CapSense_PostScan(CapSense_sensorIndex);
  35              		.loc 1 71 0
  36 0002 114B     		ldr	r3, .L5
  37 0004 1878     		ldrb	r0, [r3]	@ zero_extendqisi2
  38 0006 FFF7FEFF 		bl	CapSense_PostScan
  39              	.LVL0:
  72:.\Generated_Source\PSoC5/CapSense_INT.c ****                 
  73:.\Generated_Source\PSoC5/CapSense_INT.c ****         if ((CapSense_csv & CapSense_SW_CTRL_SINGLE_SCAN) != 0u)
  40              		.loc 1 73 0
  41 000a 104B     		ldr	r3, .L5+4
ARM GAS  C:\Users\JohnP\AppData\Local\Temp\ccHlscRS.s 			page 3


  42 000c 1B78     		ldrb	r3, [r3]	@ zero_extendqisi2
  43 000e 13F0800F 		tst	r3, #128
  44 0012 05D0     		beq	.L2
  74:.\Generated_Source\PSoC5/CapSense_INT.c ****         {
  75:.\Generated_Source\PSoC5/CapSense_INT.c ****             CapSense_csv &= (uint8)~CapSense_SW_STS_BUSY;
  45              		.loc 1 75 0
  46 0014 0D4B     		ldr	r3, .L5+4
  47 0016 1A78     		ldrb	r2, [r3]	@ zero_extendqisi2
  48 0018 02F0FE02 		and	r2, r2, #254
  49 001c 1A70     		strb	r2, [r3]
  50 001e 10BD     		pop	{r4, pc}
  51              	.L2:
  76:.\Generated_Source\PSoC5/CapSense_INT.c ****         }
  77:.\Generated_Source\PSoC5/CapSense_INT.c ****         else
  78:.\Generated_Source\PSoC5/CapSense_INT.c ****         {
  79:.\Generated_Source\PSoC5/CapSense_INT.c ****             /* Proceed the scanning */
  80:.\Generated_Source\PSoC5/CapSense_INT.c ****             CapSense_sensorIndex = CapSense_FindNextSensor(CapSense_sensorIndex);
  52              		.loc 1 80 0
  53 0020 094C     		ldr	r4, .L5
  54 0022 2078     		ldrb	r0, [r4]	@ zero_extendqisi2
  55 0024 FFF7FEFF 		bl	CapSense_FindNextSensor
  56              	.LVL1:
  57 0028 2070     		strb	r0, [r4]
  81:.\Generated_Source\PSoC5/CapSense_INT.c ****             
  82:.\Generated_Source\PSoC5/CapSense_INT.c ****             /* Check end of scan */
  83:.\Generated_Source\PSoC5/CapSense_INT.c ****             if(CapSense_sensorIndex < CapSense_TOTAL_SENSOR_COUNT)
  58              		.loc 1 83 0
  59 002a 2378     		ldrb	r3, [r4]	@ zero_extendqisi2
  60 002c DBB2     		uxtb	r3, r3
  61 002e 062B     		cmp	r3, #6
  62 0030 03D8     		bhi	.L4
  84:.\Generated_Source\PSoC5/CapSense_INT.c ****             {
  85:.\Generated_Source\PSoC5/CapSense_INT.c ****                 CapSense_PreScan(CapSense_sensorIndex);
  63              		.loc 1 85 0
  64 0032 2078     		ldrb	r0, [r4]	@ zero_extendqisi2
  65 0034 FFF7FEFF 		bl	CapSense_PreScan
  66              	.LVL2:
  67 0038 10BD     		pop	{r4, pc}
  68              	.L4:
  86:.\Generated_Source\PSoC5/CapSense_INT.c ****             }
  87:.\Generated_Source\PSoC5/CapSense_INT.c ****             else
  88:.\Generated_Source\PSoC5/CapSense_INT.c ****             {
  89:.\Generated_Source\PSoC5/CapSense_INT.c ****                 CapSense_csv &= (uint8)~CapSense_SW_STS_BUSY;
  69              		.loc 1 89 0
  70 003a 044B     		ldr	r3, .L5+4
  71 003c 1A78     		ldrb	r2, [r3]	@ zero_extendqisi2
  72 003e 02F0FE02 		and	r2, r2, #254
  73 0042 1A70     		strb	r2, [r3]
  74 0044 10BD     		pop	{r4, pc}
  75              	.L6:
  76 0046 00BF     		.align	2
  77              	.L5:
  78 0048 00000000 		.word	CapSense_sensorIndex
  79 004c 00000000 		.word	CapSense_csv
  80              		.cfi_endproc
  81              	.LFE0:
  82              		.size	CapSense_IsrCH0_ISR, .-CapSense_IsrCH0_ISR
ARM GAS  C:\Users\JohnP\AppData\Local\Temp\ccHlscRS.s 			page 4


  83              		.comm	Prev_state,4,4
  84              		.comm	currentState,4,4
  85              		.comm	timer_value,4,4
  86              		.comm	timer_status,4,4
  87              		.comm	heartbeatCounter,4,4
  88              		.comm	heartrate,4,4
  89              		.text
  90              	.Letext0:
  91              		.file 2 ".\\Generated_Source\\PSoC5\\cytypes.h"
  92              		.file 3 "./states.h"
  93              		.file 4 ".\\Generated_Source\\PSoC5\\CapSense.h"
  94              		.file 5 "./heartrate.h"
  95              		.section	.debug_info,"",%progbits
  96              	.Ldebug_info0:
  97 0000 84010000 		.4byte	0x184
  98 0004 0400     		.2byte	0x4
  99 0006 00000000 		.4byte	.Ldebug_abbrev0
 100 000a 04       		.byte	0x4
 101 000b 01       		.uleb128 0x1
 102 000c 8F010000 		.4byte	.LASF23
 103 0010 01       		.byte	0x1
 104 0011 2E010000 		.4byte	.LASF24
 105 0015 A7000000 		.4byte	.LASF25
 106 0019 00000000 		.4byte	.Ldebug_ranges0+0
 107 001d 00000000 		.4byte	0
 108 0021 00000000 		.4byte	.Ldebug_line0
 109 0025 02       		.uleb128 0x2
 110 0026 01       		.byte	0x1
 111 0027 06       		.byte	0x6
 112 0028 3A020000 		.4byte	.LASF0
 113 002c 02       		.uleb128 0x2
 114 002d 01       		.byte	0x1
 115 002e 08       		.byte	0x8
 116 002f 81000000 		.4byte	.LASF1
 117 0033 02       		.uleb128 0x2
 118 0034 02       		.byte	0x2
 119 0035 05       		.byte	0x5
 120 0036 27020000 		.4byte	.LASF2
 121 003a 02       		.uleb128 0x2
 122 003b 02       		.byte	0x2
 123 003c 07       		.byte	0x7
 124 003d 18000000 		.4byte	.LASF3
 125 0041 02       		.uleb128 0x2
 126 0042 04       		.byte	0x4
 127 0043 05       		.byte	0x5
 128 0044 31020000 		.4byte	.LASF4
 129 0048 02       		.uleb128 0x2
 130 0049 04       		.byte	0x4
 131 004a 07       		.byte	0x7
 132 004b F3000000 		.4byte	.LASF5
 133 004f 02       		.uleb128 0x2
 134 0050 08       		.byte	0x8
 135 0051 05       		.byte	0x5
 136 0052 14020000 		.4byte	.LASF6
 137 0056 02       		.uleb128 0x2
 138 0057 08       		.byte	0x8
 139 0058 07       		.byte	0x7
ARM GAS  C:\Users\JohnP\AppData\Local\Temp\ccHlscRS.s 			page 5


 140 0059 63010000 		.4byte	.LASF7
 141 005d 03       		.uleb128 0x3
 142 005e 04       		.byte	0x4
 143 005f 05       		.byte	0x5
 144 0060 696E7400 		.ascii	"int\000"
 145 0064 02       		.uleb128 0x2
 146 0065 04       		.byte	0x4
 147 0066 07       		.byte	0x7
 148 0067 56010000 		.4byte	.LASF8
 149 006b 04       		.uleb128 0x4
 150 006c 0B010000 		.4byte	.LASF13
 151 0070 02       		.byte	0x2
 152 0071 B4       		.byte	0xb4
 153 0072 2C000000 		.4byte	0x2c
 154 0076 02       		.uleb128 0x2
 155 0077 04       		.byte	0x4
 156 0078 04       		.byte	0x4
 157 0079 6E000000 		.4byte	.LASF9
 158 007d 02       		.uleb128 0x2
 159 007e 08       		.byte	0x8
 160 007f 04       		.byte	0x4
 161 0080 11010000 		.4byte	.LASF10
 162 0084 02       		.uleb128 0x2
 163 0085 01       		.byte	0x1
 164 0086 08       		.byte	0x8
 165 0087 22020000 		.4byte	.LASF11
 166 008b 05       		.uleb128 0x5
 167 008c 6B000000 		.4byte	0x6b
 168 0090 02       		.uleb128 0x2
 169 0091 04       		.byte	0x4
 170 0092 07       		.byte	0x7
 171 0093 0B020000 		.4byte	.LASF12
 172 0097 04       		.uleb128 0x4
 173 0098 05010000 		.4byte	.LASF14
 174 009c 03       		.byte	0x3
 175 009d 11       		.byte	0x11
 176 009e 5D000000 		.4byte	0x5d
 177 00a2 06       		.uleb128 0x6
 178 00a3 2B000000 		.4byte	.LASF26
 179 00a7 01       		.byte	0x1
 180 00a8 3F       		.byte	0x3f
 181 00a9 00000000 		.4byte	.LFB0
 182 00ad 50000000 		.4byte	.LFE0-.LFB0
 183 00b1 01       		.uleb128 0x1
 184 00b2 9C       		.byte	0x9c
 185 00b3 D3000000 		.4byte	0xd3
 186 00b7 07       		.uleb128 0x7
 187 00b8 0A000000 		.4byte	.LVL0
 188 00bc 51010000 		.4byte	0x151
 189 00c0 07       		.uleb128 0x7
 190 00c1 28000000 		.4byte	.LVL1
 191 00c5 63010000 		.4byte	0x163
 192 00c9 07       		.uleb128 0x7
 193 00ca 38000000 		.4byte	.LVL2
 194 00ce 79010000 		.4byte	0x179
 195 00d2 00       		.byte	0
 196 00d3 08       		.uleb128 0x8
ARM GAS  C:\Users\JohnP\AppData\Local\Temp\ccHlscRS.s 			page 6


 197 00d4 74000000 		.4byte	.LASF15
 198 00d8 04       		.byte	0x4
 199 00d9 B402     		.2byte	0x2b4
 200 00db 8B000000 		.4byte	0x8b
 201 00df 08       		.uleb128 0x8
 202 00e0 7A010000 		.4byte	.LASF16
 203 00e4 04       		.byte	0x4
 204 00e5 B502     		.2byte	0x2b5
 205 00e7 8B000000 		.4byte	0x8b
 206 00eb 09       		.uleb128 0x9
 207 00ec 18010000 		.4byte	.LASF17
 208 00f0 03       		.byte	0x3
 209 00f1 14       		.byte	0x14
 210 00f2 76000000 		.4byte	0x76
 211 00f6 05       		.uleb128 0x5
 212 00f7 03       		.byte	0x3
 213 00f8 00000000 		.4byte	heartrate
 214 00fc 09       		.uleb128 0x9
 215 00fd 5D000000 		.4byte	.LASF18
 216 0101 05       		.byte	0x5
 217 0102 14       		.byte	0x14
 218 0103 76000000 		.4byte	0x76
 219 0107 05       		.uleb128 0x5
 220 0108 03       		.byte	0x3
 221 0109 00000000 		.4byte	heartbeatCounter
 222 010d 09       		.uleb128 0x9
 223 010e 3F000000 		.4byte	.LASF19
 224 0112 05       		.byte	0x5
 225 0113 15       		.byte	0x15
 226 0114 5D000000 		.4byte	0x5d
 227 0118 05       		.uleb128 0x5
 228 0119 03       		.byte	0x3
 229 011a 00000000 		.4byte	timer_status
 230 011e 09       		.uleb128 0x9
 231 011f 22010000 		.4byte	.LASF20
 232 0123 05       		.byte	0x5
 233 0124 16       		.byte	0x16
 234 0125 5D000000 		.4byte	0x5d
 235 0129 05       		.uleb128 0x5
 236 012a 03       		.byte	0x3
 237 012b 00000000 		.4byte	timer_value
 238 012f 09       		.uleb128 0x9
 239 0130 00000000 		.4byte	.LASF21
 240 0134 03       		.byte	0x3
 241 0135 2D       		.byte	0x2d
 242 0136 97000000 		.4byte	0x97
 243 013a 05       		.uleb128 0x5
 244 013b 03       		.byte	0x3
 245 013c 00000000 		.4byte	currentState
 246 0140 09       		.uleb128 0x9
 247 0141 0D000000 		.4byte	.LASF22
 248 0145 03       		.byte	0x3
 249 0146 2F       		.byte	0x2f
 250 0147 97000000 		.4byte	0x97
 251 014b 05       		.uleb128 0x5
 252 014c 03       		.byte	0x3
 253 014d 00000000 		.4byte	Prev_state
ARM GAS  C:\Users\JohnP\AppData\Local\Temp\ccHlscRS.s 			page 7


 254 0151 0A       		.uleb128 0xa
 255 0152 46020000 		.4byte	.LASF27
 256 0156 04       		.byte	0x4
 257 0157 A102     		.2byte	0x2a1
 258 0159 63010000 		.4byte	0x163
 259 015d 0B       		.uleb128 0xb
 260 015e 6B000000 		.4byte	0x6b
 261 0162 00       		.byte	0
 262 0163 0C       		.uleb128 0xc
 263 0164 8F000000 		.4byte	.LASF28
 264 0168 04       		.byte	0x4
 265 0169 9602     		.2byte	0x296
 266 016b 6B000000 		.4byte	0x6b
 267 016f 79010000 		.4byte	0x179
 268 0173 0B       		.uleb128 0xb
 269 0174 6B000000 		.4byte	0x6b
 270 0178 00       		.byte	0
 271 0179 0D       		.uleb128 0xd
 272 017a 4C000000 		.4byte	.LASF29
 273 017e 04       		.byte	0x4
 274 017f 9F02     		.2byte	0x29f
 275 0181 0B       		.uleb128 0xb
 276 0182 6B000000 		.4byte	0x6b
 277 0186 00       		.byte	0
 278 0187 00       		.byte	0
 279              		.section	.debug_abbrev,"",%progbits
 280              	.Ldebug_abbrev0:
 281 0000 01       		.uleb128 0x1
 282 0001 11       		.uleb128 0x11
 283 0002 01       		.byte	0x1
 284 0003 25       		.uleb128 0x25
 285 0004 0E       		.uleb128 0xe
 286 0005 13       		.uleb128 0x13
 287 0006 0B       		.uleb128 0xb
 288 0007 03       		.uleb128 0x3
 289 0008 0E       		.uleb128 0xe
 290 0009 1B       		.uleb128 0x1b
 291 000a 0E       		.uleb128 0xe
 292 000b 55       		.uleb128 0x55
 293 000c 17       		.uleb128 0x17
 294 000d 11       		.uleb128 0x11
 295 000e 01       		.uleb128 0x1
 296 000f 10       		.uleb128 0x10
 297 0010 17       		.uleb128 0x17
 298 0011 00       		.byte	0
 299 0012 00       		.byte	0
 300 0013 02       		.uleb128 0x2
 301 0014 24       		.uleb128 0x24
 302 0015 00       		.byte	0
 303 0016 0B       		.uleb128 0xb
 304 0017 0B       		.uleb128 0xb
 305 0018 3E       		.uleb128 0x3e
 306 0019 0B       		.uleb128 0xb
 307 001a 03       		.uleb128 0x3
 308 001b 0E       		.uleb128 0xe
 309 001c 00       		.byte	0
 310 001d 00       		.byte	0
ARM GAS  C:\Users\JohnP\AppData\Local\Temp\ccHlscRS.s 			page 8


 311 001e 03       		.uleb128 0x3
 312 001f 24       		.uleb128 0x24
 313 0020 00       		.byte	0
 314 0021 0B       		.uleb128 0xb
 315 0022 0B       		.uleb128 0xb
 316 0023 3E       		.uleb128 0x3e
 317 0024 0B       		.uleb128 0xb
 318 0025 03       		.uleb128 0x3
 319 0026 08       		.uleb128 0x8
 320 0027 00       		.byte	0
 321 0028 00       		.byte	0
 322 0029 04       		.uleb128 0x4
 323 002a 16       		.uleb128 0x16
 324 002b 00       		.byte	0
 325 002c 03       		.uleb128 0x3
 326 002d 0E       		.uleb128 0xe
 327 002e 3A       		.uleb128 0x3a
 328 002f 0B       		.uleb128 0xb
 329 0030 3B       		.uleb128 0x3b
 330 0031 0B       		.uleb128 0xb
 331 0032 49       		.uleb128 0x49
 332 0033 13       		.uleb128 0x13
 333 0034 00       		.byte	0
 334 0035 00       		.byte	0
 335 0036 05       		.uleb128 0x5
 336 0037 35       		.uleb128 0x35
 337 0038 00       		.byte	0
 338 0039 49       		.uleb128 0x49
 339 003a 13       		.uleb128 0x13
 340 003b 00       		.byte	0
 341 003c 00       		.byte	0
 342 003d 06       		.uleb128 0x6
 343 003e 2E       		.uleb128 0x2e
 344 003f 01       		.byte	0x1
 345 0040 3F       		.uleb128 0x3f
 346 0041 19       		.uleb128 0x19
 347 0042 03       		.uleb128 0x3
 348 0043 0E       		.uleb128 0xe
 349 0044 3A       		.uleb128 0x3a
 350 0045 0B       		.uleb128 0xb
 351 0046 3B       		.uleb128 0x3b
 352 0047 0B       		.uleb128 0xb
 353 0048 27       		.uleb128 0x27
 354 0049 19       		.uleb128 0x19
 355 004a 11       		.uleb128 0x11
 356 004b 01       		.uleb128 0x1
 357 004c 12       		.uleb128 0x12
 358 004d 06       		.uleb128 0x6
 359 004e 40       		.uleb128 0x40
 360 004f 18       		.uleb128 0x18
 361 0050 9742     		.uleb128 0x2117
 362 0052 19       		.uleb128 0x19
 363 0053 01       		.uleb128 0x1
 364 0054 13       		.uleb128 0x13
 365 0055 00       		.byte	0
 366 0056 00       		.byte	0
 367 0057 07       		.uleb128 0x7
ARM GAS  C:\Users\JohnP\AppData\Local\Temp\ccHlscRS.s 			page 9


 368 0058 898201   		.uleb128 0x4109
 369 005b 00       		.byte	0
 370 005c 11       		.uleb128 0x11
 371 005d 01       		.uleb128 0x1
 372 005e 31       		.uleb128 0x31
 373 005f 13       		.uleb128 0x13
 374 0060 00       		.byte	0
 375 0061 00       		.byte	0
 376 0062 08       		.uleb128 0x8
 377 0063 34       		.uleb128 0x34
 378 0064 00       		.byte	0
 379 0065 03       		.uleb128 0x3
 380 0066 0E       		.uleb128 0xe
 381 0067 3A       		.uleb128 0x3a
 382 0068 0B       		.uleb128 0xb
 383 0069 3B       		.uleb128 0x3b
 384 006a 05       		.uleb128 0x5
 385 006b 49       		.uleb128 0x49
 386 006c 13       		.uleb128 0x13
 387 006d 3F       		.uleb128 0x3f
 388 006e 19       		.uleb128 0x19
 389 006f 3C       		.uleb128 0x3c
 390 0070 19       		.uleb128 0x19
 391 0071 00       		.byte	0
 392 0072 00       		.byte	0
 393 0073 09       		.uleb128 0x9
 394 0074 34       		.uleb128 0x34
 395 0075 00       		.byte	0
 396 0076 03       		.uleb128 0x3
 397 0077 0E       		.uleb128 0xe
 398 0078 3A       		.uleb128 0x3a
 399 0079 0B       		.uleb128 0xb
 400 007a 3B       		.uleb128 0x3b
 401 007b 0B       		.uleb128 0xb
 402 007c 49       		.uleb128 0x49
 403 007d 13       		.uleb128 0x13
 404 007e 3F       		.uleb128 0x3f
 405 007f 19       		.uleb128 0x19
 406 0080 02       		.uleb128 0x2
 407 0081 18       		.uleb128 0x18
 408 0082 00       		.byte	0
 409 0083 00       		.byte	0
 410 0084 0A       		.uleb128 0xa
 411 0085 2E       		.uleb128 0x2e
 412 0086 01       		.byte	0x1
 413 0087 3F       		.uleb128 0x3f
 414 0088 19       		.uleb128 0x19
 415 0089 03       		.uleb128 0x3
 416 008a 0E       		.uleb128 0xe
 417 008b 3A       		.uleb128 0x3a
 418 008c 0B       		.uleb128 0xb
 419 008d 3B       		.uleb128 0x3b
 420 008e 05       		.uleb128 0x5
 421 008f 27       		.uleb128 0x27
 422 0090 19       		.uleb128 0x19
 423 0091 3C       		.uleb128 0x3c
 424 0092 19       		.uleb128 0x19
ARM GAS  C:\Users\JohnP\AppData\Local\Temp\ccHlscRS.s 			page 10


 425 0093 01       		.uleb128 0x1
 426 0094 13       		.uleb128 0x13
 427 0095 00       		.byte	0
 428 0096 00       		.byte	0
 429 0097 0B       		.uleb128 0xb
 430 0098 05       		.uleb128 0x5
 431 0099 00       		.byte	0
 432 009a 49       		.uleb128 0x49
 433 009b 13       		.uleb128 0x13
 434 009c 00       		.byte	0
 435 009d 00       		.byte	0
 436 009e 0C       		.uleb128 0xc
 437 009f 2E       		.uleb128 0x2e
 438 00a0 01       		.byte	0x1
 439 00a1 3F       		.uleb128 0x3f
 440 00a2 19       		.uleb128 0x19
 441 00a3 03       		.uleb128 0x3
 442 00a4 0E       		.uleb128 0xe
 443 00a5 3A       		.uleb128 0x3a
 444 00a6 0B       		.uleb128 0xb
 445 00a7 3B       		.uleb128 0x3b
 446 00a8 05       		.uleb128 0x5
 447 00a9 27       		.uleb128 0x27
 448 00aa 19       		.uleb128 0x19
 449 00ab 49       		.uleb128 0x49
 450 00ac 13       		.uleb128 0x13
 451 00ad 3C       		.uleb128 0x3c
 452 00ae 19       		.uleb128 0x19
 453 00af 01       		.uleb128 0x1
 454 00b0 13       		.uleb128 0x13
 455 00b1 00       		.byte	0
 456 00b2 00       		.byte	0
 457 00b3 0D       		.uleb128 0xd
 458 00b4 2E       		.uleb128 0x2e
 459 00b5 01       		.byte	0x1
 460 00b6 3F       		.uleb128 0x3f
 461 00b7 19       		.uleb128 0x19
 462 00b8 03       		.uleb128 0x3
 463 00b9 0E       		.uleb128 0xe
 464 00ba 3A       		.uleb128 0x3a
 465 00bb 0B       		.uleb128 0xb
 466 00bc 3B       		.uleb128 0x3b
 467 00bd 05       		.uleb128 0x5
 468 00be 27       		.uleb128 0x27
 469 00bf 19       		.uleb128 0x19
 470 00c0 3C       		.uleb128 0x3c
 471 00c1 19       		.uleb128 0x19
 472 00c2 00       		.byte	0
 473 00c3 00       		.byte	0
 474 00c4 00       		.byte	0
 475              		.section	.debug_aranges,"",%progbits
 476 0000 1C000000 		.4byte	0x1c
 477 0004 0200     		.2byte	0x2
 478 0006 00000000 		.4byte	.Ldebug_info0
 479 000a 04       		.byte	0x4
 480 000b 00       		.byte	0
 481 000c 0000     		.2byte	0
ARM GAS  C:\Users\JohnP\AppData\Local\Temp\ccHlscRS.s 			page 11


 482 000e 0000     		.2byte	0
 483 0010 00000000 		.4byte	.LFB0
 484 0014 50000000 		.4byte	.LFE0-.LFB0
 485 0018 00000000 		.4byte	0
 486 001c 00000000 		.4byte	0
 487              		.section	.debug_ranges,"",%progbits
 488              	.Ldebug_ranges0:
 489 0000 00000000 		.4byte	.LFB0
 490 0004 50000000 		.4byte	.LFE0
 491 0008 00000000 		.4byte	0
 492 000c 00000000 		.4byte	0
 493              		.section	.debug_line,"",%progbits
 494              	.Ldebug_line0:
 495 0000 94000000 		.section	.debug_str,"MS",%progbits,1
 495      02007800 
 495      00000201 
 495      FB0E0D00 
 495      01010101 
 496              	.LASF21:
 497 0000 63757272 		.ascii	"currentState\000"
 497      656E7453 
 497      74617465 
 497      00
 498              	.LASF22:
 499 000d 50726576 		.ascii	"Prev_state\000"
 499      5F737461 
 499      746500
 500              	.LASF3:
 501 0018 73686F72 		.ascii	"short unsigned int\000"
 501      7420756E 
 501      7369676E 
 501      65642069 
 501      6E7400
 502              	.LASF26:
 503 002b 43617053 		.ascii	"CapSense_IsrCH0_ISR\000"
 503      656E7365 
 503      5F497372 
 503      4348305F 
 503      49535200 
 504              	.LASF19:
 505 003f 74696D65 		.ascii	"timer_status\000"
 505      725F7374 
 505      61747573 
 505      00
 506              	.LASF29:
 507 004c 43617053 		.ascii	"CapSense_PreScan\000"
 507      656E7365 
 507      5F507265 
 507      5363616E 
 507      00
 508              	.LASF18:
 509 005d 68656172 		.ascii	"heartbeatCounter\000"
 509      74626561 
 509      74436F75 
 509      6E746572 
 509      00
 510              	.LASF9:
ARM GAS  C:\Users\JohnP\AppData\Local\Temp\ccHlscRS.s 			page 12


 511 006e 666C6F61 		.ascii	"float\000"
 511      7400
 512              	.LASF15:
 513 0074 43617053 		.ascii	"CapSense_csv\000"
 513      656E7365 
 513      5F637376 
 513      00
 514              	.LASF1:
 515 0081 756E7369 		.ascii	"unsigned char\000"
 515      676E6564 
 515      20636861 
 515      7200
 516              	.LASF28:
 517 008f 43617053 		.ascii	"CapSense_FindNextSensor\000"
 517      656E7365 
 517      5F46696E 
 517      644E6578 
 517      7453656E 
 518              	.LASF25:
 519 00a7 433A5C72 		.ascii	"C:\\repositories\\embedded\\trunk\\terminalOutput\\"
 519      65706F73 
 519      69746F72 
 519      6965735C 
 519      656D6265 
 520 00d5 43453439 		.ascii	"CE4920Project1\\Design01.cydsn\000"
 520      32305072 
 520      6F6A6563 
 520      74315C44 
 520      65736967 
 521              	.LASF5:
 522 00f3 6C6F6E67 		.ascii	"long unsigned int\000"
 522      20756E73 
 522      69676E65 
 522      6420696E 
 522      7400
 523              	.LASF14:
 524 0105 53544154 		.ascii	"STATE\000"
 524      4500
 525              	.LASF13:
 526 010b 75696E74 		.ascii	"uint8\000"
 526      3800
 527              	.LASF10:
 528 0111 646F7562 		.ascii	"double\000"
 528      6C6500
 529              	.LASF17:
 530 0118 68656172 		.ascii	"heartrate\000"
 530      74726174 
 530      6500
 531              	.LASF20:
 532 0122 74696D65 		.ascii	"timer_value\000"
 532      725F7661 
 532      6C756500 
 533              	.LASF24:
 534 012e 2E5C4765 		.ascii	".\\Generated_Source\\PSoC5\\CapSense_INT.c\000"
 534      6E657261 
 534      7465645F 
 534      536F7572 
ARM GAS  C:\Users\JohnP\AppData\Local\Temp\ccHlscRS.s 			page 13


 534      63655C50 
 535              	.LASF8:
 536 0156 756E7369 		.ascii	"unsigned int\000"
 536      676E6564 
 536      20696E74 
 536      00
 537              	.LASF7:
 538 0163 6C6F6E67 		.ascii	"long long unsigned int\000"
 538      206C6F6E 
 538      6720756E 
 538      7369676E 
 538      65642069 
 539              	.LASF16:
 540 017a 43617053 		.ascii	"CapSense_sensorIndex\000"
 540      656E7365 
 540      5F73656E 
 540      736F7249 
 540      6E646578 
 541              	.LASF23:
 542 018f 474E5520 		.ascii	"GNU C 4.8.4 20140526 (release) [ARM/embedded-4_8-br"
 542      4320342E 
 542      382E3420 
 542      32303134 
 542      30353236 
 543 01c2 616E6368 		.ascii	"anch revision 211358] -mcpu=cortex-m3 -mthumb -g -O"
 543      20726576 
 543      6973696F 
 543      6E203231 
 543      31333538 
 544 01f5 67202D66 		.ascii	"g -ffunction-sections\000"
 544      66756E63 
 544      74696F6E 
 544      2D736563 
 544      74696F6E 
 545              	.LASF12:
 546 020b 73697A65 		.ascii	"sizetype\000"
 546      74797065 
 546      00
 547              	.LASF6:
 548 0214 6C6F6E67 		.ascii	"long long int\000"
 548      206C6F6E 
 548      6720696E 
 548      7400
 549              	.LASF11:
 550 0222 63686172 		.ascii	"char\000"
 550      00
 551              	.LASF2:
 552 0227 73686F72 		.ascii	"short int\000"
 552      7420696E 
 552      7400
 553              	.LASF4:
 554 0231 6C6F6E67 		.ascii	"long int\000"
 554      20696E74 
 554      00
 555              	.LASF0:
 556 023a 7369676E 		.ascii	"signed char\000"
 556      65642063 
ARM GAS  C:\Users\JohnP\AppData\Local\Temp\ccHlscRS.s 			page 14


 556      68617200 
 557              	.LASF27:
 558 0246 43617053 		.ascii	"CapSense_PostScan\000"
 558      656E7365 
 558      5F506F73 
 558      74536361 
 558      6E00
 559              		.ident	"GCC: (GNU Tools for ARM Embedded Processors) 4.8.4 20140526 (release) [ARM/embedded-4_8-br
