ARM GAS  C:\Users\JohnP\AppData\Local\Temp\cccpg0Dl.s 			page 1


   1              		.syntax unified
   2              		.cpu cortex-m3
   3              		.fpu softvfp
   4              		.eabi_attribute 20, 1
   5              		.eabi_attribute 21, 1
   6              		.eabi_attribute 23, 3
   7              		.eabi_attribute 24, 1
   8              		.eabi_attribute 25, 1
   9              		.eabi_attribute 26, 1
  10              		.eabi_attribute 30, 1
  11              		.eabi_attribute 34, 1
  12              		.eabi_attribute 18, 4
  13              		.thumb
  14              		.file	"cymetadata.c"
  15              		.text
  16              	.Ltext0:
  17              		.cfi_sections	.debug_frame
  18              		.global	cy_metadata
  19              		.global	cy_meta_flashprotect
  20              		.global	cy_meta_wonvl
  21              		.global	cy_meta_custnvl
  22              		.global	cy_meta_configecc
  23              		.section	.cyconfigecc,"a",%progbits
  24              		.align	2
  25              		.type	cy_meta_configecc, %object
  26              		.size	cy_meta_configecc, 1624
  27              	cy_meta_configecc:
  28 0000 01       		.byte	1
  29 0001 45       		.byte	69
  30 0002 00       		.byte	0
  31 0003 40       		.byte	64
  32 0004 05       		.byte	5
  33 0005 52       		.byte	82
  34 0006 00       		.byte	0
  35 0007 40       		.byte	64
  36 0008 02       		.byte	2
  37 0009 5A       		.byte	90
  38 000a 00       		.byte	0
  39 000b 40       		.byte	64
  40 000c 08       		.byte	8
  41 000d 64       		.byte	100
  42 000e 00       		.byte	0
  43 000f 40       		.byte	64
  44 0010 01       		.byte	1
  45 0011 65       		.byte	101
  46 0012 00       		.byte	0
  47 0013 40       		.byte	64
  48 0014 01       		.byte	1
  49 0015 01       		.byte	1
  50 0016 01       		.byte	1
  51 0017 40       		.byte	64
  52 0018 35       		.byte	53
  53 0019 02       		.byte	2
  54 001a 01       		.byte	1
  55 001b 40       		.byte	64
  56 001c 26       		.byte	38
  57 001d 03       		.byte	3
ARM GAS  C:\Users\JohnP\AppData\Local\Temp\cccpg0Dl.s 			page 2


  58 001e 01       		.byte	1
  59 001f 40       		.byte	64
  60 0020 53       		.byte	83
  61 0021 04       		.byte	4
  62 0022 01       		.byte	1
  63 0023 40       		.byte	64
  64 0024 39       		.byte	57
  65 0025 05       		.byte	5
  66 0026 01       		.byte	1
  67 0027 40       		.byte	64
  68 0028 59       		.byte	89
  69 0029 06       		.byte	6
  70 002a 01       		.byte	1
  71 002b 40       		.byte	64
  72 002c 3C       		.byte	60
  73 002d 07       		.byte	7
  74 002e 01       		.byte	1
  75 002f 40       		.byte	64
  76 0030 03       		.byte	3
  77 0031 09       		.byte	9
  78 0032 01       		.byte	1
  79 0033 40       		.byte	64
  80 0034 01       		.byte	1
  81 0035 0B       		.byte	11
  82 0036 01       		.byte	1
  83 0037 40       		.byte	64
  84 0038 02       		.byte	2
  85 0039 0D       		.byte	13
  86 003a 01       		.byte	1
  87 003b 40       		.byte	64
  88 003c 01       		.byte	1
  89 003d 0F       		.byte	15
  90 003e 01       		.byte	1
  91 003f 40       		.byte	64
  92 0040 41       		.byte	65
  93 0041 14       		.byte	20
  94 0042 01       		.byte	1
  95 0043 40       		.byte	64
  96 0044 22       		.byte	34
  97 0045 15       		.byte	21
  98 0046 01       		.byte	1
  99 0047 40       		.byte	64
 100 0048 44       		.byte	68
 101 0049 16       		.byte	22
 102 004a 01       		.byte	1
 103 004b 40       		.byte	64
 104 004c 25       		.byte	37
 105 004d 17       		.byte	23
 106 004e 01       		.byte	1
 107 004f 40       		.byte	64
 108 0050 03       		.byte	3
 109 0051 18       		.byte	24
 110 0052 01       		.byte	1
 111 0053 40       		.byte	64
 112 0054 03       		.byte	3
 113 0055 19       		.byte	25
 114 0056 01       		.byte	1
ARM GAS  C:\Users\JohnP\AppData\Local\Temp\cccpg0Dl.s 			page 3


 115 0057 40       		.byte	64
 116 0058 03       		.byte	3
 117 0059 1B       		.byte	27
 118 005a 01       		.byte	1
 119 005b 40       		.byte	64
 120 005c 08       		.byte	8
 121 005d 40       		.byte	64
 122 005e 01       		.byte	1
 123 005f 40       		.byte	64
 124 0060 09       		.byte	9
 125 0061 41       		.byte	65
 126 0062 01       		.byte	1
 127 0063 40       		.byte	64
 128 0064 06       		.byte	6
 129 0065 42       		.byte	66
 130 0066 01       		.byte	1
 131 0067 40       		.byte	64
 132 0068 02       		.byte	2
 133 0069 43       		.byte	67
 134 006a 01       		.byte	1
 135 006b 40       		.byte	64
 136 006c 0C       		.byte	12
 137 006d 44       		.byte	68
 138 006e 01       		.byte	1
 139 006f 40       		.byte	64
 140 0070 03       		.byte	3
 141 0071 45       		.byte	69
 142 0072 01       		.byte	1
 143 0073 40       		.byte	64
 144 0074 0C       		.byte	12
 145 0075 46       		.byte	70
 146 0076 01       		.byte	1
 147 0077 40       		.byte	64
 148 0078 0D       		.byte	13
 149 0079 47       		.byte	71
 150 007a 01       		.byte	1
 151 007b 40       		.byte	64
 152 007c 08       		.byte	8
 153 007d 48       		.byte	72
 154 007e 01       		.byte	1
 155 007f 40       		.byte	64
 156 0080 07       		.byte	7
 157 0081 49       		.byte	73
 158 0082 01       		.byte	1
 159 0083 40       		.byte	64
 160 0084 03       		.byte	3
 161 0085 4C       		.byte	76
 162 0086 01       		.byte	1
 163 0087 40       		.byte	64
 164 0088 07       		.byte	7
 165 0089 4D       		.byte	77
 166 008a 01       		.byte	1
 167 008b 40       		.byte	64
 168 008c 05       		.byte	5
 169 008d 50       		.byte	80
 170 008e 01       		.byte	1
 171 008f 40       		.byte	64
ARM GAS  C:\Users\JohnP\AppData\Local\Temp\cccpg0Dl.s 			page 4


 172 0090 03       		.byte	3
 173 0091 51       		.byte	81
 174 0092 01       		.byte	1
 175 0093 40       		.byte	64
 176 0094 7E       		.byte	126
 177 0095 02       		.byte	2
 178 0096 28       		.byte	40
 179 0097 70       		.byte	112
 180 0098 29       		.byte	41
 181 0099 7F       		.byte	127
 182 009a 2E       		.byte	46
 183 009b 7F       		.byte	127
 184 009c 31       		.byte	49
 185 009d 08       		.byte	8
 186 009e 7C       		.byte	124
 187 009f 40       		.byte	64
 188 00a0 0B       		.byte	11
 189 00a1 20       		.byte	32
 190 00a2 97       		.byte	-105
 191 00a3 01       		.byte	1
 192 00a4 02       		.byte	2
 193 00a5 FF       		.byte	-1
 194 00a6 04       		.byte	4
 195 00a7 FF       		.byte	-1
 196 00a8 05       		.byte	5
 197 00a9 FF       		.byte	-1
 198 00aa 12       		.byte	18
 199 00ab FF       		.byte	-1
 200 00ac 15       		.byte	21
 201 00ad FF       		.byte	-1
 202 00ae 22       		.byte	34
 203 00af FF       		.byte	-1
 204 00b0 25       		.byte	37
 205 00b1 FF       		.byte	-1
 206 00b2 85       		.byte	-123
 207 00b3 1F       		.byte	31
 208 00b4 87       		.byte	-121
 209 00b5 7F       		.byte	127
 210 00b6 8F       		.byte	-113
 211 00b7 80       		.byte	-128
 212 00b8 00       		.byte	0
 213 00b9 07       		.byte	7
 214 00ba 01       		.byte	1
 215 00bb 01       		.byte	1
 216 00bc 07       		.byte	7
 217 00bd 10       		.byte	16
 218 00be 08       		.byte	8
 219 00bf 10       		.byte	16
 220 00c0 0B       		.byte	11
 221 00c1 04       		.byte	4
 222 00c2 0C       		.byte	12
 223 00c3 07       		.byte	7
 224 00c4 12       		.byte	18
 225 00c5 08       		.byte	8
 226 00c6 14       		.byte	20
 227 00c7 04       		.byte	4
 228 00c8 18       		.byte	24
ARM GAS  C:\Users\JohnP\AppData\Local\Temp\cccpg0Dl.s 			page 5


 229 00c9 06       		.byte	6
 230 00ca 19       		.byte	25
 231 00cb 16       		.byte	22
 232 00cc 1A       		.byte	26
 233 00cd 01       		.byte	1
 234 00ce 1B       		.byte	27
 235 00cf 08       		.byte	8
 236 00d0 1C       		.byte	28
 237 00d1 20       		.byte	32
 238 00d2 1F       		.byte	31
 239 00d3 16       		.byte	22
 240 00d4 20       		.byte	32
 241 00d5 01       		.byte	1
 242 00d6 23       		.byte	35
 243 00d7 01       		.byte	1
 244 00d8 24       		.byte	36
 245 00d9 05       		.byte	5
 246 00da 26       		.byte	38
 247 00db 02       		.byte	2
 248 00dc 2C       		.byte	44
 249 00dd 03       		.byte	3
 250 00de 2E       		.byte	46
 251 00df 04       		.byte	4
 252 00e0 30       		.byte	48
 253 00e1 07       		.byte	7
 254 00e2 31       		.byte	49
 255 00e3 01       		.byte	1
 256 00e4 32       		.byte	50
 257 00e5 20       		.byte	32
 258 00e6 33       		.byte	51
 259 00e7 02       		.byte	2
 260 00e8 34       		.byte	52
 261 00e9 08       		.byte	8
 262 00ea 35       		.byte	53
 263 00eb 0C       		.byte	12
 264 00ec 36       		.byte	54
 265 00ed 10       		.byte	16
 266 00ee 37       		.byte	55
 267 00ef 10       		.byte	16
 268 00f0 3E       		.byte	62
 269 00f1 45       		.byte	69
 270 00f2 3F       		.byte	63
 271 00f3 55       		.byte	85
 272 00f4 40       		.byte	64
 273 00f5 43       		.byte	67
 274 00f6 41       		.byte	65
 275 00f7 02       		.byte	2
 276 00f8 45       		.byte	69
 277 00f9 02       		.byte	2
 278 00fa 46       		.byte	70
 279 00fb 60       		.byte	96
 280 00fc 48       		.byte	72
 281 00fd 09       		.byte	9
 282 00fe 56       		.byte	86
 283 00ff 08       		.byte	8
 284 0100 58       		.byte	88
 285 0101 04       		.byte	4
ARM GAS  C:\Users\JohnP\AppData\Local\Temp\cccpg0Dl.s 			page 6


 286 0102 59       		.byte	89
 287 0103 04       		.byte	4
 288 0104 5A       		.byte	90
 289 0105 04       		.byte	4
 290 0106 5B       		.byte	91
 291 0107 0C       		.byte	12
 292 0108 5F       		.byte	95
 293 0109 01       		.byte	1
 294 010a 61       		.byte	97
 295 010b 0C       		.byte	12
 296 010c 62       		.byte	98
 297 010d F0       		.byte	-16
 298 010e 63       		.byte	99
 299 010f 0C       		.byte	12
 300 0110 65       		.byte	101
 301 0111 0C       		.byte	12
 302 0112 67       		.byte	103
 303 0113 0C       		.byte	12
 304 0114 68       		.byte	104
 305 0115 40       		.byte	64
 306 0116 69       		.byte	105
 307 0117 4C       		.byte	76
 308 0118 6A       		.byte	106
 309 0119 40       		.byte	64
 310 011a 6B       		.byte	107
 311 011b 4C       		.byte	76
 312 011c 6C       		.byte	108
 313 011d 90       		.byte	-112
 314 011e 6D       		.byte	109
 315 011f 58       		.byte	88
 316 0120 6F       		.byte	111
 317 0121 0C       		.byte	12
 318 0122 04       		.byte	4
 319 0123 90       		.byte	-112
 320 0124 05       		.byte	5
 321 0125 01       		.byte	1
 322 0126 0D       		.byte	13
 323 0127 08       		.byte	8
 324 0128 0E       		.byte	14
 325 0129 48       		.byte	72
 326 012a 0F       		.byte	15
 327 012b 01       		.byte	1
 328 012c 14       		.byte	20
 329 012d 80       		.byte	-128
 330 012e 15       		.byte	21
 331 012f 40       		.byte	64
 332 0130 16       		.byte	22
 333 0131 80       		.byte	-128
 334 0132 17       		.byte	23
 335 0133 04       		.byte	4
 336 0134 1C       		.byte	28
 337 0135 10       		.byte	16
 338 0136 1E       		.byte	30
 339 0137 48       		.byte	72
 340 0138 1F       		.byte	31
 341 0139 80       		.byte	-128
 342 013a 27       		.byte	39
ARM GAS  C:\Users\JohnP\AppData\Local\Temp\cccpg0Dl.s 			page 7


 343 013b 6A       		.byte	106
 344 013c 2F       		.byte	47
 345 013d 40       		.byte	64
 346 013e 36       		.byte	54
 347 013f 20       		.byte	32
 348 0140 37       		.byte	55
 349 0141 40       		.byte	64
 350 0142 3F       		.byte	63
 351 0143 29       		.byte	41
 352 0144 47       		.byte	71
 353 0145 2A       		.byte	42
 354 0146 4F       		.byte	79
 355 0147 08       		.byte	8
 356 0148 57       		.byte	87
 357 0149 10       		.byte	16
 358 014a 5C       		.byte	92
 359 014b 40       		.byte	64
 360 014c 67       		.byte	103
 361 014d 01       		.byte	1
 362 014e 7C       		.byte	124
 363 014f 80       		.byte	-128
 364 0150 8D       		.byte	-115
 365 0151 01       		.byte	1
 366 0152 A7       		.byte	-89
 367 0153 80       		.byte	-128
 368 0154 C0       		.byte	-64
 369 0155 D0       		.byte	-48
 370 0156 C2       		.byte	-62
 371 0157 F0       		.byte	-16
 372 0158 C4       		.byte	-60
 373 0159 B0       		.byte	-80
 374 015a CA       		.byte	-54
 375 015b 80       		.byte	-128
 376 015c CC       		.byte	-52
 377 015d 30       		.byte	48
 378 015e CE       		.byte	-50
 379 015f E0       		.byte	-32
 380 0160 D0       		.byte	-48
 381 0161 E0       		.byte	-32
 382 0162 D6       		.byte	-42
 383 0163 10       		.byte	16
 384 0164 D8       		.byte	-40
 385 0165 10       		.byte	16
 386 0166 DE       		.byte	-34
 387 0167 10       		.byte	16
 388 0168 E6       		.byte	-26
 389 0169 40       		.byte	64
 390 016a EA       		.byte	-22
 391 016b 04       		.byte	4
 392 016c EE       		.byte	-18
 393 016d 04       		.byte	4
 394 016e 02       		.byte	2
 395 016f 01       		.byte	1
 396 0170 05       		.byte	5
 397 0171 01       		.byte	1
 398 0172 14       		.byte	20
 399 0173 04       		.byte	4
ARM GAS  C:\Users\JohnP\AppData\Local\Temp\cccpg0Dl.s 			page 8


 400 0174 1A       		.byte	26
 401 0175 06       		.byte	6
 402 0176 25       		.byte	37
 403 0177 01       		.byte	1
 404 0178 2E       		.byte	46
 405 0179 08       		.byte	8
 406 017a 30       		.byte	48
 407 017b 04       		.byte	4
 408 017c 31       		.byte	49
 409 017d 01       		.byte	1
 410 017e 32       		.byte	50
 411 017f 02       		.byte	2
 412 0180 34       		.byte	52
 413 0181 08       		.byte	8
 414 0182 36       		.byte	54
 415 0183 01       		.byte	1
 416 0184 39       		.byte	57
 417 0185 02       		.byte	2
 418 0186 3E       		.byte	62
 419 0187 01       		.byte	1
 420 0188 3F       		.byte	63
 421 0189 01       		.byte	1
 422 018a 40       		.byte	64
 423 018b 12       		.byte	18
 424 018c 45       		.byte	69
 425 018d 05       		.byte	5
 426 018e 46       		.byte	70
 427 018f 02       		.byte	2
 428 0190 47       		.byte	71
 429 0191 04       		.byte	4
 430 0192 48       		.byte	72
 431 0193 15       		.byte	21
 432 0194 49       		.byte	73
 433 0195 FF       		.byte	-1
 434 0196 4A       		.byte	74
 435 0197 FF       		.byte	-1
 436 0198 4B       		.byte	75
 437 0199 FF       		.byte	-1
 438 019a 4C       		.byte	76
 439 019b 02       		.byte	2
 440 019c 4D       		.byte	77
 441 019d 20       		.byte	32
 442 019e 4F       		.byte	79
 443 019f 05       		.byte	5
 444 01a0 51       		.byte	81
 445 01a1 10       		.byte	16
 446 01a2 58       		.byte	88
 447 01a3 04       		.byte	4
 448 01a4 59       		.byte	89
 449 01a5 04       		.byte	4
 450 01a6 5A       		.byte	90
 451 01a7 04       		.byte	4
 452 01a8 5F       		.byte	95
 453 01a9 01       		.byte	1
 454 01aa 60       		.byte	96
 455 01ab 40       		.byte	64
 456 01ac 61       		.byte	97
ARM GAS  C:\Users\JohnP\AppData\Local\Temp\cccpg0Dl.s 			page 9


 457 01ad 40       		.byte	64
 458 01ae 62       		.byte	98
 459 01af 80       		.byte	-128
 460 01b0 64       		.byte	100
 461 01b1 80       		.byte	-128
 462 01b2 66       		.byte	102
 463 01b3 80       		.byte	-128
 464 01b4 80       		.byte	-128
 465 01b5 04       		.byte	4
 466 01b6 86       		.byte	-122
 467 01b7 01       		.byte	1
 468 01b8 87       		.byte	-121
 469 01b9 05       		.byte	5
 470 01ba 8C       		.byte	-116
 471 01bb 04       		.byte	4
 472 01bc 8F       		.byte	-113
 473 01bd 01       		.byte	1
 474 01be 92       		.byte	-110
 475 01bf 02       		.byte	2
 476 01c0 99       		.byte	-103
 477 01c1 06       		.byte	6
 478 01c2 9A       		.byte	-102
 479 01c3 04       		.byte	4
 480 01c4 9B       		.byte	-101
 481 01c5 08       		.byte	8
 482 01c6 9C       		.byte	-100
 483 01c7 04       		.byte	4
 484 01c8 A2       		.byte	-94
 485 01c9 01       		.byte	1
 486 01ca A3       		.byte	-93
 487 01cb 06       		.byte	6
 488 01cc A4       		.byte	-92
 489 01cd 05       		.byte	5
 490 01ce AE       		.byte	-82
 491 01cf 04       		.byte	4
 492 01d0 B0       		.byte	-80
 493 01d1 04       		.byte	4
 494 01d2 B1       		.byte	-79
 495 01d3 01       		.byte	1
 496 01d4 B3       		.byte	-77
 497 01d5 01       		.byte	1
 498 01d6 B4       		.byte	-76
 499 01d7 01       		.byte	1
 500 01d8 B5       		.byte	-75
 501 01d9 0C       		.byte	12
 502 01da B6       		.byte	-74
 503 01db 02       		.byte	2
 504 01dc B7       		.byte	-73
 505 01dd 02       		.byte	2
 506 01de BE       		.byte	-66
 507 01df 11       		.byte	17
 508 01e0 BF       		.byte	-65
 509 01e1 55       		.byte	85
 510 01e2 C0       		.byte	-64
 511 01e3 23       		.byte	35
 512 01e4 C1       		.byte	-63
 513 01e5 04       		.byte	4
ARM GAS  C:\Users\JohnP\AppData\Local\Temp\cccpg0Dl.s 			page 10


 514 01e6 C5       		.byte	-59
 515 01e7 06       		.byte	6
 516 01e8 C6       		.byte	-58
 517 01e9 02       		.byte	2
 518 01ea C8       		.byte	-56
 519 01eb 05       		.byte	5
 520 01ec D6       		.byte	-42
 521 01ed 02       		.byte	2
 522 01ee D7       		.byte	-41
 523 01ef 12       		.byte	18
 524 01f0 D8       		.byte	-40
 525 01f1 04       		.byte	4
 526 01f2 D9       		.byte	-39
 527 01f3 04       		.byte	4
 528 01f4 DA       		.byte	-38
 529 01f5 04       		.byte	4
 530 01f6 DB       		.byte	-37
 531 01f7 04       		.byte	4
 532 01f8 DE       		.byte	-34
 533 01f9 08       		.byte	8
 534 01fa DF       		.byte	-33
 535 01fb 01       		.byte	1
 536 01fc E1       		.byte	-31
 537 01fd 0C       		.byte	12
 538 01fe E2       		.byte	-30
 539 01ff F0       		.byte	-16
 540 0200 E3       		.byte	-29
 541 0201 0C       		.byte	12
 542 0202 E5       		.byte	-27
 543 0203 0C       		.byte	12
 544 0204 E7       		.byte	-25
 545 0205 0C       		.byte	12
 546 0206 E8       		.byte	-24
 547 0207 40       		.byte	64
 548 0208 E9       		.byte	-23
 549 0209 4C       		.byte	76
 550 020a EA       		.byte	-22
 551 020b 40       		.byte	64
 552 020c EB       		.byte	-21
 553 020d 4C       		.byte	76
 554 020e EC       		.byte	-20
 555 020f 90       		.byte	-112
 556 0210 ED       		.byte	-19
 557 0211 58       		.byte	88
 558 0212 EF       		.byte	-17
 559 0213 0C       		.byte	12
 560 0214 01       		.byte	1
 561 0215 02       		.byte	2
 562 0216 04       		.byte	4
 563 0217 80       		.byte	-128
 564 0218 05       		.byte	5
 565 0219 01       		.byte	1
 566 021a 06       		.byte	6
 567 021b 20       		.byte	32
 568 021c 0A       		.byte	10
 569 021d 18       		.byte	24
 570 021e 0E       		.byte	14
ARM GAS  C:\Users\JohnP\AppData\Local\Temp\cccpg0Dl.s 			page 11


 571 021f 4A       		.byte	74
 572 0220 12       		.byte	18
 573 0221 02       		.byte	2
 574 0222 16       		.byte	22
 575 0223 40       		.byte	64
 576 0224 17       		.byte	23
 577 0225 44       		.byte	68
 578 0226 19       		.byte	25
 579 0227 82       		.byte	-126
 580 0228 1A       		.byte	26
 581 0229 18       		.byte	24
 582 022a 1D       		.byte	29
 583 022b 20       		.byte	32
 584 022c 1E       		.byte	30
 585 022d 42       		.byte	66
 586 022e 22       		.byte	34
 587 022f 02       		.byte	2
 588 0230 25       		.byte	37
 589 0231 08       		.byte	8
 590 0232 27       		.byte	39
 591 0233 89       		.byte	-119
 592 0234 29       		.byte	41
 593 0235 04       		.byte	4
 594 0236 2F       		.byte	47
 595 0237 40       		.byte	64
 596 0238 36       		.byte	54
 597 0239 20       		.byte	32
 598 023a 38       		.byte	56
 599 023b 08       		.byte	8
 600 023c 3F       		.byte	63
 601 023d 88       		.byte	-120
 602 023e 40       		.byte	64
 603 023f 04       		.byte	4
 604 0240 41       		.byte	65
 605 0241 40       		.byte	64
 606 0242 45       		.byte	69
 607 0243 20       		.byte	32
 608 0244 47       		.byte	71
 609 0245 09       		.byte	9
 610 0246 49       		.byte	73
 611 0247 04       		.byte	4
 612 0248 4F       		.byte	79
 613 0249 08       		.byte	8
 614 024a 50       		.byte	80
 615 024b 04       		.byte	4
 616 024c 51       		.byte	81
 617 024d 40       		.byte	64
 618 024e 56       		.byte	86
 619 024f 40       		.byte	64
 620 0250 57       		.byte	87
 621 0251 40       		.byte	64
 622 0252 5D       		.byte	93
 623 0253 04       		.byte	4
 624 0254 76       		.byte	118
 625 0255 80       		.byte	-128
 626 0256 77       		.byte	119
 627 0257 40       		.byte	64
ARM GAS  C:\Users\JohnP\AppData\Local\Temp\cccpg0Dl.s 			page 12


 628 0258 79       		.byte	121
 629 0259 40       		.byte	64
 630 025a 7A       		.byte	122
 631 025b 01       		.byte	1
 632 025c 7C       		.byte	124
 633 025d 04       		.byte	4
 634 025e 82       		.byte	-126
 635 025f 80       		.byte	-128
 636 0260 94       		.byte	-108
 637 0261 C0       		.byte	-64
 638 0262 95       		.byte	-107
 639 0263 40       		.byte	64
 640 0264 97       		.byte	-105
 641 0265 80       		.byte	-128
 642 0266 9D       		.byte	-99
 643 0267 01       		.byte	1
 644 0268 9E       		.byte	-98
 645 0269 80       		.byte	-128
 646 026a 9F       		.byte	-97
 647 026b 04       		.byte	4
 648 026c A2       		.byte	-94
 649 026d 04       		.byte	4
 650 026e A5       		.byte	-91
 651 026f 08       		.byte	8
 652 0270 A6       		.byte	-90
 653 0271 20       		.byte	32
 654 0272 C0       		.byte	-64
 655 0273 B8       		.byte	-72
 656 0274 C2       		.byte	-62
 657 0275 D6       		.byte	-42
 658 0276 C4       		.byte	-60
 659 0277 B1       		.byte	-79
 660 0278 CA       		.byte	-54
 661 0279 82       		.byte	-126
 662 027a CC       		.byte	-52
 663 027b 20       		.byte	32
 664 027c CE       		.byte	-50
 665 027d 52       		.byte	82
 666 027e D0       		.byte	-48
 667 027f EC       		.byte	-20
 668 0280 D6       		.byte	-42
 669 0281 40       		.byte	64
 670 0282 DE       		.byte	-34
 671 0283 40       		.byte	64
 672 0284 EA       		.byte	-22
 673 0285 02       		.byte	2
 674 0286 00       		.byte	0
 675 0287 0A       		.byte	10
 676 0288 02       		.byte	2
 677 0289 01       		.byte	1
 678 028a 08       		.byte	8
 679 028b 0B       		.byte	11
 680 028c 0C       		.byte	12
 681 028d 0B       		.byte	11
 682 028e 16       		.byte	22
 683 028f 04       		.byte	4
 684 0290 18       		.byte	24
ARM GAS  C:\Users\JohnP\AppData\Local\Temp\cccpg0Dl.s 			page 13


 685 0291 0B       		.byte	11
 686 0292 1C       		.byte	28
 687 0293 09       		.byte	9
 688 0294 1E       		.byte	30
 689 0295 12       		.byte	18
 690 0296 26       		.byte	38
 691 0297 09       		.byte	9
 692 0298 27       		.byte	39
 693 0299 01       		.byte	1
 694 029a 2C       		.byte	44
 695 029b 10       		.byte	16
 696 029c 2E       		.byte	46
 697 029d 02       		.byte	2
 698 029e 30       		.byte	48
 699 029f 04       		.byte	4
 700 02a0 32       		.byte	50
 701 02a1 03       		.byte	3
 702 02a2 34       		.byte	52
 703 02a3 08       		.byte	8
 704 02a4 35       		.byte	53
 705 02a5 01       		.byte	1
 706 02a6 36       		.byte	54
 707 02a7 10       		.byte	16
 708 02a8 3E       		.byte	62
 709 02a9 54       		.byte	84
 710 02aa 40       		.byte	64
 711 02ab 05       		.byte	5
 712 02ac 41       		.byte	65
 713 02ad 06       		.byte	6
 714 02ae 49       		.byte	73
 715 02af FF       		.byte	-1
 716 02b0 4A       		.byte	74
 717 02b1 FF       		.byte	-1
 718 02b2 4B       		.byte	75
 719 02b3 FF       		.byte	-1
 720 02b4 4C       		.byte	76
 721 02b5 02       		.byte	2
 722 02b6 4D       		.byte	77
 723 02b7 0C       		.byte	12
 724 02b8 4E       		.byte	78
 725 02b9 F8       		.byte	-8
 726 02ba 58       		.byte	88
 727 02bb 04       		.byte	4
 728 02bc 59       		.byte	89
 729 02bd 04       		.byte	4
 730 02be 5A       		.byte	90
 731 02bf 04       		.byte	4
 732 02c0 5F       		.byte	95
 733 02c1 01       		.byte	1
 734 02c2 62       		.byte	98
 735 02c3 48       		.byte	72
 736 02c4 63       		.byte	99
 737 02c5 A1       		.byte	-95
 738 02c6 68       		.byte	104
 739 02c7 F0       		.byte	-16
 740 02c8 6A       		.byte	106
 741 02c9 F0       		.byte	-16
ARM GAS  C:\Users\JohnP\AppData\Local\Temp\cccpg0Dl.s 			page 14


 742 02ca 6C       		.byte	108
 743 02cb F0       		.byte	-16
 744 02cc 6E       		.byte	110
 745 02cd F0       		.byte	-16
 746 02ce 84       		.byte	-124
 747 02cf 1C       		.byte	28
 748 02d0 87       		.byte	-121
 749 02d1 20       		.byte	32
 750 02d2 89       		.byte	-119
 751 02d3 02       		.byte	2
 752 02d4 8C       		.byte	-116
 753 02d5 0C       		.byte	12
 754 02d6 8D       		.byte	-115
 755 02d7 01       		.byte	1
 756 02d8 8E       		.byte	-114
 757 02d9 10       		.byte	16
 758 02da 8F       		.byte	-113
 759 02db 02       		.byte	2
 760 02dc 90       		.byte	-112
 761 02dd 14       		.byte	20
 762 02de 91       		.byte	-111
 763 02df 03       		.byte	3
 764 02e0 92       		.byte	-110
 765 02e1 08       		.byte	8
 766 02e2 93       		.byte	-109
 767 02e3 20       		.byte	32
 768 02e4 96       		.byte	-106
 769 02e5 02       		.byte	2
 770 02e6 97       		.byte	-105
 771 02e7 04       		.byte	4
 772 02e8 9B       		.byte	-101
 773 02e9 08       		.byte	8
 774 02ea 9D       		.byte	-99
 775 02eb 04       		.byte	4
 776 02ec 9F       		.byte	-97
 777 02ed 08       		.byte	8
 778 02ee A2       		.byte	-94
 779 02ef 01       		.byte	1
 780 02f0 A3       		.byte	-93
 781 02f1 10       		.byte	16
 782 02f2 A9       		.byte	-87
 783 02f3 02       		.byte	2
 784 02f4 AA       		.byte	-86
 785 02f5 10       		.byte	16
 786 02f6 AB       		.byte	-85
 787 02f7 01       		.byte	1
 788 02f8 AE       		.byte	-82
 789 02f9 0C       		.byte	12
 790 02fa B0       		.byte	-80
 791 02fb 01       		.byte	1
 792 02fc B1       		.byte	-79
 793 02fd 10       		.byte	16
 794 02fe B2       		.byte	-78
 795 02ff 04       		.byte	4
 796 0300 B3       		.byte	-77
 797 0301 0C       		.byte	12
 798 0302 B4       		.byte	-76
ARM GAS  C:\Users\JohnP\AppData\Local\Temp\cccpg0Dl.s 			page 15


 799 0303 02       		.byte	2
 800 0304 B5       		.byte	-75
 801 0305 20       		.byte	32
 802 0306 B6       		.byte	-74
 803 0307 18       		.byte	24
 804 0308 B7       		.byte	-73
 805 0309 03       		.byte	3
 806 030a BE       		.byte	-66
 807 030b 44       		.byte	68
 808 030c BF       		.byte	-65
 809 030d 54       		.byte	84
 810 030e C0       		.byte	-64
 811 030f 05       		.byte	5
 812 0310 C1       		.byte	-63
 813 0311 02       		.byte	2
 814 0312 C5       		.byte	-59
 815 0313 0A       		.byte	10
 816 0314 C9       		.byte	-55
 817 0315 FF       		.byte	-1
 818 0316 CA       		.byte	-54
 819 0317 FF       		.byte	-1
 820 0318 CB       		.byte	-53
 821 0319 FF       		.byte	-1
 822 031a CC       		.byte	-52
 823 031b 03       		.byte	3
 824 031c CD       		.byte	-51
 825 031d 0C       		.byte	12
 826 031e CE       		.byte	-50
 827 031f F4       		.byte	-12
 828 0320 D2       		.byte	-46
 829 0321 17       		.byte	23
 830 0322 D8       		.byte	-40
 831 0323 04       		.byte	4
 832 0324 D9       		.byte	-39
 833 0325 04       		.byte	4
 834 0326 DA       		.byte	-38
 835 0327 04       		.byte	4
 836 0328 DB       		.byte	-37
 837 0329 04       		.byte	4
 838 032a DF       		.byte	-33
 839 032b 01       		.byte	1
 840 032c E2       		.byte	-30
 841 032d 48       		.byte	72
 842 032e E3       		.byte	-29
 843 032f A1       		.byte	-95
 844 0330 E8       		.byte	-24
 845 0331 F0       		.byte	-16
 846 0332 EA       		.byte	-22
 847 0333 F0       		.byte	-16
 848 0334 EC       		.byte	-20
 849 0335 F0       		.byte	-16
 850 0336 EE       		.byte	-18
 851 0337 F0       		.byte	-16
 852 0338 00       		.byte	0
 853 0339 44       		.byte	68
 854 033a 04       		.byte	4
 855 033b 80       		.byte	-128
ARM GAS  C:\Users\JohnP\AppData\Local\Temp\cccpg0Dl.s 			page 16


 856 033c 05       		.byte	5
 857 033d 01       		.byte	1
 858 033e 07       		.byte	7
 859 033f 04       		.byte	4
 860 0340 09       		.byte	9
 861 0341 02       		.byte	2
 862 0342 0A       		.byte	10
 863 0343 20       		.byte	32
 864 0344 0E       		.byte	14
 865 0345 2A       		.byte	42
 866 0346 10       		.byte	16
 867 0347 0A       		.byte	10
 868 0348 13       		.byte	19
 869 0349 01       		.byte	1
 870 034a 17       		.byte	23
 871 034b 88       		.byte	-120
 872 034c 18       		.byte	24
 873 034d C4       		.byte	-60
 874 034e 19       		.byte	25
 875 034f 20       		.byte	32
 876 0350 1A       		.byte	26
 877 0351 20       		.byte	32
 878 0352 1B       		.byte	27
 879 0353 40       		.byte	64
 880 0354 1D       		.byte	29
 881 0355 01       		.byte	1
 882 0356 1E       		.byte	30
 883 0357 20       		.byte	32
 884 0358 1F       		.byte	31
 885 0359 60       		.byte	96
 886 035a 21       		.byte	33
 887 035b 02       		.byte	2
 888 035c 22       		.byte	34
 889 035d 08       		.byte	8
 890 035e 23       		.byte	35
 891 035f 09       		.byte	9
 892 0360 26       		.byte	38
 893 0361 20       		.byte	32
 894 0362 27       		.byte	39
 895 0363 04       		.byte	4
 896 0364 29       		.byte	41
 897 0365 20       		.byte	32
 898 0366 2B       		.byte	43
 899 0367 40       		.byte	64
 900 0368 2F       		.byte	47
 901 0369 20       		.byte	32
 902 036a 30       		.byte	48
 903 036b A0       		.byte	-96
 904 036c 31       		.byte	49
 905 036d 02       		.byte	2
 906 036e 32       		.byte	50
 907 036f 04       		.byte	4
 908 0370 38       		.byte	56
 909 0371 80       		.byte	-128
 910 0372 39       		.byte	57
 911 0373 14       		.byte	20
 912 0374 40       		.byte	64
ARM GAS  C:\Users\JohnP\AppData\Local\Temp\cccpg0Dl.s 			page 17


 913 0375 04       		.byte	4
 914 0376 48       		.byte	72
 915 0377 20       		.byte	32
 916 0378 49       		.byte	73
 917 0379 80       		.byte	-128
 918 037a 4D       		.byte	77
 919 037b A0       		.byte	-96
 920 037c 68       		.byte	104
 921 037d 0A       		.byte	10
 922 037e 69       		.byte	105
 923 037f 14       		.byte	20
 924 0380 70       		.byte	112
 925 0381 80       		.byte	-128
 926 0382 86       		.byte	-122
 927 0383 20       		.byte	32
 928 0384 87       		.byte	-121
 929 0385 40       		.byte	64
 930 0386 92       		.byte	-110
 931 0387 08       		.byte	8
 932 0388 94       		.byte	-108
 933 0389 84       		.byte	-124
 934 038a 97       		.byte	-105
 935 038b 80       		.byte	-128
 936 038c 99       		.byte	-103
 937 038d 80       		.byte	-128
 938 038e 9B       		.byte	-101
 939 038f 80       		.byte	-128
 940 0390 9D       		.byte	-99
 941 0391 01       		.byte	1
 942 0392 9E       		.byte	-98
 943 0393 20       		.byte	32
 944 0394 9F       		.byte	-97
 945 0395 04       		.byte	4
 946 0396 A2       		.byte	-94
 947 0397 05       		.byte	5
 948 0398 A6       		.byte	-90
 949 0399 A0       		.byte	-96
 950 039a B1       		.byte	-79
 951 039b 04       		.byte	4
 952 039c B4       		.byte	-76
 953 039d 40       		.byte	64
 954 039e C0       		.byte	-64
 955 039f D5       		.byte	-43
 956 03a0 C2       		.byte	-62
 957 03a1 EC       		.byte	-20
 958 03a2 C4       		.byte	-60
 959 03a3 AB       		.byte	-85
 960 03a4 CA       		.byte	-54
 961 03a5 45       		.byte	69
 962 03a6 CC       		.byte	-52
 963 03a7 0F       		.byte	15
 964 03a8 CE       		.byte	-50
 965 03a9 0E       		.byte	14
 966 03aa D0       		.byte	-48
 967 03ab 04       		.byte	4
 968 03ac D2       		.byte	-46
 969 03ad 38       		.byte	56
ARM GAS  C:\Users\JohnP\AppData\Local\Temp\cccpg0Dl.s 			page 18


 970 03ae EA       		.byte	-22
 971 03af 20       		.byte	32
 972 03b0 A4       		.byte	-92
 973 03b1 04       		.byte	4
 974 03b2 B0       		.byte	-80
 975 03b3 04       		.byte	4
 976 03b4 EA       		.byte	-22
 977 03b5 60       		.byte	96
 978 03b6 EA       		.byte	-22
 979 03b7 02       		.byte	2
 980 03b8 EA       		.byte	-22
 981 03b9 04       		.byte	4
 982 03ba EE       		.byte	-18
 983 03bb 04       		.byte	4
 984 03bc E0       		.byte	-32
 985 03bd 40       		.byte	64
 986 03be 0B       		.byte	11
 987 03bf 02       		.byte	2
 988 03c0 0E       		.byte	14
 989 03c1 01       		.byte	1
 990 03c2 0F       		.byte	15
 991 03c3 01       		.byte	1
 992 03c4 12       		.byte	18
 993 03c5 02       		.byte	2
 994 03c6 1A       		.byte	26
 995 03c7 08       		.byte	8
 996 03c8 1C       		.byte	28
 997 03c9 01       		.byte	1
 998 03ca 26       		.byte	38
 999 03cb 05       		.byte	5
 1000 03cc 30       		.byte	48
 1001 03cd 02       		.byte	2
 1002 03ce 32       		.byte	50
 1003 03cf 01       		.byte	1
 1004 03d0 34       		.byte	52
 1005 03d1 08       		.byte	8
 1006 03d2 35       		.byte	53
 1007 03d3 01       		.byte	1
 1008 03d4 36       		.byte	54
 1009 03d5 04       		.byte	4
 1010 03d6 37       		.byte	55
 1011 03d7 02       		.byte	2
 1012 03d8 3E       		.byte	62
 1013 03d9 15       		.byte	21
 1014 03da 3F       		.byte	63
 1015 03db 40       		.byte	64
 1016 03dc 40       		.byte	64
 1017 03dd 32       		.byte	50
 1018 03de 49       		.byte	73
 1019 03df FF       		.byte	-1
 1020 03e0 4A       		.byte	74
 1021 03e1 FF       		.byte	-1
 1022 03e2 4B       		.byte	75
 1023 03e3 FF       		.byte	-1
 1024 03e4 4D       		.byte	77
 1025 03e5 A0       		.byte	-96
 1026 03e6 4F       		.byte	79
ARM GAS  C:\Users\JohnP\AppData\Local\Temp\cccpg0Dl.s 			page 19


 1027 03e7 01       		.byte	1
 1028 03e8 50       		.byte	80
 1029 03e9 18       		.byte	24
 1030 03ea 52       		.byte	82
 1031 03eb 80       		.byte	-128
 1032 03ec 58       		.byte	88
 1033 03ed 04       		.byte	4
 1034 03ee 59       		.byte	89
 1035 03ef 04       		.byte	4
 1036 03f0 5A       		.byte	90
 1037 03f1 04       		.byte	4
 1038 03f2 5B       		.byte	91
 1039 03f3 04       		.byte	4
 1040 03f4 5C       		.byte	92
 1041 03f5 99       		.byte	-103
 1042 03f6 5D       		.byte	93
 1043 03f7 99       		.byte	-103
 1044 03f8 5F       		.byte	95
 1045 03f9 01       		.byte	1
 1046 03fa 60       		.byte	96
 1047 03fb 40       		.byte	64
 1048 03fc 62       		.byte	98
 1049 03fd 80       		.byte	-128
 1050 03fe 64       		.byte	100
 1051 03ff 40       		.byte	64
 1052 0400 65       		.byte	101
 1053 0401 40       		.byte	64
 1054 0402 66       		.byte	102
 1055 0403 80       		.byte	-128
 1056 0404 68       		.byte	104
 1057 0405 40       		.byte	64
 1058 0406 6A       		.byte	106
 1059 0407 50       		.byte	80
 1060 0408 6B       		.byte	107
 1061 0409 A8       		.byte	-88
 1062 040a 6C       		.byte	108
 1063 040b 40       		.byte	64
 1064 040c 6D       		.byte	109
 1065 040d 20       		.byte	32
 1066 040e 6E       		.byte	110
 1067 040f 50       		.byte	80
 1068 0410 6F       		.byte	111
 1069 0411 A8       		.byte	-88
 1070 0412 C0       		.byte	-64
 1071 0413 36       		.byte	54
 1072 0414 C9       		.byte	-55
 1073 0415 FF       		.byte	-1
 1074 0416 CA       		.byte	-54
 1075 0417 FF       		.byte	-1
 1076 0418 CB       		.byte	-53
 1077 0419 FF       		.byte	-1
 1078 041a CD       		.byte	-51
 1079 041b AF       		.byte	-81
 1080 041c CE       		.byte	-50
 1081 041d 07       		.byte	7
 1082 041e CF       		.byte	-49
 1083 041f 01       		.byte	1
ARM GAS  C:\Users\JohnP\AppData\Local\Temp\cccpg0Dl.s 			page 20


 1084 0420 D0       		.byte	-48
 1085 0421 18       		.byte	24
 1086 0422 DA       		.byte	-38
 1087 0423 04       		.byte	4
 1088 0424 DD       		.byte	-35
 1089 0425 09       		.byte	9
 1090 0426 DF       		.byte	-33
 1091 0427 01       		.byte	1
 1092 0428 E0       		.byte	-32
 1093 0429 40       		.byte	64
 1094 042a E2       		.byte	-30
 1095 042b 80       		.byte	-128
 1096 042c E4       		.byte	-28
 1097 042d 40       		.byte	64
 1098 042e E5       		.byte	-27
 1099 042f 40       		.byte	64
 1100 0430 E6       		.byte	-26
 1101 0431 80       		.byte	-128
 1102 0432 E8       		.byte	-24
 1103 0433 40       		.byte	64
 1104 0434 EA       		.byte	-22
 1105 0435 50       		.byte	80
 1106 0436 EB       		.byte	-21
 1107 0437 A8       		.byte	-88
 1108 0438 EC       		.byte	-20
 1109 0439 40       		.byte	64
 1110 043a ED       		.byte	-19
 1111 043b 20       		.byte	32
 1112 043c EE       		.byte	-18
 1113 043d 50       		.byte	80
 1114 043e EF       		.byte	-17
 1115 043f A8       		.byte	-88
 1116 0440 00       		.byte	0
 1117 0441 40       		.byte	64
 1118 0442 09       		.byte	9
 1119 0443 20       		.byte	32
 1120 0444 0A       		.byte	10
 1121 0445 41       		.byte	65
 1122 0446 12       		.byte	18
 1123 0447 10       		.byte	16
 1124 0448 18       		.byte	24
 1125 0449 44       		.byte	68
 1126 044a 1A       		.byte	26
 1127 044b 19       		.byte	25
 1128 044c 21       		.byte	33
 1129 044d 20       		.byte	32
 1130 044e 22       		.byte	34
 1131 044f 90       		.byte	-112
 1132 0450 38       		.byte	56
 1133 0451 80       		.byte	-128
 1134 0452 39       		.byte	57
 1135 0453 20       		.byte	32
 1136 0454 40       		.byte	64
 1137 0455 04       		.byte	4
 1138 0456 42       		.byte	66
 1139 0457 10       		.byte	16
 1140 0458 43       		.byte	67
ARM GAS  C:\Users\JohnP\AppData\Local\Temp\cccpg0Dl.s 			page 21


 1141 0459 04       		.byte	4
 1142 045a 47       		.byte	71
 1143 045b 04       		.byte	4
 1144 045c 4E       		.byte	78
 1145 045d 04       		.byte	4
 1146 045e 72       		.byte	114
 1147 045f 40       		.byte	64
 1148 0460 90       		.byte	-112
 1149 0461 80       		.byte	-128
 1150 0462 91       		.byte	-111
 1151 0463 20       		.byte	32
 1152 0464 94       		.byte	-108
 1153 0465 04       		.byte	4
 1154 0466 96       		.byte	-106
 1155 0467 28       		.byte	40
 1156 0468 9A       		.byte	-102
 1157 0469 10       		.byte	16
 1158 046a 9F       		.byte	-97
 1159 046b 04       		.byte	4
 1160 046c A6       		.byte	-90
 1161 046d 80       		.byte	-128
 1162 046e AD       		.byte	-83
 1163 046f 10       		.byte	16
 1164 0470 B1       		.byte	-79
 1165 0471 80       		.byte	-128
 1166 0472 B2       		.byte	-78
 1167 0473 10       		.byte	16
 1168 0474 B5       		.byte	-75
 1169 0475 84       		.byte	-124
 1170 0476 C0       		.byte	-64
 1171 0477 01       		.byte	1
 1172 0478 C2       		.byte	-62
 1173 0479 0B       		.byte	11
 1174 047a C4       		.byte	-60
 1175 047b 04       		.byte	4
 1176 047c CE       		.byte	-50
 1177 047d 0C       		.byte	12
 1178 047e D0       		.byte	-48
 1179 047f 46       		.byte	70
 1180 0480 D2       		.byte	-46
 1181 0481 20       		.byte	32
 1182 0482 EC       		.byte	-20
 1183 0483 30       		.byte	48
 1184 0484 40       		.byte	64
 1185 0485 36       		.byte	54
 1186 0486 49       		.byte	73
 1187 0487 FF       		.byte	-1
 1188 0488 4A       		.byte	74
 1189 0489 FF       		.byte	-1
 1190 048a 4B       		.byte	75
 1191 048b FF       		.byte	-1
 1192 048c 4D       		.byte	77
 1193 048d AF       		.byte	-81
 1194 048e 4E       		.byte	78
 1195 048f 07       		.byte	7
 1196 0490 4F       		.byte	79
 1197 0491 01       		.byte	1
ARM GAS  C:\Users\JohnP\AppData\Local\Temp\cccpg0Dl.s 			page 22


 1198 0492 50       		.byte	80
 1199 0493 18       		.byte	24
 1200 0494 5A       		.byte	90
 1201 0495 04       		.byte	4
 1202 0496 5D       		.byte	93
 1203 0497 09       		.byte	9
 1204 0498 5F       		.byte	95
 1205 0499 01       		.byte	1
 1206 049a 60       		.byte	96
 1207 049b 40       		.byte	64
 1208 049c 62       		.byte	98
 1209 049d 80       		.byte	-128
 1210 049e 64       		.byte	100
 1211 049f 40       		.byte	64
 1212 04a0 65       		.byte	101
 1213 04a1 40       		.byte	64
 1214 04a2 66       		.byte	102
 1215 04a3 80       		.byte	-128
 1216 04a4 68       		.byte	104
 1217 04a5 40       		.byte	64
 1218 04a6 6A       		.byte	106
 1219 04a7 50       		.byte	80
 1220 04a8 6B       		.byte	107
 1221 04a9 A8       		.byte	-88
 1222 04aa 6C       		.byte	108
 1223 04ab 40       		.byte	64
 1224 04ac 6D       		.byte	109
 1225 04ad 20       		.byte	32
 1226 04ae 6E       		.byte	110
 1227 04af 50       		.byte	80
 1228 04b0 6F       		.byte	111
 1229 04b1 A8       		.byte	-88
 1230 04b2 84       		.byte	-124
 1231 04b3 04       		.byte	4
 1232 04b4 8E       		.byte	-114
 1233 04b5 06       		.byte	6
 1234 04b6 8F       		.byte	-113
 1235 04b7 02       		.byte	2
 1236 04b8 99       		.byte	-103
 1237 04b9 02       		.byte	2
 1238 04ba A6       		.byte	-90
 1239 04bb 01       		.byte	1
 1240 04bc AF       		.byte	-81
 1241 04bd 01       		.byte	1
 1242 04be B0       		.byte	-80
 1243 04bf 04       		.byte	4
 1244 04c0 B1       		.byte	-79
 1245 04c1 02       		.byte	2
 1246 04c2 B4       		.byte	-76
 1247 04c3 02       		.byte	2
 1248 04c4 B5       		.byte	-75
 1249 04c5 01       		.byte	1
 1250 04c6 B6       		.byte	-74
 1251 04c7 01       		.byte	1
 1252 04c8 BE       		.byte	-66
 1253 04c9 51       		.byte	81
 1254 04ca BF       		.byte	-65
ARM GAS  C:\Users\JohnP\AppData\Local\Temp\cccpg0Dl.s 			page 23


 1255 04cb 01       		.byte	1
 1256 04cc C0       		.byte	-64
 1257 04cd 32       		.byte	50
 1258 04ce C5       		.byte	-59
 1259 04cf 02       		.byte	2
 1260 04d0 C6       		.byte	-58
 1261 04d1 C5       		.byte	-59
 1262 04d2 C7       		.byte	-57
 1263 04d3 0E       		.byte	14
 1264 04d4 C8       		.byte	-56
 1265 04d5 1D       		.byte	29
 1266 04d6 C9       		.byte	-55
 1267 04d7 FF       		.byte	-1
 1268 04d8 CA       		.byte	-54
 1269 04d9 FF       		.byte	-1
 1270 04da CB       		.byte	-53
 1271 04db FF       		.byte	-1
 1272 04dc CD       		.byte	-51
 1273 04dd AF       		.byte	-81
 1274 04de CE       		.byte	-50
 1275 04df 07       		.byte	7
 1276 04e0 CF       		.byte	-49
 1277 04e1 01       		.byte	1
 1278 04e2 D0       		.byte	-48
 1279 04e3 18       		.byte	24
 1280 04e4 D4       		.byte	-44
 1281 04e5 1F       		.byte	31
 1282 04e6 D8       		.byte	-40
 1283 04e7 04       		.byte	4
 1284 04e8 D9       		.byte	-39
 1285 04e9 04       		.byte	4
 1286 04ea DA       		.byte	-38
 1287 04eb 04       		.byte	4
 1288 04ec DB       		.byte	-37
 1289 04ed 04       		.byte	4
 1290 04ee DC       		.byte	-36
 1291 04ef 99       		.byte	-103
 1292 04f0 DD       		.byte	-35
 1293 04f1 99       		.byte	-103
 1294 04f2 DF       		.byte	-33
 1295 04f3 01       		.byte	1
 1296 04f4 E0       		.byte	-32
 1297 04f5 40       		.byte	64
 1298 04f6 E2       		.byte	-30
 1299 04f7 80       		.byte	-128
 1300 04f8 E4       		.byte	-28
 1301 04f9 40       		.byte	64
 1302 04fa E5       		.byte	-27
 1303 04fb 40       		.byte	64
 1304 04fc E6       		.byte	-26
 1305 04fd 80       		.byte	-128
 1306 04fe E8       		.byte	-24
 1307 04ff 40       		.byte	64
 1308 0500 EA       		.byte	-22
 1309 0501 50       		.byte	80
 1310 0502 EB       		.byte	-21
 1311 0503 A8       		.byte	-88
ARM GAS  C:\Users\JohnP\AppData\Local\Temp\cccpg0Dl.s 			page 24


 1312 0504 EC       		.byte	-20
 1313 0505 40       		.byte	64
 1314 0506 ED       		.byte	-19
 1315 0507 20       		.byte	32
 1316 0508 EE       		.byte	-18
 1317 0509 50       		.byte	80
 1318 050a EF       		.byte	-17
 1319 050b A8       		.byte	-88
 1320 050c 00       		.byte	0
 1321 050d 08       		.byte	8
 1322 050e 01       		.byte	1
 1323 050f 80       		.byte	-128
 1324 0510 0A       		.byte	10
 1325 0511 04       		.byte	4
 1326 0512 10       		.byte	16
 1327 0513 30       		.byte	48
 1328 0514 19       		.byte	25
 1329 0515 82       		.byte	-126
 1330 0516 1A       		.byte	26
 1331 0517 04       		.byte	4
 1332 0518 20       		.byte	32
 1333 0519 08       		.byte	8
 1334 051a 23       		.byte	35
 1335 051b 80       		.byte	-128
 1336 051c 29       		.byte	41
 1337 051d 80       		.byte	-128
 1338 051e 32       		.byte	50
 1339 051f 10       		.byte	16
 1340 0520 38       		.byte	56
 1341 0521 80       		.byte	-128
 1342 0522 40       		.byte	64
 1343 0523 04       		.byte	4
 1344 0524 43       		.byte	67
 1345 0525 04       		.byte	4
 1346 0526 47       		.byte	71
 1347 0527 04       		.byte	4
 1348 0528 48       		.byte	72
 1349 0529 20       		.byte	32
 1350 052a 4E       		.byte	78
 1351 052b 04       		.byte	4
 1352 052c 50       		.byte	80
 1353 052d 40       		.byte	64
 1354 052e 51       		.byte	81
 1355 052f 08       		.byte	8
 1356 0530 52       		.byte	82
 1357 0531 20       		.byte	32
 1358 0532 58       		.byte	88
 1359 0533 10       		.byte	16
 1360 0534 59       		.byte	89
 1361 0535 06       		.byte	6
 1362 0536 5B       		.byte	91
 1363 0537 80       		.byte	-128
 1364 0538 61       		.byte	97
 1365 0539 88       		.byte	-120
 1366 053a 62       		.byte	98
 1367 053b 20       		.byte	32
 1368 053c A6       		.byte	-90
ARM GAS  C:\Users\JohnP\AppData\Local\Temp\cccpg0Dl.s 			page 25


 1369 053d 80       		.byte	-128
 1370 053e AA       		.byte	-86
 1371 053f 08       		.byte	8
 1372 0540 C0       		.byte	-64
 1373 0541 05       		.byte	5
 1374 0542 C2       		.byte	-62
 1375 0543 02       		.byte	2
 1376 0544 C4       		.byte	-60
 1377 0545 04       		.byte	4
 1378 0546 CA       		.byte	-54
 1379 0547 08       		.byte	8
 1380 0548 CC       		.byte	-52
 1381 0549 04       		.byte	4
 1382 054a CE       		.byte	-50
 1383 054b 08       		.byte	8
 1384 054c D0       		.byte	-48
 1385 054d 46       		.byte	70
 1386 054e D2       		.byte	-46
 1387 054f 20       		.byte	32
 1388 0550 D6       		.byte	-42
 1389 0551 0F       		.byte	15
 1390 0552 D8       		.byte	-40
 1391 0553 0E       		.byte	14
 1392 0554 EA       		.byte	-22
 1393 0555 02       		.byte	2
 1394 0556 BF       		.byte	-65
 1395 0557 10       		.byte	16
 1396 0558 D9       		.byte	-39
 1397 0559 04       		.byte	4
 1398 055a DF       		.byte	-33
 1399 055b 01       		.byte	1
 1400 055c 20       		.byte	32
 1401 055d 08       		.byte	8
 1402 055e A4       		.byte	-92
 1403 055f 04       		.byte	4
 1404 0560 EA       		.byte	-22
 1405 0561 02       		.byte	2
 1406 0562 B0       		.byte	-80
 1407 0563 04       		.byte	4
 1408 0564 EA       		.byte	-22
 1409 0565 20       		.byte	32
 1410 0566 EC       		.byte	-20
 1411 0567 10       		.byte	16
 1412 0568 33       		.byte	51
 1413 0569 21       		.byte	33
 1414 056a 35       		.byte	53
 1415 056b 80       		.byte	-128
 1416 056c 36       		.byte	54
 1417 056d 08       		.byte	8
 1418 056e 39       		.byte	57
 1419 056f 02       		.byte	2
 1420 0570 3A       		.byte	58
 1421 0571 80       		.byte	-128
 1422 0572 3D       		.byte	61
 1423 0573 40       		.byte	64
 1424 0574 CC       		.byte	-52
 1425 0575 F0       		.byte	-16
ARM GAS  C:\Users\JohnP\AppData\Local\Temp\cccpg0Dl.s 			page 26


 1426 0576 CE       		.byte	-50
 1427 0577 70       		.byte	112
 1428 0578 8D       		.byte	-115
 1429 0579 80       		.byte	-128
 1430 057a 95       		.byte	-107
 1431 057b 42       		.byte	66
 1432 057c 9D       		.byte	-99
 1433 057d 80       		.byte	-128
 1434 057e 9E       		.byte	-98
 1435 057f 80       		.byte	-128
 1436 0580 9F       		.byte	-97
 1437 0581 01       		.byte	1
 1438 0582 AA       		.byte	-86
 1439 0583 08       		.byte	8
 1440 0584 AB       		.byte	-85
 1441 0585 20       		.byte	32
 1442 0586 EA       		.byte	-22
 1443 0587 20       		.byte	32
 1444 0588 EE       		.byte	-18
 1445 0589 20       		.byte	32
 1446 058a 81       		.byte	-127
 1447 058b 40       		.byte	64
 1448 058c 95       		.byte	-107
 1449 058d 42       		.byte	66
 1450 058e 9F       		.byte	-97
 1451 058f 01       		.byte	1
 1452 0590 AE       		.byte	-82
 1453 0591 80       		.byte	-128
 1454 0592 E6       		.byte	-26
 1455 0593 20       		.byte	32
 1456 0594 EA       		.byte	-22
 1457 0595 40       		.byte	64
 1458 0596 9F       		.byte	-97
 1459 0597 01       		.byte	1
 1460 0598 B1       		.byte	-79
 1461 0599 01       		.byte	1
 1462 059a 29       		.byte	41
 1463 059b 10       		.byte	16
 1464 059c 2B       		.byte	43
 1465 059d 04       		.byte	4
 1466 059e 34       		.byte	52
 1467 059f 18       		.byte	24
 1468 05a0 39       		.byte	57
 1469 05a1 40       		.byte	64
 1470 05a2 59       		.byte	89
 1471 05a3 10       		.byte	16
 1472 05a4 78       		.byte	120
 1473 05a5 18       		.byte	24
 1474 05a6 8D       		.byte	-115
 1475 05a7 40       		.byte	64
 1476 05a8 CA       		.byte	-54
 1477 05a9 08       		.byte	8
 1478 05aa CC       		.byte	-52
 1479 05ab 05       		.byte	5
 1480 05ac CE       		.byte	-50
 1481 05ad 08       		.byte	8
 1482 05ae D4       		.byte	-44
ARM GAS  C:\Users\JohnP\AppData\Local\Temp\cccpg0Dl.s 			page 27


 1483 05af 01       		.byte	1
 1484 05b0 E0       		.byte	-32
 1485 05b1 02       		.byte	2
 1486 05b2 9C       		.byte	-100
 1487 05b3 10       		.byte	16
 1488 05b4 A7       		.byte	-89
 1489 05b5 40       		.byte	64
 1490 05b6 AB       		.byte	-85
 1491 05b7 44       		.byte	68
 1492 05b8 00       		.byte	0
 1493 05b9 40       		.byte	64
 1494 05ba 30       		.byte	48
 1495 05bb 20       		.byte	32
 1496 05bc 34       		.byte	52
 1497 05bd 12       		.byte	18
 1498 05be 3B       		.byte	59
 1499 05bf 40       		.byte	64
 1500 05c0 3F       		.byte	63
 1501 05c1 40       		.byte	64
 1502 05c2 97       		.byte	-105
 1503 05c3 04       		.byte	4
 1504 05c4 9C       		.byte	-100
 1505 05c5 10       		.byte	16
 1506 05c6 A7       		.byte	-89
 1507 05c7 40       		.byte	64
 1508 05c8 AF       		.byte	-81
 1509 05c9 04       		.byte	4
 1510 05ca C0       		.byte	-64
 1511 05cb 02       		.byte	2
 1512 05cc CC       		.byte	-52
 1513 05cd 0D       		.byte	13
 1514 05ce CE       		.byte	-50
 1515 05cf 0C       		.byte	12
 1516 05d0 09       		.byte	9
 1517 05d1 08       		.byte	8
 1518 05d2 0B       		.byte	11
 1519 05d3 04       		.byte	4
 1520 05d4 0F       		.byte	15
 1521 05d5 80       		.byte	-128
 1522 05d6 97       		.byte	-105
 1523 05d7 04       		.byte	4
 1524 05d8 98       		.byte	-104
 1525 05d9 10       		.byte	16
 1526 05da A4       		.byte	-92
 1527 05db 20       		.byte	32
 1528 05dc A7       		.byte	-89
 1529 05dd 40       		.byte	64
 1530 05de B0       		.byte	-80
 1531 05df 12       		.byte	18
 1532 05e0 B3       		.byte	-77
 1533 05e1 40       		.byte	64
 1534 05e2 B4       		.byte	-76
 1535 05e3 40       		.byte	64
 1536 05e4 C2       		.byte	-62
 1537 05e5 0E       		.byte	14
 1538 05e6 E8       		.byte	-24
 1539 05e7 04       		.byte	4
ARM GAS  C:\Users\JohnP\AppData\Local\Temp\cccpg0Dl.s 			page 28


 1540 05e8 EA       		.byte	-22
 1541 05e9 02       		.byte	2
 1542 05ea 21       		.byte	33
 1543 05eb 02       		.byte	2
 1544 05ec 24       		.byte	36
 1545 05ed 80       		.byte	-128
 1546 05ee 27       		.byte	39
 1547 05ef 80       		.byte	-128
 1548 05f0 A3       		.byte	-93
 1549 05f1 40       		.byte	64
 1550 05f2 AB       		.byte	-85
 1551 05f3 40       		.byte	64
 1552 05f4 AF       		.byte	-81
 1553 05f5 01       		.byte	1
 1554 05f6 C8       		.byte	-56
 1555 05f7 C0       		.byte	-64
 1556 05f8 EA       		.byte	-22
 1557 05f9 60       		.byte	96
 1558 05fa 7B       		.byte	123
 1559 05fb 40       		.byte	64
 1560 05fc A3       		.byte	-93
 1561 05fd 40       		.byte	64
 1562 05fe AF       		.byte	-81
 1563 05ff 80       		.byte	-128
 1564 0600 B1       		.byte	-79
 1565 0601 02       		.byte	2
 1566 0602 B4       		.byte	-76
 1567 0603 40       		.byte	64
 1568 0604 DE       		.byte	-34
 1569 0605 40       		.byte	64
 1570 0606 E8       		.byte	-24
 1571 0607 40       		.byte	64
 1572 0608 98       		.byte	-104
 1573 0609 10       		.byte	16
 1574 060a A4       		.byte	-92
 1575 060b 20       		.byte	32
 1576 060c AD       		.byte	-83
 1577 060d 08       		.byte	8
 1578 060e 58       		.byte	88
 1579 060f 10       		.byte	16
 1580 0610 64       		.byte	100
 1581 0611 10       		.byte	16
 1582 0612 98       		.byte	-104
 1583 0613 10       		.byte	16
 1584 0614 B4       		.byte	-76
 1585 0615 20       		.byte	32
 1586 0616 D4       		.byte	-44
 1587 0617 01       		.byte	1
 1588 0618 D8       		.byte	-40
 1589 0619 01       		.byte	1
 1590 061a EC       		.byte	-20
 1591 061b 08       		.byte	8
 1592 061c 00       		.byte	0
 1593 061d 01       		.byte	1
 1594 061e 08       		.byte	8
 1595 061f 01       		.byte	1
 1596 0620 0A       		.byte	10
ARM GAS  C:\Users\JohnP\AppData\Local\Temp\cccpg0Dl.s 			page 29


 1597 0621 01       		.byte	1
 1598 0622 11       		.byte	17
 1599 0623 01       		.byte	1
 1600 0624 1B       		.byte	27
 1601 0625 01       		.byte	1
 1602 0626 00       		.byte	0
 1603 0627 AF       		.byte	-81
 1604 0628 01       		.byte	1
 1605 0629 02       		.byte	2
 1606 062a 10       		.byte	16
 1607 062b 0A       		.byte	10
 1608 062c 00       		.byte	0
 1609 062d 00       		.byte	0
 1610 062e 00       		.byte	0
 1611 062f 00       		.byte	0
 1612 0630 00       		.byte	0
 1613 0631 00       		.byte	0
 1614 0632 00       		.byte	0
 1615 0633 00       		.byte	0
 1616 0634 C0       		.byte	-64
 1617 0635 00       		.byte	0
 1618 0636 00       		.byte	0
 1619 0637 00       		.byte	0
 1620 0638 00       		.byte	0
 1621 0639 7F       		.byte	127
 1622 063a 7F       		.byte	127
 1623 063b 00       		.byte	0
 1624 063c 00       		.byte	0
 1625 063d 00       		.byte	0
 1626 063e 00       		.byte	0
 1627 063f 00       		.byte	0
 1628 0640 00       		.byte	0
 1629 0641 00       		.byte	0
 1630 0642 00       		.byte	0
 1631 0643 00       		.byte	0
 1632 0644 00       		.byte	0
 1633 0645 00       		.byte	0
 1634 0646 02       		.byte	2
 1635 0647 00       		.byte	0
 1636 0648 00       		.byte	0
 1637 0649 00       		.byte	0
 1638 064a 7F       		.byte	127
 1639 064b 00       		.byte	0
 1640 064c 00       		.byte	0
 1641 064d 00       		.byte	0
 1642 064e 00       		.byte	0
 1643 064f 00       		.byte	0
 1644 0650 48       		.byte	72
 1645 0651 48       		.byte	72
 1646 0652 00       		.byte	0
 1647 0653 00       		.byte	0
 1648 0654 08       		.byte	8
 1649 0655 00       		.byte	0
 1650 0656 10       		.byte	16
 1651 0657 00       		.byte	0
 1652              		.section	.cywolatch,"a",%progbits
 1653              		.align	2
ARM GAS  C:\Users\JohnP\AppData\Local\Temp\cccpg0Dl.s 			page 30


 1654              		.type	cy_meta_wonvl, %object
 1655              		.size	cy_meta_wonvl, 4
 1656              	cy_meta_wonvl:
 1657 0000 BC       		.byte	-68
 1658 0001 90       		.byte	-112
 1659 0002 AC       		.byte	-84
 1660 0003 AF       		.byte	-81
 1661              		.section	.cycustnvl,"a",%progbits
 1662              		.align	2
 1663              		.type	cy_meta_custnvl, %object
 1664              		.size	cy_meta_custnvl, 4
 1665              	cy_meta_custnvl:
 1666 0000 00       		.byte	0
 1667 0001 00       		.byte	0
 1668 0002 40       		.byte	64
 1669 0003 05       		.byte	5
 1670              		.section	.cymeta,"a",%progbits
 1671              		.align	2
 1672              		.type	cy_metadata, %object
 1673              		.size	cy_metadata, 12
 1674              	cy_metadata:
 1675 0000 00       		.byte	0
 1676 0001 01       		.byte	1
 1677 0002 2E       		.byte	46
 1678 0003 12       		.byte	18
 1679 0004 30       		.byte	48
 1680 0005 69       		.byte	105
 1681 0006 00       		.byte	0
 1682 0007 01       		.byte	1
 1683 0008 00       		.byte	0
 1684 0009 00       		.byte	0
 1685 000a 00       		.byte	0
 1686 000b 00       		.byte	0
 1687              		.section	.cyflashprotect,"a",%progbits
 1688              		.align	2
 1689              		.type	cy_meta_flashprotect, %object
 1690              		.size	cy_meta_flashprotect, 256
 1691              	cy_meta_flashprotect:
 1692 0000 00000000 		.space	256
 1692      00000000 
 1692      00000000 
 1692      00000000 
 1692      00000000 
 1693              		.text
 1694              	.Letext0:
 1695              		.file 1 ".\\Generated_Source\\PSoC5\\cymetadata.c"
 1696              		.file 2 ".\\Generated_Source\\PSoC5\\cytypes.h"
 1697              		.section	.debug_info,"",%progbits
 1698              	.Ldebug_info0:
 1699 0000 38010000 		.4byte	0x138
 1700 0004 0400     		.2byte	0x4
 1701 0006 00000000 		.4byte	.Ldebug_abbrev0
 1702 000a 04       		.byte	0x4
 1703 000b 01       		.uleb128 0x1
 1704 000c 27010000 		.4byte	.LASF18
 1705 0010 01       		.byte	0x1
 1706 0011 00000000 		.4byte	.LASF19
ARM GAS  C:\Users\JohnP\AppData\Local\Temp\cccpg0Dl.s 			page 31


 1707 0015 46000000 		.4byte	.LASF20
 1708 0019 00000000 		.4byte	.Ldebug_line0
 1709 001d 02       		.uleb128 0x2
 1710 001e 01       		.byte	0x1
 1711 001f 06       		.byte	0x6
 1712 0020 D8010000 		.4byte	.LASF0
 1713 0024 02       		.uleb128 0x2
 1714 0025 01       		.byte	0x1
 1715 0026 08       		.byte	0x8
 1716 0027 38000000 		.4byte	.LASF1
 1717 002b 02       		.uleb128 0x2
 1718 002c 02       		.byte	0x2
 1719 002d 05       		.byte	0x5
 1720 002e BF010000 		.4byte	.LASF2
 1721 0032 02       		.uleb128 0x2
 1722 0033 02       		.byte	0x2
 1723 0034 07       		.byte	0x7
 1724 0035 A4000000 		.4byte	.LASF3
 1725 0039 02       		.uleb128 0x2
 1726 003a 04       		.byte	0x4
 1727 003b 05       		.byte	0x5
 1728 003c CF010000 		.4byte	.LASF4
 1729 0040 02       		.uleb128 0x2
 1730 0041 04       		.byte	0x4
 1731 0042 07       		.byte	0x7
 1732 0043 92000000 		.4byte	.LASF5
 1733 0047 02       		.uleb128 0x2
 1734 0048 08       		.byte	0x8
 1735 0049 05       		.byte	0x5
 1736 004a AC010000 		.4byte	.LASF6
 1737 004e 02       		.uleb128 0x2
 1738 004f 08       		.byte	0x8
 1739 0050 07       		.byte	0x7
 1740 0051 ED000000 		.4byte	.LASF7
 1741 0055 03       		.uleb128 0x3
 1742 0056 04       		.byte	0x4
 1743 0057 05       		.byte	0x5
 1744 0058 696E7400 		.ascii	"int\000"
 1745 005c 02       		.uleb128 0x2
 1746 005d 04       		.byte	0x4
 1747 005e 07       		.byte	0x7
 1748 005f E0000000 		.4byte	.LASF8
 1749 0063 04       		.uleb128 0x4
 1750 0064 C9010000 		.4byte	.LASF21
 1751 0068 02       		.byte	0x2
 1752 0069 B4       		.byte	0xb4
 1753 006a 24000000 		.4byte	0x24
 1754 006e 02       		.uleb128 0x2
 1755 006f 04       		.byte	0x4
 1756 0070 04       		.byte	0x4
 1757 0071 32000000 		.4byte	.LASF9
 1758 0075 02       		.uleb128 0x2
 1759 0076 08       		.byte	0x8
 1760 0077 04       		.byte	0x4
 1761 0078 B7000000 		.4byte	.LASF10
 1762 007c 02       		.uleb128 0x2
 1763 007d 01       		.byte	0x1
ARM GAS  C:\Users\JohnP\AppData\Local\Temp\cccpg0Dl.s 			page 32


 1764 007e 08       		.byte	0x8
 1765 007f BA010000 		.4byte	.LASF11
 1766 0083 05       		.uleb128 0x5
 1767 0084 63000000 		.4byte	0x63
 1768 0088 94000000 		.4byte	0x94
 1769 008c 06       		.uleb128 0x6
 1770 008d 94000000 		.4byte	0x94
 1771 0091 5706     		.2byte	0x657
 1772 0093 00       		.byte	0
 1773 0094 02       		.uleb128 0x2
 1774 0095 04       		.byte	0x4
 1775 0096 07       		.byte	0x7
 1776 0097 A3010000 		.4byte	.LASF12
 1777 009b 07       		.uleb128 0x7
 1778 009c CE000000 		.4byte	.LASF13
 1779 00a0 01       		.byte	0x1
 1780 00a1 1C       		.byte	0x1c
 1781 00a2 AC000000 		.4byte	0xac
 1782 00a6 05       		.uleb128 0x5
 1783 00a7 03       		.byte	0x3
 1784 00a8 00000000 		.4byte	cy_meta_configecc
 1785 00ac 08       		.uleb128 0x8
 1786 00ad 83000000 		.4byte	0x83
 1787 00b1 05       		.uleb128 0x5
 1788 00b2 63000000 		.4byte	0x63
 1789 00b6 C1000000 		.4byte	0xc1
 1790 00ba 09       		.uleb128 0x9
 1791 00bb 94000000 		.4byte	0x94
 1792 00bf 03       		.byte	0x3
 1793 00c0 00       		.byte	0
 1794 00c1 07       		.uleb128 0x7
 1795 00c2 BE000000 		.4byte	.LASF14
 1796 00c6 01       		.byte	0x1
 1797 00c7 F1       		.byte	0xf1
 1798 00c8 D2000000 		.4byte	0xd2
 1799 00cc 05       		.uleb128 0x5
 1800 00cd 03       		.byte	0x3
 1801 00ce 00000000 		.4byte	cy_meta_custnvl
 1802 00d2 08       		.uleb128 0x8
 1803 00d3 B1000000 		.4byte	0xb1
 1804 00d7 07       		.uleb128 0x7
 1805 00d8 19010000 		.4byte	.LASF15
 1806 00dc 01       		.byte	0x1
 1807 00dd FC       		.byte	0xfc
 1808 00de E8000000 		.4byte	0xe8
 1809 00e2 05       		.uleb128 0x5
 1810 00e3 03       		.byte	0x3
 1811 00e4 00000000 		.4byte	cy_meta_wonvl
 1812 00e8 08       		.uleb128 0x8
 1813 00e9 B1000000 		.4byte	0xb1
 1814 00ed 05       		.uleb128 0x5
 1815 00ee 63000000 		.4byte	0x63
 1816 00f2 FD000000 		.4byte	0xfd
 1817 00f6 09       		.uleb128 0x9
 1818 00f7 94000000 		.4byte	0x94
 1819 00fb FF       		.byte	0xff
 1820 00fc 00       		.byte	0
ARM GAS  C:\Users\JohnP\AppData\Local\Temp\cccpg0Dl.s 			page 33


 1821 00fd 0A       		.uleb128 0xa
 1822 00fe 04010000 		.4byte	.LASF16
 1823 0102 01       		.byte	0x1
 1824 0103 0701     		.2byte	0x107
 1825 0105 0F010000 		.4byte	0x10f
 1826 0109 05       		.uleb128 0x5
 1827 010a 03       		.byte	0x3
 1828 010b 00000000 		.4byte	cy_meta_flashprotect
 1829 010f 08       		.uleb128 0x8
 1830 0110 ED000000 		.4byte	0xed
 1831 0114 05       		.uleb128 0x5
 1832 0115 63000000 		.4byte	0x63
 1833 0119 24010000 		.4byte	0x124
 1834 011d 09       		.uleb128 0x9
 1835 011e 94000000 		.4byte	0x94
 1836 0122 0B       		.byte	0xb
 1837 0123 00       		.byte	0
 1838 0124 0A       		.uleb128 0xa
 1839 0125 26000000 		.4byte	.LASF17
 1840 0129 01       		.byte	0x1
 1841 012a 3101     		.2byte	0x131
 1842 012c 36010000 		.4byte	0x136
 1843 0130 05       		.uleb128 0x5
 1844 0131 03       		.byte	0x3
 1845 0132 00000000 		.4byte	cy_metadata
 1846 0136 08       		.uleb128 0x8
 1847 0137 14010000 		.4byte	0x114
 1848 013b 00       		.byte	0
 1849              		.section	.debug_abbrev,"",%progbits
 1850              	.Ldebug_abbrev0:
 1851 0000 01       		.uleb128 0x1
 1852 0001 11       		.uleb128 0x11
 1853 0002 01       		.byte	0x1
 1854 0003 25       		.uleb128 0x25
 1855 0004 0E       		.uleb128 0xe
 1856 0005 13       		.uleb128 0x13
 1857 0006 0B       		.uleb128 0xb
 1858 0007 03       		.uleb128 0x3
 1859 0008 0E       		.uleb128 0xe
 1860 0009 1B       		.uleb128 0x1b
 1861 000a 0E       		.uleb128 0xe
 1862 000b 10       		.uleb128 0x10
 1863 000c 17       		.uleb128 0x17
 1864 000d 00       		.byte	0
 1865 000e 00       		.byte	0
 1866 000f 02       		.uleb128 0x2
 1867 0010 24       		.uleb128 0x24
 1868 0011 00       		.byte	0
 1869 0012 0B       		.uleb128 0xb
 1870 0013 0B       		.uleb128 0xb
 1871 0014 3E       		.uleb128 0x3e
 1872 0015 0B       		.uleb128 0xb
 1873 0016 03       		.uleb128 0x3
 1874 0017 0E       		.uleb128 0xe
 1875 0018 00       		.byte	0
 1876 0019 00       		.byte	0
 1877 001a 03       		.uleb128 0x3
ARM GAS  C:\Users\JohnP\AppData\Local\Temp\cccpg0Dl.s 			page 34


 1878 001b 24       		.uleb128 0x24
 1879 001c 00       		.byte	0
 1880 001d 0B       		.uleb128 0xb
 1881 001e 0B       		.uleb128 0xb
 1882 001f 3E       		.uleb128 0x3e
 1883 0020 0B       		.uleb128 0xb
 1884 0021 03       		.uleb128 0x3
 1885 0022 08       		.uleb128 0x8
 1886 0023 00       		.byte	0
 1887 0024 00       		.byte	0
 1888 0025 04       		.uleb128 0x4
 1889 0026 16       		.uleb128 0x16
 1890 0027 00       		.byte	0
 1891 0028 03       		.uleb128 0x3
 1892 0029 0E       		.uleb128 0xe
 1893 002a 3A       		.uleb128 0x3a
 1894 002b 0B       		.uleb128 0xb
 1895 002c 3B       		.uleb128 0x3b
 1896 002d 0B       		.uleb128 0xb
 1897 002e 49       		.uleb128 0x49
 1898 002f 13       		.uleb128 0x13
 1899 0030 00       		.byte	0
 1900 0031 00       		.byte	0
 1901 0032 05       		.uleb128 0x5
 1902 0033 01       		.uleb128 0x1
 1903 0034 01       		.byte	0x1
 1904 0035 49       		.uleb128 0x49
 1905 0036 13       		.uleb128 0x13
 1906 0037 01       		.uleb128 0x1
 1907 0038 13       		.uleb128 0x13
 1908 0039 00       		.byte	0
 1909 003a 00       		.byte	0
 1910 003b 06       		.uleb128 0x6
 1911 003c 21       		.uleb128 0x21
 1912 003d 00       		.byte	0
 1913 003e 49       		.uleb128 0x49
 1914 003f 13       		.uleb128 0x13
 1915 0040 2F       		.uleb128 0x2f
 1916 0041 05       		.uleb128 0x5
 1917 0042 00       		.byte	0
 1918 0043 00       		.byte	0
 1919 0044 07       		.uleb128 0x7
 1920 0045 34       		.uleb128 0x34
 1921 0046 00       		.byte	0
 1922 0047 03       		.uleb128 0x3
 1923 0048 0E       		.uleb128 0xe
 1924 0049 3A       		.uleb128 0x3a
 1925 004a 0B       		.uleb128 0xb
 1926 004b 3B       		.uleb128 0x3b
 1927 004c 0B       		.uleb128 0xb
 1928 004d 49       		.uleb128 0x49
 1929 004e 13       		.uleb128 0x13
 1930 004f 3F       		.uleb128 0x3f
 1931 0050 19       		.uleb128 0x19
 1932 0051 02       		.uleb128 0x2
 1933 0052 18       		.uleb128 0x18
 1934 0053 00       		.byte	0
ARM GAS  C:\Users\JohnP\AppData\Local\Temp\cccpg0Dl.s 			page 35


 1935 0054 00       		.byte	0
 1936 0055 08       		.uleb128 0x8
 1937 0056 26       		.uleb128 0x26
 1938 0057 00       		.byte	0
 1939 0058 49       		.uleb128 0x49
 1940 0059 13       		.uleb128 0x13
 1941 005a 00       		.byte	0
 1942 005b 00       		.byte	0
 1943 005c 09       		.uleb128 0x9
 1944 005d 21       		.uleb128 0x21
 1945 005e 00       		.byte	0
 1946 005f 49       		.uleb128 0x49
 1947 0060 13       		.uleb128 0x13
 1948 0061 2F       		.uleb128 0x2f
 1949 0062 0B       		.uleb128 0xb
 1950 0063 00       		.byte	0
 1951 0064 00       		.byte	0
 1952 0065 0A       		.uleb128 0xa
 1953 0066 34       		.uleb128 0x34
 1954 0067 00       		.byte	0
 1955 0068 03       		.uleb128 0x3
 1956 0069 0E       		.uleb128 0xe
 1957 006a 3A       		.uleb128 0x3a
 1958 006b 0B       		.uleb128 0xb
 1959 006c 3B       		.uleb128 0x3b
 1960 006d 05       		.uleb128 0x5
 1961 006e 49       		.uleb128 0x49
 1962 006f 13       		.uleb128 0x13
 1963 0070 3F       		.uleb128 0x3f
 1964 0071 19       		.uleb128 0x19
 1965 0072 02       		.uleb128 0x2
 1966 0073 18       		.uleb128 0x18
 1967 0074 00       		.byte	0
 1968 0075 00       		.byte	0
 1969 0076 00       		.byte	0
 1970              		.section	.debug_aranges,"",%progbits
 1971 0000 14000000 		.4byte	0x14
 1972 0004 0200     		.2byte	0x2
 1973 0006 00000000 		.4byte	.Ldebug_info0
 1974 000a 04       		.byte	0x4
 1975 000b 00       		.byte	0
 1976 000c 0000     		.2byte	0
 1977 000e 0000     		.2byte	0
 1978 0010 00000000 		.4byte	0
 1979 0014 00000000 		.4byte	0
 1980              		.section	.debug_line,"",%progbits
 1981              	.Ldebug_line0:
 1982 0000 4F000000 		.section	.debug_str,"MS",%progbits,1
 1982      02004900 
 1982      00000201 
 1982      FB0E0D00 
 1982      01010101 
 1983              	.LASF19:
 1984 0000 2E5C4765 		.ascii	".\\Generated_Source\\PSoC5\\cymetadata.c\000"
 1984      6E657261 
 1984      7465645F 
 1984      536F7572 
ARM GAS  C:\Users\JohnP\AppData\Local\Temp\cccpg0Dl.s 			page 36


 1984      63655C50 
 1985              	.LASF17:
 1986 0026 63795F6D 		.ascii	"cy_metadata\000"
 1986      65746164 
 1986      61746100 
 1987              	.LASF9:
 1988 0032 666C6F61 		.ascii	"float\000"
 1988      7400
 1989              	.LASF1:
 1990 0038 756E7369 		.ascii	"unsigned char\000"
 1990      676E6564 
 1990      20636861 
 1990      7200
 1991              	.LASF20:
 1992 0046 433A5C72 		.ascii	"C:\\repositories\\embedded\\trunk\\terminalOutput\\"
 1992      65706F73 
 1992      69746F72 
 1992      6965735C 
 1992      656D6265 
 1993 0074 43453439 		.ascii	"CE4920Project1\\Design01.cydsn\000"
 1993      32305072 
 1993      6F6A6563 
 1993      74315C44 
 1993      65736967 
 1994              	.LASF5:
 1995 0092 6C6F6E67 		.ascii	"long unsigned int\000"
 1995      20756E73 
 1995      69676E65 
 1995      6420696E 
 1995      7400
 1996              	.LASF3:
 1997 00a4 73686F72 		.ascii	"short unsigned int\000"
 1997      7420756E 
 1997      7369676E 
 1997      65642069 
 1997      6E7400
 1998              	.LASF10:
 1999 00b7 646F7562 		.ascii	"double\000"
 1999      6C6500
 2000              	.LASF14:
 2001 00be 63795F6D 		.ascii	"cy_meta_custnvl\000"
 2001      6574615F 
 2001      63757374 
 2001      6E766C00 
 2002              	.LASF13:
 2003 00ce 63795F6D 		.ascii	"cy_meta_configecc\000"
 2003      6574615F 
 2003      636F6E66 
 2003      69676563 
 2003      6300
 2004              	.LASF8:
 2005 00e0 756E7369 		.ascii	"unsigned int\000"
 2005      676E6564 
 2005      20696E74 
 2005      00
 2006              	.LASF7:
 2007 00ed 6C6F6E67 		.ascii	"long long unsigned int\000"
ARM GAS  C:\Users\JohnP\AppData\Local\Temp\cccpg0Dl.s 			page 37


 2007      206C6F6E 
 2007      6720756E 
 2007      7369676E 
 2007      65642069 
 2008              	.LASF16:
 2009 0104 63795F6D 		.ascii	"cy_meta_flashprotect\000"
 2009      6574615F 
 2009      666C6173 
 2009      6870726F 
 2009      74656374 
 2010              	.LASF15:
 2011 0119 63795F6D 		.ascii	"cy_meta_wonvl\000"
 2011      6574615F 
 2011      776F6E76 
 2011      6C00
 2012              	.LASF18:
 2013 0127 474E5520 		.ascii	"GNU C 4.8.4 20140526 (release) [ARM/embedded-4_8-br"
 2013      4320342E 
 2013      382E3420 
 2013      32303134 
 2013      30353236 
 2014 015a 616E6368 		.ascii	"anch revision 211358] -mcpu=cortex-m3 -mthumb -g -O"
 2014      20726576 
 2014      6973696F 
 2014      6E203231 
 2014      31333538 
 2015 018d 67202D66 		.ascii	"g -ffunction-sections\000"
 2015      66756E63 
 2015      74696F6E 
 2015      2D736563 
 2015      74696F6E 
 2016              	.LASF12:
 2017 01a3 73697A65 		.ascii	"sizetype\000"
 2017      74797065 
 2017      00
 2018              	.LASF6:
 2019 01ac 6C6F6E67 		.ascii	"long long int\000"
 2019      206C6F6E 
 2019      6720696E 
 2019      7400
 2020              	.LASF11:
 2021 01ba 63686172 		.ascii	"char\000"
 2021      00
 2022              	.LASF2:
 2023 01bf 73686F72 		.ascii	"short int\000"
 2023      7420696E 
 2023      7400
 2024              	.LASF21:
 2025 01c9 75696E74 		.ascii	"uint8\000"
 2025      3800
 2026              	.LASF4:
 2027 01cf 6C6F6E67 		.ascii	"long int\000"
 2027      20696E74 
 2027      00
 2028              	.LASF0:
 2029 01d8 7369676E 		.ascii	"signed char\000"
 2029      65642063 
ARM GAS  C:\Users\JohnP\AppData\Local\Temp\cccpg0Dl.s 			page 38


 2029      68617200 
 2030              		.ident	"GCC: (GNU Tools for ARM Embedded Processors) 4.8.4 20140526 (release) [ARM/embedded-4_8-br
