ARM GAS  C:\Users\JohnP\AppData\Local\Temp\ccHfZmqV.s 			page 1


   1              		.syntax unified
   2              		.cpu cortex-m3
   3              		.fpu softvfp
   4              		.eabi_attribute 20, 1
   5              		.eabi_attribute 21, 1
   6              		.eabi_attribute 23, 3
   7              		.eabi_attribute 24, 1
   8              		.eabi_attribute 25, 1
   9              		.eabi_attribute 26, 1
  10              		.eabi_attribute 30, 1
  11              		.eabi_attribute 34, 1
  12              		.eabi_attribute 18, 4
  13              		.thumb
  14              		.file	"heartrate.c"
  15              		.text
  16              	.Ltext0:
  17              		.cfi_sections	.debug_frame
  18              		.global	__aeabi_i2f
  19              		.global	__aeabi_f2uiz
  20              		.section	.text.Detect_heartrate,"ax",%progbits
  21              		.align	2
  22              		.global	Detect_heartrate
  23              		.thumb
  24              		.thumb_func
  25              		.type	Detect_heartrate, %function
  26              	Detect_heartrate:
  27              	.LFB0:
  28              		.file 1 ".\\heartrate.c"
   1:.\heartrate.c **** /* ========================================
   2:.\heartrate.c ****  *
   3:.\heartrate.c ****  * Copyright YOUR COMPANY, THE YEAR
   4:.\heartrate.c ****  * All Rights Reserved
   5:.\heartrate.c ****  * UNPUBLISHED, LICENSED SOFTWARE.
   6:.\heartrate.c ****  *
   7:.\heartrate.c ****  * CONFIDENTIAL AND PROPRIETARY INFORMATION
   8:.\heartrate.c ****  * WHICH IS THE PROPERTY OF your company.
   9:.\heartrate.c ****  *
  10:.\heartrate.c ****  * ========================================
  11:.\heartrate.c **** */
  12:.\heartrate.c **** 
  13:.\heartrate.c **** #include "heartrate.h"
  14:.\heartrate.c **** extern int startCounts;
  15:.\heartrate.c **** extern int endCounts;
  16:.\heartrate.c **** int ht;
  17:.\heartrate.c **** 
  18:.\heartrate.c **** 
  19:.\heartrate.c **** float Detect_heartrate(void) {
  29              		.loc 1 19 0
  30              		.cfi_startproc
  31              		@ args = 0, pretend = 0, frame = 0
  32              		@ frame_needed = 0, uses_anonymous_args = 0
  33 0000 10B5     		push	{r4, lr}
  34              		.cfi_def_cfa_offset 8
  35              		.cfi_offset 4, -8
  36              		.cfi_offset 14, -4
  20:.\heartrate.c **** //    while((Timer_ReadStatusRegister() & Timer_STATUS_TC) == 0)
  21:.\heartrate.c ****     LCD_Position(0,0);
ARM GAS  C:\Users\JohnP\AppData\Local\Temp\ccHfZmqV.s 			page 2


  37              		.loc 1 21 0
  38 0002 0020     		movs	r0, #0
  39 0004 0146     		mov	r1, r0
  40 0006 FFF7FEFF 		bl	LCD_Position
  41              	.LVL0:
  22:.\heartrate.c ****     LCD_PrintString("Heartrate: ");  
  42              		.loc 1 22 0
  43 000a 0F48     		ldr	r0, .L2
  44 000c FFF7FEFF 		bl	LCD_PrintString
  45              	.LVL1:
  23:.\heartrate.c ****     LCD_Position(1,0);
  46              		.loc 1 23 0
  47 0010 0120     		movs	r0, #1
  48 0012 0021     		movs	r1, #0
  49 0014 FFF7FEFF 		bl	LCD_Position
  50              	.LVL2:
  24:.\heartrate.c ****     heartrate = (600000/(endCounts-startCounts));
  51              		.loc 1 24 0
  52 0018 0C4B     		ldr	r3, .L2+4
  53 001a 1A68     		ldr	r2, [r3]
  54 001c 0C4B     		ldr	r3, .L2+8
  55 001e 1B68     		ldr	r3, [r3]
  56 0020 D31A     		subs	r3, r2, r3
  57 0022 0C48     		ldr	r0, .L2+12
  58 0024 90FBF3F0 		sdiv	r0, r0, r3
  59 0028 FFF7FEFF 		bl	__aeabi_i2f
  60              	.LVL3:
  61 002c 0A4C     		ldr	r4, .L2+16
  62 002e 2060     		str	r0, [r4]	@ float
  25:.\heartrate.c ****     LCD_PrintU32Number(heartrate);
  63              		.loc 1 25 0
  64 0030 FFF7FEFF 		bl	__aeabi_f2uiz
  65              	.LVL4:
  66 0034 FFF7FEFF 		bl	LCD_PrintU32Number
  67              	.LVL5:
  26:.\heartrate.c ****     LCD_PrintString("     ");
  68              		.loc 1 26 0
  69 0038 0848     		ldr	r0, .L2+20
  70 003a FFF7FEFF 		bl	LCD_PrintString
  71              	.LVL6:
  27:.\heartrate.c **** //    LCD_Position(1,5);
  28:.\heartrate.c **** //    LCD_Position(0,0);
  29:.\heartrate.c **** //    LCD_PrintString("en: ");
  30:.\heartrate.c **** //    LCD_PrintU32Number(endCounts);
  31:.\heartrate.c **** //    LCD_PrintString("  ");
  32:.\heartrate.c **** //    LCD_Position(1,0);
  33:.\heartrate.c **** //    LCD_PrintString("st: ");
  34:.\heartrate.c **** //    LCD_PrintU32Number(startCounts);
  35:.\heartrate.c ****     TERMINAL_WriteNumber(heartrate);
  72              		.loc 1 35 0
  73 003e 2068     		ldr	r0, [r4]	@ float
  74 0040 FFF7FEFF 		bl	TERMINAL_WriteNumber
  75              	.LVL7:
  36:.\heartrate.c ****     return heartrate;
  37:.\heartrate.c **** }
  76              		.loc 1 37 0
  77 0044 2068     		ldr	r0, [r4]	@ float
ARM GAS  C:\Users\JohnP\AppData\Local\Temp\ccHfZmqV.s 			page 3


  78 0046 10BD     		pop	{r4, pc}
  79              	.L3:
  80              		.align	2
  81              	.L2:
  82 0048 00000000 		.word	.LC0
  83 004c 00000000 		.word	endCounts
  84 0050 00000000 		.word	startCounts
  85 0054 C0270900 		.word	600000
  86 0058 00000000 		.word	heartrate
  87 005c 0C000000 		.word	.LC1
  88              		.cfi_endproc
  89              	.LFE0:
  90              		.size	Detect_heartrate, .-Detect_heartrate
  91              		.comm	ht,4,4
  92              		.comm	timer_value,4,4
  93              		.comm	timer_status,4,4
  94              		.comm	heartbeatCounter,4,4
  95              		.comm	heartrate,4,4
  96              		.comm	Prev_state,4,4
  97              		.comm	currentState,4,4
  98              		.section	.rodata.str1.4,"aMS",%progbits,1
  99              		.align	2
 100              	.LC0:
 101 0000 48656172 		.ascii	"Heartrate: \000"
 101      74726174 
 101      653A2000 
 102              	.LC1:
 103 000c 20202020 		.ascii	"     \000"
 103      2000
 104 0012 0000     		.text
 105              	.Letext0:
 106              		.file 2 "Generated_Source\\PSoC5/cytypes.h"
 107              		.file 3 ".\\states.h"
 108              		.file 4 ".\\heartrate.h"
 109              		.file 5 "Generated_Source\\PSoC5/LCD.h"
 110              		.file 6 ".\\terminal.h"
 111              		.section	.debug_info,"",%progbits
 112              	.Ldebug_info0:
 113 0000 16020000 		.4byte	0x216
 114 0004 0400     		.2byte	0x4
 115 0006 00000000 		.4byte	.Ldebug_abbrev0
 116 000a 04       		.byte	0x4
 117 000b 01       		.uleb128 0x1
 118 000c 5E010000 		.4byte	.LASF28
 119 0010 01       		.byte	0x1
 120 0011 27020000 		.4byte	.LASF29
 121 0015 62000000 		.4byte	.LASF30
 122 0019 00000000 		.4byte	.Ldebug_ranges0+0
 123 001d 00000000 		.4byte	0
 124 0021 00000000 		.4byte	.Ldebug_line0
 125 0025 02       		.uleb128 0x2
 126 0026 01       		.byte	0x1
 127 0027 06       		.byte	0x6
 128 0028 1B020000 		.4byte	.LASF0
 129 002c 02       		.uleb128 0x2
 130 002d 01       		.byte	0x1
 131 002e 08       		.byte	0x8
ARM GAS  C:\Users\JohnP\AppData\Local\Temp\ccHfZmqV.s 			page 4


 132 002f 54000000 		.4byte	.LASF1
 133 0033 02       		.uleb128 0x2
 134 0034 02       		.byte	0x2
 135 0035 05       		.byte	0x5
 136 0036 F2010000 		.4byte	.LASF2
 137 003a 02       		.uleb128 0x2
 138 003b 02       		.byte	0x2
 139 003c 07       		.byte	0x7
 140 003d D8000000 		.4byte	.LASF3
 141 0041 02       		.uleb128 0x2
 142 0042 04       		.byte	0x4
 143 0043 05       		.byte	0x5
 144 0044 02020000 		.4byte	.LASF4
 145 0048 02       		.uleb128 0x2
 146 0049 04       		.byte	0x4
 147 004a 07       		.byte	0x7
 148 004b C0000000 		.4byte	.LASF5
 149 004f 02       		.uleb128 0x2
 150 0050 08       		.byte	0x8
 151 0051 05       		.byte	0x5
 152 0052 00000000 		.4byte	.LASF6
 153 0056 02       		.uleb128 0x2
 154 0057 08       		.byte	0x8
 155 0058 07       		.byte	0x7
 156 0059 27010000 		.4byte	.LASF7
 157 005d 03       		.uleb128 0x3
 158 005e 04       		.byte	0x4
 159 005f 05       		.byte	0x5
 160 0060 696E7400 		.ascii	"int\000"
 161 0064 02       		.uleb128 0x2
 162 0065 04       		.byte	0x4
 163 0066 07       		.byte	0x7
 164 0067 1A010000 		.4byte	.LASF8
 165 006b 04       		.uleb128 0x4
 166 006c FC010000 		.4byte	.LASF9
 167 0070 02       		.byte	0x2
 168 0071 B4       		.byte	0xb4
 169 0072 2C000000 		.4byte	0x2c
 170 0076 04       		.uleb128 0x4
 171 0077 13010000 		.4byte	.LASF10
 172 007b 02       		.byte	0x2
 173 007c B6       		.byte	0xb6
 174 007d 48000000 		.4byte	0x48
 175 0081 02       		.uleb128 0x2
 176 0082 04       		.byte	0x4
 177 0083 04       		.byte	0x4
 178 0084 44000000 		.4byte	.LASF11
 179 0088 02       		.uleb128 0x2
 180 0089 08       		.byte	0x8
 181 008a 04       		.byte	0x4
 182 008b EB000000 		.4byte	.LASF12
 183 008f 04       		.uleb128 0x4
 184 0090 AE000000 		.4byte	.LASF13
 185 0094 02       		.byte	0x2
 186 0095 C5       		.byte	0xc5
 187 0096 9A000000 		.4byte	0x9a
 188 009a 02       		.uleb128 0x2
ARM GAS  C:\Users\JohnP\AppData\Local\Temp\ccHfZmqV.s 			page 5


 189 009b 01       		.byte	0x1
 190 009c 08       		.byte	0x8
 191 009d ED010000 		.4byte	.LASF14
 192 00a1 02       		.uleb128 0x2
 193 00a2 04       		.byte	0x4
 194 00a3 07       		.byte	0x7
 195 00a4 DA010000 		.4byte	.LASF15
 196 00a8 04       		.uleb128 0x4
 197 00a9 D2000000 		.4byte	.LASF16
 198 00ad 03       		.byte	0x3
 199 00ae 11       		.byte	0x11
 200 00af 5D000000 		.4byte	0x5d
 201 00b3 05       		.uleb128 0x5
 202 00b4 35020000 		.4byte	.LASF31
 203 00b8 01       		.byte	0x1
 204 00b9 13       		.byte	0x13
 205 00ba 81000000 		.4byte	0x81
 206 00be 00000000 		.4byte	.LFB0
 207 00c2 60000000 		.4byte	.LFE0-.LFB0
 208 00c6 01       		.uleb128 0x1
 209 00c7 9C       		.byte	0x9c
 210 00c8 3D010000 		.4byte	0x13d
 211 00cc 06       		.uleb128 0x6
 212 00cd 0A000000 		.4byte	.LVL0
 213 00d1 C9010000 		.4byte	0x1c9
 214 00d5 E4000000 		.4byte	0xe4
 215 00d9 07       		.uleb128 0x7
 216 00da 01       		.uleb128 0x1
 217 00db 51       		.byte	0x51
 218 00dc 01       		.uleb128 0x1
 219 00dd 30       		.byte	0x30
 220 00de 07       		.uleb128 0x7
 221 00df 01       		.uleb128 0x1
 222 00e0 50       		.byte	0x50
 223 00e1 01       		.uleb128 0x1
 224 00e2 30       		.byte	0x30
 225 00e3 00       		.byte	0
 226 00e4 06       		.uleb128 0x6
 227 00e5 10000000 		.4byte	.LVL1
 228 00e9 DF010000 		.4byte	0x1df
 229 00ed FB000000 		.4byte	0xfb
 230 00f1 07       		.uleb128 0x7
 231 00f2 01       		.uleb128 0x1
 232 00f3 50       		.byte	0x50
 233 00f4 05       		.uleb128 0x5
 234 00f5 03       		.byte	0x3
 235 00f6 00000000 		.4byte	.LC0
 236 00fa 00       		.byte	0
 237 00fb 06       		.uleb128 0x6
 238 00fc 18000000 		.4byte	.LVL2
 239 0100 C9010000 		.4byte	0x1c9
 240 0104 13010000 		.4byte	0x113
 241 0108 07       		.uleb128 0x7
 242 0109 01       		.uleb128 0x1
 243 010a 51       		.byte	0x51
 244 010b 01       		.uleb128 0x1
 245 010c 30       		.byte	0x30
ARM GAS  C:\Users\JohnP\AppData\Local\Temp\ccHfZmqV.s 			page 6


 246 010d 07       		.uleb128 0x7
 247 010e 01       		.uleb128 0x1
 248 010f 50       		.byte	0x50
 249 0110 01       		.uleb128 0x1
 250 0111 31       		.byte	0x31
 251 0112 00       		.byte	0
 252 0113 08       		.uleb128 0x8
 253 0114 38000000 		.4byte	.LVL5
 254 0118 FB010000 		.4byte	0x1fb
 255 011c 06       		.uleb128 0x6
 256 011d 3E000000 		.4byte	.LVL6
 257 0121 DF010000 		.4byte	0x1df
 258 0125 33010000 		.4byte	0x133
 259 0129 07       		.uleb128 0x7
 260 012a 01       		.uleb128 0x1
 261 012b 50       		.byte	0x50
 262 012c 05       		.uleb128 0x5
 263 012d 03       		.byte	0x3
 264 012e 0C000000 		.4byte	.LC1
 265 0132 00       		.byte	0
 266 0133 08       		.uleb128 0x8
 267 0134 44000000 		.4byte	.LVL7
 268 0138 0C020000 		.4byte	0x20c
 269 013c 00       		.byte	0
 270 013d 09       		.uleb128 0x9
 271 013e E3010000 		.4byte	.LASF17
 272 0142 04       		.byte	0x4
 273 0143 13       		.byte	0x13
 274 0144 81000000 		.4byte	0x81
 275 0148 05       		.uleb128 0x5
 276 0149 03       		.byte	0x3
 277 014a 00000000 		.4byte	heartrate
 278 014e 09       		.uleb128 0x9
 279 014f 0E000000 		.4byte	.LASF18
 280 0153 03       		.byte	0x3
 281 0154 2D       		.byte	0x2d
 282 0155 A8000000 		.4byte	0xa8
 283 0159 05       		.uleb128 0x5
 284 015a 03       		.byte	0x3
 285 015b 00000000 		.4byte	currentState
 286 015f 09       		.uleb128 0x9
 287 0160 1B000000 		.4byte	.LASF19
 288 0164 03       		.byte	0x3
 289 0165 2F       		.byte	0x2f
 290 0166 A8000000 		.4byte	0xa8
 291 016a 05       		.uleb128 0x5
 292 016b 03       		.byte	0x3
 293 016c 00000000 		.4byte	Prev_state
 294 0170 09       		.uleb128 0x9
 295 0171 33000000 		.4byte	.LASF20
 296 0175 04       		.byte	0x4
 297 0176 14       		.byte	0x14
 298 0177 81000000 		.4byte	0x81
 299 017b 05       		.uleb128 0x5
 300 017c 03       		.byte	0x3
 301 017d 00000000 		.4byte	heartbeatCounter
 302 0181 09       		.uleb128 0x9
ARM GAS  C:\Users\JohnP\AppData\Local\Temp\ccHfZmqV.s 			page 7


 303 0182 26000000 		.4byte	.LASF21
 304 0186 04       		.byte	0x4
 305 0187 15       		.byte	0x15
 306 0188 5D000000 		.4byte	0x5d
 307 018c 05       		.uleb128 0x5
 308 018d 03       		.byte	0x3
 309 018e 00000000 		.4byte	timer_status
 310 0192 09       		.uleb128 0x9
 311 0193 07010000 		.4byte	.LASF22
 312 0197 04       		.byte	0x4
 313 0198 16       		.byte	0x16
 314 0199 5D000000 		.4byte	0x5d
 315 019d 05       		.uleb128 0x5
 316 019e 03       		.byte	0x3
 317 019f 00000000 		.4byte	timer_value
 318 01a3 0A       		.uleb128 0xa
 319 01a4 B4000000 		.4byte	.LASF23
 320 01a8 01       		.byte	0x1
 321 01a9 0E       		.byte	0xe
 322 01aa 5D000000 		.4byte	0x5d
 323 01ae 0A       		.uleb128 0xa
 324 01af 4A000000 		.4byte	.LASF24
 325 01b3 01       		.byte	0x1
 326 01b4 0F       		.byte	0xf
 327 01b5 5D000000 		.4byte	0x5d
 328 01b9 0B       		.uleb128 0xb
 329 01ba 687400   		.ascii	"ht\000"
 330 01bd 01       		.byte	0x1
 331 01be 10       		.byte	0x10
 332 01bf 5D000000 		.4byte	0x5d
 333 01c3 05       		.uleb128 0x5
 334 01c4 03       		.byte	0x3
 335 01c5 00000000 		.4byte	ht
 336 01c9 0C       		.uleb128 0xc
 337 01ca 3E010000 		.4byte	.LASF25
 338 01ce 05       		.byte	0x5
 339 01cf 3D       		.byte	0x3d
 340 01d0 DF010000 		.4byte	0x1df
 341 01d4 0D       		.uleb128 0xd
 342 01d5 6B000000 		.4byte	0x6b
 343 01d9 0D       		.uleb128 0xd
 344 01da 6B000000 		.4byte	0x6b
 345 01de 00       		.byte	0
 346 01df 0C       		.uleb128 0xc
 347 01e0 0B020000 		.4byte	.LASF26
 348 01e4 05       		.byte	0x5
 349 01e5 3C       		.byte	0x3c
 350 01e6 F0010000 		.4byte	0x1f0
 351 01ea 0D       		.uleb128 0xd
 352 01eb F0010000 		.4byte	0x1f0
 353 01ef 00       		.byte	0
 354 01f0 0E       		.uleb128 0xe
 355 01f1 04       		.byte	0x4
 356 01f2 F6010000 		.4byte	0x1f6
 357 01f6 0F       		.uleb128 0xf
 358 01f7 8F000000 		.4byte	0x8f
 359 01fb 0C       		.uleb128 0xc
ARM GAS  C:\Users\JohnP\AppData\Local\Temp\ccHfZmqV.s 			page 8


 360 01fc 4B010000 		.4byte	.LASF27
 361 0200 05       		.byte	0x5
 362 0201 61       		.byte	0x61
 363 0202 0C020000 		.4byte	0x20c
 364 0206 0D       		.uleb128 0xd
 365 0207 76000000 		.4byte	0x76
 366 020b 00       		.byte	0
 367 020c 10       		.uleb128 0x10
 368 020d F2000000 		.4byte	.LASF32
 369 0211 06       		.byte	0x6
 370 0212 13       		.byte	0x13
 371 0213 0D       		.uleb128 0xd
 372 0214 81000000 		.4byte	0x81
 373 0218 00       		.byte	0
 374 0219 00       		.byte	0
 375              		.section	.debug_abbrev,"",%progbits
 376              	.Ldebug_abbrev0:
 377 0000 01       		.uleb128 0x1
 378 0001 11       		.uleb128 0x11
 379 0002 01       		.byte	0x1
 380 0003 25       		.uleb128 0x25
 381 0004 0E       		.uleb128 0xe
 382 0005 13       		.uleb128 0x13
 383 0006 0B       		.uleb128 0xb
 384 0007 03       		.uleb128 0x3
 385 0008 0E       		.uleb128 0xe
 386 0009 1B       		.uleb128 0x1b
 387 000a 0E       		.uleb128 0xe
 388 000b 55       		.uleb128 0x55
 389 000c 17       		.uleb128 0x17
 390 000d 11       		.uleb128 0x11
 391 000e 01       		.uleb128 0x1
 392 000f 10       		.uleb128 0x10
 393 0010 17       		.uleb128 0x17
 394 0011 00       		.byte	0
 395 0012 00       		.byte	0
 396 0013 02       		.uleb128 0x2
 397 0014 24       		.uleb128 0x24
 398 0015 00       		.byte	0
 399 0016 0B       		.uleb128 0xb
 400 0017 0B       		.uleb128 0xb
 401 0018 3E       		.uleb128 0x3e
 402 0019 0B       		.uleb128 0xb
 403 001a 03       		.uleb128 0x3
 404 001b 0E       		.uleb128 0xe
 405 001c 00       		.byte	0
 406 001d 00       		.byte	0
 407 001e 03       		.uleb128 0x3
 408 001f 24       		.uleb128 0x24
 409 0020 00       		.byte	0
 410 0021 0B       		.uleb128 0xb
 411 0022 0B       		.uleb128 0xb
 412 0023 3E       		.uleb128 0x3e
 413 0024 0B       		.uleb128 0xb
 414 0025 03       		.uleb128 0x3
 415 0026 08       		.uleb128 0x8
 416 0027 00       		.byte	0
ARM GAS  C:\Users\JohnP\AppData\Local\Temp\ccHfZmqV.s 			page 9


 417 0028 00       		.byte	0
 418 0029 04       		.uleb128 0x4
 419 002a 16       		.uleb128 0x16
 420 002b 00       		.byte	0
 421 002c 03       		.uleb128 0x3
 422 002d 0E       		.uleb128 0xe
 423 002e 3A       		.uleb128 0x3a
 424 002f 0B       		.uleb128 0xb
 425 0030 3B       		.uleb128 0x3b
 426 0031 0B       		.uleb128 0xb
 427 0032 49       		.uleb128 0x49
 428 0033 13       		.uleb128 0x13
 429 0034 00       		.byte	0
 430 0035 00       		.byte	0
 431 0036 05       		.uleb128 0x5
 432 0037 2E       		.uleb128 0x2e
 433 0038 01       		.byte	0x1
 434 0039 3F       		.uleb128 0x3f
 435 003a 19       		.uleb128 0x19
 436 003b 03       		.uleb128 0x3
 437 003c 0E       		.uleb128 0xe
 438 003d 3A       		.uleb128 0x3a
 439 003e 0B       		.uleb128 0xb
 440 003f 3B       		.uleb128 0x3b
 441 0040 0B       		.uleb128 0xb
 442 0041 27       		.uleb128 0x27
 443 0042 19       		.uleb128 0x19
 444 0043 49       		.uleb128 0x49
 445 0044 13       		.uleb128 0x13
 446 0045 11       		.uleb128 0x11
 447 0046 01       		.uleb128 0x1
 448 0047 12       		.uleb128 0x12
 449 0048 06       		.uleb128 0x6
 450 0049 40       		.uleb128 0x40
 451 004a 18       		.uleb128 0x18
 452 004b 9642     		.uleb128 0x2116
 453 004d 19       		.uleb128 0x19
 454 004e 01       		.uleb128 0x1
 455 004f 13       		.uleb128 0x13
 456 0050 00       		.byte	0
 457 0051 00       		.byte	0
 458 0052 06       		.uleb128 0x6
 459 0053 898201   		.uleb128 0x4109
 460 0056 01       		.byte	0x1
 461 0057 11       		.uleb128 0x11
 462 0058 01       		.uleb128 0x1
 463 0059 31       		.uleb128 0x31
 464 005a 13       		.uleb128 0x13
 465 005b 01       		.uleb128 0x1
 466 005c 13       		.uleb128 0x13
 467 005d 00       		.byte	0
 468 005e 00       		.byte	0
 469 005f 07       		.uleb128 0x7
 470 0060 8A8201   		.uleb128 0x410a
 471 0063 00       		.byte	0
 472 0064 02       		.uleb128 0x2
 473 0065 18       		.uleb128 0x18
ARM GAS  C:\Users\JohnP\AppData\Local\Temp\ccHfZmqV.s 			page 10


 474 0066 9142     		.uleb128 0x2111
 475 0068 18       		.uleb128 0x18
 476 0069 00       		.byte	0
 477 006a 00       		.byte	0
 478 006b 08       		.uleb128 0x8
 479 006c 898201   		.uleb128 0x4109
 480 006f 00       		.byte	0
 481 0070 11       		.uleb128 0x11
 482 0071 01       		.uleb128 0x1
 483 0072 31       		.uleb128 0x31
 484 0073 13       		.uleb128 0x13
 485 0074 00       		.byte	0
 486 0075 00       		.byte	0
 487 0076 09       		.uleb128 0x9
 488 0077 34       		.uleb128 0x34
 489 0078 00       		.byte	0
 490 0079 03       		.uleb128 0x3
 491 007a 0E       		.uleb128 0xe
 492 007b 3A       		.uleb128 0x3a
 493 007c 0B       		.uleb128 0xb
 494 007d 3B       		.uleb128 0x3b
 495 007e 0B       		.uleb128 0xb
 496 007f 49       		.uleb128 0x49
 497 0080 13       		.uleb128 0x13
 498 0081 3F       		.uleb128 0x3f
 499 0082 19       		.uleb128 0x19
 500 0083 02       		.uleb128 0x2
 501 0084 18       		.uleb128 0x18
 502 0085 00       		.byte	0
 503 0086 00       		.byte	0
 504 0087 0A       		.uleb128 0xa
 505 0088 34       		.uleb128 0x34
 506 0089 00       		.byte	0
 507 008a 03       		.uleb128 0x3
 508 008b 0E       		.uleb128 0xe
 509 008c 3A       		.uleb128 0x3a
 510 008d 0B       		.uleb128 0xb
 511 008e 3B       		.uleb128 0x3b
 512 008f 0B       		.uleb128 0xb
 513 0090 49       		.uleb128 0x49
 514 0091 13       		.uleb128 0x13
 515 0092 3F       		.uleb128 0x3f
 516 0093 19       		.uleb128 0x19
 517 0094 3C       		.uleb128 0x3c
 518 0095 19       		.uleb128 0x19
 519 0096 00       		.byte	0
 520 0097 00       		.byte	0
 521 0098 0B       		.uleb128 0xb
 522 0099 34       		.uleb128 0x34
 523 009a 00       		.byte	0
 524 009b 03       		.uleb128 0x3
 525 009c 08       		.uleb128 0x8
 526 009d 3A       		.uleb128 0x3a
 527 009e 0B       		.uleb128 0xb
 528 009f 3B       		.uleb128 0x3b
 529 00a0 0B       		.uleb128 0xb
 530 00a1 49       		.uleb128 0x49
ARM GAS  C:\Users\JohnP\AppData\Local\Temp\ccHfZmqV.s 			page 11


 531 00a2 13       		.uleb128 0x13
 532 00a3 3F       		.uleb128 0x3f
 533 00a4 19       		.uleb128 0x19
 534 00a5 02       		.uleb128 0x2
 535 00a6 18       		.uleb128 0x18
 536 00a7 00       		.byte	0
 537 00a8 00       		.byte	0
 538 00a9 0C       		.uleb128 0xc
 539 00aa 2E       		.uleb128 0x2e
 540 00ab 01       		.byte	0x1
 541 00ac 3F       		.uleb128 0x3f
 542 00ad 19       		.uleb128 0x19
 543 00ae 03       		.uleb128 0x3
 544 00af 0E       		.uleb128 0xe
 545 00b0 3A       		.uleb128 0x3a
 546 00b1 0B       		.uleb128 0xb
 547 00b2 3B       		.uleb128 0x3b
 548 00b3 0B       		.uleb128 0xb
 549 00b4 27       		.uleb128 0x27
 550 00b5 19       		.uleb128 0x19
 551 00b6 3C       		.uleb128 0x3c
 552 00b7 19       		.uleb128 0x19
 553 00b8 01       		.uleb128 0x1
 554 00b9 13       		.uleb128 0x13
 555 00ba 00       		.byte	0
 556 00bb 00       		.byte	0
 557 00bc 0D       		.uleb128 0xd
 558 00bd 05       		.uleb128 0x5
 559 00be 00       		.byte	0
 560 00bf 49       		.uleb128 0x49
 561 00c0 13       		.uleb128 0x13
 562 00c1 00       		.byte	0
 563 00c2 00       		.byte	0
 564 00c3 0E       		.uleb128 0xe
 565 00c4 0F       		.uleb128 0xf
 566 00c5 00       		.byte	0
 567 00c6 0B       		.uleb128 0xb
 568 00c7 0B       		.uleb128 0xb
 569 00c8 49       		.uleb128 0x49
 570 00c9 13       		.uleb128 0x13
 571 00ca 00       		.byte	0
 572 00cb 00       		.byte	0
 573 00cc 0F       		.uleb128 0xf
 574 00cd 26       		.uleb128 0x26
 575 00ce 00       		.byte	0
 576 00cf 49       		.uleb128 0x49
 577 00d0 13       		.uleb128 0x13
 578 00d1 00       		.byte	0
 579 00d2 00       		.byte	0
 580 00d3 10       		.uleb128 0x10
 581 00d4 2E       		.uleb128 0x2e
 582 00d5 01       		.byte	0x1
 583 00d6 3F       		.uleb128 0x3f
 584 00d7 19       		.uleb128 0x19
 585 00d8 03       		.uleb128 0x3
 586 00d9 0E       		.uleb128 0xe
 587 00da 3A       		.uleb128 0x3a
ARM GAS  C:\Users\JohnP\AppData\Local\Temp\ccHfZmqV.s 			page 12


 588 00db 0B       		.uleb128 0xb
 589 00dc 3B       		.uleb128 0x3b
 590 00dd 0B       		.uleb128 0xb
 591 00de 27       		.uleb128 0x27
 592 00df 19       		.uleb128 0x19
 593 00e0 3C       		.uleb128 0x3c
 594 00e1 19       		.uleb128 0x19
 595 00e2 00       		.byte	0
 596 00e3 00       		.byte	0
 597 00e4 00       		.byte	0
 598              		.section	.debug_aranges,"",%progbits
 599 0000 1C000000 		.4byte	0x1c
 600 0004 0200     		.2byte	0x2
 601 0006 00000000 		.4byte	.Ldebug_info0
 602 000a 04       		.byte	0x4
 603 000b 00       		.byte	0
 604 000c 0000     		.2byte	0
 605 000e 0000     		.2byte	0
 606 0010 00000000 		.4byte	.LFB0
 607 0014 60000000 		.4byte	.LFE0-.LFB0
 608 0018 00000000 		.4byte	0
 609 001c 00000000 		.4byte	0
 610              		.section	.debug_ranges,"",%progbits
 611              	.Ldebug_ranges0:
 612 0000 00000000 		.4byte	.LFB0
 613 0004 60000000 		.4byte	.LFE0
 614 0008 00000000 		.4byte	0
 615 000c 00000000 		.4byte	0
 616              		.section	.debug_line,"",%progbits
 617              	.Ldebug_line0:
 618 0000 9F000000 		.section	.debug_str,"MS",%progbits,1
 618      02008000 
 618      00000201 
 618      FB0E0D00 
 618      01010101 
 619              	.LASF6:
 620 0000 6C6F6E67 		.ascii	"long long int\000"
 620      206C6F6E 
 620      6720696E 
 620      7400
 621              	.LASF18:
 622 000e 63757272 		.ascii	"currentState\000"
 622      656E7453 
 622      74617465 
 622      00
 623              	.LASF19:
 624 001b 50726576 		.ascii	"Prev_state\000"
 624      5F737461 
 624      746500
 625              	.LASF21:
 626 0026 74696D65 		.ascii	"timer_status\000"
 626      725F7374 
 626      61747573 
 626      00
 627              	.LASF20:
 628 0033 68656172 		.ascii	"heartbeatCounter\000"
 628      74626561 
ARM GAS  C:\Users\JohnP\AppData\Local\Temp\ccHfZmqV.s 			page 13


 628      74436F75 
 628      6E746572 
 628      00
 629              	.LASF11:
 630 0044 666C6F61 		.ascii	"float\000"
 630      7400
 631              	.LASF24:
 632 004a 656E6443 		.ascii	"endCounts\000"
 632      6F756E74 
 632      7300
 633              	.LASF1:
 634 0054 756E7369 		.ascii	"unsigned char\000"
 634      676E6564 
 634      20636861 
 634      7200
 635              	.LASF30:
 636 0062 433A5C72 		.ascii	"C:\\repositories\\embedded\\trunk\\terminalOutput\\"
 636      65706F73 
 636      69746F72 
 636      6965735C 
 636      656D6265 
 637 0090 43453439 		.ascii	"CE4920Project1\\Design01.cydsn\000"
 637      32305072 
 637      6F6A6563 
 637      74315C44 
 637      65736967 
 638              	.LASF13:
 639 00ae 63686172 		.ascii	"char8\000"
 639      3800
 640              	.LASF23:
 641 00b4 73746172 		.ascii	"startCounts\000"
 641      74436F75 
 641      6E747300 
 642              	.LASF5:
 643 00c0 6C6F6E67 		.ascii	"long unsigned int\000"
 643      20756E73 
 643      69676E65 
 643      6420696E 
 643      7400
 644              	.LASF16:
 645 00d2 53544154 		.ascii	"STATE\000"
 645      4500
 646              	.LASF3:
 647 00d8 73686F72 		.ascii	"short unsigned int\000"
 647      7420756E 
 647      7369676E 
 647      65642069 
 647      6E7400
 648              	.LASF12:
 649 00eb 646F7562 		.ascii	"double\000"
 649      6C6500
 650              	.LASF32:
 651 00f2 5445524D 		.ascii	"TERMINAL_WriteNumber\000"
 651      494E414C 
 651      5F577269 
 651      74654E75 
 651      6D626572 
ARM GAS  C:\Users\JohnP\AppData\Local\Temp\ccHfZmqV.s 			page 14


 652              	.LASF22:
 653 0107 74696D65 		.ascii	"timer_value\000"
 653      725F7661 
 653      6C756500 
 654              	.LASF10:
 655 0113 75696E74 		.ascii	"uint32\000"
 655      333200
 656              	.LASF8:
 657 011a 756E7369 		.ascii	"unsigned int\000"
 657      676E6564 
 657      20696E74 
 657      00
 658              	.LASF7:
 659 0127 6C6F6E67 		.ascii	"long long unsigned int\000"
 659      206C6F6E 
 659      6720756E 
 659      7369676E 
 659      65642069 
 660              	.LASF25:
 661 013e 4C43445F 		.ascii	"LCD_Position\000"
 661      506F7369 
 661      74696F6E 
 661      00
 662              	.LASF27:
 663 014b 4C43445F 		.ascii	"LCD_PrintU32Number\000"
 663      5072696E 
 663      74553332 
 663      4E756D62 
 663      657200
 664              	.LASF28:
 665 015e 474E5520 		.ascii	"GNU C 4.8.4 20140526 (release) [ARM/embedded-4_8-br"
 665      4320342E 
 665      382E3420 
 665      32303134 
 665      30353236 
 666 0191 616E6368 		.ascii	"anch revision 211358] -mcpu=cortex-m3 -mthumb -g -O"
 666      20726576 
 666      6973696F 
 666      6E203231 
 666      31333538 
 667 01c4 67202D66 		.ascii	"g -ffunction-sections\000"
 667      66756E63 
 667      74696F6E 
 667      2D736563 
 667      74696F6E 
 668              	.LASF15:
 669 01da 73697A65 		.ascii	"sizetype\000"
 669      74797065 
 669      00
 670              	.LASF17:
 671 01e3 68656172 		.ascii	"heartrate\000"
 671      74726174 
 671      6500
 672              	.LASF14:
 673 01ed 63686172 		.ascii	"char\000"
 673      00
 674              	.LASF2:
ARM GAS  C:\Users\JohnP\AppData\Local\Temp\ccHfZmqV.s 			page 15


 675 01f2 73686F72 		.ascii	"short int\000"
 675      7420696E 
 675      7400
 676              	.LASF9:
 677 01fc 75696E74 		.ascii	"uint8\000"
 677      3800
 678              	.LASF4:
 679 0202 6C6F6E67 		.ascii	"long int\000"
 679      20696E74 
 679      00
 680              	.LASF26:
 681 020b 4C43445F 		.ascii	"LCD_PrintString\000"
 681      5072696E 
 681      74537472 
 681      696E6700 
 682              	.LASF0:
 683 021b 7369676E 		.ascii	"signed char\000"
 683      65642063 
 683      68617200 
 684              	.LASF29:
 685 0227 2E5C6865 		.ascii	".\\heartrate.c\000"
 685      61727472 
 685      6174652E 
 685      6300
 686              	.LASF31:
 687 0235 44657465 		.ascii	"Detect_heartrate\000"
 687      63745F68 
 687      65617274 
 687      72617465 
 687      00
 688              		.ident	"GCC: (GNU Tools for ARM Embedded Processors) 4.8.4 20140526 (release) [ARM/embedded-4_8-br
