ARM GAS  C:\Users\JohnP\AppData\Local\Temp\ccjNBGTV.s 			page 1


   1              		.syntax unified
   2              		.cpu cortex-m3
   3              		.fpu softvfp
   4              		.eabi_attribute 20, 1
   5              		.eabi_attribute 21, 1
   6              		.eabi_attribute 23, 3
   7              		.eabi_attribute 24, 1
   8              		.eabi_attribute 25, 1
   9              		.eabi_attribute 26, 1
  10              		.eabi_attribute 30, 1
  11              		.eabi_attribute 34, 1
  12              		.eabi_attribute 18, 4
  13              		.thumb
  14              		.file	"main01.c"
  15              		.text
  16              	.Ltext0:
  17              		.cfi_sections	.debug_frame
  18              		.section	.text.main,"ax",%progbits
  19              		.align	2
  20              		.global	main
  21              		.thumb
  22              		.thumb_func
  23              		.type	main, %function
  24              	main:
  25              	.LFB63:
  26              		.file 1 ".\\main01.c"
   1:.\main01.c    **** #include <project.h>
   2:.\main01.c    **** 
   3:.\main01.c    **** #include "LCD.h"
   4:.\main01.c    **** 
   5:.\main01.c    **** 
   6:.\main01.c    **** #define FALSE 0
   7:.\main01.c    **** #define TRUE 1
   8:.\main01.c    **** #define BUF_SIZE 64
   9:.\main01.c    **** int main()
  10:.\main01.c    **** {
  27              		.loc 1 10 0
  28              		.cfi_startproc
  29              		@ args = 0, pretend = 0, frame = 64
  30              		@ frame_needed = 0, uses_anonymous_args = 0
  31 0000 70B5     		push	{r4, r5, r6, lr}
  32              		.cfi_def_cfa_offset 16
  33              		.cfi_offset 4, -16
  34              		.cfi_offset 5, -12
  35              		.cfi_offset 6, -8
  36              		.cfi_offset 14, -4
  37 0002 90B0     		sub	sp, sp, #64
  38              		.cfi_def_cfa_offset 80
  39              	.LVL0:
  11:.\main01.c    ****  uint8 usbStarted = FALSE;
  12:.\main01.c    ****  uint8 usbBuffer[BUF_SIZE];
  13:.\main01.c    ****  uint16 usbBufCount;
  14:.\main01.c    ****  CyGlobalIntEnable;
  40              		.loc 1 14 0
  41              	@ 14 ".\main01.c" 1
  42 0004 62B6     		CPSIE   i
  43              	@ 0 "" 2
ARM GAS  C:\Users\JohnP\AppData\Local\Temp\ccjNBGTV.s 			page 2


  15:.\main01.c    **** 
  16:.\main01.c    ****  /* Start USBFS Operation with 3V operation */
  17:.\main01.c    ****  USBUART_Start(0, USBUART_3V_OPERATION);
  44              		.loc 1 17 0
  45              		.thumb
  46 0006 0020     		movs	r0, #0
  47 0008 0146     		mov	r1, r0
  48 000a FFF7FEFF 		bl	USBUART_Start
  49              	.LVL1:
  18:.\main01.c    ****  /* Start LCD */
  19:.\main01.c    ****  LCD_Start();
  50              		.loc 1 19 0
  51 000e FFF7FEFF 		bl	LCD_Start
  52              	.LVL2:
  11:.\main01.c    ****  uint8 usbStarted = FALSE;
  53              		.loc 1 11 0
  54 0012 0024     		movs	r4, #0
  20:.\main01.c    **** 
  21:.\main01.c    ****  for(;;)
  22:.\main01.c    ****  {
  23:.\main01.c    ****  if(!usbStarted)
  24:.\main01.c    ****  {
  25:.\main01.c    ****  /* Wait for Device to enumerate */
  26:.\main01.c    ****  if(USBUART_GetConfiguration())
  27:.\main01.c    ****  {
  28:.\main01.c    ****  /* Enumeration is done, enable OUT endpoint for
  29:.\main01.c    ****  receive data from Host */
  30:.\main01.c    ****  USBUART_CDC_Init();
  31:.\main01.c    ****  usbStarted = TRUE;
  55              		.loc 1 31 0
  56 0014 0126     		movs	r6, #1
  57              	.LVL3:
  58              	.L8:
  23:.\main01.c    ****  if(!usbStarted)
  59              		.loc 1 23 0
  60 0016 3CB9     		cbnz	r4, .L3
  26:.\main01.c    ****  if(USBUART_GetConfiguration())
  61              		.loc 1 26 0
  62 0018 FFF7FEFF 		bl	USBUART_GetConfiguration
  63              	.LVL4:
  64 001c 0028     		cmp	r0, #0
  65 001e FAD0     		beq	.L8
  30:.\main01.c    ****  USBUART_CDC_Init();
  66              		.loc 1 30 0
  67 0020 FFF7FEFF 		bl	USBUART_CDC_Init
  68              	.LVL5:
  69              		.loc 1 31 0
  70 0024 3446     		mov	r4, r6
  71 0026 F6E7     		b	.L8
  72              	.LVL6:
  73              	.L3:
  32:.\main01.c    ****  }
  33:.\main01.c    ****  }
  34:.\main01.c    ****  else
  35:.\main01.c    ****  {
  36:.\main01.c    ****  /* Check for input data from PC */
  37:.\main01.c    ****  if(USBUART_DataIsReady() != 0)
ARM GAS  C:\Users\JohnP\AppData\Local\Temp\ccjNBGTV.s 			page 3


  74              		.loc 1 37 0
  75 0028 FFF7FEFF 		bl	USBUART_DataIsReady
  76              	.LVL7:
  77 002c 0028     		cmp	r0, #0
  78 002e F2D0     		beq	.L8
  38:.\main01.c    ****  {
  39:.\main01.c    ****  /* Read received data and re-enable OUT endpoint */
  40:.\main01.c    ****  usbBufCount = USBUART_GetAll(usbBuffer);
  79              		.loc 1 40 0
  80 0030 6846     		mov	r0, sp
  81 0032 FFF7FEFF 		bl	USBUART_GetAll
  82              	.LVL8:
  41:.\main01.c    ****  if(usbBufCount != 0)
  83              		.loc 1 41 0
  84 0036 0546     		mov	r5, r0
  85 0038 0028     		cmp	r0, #0
  86 003a ECD0     		beq	.L8
  87              	.LVL9:
  88              	.L6:
  42:.\main01.c    ****  {
  43:.\main01.c    ****  /* Wait till component is ready to send more data */
  44:.\main01.c    **** while(USBUART_CDCIsReady() == 0);
  89              		.loc 1 44 0 discriminator 1
  90 003c FFF7FEFF 		bl	USBUART_CDCIsReady
  91              	.LVL10:
  92 0040 0028     		cmp	r0, #0
  93 0042 FBD0     		beq	.L6
  45:.\main01.c    **** /* Send data back to PC */
  46:.\main01.c    **** USBUART_PutData(usbBuffer, usbBufCount);
  94              		.loc 1 46 0
  95 0044 6846     		mov	r0, sp
  96 0046 2946     		mov	r1, r5
  97 0048 FFF7FEFF 		bl	USBUART_PutData
  98              	.LVL11:
  99 004c E3E7     		b	.L8
 100              		.cfi_endproc
 101              	.LFE63:
 102              		.size	main, .-main
 103 004e 00BF     		.text
 104              	.Letext0:
 105              		.file 2 "c:\\program files (x86)\\cypress\\psoc creator\\3.2\\psoc creator\\import\\gnu\\arm\\4.8.
 106              		.file 3 "c:\\program files (x86)\\cypress\\psoc creator\\3.2\\psoc creator\\import\\gnu\\arm\\4.8.
 107              		.file 4 "Generated_Source\\PSoC5/cytypes.h"
 108              		.file 5 "Generated_Source\\PSoC5/LCD.h"
 109              		.file 6 "Generated_Source\\PSoC5/USBUART_cdc.h"
 110              		.file 7 "Generated_Source\\PSoC5/USBUART.h"
 111              		.file 8 "Generated_Source\\PSoC5/core_cm3.h"
 112              		.section	.debug_info,"",%progbits
 113              	.Ldebug_info0:
 114 0000 08020000 		.4byte	0x208
 115 0004 0400     		.2byte	0x4
 116 0006 00000000 		.4byte	.Ldebug_abbrev0
 117 000a 04       		.byte	0x4
 118 000b 01       		.uleb128 0x1
 119 000c B2010000 		.4byte	.LASF27
 120 0010 01       		.byte	0x1
 121 0011 6F020000 		.4byte	.LASF28
ARM GAS  C:\Users\JohnP\AppData\Local\Temp\ccjNBGTV.s 			page 4


 122 0015 A0000000 		.4byte	.LASF29
 123 0019 00000000 		.4byte	.Ldebug_ranges0+0
 124 001d 00000000 		.4byte	0
 125 0021 00000000 		.4byte	.Ldebug_line0
 126 0025 02       		.uleb128 0x2
 127 0026 01       		.byte	0x1
 128 0027 06       		.byte	0x6
 129 0028 63020000 		.4byte	.LASF0
 130 002c 02       		.uleb128 0x2
 131 002d 01       		.byte	0x1
 132 002e 08       		.byte	0x8
 133 002f 6D000000 		.4byte	.LASF1
 134 0033 02       		.uleb128 0x2
 135 0034 02       		.byte	0x2
 136 0035 05       		.byte	0x5
 137 0036 4A020000 		.4byte	.LASF2
 138 003a 02       		.uleb128 0x2
 139 003b 02       		.byte	0x2
 140 003c 07       		.byte	0x7
 141 003d 8D000000 		.4byte	.LASF3
 142 0041 03       		.uleb128 0x3
 143 0042 00000000 		.4byte	.LASF9
 144 0046 02       		.byte	0x2
 145 0047 37       		.byte	0x37
 146 0048 4C000000 		.4byte	0x4c
 147 004c 02       		.uleb128 0x2
 148 004d 04       		.byte	0x4
 149 004e 05       		.byte	0x5
 150 004f 5A020000 		.4byte	.LASF4
 151 0053 02       		.uleb128 0x2
 152 0054 04       		.byte	0x4
 153 0055 07       		.byte	0x7
 154 0056 7B000000 		.4byte	.LASF5
 155 005a 02       		.uleb128 0x2
 156 005b 08       		.byte	0x8
 157 005c 05       		.byte	0x5
 158 005d 37020000 		.4byte	.LASF6
 159 0061 02       		.uleb128 0x2
 160 0062 08       		.byte	0x8
 161 0063 07       		.byte	0x7
 162 0064 71010000 		.4byte	.LASF7
 163 0068 04       		.uleb128 0x4
 164 0069 04       		.byte	0x4
 165 006a 05       		.byte	0x5
 166 006b 696E7400 		.ascii	"int\000"
 167 006f 02       		.uleb128 0x2
 168 0070 04       		.byte	0x4
 169 0071 07       		.byte	0x7
 170 0072 53010000 		.4byte	.LASF8
 171 0076 03       		.uleb128 0x3
 172 0077 42000000 		.4byte	.LASF10
 173 007b 03       		.byte	0x3
 174 007c 41       		.byte	0x41
 175 007d 41000000 		.4byte	0x41
 176 0081 03       		.uleb128 0x3
 177 0082 54020000 		.4byte	.LASF11
 178 0086 04       		.byte	0x4
ARM GAS  C:\Users\JohnP\AppData\Local\Temp\ccjNBGTV.s 			page 5


 179 0087 B4       		.byte	0xb4
 180 0088 2C000000 		.4byte	0x2c
 181 008c 03       		.uleb128 0x3
 182 008d 31010000 		.4byte	.LASF12
 183 0091 04       		.byte	0x4
 184 0092 B5       		.byte	0xb5
 185 0093 3A000000 		.4byte	0x3a
 186 0097 02       		.uleb128 0x2
 187 0098 04       		.byte	0x4
 188 0099 04       		.byte	0x4
 189 009a 5D000000 		.4byte	.LASF13
 190 009e 02       		.uleb128 0x2
 191 009f 08       		.byte	0x8
 192 00a0 04       		.byte	0x4
 193 00a1 25010000 		.4byte	.LASF14
 194 00a5 02       		.uleb128 0x2
 195 00a6 01       		.byte	0x1
 196 00a7 08       		.byte	0x8
 197 00a8 45020000 		.4byte	.LASF15
 198 00ac 02       		.uleb128 0x2
 199 00ad 04       		.byte	0x4
 200 00ae 07       		.byte	0x7
 201 00af 2E020000 		.4byte	.LASF16
 202 00b3 05       		.uleb128 0x5
 203 00b4 2C010000 		.4byte	.LASF30
 204 00b8 01       		.byte	0x1
 205 00b9 09       		.byte	0x9
 206 00ba 68000000 		.4byte	0x68
 207 00be 00000000 		.4byte	.LFB63
 208 00c2 4E000000 		.4byte	.LFE63-.LFB63
 209 00c6 01       		.uleb128 0x1
 210 00c7 9C       		.byte	0x9c
 211 00c8 69010000 		.4byte	0x169
 212 00cc 06       		.uleb128 0x6
 213 00cd 1A010000 		.4byte	.LASF17
 214 00d1 01       		.byte	0x1
 215 00d2 0B       		.byte	0xb
 216 00d3 81000000 		.4byte	0x81
 217 00d7 00000000 		.4byte	.LLST0
 218 00db 07       		.uleb128 0x7
 219 00dc A8010000 		.4byte	.LASF18
 220 00e0 01       		.byte	0x1
 221 00e1 0C       		.byte	0xc
 222 00e2 69010000 		.4byte	0x169
 223 00e6 03       		.uleb128 0x3
 224 00e7 91       		.byte	0x91
 225 00e8 B07F     		.sleb128 -80
 226 00ea 06       		.uleb128 0x6
 227 00eb 9C010000 		.4byte	.LASF19
 228 00ef 01       		.byte	0x1
 229 00f0 0D       		.byte	0xd
 230 00f1 8C000000 		.4byte	0x8c
 231 00f5 36000000 		.4byte	.LLST1
 232 00f9 08       		.uleb128 0x8
 233 00fa 0E000000 		.4byte	.LVL1
 234 00fe 8A010000 		.4byte	0x18a
 235 0102 11010000 		.4byte	0x111
ARM GAS  C:\Users\JohnP\AppData\Local\Temp\ccjNBGTV.s 			page 6


 236 0106 09       		.uleb128 0x9
 237 0107 01       		.uleb128 0x1
 238 0108 51       		.byte	0x51
 239 0109 01       		.uleb128 0x1
 240 010a 30       		.byte	0x30
 241 010b 09       		.uleb128 0x9
 242 010c 01       		.uleb128 0x1
 243 010d 50       		.byte	0x50
 244 010e 01       		.uleb128 0x1
 245 010f 30       		.byte	0x30
 246 0110 00       		.byte	0
 247 0111 0A       		.uleb128 0xa
 248 0112 12000000 		.4byte	.LVL2
 249 0116 A0010000 		.4byte	0x1a0
 250 011a 0A       		.uleb128 0xa
 251 011b 1C000000 		.4byte	.LVL4
 252 011f A7010000 		.4byte	0x1a7
 253 0123 0A       		.uleb128 0xa
 254 0124 24000000 		.4byte	.LVL5
 255 0128 B2010000 		.4byte	0x1b2
 256 012c 0A       		.uleb128 0xa
 257 012d 2C000000 		.4byte	.LVL7
 258 0131 B9010000 		.4byte	0x1b9
 259 0135 08       		.uleb128 0x8
 260 0136 36000000 		.4byte	.LVL8
 261 013a C4010000 		.4byte	0x1c4
 262 013e 49010000 		.4byte	0x149
 263 0142 09       		.uleb128 0x9
 264 0143 01       		.uleb128 0x1
 265 0144 50       		.byte	0x50
 266 0145 02       		.uleb128 0x2
 267 0146 7D       		.byte	0x7d
 268 0147 00       		.sleb128 0
 269 0148 00       		.byte	0
 270 0149 0A       		.uleb128 0xa
 271 014a 40000000 		.4byte	.LVL10
 272 014e DF010000 		.4byte	0x1df
 273 0152 0B       		.uleb128 0xb
 274 0153 4C000000 		.4byte	.LVL11
 275 0157 EA010000 		.4byte	0x1ea
 276 015b 09       		.uleb128 0x9
 277 015c 01       		.uleb128 0x1
 278 015d 51       		.byte	0x51
 279 015e 02       		.uleb128 0x2
 280 015f 75       		.byte	0x75
 281 0160 00       		.sleb128 0
 282 0161 09       		.uleb128 0x9
 283 0162 01       		.uleb128 0x1
 284 0163 50       		.byte	0x50
 285 0164 02       		.uleb128 0x2
 286 0165 7D       		.byte	0x7d
 287 0166 00       		.sleb128 0
 288 0167 00       		.byte	0
 289 0168 00       		.byte	0
 290 0169 0C       		.uleb128 0xc
 291 016a 81000000 		.4byte	0x81
 292 016e 79010000 		.4byte	0x179
ARM GAS  C:\Users\JohnP\AppData\Local\Temp\ccjNBGTV.s 			page 7


 293 0172 0D       		.uleb128 0xd
 294 0173 AC000000 		.4byte	0xac
 295 0177 3F       		.byte	0x3f
 296 0178 00       		.byte	0
 297 0179 0E       		.uleb128 0xe
 298 017a 38010000 		.4byte	.LASF31
 299 017e 08       		.byte	0x8
 300 017f 2A06     		.2byte	0x62a
 301 0181 85010000 		.4byte	0x185
 302 0185 0F       		.uleb128 0xf
 303 0186 76000000 		.4byte	0x76
 304 018a 10       		.uleb128 0x10
 305 018b 45010000 		.4byte	.LASF25
 306 018f 07       		.byte	0x7
 307 0190 C0       		.byte	0xc0
 308 0191 A0010000 		.4byte	0x1a0
 309 0195 11       		.uleb128 0x11
 310 0196 81000000 		.4byte	0x81
 311 019a 11       		.uleb128 0x11
 312 019b 81000000 		.4byte	0x81
 313 019f 00       		.byte	0
 314 01a0 12       		.uleb128 0x12
 315 01a1 63000000 		.4byte	.LASF20
 316 01a5 05       		.byte	0x5
 317 01a6 38       		.byte	0x38
 318 01a7 13       		.uleb128 0x13
 319 01a8 29000000 		.4byte	.LASF22
 320 01ac 07       		.byte	0x7
 321 01ad C5       		.byte	0xc5
 322 01ae 81000000 		.4byte	0x81
 323 01b2 12       		.uleb128 0x12
 324 01b3 60010000 		.4byte	.LASF21
 325 01b7 06       		.byte	0x6
 326 01b8 1E       		.byte	0x1e
 327 01b9 13       		.uleb128 0x13
 328 01ba 88010000 		.4byte	.LASF23
 329 01be 06       		.byte	0x6
 330 01bf 25       		.byte	0x25
 331 01c0 81000000 		.4byte	0x81
 332 01c4 14       		.uleb128 0x14
 333 01c5 0A000000 		.4byte	.LASF32
 334 01c9 06       		.byte	0x6
 335 01ca 27       		.byte	0x27
 336 01cb 8C000000 		.4byte	0x8c
 337 01cf D9010000 		.4byte	0x1d9
 338 01d3 11       		.uleb128 0x11
 339 01d4 D9010000 		.4byte	0x1d9
 340 01d8 00       		.byte	0
 341 01d9 15       		.uleb128 0x15
 342 01da 04       		.byte	0x4
 343 01db 81000000 		.4byte	0x81
 344 01df 13       		.uleb128 0x13
 345 01e0 4A000000 		.4byte	.LASF24
 346 01e4 06       		.byte	0x6
 347 01e5 24       		.byte	0x24
 348 01e6 81000000 		.4byte	0x81
 349 01ea 10       		.uleb128 0x10
ARM GAS  C:\Users\JohnP\AppData\Local\Temp\ccjNBGTV.s 			page 8


 350 01eb 19000000 		.4byte	.LASF26
 351 01ef 06       		.byte	0x6
 352 01f0 1F       		.byte	0x1f
 353 01f1 00020000 		.4byte	0x200
 354 01f5 11       		.uleb128 0x11
 355 01f6 00020000 		.4byte	0x200
 356 01fa 11       		.uleb128 0x11
 357 01fb 8C000000 		.4byte	0x8c
 358 01ff 00       		.byte	0
 359 0200 15       		.uleb128 0x15
 360 0201 04       		.byte	0x4
 361 0202 06020000 		.4byte	0x206
 362 0206 16       		.uleb128 0x16
 363 0207 81000000 		.4byte	0x81
 364 020b 00       		.byte	0
 365              		.section	.debug_abbrev,"",%progbits
 366              	.Ldebug_abbrev0:
 367 0000 01       		.uleb128 0x1
 368 0001 11       		.uleb128 0x11
 369 0002 01       		.byte	0x1
 370 0003 25       		.uleb128 0x25
 371 0004 0E       		.uleb128 0xe
 372 0005 13       		.uleb128 0x13
 373 0006 0B       		.uleb128 0xb
 374 0007 03       		.uleb128 0x3
 375 0008 0E       		.uleb128 0xe
 376 0009 1B       		.uleb128 0x1b
 377 000a 0E       		.uleb128 0xe
 378 000b 55       		.uleb128 0x55
 379 000c 17       		.uleb128 0x17
 380 000d 11       		.uleb128 0x11
 381 000e 01       		.uleb128 0x1
 382 000f 10       		.uleb128 0x10
 383 0010 17       		.uleb128 0x17
 384 0011 00       		.byte	0
 385 0012 00       		.byte	0
 386 0013 02       		.uleb128 0x2
 387 0014 24       		.uleb128 0x24
 388 0015 00       		.byte	0
 389 0016 0B       		.uleb128 0xb
 390 0017 0B       		.uleb128 0xb
 391 0018 3E       		.uleb128 0x3e
 392 0019 0B       		.uleb128 0xb
 393 001a 03       		.uleb128 0x3
 394 001b 0E       		.uleb128 0xe
 395 001c 00       		.byte	0
 396 001d 00       		.byte	0
 397 001e 03       		.uleb128 0x3
 398 001f 16       		.uleb128 0x16
 399 0020 00       		.byte	0
 400 0021 03       		.uleb128 0x3
 401 0022 0E       		.uleb128 0xe
 402 0023 3A       		.uleb128 0x3a
 403 0024 0B       		.uleb128 0xb
 404 0025 3B       		.uleb128 0x3b
 405 0026 0B       		.uleb128 0xb
 406 0027 49       		.uleb128 0x49
ARM GAS  C:\Users\JohnP\AppData\Local\Temp\ccjNBGTV.s 			page 9


 407 0028 13       		.uleb128 0x13
 408 0029 00       		.byte	0
 409 002a 00       		.byte	0
 410 002b 04       		.uleb128 0x4
 411 002c 24       		.uleb128 0x24
 412 002d 00       		.byte	0
 413 002e 0B       		.uleb128 0xb
 414 002f 0B       		.uleb128 0xb
 415 0030 3E       		.uleb128 0x3e
 416 0031 0B       		.uleb128 0xb
 417 0032 03       		.uleb128 0x3
 418 0033 08       		.uleb128 0x8
 419 0034 00       		.byte	0
 420 0035 00       		.byte	0
 421 0036 05       		.uleb128 0x5
 422 0037 2E       		.uleb128 0x2e
 423 0038 01       		.byte	0x1
 424 0039 3F       		.uleb128 0x3f
 425 003a 19       		.uleb128 0x19
 426 003b 03       		.uleb128 0x3
 427 003c 0E       		.uleb128 0xe
 428 003d 3A       		.uleb128 0x3a
 429 003e 0B       		.uleb128 0xb
 430 003f 3B       		.uleb128 0x3b
 431 0040 0B       		.uleb128 0xb
 432 0041 49       		.uleb128 0x49
 433 0042 13       		.uleb128 0x13
 434 0043 11       		.uleb128 0x11
 435 0044 01       		.uleb128 0x1
 436 0045 12       		.uleb128 0x12
 437 0046 06       		.uleb128 0x6
 438 0047 40       		.uleb128 0x40
 439 0048 18       		.uleb128 0x18
 440 0049 9742     		.uleb128 0x2117
 441 004b 19       		.uleb128 0x19
 442 004c 01       		.uleb128 0x1
 443 004d 13       		.uleb128 0x13
 444 004e 00       		.byte	0
 445 004f 00       		.byte	0
 446 0050 06       		.uleb128 0x6
 447 0051 34       		.uleb128 0x34
 448 0052 00       		.byte	0
 449 0053 03       		.uleb128 0x3
 450 0054 0E       		.uleb128 0xe
 451 0055 3A       		.uleb128 0x3a
 452 0056 0B       		.uleb128 0xb
 453 0057 3B       		.uleb128 0x3b
 454 0058 0B       		.uleb128 0xb
 455 0059 49       		.uleb128 0x49
 456 005a 13       		.uleb128 0x13
 457 005b 02       		.uleb128 0x2
 458 005c 17       		.uleb128 0x17
 459 005d 00       		.byte	0
 460 005e 00       		.byte	0
 461 005f 07       		.uleb128 0x7
 462 0060 34       		.uleb128 0x34
 463 0061 00       		.byte	0
ARM GAS  C:\Users\JohnP\AppData\Local\Temp\ccjNBGTV.s 			page 10


 464 0062 03       		.uleb128 0x3
 465 0063 0E       		.uleb128 0xe
 466 0064 3A       		.uleb128 0x3a
 467 0065 0B       		.uleb128 0xb
 468 0066 3B       		.uleb128 0x3b
 469 0067 0B       		.uleb128 0xb
 470 0068 49       		.uleb128 0x49
 471 0069 13       		.uleb128 0x13
 472 006a 02       		.uleb128 0x2
 473 006b 18       		.uleb128 0x18
 474 006c 00       		.byte	0
 475 006d 00       		.byte	0
 476 006e 08       		.uleb128 0x8
 477 006f 898201   		.uleb128 0x4109
 478 0072 01       		.byte	0x1
 479 0073 11       		.uleb128 0x11
 480 0074 01       		.uleb128 0x1
 481 0075 31       		.uleb128 0x31
 482 0076 13       		.uleb128 0x13
 483 0077 01       		.uleb128 0x1
 484 0078 13       		.uleb128 0x13
 485 0079 00       		.byte	0
 486 007a 00       		.byte	0
 487 007b 09       		.uleb128 0x9
 488 007c 8A8201   		.uleb128 0x410a
 489 007f 00       		.byte	0
 490 0080 02       		.uleb128 0x2
 491 0081 18       		.uleb128 0x18
 492 0082 9142     		.uleb128 0x2111
 493 0084 18       		.uleb128 0x18
 494 0085 00       		.byte	0
 495 0086 00       		.byte	0
 496 0087 0A       		.uleb128 0xa
 497 0088 898201   		.uleb128 0x4109
 498 008b 00       		.byte	0
 499 008c 11       		.uleb128 0x11
 500 008d 01       		.uleb128 0x1
 501 008e 31       		.uleb128 0x31
 502 008f 13       		.uleb128 0x13
 503 0090 00       		.byte	0
 504 0091 00       		.byte	0
 505 0092 0B       		.uleb128 0xb
 506 0093 898201   		.uleb128 0x4109
 507 0096 01       		.byte	0x1
 508 0097 11       		.uleb128 0x11
 509 0098 01       		.uleb128 0x1
 510 0099 31       		.uleb128 0x31
 511 009a 13       		.uleb128 0x13
 512 009b 00       		.byte	0
 513 009c 00       		.byte	0
 514 009d 0C       		.uleb128 0xc
 515 009e 01       		.uleb128 0x1
 516 009f 01       		.byte	0x1
 517 00a0 49       		.uleb128 0x49
 518 00a1 13       		.uleb128 0x13
 519 00a2 01       		.uleb128 0x1
 520 00a3 13       		.uleb128 0x13
ARM GAS  C:\Users\JohnP\AppData\Local\Temp\ccjNBGTV.s 			page 11


 521 00a4 00       		.byte	0
 522 00a5 00       		.byte	0
 523 00a6 0D       		.uleb128 0xd
 524 00a7 21       		.uleb128 0x21
 525 00a8 00       		.byte	0
 526 00a9 49       		.uleb128 0x49
 527 00aa 13       		.uleb128 0x13
 528 00ab 2F       		.uleb128 0x2f
 529 00ac 0B       		.uleb128 0xb
 530 00ad 00       		.byte	0
 531 00ae 00       		.byte	0
 532 00af 0E       		.uleb128 0xe
 533 00b0 34       		.uleb128 0x34
 534 00b1 00       		.byte	0
 535 00b2 03       		.uleb128 0x3
 536 00b3 0E       		.uleb128 0xe
 537 00b4 3A       		.uleb128 0x3a
 538 00b5 0B       		.uleb128 0xb
 539 00b6 3B       		.uleb128 0x3b
 540 00b7 05       		.uleb128 0x5
 541 00b8 49       		.uleb128 0x49
 542 00b9 13       		.uleb128 0x13
 543 00ba 3F       		.uleb128 0x3f
 544 00bb 19       		.uleb128 0x19
 545 00bc 3C       		.uleb128 0x3c
 546 00bd 19       		.uleb128 0x19
 547 00be 00       		.byte	0
 548 00bf 00       		.byte	0
 549 00c0 0F       		.uleb128 0xf
 550 00c1 35       		.uleb128 0x35
 551 00c2 00       		.byte	0
 552 00c3 49       		.uleb128 0x49
 553 00c4 13       		.uleb128 0x13
 554 00c5 00       		.byte	0
 555 00c6 00       		.byte	0
 556 00c7 10       		.uleb128 0x10
 557 00c8 2E       		.uleb128 0x2e
 558 00c9 01       		.byte	0x1
 559 00ca 3F       		.uleb128 0x3f
 560 00cb 19       		.uleb128 0x19
 561 00cc 03       		.uleb128 0x3
 562 00cd 0E       		.uleb128 0xe
 563 00ce 3A       		.uleb128 0x3a
 564 00cf 0B       		.uleb128 0xb
 565 00d0 3B       		.uleb128 0x3b
 566 00d1 0B       		.uleb128 0xb
 567 00d2 27       		.uleb128 0x27
 568 00d3 19       		.uleb128 0x19
 569 00d4 3C       		.uleb128 0x3c
 570 00d5 19       		.uleb128 0x19
 571 00d6 01       		.uleb128 0x1
 572 00d7 13       		.uleb128 0x13
 573 00d8 00       		.byte	0
 574 00d9 00       		.byte	0
 575 00da 11       		.uleb128 0x11
 576 00db 05       		.uleb128 0x5
 577 00dc 00       		.byte	0
ARM GAS  C:\Users\JohnP\AppData\Local\Temp\ccjNBGTV.s 			page 12


 578 00dd 49       		.uleb128 0x49
 579 00de 13       		.uleb128 0x13
 580 00df 00       		.byte	0
 581 00e0 00       		.byte	0
 582 00e1 12       		.uleb128 0x12
 583 00e2 2E       		.uleb128 0x2e
 584 00e3 00       		.byte	0
 585 00e4 3F       		.uleb128 0x3f
 586 00e5 19       		.uleb128 0x19
 587 00e6 03       		.uleb128 0x3
 588 00e7 0E       		.uleb128 0xe
 589 00e8 3A       		.uleb128 0x3a
 590 00e9 0B       		.uleb128 0xb
 591 00ea 3B       		.uleb128 0x3b
 592 00eb 0B       		.uleb128 0xb
 593 00ec 27       		.uleb128 0x27
 594 00ed 19       		.uleb128 0x19
 595 00ee 3C       		.uleb128 0x3c
 596 00ef 19       		.uleb128 0x19
 597 00f0 00       		.byte	0
 598 00f1 00       		.byte	0
 599 00f2 13       		.uleb128 0x13
 600 00f3 2E       		.uleb128 0x2e
 601 00f4 00       		.byte	0
 602 00f5 3F       		.uleb128 0x3f
 603 00f6 19       		.uleb128 0x19
 604 00f7 03       		.uleb128 0x3
 605 00f8 0E       		.uleb128 0xe
 606 00f9 3A       		.uleb128 0x3a
 607 00fa 0B       		.uleb128 0xb
 608 00fb 3B       		.uleb128 0x3b
 609 00fc 0B       		.uleb128 0xb
 610 00fd 27       		.uleb128 0x27
 611 00fe 19       		.uleb128 0x19
 612 00ff 49       		.uleb128 0x49
 613 0100 13       		.uleb128 0x13
 614 0101 3C       		.uleb128 0x3c
 615 0102 19       		.uleb128 0x19
 616 0103 00       		.byte	0
 617 0104 00       		.byte	0
 618 0105 14       		.uleb128 0x14
 619 0106 2E       		.uleb128 0x2e
 620 0107 01       		.byte	0x1
 621 0108 3F       		.uleb128 0x3f
 622 0109 19       		.uleb128 0x19
 623 010a 03       		.uleb128 0x3
 624 010b 0E       		.uleb128 0xe
 625 010c 3A       		.uleb128 0x3a
 626 010d 0B       		.uleb128 0xb
 627 010e 3B       		.uleb128 0x3b
 628 010f 0B       		.uleb128 0xb
 629 0110 27       		.uleb128 0x27
 630 0111 19       		.uleb128 0x19
 631 0112 49       		.uleb128 0x49
 632 0113 13       		.uleb128 0x13
 633 0114 3C       		.uleb128 0x3c
 634 0115 19       		.uleb128 0x19
ARM GAS  C:\Users\JohnP\AppData\Local\Temp\ccjNBGTV.s 			page 13


 635 0116 01       		.uleb128 0x1
 636 0117 13       		.uleb128 0x13
 637 0118 00       		.byte	0
 638 0119 00       		.byte	0
 639 011a 15       		.uleb128 0x15
 640 011b 0F       		.uleb128 0xf
 641 011c 00       		.byte	0
 642 011d 0B       		.uleb128 0xb
 643 011e 0B       		.uleb128 0xb
 644 011f 49       		.uleb128 0x49
 645 0120 13       		.uleb128 0x13
 646 0121 00       		.byte	0
 647 0122 00       		.byte	0
 648 0123 16       		.uleb128 0x16
 649 0124 26       		.uleb128 0x26
 650 0125 00       		.byte	0
 651 0126 49       		.uleb128 0x49
 652 0127 13       		.uleb128 0x13
 653 0128 00       		.byte	0
 654 0129 00       		.byte	0
 655 012a 00       		.byte	0
 656              		.section	.debug_loc,"",%progbits
 657              	.Ldebug_loc0:
 658              	.LLST0:
 659 0000 04000000 		.4byte	.LVL0
 660 0004 16000000 		.4byte	.LVL3
 661 0008 0200     		.2byte	0x2
 662 000a 30       		.byte	0x30
 663 000b 9F       		.byte	0x9f
 664 000c 16000000 		.4byte	.LVL3
 665 0010 24000000 		.4byte	.LVL5
 666 0014 0100     		.2byte	0x1
 667 0016 54       		.byte	0x54
 668 0017 24000000 		.4byte	.LVL5
 669 001b 28000000 		.4byte	.LVL6
 670 001f 0200     		.2byte	0x2
 671 0021 31       		.byte	0x31
 672 0022 9F       		.byte	0x9f
 673 0023 28000000 		.4byte	.LVL6
 674 0027 4E000000 		.4byte	.LFE63
 675 002b 0100     		.2byte	0x1
 676 002d 54       		.byte	0x54
 677 002e 00000000 		.4byte	0
 678 0032 00000000 		.4byte	0
 679              	.LLST1:
 680 0036 36000000 		.4byte	.LVL8
 681 003a 3C000000 		.4byte	.LVL9
 682 003e 0100     		.2byte	0x1
 683 0040 50       		.byte	0x50
 684 0041 00000000 		.4byte	0
 685 0045 00000000 		.4byte	0
 686              		.section	.debug_aranges,"",%progbits
 687 0000 1C000000 		.4byte	0x1c
 688 0004 0200     		.2byte	0x2
 689 0006 00000000 		.4byte	.Ldebug_info0
 690 000a 04       		.byte	0x4
 691 000b 00       		.byte	0
ARM GAS  C:\Users\JohnP\AppData\Local\Temp\ccjNBGTV.s 			page 14


 692 000c 0000     		.2byte	0
 693 000e 0000     		.2byte	0
 694 0010 00000000 		.4byte	.LFB63
 695 0014 4E000000 		.4byte	.LFE63-.LFB63
 696 0018 00000000 		.4byte	0
 697 001c 00000000 		.4byte	0
 698              		.section	.debug_ranges,"",%progbits
 699              	.Ldebug_ranges0:
 700 0000 00000000 		.4byte	.LFB63
 701 0004 4E000000 		.4byte	.LFE63
 702 0008 00000000 		.4byte	0
 703 000c 00000000 		.4byte	0
 704              		.section	.debug_line,"",%progbits
 705              	.Ldebug_line0:
 706 0000 9F010000 		.section	.debug_str,"MS",%progbits,1
 706      02007201 
 706      00000201 
 706      FB0E0D00 
 706      01010101 
 707              	.LASF9:
 708 0000 5F5F696E 		.ascii	"__int32_t\000"
 708      7433325F 
 708      7400
 709              	.LASF32:
 710 000a 55534255 		.ascii	"USBUART_GetAll\000"
 710      4152545F 
 710      47657441 
 710      6C6C00
 711              	.LASF26:
 712 0019 55534255 		.ascii	"USBUART_PutData\000"
 712      4152545F 
 712      50757444 
 712      61746100 
 713              	.LASF22:
 714 0029 55534255 		.ascii	"USBUART_GetConfiguration\000"
 714      4152545F 
 714      47657443 
 714      6F6E6669 
 714      67757261 
 715              	.LASF10:
 716 0042 696E7433 		.ascii	"int32_t\000"
 716      325F7400 
 717              	.LASF24:
 718 004a 55534255 		.ascii	"USBUART_CDCIsReady\000"
 718      4152545F 
 718      43444349 
 718      73526561 
 718      647900
 719              	.LASF13:
 720 005d 666C6F61 		.ascii	"float\000"
 720      7400
 721              	.LASF20:
 722 0063 4C43445F 		.ascii	"LCD_Start\000"
 722      53746172 
 722      7400
 723              	.LASF1:
 724 006d 756E7369 		.ascii	"unsigned char\000"
ARM GAS  C:\Users\JohnP\AppData\Local\Temp\ccjNBGTV.s 			page 15


 724      676E6564 
 724      20636861 
 724      7200
 725              	.LASF5:
 726 007b 6C6F6E67 		.ascii	"long unsigned int\000"
 726      20756E73 
 726      69676E65 
 726      6420696E 
 726      7400
 727              	.LASF3:
 728 008d 73686F72 		.ascii	"short unsigned int\000"
 728      7420756E 
 728      7369676E 
 728      65642069 
 728      6E7400
 729              	.LASF29:
 730 00a0 433A5C55 		.ascii	"C:\\Users\\JohnP\\OneDrive\\College\\2015-2016 Seni"
 730      73657273 
 730      5C4A6F68 
 730      6E505C4F 
 730      6E654472 
 731 00ce 6F722059 		.ascii	"or Year\\0 Fall Quarter\\CE4920 011\\Lab\\project\\"
 731      6561725C 
 731      30204661 
 731      6C6C2051 
 731      75617274 
 732 00fc 43453439 		.ascii	"CE4920Project1\\Design01.cydsn\000"
 732      32305072 
 732      6F6A6563 
 732      74315C44 
 732      65736967 
 733              	.LASF17:
 734 011a 75736253 		.ascii	"usbStarted\000"
 734      74617274 
 734      656400
 735              	.LASF14:
 736 0125 646F7562 		.ascii	"double\000"
 736      6C6500
 737              	.LASF30:
 738 012c 6D61696E 		.ascii	"main\000"
 738      00
 739              	.LASF12:
 740 0131 75696E74 		.ascii	"uint16\000"
 740      313600
 741              	.LASF31:
 742 0138 49544D5F 		.ascii	"ITM_RxBuffer\000"
 742      52784275 
 742      66666572 
 742      00
 743              	.LASF25:
 744 0145 55534255 		.ascii	"USBUART_Start\000"
 744      4152545F 
 744      53746172 
 744      7400
 745              	.LASF8:
 746 0153 756E7369 		.ascii	"unsigned int\000"
 746      676E6564 
ARM GAS  C:\Users\JohnP\AppData\Local\Temp\ccjNBGTV.s 			page 16


 746      20696E74 
 746      00
 747              	.LASF21:
 748 0160 55534255 		.ascii	"USBUART_CDC_Init\000"
 748      4152545F 
 748      4344435F 
 748      496E6974 
 748      00
 749              	.LASF7:
 750 0171 6C6F6E67 		.ascii	"long long unsigned int\000"
 750      206C6F6E 
 750      6720756E 
 750      7369676E 
 750      65642069 
 751              	.LASF23:
 752 0188 55534255 		.ascii	"USBUART_DataIsReady\000"
 752      4152545F 
 752      44617461 
 752      49735265 
 752      61647900 
 753              	.LASF19:
 754 019c 75736242 		.ascii	"usbBufCount\000"
 754      7566436F 
 754      756E7400 
 755              	.LASF18:
 756 01a8 75736242 		.ascii	"usbBuffer\000"
 756      75666665 
 756      7200
 757              	.LASF27:
 758 01b2 474E5520 		.ascii	"GNU C 4.8.4 20140526 (release) [ARM/embedded-4_8-br"
 758      4320342E 
 758      382E3420 
 758      32303134 
 758      30353236 
 759 01e5 616E6368 		.ascii	"anch revision 211358] -mcpu=cortex-m3 -mthumb -g -O"
 759      20726576 
 759      6973696F 
 759      6E203231 
 759      31333538 
 760 0218 67202D66 		.ascii	"g -ffunction-sections\000"
 760      66756E63 
 760      74696F6E 
 760      2D736563 
 760      74696F6E 
 761              	.LASF16:
 762 022e 73697A65 		.ascii	"sizetype\000"
 762      74797065 
 762      00
 763              	.LASF6:
 764 0237 6C6F6E67 		.ascii	"long long int\000"
 764      206C6F6E 
 764      6720696E 
 764      7400
 765              	.LASF15:
 766 0245 63686172 		.ascii	"char\000"
 766      00
 767              	.LASF2:
ARM GAS  C:\Users\JohnP\AppData\Local\Temp\ccjNBGTV.s 			page 17


 768 024a 73686F72 		.ascii	"short int\000"
 768      7420696E 
 768      7400
 769              	.LASF11:
 770 0254 75696E74 		.ascii	"uint8\000"
 770      3800
 771              	.LASF4:
 772 025a 6C6F6E67 		.ascii	"long int\000"
 772      20696E74 
 772      00
 773              	.LASF0:
 774 0263 7369676E 		.ascii	"signed char\000"
 774      65642063 
 774      68617200 
 775              	.LASF28:
 776 026f 2E5C6D61 		.ascii	".\\main01.c\000"
 776      696E3031 
 776      2E6300
 777              		.ident	"GCC: (GNU Tools for ARM Embedded Processors) 4.8.4 20140526 (release) [ARM/embedded-4_8-br
