ARM GAS  C:\Users\JohnP\AppData\Local\Temp\ccPXLgAw.s 			page 1


   1              		.syntax unified
   2              		.cpu cortex-m3
   3              		.fpu softvfp
   4              		.eabi_attribute 20, 1
   5              		.eabi_attribute 21, 1
   6              		.eabi_attribute 23, 3
   7              		.eabi_attribute 24, 1
   8              		.eabi_attribute 25, 1
   9              		.eabi_attribute 26, 1
  10              		.eabi_attribute 30, 1
  11              		.eabi_attribute 34, 1
  12              		.eabi_attribute 18, 4
  13              		.thumb
  14              		.file	"motor.c"
  15              		.text
  16              	.Ltext0:
  17              		.cfi_sections	.debug_frame
  18              		.section	.text.Start_motor,"ax",%progbits
  19              		.align	2
  20              		.global	Start_motor
  21              		.thumb
  22              		.thumb_func
  23              		.type	Start_motor, %function
  24              	Start_motor:
  25              	.LFB0:
  26              		.file 1 ".\\motor.c"
   1:.\motor.c     **** /* ========================================
   2:.\motor.c     ****  *
   3:.\motor.c     ****  * Copyright YOUR COMPANY, THE YEAR
   4:.\motor.c     ****  * All Rights Reserved
   5:.\motor.c     ****  * UNPUBLISHED, LICENSED SOFTWARE.
   6:.\motor.c     ****  *
   7:.\motor.c     ****  * CONFIDENTIAL AND PROPRIETARY INFORMATION
   8:.\motor.c     ****  * WHICH IS THE PROPERTY OF your company.
   9:.\motor.c     ****  *
  10:.\motor.c     ****  * ========================================
  11:.\motor.c     **** */
  12:.\motor.c     **** 
  13:.\motor.c     **** #include "motor.h"
  14:.\motor.c     **** 
  15:.\motor.c     **** void Start_motor(){
  27              		.loc 1 15 0
  28              		.cfi_startproc
  29              		@ args = 0, pretend = 0, frame = 0
  30              		@ frame_needed = 0, uses_anonymous_args = 0
  31              		@ link register save eliminated.
  32 0000 7047     		bx	lr
  33              		.cfi_endproc
  34              	.LFE0:
  35              		.size	Start_motor, .-Start_motor
  36 0002 00BF     		.section	.text.Motor_rampUp,"ax",%progbits
  37              		.align	2
  38              		.global	Motor_rampUp
  39              		.thumb
  40              		.thumb_func
  41              		.type	Motor_rampUp, %function
  42              	Motor_rampUp:
ARM GAS  C:\Users\JohnP\AppData\Local\Temp\ccPXLgAw.s 			page 2


  43              	.LFB1:
  16:.\motor.c     **** 
  17:.\motor.c     **** }
  18:.\motor.c     **** 
  19:.\motor.c     **** void Motor_rampUp(){
  44              		.loc 1 19 0
  45              		.cfi_startproc
  46              		@ args = 0, pretend = 0, frame = 0
  47              		@ frame_needed = 0, uses_anonymous_args = 0
  48              		@ link register save eliminated.
  49 0000 7047     		bx	lr
  50              		.cfi_endproc
  51              	.LFE1:
  52              		.size	Motor_rampUp, .-Motor_rampUp
  53 0002 00BF     		.section	.text.Move_motor,"ax",%progbits
  54              		.align	2
  55              		.global	Move_motor
  56              		.thumb
  57              		.thumb_func
  58              		.type	Move_motor, %function
  59              	Move_motor:
  60              	.LFB2:
  20:.\motor.c     ****     
  21:.\motor.c     **** }
  22:.\motor.c     **** 
  23:.\motor.c     **** void Move_motor(int speed){
  61              		.loc 1 23 0
  62              		.cfi_startproc
  63              		@ args = 0, pretend = 0, frame = 0
  64              		@ frame_needed = 0, uses_anonymous_args = 0
  65              		@ link register save eliminated.
  66              	.LVL0:
  67 0000 7047     		bx	lr
  68              		.cfi_endproc
  69              	.LFE2:
  70              		.size	Move_motor, .-Move_motor
  71 0002 00BF     		.text
  72              	.Letext0:
  73              		.section	.debug_info,"",%progbits
  74              	.Ldebug_info0:
  75 0000 6E000000 		.4byte	0x6e
  76 0004 0400     		.2byte	0x4
  77 0006 00000000 		.4byte	.Ldebug_abbrev0
  78 000a 04       		.byte	0x4
  79 000b 01       		.uleb128 0x1
  80 000c 76000000 		.4byte	.LASF2
  81 0010 01       		.byte	0x1
  82 0011 F2000000 		.4byte	.LASF3
  83 0015 12000000 		.4byte	.LASF4
  84 0019 00000000 		.4byte	.Ldebug_ranges0+0
  85 001d 00000000 		.4byte	0
  86 0021 00000000 		.4byte	.Ldebug_line0
  87 0025 02       		.uleb128 0x2
  88 0026 06000000 		.4byte	.LASF0
  89 002a 01       		.byte	0x1
  90 002b 0F       		.byte	0xf
  91 002c 00000000 		.4byte	.LFB0
ARM GAS  C:\Users\JohnP\AppData\Local\Temp\ccPXLgAw.s 			page 3


  92 0030 02000000 		.4byte	.LFE0-.LFB0
  93 0034 01       		.uleb128 0x1
  94 0035 9C       		.byte	0x9c
  95 0036 02       		.uleb128 0x2
  96 0037 5E000000 		.4byte	.LASF1
  97 003b 01       		.byte	0x1
  98 003c 13       		.byte	0x13
  99 003d 00000000 		.4byte	.LFB1
 100 0041 02000000 		.4byte	.LFE1-.LFB1
 101 0045 01       		.uleb128 0x1
 102 0046 9C       		.byte	0x9c
 103 0047 03       		.uleb128 0x3
 104 0048 6B000000 		.4byte	.LASF5
 105 004c 01       		.byte	0x1
 106 004d 17       		.byte	0x17
 107 004e 00000000 		.4byte	.LFB2
 108 0052 02000000 		.4byte	.LFE2-.LFB2
 109 0056 01       		.uleb128 0x1
 110 0057 9C       		.byte	0x9c
 111 0058 6A000000 		.4byte	0x6a
 112 005c 04       		.uleb128 0x4
 113 005d 00000000 		.4byte	.LASF6
 114 0061 01       		.byte	0x1
 115 0062 17       		.byte	0x17
 116 0063 6A000000 		.4byte	0x6a
 117 0067 01       		.uleb128 0x1
 118 0068 50       		.byte	0x50
 119 0069 00       		.byte	0
 120 006a 05       		.uleb128 0x5
 121 006b 04       		.byte	0x4
 122 006c 05       		.byte	0x5
 123 006d 696E7400 		.ascii	"int\000"
 124 0071 00       		.byte	0
 125              		.section	.debug_abbrev,"",%progbits
 126              	.Ldebug_abbrev0:
 127 0000 01       		.uleb128 0x1
 128 0001 11       		.uleb128 0x11
 129 0002 01       		.byte	0x1
 130 0003 25       		.uleb128 0x25
 131 0004 0E       		.uleb128 0xe
 132 0005 13       		.uleb128 0x13
 133 0006 0B       		.uleb128 0xb
 134 0007 03       		.uleb128 0x3
 135 0008 0E       		.uleb128 0xe
 136 0009 1B       		.uleb128 0x1b
 137 000a 0E       		.uleb128 0xe
 138 000b 55       		.uleb128 0x55
 139 000c 17       		.uleb128 0x17
 140 000d 11       		.uleb128 0x11
 141 000e 01       		.uleb128 0x1
 142 000f 10       		.uleb128 0x10
 143 0010 17       		.uleb128 0x17
 144 0011 00       		.byte	0
 145 0012 00       		.byte	0
 146 0013 02       		.uleb128 0x2
 147 0014 2E       		.uleb128 0x2e
 148 0015 00       		.byte	0
ARM GAS  C:\Users\JohnP\AppData\Local\Temp\ccPXLgAw.s 			page 4


 149 0016 3F       		.uleb128 0x3f
 150 0017 19       		.uleb128 0x19
 151 0018 03       		.uleb128 0x3
 152 0019 0E       		.uleb128 0xe
 153 001a 3A       		.uleb128 0x3a
 154 001b 0B       		.uleb128 0xb
 155 001c 3B       		.uleb128 0x3b
 156 001d 0B       		.uleb128 0xb
 157 001e 11       		.uleb128 0x11
 158 001f 01       		.uleb128 0x1
 159 0020 12       		.uleb128 0x12
 160 0021 06       		.uleb128 0x6
 161 0022 40       		.uleb128 0x40
 162 0023 18       		.uleb128 0x18
 163 0024 9742     		.uleb128 0x2117
 164 0026 19       		.uleb128 0x19
 165 0027 00       		.byte	0
 166 0028 00       		.byte	0
 167 0029 03       		.uleb128 0x3
 168 002a 2E       		.uleb128 0x2e
 169 002b 01       		.byte	0x1
 170 002c 3F       		.uleb128 0x3f
 171 002d 19       		.uleb128 0x19
 172 002e 03       		.uleb128 0x3
 173 002f 0E       		.uleb128 0xe
 174 0030 3A       		.uleb128 0x3a
 175 0031 0B       		.uleb128 0xb
 176 0032 3B       		.uleb128 0x3b
 177 0033 0B       		.uleb128 0xb
 178 0034 27       		.uleb128 0x27
 179 0035 19       		.uleb128 0x19
 180 0036 11       		.uleb128 0x11
 181 0037 01       		.uleb128 0x1
 182 0038 12       		.uleb128 0x12
 183 0039 06       		.uleb128 0x6
 184 003a 40       		.uleb128 0x40
 185 003b 18       		.uleb128 0x18
 186 003c 9742     		.uleb128 0x2117
 187 003e 19       		.uleb128 0x19
 188 003f 01       		.uleb128 0x1
 189 0040 13       		.uleb128 0x13
 190 0041 00       		.byte	0
 191 0042 00       		.byte	0
 192 0043 04       		.uleb128 0x4
 193 0044 05       		.uleb128 0x5
 194 0045 00       		.byte	0
 195 0046 03       		.uleb128 0x3
 196 0047 0E       		.uleb128 0xe
 197 0048 3A       		.uleb128 0x3a
 198 0049 0B       		.uleb128 0xb
 199 004a 3B       		.uleb128 0x3b
 200 004b 0B       		.uleb128 0xb
 201 004c 49       		.uleb128 0x49
 202 004d 13       		.uleb128 0x13
 203 004e 02       		.uleb128 0x2
 204 004f 18       		.uleb128 0x18
 205 0050 00       		.byte	0
ARM GAS  C:\Users\JohnP\AppData\Local\Temp\ccPXLgAw.s 			page 5


 206 0051 00       		.byte	0
 207 0052 05       		.uleb128 0x5
 208 0053 24       		.uleb128 0x24
 209 0054 00       		.byte	0
 210 0055 0B       		.uleb128 0xb
 211 0056 0B       		.uleb128 0xb
 212 0057 3E       		.uleb128 0x3e
 213 0058 0B       		.uleb128 0xb
 214 0059 03       		.uleb128 0x3
 215 005a 08       		.uleb128 0x8
 216 005b 00       		.byte	0
 217 005c 00       		.byte	0
 218 005d 00       		.byte	0
 219              		.section	.debug_aranges,"",%progbits
 220 0000 2C000000 		.4byte	0x2c
 221 0004 0200     		.2byte	0x2
 222 0006 00000000 		.4byte	.Ldebug_info0
 223 000a 04       		.byte	0x4
 224 000b 00       		.byte	0
 225 000c 0000     		.2byte	0
 226 000e 0000     		.2byte	0
 227 0010 00000000 		.4byte	.LFB0
 228 0014 02000000 		.4byte	.LFE0-.LFB0
 229 0018 00000000 		.4byte	.LFB1
 230 001c 02000000 		.4byte	.LFE1-.LFB1
 231 0020 00000000 		.4byte	.LFB2
 232 0024 02000000 		.4byte	.LFE2-.LFB2
 233 0028 00000000 		.4byte	0
 234 002c 00000000 		.4byte	0
 235              		.section	.debug_ranges,"",%progbits
 236              	.Ldebug_ranges0:
 237 0000 00000000 		.4byte	.LFB0
 238 0004 02000000 		.4byte	.LFE0
 239 0008 00000000 		.4byte	.LFB1
 240 000c 02000000 		.4byte	.LFE1
 241 0010 00000000 		.4byte	.LFB2
 242 0014 02000000 		.4byte	.LFE2
 243 0018 00000000 		.4byte	0
 244 001c 00000000 		.4byte	0
 245              		.section	.debug_line,"",%progbits
 246              	.Ldebug_line0:
 247 0000 53000000 		.section	.debug_str,"MS",%progbits,1
 247      02002000 
 247      00000201 
 247      FB0E0D00 
 247      01010101 
 248              	.LASF6:
 249 0000 73706565 		.ascii	"speed\000"
 249      6400
 250              	.LASF0:
 251 0006 53746172 		.ascii	"Start_motor\000"
 251      745F6D6F 
 251      746F7200 
 252              	.LASF4:
 253 0012 433A5C72 		.ascii	"C:\\repositories\\embedded\\trunk\\terminalOutput\\"
 253      65706F73 
 253      69746F72 
ARM GAS  C:\Users\JohnP\AppData\Local\Temp\ccPXLgAw.s 			page 6


 253      6965735C 
 253      656D6265 
 254 0040 43453439 		.ascii	"CE4920Project1\\Design01.cydsn\000"
 254      32305072 
 254      6F6A6563 
 254      74315C44 
 254      65736967 
 255              	.LASF1:
 256 005e 4D6F746F 		.ascii	"Motor_rampUp\000"
 256      725F7261 
 256      6D705570 
 256      00
 257              	.LASF5:
 258 006b 4D6F7665 		.ascii	"Move_motor\000"
 258      5F6D6F74 
 258      6F7200
 259              	.LASF2:
 260 0076 474E5520 		.ascii	"GNU C 4.8.4 20140526 (release) [ARM/embedded-4_8-br"
 260      4320342E 
 260      382E3420 
 260      32303134 
 260      30353236 
 261 00a9 616E6368 		.ascii	"anch revision 211358] -mcpu=cortex-m3 -mthumb -g -O"
 261      20726576 
 261      6973696F 
 261      6E203231 
 261      31333538 
 262 00dc 67202D66 		.ascii	"g -ffunction-sections\000"
 262      66756E63 
 262      74696F6E 
 262      2D736563 
 262      74696F6E 
 263              	.LASF3:
 264 00f2 2E5C6D6F 		.ascii	".\\motor.c\000"
 264      746F722E 
 264      6300
 265              		.ident	"GCC: (GNU Tools for ARM Embedded Processors) 4.8.4 20140526 (release) [ARM/embedded-4_8-br
