--------------- Rebuild Started: 10/13/2015 11:26:18 Project: Design01, Configuration: ARM GCC 4.8.4 Debug ---------------
Deleting file ".\CortexM3\ARM_GCC_484\Debug\states.o"
Deleting file ".\CortexM3\ARM_GCC_484\Debug\motor.o"
Deleting file ".\CortexM3\ARM_GCC_484\Debug\speaker.o"
Deleting file ".\CortexM3\ARM_GCC_484\Debug\display.o"
Deleting file ".\CortexM3\ARM_GCC_484\Debug\system.o"
Deleting file ".\CortexM3\ARM_GCC_484\Debug\heartrate.o"
Deleting file ".\CortexM3\ARM_GCC_484\Debug\main.o"
Deleting file ".\CortexM3\ARM_GCC_484\Debug\terminal.o"
Deleting file ".\CortexM3\ARM_GCC_484\Debug\cyfitter_cfg.o"
Deleting file ".\CortexM3\ARM_GCC_484\Debug\cymetadata.o"
Deleting file ".\CortexM3\ARM_GCC_484\Debug\Cm3Start.o"
Deleting file ".\CortexM3\ARM_GCC_484\Debug\CyBootAsmGnu.o"
Deleting file ".\CortexM3\ARM_GCC_484\Debug\CyDmac.o"
Deleting file ".\CortexM3\ARM_GCC_484\Debug\CyFlash.o"
Deleting file ".\CortexM3\ARM_GCC_484\Debug\CyLib.o"
Deleting file ".\CortexM3\ARM_GCC_484\Debug\cyPm.o"
Deleting file ".\CortexM3\ARM_GCC_484\Debug\CySpc.o"
Deleting file ".\CortexM3\ARM_GCC_484\Debug\cyutils.o"
Deleting file ".\CortexM3\ARM_GCC_484\Debug\Pin_1.o"
Deleting file ".\CortexM3\ARM_GCC_484\Debug\LCD.o"
Deleting file ".\CortexM3\ARM_GCC_484\Debug\LCD_PM.o"
Deleting file ".\CortexM3\ARM_GCC_484\Debug\LCD_BarGraph.o"
Deleting file ".\CortexM3\ARM_GCC_484\Debug\LCD_LCDPort.o"
Deleting file ".\CortexM3\ARM_GCC_484\Debug\Speaker_Output.o"
Deleting file ".\CortexM3\ARM_GCC_484\Debug\CapSense.o"
Deleting file ".\CortexM3\ARM_GCC_484\Debug\CapSense_CSHL.o"
Deleting file ".\CortexM3\ARM_GCC_484\Debug\CapSense_INT.o"
Deleting file ".\CortexM3\ARM_GCC_484\Debug\CapSense_Pins.o"
Deleting file ".\CortexM3\ARM_GCC_484\Debug\CapSense_PM.o"
Deleting file ".\CortexM3\ARM_GCC_484\Debug\CapSense_SMS_Wrapper.o"
Deleting file ".\CortexM3\ARM_GCC_484\Debug\CapSense_TunerHelper.o"
Deleting file ".\CortexM3\ARM_GCC_484\Debug\CapSense_CompCH0.o"
Deleting file ".\CortexM3\ARM_GCC_484\Debug\CapSense_CompCH0_PM.o"
Deleting file ".\CortexM3\ARM_GCC_484\Debug\CapSense_IdacCH0.o"
Deleting file ".\CortexM3\ARM_GCC_484\Debug\CapSense_IdacCH0_PM.o"
Deleting file ".\CortexM3\ARM_GCC_484\Debug\CapSense_AMuxCH0.o"
Deleting file ".\CortexM3\ARM_GCC_484\Debug\CapSense_IntClock.o"
Deleting file ".\CortexM3\ARM_GCC_484\Debug\HEARTRATE_ANALOG_IN.o"
Deleting file ".\CortexM3\ARM_GCC_484\Debug\PGA_1.o"
Deleting file ".\CortexM3\ARM_GCC_484\Debug\PGA_1_PM.o"
Deleting file ".\CortexM3\ARM_GCC_484\Debug\Comp.o"
Deleting file ".\CortexM3\ARM_GCC_484\Debug\Comp_PM.o"
Deleting file ".\CortexM3\ARM_GCC_484\Debug\WaveDAC8_1_DacClk.o"
Deleting file ".\CortexM3\ARM_GCC_484\Debug\WaveDAC8_1_Wave1_DMA_dma.o"
Deleting file ".\CortexM3\ARM_GCC_484\Debug\WaveDAC8_1_Wave2_DMA_dma.o"
Deleting file ".\CortexM3\ARM_GCC_484\Debug\WaveDAC8_1_VDAC8.o"
Deleting file ".\CortexM3\ARM_GCC_484\Debug\WaveDAC8_1_VDAC8_PM.o"
Deleting file ".\CortexM3\ARM_GCC_484\Debug\WaveDAC8_1.o"
Deleting file ".\CortexM3\ARM_GCC_484\Debug\WaveDAC8_1_PM.o"
Deleting file ".\CortexM3\ARM_GCC_484\Debug\amp.o"
Deleting file ".\CortexM3\ARM_GCC_484\Debug\Compint.o"
Deleting file ".\CortexM3\ARM_GCC_484\Debug\HeartbeatCounter.o"
Deleting file ".\CortexM3\ARM_GCC_484\Debug\HeartbeatCounter_PM.o"
Deleting file ".\CortexM3\ARM_GCC_484\Debug\USBUART.o"
Deleting file ".\CortexM3\ARM_GCC_484\Debug\USBUART_audio.o"
Deleting file ".\CortexM3\ARM_GCC_484\Debug\USBUART_BOOT.o"
Deleting file ".\CortexM3\ARM_GCC_484\Debug\USBUART_cdc.o"
Deleting file ".\CortexM3\ARM_GCC_484\Debug\USBUART_cls.o"
Deleting file ".\CortexM3\ARM_GCC_484\Debug\USBUART_descr.o"
Deleting file ".\CortexM3\ARM_GCC_484\Debug\USBUART_drv.o"
Deleting file ".\CortexM3\ARM_GCC_484\Debug\USBUART_episr.o"
Deleting file ".\CortexM3\ARM_GCC_484\Debug\USBUART_hid.o"
Deleting file ".\CortexM3\ARM_GCC_484\Debug\USBUART_PM.o"
Deleting file ".\CortexM3\ARM_GCC_484\Debug\USBUART_std.o"
Deleting file ".\CortexM3\ARM_GCC_484\Debug\USBUART_vnd.o"
Deleting file ".\CortexM3\ARM_GCC_484\Debug\USBUART_midi.o"
Deleting file ".\CortexM3\ARM_GCC_484\Debug\USBUART_Dm.o"
Deleting file ".\CortexM3\ARM_GCC_484\Debug\USBUART_Dp.o"
Deleting file ".\CortexM3\ARM_GCC_484\Debug\timer_clock_1.o"
Deleting file ".\CortexM3\ARM_GCC_484\Debug\Design01.hex"
Deleting file ".\CortexM3\ARM_GCC_484\Debug\Design01.elf"
Deleting file ".\CortexM3\ARM_GCC_484\Debug\Design01.map"
Deleting file ".\Design01.cycdx"
Deleting file ".\Design01.svd"
Deleting file ".\Design01.rpt"
Deleting file ".\Design01_timing.html"
Deleting file ".\CortexM3\ARM_GCC_484\Debug\.deps\C_FILE.P"
Deleting file ".\CortexM3\ARM_GCC_484\Debug\.deps\ARM_C_FILE.P"
Deleting file ".\CortexM3\ARM_GCC_484\Debug\.deps\GNU_ARM_ASM_FILE.P"
cydsfit.exe -.appdatapath "C:\Users\ponioj\AppData\Local\Cypress Semiconductor\PSoC Creator\3.2" -.fdsnotice -.fdswarpdepfile=warp_dependencies.txt -.fdselabdepfile=elab_dependencies.txt -.fdsbldfile=generated_files.txt -p "C:\Users\ponioj\OneDrive\College\2015-2016 Senior Year\0 Fall Quarter\CE4920 011\Lab\project\CE4920Project1\Design01.cydsn\Design01.cyprj" -d CY8C5868AXI-LP035 -s "C:\Users\ponioj\OneDrive\College\2015-2016 Senior Year\0 Fall Quarter\CE4920 011\Lab\project\CE4920Project1\Design01.cydsn\Generated_Source\PSoC5" -- -yv2 -q10 -ygs -o0 -v3 -.fftcfgtype=LE
Elaborating Design...
ADD: sdb.M0065: information: Analog terminal "WaveDAC8_1.Wave" on TopDesign is unconnected.
 * C:\Users\ponioj\OneDrive\College\2015-2016 Senior Year\0 Fall Quarter\CE4920 011\Lab\project\CE4920Project1\Design01.cydsn\TopDesign\TopDesign.cysch (Signal: Net_1473)
 * C:\Users\ponioj\OneDrive\College\2015-2016 Senior Year\0 Fall Quarter\CE4920 011\Lab\project\CE4920Project1\Design01.cydsn\TopDesign\TopDesign.cysch (Shape_73.8)
HDL Generation ...
Synthesis ...
Place and Route ...
Tech mapping ...
ADD: pft.M0040: information: The following 2 pin(s) will be assigned a location by the fitter: \USBUART:Dm(0)\, \USBUART:Dp(0)\
Analog Placement ...
Info: apr.M0002: Analog signal "\WaveDAC8_1:Net_189\" is connected to one terminal only. (App=cydsfit)
Log: apr.M0058: The analog placement iterative improvement is 59% done. (App=cydsfit)
Log: apr.M0058: The analog placement iterative improvement is 86% done. (App=cydsfit)
Analog Routing ...
Analog Code Generation ...
Digital Placement ...
Digital Routing ...
Bitstream Generation ...
Static timing analysis ...
Warning: sta.M0021: Design01_timing.html: Warning-1350: Asynchronous path(s) exist from "timer_clock_1(routed)" to "CyBUS_CLK". See the timing report for details. (File=C:\Users\ponioj\OneDrive\College\2015-2016 Senior Year\0 Fall Quarter\CE4920 011\Lab\project\CE4920Project1\Design01.cydsn\Design01_timing.html)
API Generation ...
Dependency Generation ...
Clean Temporary Files ...
arm-none-eabi-gcc.exe -mcpu=cortex-m3 -mthumb -Wno-main -I. -IGenerated_Source\PSoC5 -Wa,-alh=.\CortexM3\ARM_GCC_484\Debug/states.lst -g -D DEBUG -Wall -ffunction-sections -Og -c .\states.c -o .\CortexM3\ARM_GCC_484\Debug\states.o
arm-none-eabi-gcc.exe -mcpu=cortex-m3 -mthumb -Wno-main -I. -IGenerated_Source\PSoC5 -Wa,-alh=.\CortexM3\ARM_GCC_484\Debug/motor.lst -g -D DEBUG -Wall -ffunction-sections -Og -c .\motor.c -o .\CortexM3\ARM_GCC_484\Debug\motor.o
arm-none-eabi-gcc.exe -mcpu=cortex-m3 -mthumb -Wno-main -I. -IGenerated_Source\PSoC5 -Wa,-alh=.\CortexM3\ARM_GCC_484\Debug/speaker.lst -g -D DEBUG -Wall -ffunction-sections -Og -c .\speaker.c -o .\CortexM3\ARM_GCC_484\Debug\speaker.o
.\speaker.c: In function 'Play_song_one':
.\speaker.c:59:5: warning: implicit declaration of function 'CyDelay' [-Wimplicit-function-declaration]
     CyDelay(32);
     ^
.\speaker.c:67:5: warning: statement with no effect [-Wunused-value]
     for (i; i>58; i--){
     ^
.\speaker.c: In function 'Play_note':
.\speaker.c:77:9: warning: implicit declaration of function 'Speaker_Output_Write' [-Wimplicit-function-declaration]
         Speaker_Output_Write(1);
         ^
.\speaker.c:78:9: warning: implicit declaration of function 'CyDelayUs' [-Wimplicit-function-declaration]
         CyDelayUs(toneHalfPeriod);
         ^
arm-none-eabi-gcc.exe -mcpu=cortex-m3 -mthumb -Wno-main -I. -IGenerated_Source\PSoC5 -Wa,-alh=.\CortexM3\ARM_GCC_484\Debug/display.lst -g -D DEBUG -Wall -ffunction-sections -Og -c .\display.c -o .\CortexM3\ARM_GCC_484\Debug\display.o
arm-none-eabi-gcc.exe -mcpu=cortex-m3 -mthumb -Wno-main -I. -IGenerated_Source\PSoC5 -Wa,-alh=.\CortexM3\ARM_GCC_484\Debug/system.lst -g -D DEBUG -Wall -ffunction-sections -Og -c .\system.c -o .\CortexM3\ARM_GCC_484\Debug\system.o
arm-none-eabi-gcc.exe -mcpu=cortex-m3 -mthumb -Wno-main -I. -IGenerated_Source\PSoC5 -Wa,-alh=.\CortexM3\ARM_GCC_484\Debug/heartrate.lst -g -D DEBUG -Wall -ffunction-sections -Og -c .\heartrate.c -o .\CortexM3\ARM_GCC_484\Debug\heartrate.o
arm-none-eabi-gcc.exe -mcpu=cortex-m3 -mthumb -Wno-main -I. -IGenerated_Source\PSoC5 -Wa,-alh=.\CortexM3\ARM_GCC_484\Debug/main.lst -g -D DEBUG -Wall -ffunction-sections -Og -c .\main.c -o .\CortexM3\ARM_GCC_484\Debug\main.o
arm-none-eabi-gcc.exe -mcpu=cortex-m3 -mthumb -Wno-main -I. -IGenerated_Source\PSoC5 -Wa,-alh=.\CortexM3\ARM_GCC_484\Debug/terminal.lst -g -D DEBUG -Wall -ffunction-sections -Og -c .\terminal.c -o .\CortexM3\ARM_GCC_484\Debug\terminal.o
.\terminal.c: In function 'TERMINAL_WriteString':
.\terminal.c:15:5: warning: implicit declaration of function 'USBUART_CDCIsReady' [-Wimplicit-function-declaration]
     while(USBUART_CDCIsReady() == 0);
     ^
.\terminal.c:16:5: warning: implicit declaration of function 'USBUART_PutString' [-Wimplicit-function-declaration]
     USBUART_PutString(string);
     ^
arm-none-eabi-gcc.exe -mcpu=cortex-m3 -mthumb -Wno-main -I. -IGenerated_Source\PSoC5 -Wa,-alh=.\CortexM3\ARM_GCC_484\Debug/cyfitter_cfg.lst -g -D DEBUG -Wall -ffunction-sections -Og -c .\Generated_Source\PSoC5\cyfitter_cfg.c -o .\CortexM3\ARM_GCC_484\Debug\cyfitter_cfg.o
arm-none-eabi-gcc.exe -mcpu=cortex-m3 -mthumb -Wno-main -I. -IGenerated_Source\PSoC5 -Wa,-alh=.\CortexM3\ARM_GCC_484\Debug/cymetadata.lst -g -D DEBUG -Wall -ffunction-sections -Og -c .\Generated_Source\PSoC5\cymetadata.c -o .\CortexM3\ARM_GCC_484\Debug\cymetadata.o
arm-none-eabi-gcc.exe -mcpu=cortex-m3 -mthumb -Wno-main -I. -IGenerated_Source\PSoC5 -Wa,-alh=.\CortexM3\ARM_GCC_484\Debug/Cm3Start.lst -g -D DEBUG -Wall -ffunction-sections -Og -c .\Generated_Source\PSoC5\Cm3Start.c -o .\CortexM3\ARM_GCC_484\Debug\Cm3Start.o
arm-none-eabi-as.exe -mcpu=cortex-m3 -mthumb -I. -IGenerated_Source\PSoC5 -alh=.\CortexM3\ARM_GCC_484\Debug/CyBootAsmGnu.lst -g -W -o .\CortexM3\ARM_GCC_484\Debug\CyBootAsmGnu.o .\Generated_Source\PSoC5\CyBootAsmGnu.s
arm-none-eabi-gcc.exe -mcpu=cortex-m3 -mthumb -Wno-main -I. -IGenerated_Source\PSoC5 -Wa,-alh=.\CortexM3\ARM_GCC_484\Debug/CyDmac.lst -g -D DEBUG -Wall -ffunction-sections -Og -c .\Generated_Source\PSoC5\CyDmac.c -o .\CortexM3\ARM_GCC_484\Debug\CyDmac.o
arm-none-eabi-gcc.exe -mcpu=cortex-m3 -mthumb -Wno-main -I. -IGenerated_Source\PSoC5 -Wa,-alh=.\CortexM3\ARM_GCC_484\Debug/CyFlash.lst -g -D DEBUG -Wall -ffunction-sections -Og -c .\Generated_Source\PSoC5\CyFlash.c -o .\CortexM3\ARM_GCC_484\Debug\CyFlash.o
arm-none-eabi-gcc.exe -mcpu=cortex-m3 -mthumb -Wno-main -I. -IGenerated_Source\PSoC5 -Wa,-alh=.\CortexM3\ARM_GCC_484\Debug/CyLib.lst -g -D DEBUG -Wall -ffunction-sections -Og -c .\Generated_Source\PSoC5\CyLib.c -o .\CortexM3\ARM_GCC_484\Debug\CyLib.o
arm-none-eabi-gcc.exe -mcpu=cortex-m3 -mthumb -Wno-main -I. -IGenerated_Source\PSoC5 -Wa,-alh=.\CortexM3\ARM_GCC_484\Debug/cyPm.lst -g -D DEBUG -Wall -ffunction-sections -Og -c .\Generated_Source\PSoC5\cyPm.c -o .\CortexM3\ARM_GCC_484\Debug\cyPm.o
arm-none-eabi-gcc.exe -mcpu=cortex-m3 -mthumb -Wno-main -I. -IGenerated_Source\PSoC5 -Wa,-alh=.\CortexM3\ARM_GCC_484\Debug/CySpc.lst -g -D DEBUG -Wall -ffunction-sections -Og -c .\Generated_Source\PSoC5\CySpc.c -o .\CortexM3\ARM_GCC_484\Debug\CySpc.o
arm-none-eabi-gcc.exe -mcpu=cortex-m3 -mthumb -Wno-main -I. -IGenerated_Source\PSoC5 -Wa,-alh=.\CortexM3\ARM_GCC_484\Debug/cyutils.lst -g -D DEBUG -Wall -ffunction-sections -Og -c .\Generated_Source\PSoC5\cyutils.c -o .\CortexM3\ARM_GCC_484\Debug\cyutils.o
arm-none-eabi-gcc.exe -mcpu=cortex-m3 -mthumb -Wno-main -I. -IGenerated_Source\PSoC5 -Wa,-alh=.\CortexM3\ARM_GCC_484\Debug/Pin_1.lst -g -D DEBUG -Wall -ffunction-sections -Og -c .\Generated_Source\PSoC5\Pin_1.c -o .\CortexM3\ARM_GCC_484\Debug\Pin_1.o
arm-none-eabi-gcc.exe -mcpu=cortex-m3 -mthumb -Wno-main -I. -IGenerated_Source\PSoC5 -Wa,-alh=.\CortexM3\ARM_GCC_484\Debug/LCD.lst -g -D DEBUG -Wall -ffunction-sections -Og -c .\Generated_Source\PSoC5\LCD.c -o .\CortexM3\ARM_GCC_484\Debug\LCD.o
arm-none-eabi-gcc.exe -mcpu=cortex-m3 -mthumb -Wno-main -I. -IGenerated_Source\PSoC5 -Wa,-alh=.\CortexM3\ARM_GCC_484\Debug/LCD_PM.lst -g -D DEBUG -Wall -ffunction-sections -Og -c .\Generated_Source\PSoC5\LCD_PM.c -o .\CortexM3\ARM_GCC_484\Debug\LCD_PM.o
arm-none-eabi-gcc.exe -mcpu=cortex-m3 -mthumb -Wno-main -I. -IGenerated_Source\PSoC5 -Wa,-alh=.\CortexM3\ARM_GCC_484\Debug/LCD_BarGraph.lst -g -D DEBUG -Wall -ffunction-sections -Og -c .\Generated_Source\PSoC5\LCD_BarGraph.c -o .\CortexM3\ARM_GCC_484\Debug\LCD_BarGraph.o
arm-none-eabi-gcc.exe -mcpu=cortex-m3 -mthumb -Wno-main -I. -IGenerated_Source\PSoC5 -Wa,-alh=.\CortexM3\ARM_GCC_484\Debug/LCD_LCDPort.lst -g -D DEBUG -Wall -ffunction-sections -Og -c .\Generated_Source\PSoC5\LCD_LCDPort.c -o .\CortexM3\ARM_GCC_484\Debug\LCD_LCDPort.o
arm-none-eabi-gcc.exe -mcpu=cortex-m3 -mthumb -Wno-main -I. -IGenerated_Source\PSoC5 -Wa,-alh=.\CortexM3\ARM_GCC_484\Debug/Speaker_Output.lst -g -D DEBUG -Wall -ffunction-sections -Og -c .\Generated_Source\PSoC5\Speaker_Output.c -o .\CortexM3\ARM_GCC_484\Debug\Speaker_Output.o
arm-none-eabi-gcc.exe -mcpu=cortex-m3 -mthumb -Wno-main -I. -IGenerated_Source\PSoC5 -Wa,-alh=.\CortexM3\ARM_GCC_484\Debug/CapSense.lst -g -D DEBUG -Wall -ffunction-sections -Og -c .\Generated_Source\PSoC5\CapSense.c -o .\CortexM3\ARM_GCC_484\Debug\CapSense.o
arm-none-eabi-gcc.exe -mcpu=cortex-m3 -mthumb -Wno-main -I. -IGenerated_Source\PSoC5 -Wa,-alh=.\CortexM3\ARM_GCC_484\Debug/CapSense_CSHL.lst -g -D DEBUG -Wall -ffunction-sections -Og -c .\Generated_Source\PSoC5\CapSense_CSHL.c -o .\CortexM3\ARM_GCC_484\Debug\CapSense_CSHL.o
arm-none-eabi-gcc.exe -mcpu=cortex-m3 -mthumb -Wno-main -I. -IGenerated_Source\PSoC5 -Wa,-alh=.\CortexM3\ARM_GCC_484\Debug/CapSense_INT.lst -g -D DEBUG -Wall -ffunction-sections -Og -c .\Generated_Source\PSoC5\CapSense_INT.c -o .\CortexM3\ARM_GCC_484\Debug\CapSense_INT.o
arm-none-eabi-gcc.exe -mcpu=cortex-m3 -mthumb -Wno-main -I. -IGenerated_Source\PSoC5 -Wa,-alh=.\CortexM3\ARM_GCC_484\Debug/CapSense_Pins.lst -g -D DEBUG -Wall -ffunction-sections -Og -c .\Generated_Source\PSoC5\CapSense_Pins.c -o .\CortexM3\ARM_GCC_484\Debug\CapSense_Pins.o
arm-none-eabi-gcc.exe -mcpu=cortex-m3 -mthumb -Wno-main -I. -IGenerated_Source\PSoC5 -Wa,-alh=.\CortexM3\ARM_GCC_484\Debug/CapSense_PM.lst -g -D DEBUG -Wall -ffunction-sections -Og -c .\Generated_Source\PSoC5\CapSense_PM.c -o .\CortexM3\ARM_GCC_484\Debug\CapSense_PM.o
arm-none-eabi-gcc.exe -mcpu=cortex-m3 -mthumb -Wno-main -I. -IGenerated_Source\PSoC5 -Wa,-alh=.\CortexM3\ARM_GCC_484\Debug/CapSense_SMS_Wrapper.lst -g -D DEBUG -Wall -ffunction-sections -Og -c .\Generated_Source\PSoC5\CapSense_SMS_Wrapper.c -o .\CortexM3\ARM_GCC_484\Debug\CapSense_SMS_Wrapper.o
arm-none-eabi-gcc.exe -mcpu=cortex-m3 -mthumb -Wno-main -I. -IGenerated_Source\PSoC5 -Wa,-alh=.\CortexM3\ARM_GCC_484\Debug/CapSense_TunerHelper.lst -g -D DEBUG -Wall -ffunction-sections -Og -c .\Generated_Source\PSoC5\CapSense_TunerHelper.c -o .\CortexM3\ARM_GCC_484\Debug\CapSense_TunerHelper.o
arm-none-eabi-gcc.exe -mcpu=cortex-m3 -mthumb -Wno-main -I. -IGenerated_Source\PSoC5 -Wa,-alh=.\CortexM3\ARM_GCC_484\Debug/CapSense_CompCH0.lst -g -D DEBUG -Wall -ffunction-sections -Og -c .\Generated_Source\PSoC5\CapSense_CompCH0.c -o .\CortexM3\ARM_GCC_484\Debug\CapSense_CompCH0.o
arm-none-eabi-gcc.exe -mcpu=cortex-m3 -mthumb -Wno-main -I. -IGenerated_Source\PSoC5 -Wa,-alh=.\CortexM3\ARM_GCC_484\Debug/CapSense_CompCH0_PM.lst -g -D DEBUG -Wall -ffunction-sections -Og -c .\Generated_Source\PSoC5\CapSense_CompCH0_PM.c -o .\CortexM3\ARM_GCC_484\Debug\CapSense_CompCH0_PM.o
arm-none-eabi-gcc.exe -mcpu=cortex-m3 -mthumb -Wno-main -I. -IGenerated_Source\PSoC5 -Wa,-alh=.\CortexM3\ARM_GCC_484\Debug/CapSense_IdacCH0.lst -g -D DEBUG -Wall -ffunction-sections -Og -c .\Generated_Source\PSoC5\CapSense_IdacCH0.c -o .\CortexM3\ARM_GCC_484\Debug\CapSense_IdacCH0.o
arm-none-eabi-gcc.exe -mcpu=cortex-m3 -mthumb -Wno-main -I. -IGenerated_Source\PSoC5 -Wa,-alh=.\CortexM3\ARM_GCC_484\Debug/CapSense_IdacCH0_PM.lst -g -D DEBUG -Wall -ffunction-sections -Og -c .\Generated_Source\PSoC5\CapSense_IdacCH0_PM.c -o .\CortexM3\ARM_GCC_484\Debug\CapSense_IdacCH0_PM.o
arm-none-eabi-gcc.exe -mcpu=cortex-m3 -mthumb -Wno-main -I. -IGenerated_Source\PSoC5 -Wa,-alh=.\CortexM3\ARM_GCC_484\Debug/CapSense_AMuxCH0.lst -g -D DEBUG -Wall -ffunction-sections -Og -c .\Generated_Source\PSoC5\CapSense_AMuxCH0.c -o .\CortexM3\ARM_GCC_484\Debug\CapSense_AMuxCH0.o
arm-none-eabi-gcc.exe -mcpu=cortex-m3 -mthumb -Wno-main -I. -IGenerated_Source\PSoC5 -Wa,-alh=.\CortexM3\ARM_GCC_484\Debug/CapSense_IntClock.lst -g -D DEBUG -Wall -ffunction-sections -Og -c .\Generated_Source\PSoC5\CapSense_IntClock.c -o .\CortexM3\ARM_GCC_484\Debug\CapSense_IntClock.o
arm-none-eabi-gcc.exe -mcpu=cortex-m3 -mthumb -Wno-main -I. -IGenerated_Source\PSoC5 -Wa,-alh=.\CortexM3\ARM_GCC_484\Debug/HEARTRATE_ANALOG_IN.lst -g -D DEBUG -Wall -ffunction-sections -Og -c .\Generated_Source\PSoC5\HEARTRATE_ANALOG_IN.c -o .\CortexM3\ARM_GCC_484\Debug\HEARTRATE_ANALOG_IN.o
arm-none-eabi-gcc.exe -mcpu=cortex-m3 -mthumb -Wno-main -I. -IGenerated_Source\PSoC5 -Wa,-alh=.\CortexM3\ARM_GCC_484\Debug/PGA_1.lst -g -D DEBUG -Wall -ffunction-sections -Og -c .\Generated_Source\PSoC5\PGA_1.c -o .\CortexM3\ARM_GCC_484\Debug\PGA_1.o
arm-none-eabi-gcc.exe -mcpu=cortex-m3 -mthumb -Wno-main -I. -IGenerated_Source\PSoC5 -Wa,-alh=.\CortexM3\ARM_GCC_484\Debug/PGA_1_PM.lst -g -D DEBUG -Wall -ffunction-sections -Og -c .\Generated_Source\PSoC5\PGA_1_PM.c -o .\CortexM3\ARM_GCC_484\Debug\PGA_1_PM.o
arm-none-eabi-gcc.exe -mcpu=cortex-m3 -mthumb -Wno-main -I. -IGenerated_Source\PSoC5 -Wa,-alh=.\CortexM3\ARM_GCC_484\Debug/Comp.lst -g -D DEBUG -Wall -ffunction-sections -Og -c .\Generated_Source\PSoC5\Comp.c -o .\CortexM3\ARM_GCC_484\Debug\Comp.o
arm-none-eabi-gcc.exe -mcpu=cortex-m3 -mthumb -Wno-main -I. -IGenerated_Source\PSoC5 -Wa,-alh=.\CortexM3\ARM_GCC_484\Debug/Comp_PM.lst -g -D DEBUG -Wall -ffunction-sections -Og -c .\Generated_Source\PSoC5\Comp_PM.c -o .\CortexM3\ARM_GCC_484\Debug\Comp_PM.o
arm-none-eabi-gcc.exe -mcpu=cortex-m3 -mthumb -Wno-main -I. -IGenerated_Source\PSoC5 -Wa,-alh=.\CortexM3\ARM_GCC_484\Debug/WaveDAC8_1_DacClk.lst -g -D DEBUG -Wall -ffunction-sections -Og -c .\Generated_Source\PSoC5\WaveDAC8_1_DacClk.c -o .\CortexM3\ARM_GCC_484\Debug\WaveDAC8_1_DacClk.o
arm-none-eabi-gcc.exe -mcpu=cortex-m3 -mthumb -Wno-main -I. -IGenerated_Source\PSoC5 -Wa,-alh=.\CortexM3\ARM_GCC_484\Debug/WaveDAC8_1_Wave1_DMA_dma.lst -g -D DEBUG -Wall -ffunction-sections -Og -c .\Generated_Source\PSoC5\WaveDAC8_1_Wave1_DMA_dma.c -o .\CortexM3\ARM_GCC_484\Debug\WaveDAC8_1_Wave1_DMA_dma.o
arm-none-eabi-gcc.exe -mcpu=cortex-m3 -mthumb -Wno-main -I. -IGenerated_Source\PSoC5 -Wa,-alh=.\CortexM3\ARM_GCC_484\Debug/WaveDAC8_1_Wave2_DMA_dma.lst -g -D DEBUG -Wall -ffunction-sections -Og -c .\Generated_Source\PSoC5\WaveDAC8_1_Wave2_DMA_dma.c -o .\CortexM3\ARM_GCC_484\Debug\WaveDAC8_1_Wave2_DMA_dma.o
arm-none-eabi-gcc.exe -mcpu=cortex-m3 -mthumb -Wno-main -I. -IGenerated_Source\PSoC5 -Wa,-alh=.\CortexM3\ARM_GCC_484\Debug/WaveDAC8_1_VDAC8.lst -g -D DEBUG -Wall -ffunction-sections -Og -c .\Generated_Source\PSoC5\WaveDAC8_1_VDAC8.c -o .\CortexM3\ARM_GCC_484\Debug\WaveDAC8_1_VDAC8.o
arm-none-eabi-gcc.exe -mcpu=cortex-m3 -mthumb -Wno-main -I. -IGenerated_Source\PSoC5 -Wa,-alh=.\CortexM3\ARM_GCC_484\Debug/WaveDAC8_1_VDAC8_PM.lst -g -D DEBUG -Wall -ffunction-sections -Og -c .\Generated_Source\PSoC5\WaveDAC8_1_VDAC8_PM.c -o .\CortexM3\ARM_GCC_484\Debug\WaveDAC8_1_VDAC8_PM.o
arm-none-eabi-gcc.exe -mcpu=cortex-m3 -mthumb -Wno-main -I. -IGenerated_Source\PSoC5 -Wa,-alh=.\CortexM3\ARM_GCC_484\Debug/WaveDAC8_1.lst -g -D DEBUG -Wall -ffunction-sections -Og -c .\Generated_Source\PSoC5\WaveDAC8_1.c -o .\CortexM3\ARM_GCC_484\Debug\WaveDAC8_1.o
arm-none-eabi-gcc.exe -mcpu=cortex-m3 -mthumb -Wno-main -I. -IGenerated_Source\PSoC5 -Wa,-alh=.\CortexM3\ARM_GCC_484\Debug/WaveDAC8_1_PM.lst -g -D DEBUG -Wall -ffunction-sections -Og -c .\Generated_Source\PSoC5\WaveDAC8_1_PM.c -o .\CortexM3\ARM_GCC_484\Debug\WaveDAC8_1_PM.o
arm-none-eabi-gcc.exe -mcpu=cortex-m3 -mthumb -Wno-main -I. -IGenerated_Source\PSoC5 -Wa,-alh=.\CortexM3\ARM_GCC_484\Debug/amp.lst -g -D DEBUG -Wall -ffunction-sections -Og -c .\Generated_Source\PSoC5\amp.c -o .\CortexM3\ARM_GCC_484\Debug\amp.o
arm-none-eabi-gcc.exe -mcpu=cortex-m3 -mthumb -Wno-main -I. -IGenerated_Source\PSoC5 -Wa,-alh=.\CortexM3\ARM_GCC_484\Debug/Compint.lst -g -D DEBUG -Wall -ffunction-sections -Og -c .\Generated_Source\PSoC5\Compint.c -o .\CortexM3\ARM_GCC_484\Debug\Compint.o
arm-none-eabi-gcc.exe -mcpu=cortex-m3 -mthumb -Wno-main -I. -IGenerated_Source\PSoC5 -Wa,-alh=.\CortexM3\ARM_GCC_484\Debug/HeartbeatCounter.lst -g -D DEBUG -Wall -ffunction-sections -Og -c .\Generated_Source\PSoC5\HeartbeatCounter.c -o .\CortexM3\ARM_GCC_484\Debug\HeartbeatCounter.o
arm-none-eabi-gcc.exe -mcpu=cortex-m3 -mthumb -Wno-main -I. -IGenerated_Source\PSoC5 -Wa,-alh=.\CortexM3\ARM_GCC_484\Debug/HeartbeatCounter_PM.lst -g -D DEBUG -Wall -ffunction-sections -Og -c .\Generated_Source\PSoC5\HeartbeatCounter_PM.c -o .\CortexM3\ARM_GCC_484\Debug\HeartbeatCounter_PM.o
arm-none-eabi-gcc.exe -mcpu=cortex-m3 -mthumb -Wno-main -I. -IGenerated_Source\PSoC5 -Wa,-alh=.\CortexM3\ARM_GCC_484\Debug/USBUART.lst -g -D DEBUG -Wall -ffunction-sections -Og -c .\Generated_Source\PSoC5\USBUART.c -o .\CortexM3\ARM_GCC_484\Debug\USBUART.o
arm-none-eabi-gcc.exe -mcpu=cortex-m3 -mthumb -Wno-main -I. -IGenerated_Source\PSoC5 -Wa,-alh=.\CortexM3\ARM_GCC_484\Debug/USBUART_audio.lst -g -D DEBUG -Wall -ffunction-sections -Og -c .\Generated_Source\PSoC5\USBUART_audio.c -o .\CortexM3\ARM_GCC_484\Debug\USBUART_audio.o
arm-none-eabi-gcc.exe -mcpu=cortex-m3 -mthumb -Wno-main -I. -IGenerated_Source\PSoC5 -Wa,-alh=.\CortexM3\ARM_GCC_484\Debug/USBUART_BOOT.lst -g -D DEBUG -Wall -ffunction-sections -Og -c .\Generated_Source\PSoC5\USBUART_BOOT.c -o .\CortexM3\ARM_GCC_484\Debug\USBUART_BOOT.o
arm-none-eabi-gcc.exe -mcpu=cortex-m3 -mthumb -Wno-main -I. -IGenerated_Source\PSoC5 -Wa,-alh=.\CortexM3\ARM_GCC_484\Debug/USBUART_cdc.lst -g -D DEBUG -Wall -ffunction-sections -Og -c .\Generated_Source\PSoC5\USBUART_cdc.c -o .\CortexM3\ARM_GCC_484\Debug\USBUART_cdc.o
arm-none-eabi-gcc.exe -mcpu=cortex-m3 -mthumb -Wno-main -I. -IGenerated_Source\PSoC5 -Wa,-alh=.\CortexM3\ARM_GCC_484\Debug/USBUART_cls.lst -g -D DEBUG -Wall -ffunction-sections -Og -c .\Generated_Source\PSoC5\USBUART_cls.c -o .\CortexM3\ARM_GCC_484\Debug\USBUART_cls.o
arm-none-eabi-gcc.exe -mcpu=cortex-m3 -mthumb -Wno-main -I. -IGenerated_Source\PSoC5 -Wa,-alh=.\CortexM3\ARM_GCC_484\Debug/USBUART_descr.lst -g -D DEBUG -Wall -ffunction-sections -Og -c .\Generated_Source\PSoC5\USBUART_descr.c -o .\CortexM3\ARM_GCC_484\Debug\USBUART_descr.o
arm-none-eabi-gcc.exe -mcpu=cortex-m3 -mthumb -Wno-main -I. -IGenerated_Source\PSoC5 -Wa,-alh=.\CortexM3\ARM_GCC_484\Debug/USBUART_drv.lst -g -D DEBUG -Wall -ffunction-sections -Og -c .\Generated_Source\PSoC5\USBUART_drv.c -o .\CortexM3\ARM_GCC_484\Debug\USBUART_drv.o
arm-none-eabi-gcc.exe -mcpu=cortex-m3 -mthumb -Wno-main -I. -IGenerated_Source\PSoC5 -Wa,-alh=.\CortexM3\ARM_GCC_484\Debug/USBUART_episr.lst -g -D DEBUG -Wall -ffunction-sections -Og -c .\Generated_Source\PSoC5\USBUART_episr.c -o .\CortexM3\ARM_GCC_484\Debug\USBUART_episr.o
arm-none-eabi-gcc.exe -mcpu=cortex-m3 -mthumb -Wno-main -I. -IGenerated_Source\PSoC5 -Wa,-alh=.\CortexM3\ARM_GCC_484\Debug/USBUART_hid.lst -g -D DEBUG -Wall -ffunction-sections -Og -c .\Generated_Source\PSoC5\USBUART_hid.c -o .\CortexM3\ARM_GCC_484\Debug\USBUART_hid.o
arm-none-eabi-gcc.exe -mcpu=cortex-m3 -mthumb -Wno-main -I. -IGenerated_Source\PSoC5 -Wa,-alh=.\CortexM3\ARM_GCC_484\Debug/USBUART_PM.lst -g -D DEBUG -Wall -ffunction-sections -Og -c .\Generated_Source\PSoC5\USBUART_PM.c -o .\CortexM3\ARM_GCC_484\Debug\USBUART_PM.o
arm-none-eabi-gcc.exe -mcpu=cortex-m3 -mthumb -Wno-main -I. -IGenerated_Source\PSoC5 -Wa,-alh=.\CortexM3\ARM_GCC_484\Debug/USBUART_std.lst -g -D DEBUG -Wall -ffunction-sections -Og -c .\Generated_Source\PSoC5\USBUART_std.c -o .\CortexM3\ARM_GCC_484\Debug\USBUART_std.o
arm-none-eabi-gcc.exe -mcpu=cortex-m3 -mthumb -Wno-main -I. -IGenerated_Source\PSoC5 -Wa,-alh=.\CortexM3\ARM_GCC_484\Debug/USBUART_vnd.lst -g -D DEBUG -Wall -ffunction-sections -Og -c .\Generated_Source\PSoC5\USBUART_vnd.c -o .\CortexM3\ARM_GCC_484\Debug\USBUART_vnd.o
arm-none-eabi-gcc.exe -mcpu=cortex-m3 -mthumb -Wno-main -I. -IGenerated_Source\PSoC5 -Wa,-alh=.\CortexM3\ARM_GCC_484\Debug/USBUART_midi.lst -g -D DEBUG -Wall -ffunction-sections -Og -c .\Generated_Source\PSoC5\USBUART_midi.c -o .\CortexM3\ARM_GCC_484\Debug\USBUART_midi.o
arm-none-eabi-gcc.exe -mcpu=cortex-m3 -mthumb -Wno-main -I. -IGenerated_Source\PSoC5 -Wa,-alh=.\CortexM3\ARM_GCC_484\Debug/USBUART_Dm.lst -g -D DEBUG -Wall -ffunction-sections -Og -c .\Generated_Source\PSoC5\USBUART_Dm.c -o .\CortexM3\ARM_GCC_484\Debug\USBUART_Dm.o
arm-none-eabi-gcc.exe -mcpu=cortex-m3 -mthumb -Wno-main -I. -IGenerated_Source\PSoC5 -Wa,-alh=.\CortexM3\ARM_GCC_484\Debug/USBUART_Dp.lst -g -D DEBUG -Wall -ffunction-sections -Og -c .\Generated_Source\PSoC5\USBUART_Dp.c -o .\CortexM3\ARM_GCC_484\Debug\USBUART_Dp.o
arm-none-eabi-gcc.exe -mcpu=cortex-m3 -mthumb -Wno-main -I. -IGenerated_Source\PSoC5 -Wa,-alh=.\CortexM3\ARM_GCC_484\Debug/timer_clock_1.lst -g -D DEBUG -Wall -ffunction-sections -Og -c .\Generated_Source\PSoC5\timer_clock_1.c -o .\CortexM3\ARM_GCC_484\Debug\timer_clock_1.o
arm-none-eabi-ar.exe -rs .\CortexM3\ARM_GCC_484\Debug\Design01.a .\CortexM3\ARM_GCC_484\Debug\cyfitter_cfg.o .\CortexM3\ARM_GCC_484\Debug\CyBootAsmGnu.o .\CortexM3\ARM_GCC_484\Debug\CyDmac.o .\CortexM3\ARM_GCC_484\Debug\CyFlash.o .\CortexM3\ARM_GCC_484\Debug\CyLib.o .\CortexM3\ARM_GCC_484\Debug\cyPm.o .\CortexM3\ARM_GCC_484\Debug\CySpc.o .\CortexM3\ARM_GCC_484\Debug\cyutils.o .\CortexM3\ARM_GCC_484\Debug\Pin_1.o .\CortexM3\ARM_GCC_484\Debug\LCD.o .\CortexM3\ARM_GCC_484\Debug\LCD_PM.o .\CortexM3\ARM_GCC_484\Debug\LCD_BarGraph.o .\CortexM3\ARM_GCC_484\Debug\LCD_LCDPort.o .\CortexM3\ARM_GCC_484\Debug\Speaker_Output.o .\CortexM3\ARM_GCC_484\Debug\CapSense.o .\CortexM3\ARM_GCC_484\Debug\CapSense_CSHL.o .\CortexM3\ARM_GCC_484\Debug\CapSense_INT.o .\CortexM3\ARM_GCC_484\Debug\CapSense_Pins.o .\CortexM3\ARM_GCC_484\Debug\CapSense_PM.o .\CortexM3\ARM_GCC_484\Debug\CapSense_SMS_Wrapper.o .\CortexM3\ARM_GCC_484\Debug\CapSense_TunerHelper.o .\CortexM3\ARM_GCC_484\Debug\CapSense_CompCH0.o .\CortexM3\ARM_GCC_484\Debug\CapSense_CompCH0_PM.o .\CortexM3\ARM_GCC_484\Debug\CapSense_IdacCH0.o .\CortexM3\ARM_GCC_484\Debug\CapSense_IdacCH0_PM.o .\CortexM3\ARM_GCC_484\Debug\CapSense_AMuxCH0.o .\CortexM3\ARM_GCC_484\Debug\CapSense_IntClock.o .\CortexM3\ARM_GCC_484\Debug\HEARTRATE_ANALOG_IN.o .\CortexM3\ARM_GCC_484\Debug\PGA_1.o .\CortexM3\ARM_GCC_484\Debug\PGA_1_PM.o .\CortexM3\ARM_GCC_484\Debug\Comp.o .\CortexM3\ARM_GCC_484\Debug\Comp_PM.o .\CortexM3\ARM_GCC_484\Debug\WaveDAC8_1_DacClk.o .\CortexM3\ARM_GCC_484\Debug\WaveDAC8_1_Wave1_DMA_dma.o .\CortexM3\ARM_GCC_484\Debug\WaveDAC8_1_Wave2_DMA_dma.o .\CortexM3\ARM_GCC_484\Debug\WaveDAC8_1_VDAC8.o .\CortexM3\ARM_GCC_484\Debug\WaveDAC8_1_VDAC8_PM.o .\CortexM3\ARM_GCC_484\Debug\WaveDAC8_1.o .\CortexM3\ARM_GCC_484\Debug\WaveDAC8_1_PM.o .\CortexM3\ARM_GCC_484\Debug\amp.o .\CortexM3\ARM_GCC_484\Debug\Compint.o .\CortexM3\ARM_GCC_484\Debug\HeartbeatCounter.o .\CortexM3\ARM_GCC_484\Debug\HeartbeatCounter_PM.o .\CortexM3\ARM_GCC_484\Debug\USBUART.o .\CortexM3\ARM_GCC_484\Debug\USBUART_audio.o .\CortexM3\ARM_GCC_484\Debug\USBUART_BOOT.o .\CortexM3\ARM_GCC_484\Debug\USBUART_cdc.o .\CortexM3\ARM_GCC_484\Debug\USBUART_cls.o .\CortexM3\ARM_GCC_484\Debug\USBUART_descr.o .\CortexM3\ARM_GCC_484\Debug\USBUART_drv.o .\CortexM3\ARM_GCC_484\Debug\USBUART_episr.o .\CortexM3\ARM_GCC_484\Debug\USBUART_hid.o .\CortexM3\ARM_GCC_484\Debug\USBUART_PM.o .\CortexM3\ARM_GCC_484\Debug\USBUART_std.o .\CortexM3\ARM_GCC_484\Debug\USBUART_vnd.o .\CortexM3\ARM_GCC_484\Debug\USBUART_midi.o .\CortexM3\ARM_GCC_484\Debug\USBUART_Dm.o .\CortexM3\ARM_GCC_484\Debug\USBUART_Dp.o .\CortexM3\ARM_GCC_484\Debug\timer_clock_1.o
arm-none-eabi-ar.exe: creating .\CortexM3\ARM_GCC_484\Debug\Design01.a
arm-none-eabi-gcc.exe -Wl,--start-group -o .\CortexM3\ARM_GCC_484\Debug\Design01.elf .\CortexM3\ARM_GCC_484\Debug\states.o .\CortexM3\ARM_GCC_484\Debug\motor.o .\CortexM3\ARM_GCC_484\Debug\speaker.o .\CortexM3\ARM_GCC_484\Debug\display.o .\CortexM3\ARM_GCC_484\Debug\system.o .\CortexM3\ARM_GCC_484\Debug\heartrate.o .\CortexM3\ARM_GCC_484\Debug\main.o .\CortexM3\ARM_GCC_484\Debug\terminal.o .\CortexM3\ARM_GCC_484\Debug\cymetadata.o .\CortexM3\ARM_GCC_484\Debug\Cm3Start.o .\CortexM3\ARM_GCC_484\Debug\Design01.a "C:\Program Files (x86)\Cypress\PSoC Creator\3.2\PSoC Creator\psoc\content\cycomponentlibrary\CyComponentLibrary.cylib\CapSense_CSD_v3_50\Library\CapSenseLibrary_GCC.a" "C:\Program Files (x86)\Cypress\PSoC Creator\3.2\PSoC Creator\psoc\content\cycomponentlibrary\CyComponentLibrary.cylib\CortexM3\ARM_GCC_484\Debug\CyComponentLibrary.a" -mcpu=cortex-m3 -mthumb -g -ffunction-sections -Og -Wl,-Map,.\CortexM3\ARM_GCC_484\Debug/Design01.map -T Generated_Source\PSoC5\cm3gcc.ld -specs=nano.specs -u _printf_float -Wl,--gc-sections -Wl,--end-group
cyelftool.exe -C "C:\Users\ponioj\OneDrive\College\2015-2016 Senior Year\0 Fall Quarter\CE4920 011\Lab\project\CE4920Project1\Design01.cydsn\CortexM3\ARM_GCC_484\Debug\Design01.elf" --flash_row_size 256 --flash_size 262144
cyelftool.exe -S "C:\Users\ponioj\OneDrive\College\2015-2016 Senior Year\0 Fall Quarter\CE4920 011\Lab\project\CE4920Project1\Design01.cydsn\CortexM3\ARM_GCC_484\Debug\Design01.elf"
Flash used: 31232 of 262144 bytes (11.9 %).
SRAM used: 3181 of 65536 bytes (4.9 %). Stack: 2048 bytes. Heap: 128 bytes.
--------------- Rebuild Succeeded: 10/13/2015 11:27:21 ---------------
