ARM GAS  C:\Users\JohnP\AppData\Local\Temp\ccFgoC8A.s 			page 1


   1              		.syntax unified
   2              		.cpu cortex-m3
   3              		.fpu softvfp
   4              		.eabi_attribute 20, 1
   5              		.eabi_attribute 21, 1
   6              		.eabi_attribute 23, 3
   7              		.eabi_attribute 24, 1
   8              		.eabi_attribute 25, 1
   9              		.eabi_attribute 26, 1
  10              		.eabi_attribute 30, 1
  11              		.eabi_attribute 34, 1
  12              		.eabi_attribute 18, 4
  13              		.thumb
  14              		.file	"speaker.c"
  15              		.text
  16              	.Ltext0:
  17              		.cfi_sections	.debug_frame
  18              		.global	__aeabi_i2d
  19              		.global	__aeabi_dadd
  20              		.global	__aeabi_ddiv
  21              		.global	__aeabi_d2iz
  22              		.section	.text.calculatePeriodDelay,"ax",%progbits
  23              		.align	2
  24              		.global	calculatePeriodDelay
  25              		.thumb
  26              		.thumb_func
  27              		.type	calculatePeriodDelay, %function
  28              	calculatePeriodDelay:
  29              	.LFB3:
  30              		.file 1 ".\\speaker.c"
   1:.\speaker.c   **** /* ========================================
   2:.\speaker.c   ****  *
   3:.\speaker.c   ****  * Copyright YOUR COMPANY, THE YEAR
   4:.\speaker.c   ****  * All Rights Reserved
   5:.\speaker.c   ****  * UNPUBLISHED, LICENSED SOFTWARE.
   6:.\speaker.c   ****  *
   7:.\speaker.c   ****  * CONFIDENTIAL AND PROPRIETARY INFORMATION
   8:.\speaker.c   ****  * WHICH IS THE PROPERTY OF your company.
   9:.\speaker.c   ****  *
  10:.\speaker.c   ****  * ========================================
  11:.\speaker.c   **** */
  12:.\speaker.c   **** 
  13:.\speaker.c   **** #include "speaker.h"
  14:.\speaker.c   **** 
  15:.\speaker.c   **** #define B1 61.735
  16:.\speaker.c   **** #define B2 123.27
  17:.\speaker.c   **** #define B3 246.94
  18:.\speaker.c   **** #define B4 493.88
  19:.\speaker.c   **** 
  20:.\speaker.c   **** 
  21:.\speaker.c   **** #define F3S 185
  22:.\speaker.c   **** #define F4S 369.99
  23:.\speaker.c   **** 
  24:.\speaker.c   **** #define C1 16.352
  25:.\speaker.c   **** #define C2 65.406
  26:.\speaker.c   **** #define C3 130.81
  27:.\speaker.c   **** #define C4 261.63
ARM GAS  C:\Users\JohnP\AppData\Local\Temp\ccFgoC8A.s 			page 2


  28:.\speaker.c   **** #define C5 523.25
  29:.\speaker.c   **** #define C6 1046.5
  30:.\speaker.c   **** #define C7 2093
  31:.\speaker.c   **** #define C8 4186
  32:.\speaker.c   **** 
  33:.\speaker.c   **** 
  34:.\speaker.c   **** #define D2 73.416
  35:.\speaker.c   **** #define D3 146.83
  36:.\speaker.c   **** #define D4 293.66
  37:.\speaker.c   **** 
  38:.\speaker.c   **** #define E1 41.203
  39:.\speaker.c   **** #define E2 82.407
  40:.\speaker.c   **** #define E3 164.81
  41:.\speaker.c   **** #define E4 329.63
  42:.\speaker.c   **** 
  43:.\speaker.c   **** #define G1 48.999
  44:.\speaker.c   **** #define G2 97.999
  45:.\speaker.c   **** #define G3 196
  46:.\speaker.c   **** #define G4 392
  47:.\speaker.c   **** 
  48:.\speaker.c   **** #define C3S 138.59
  49:.\speaker.c   **** #define C4S 277.18
  50:.\speaker.c   **** 
  51:.\speaker.c   **** void Play_startup_music(){
  52:.\speaker.c   ****    Play_song_one();
  53:.\speaker.c   **** }
  54:.\speaker.c   **** 
  55:.\speaker.c   **** void Play_song_one() {
  56:.\speaker.c   ****     // F#, C#, B, C#
  57:.\speaker.c   ****     // C3 D3 C2 G2
  58:.\speaker.c   ****     Play_note(C4, C4/2);
  59:.\speaker.c   ****     CyDelay(32);
  60:.\speaker.c   ****     Play_note(D3, D3/3);
  61:.\speaker.c   ****     CyDelay(64);
  62:.\speaker.c   ****     Play_note(C3, C3/2);
  63:.\speaker.c   ****     CyDelay(32);
  64:.\speaker.c   ****     Play_note(G3, G3/3);
  65:.\speaker.c   ****     CyDelay(100);
  66:.\speaker.c   ****     int i = B1;
  67:.\speaker.c   ****     for (i; i>58; i--){
  68:.\speaker.c   ****        Play_note(i, i/2);   
  69:.\speaker.c   ****     }
  70:.\speaker.c   **** }
  71:.\speaker.c   **** 
  72:.\speaker.c   **** void Play_note(float toneFrequency, int duration) {
  73:.\speaker.c   ****     int toneHalfPeriod = 0;
  74:.\speaker.c   ****     toneHalfPeriod = calculatePeriodDelay( toneFrequency );
  75:.\speaker.c   ****     do
  76:.\speaker.c   ****     {
  77:.\speaker.c   ****         Speaker_Output_Write(1);
  78:.\speaker.c   ****         CyDelayUs(toneHalfPeriod);
  79:.\speaker.c   ****         Speaker_Output_Write(0);
  80:.\speaker.c   ****         CyDelayUs(toneHalfPeriod);
  81:.\speaker.c   ****         toneFrequency--; // make this many per second
  82:.\speaker.c   ****     }while(toneFrequency > duration); 
  83:.\speaker.c   **** }
  84:.\speaker.c   **** 
ARM GAS  C:\Users\JohnP\AppData\Local\Temp\ccFgoC8A.s 			page 3


  85:.\speaker.c   **** int calculatePeriodDelay(int frequency) {
  31              		.loc 1 85 0
  32              		.cfi_startproc
  33              		@ args = 0, pretend = 0, frame = 0
  34              		@ frame_needed = 0, uses_anonymous_args = 0
  35              	.LVL0:
  36 0000 08B5     		push	{r3, lr}
  37              		.cfi_def_cfa_offset 8
  38              		.cfi_offset 3, -8
  39              		.cfi_offset 14, -4
  86:.\speaker.c   ****     // put a boundary on the frequency
  87:.\speaker.c   ****     return (int)(1000000.0/(2.0*frequency)); // type cast to in   
  40              		.loc 1 87 0
  41 0002 FFF7FEFF 		bl	__aeabi_i2d
  42              	.LVL1:
  43 0006 0246     		mov	r2, r0
  44 0008 0B46     		mov	r3, r1
  45 000a FFF7FEFF 		bl	__aeabi_dadd
  46              	.LVL2:
  47 000e 0246     		mov	r2, r0
  48 0010 0B46     		mov	r3, r1
  49 0012 05A1     		adr	r1, .L2
  50 0014 D1E90001 		ldrd	r0, [r1]
  51 0018 FFF7FEFF 		bl	__aeabi_ddiv
  52              	.LVL3:
  53 001c FFF7FEFF 		bl	__aeabi_d2iz
  54              	.LVL4:
  88:.\speaker.c   **** }
  55              		.loc 1 88 0
  56 0020 08BD     		pop	{r3, pc}
  57              	.L3:
  58 0022 00BFAFF3 		.align	3
  58      0080
  59              	.L2:
  60 0028 00000000 		.word	0
  61 002c 80842E41 		.word	1093567616
  62              		.cfi_endproc
  63              	.LFE3:
  64              		.size	calculatePeriodDelay, .-calculatePeriodDelay
  65              		.global	__aeabi_f2iz
  66              		.global	__aeabi_fsub
  67              		.global	__aeabi_i2f
  68              		.global	__aeabi_fcmplt
  69              		.section	.text.Play_note,"ax",%progbits
  70              		.align	2
  71              		.global	Play_note
  72              		.thumb
  73              		.thumb_func
  74              		.type	Play_note, %function
  75              	Play_note:
  76              	.LFB2:
  72:.\speaker.c   **** void Play_note(float toneFrequency, int duration) {
  77              		.loc 1 72 0
  78              		.cfi_startproc
  79              		@ args = 0, pretend = 0, frame = 0
  80              		@ frame_needed = 0, uses_anonymous_args = 0
  81              	.LVL5:
ARM GAS  C:\Users\JohnP\AppData\Local\Temp\ccFgoC8A.s 			page 4


  82 0000 2DE9F843 		push	{r3, r4, r5, r6, r7, r8, r9, lr}
  83              		.cfi_def_cfa_offset 32
  84              		.cfi_offset 3, -32
  85              		.cfi_offset 4, -28
  86              		.cfi_offset 5, -24
  87              		.cfi_offset 6, -20
  88              		.cfi_offset 7, -16
  89              		.cfi_offset 8, -12
  90              		.cfi_offset 9, -8
  91              		.cfi_offset 14, -4
  92 0004 0446     		mov	r4, r0
  93 0006 8946     		mov	r9, r1
  94              	.LVL6:
  74:.\speaker.c   ****     toneHalfPeriod = calculatePeriodDelay( toneFrequency );
  95              		.loc 1 74 0
  96 0008 FFF7FEFF 		bl	__aeabi_f2iz
  97              	.LVL7:
  98 000c FFF7FEFF 		bl	calculatePeriodDelay
  99              	.LVL8:
 100 0010 0546     		mov	r5, r0
 101              	.LVL9:
 102              	.LBB2:
  77:.\speaker.c   ****         Speaker_Output_Write(1);
 103              		.loc 1 77 0
 104 0012 4FF00108 		mov	r8, #1
  79:.\speaker.c   ****         Speaker_Output_Write(0);
 105              		.loc 1 79 0
 106 0016 0027     		movs	r7, #0
  81:.\speaker.c   ****         toneFrequency--; // make this many per second
 107              		.loc 1 81 0
 108 0018 4FF07E56 		mov	r6, #1065353216
 109              	.LVL10:
 110              	.L5:
  77:.\speaker.c   ****         Speaker_Output_Write(1);
 111              		.loc 1 77 0 discriminator 1
 112 001c 4046     		mov	r0, r8
 113 001e FFF7FEFF 		bl	Speaker_Output_Write
 114              	.LVL11:
  78:.\speaker.c   ****         CyDelayUs(toneHalfPeriod);
 115              		.loc 1 78 0 discriminator 1
 116 0022 2846     		mov	r0, r5
 117 0024 FFF7FEFF 		bl	CyDelayUs
 118              	.LVL12:
  79:.\speaker.c   ****         Speaker_Output_Write(0);
 119              		.loc 1 79 0 discriminator 1
 120 0028 3846     		mov	r0, r7
 121 002a FFF7FEFF 		bl	Speaker_Output_Write
 122              	.LVL13:
  80:.\speaker.c   ****         CyDelayUs(toneHalfPeriod);
 123              		.loc 1 80 0 discriminator 1
 124 002e 2846     		mov	r0, r5
 125 0030 FFF7FEFF 		bl	CyDelayUs
 126              	.LVL14:
  81:.\speaker.c   ****         toneFrequency--; // make this many per second
 127              		.loc 1 81 0 discriminator 1
 128 0034 2046     		mov	r0, r4
 129 0036 3146     		mov	r1, r6
ARM GAS  C:\Users\JohnP\AppData\Local\Temp\ccFgoC8A.s 			page 5


 130 0038 FFF7FEFF 		bl	__aeabi_fsub
 131              	.LVL15:
 132 003c 0446     		mov	r4, r0
 133              	.LVL16:
 134              	.LBE2:
  82:.\speaker.c   ****     }while(toneFrequency > duration); 
 135              		.loc 1 82 0 discriminator 1
 136 003e 4846     		mov	r0, r9
 137              	.LVL17:
 138 0040 FFF7FEFF 		bl	__aeabi_i2f
 139              	.LVL18:
 140 0044 2146     		mov	r1, r4
 141 0046 FFF7FEFF 		bl	__aeabi_fcmplt
 142              	.LVL19:
 143 004a 0028     		cmp	r0, #0
 144 004c E6D1     		bne	.L5
  83:.\speaker.c   **** }
 145              		.loc 1 83 0
 146 004e BDE8F883 		pop	{r3, r4, r5, r6, r7, r8, r9, pc}
 147              		.cfi_endproc
 148              	.LFE2:
 149              		.size	Play_note, .-Play_note
 150 0052 00BF     		.section	.text.Play_song_one,"ax",%progbits
 151              		.align	2
 152              		.global	Play_song_one
 153              		.thumb
 154              		.thumb_func
 155              		.type	Play_song_one, %function
 156              	Play_song_one:
 157              	.LFB1:
  55:.\speaker.c   **** void Play_song_one() {
 158              		.loc 1 55 0
 159              		.cfi_startproc
 160              		@ args = 0, pretend = 0, frame = 0
 161              		@ frame_needed = 0, uses_anonymous_args = 0
 162 0000 10B5     		push	{r4, lr}
 163              		.cfi_def_cfa_offset 8
 164              		.cfi_offset 4, -8
 165              		.cfi_offset 14, -4
  58:.\speaker.c   ****     Play_note(C4, C4/2);
 166              		.loc 1 58 0
 167 0002 1548     		ldr	r0, .L10
 168 0004 8221     		movs	r1, #130
 169 0006 FFF7FEFF 		bl	Play_note
 170              	.LVL20:
  59:.\speaker.c   ****     CyDelay(32);
 171              		.loc 1 59 0
 172 000a 2020     		movs	r0, #32
 173 000c FFF7FEFF 		bl	CyDelay
 174              	.LVL21:
  60:.\speaker.c   ****     Play_note(D3, D3/3);
 175              		.loc 1 60 0
 176 0010 1248     		ldr	r0, .L10+4
 177 0012 3021     		movs	r1, #48
 178 0014 FFF7FEFF 		bl	Play_note
 179              	.LVL22:
  61:.\speaker.c   ****     CyDelay(64);
ARM GAS  C:\Users\JohnP\AppData\Local\Temp\ccFgoC8A.s 			page 6


 180              		.loc 1 61 0
 181 0018 4020     		movs	r0, #64
 182 001a FFF7FEFF 		bl	CyDelay
 183              	.LVL23:
  62:.\speaker.c   ****     Play_note(C3, C3/2);
 184              		.loc 1 62 0
 185 001e 1048     		ldr	r0, .L10+8
 186 0020 4121     		movs	r1, #65
 187 0022 FFF7FEFF 		bl	Play_note
 188              	.LVL24:
  63:.\speaker.c   ****     CyDelay(32);
 189              		.loc 1 63 0
 190 0026 2020     		movs	r0, #32
 191 0028 FFF7FEFF 		bl	CyDelay
 192              	.LVL25:
  64:.\speaker.c   ****     Play_note(G3, G3/3);
 193              		.loc 1 64 0
 194 002c 0D48     		ldr	r0, .L10+12
 195 002e 4121     		movs	r1, #65
 196 0030 FFF7FEFF 		bl	Play_note
 197              	.LVL26:
  65:.\speaker.c   ****     CyDelay(100);
 198              		.loc 1 65 0
 199 0034 6420     		movs	r0, #100
 200 0036 FFF7FEFF 		bl	CyDelay
 201              	.LVL27:
  66:.\speaker.c   ****     int i = B1;
 202              		.loc 1 66 0
 203 003a 3D24     		movs	r4, #61
  67:.\speaker.c   ****     for (i; i>58; i--){
 204              		.loc 1 67 0
 205 003c 08E0     		b	.L8
 206              	.LVL28:
 207              	.L9:
  68:.\speaker.c   ****        Play_note(i, i/2);   
 208              		.loc 1 68 0 discriminator 2
 209 003e 2046     		mov	r0, r4
 210 0040 FFF7FEFF 		bl	__aeabi_i2f
 211              	.LVL29:
 212 0044 04EBD471 		add	r1, r4, r4, lsr #31
 213 0048 4910     		asrs	r1, r1, #1
 214 004a FFF7FEFF 		bl	Play_note
 215              	.LVL30:
  67:.\speaker.c   ****     for (i; i>58; i--){
 216              		.loc 1 67 0 discriminator 2
 217 004e 013C     		subs	r4, r4, #1
 218              	.LVL31:
 219              	.L8:
  67:.\speaker.c   ****     for (i; i>58; i--){
 220              		.loc 1 67 0 is_stmt 0 discriminator 1
 221 0050 3A2C     		cmp	r4, #58
 222 0052 F4DC     		bgt	.L9
  70:.\speaker.c   **** }
 223              		.loc 1 70 0 is_stmt 1
 224 0054 10BD     		pop	{r4, pc}
 225              	.LVL32:
 226              	.L11:
ARM GAS  C:\Users\JohnP\AppData\Local\Temp\ccFgoC8A.s 			page 7


 227 0056 00BF     		.align	2
 228              	.L10:
 229 0058 A4D08243 		.word	1132646564
 230 005c 7BD41243 		.word	1125307515
 231 0060 5CCF0243 		.word	1124257628
 232 0064 00004443 		.word	1128529920
 233              		.cfi_endproc
 234              	.LFE1:
 235              		.size	Play_song_one, .-Play_song_one
 236              		.section	.text.Play_startup_music,"ax",%progbits
 237              		.align	2
 238              		.global	Play_startup_music
 239              		.thumb
 240              		.thumb_func
 241              		.type	Play_startup_music, %function
 242              	Play_startup_music:
 243              	.LFB0:
  51:.\speaker.c   **** void Play_startup_music(){
 244              		.loc 1 51 0
 245              		.cfi_startproc
 246              		@ args = 0, pretend = 0, frame = 0
 247              		@ frame_needed = 0, uses_anonymous_args = 0
 248 0000 08B5     		push	{r3, lr}
 249              		.cfi_def_cfa_offset 8
 250              		.cfi_offset 3, -8
 251              		.cfi_offset 14, -4
  52:.\speaker.c   ****    Play_song_one();
 252              		.loc 1 52 0
 253 0002 FFF7FEFF 		bl	Play_song_one
 254              	.LVL33:
 255 0006 08BD     		pop	{r3, pc}
 256              		.cfi_endproc
 257              	.LFE0:
 258              		.size	Play_startup_music, .-Play_startup_music
 259              		.text
 260              	.Letext0:
 261              		.section	.debug_info,"",%progbits
 262              	.Ldebug_info0:
 263 0000 5A020000 		.4byte	0x25a
 264 0004 0400     		.2byte	0x4
 265 0006 00000000 		.4byte	.Ldebug_abbrev0
 266 000a 04       		.byte	0x4
 267 000b 01       		.uleb128 0x1
 268 000c D4000000 		.4byte	.LASF10
 269 0010 01       		.byte	0x1
 270 0011 73000000 		.4byte	.LASF11
 271 0015 88000000 		.4byte	.LASF12
 272 0019 00000000 		.4byte	.Ldebug_ranges0+0
 273 001d 00000000 		.4byte	0
 274 0021 00000000 		.4byte	.Ldebug_line0
 275 0025 02       		.uleb128 0x2
 276 0026 5E000000 		.4byte	.LASF13
 277 002a 01       		.byte	0x1
 278 002b 55       		.byte	0x55
 279 002c 4E000000 		.4byte	0x4e
 280 0030 00000000 		.4byte	.LFB3
 281 0034 30000000 		.4byte	.LFE3-.LFB3
ARM GAS  C:\Users\JohnP\AppData\Local\Temp\ccFgoC8A.s 			page 8


 282 0038 01       		.uleb128 0x1
 283 0039 9C       		.byte	0x9c
 284 003a 4E000000 		.4byte	0x4e
 285 003e 03       		.uleb128 0x3
 286 003f 06000000 		.4byte	.LASF0
 287 0043 01       		.byte	0x1
 288 0044 55       		.byte	0x55
 289 0045 4E000000 		.4byte	0x4e
 290 0049 00000000 		.4byte	.LLST0
 291 004d 00       		.byte	0
 292 004e 04       		.uleb128 0x4
 293 004f 04       		.byte	0x4
 294 0050 05       		.byte	0x5
 295 0051 696E7400 		.ascii	"int\000"
 296 0055 05       		.uleb128 0x5
 297 0056 1A000000 		.4byte	.LASF14
 298 005a 01       		.byte	0x1
 299 005b 48       		.byte	0x48
 300 005c 00000000 		.4byte	.LFB2
 301 0060 52000000 		.4byte	.LFE2-.LFB2
 302 0064 01       		.uleb128 0x1
 303 0065 9C       		.byte	0x9c
 304 0066 1D010000 		.4byte	0x11d
 305 006a 03       		.uleb128 0x3
 306 006b 2C000000 		.4byte	.LASF1
 307 006f 01       		.byte	0x1
 308 0070 48       		.byte	0x48
 309 0071 1D010000 		.4byte	0x11d
 310 0075 21000000 		.4byte	.LLST1
 311 0079 03       		.uleb128 0x3
 312 007a 7F000000 		.4byte	.LASF2
 313 007e 01       		.byte	0x1
 314 007f 48       		.byte	0x48
 315 0080 4E000000 		.4byte	0x4e
 316 0084 55000000 		.4byte	.LLST2
 317 0088 06       		.uleb128 0x6
 318 0089 3A000000 		.4byte	.LASF7
 319 008d 01       		.byte	0x1
 320 008e 49       		.byte	0x49
 321 008f 4E000000 		.4byte	0x4e
 322 0093 73000000 		.4byte	.LLST3
 323 0097 07       		.uleb128 0x7
 324 0098 12000000 		.4byte	.LBB2
 325 009c 2C000000 		.4byte	.LBE2-.LBB2
 326 00a0 13010000 		.4byte	0x113
 327 00a4 08       		.uleb128 0x8
 328 00a5 49000000 		.4byte	.LASF3
 329 00a9 01       		.byte	0x1
 330 00aa 4D       		.byte	0x4d
 331 00ab 4E000000 		.4byte	0x4e
 332 00af B5000000 		.4byte	0xb5
 333 00b3 09       		.uleb128 0x9
 334 00b4 00       		.byte	0
 335 00b5 08       		.uleb128 0x8
 336 00b6 10000000 		.4byte	.LASF4
 337 00ba 01       		.byte	0x1
 338 00bb 4E       		.byte	0x4e
ARM GAS  C:\Users\JohnP\AppData\Local\Temp\ccFgoC8A.s 			page 9


 339 00bc 4E000000 		.4byte	0x4e
 340 00c0 C6000000 		.4byte	0xc6
 341 00c4 09       		.uleb128 0x9
 342 00c5 00       		.byte	0
 343 00c6 0A       		.uleb128 0xa
 344 00c7 22000000 		.4byte	.LVL11
 345 00cb 2E020000 		.4byte	0x22e
 346 00cf DA000000 		.4byte	0xda
 347 00d3 0B       		.uleb128 0xb
 348 00d4 01       		.uleb128 0x1
 349 00d5 50       		.byte	0x50
 350 00d6 02       		.uleb128 0x2
 351 00d7 78       		.byte	0x78
 352 00d8 00       		.sleb128 0
 353 00d9 00       		.byte	0
 354 00da 0A       		.uleb128 0xa
 355 00db 28000000 		.4byte	.LVL12
 356 00df 3F020000 		.4byte	0x23f
 357 00e3 EE000000 		.4byte	0xee
 358 00e7 0B       		.uleb128 0xb
 359 00e8 01       		.uleb128 0x1
 360 00e9 50       		.byte	0x50
 361 00ea 02       		.uleb128 0x2
 362 00eb 75       		.byte	0x75
 363 00ec 00       		.sleb128 0
 364 00ed 00       		.byte	0
 365 00ee 0A       		.uleb128 0xa
 366 00ef 2E000000 		.4byte	.LVL13
 367 00f3 2E020000 		.4byte	0x22e
 368 00f7 02010000 		.4byte	0x102
 369 00fb 0B       		.uleb128 0xb
 370 00fc 01       		.uleb128 0x1
 371 00fd 50       		.byte	0x50
 372 00fe 02       		.uleb128 0x2
 373 00ff 77       		.byte	0x77
 374 0100 00       		.sleb128 0
 375 0101 00       		.byte	0
 376 0102 0C       		.uleb128 0xc
 377 0103 34000000 		.4byte	.LVL14
 378 0107 3F020000 		.4byte	0x23f
 379 010b 0B       		.uleb128 0xb
 380 010c 01       		.uleb128 0x1
 381 010d 50       		.byte	0x50
 382 010e 02       		.uleb128 0x2
 383 010f 75       		.byte	0x75
 384 0110 00       		.sleb128 0
 385 0111 00       		.byte	0
 386 0112 00       		.byte	0
 387 0113 0D       		.uleb128 0xd
 388 0114 10000000 		.4byte	.LVL8
 389 0118 25000000 		.4byte	0x25
 390 011c 00       		.byte	0
 391 011d 0E       		.uleb128 0xe
 392 011e 04       		.byte	0x4
 393 011f 04       		.byte	0x4
 394 0120 00000000 		.4byte	.LASF5
 395 0124 0F       		.uleb128 0xf
ARM GAS  C:\Users\JohnP\AppData\Local\Temp\ccFgoC8A.s 			page 10


 396 0125 50010000 		.4byte	.LASF8
 397 0129 01       		.byte	0x1
 398 012a 37       		.byte	0x37
 399 012b 00000000 		.4byte	.LFB1
 400 012f 68000000 		.4byte	.LFE1-.LFB1
 401 0133 01       		.uleb128 0x1
 402 0134 9C       		.byte	0x9c
 403 0135 0F020000 		.4byte	0x20f
 404 0139 08       		.uleb128 0x8
 405 013a 24000000 		.4byte	.LASF6
 406 013e 01       		.byte	0x1
 407 013f 3B       		.byte	0x3b
 408 0140 4E000000 		.4byte	0x4e
 409 0144 4A010000 		.4byte	0x14a
 410 0148 09       		.uleb128 0x9
 411 0149 00       		.byte	0
 412 014a 10       		.uleb128 0x10
 413 014b 6900     		.ascii	"i\000"
 414 014d 01       		.byte	0x1
 415 014e 42       		.byte	0x42
 416 014f 4E000000 		.4byte	0x4e
 417 0153 9D000000 		.4byte	.LLST4
 418 0157 0A       		.uleb128 0xa
 419 0158 0A000000 		.4byte	.LVL20
 420 015c 55000000 		.4byte	0x55
 421 0160 6B010000 		.4byte	0x16b
 422 0164 0B       		.uleb128 0xb
 423 0165 01       		.uleb128 0x1
 424 0166 51       		.byte	0x51
 425 0167 02       		.uleb128 0x2
 426 0168 08       		.byte	0x8
 427 0169 82       		.byte	0x82
 428 016a 00       		.byte	0
 429 016b 0A       		.uleb128 0xa
 430 016c 10000000 		.4byte	.LVL21
 431 0170 50020000 		.4byte	0x250
 432 0174 7F010000 		.4byte	0x17f
 433 0178 0B       		.uleb128 0xb
 434 0179 01       		.uleb128 0x1
 435 017a 50       		.byte	0x50
 436 017b 02       		.uleb128 0x2
 437 017c 08       		.byte	0x8
 438 017d 20       		.byte	0x20
 439 017e 00       		.byte	0
 440 017f 0A       		.uleb128 0xa
 441 0180 18000000 		.4byte	.LVL22
 442 0184 55000000 		.4byte	0x55
 443 0188 93010000 		.4byte	0x193
 444 018c 0B       		.uleb128 0xb
 445 018d 01       		.uleb128 0x1
 446 018e 51       		.byte	0x51
 447 018f 02       		.uleb128 0x2
 448 0190 08       		.byte	0x8
 449 0191 30       		.byte	0x30
 450 0192 00       		.byte	0
 451 0193 0A       		.uleb128 0xa
 452 0194 1E000000 		.4byte	.LVL23
ARM GAS  C:\Users\JohnP\AppData\Local\Temp\ccFgoC8A.s 			page 11


 453 0198 50020000 		.4byte	0x250
 454 019c A7010000 		.4byte	0x1a7
 455 01a0 0B       		.uleb128 0xb
 456 01a1 01       		.uleb128 0x1
 457 01a2 50       		.byte	0x50
 458 01a3 02       		.uleb128 0x2
 459 01a4 08       		.byte	0x8
 460 01a5 40       		.byte	0x40
 461 01a6 00       		.byte	0
 462 01a7 0A       		.uleb128 0xa
 463 01a8 26000000 		.4byte	.LVL24
 464 01ac 55000000 		.4byte	0x55
 465 01b0 BB010000 		.4byte	0x1bb
 466 01b4 0B       		.uleb128 0xb
 467 01b5 01       		.uleb128 0x1
 468 01b6 51       		.byte	0x51
 469 01b7 02       		.uleb128 0x2
 470 01b8 08       		.byte	0x8
 471 01b9 41       		.byte	0x41
 472 01ba 00       		.byte	0
 473 01bb 0A       		.uleb128 0xa
 474 01bc 2C000000 		.4byte	.LVL25
 475 01c0 50020000 		.4byte	0x250
 476 01c4 CF010000 		.4byte	0x1cf
 477 01c8 0B       		.uleb128 0xb
 478 01c9 01       		.uleb128 0x1
 479 01ca 50       		.byte	0x50
 480 01cb 02       		.uleb128 0x2
 481 01cc 08       		.byte	0x8
 482 01cd 20       		.byte	0x20
 483 01ce 00       		.byte	0
 484 01cf 0A       		.uleb128 0xa
 485 01d0 34000000 		.4byte	.LVL26
 486 01d4 55000000 		.4byte	0x55
 487 01d8 E3010000 		.4byte	0x1e3
 488 01dc 0B       		.uleb128 0xb
 489 01dd 01       		.uleb128 0x1
 490 01de 51       		.byte	0x51
 491 01df 02       		.uleb128 0x2
 492 01e0 08       		.byte	0x8
 493 01e1 41       		.byte	0x41
 494 01e2 00       		.byte	0
 495 01e3 0A       		.uleb128 0xa
 496 01e4 3A000000 		.4byte	.LVL27
 497 01e8 50020000 		.4byte	0x250
 498 01ec F7010000 		.4byte	0x1f7
 499 01f0 0B       		.uleb128 0xb
 500 01f1 01       		.uleb128 0x1
 501 01f2 50       		.byte	0x50
 502 01f3 02       		.uleb128 0x2
 503 01f4 08       		.byte	0x8
 504 01f5 64       		.byte	0x64
 505 01f6 00       		.byte	0
 506 01f7 0C       		.uleb128 0xc
 507 01f8 4E000000 		.4byte	.LVL30
 508 01fc 55000000 		.4byte	0x55
 509 0200 0B       		.uleb128 0xb
ARM GAS  C:\Users\JohnP\AppData\Local\Temp\ccFgoC8A.s 			page 12


 510 0201 01       		.uleb128 0x1
 511 0202 51       		.byte	0x51
 512 0203 09       		.uleb128 0x9
 513 0204 74       		.byte	0x74
 514 0205 00       		.sleb128 0
 515 0206 4F       		.byte	0x4f
 516 0207 25       		.byte	0x25
 517 0208 74       		.byte	0x74
 518 0209 00       		.sleb128 0
 519 020a 22       		.byte	0x22
 520 020b 31       		.byte	0x31
 521 020c 26       		.byte	0x26
 522 020d 00       		.byte	0
 523 020e 00       		.byte	0
 524 020f 11       		.uleb128 0x11
 525 0210 5E010000 		.4byte	.LASF9
 526 0214 01       		.byte	0x1
 527 0215 33       		.byte	0x33
 528 0216 00000000 		.4byte	.LFB0
 529 021a 08000000 		.4byte	.LFE0-.LFB0
 530 021e 01       		.uleb128 0x1
 531 021f 9C       		.byte	0x9c
 532 0220 2E020000 		.4byte	0x22e
 533 0224 0D       		.uleb128 0xd
 534 0225 06000000 		.4byte	.LVL33
 535 0229 24010000 		.4byte	0x124
 536 022d 00       		.byte	0
 537 022e 08       		.uleb128 0x8
 538 022f 49000000 		.4byte	.LASF3
 539 0233 01       		.byte	0x1
 540 0234 4D       		.byte	0x4d
 541 0235 4E000000 		.4byte	0x4e
 542 0239 3F020000 		.4byte	0x23f
 543 023d 09       		.uleb128 0x9
 544 023e 00       		.byte	0
 545 023f 08       		.uleb128 0x8
 546 0240 10000000 		.4byte	.LASF4
 547 0244 01       		.byte	0x1
 548 0245 4E       		.byte	0x4e
 549 0246 4E000000 		.4byte	0x4e
 550 024a 50020000 		.4byte	0x250
 551 024e 09       		.uleb128 0x9
 552 024f 00       		.byte	0
 553 0250 12       		.uleb128 0x12
 554 0251 24000000 		.4byte	.LASF6
 555 0255 01       		.byte	0x1
 556 0256 3B       		.byte	0x3b
 557 0257 4E000000 		.4byte	0x4e
 558 025b 09       		.uleb128 0x9
 559 025c 00       		.byte	0
 560 025d 00       		.byte	0
 561              		.section	.debug_abbrev,"",%progbits
 562              	.Ldebug_abbrev0:
 563 0000 01       		.uleb128 0x1
 564 0001 11       		.uleb128 0x11
 565 0002 01       		.byte	0x1
 566 0003 25       		.uleb128 0x25
ARM GAS  C:\Users\JohnP\AppData\Local\Temp\ccFgoC8A.s 			page 13


 567 0004 0E       		.uleb128 0xe
 568 0005 13       		.uleb128 0x13
 569 0006 0B       		.uleb128 0xb
 570 0007 03       		.uleb128 0x3
 571 0008 0E       		.uleb128 0xe
 572 0009 1B       		.uleb128 0x1b
 573 000a 0E       		.uleb128 0xe
 574 000b 55       		.uleb128 0x55
 575 000c 17       		.uleb128 0x17
 576 000d 11       		.uleb128 0x11
 577 000e 01       		.uleb128 0x1
 578 000f 10       		.uleb128 0x10
 579 0010 17       		.uleb128 0x17
 580 0011 00       		.byte	0
 581 0012 00       		.byte	0
 582 0013 02       		.uleb128 0x2
 583 0014 2E       		.uleb128 0x2e
 584 0015 01       		.byte	0x1
 585 0016 3F       		.uleb128 0x3f
 586 0017 19       		.uleb128 0x19
 587 0018 03       		.uleb128 0x3
 588 0019 0E       		.uleb128 0xe
 589 001a 3A       		.uleb128 0x3a
 590 001b 0B       		.uleb128 0xb
 591 001c 3B       		.uleb128 0x3b
 592 001d 0B       		.uleb128 0xb
 593 001e 27       		.uleb128 0x27
 594 001f 19       		.uleb128 0x19
 595 0020 49       		.uleb128 0x49
 596 0021 13       		.uleb128 0x13
 597 0022 11       		.uleb128 0x11
 598 0023 01       		.uleb128 0x1
 599 0024 12       		.uleb128 0x12
 600 0025 06       		.uleb128 0x6
 601 0026 40       		.uleb128 0x40
 602 0027 18       		.uleb128 0x18
 603 0028 9642     		.uleb128 0x2116
 604 002a 19       		.uleb128 0x19
 605 002b 01       		.uleb128 0x1
 606 002c 13       		.uleb128 0x13
 607 002d 00       		.byte	0
 608 002e 00       		.byte	0
 609 002f 03       		.uleb128 0x3
 610 0030 05       		.uleb128 0x5
 611 0031 00       		.byte	0
 612 0032 03       		.uleb128 0x3
 613 0033 0E       		.uleb128 0xe
 614 0034 3A       		.uleb128 0x3a
 615 0035 0B       		.uleb128 0xb
 616 0036 3B       		.uleb128 0x3b
 617 0037 0B       		.uleb128 0xb
 618 0038 49       		.uleb128 0x49
 619 0039 13       		.uleb128 0x13
 620 003a 02       		.uleb128 0x2
 621 003b 17       		.uleb128 0x17
 622 003c 00       		.byte	0
 623 003d 00       		.byte	0
ARM GAS  C:\Users\JohnP\AppData\Local\Temp\ccFgoC8A.s 			page 14


 624 003e 04       		.uleb128 0x4
 625 003f 24       		.uleb128 0x24
 626 0040 00       		.byte	0
 627 0041 0B       		.uleb128 0xb
 628 0042 0B       		.uleb128 0xb
 629 0043 3E       		.uleb128 0x3e
 630 0044 0B       		.uleb128 0xb
 631 0045 03       		.uleb128 0x3
 632 0046 08       		.uleb128 0x8
 633 0047 00       		.byte	0
 634 0048 00       		.byte	0
 635 0049 05       		.uleb128 0x5
 636 004a 2E       		.uleb128 0x2e
 637 004b 01       		.byte	0x1
 638 004c 3F       		.uleb128 0x3f
 639 004d 19       		.uleb128 0x19
 640 004e 03       		.uleb128 0x3
 641 004f 0E       		.uleb128 0xe
 642 0050 3A       		.uleb128 0x3a
 643 0051 0B       		.uleb128 0xb
 644 0052 3B       		.uleb128 0x3b
 645 0053 0B       		.uleb128 0xb
 646 0054 27       		.uleb128 0x27
 647 0055 19       		.uleb128 0x19
 648 0056 11       		.uleb128 0x11
 649 0057 01       		.uleb128 0x1
 650 0058 12       		.uleb128 0x12
 651 0059 06       		.uleb128 0x6
 652 005a 40       		.uleb128 0x40
 653 005b 18       		.uleb128 0x18
 654 005c 9642     		.uleb128 0x2116
 655 005e 19       		.uleb128 0x19
 656 005f 01       		.uleb128 0x1
 657 0060 13       		.uleb128 0x13
 658 0061 00       		.byte	0
 659 0062 00       		.byte	0
 660 0063 06       		.uleb128 0x6
 661 0064 34       		.uleb128 0x34
 662 0065 00       		.byte	0
 663 0066 03       		.uleb128 0x3
 664 0067 0E       		.uleb128 0xe
 665 0068 3A       		.uleb128 0x3a
 666 0069 0B       		.uleb128 0xb
 667 006a 3B       		.uleb128 0x3b
 668 006b 0B       		.uleb128 0xb
 669 006c 49       		.uleb128 0x49
 670 006d 13       		.uleb128 0x13
 671 006e 02       		.uleb128 0x2
 672 006f 17       		.uleb128 0x17
 673 0070 00       		.byte	0
 674 0071 00       		.byte	0
 675 0072 07       		.uleb128 0x7
 676 0073 0B       		.uleb128 0xb
 677 0074 01       		.byte	0x1
 678 0075 11       		.uleb128 0x11
 679 0076 01       		.uleb128 0x1
 680 0077 12       		.uleb128 0x12
ARM GAS  C:\Users\JohnP\AppData\Local\Temp\ccFgoC8A.s 			page 15


 681 0078 06       		.uleb128 0x6
 682 0079 01       		.uleb128 0x1
 683 007a 13       		.uleb128 0x13
 684 007b 00       		.byte	0
 685 007c 00       		.byte	0
 686 007d 08       		.uleb128 0x8
 687 007e 2E       		.uleb128 0x2e
 688 007f 01       		.byte	0x1
 689 0080 3F       		.uleb128 0x3f
 690 0081 19       		.uleb128 0x19
 691 0082 03       		.uleb128 0x3
 692 0083 0E       		.uleb128 0xe
 693 0084 3A       		.uleb128 0x3a
 694 0085 0B       		.uleb128 0xb
 695 0086 3B       		.uleb128 0x3b
 696 0087 0B       		.uleb128 0xb
 697 0088 49       		.uleb128 0x49
 698 0089 13       		.uleb128 0x13
 699 008a 3C       		.uleb128 0x3c
 700 008b 19       		.uleb128 0x19
 701 008c 01       		.uleb128 0x1
 702 008d 13       		.uleb128 0x13
 703 008e 00       		.byte	0
 704 008f 00       		.byte	0
 705 0090 09       		.uleb128 0x9
 706 0091 18       		.uleb128 0x18
 707 0092 00       		.byte	0
 708 0093 00       		.byte	0
 709 0094 00       		.byte	0
 710 0095 0A       		.uleb128 0xa
 711 0096 898201   		.uleb128 0x4109
 712 0099 01       		.byte	0x1
 713 009a 11       		.uleb128 0x11
 714 009b 01       		.uleb128 0x1
 715 009c 31       		.uleb128 0x31
 716 009d 13       		.uleb128 0x13
 717 009e 01       		.uleb128 0x1
 718 009f 13       		.uleb128 0x13
 719 00a0 00       		.byte	0
 720 00a1 00       		.byte	0
 721 00a2 0B       		.uleb128 0xb
 722 00a3 8A8201   		.uleb128 0x410a
 723 00a6 00       		.byte	0
 724 00a7 02       		.uleb128 0x2
 725 00a8 18       		.uleb128 0x18
 726 00a9 9142     		.uleb128 0x2111
 727 00ab 18       		.uleb128 0x18
 728 00ac 00       		.byte	0
 729 00ad 00       		.byte	0
 730 00ae 0C       		.uleb128 0xc
 731 00af 898201   		.uleb128 0x4109
 732 00b2 01       		.byte	0x1
 733 00b3 11       		.uleb128 0x11
 734 00b4 01       		.uleb128 0x1
 735 00b5 31       		.uleb128 0x31
 736 00b6 13       		.uleb128 0x13
 737 00b7 00       		.byte	0
ARM GAS  C:\Users\JohnP\AppData\Local\Temp\ccFgoC8A.s 			page 16


 738 00b8 00       		.byte	0
 739 00b9 0D       		.uleb128 0xd
 740 00ba 898201   		.uleb128 0x4109
 741 00bd 00       		.byte	0
 742 00be 11       		.uleb128 0x11
 743 00bf 01       		.uleb128 0x1
 744 00c0 31       		.uleb128 0x31
 745 00c1 13       		.uleb128 0x13
 746 00c2 00       		.byte	0
 747 00c3 00       		.byte	0
 748 00c4 0E       		.uleb128 0xe
 749 00c5 24       		.uleb128 0x24
 750 00c6 00       		.byte	0
 751 00c7 0B       		.uleb128 0xb
 752 00c8 0B       		.uleb128 0xb
 753 00c9 3E       		.uleb128 0x3e
 754 00ca 0B       		.uleb128 0xb
 755 00cb 03       		.uleb128 0x3
 756 00cc 0E       		.uleb128 0xe
 757 00cd 00       		.byte	0
 758 00ce 00       		.byte	0
 759 00cf 0F       		.uleb128 0xf
 760 00d0 2E       		.uleb128 0x2e
 761 00d1 01       		.byte	0x1
 762 00d2 3F       		.uleb128 0x3f
 763 00d3 19       		.uleb128 0x19
 764 00d4 03       		.uleb128 0x3
 765 00d5 0E       		.uleb128 0xe
 766 00d6 3A       		.uleb128 0x3a
 767 00d7 0B       		.uleb128 0xb
 768 00d8 3B       		.uleb128 0x3b
 769 00d9 0B       		.uleb128 0xb
 770 00da 11       		.uleb128 0x11
 771 00db 01       		.uleb128 0x1
 772 00dc 12       		.uleb128 0x12
 773 00dd 06       		.uleb128 0x6
 774 00de 40       		.uleb128 0x40
 775 00df 18       		.uleb128 0x18
 776 00e0 9642     		.uleb128 0x2116
 777 00e2 19       		.uleb128 0x19
 778 00e3 01       		.uleb128 0x1
 779 00e4 13       		.uleb128 0x13
 780 00e5 00       		.byte	0
 781 00e6 00       		.byte	0
 782 00e7 10       		.uleb128 0x10
 783 00e8 34       		.uleb128 0x34
 784 00e9 00       		.byte	0
 785 00ea 03       		.uleb128 0x3
 786 00eb 08       		.uleb128 0x8
 787 00ec 3A       		.uleb128 0x3a
 788 00ed 0B       		.uleb128 0xb
 789 00ee 3B       		.uleb128 0x3b
 790 00ef 0B       		.uleb128 0xb
 791 00f0 49       		.uleb128 0x49
 792 00f1 13       		.uleb128 0x13
 793 00f2 02       		.uleb128 0x2
 794 00f3 17       		.uleb128 0x17
ARM GAS  C:\Users\JohnP\AppData\Local\Temp\ccFgoC8A.s 			page 17


 795 00f4 00       		.byte	0
 796 00f5 00       		.byte	0
 797 00f6 11       		.uleb128 0x11
 798 00f7 2E       		.uleb128 0x2e
 799 00f8 01       		.byte	0x1
 800 00f9 3F       		.uleb128 0x3f
 801 00fa 19       		.uleb128 0x19
 802 00fb 03       		.uleb128 0x3
 803 00fc 0E       		.uleb128 0xe
 804 00fd 3A       		.uleb128 0x3a
 805 00fe 0B       		.uleb128 0xb
 806 00ff 3B       		.uleb128 0x3b
 807 0100 0B       		.uleb128 0xb
 808 0101 11       		.uleb128 0x11
 809 0102 01       		.uleb128 0x1
 810 0103 12       		.uleb128 0x12
 811 0104 06       		.uleb128 0x6
 812 0105 40       		.uleb128 0x40
 813 0106 18       		.uleb128 0x18
 814 0107 9742     		.uleb128 0x2117
 815 0109 19       		.uleb128 0x19
 816 010a 01       		.uleb128 0x1
 817 010b 13       		.uleb128 0x13
 818 010c 00       		.byte	0
 819 010d 00       		.byte	0
 820 010e 12       		.uleb128 0x12
 821 010f 2E       		.uleb128 0x2e
 822 0110 01       		.byte	0x1
 823 0111 3F       		.uleb128 0x3f
 824 0112 19       		.uleb128 0x19
 825 0113 03       		.uleb128 0x3
 826 0114 0E       		.uleb128 0xe
 827 0115 3A       		.uleb128 0x3a
 828 0116 0B       		.uleb128 0xb
 829 0117 3B       		.uleb128 0x3b
 830 0118 0B       		.uleb128 0xb
 831 0119 49       		.uleb128 0x49
 832 011a 13       		.uleb128 0x13
 833 011b 3C       		.uleb128 0x3c
 834 011c 19       		.uleb128 0x19
 835 011d 00       		.byte	0
 836 011e 00       		.byte	0
 837 011f 00       		.byte	0
 838              		.section	.debug_loc,"",%progbits
 839              	.Ldebug_loc0:
 840              	.LLST0:
 841 0000 00000000 		.4byte	.LVL0
 842 0004 05000000 		.4byte	.LVL1-1
 843 0008 0100     		.2byte	0x1
 844 000a 50       		.byte	0x50
 845 000b 05000000 		.4byte	.LVL1-1
 846 000f 30000000 		.4byte	.LFE3
 847 0013 0400     		.2byte	0x4
 848 0015 F3       		.byte	0xf3
 849 0016 01       		.uleb128 0x1
 850 0017 50       		.byte	0x50
 851 0018 9F       		.byte	0x9f
ARM GAS  C:\Users\JohnP\AppData\Local\Temp\ccFgoC8A.s 			page 18


 852 0019 00000000 		.4byte	0
 853 001d 00000000 		.4byte	0
 854              	.LLST1:
 855 0021 00000000 		.4byte	.LVL5
 856 0025 0B000000 		.4byte	.LVL7-1
 857 0029 0100     		.2byte	0x1
 858 002b 50       		.byte	0x50
 859 002c 0B000000 		.4byte	.LVL7-1
 860 0030 3E000000 		.4byte	.LVL16
 861 0034 0100     		.2byte	0x1
 862 0036 54       		.byte	0x54
 863 0037 3E000000 		.4byte	.LVL16
 864 003b 40000000 		.4byte	.LVL17
 865 003f 0100     		.2byte	0x1
 866 0041 50       		.byte	0x50
 867 0042 40000000 		.4byte	.LVL17
 868 0046 52000000 		.4byte	.LFE2
 869 004a 0100     		.2byte	0x1
 870 004c 54       		.byte	0x54
 871 004d 00000000 		.4byte	0
 872 0051 00000000 		.4byte	0
 873              	.LLST2:
 874 0055 00000000 		.4byte	.LVL5
 875 0059 0B000000 		.4byte	.LVL7-1
 876 005d 0100     		.2byte	0x1
 877 005f 51       		.byte	0x51
 878 0060 0B000000 		.4byte	.LVL7-1
 879 0064 52000000 		.4byte	.LFE2
 880 0068 0100     		.2byte	0x1
 881 006a 59       		.byte	0x59
 882 006b 00000000 		.4byte	0
 883 006f 00000000 		.4byte	0
 884              	.LLST3:
 885 0073 08000000 		.4byte	.LVL6
 886 0077 12000000 		.4byte	.LVL9
 887 007b 0200     		.2byte	0x2
 888 007d 30       		.byte	0x30
 889 007e 9F       		.byte	0x9f
 890 007f 12000000 		.4byte	.LVL9
 891 0083 1C000000 		.4byte	.LVL10
 892 0087 0100     		.2byte	0x1
 893 0089 50       		.byte	0x50
 894 008a 1C000000 		.4byte	.LVL10
 895 008e 52000000 		.4byte	.LFE2
 896 0092 0100     		.2byte	0x1
 897 0094 55       		.byte	0x55
 898 0095 00000000 		.4byte	0
 899 0099 00000000 		.4byte	0
 900              	.LLST4:
 901 009d 3A000000 		.4byte	.LVL27
 902 00a1 3E000000 		.4byte	.LVL28
 903 00a5 0300     		.2byte	0x3
 904 00a7 08       		.byte	0x8
 905 00a8 3D       		.byte	0x3d
 906 00a9 9F       		.byte	0x9f
 907 00aa 3E000000 		.4byte	.LVL28
 908 00ae 56000000 		.4byte	.LVL32
ARM GAS  C:\Users\JohnP\AppData\Local\Temp\ccFgoC8A.s 			page 19


 909 00b2 0100     		.2byte	0x1
 910 00b4 54       		.byte	0x54
 911 00b5 00000000 		.4byte	0
 912 00b9 00000000 		.4byte	0
 913              		.section	.debug_aranges,"",%progbits
 914 0000 34000000 		.4byte	0x34
 915 0004 0200     		.2byte	0x2
 916 0006 00000000 		.4byte	.Ldebug_info0
 917 000a 04       		.byte	0x4
 918 000b 00       		.byte	0
 919 000c 0000     		.2byte	0
 920 000e 0000     		.2byte	0
 921 0010 00000000 		.4byte	.LFB3
 922 0014 30000000 		.4byte	.LFE3-.LFB3
 923 0018 00000000 		.4byte	.LFB2
 924 001c 52000000 		.4byte	.LFE2-.LFB2
 925 0020 00000000 		.4byte	.LFB1
 926 0024 68000000 		.4byte	.LFE1-.LFB1
 927 0028 00000000 		.4byte	.LFB0
 928 002c 08000000 		.4byte	.LFE0-.LFB0
 929 0030 00000000 		.4byte	0
 930 0034 00000000 		.4byte	0
 931              		.section	.debug_ranges,"",%progbits
 932              	.Ldebug_ranges0:
 933 0000 00000000 		.4byte	.LFB3
 934 0004 30000000 		.4byte	.LFE3
 935 0008 00000000 		.4byte	.LFB2
 936 000c 52000000 		.4byte	.LFE2
 937 0010 00000000 		.4byte	.LFB1
 938 0014 68000000 		.4byte	.LFE1
 939 0018 00000000 		.4byte	.LFB0
 940 001c 08000000 		.4byte	.LFE0
 941 0020 00000000 		.4byte	0
 942 0024 00000000 		.4byte	0
 943              		.section	.debug_line,"",%progbits
 944              	.Ldebug_line0:
 945 0000 A8000000 		.section	.debug_str,"MS",%progbits,1
 945      02002200 
 945      00000201 
 945      FB0E0D00 
 945      01010101 
 946              	.LASF5:
 947 0000 666C6F61 		.ascii	"float\000"
 947      7400
 948              	.LASF0:
 949 0006 66726571 		.ascii	"frequency\000"
 949      75656E63 
 949      7900
 950              	.LASF4:
 951 0010 43794465 		.ascii	"CyDelayUs\000"
 951      6C617955 
 951      7300
 952              	.LASF14:
 953 001a 506C6179 		.ascii	"Play_note\000"
 953      5F6E6F74 
 953      6500
 954              	.LASF6:
ARM GAS  C:\Users\JohnP\AppData\Local\Temp\ccFgoC8A.s 			page 20


 955 0024 43794465 		.ascii	"CyDelay\000"
 955      6C617900 
 956              	.LASF1:
 957 002c 746F6E65 		.ascii	"toneFrequency\000"
 957      46726571 
 957      75656E63 
 957      7900
 958              	.LASF7:
 959 003a 746F6E65 		.ascii	"toneHalfPeriod\000"
 959      48616C66 
 959      50657269 
 959      6F6400
 960              	.LASF3:
 961 0049 53706561 		.ascii	"Speaker_Output_Write\000"
 961      6B65725F 
 961      4F757470 
 961      75745F57 
 961      72697465 
 962              	.LASF13:
 963 005e 63616C63 		.ascii	"calculatePeriodDelay\000"
 963      756C6174 
 963      65506572 
 963      696F6444 
 963      656C6179 
 964              	.LASF11:
 965 0073 2E5C7370 		.ascii	".\\speaker.c\000"
 965      65616B65 
 965      722E6300 
 966              	.LASF2:
 967 007f 64757261 		.ascii	"duration\000"
 967      74696F6E 
 967      00
 968              	.LASF12:
 969 0088 433A5C72 		.ascii	"C:\\repositories\\embedded\\trunk\\terminalOutput\\"
 969      65706F73 
 969      69746F72 
 969      6965735C 
 969      656D6265 
 970 00b6 43453439 		.ascii	"CE4920Project1\\Design01.cydsn\000"
 970      32305072 
 970      6F6A6563 
 970      74315C44 
 970      65736967 
 971              	.LASF10:
 972 00d4 474E5520 		.ascii	"GNU C 4.8.4 20140526 (release) [ARM/embedded-4_8-br"
 972      4320342E 
 972      382E3420 
 972      32303134 
 972      30353236 
 973 0107 616E6368 		.ascii	"anch revision 211358] -mcpu=cortex-m3 -mthumb -g -O"
 973      20726576 
 973      6973696F 
 973      6E203231 
 973      31333538 
 974 013a 67202D66 		.ascii	"g -ffunction-sections\000"
 974      66756E63 
 974      74696F6E 
ARM GAS  C:\Users\JohnP\AppData\Local\Temp\ccFgoC8A.s 			page 21


 974      2D736563 
 974      74696F6E 
 975              	.LASF8:
 976 0150 506C6179 		.ascii	"Play_song_one\000"
 976      5F736F6E 
 976      675F6F6E 
 976      6500
 977              	.LASF9:
 978 015e 506C6179 		.ascii	"Play_startup_music\000"
 978      5F737461 
 978      72747570 
 978      5F6D7573 
 978      696300
 979              		.ident	"GCC: (GNU Tools for ARM Embedded Processors) 4.8.4 20140526 (release) [ARM/embedded-4_8-br
