ARM GAS  C:\Users\JohnP\AppData\Local\Temp\cc5BkvOP.s 			page 1


   1              		.syntax unified
   2              		.cpu cortex-m3
   3              		.fpu softvfp
   4              		.eabi_attribute 20, 1
   5              		.eabi_attribute 21, 1
   6              		.eabi_attribute 23, 3
   7              		.eabi_attribute 24, 1
   8              		.eabi_attribute 25, 1
   9              		.eabi_attribute 26, 1
  10              		.eabi_attribute 30, 1
  11              		.eabi_attribute 34, 1
  12              		.eabi_attribute 18, 4
  13              		.thumb
  14              		.file	"system.c"
  15              		.text
  16              	.Ltext0:
  17              		.cfi_sections	.debug_frame
  18              		.section	.text.System_init,"ax",%progbits
  19              		.align	2
  20              		.global	System_init
  21              		.thumb
  22              		.thumb_func
  23              		.type	System_init, %function
  24              	System_init:
  25              	.LFB0:
  26              		.file 1 ".\\system.c"
   1:.\system.c    **** /* ========================================
   2:.\system.c    ****  *
   3:.\system.c    ****  * Copyright YOUR COMPANY, THE YEAR
   4:.\system.c    ****  * All Rights Reserved
   5:.\system.c    ****  * UNPUBLISHED, LICENSED SOFTWARE.
   6:.\system.c    ****  *
   7:.\system.c    ****  * CONFIDENTIAL AND PROPRIETARY INFORMATION
   8:.\system.c    ****  * WHICH IS THE PROPERTY OF your company.
   9:.\system.c    ****  *
  10:.\system.c    ****  * ========================================
  11:.\system.c    **** */
  12:.\system.c    **** 
  13:.\system.c    **** #include "system.h"
  14:.\system.c    **** 
  15:.\system.c    **** 
  16:.\system.c    **** void System_init(){
  27              		.loc 1 16 0
  28              		.cfi_startproc
  29              		@ args = 0, pretend = 0, frame = 0
  30              		@ frame_needed = 0, uses_anonymous_args = 0
  31 0000 08B5     		push	{r3, lr}
  32              		.cfi_def_cfa_offset 8
  33              		.cfi_offset 3, -8
  34              		.cfi_offset 14, -4
  17:.\system.c    ****     Comp_Start();
  35              		.loc 1 17 0
  36 0002 FFF7FEFF 		bl	Comp_Start
  37              	.LVL0:
  18:.\system.c    ****     Comp_ZeroCal(); 
  38              		.loc 1 18 0
  39 0006 FFF7FEFF 		bl	Comp_ZeroCal
ARM GAS  C:\Users\JohnP\AppData\Local\Temp\cc5BkvOP.s 			page 2


  40              	.LVL1:
  19:.\system.c    ****     LCD_Start();
  41              		.loc 1 19 0
  42 000a FFF7FEFF 		bl	LCD_Start
  43              	.LVL2:
  20:.\system.c    ****     CapSense_Start();
  44              		.loc 1 20 0
  45 000e FFF7FEFF 		bl	CapSense_Start
  46              	.LVL3:
  21:.\system.c    ****     CapSense_Enable();
  47              		.loc 1 21 0
  48 0012 FFF7FEFF 		bl	CapSense_Enable
  49              	.LVL4:
  22:.\system.c    ****     CapSense_ScanEnabledWidgets();
  50              		.loc 1 22 0
  51 0016 FFF7FEFF 		bl	CapSense_ScanEnabledWidgets
  52              	.LVL5:
  23:.\system.c    ****     CapSense_InitializeAllBaselines();
  53              		.loc 1 23 0
  54 001a FFF7FEFF 		bl	CapSense_InitializeAllBaselines
  55              	.LVL6:
  24:.\system.c    ****     WaveDAC8_1_Start();  
  56              		.loc 1 24 0
  57 001e FFF7FEFF 		bl	WaveDAC8_1_Start
  58              	.LVL7:
  25:.\system.c    ****     PGA_1_Start();
  59              		.loc 1 25 0
  60 0022 FFF7FEFF 		bl	PGA_1_Start
  61              	.LVL8:
  26:.\system.c    ****     Compint_Start();
  62              		.loc 1 26 0
  63 0026 FFF7FEFF 		bl	Compint_Start
  64              	.LVL9:
  27:.\system.c    ****     HeartbeatCounter_Start(); 
  65              		.loc 1 27 0
  66 002a FFF7FEFF 		bl	HeartbeatCounter_Start
  67              	.LVL10:
  28:.\system.c    ****     timer_clock_1_Start();
  68              		.loc 1 28 0
  69 002e FFF7FEFF 		bl	timer_clock_1_Start
  70              	.LVL11:
  29:.\system.c    ****     USBUART_Start(0, USBUART_3V_OPERATION);
  71              		.loc 1 29 0
  72 0032 0020     		movs	r0, #0
  73 0034 0146     		mov	r1, r0
  74 0036 FFF7FEFF 		bl	USBUART_Start
  75              	.LVL12:
  30:.\system.c    ****     TERMINAL_WriteString("Welcome to my treadmill!\n\r");
  76              		.loc 1 30 0
  77 003a 0248     		ldr	r0, .L2
  78 003c FFF7FEFF 		bl	TERMINAL_WriteString
  79              	.LVL13:
  80 0040 08BD     		pop	{r3, pc}
  81              	.L3:
  82 0042 00BF     		.align	2
  83              	.L2:
  84 0044 00000000 		.word	.LC0
ARM GAS  C:\Users\JohnP\AppData\Local\Temp\cc5BkvOP.s 			page 3


  85              		.cfi_endproc
  86              	.LFE0:
  87              		.size	System_init, .-System_init
  88              		.comm	timer_value,4,4
  89              		.comm	timer_status,4,4
  90              		.comm	heartbeatCounter,4,4
  91              		.comm	heartrate,4,4
  92              		.comm	Prev_state,4,4
  93              		.comm	currentState,4,4
  94              		.section	.rodata.str1.4,"aMS",%progbits,1
  95              		.align	2
  96              	.LC0:
  97 0000 57656C63 		.ascii	"Welcome to my treadmill!\012\015\000"
  97      6F6D6520 
  97      746F206D 
  97      79207472 
  97      6561646D 
  98 001b 00       		.text
  99              	.Letext0:
 100              		.file 2 "Generated_Source\\PSoC5/cytypes.h"
 101              		.file 3 ".\\states.h"
 102              		.file 4 ".\\heartrate.h"
 103              		.file 5 "Generated_Source\\PSoC5/Comp.h"
 104              		.file 6 "Generated_Source\\PSoC5/LCD.h"
 105              		.file 7 "Generated_Source\\PSoC5/CapSense.h"
 106              		.file 8 "Generated_Source\\PSoC5/CapSense_CSHL.h"
 107              		.file 9 "Generated_Source\\PSoC5/WaveDAC8_1.h"
 108              		.file 10 "Generated_Source\\PSoC5/PGA_1.h"
 109              		.file 11 "Generated_Source\\PSoC5/Compint.h"
 110              		.file 12 "Generated_Source\\PSoC5/HeartbeatCounter.h"
 111              		.file 13 "Generated_Source\\PSoC5/timer_clock_1.h"
 112              		.file 14 "Generated_Source\\PSoC5/USBUART.h"
 113              		.file 15 ".\\terminal.h"
 114              		.section	.debug_info,"",%progbits
 115              	.Ldebug_info0:
 116 0000 4D020000 		.4byte	0x24d
 117 0004 0400     		.2byte	0x4
 118 0006 00000000 		.4byte	.Ldebug_abbrev0
 119 000a 04       		.byte	0x4
 120 000b 01       		.uleb128 0x1
 121 000c C2010000 		.4byte	.LASF36
 122 0010 01       		.byte	0x1
 123 0011 3E010000 		.4byte	.LASF37
 124 0015 8A000000 		.4byte	.LASF38
 125 0019 00000000 		.4byte	.Ldebug_ranges0+0
 126 001d 00000000 		.4byte	0
 127 0021 00000000 		.4byte	.Ldebug_line0
 128 0025 02       		.uleb128 0x2
 129 0026 01       		.byte	0x1
 130 0027 06       		.byte	0x6
 131 0028 9E020000 		.4byte	.LASF0
 132 002c 02       		.uleb128 0x2
 133 002d 01       		.byte	0x1
 134 002e 08       		.byte	0x8
 135 002f 7C000000 		.4byte	.LASF1
 136 0033 02       		.uleb128 0x2
 137 0034 02       		.byte	0x2
ARM GAS  C:\Users\JohnP\AppData\Local\Temp\cc5BkvOP.s 			page 4


 138 0035 05       		.byte	0x5
 139 0036 70020000 		.4byte	.LASF2
 140 003a 02       		.uleb128 0x2
 141 003b 02       		.byte	0x2
 142 003c 07       		.byte	0x7
 143 003d 08010000 		.4byte	.LASF3
 144 0041 02       		.uleb128 0x2
 145 0042 04       		.byte	0x4
 146 0043 05       		.byte	0x5
 147 0044 80020000 		.4byte	.LASF4
 148 0048 02       		.uleb128 0x2
 149 0049 04       		.byte	0x4
 150 004a 07       		.byte	0x7
 151 004b F0000000 		.4byte	.LASF5
 152 004f 02       		.uleb128 0x2
 153 0050 08       		.byte	0x8
 154 0051 05       		.byte	0x5
 155 0052 00000000 		.4byte	.LASF6
 156 0056 02       		.uleb128 0x2
 157 0057 08       		.byte	0x8
 158 0058 07       		.byte	0x7
 159 0059 9B010000 		.4byte	.LASF7
 160 005d 03       		.uleb128 0x3
 161 005e 04       		.byte	0x4
 162 005f 05       		.byte	0x5
 163 0060 696E7400 		.ascii	"int\000"
 164 0064 02       		.uleb128 0x2
 165 0065 04       		.byte	0x4
 166 0066 07       		.byte	0x7
 167 0067 8E010000 		.4byte	.LASF8
 168 006b 04       		.uleb128 0x4
 169 006c 7A020000 		.4byte	.LASF9
 170 0070 02       		.byte	0x2
 171 0071 B4       		.byte	0xb4
 172 0072 2C000000 		.4byte	0x2c
 173 0076 04       		.uleb128 0x4
 174 0077 55010000 		.4byte	.LASF10
 175 007b 02       		.byte	0x2
 176 007c B5       		.byte	0xb5
 177 007d 3A000000 		.4byte	0x3a
 178 0081 02       		.uleb128 0x2
 179 0082 04       		.byte	0x4
 180 0083 04       		.byte	0x4
 181 0084 6C000000 		.4byte	.LASF11
 182 0088 02       		.uleb128 0x2
 183 0089 08       		.byte	0x8
 184 008a 04       		.byte	0x4
 185 008b 1B010000 		.4byte	.LASF12
 186 008f 04       		.uleb128 0x4
 187 0090 D6000000 		.4byte	.LASF13
 188 0094 02       		.byte	0x2
 189 0095 C5       		.byte	0xc5
 190 0096 9A000000 		.4byte	0x9a
 191 009a 02       		.uleb128 0x2
 192 009b 01       		.byte	0x1
 193 009c 08       		.byte	0x8
 194 009d 51020000 		.4byte	.LASF14
ARM GAS  C:\Users\JohnP\AppData\Local\Temp\cc5BkvOP.s 			page 5


 195 00a1 02       		.uleb128 0x2
 196 00a2 04       		.byte	0x4
 197 00a3 07       		.byte	0x7
 198 00a4 3E020000 		.4byte	.LASF15
 199 00a8 04       		.uleb128 0x4
 200 00a9 02010000 		.4byte	.LASF16
 201 00ad 03       		.byte	0x3
 202 00ae 11       		.byte	0x11
 203 00af 5D000000 		.4byte	0x5d
 204 00b3 05       		.uleb128 0x5
 205 00b4 64020000 		.4byte	.LASF39
 206 00b8 01       		.byte	0x1
 207 00b9 10       		.byte	0x10
 208 00ba 00000000 		.4byte	.LFB0
 209 00be 48000000 		.4byte	.LFE0-.LFB0
 210 00c2 01       		.uleb128 0x1
 211 00c3 9C       		.byte	0x9c
 212 00c4 60010000 		.4byte	0x160
 213 00c8 06       		.uleb128 0x6
 214 00c9 06000000 		.4byte	.LVL0
 215 00cd C6010000 		.4byte	0x1c6
 216 00d1 06       		.uleb128 0x6
 217 00d2 0A000000 		.4byte	.LVL1
 218 00d6 CD010000 		.4byte	0x1cd
 219 00da 06       		.uleb128 0x6
 220 00db 0E000000 		.4byte	.LVL2
 221 00df D8010000 		.4byte	0x1d8
 222 00e3 06       		.uleb128 0x6
 223 00e4 12000000 		.4byte	.LVL3
 224 00e8 DF010000 		.4byte	0x1df
 225 00ec 06       		.uleb128 0x6
 226 00ed 16000000 		.4byte	.LVL4
 227 00f1 E6010000 		.4byte	0x1e6
 228 00f5 06       		.uleb128 0x6
 229 00f6 1A000000 		.4byte	.LVL5
 230 00fa ED010000 		.4byte	0x1ed
 231 00fe 06       		.uleb128 0x6
 232 00ff 1E000000 		.4byte	.LVL6
 233 0103 F4010000 		.4byte	0x1f4
 234 0107 06       		.uleb128 0x6
 235 0108 22000000 		.4byte	.LVL7
 236 010c FB010000 		.4byte	0x1fb
 237 0110 06       		.uleb128 0x6
 238 0111 26000000 		.4byte	.LVL8
 239 0115 02020000 		.4byte	0x202
 240 0119 06       		.uleb128 0x6
 241 011a 2A000000 		.4byte	.LVL9
 242 011e 09020000 		.4byte	0x209
 243 0122 06       		.uleb128 0x6
 244 0123 2E000000 		.4byte	.LVL10
 245 0127 10020000 		.4byte	0x210
 246 012b 06       		.uleb128 0x6
 247 012c 32000000 		.4byte	.LVL11
 248 0130 17020000 		.4byte	0x217
 249 0134 07       		.uleb128 0x7
 250 0135 3A000000 		.4byte	.LVL12
 251 0139 1E020000 		.4byte	0x21e
ARM GAS  C:\Users\JohnP\AppData\Local\Temp\cc5BkvOP.s 			page 6


 252 013d 4C010000 		.4byte	0x14c
 253 0141 08       		.uleb128 0x8
 254 0142 01       		.uleb128 0x1
 255 0143 51       		.byte	0x51
 256 0144 01       		.uleb128 0x1
 257 0145 30       		.byte	0x30
 258 0146 08       		.uleb128 0x8
 259 0147 01       		.uleb128 0x1
 260 0148 50       		.byte	0x50
 261 0149 01       		.uleb128 0x1
 262 014a 30       		.byte	0x30
 263 014b 00       		.byte	0
 264 014c 09       		.uleb128 0x9
 265 014d 40000000 		.4byte	.LVL13
 266 0151 34020000 		.4byte	0x234
 267 0155 08       		.uleb128 0x8
 268 0156 01       		.uleb128 0x1
 269 0157 50       		.byte	0x50
 270 0158 05       		.uleb128 0x5
 271 0159 03       		.byte	0x3
 272 015a 00000000 		.4byte	.LC0
 273 015e 00       		.byte	0
 274 015f 00       		.byte	0
 275 0160 0A       		.uleb128 0xa
 276 0161 47020000 		.4byte	.LASF17
 277 0165 04       		.byte	0x4
 278 0166 13       		.byte	0x13
 279 0167 81000000 		.4byte	0x81
 280 016b 05       		.uleb128 0x5
 281 016c 03       		.byte	0x3
 282 016d 00000000 		.4byte	heartrate
 283 0171 0A       		.uleb128 0xa
 284 0172 25000000 		.4byte	.LASF18
 285 0176 03       		.byte	0x3
 286 0177 2D       		.byte	0x2d
 287 0178 A8000000 		.4byte	0xa8
 288 017c 05       		.uleb128 0x5
 289 017d 03       		.byte	0x3
 290 017e 00000000 		.4byte	currentState
 291 0182 0A       		.uleb128 0xa
 292 0183 32000000 		.4byte	.LASF19
 293 0187 03       		.byte	0x3
 294 0188 2F       		.byte	0x2f
 295 0189 A8000000 		.4byte	0xa8
 296 018d 05       		.uleb128 0x5
 297 018e 03       		.byte	0x3
 298 018f 00000000 		.4byte	Prev_state
 299 0193 0A       		.uleb128 0xa
 300 0194 5B000000 		.4byte	.LASF20
 301 0198 04       		.byte	0x4
 302 0199 14       		.byte	0x14
 303 019a 81000000 		.4byte	0x81
 304 019e 05       		.uleb128 0x5
 305 019f 03       		.byte	0x3
 306 01a0 00000000 		.4byte	heartbeatCounter
 307 01a4 0A       		.uleb128 0xa
 308 01a5 4E000000 		.4byte	.LASF21
ARM GAS  C:\Users\JohnP\AppData\Local\Temp\cc5BkvOP.s 			page 7


 309 01a9 04       		.byte	0x4
 310 01aa 15       		.byte	0x15
 311 01ab 5D000000 		.4byte	0x5d
 312 01af 05       		.uleb128 0x5
 313 01b0 03       		.byte	0x3
 314 01b1 00000000 		.4byte	timer_status
 315 01b5 0A       		.uleb128 0xa
 316 01b6 49010000 		.4byte	.LASF22
 317 01ba 04       		.byte	0x4
 318 01bb 16       		.byte	0x16
 319 01bc 5D000000 		.4byte	0x5d
 320 01c0 05       		.uleb128 0x5
 321 01c1 03       		.byte	0x3
 322 01c2 00000000 		.4byte	timer_value
 323 01c6 0B       		.uleb128 0xb
 324 01c7 1A000000 		.4byte	.LASF23
 325 01cb 05       		.byte	0x5
 326 01cc 3F       		.byte	0x3f
 327 01cd 0C       		.uleb128 0xc
 328 01ce 5C010000 		.4byte	.LASF40
 329 01d2 05       		.byte	0x5
 330 01d3 43       		.byte	0x43
 331 01d4 76000000 		.4byte	0x76
 332 01d8 0B       		.uleb128 0xb
 333 01d9 72000000 		.4byte	.LASF24
 334 01dd 06       		.byte	0x6
 335 01de 38       		.byte	0x38
 336 01df 0B       		.uleb128 0xb
 337 01e0 CA020000 		.4byte	.LASF25
 338 01e4 07       		.byte	0x7
 339 01e5 93       		.byte	0x93
 340 01e6 0B       		.uleb128 0xb
 341 01e7 B2010000 		.4byte	.LASF26
 342 01eb 07       		.byte	0x7
 343 01ec 92       		.byte	0x92
 344 01ed 0B       		.uleb128 0xb
 345 01ee 22010000 		.4byte	.LASF27
 346 01f2 07       		.byte	0x7
 347 01f3 9B       		.byte	0x9b
 348 01f4 0B       		.uleb128 0xb
 349 01f5 AA020000 		.4byte	.LASF28
 350 01f9 08       		.byte	0x8
 351 01fa 97       		.byte	0x97
 352 01fb 0B       		.uleb128 0xb
 353 01fc 3D000000 		.4byte	.LASF29
 354 0200 09       		.byte	0x9
 355 0201 67       		.byte	0x67
 356 0202 0B       		.uleb128 0xb
 357 0203 0E000000 		.4byte	.LASF30
 358 0207 0A       		.byte	0xa
 359 0208 3E       		.byte	0x3e
 360 0209 0B       		.uleb128 0xb
 361 020a 56020000 		.4byte	.LASF31
 362 020e 0B       		.byte	0xb
 363 020f 17       		.byte	0x17
 364 0210 0B       		.uleb128 0xb
 365 0211 69010000 		.4byte	.LASF32
ARM GAS  C:\Users\JohnP\AppData\Local\Temp\cc5BkvOP.s 			page 8


 366 0215 0C       		.byte	0xc
 367 0216 4F       		.byte	0x4f
 368 0217 0B       		.uleb128 0xb
 369 0218 DC000000 		.4byte	.LASF33
 370 021c 0D       		.byte	0xd
 371 021d 27       		.byte	0x27
 372 021e 0D       		.uleb128 0xd
 373 021f 80010000 		.4byte	.LASF34
 374 0223 0E       		.byte	0xe
 375 0224 C0       		.byte	0xc0
 376 0225 34020000 		.4byte	0x234
 377 0229 0E       		.uleb128 0xe
 378 022a 6B000000 		.4byte	0x6b
 379 022e 0E       		.uleb128 0xe
 380 022f 6B000000 		.4byte	0x6b
 381 0233 00       		.byte	0
 382 0234 0D       		.uleb128 0xd
 383 0235 89020000 		.4byte	.LASF35
 384 0239 0F       		.byte	0xf
 385 023a 12       		.byte	0x12
 386 023b 45020000 		.4byte	0x245
 387 023f 0E       		.uleb128 0xe
 388 0240 45020000 		.4byte	0x245
 389 0244 00       		.byte	0
 390 0245 0F       		.uleb128 0xf
 391 0246 04       		.byte	0x4
 392 0247 4B020000 		.4byte	0x24b
 393 024b 10       		.uleb128 0x10
 394 024c 8F000000 		.4byte	0x8f
 395 0250 00       		.byte	0
 396              		.section	.debug_abbrev,"",%progbits
 397              	.Ldebug_abbrev0:
 398 0000 01       		.uleb128 0x1
 399 0001 11       		.uleb128 0x11
 400 0002 01       		.byte	0x1
 401 0003 25       		.uleb128 0x25
 402 0004 0E       		.uleb128 0xe
 403 0005 13       		.uleb128 0x13
 404 0006 0B       		.uleb128 0xb
 405 0007 03       		.uleb128 0x3
 406 0008 0E       		.uleb128 0xe
 407 0009 1B       		.uleb128 0x1b
 408 000a 0E       		.uleb128 0xe
 409 000b 55       		.uleb128 0x55
 410 000c 17       		.uleb128 0x17
 411 000d 11       		.uleb128 0x11
 412 000e 01       		.uleb128 0x1
 413 000f 10       		.uleb128 0x10
 414 0010 17       		.uleb128 0x17
 415 0011 00       		.byte	0
 416 0012 00       		.byte	0
 417 0013 02       		.uleb128 0x2
 418 0014 24       		.uleb128 0x24
 419 0015 00       		.byte	0
 420 0016 0B       		.uleb128 0xb
 421 0017 0B       		.uleb128 0xb
 422 0018 3E       		.uleb128 0x3e
ARM GAS  C:\Users\JohnP\AppData\Local\Temp\cc5BkvOP.s 			page 9


 423 0019 0B       		.uleb128 0xb
 424 001a 03       		.uleb128 0x3
 425 001b 0E       		.uleb128 0xe
 426 001c 00       		.byte	0
 427 001d 00       		.byte	0
 428 001e 03       		.uleb128 0x3
 429 001f 24       		.uleb128 0x24
 430 0020 00       		.byte	0
 431 0021 0B       		.uleb128 0xb
 432 0022 0B       		.uleb128 0xb
 433 0023 3E       		.uleb128 0x3e
 434 0024 0B       		.uleb128 0xb
 435 0025 03       		.uleb128 0x3
 436 0026 08       		.uleb128 0x8
 437 0027 00       		.byte	0
 438 0028 00       		.byte	0
 439 0029 04       		.uleb128 0x4
 440 002a 16       		.uleb128 0x16
 441 002b 00       		.byte	0
 442 002c 03       		.uleb128 0x3
 443 002d 0E       		.uleb128 0xe
 444 002e 3A       		.uleb128 0x3a
 445 002f 0B       		.uleb128 0xb
 446 0030 3B       		.uleb128 0x3b
 447 0031 0B       		.uleb128 0xb
 448 0032 49       		.uleb128 0x49
 449 0033 13       		.uleb128 0x13
 450 0034 00       		.byte	0
 451 0035 00       		.byte	0
 452 0036 05       		.uleb128 0x5
 453 0037 2E       		.uleb128 0x2e
 454 0038 01       		.byte	0x1
 455 0039 3F       		.uleb128 0x3f
 456 003a 19       		.uleb128 0x19
 457 003b 03       		.uleb128 0x3
 458 003c 0E       		.uleb128 0xe
 459 003d 3A       		.uleb128 0x3a
 460 003e 0B       		.uleb128 0xb
 461 003f 3B       		.uleb128 0x3b
 462 0040 0B       		.uleb128 0xb
 463 0041 11       		.uleb128 0x11
 464 0042 01       		.uleb128 0x1
 465 0043 12       		.uleb128 0x12
 466 0044 06       		.uleb128 0x6
 467 0045 40       		.uleb128 0x40
 468 0046 18       		.uleb128 0x18
 469 0047 9742     		.uleb128 0x2117
 470 0049 19       		.uleb128 0x19
 471 004a 01       		.uleb128 0x1
 472 004b 13       		.uleb128 0x13
 473 004c 00       		.byte	0
 474 004d 00       		.byte	0
 475 004e 06       		.uleb128 0x6
 476 004f 898201   		.uleb128 0x4109
 477 0052 00       		.byte	0
 478 0053 11       		.uleb128 0x11
 479 0054 01       		.uleb128 0x1
ARM GAS  C:\Users\JohnP\AppData\Local\Temp\cc5BkvOP.s 			page 10


 480 0055 31       		.uleb128 0x31
 481 0056 13       		.uleb128 0x13
 482 0057 00       		.byte	0
 483 0058 00       		.byte	0
 484 0059 07       		.uleb128 0x7
 485 005a 898201   		.uleb128 0x4109
 486 005d 01       		.byte	0x1
 487 005e 11       		.uleb128 0x11
 488 005f 01       		.uleb128 0x1
 489 0060 31       		.uleb128 0x31
 490 0061 13       		.uleb128 0x13
 491 0062 01       		.uleb128 0x1
 492 0063 13       		.uleb128 0x13
 493 0064 00       		.byte	0
 494 0065 00       		.byte	0
 495 0066 08       		.uleb128 0x8
 496 0067 8A8201   		.uleb128 0x410a
 497 006a 00       		.byte	0
 498 006b 02       		.uleb128 0x2
 499 006c 18       		.uleb128 0x18
 500 006d 9142     		.uleb128 0x2111
 501 006f 18       		.uleb128 0x18
 502 0070 00       		.byte	0
 503 0071 00       		.byte	0
 504 0072 09       		.uleb128 0x9
 505 0073 898201   		.uleb128 0x4109
 506 0076 01       		.byte	0x1
 507 0077 11       		.uleb128 0x11
 508 0078 01       		.uleb128 0x1
 509 0079 31       		.uleb128 0x31
 510 007a 13       		.uleb128 0x13
 511 007b 00       		.byte	0
 512 007c 00       		.byte	0
 513 007d 0A       		.uleb128 0xa
 514 007e 34       		.uleb128 0x34
 515 007f 00       		.byte	0
 516 0080 03       		.uleb128 0x3
 517 0081 0E       		.uleb128 0xe
 518 0082 3A       		.uleb128 0x3a
 519 0083 0B       		.uleb128 0xb
 520 0084 3B       		.uleb128 0x3b
 521 0085 0B       		.uleb128 0xb
 522 0086 49       		.uleb128 0x49
 523 0087 13       		.uleb128 0x13
 524 0088 3F       		.uleb128 0x3f
 525 0089 19       		.uleb128 0x19
 526 008a 02       		.uleb128 0x2
 527 008b 18       		.uleb128 0x18
 528 008c 00       		.byte	0
 529 008d 00       		.byte	0
 530 008e 0B       		.uleb128 0xb
 531 008f 2E       		.uleb128 0x2e
 532 0090 00       		.byte	0
 533 0091 3F       		.uleb128 0x3f
 534 0092 19       		.uleb128 0x19
 535 0093 03       		.uleb128 0x3
 536 0094 0E       		.uleb128 0xe
ARM GAS  C:\Users\JohnP\AppData\Local\Temp\cc5BkvOP.s 			page 11


 537 0095 3A       		.uleb128 0x3a
 538 0096 0B       		.uleb128 0xb
 539 0097 3B       		.uleb128 0x3b
 540 0098 0B       		.uleb128 0xb
 541 0099 27       		.uleb128 0x27
 542 009a 19       		.uleb128 0x19
 543 009b 3C       		.uleb128 0x3c
 544 009c 19       		.uleb128 0x19
 545 009d 00       		.byte	0
 546 009e 00       		.byte	0
 547 009f 0C       		.uleb128 0xc
 548 00a0 2E       		.uleb128 0x2e
 549 00a1 00       		.byte	0
 550 00a2 3F       		.uleb128 0x3f
 551 00a3 19       		.uleb128 0x19
 552 00a4 03       		.uleb128 0x3
 553 00a5 0E       		.uleb128 0xe
 554 00a6 3A       		.uleb128 0x3a
 555 00a7 0B       		.uleb128 0xb
 556 00a8 3B       		.uleb128 0x3b
 557 00a9 0B       		.uleb128 0xb
 558 00aa 27       		.uleb128 0x27
 559 00ab 19       		.uleb128 0x19
 560 00ac 49       		.uleb128 0x49
 561 00ad 13       		.uleb128 0x13
 562 00ae 3C       		.uleb128 0x3c
 563 00af 19       		.uleb128 0x19
 564 00b0 00       		.byte	0
 565 00b1 00       		.byte	0
 566 00b2 0D       		.uleb128 0xd
 567 00b3 2E       		.uleb128 0x2e
 568 00b4 01       		.byte	0x1
 569 00b5 3F       		.uleb128 0x3f
 570 00b6 19       		.uleb128 0x19
 571 00b7 03       		.uleb128 0x3
 572 00b8 0E       		.uleb128 0xe
 573 00b9 3A       		.uleb128 0x3a
 574 00ba 0B       		.uleb128 0xb
 575 00bb 3B       		.uleb128 0x3b
 576 00bc 0B       		.uleb128 0xb
 577 00bd 27       		.uleb128 0x27
 578 00be 19       		.uleb128 0x19
 579 00bf 3C       		.uleb128 0x3c
 580 00c0 19       		.uleb128 0x19
 581 00c1 01       		.uleb128 0x1
 582 00c2 13       		.uleb128 0x13
 583 00c3 00       		.byte	0
 584 00c4 00       		.byte	0
 585 00c5 0E       		.uleb128 0xe
 586 00c6 05       		.uleb128 0x5
 587 00c7 00       		.byte	0
 588 00c8 49       		.uleb128 0x49
 589 00c9 13       		.uleb128 0x13
 590 00ca 00       		.byte	0
 591 00cb 00       		.byte	0
 592 00cc 0F       		.uleb128 0xf
 593 00cd 0F       		.uleb128 0xf
ARM GAS  C:\Users\JohnP\AppData\Local\Temp\cc5BkvOP.s 			page 12


 594 00ce 00       		.byte	0
 595 00cf 0B       		.uleb128 0xb
 596 00d0 0B       		.uleb128 0xb
 597 00d1 49       		.uleb128 0x49
 598 00d2 13       		.uleb128 0x13
 599 00d3 00       		.byte	0
 600 00d4 00       		.byte	0
 601 00d5 10       		.uleb128 0x10
 602 00d6 26       		.uleb128 0x26
 603 00d7 00       		.byte	0
 604 00d8 49       		.uleb128 0x49
 605 00d9 13       		.uleb128 0x13
 606 00da 00       		.byte	0
 607 00db 00       		.byte	0
 608 00dc 00       		.byte	0
 609              		.section	.debug_aranges,"",%progbits
 610 0000 1C000000 		.4byte	0x1c
 611 0004 0200     		.2byte	0x2
 612 0006 00000000 		.4byte	.Ldebug_info0
 613 000a 04       		.byte	0x4
 614 000b 00       		.byte	0
 615 000c 0000     		.2byte	0
 616 000e 0000     		.2byte	0
 617 0010 00000000 		.4byte	.LFB0
 618 0014 48000000 		.4byte	.LFE0-.LFB0
 619 0018 00000000 		.4byte	0
 620 001c 00000000 		.4byte	0
 621              		.section	.debug_ranges,"",%progbits
 622              	.Ldebug_ranges0:
 623 0000 00000000 		.4byte	.LFB0
 624 0004 48000000 		.4byte	.LFE0
 625 0008 00000000 		.4byte	0
 626 000c 00000000 		.4byte	0
 627              		.section	.debug_line,"",%progbits
 628              	.Ldebug_line0:
 629 0000 29010000 		.section	.debug_str,"MS",%progbits,1
 629      02000601 
 629      00000201 
 629      FB0E0D00 
 629      01010101 
 630              	.LASF6:
 631 0000 6C6F6E67 		.ascii	"long long int\000"
 631      206C6F6E 
 631      6720696E 
 631      7400
 632              	.LASF30:
 633 000e 5047415F 		.ascii	"PGA_1_Start\000"
 633      315F5374 
 633      61727400 
 634              	.LASF23:
 635 001a 436F6D70 		.ascii	"Comp_Start\000"
 635      5F537461 
 635      727400
 636              	.LASF18:
 637 0025 63757272 		.ascii	"currentState\000"
 637      656E7453 
 637      74617465 
ARM GAS  C:\Users\JohnP\AppData\Local\Temp\cc5BkvOP.s 			page 13


 637      00
 638              	.LASF19:
 639 0032 50726576 		.ascii	"Prev_state\000"
 639      5F737461 
 639      746500
 640              	.LASF29:
 641 003d 57617665 		.ascii	"WaveDAC8_1_Start\000"
 641      44414338 
 641      5F315F53 
 641      74617274 
 641      00
 642              	.LASF21:
 643 004e 74696D65 		.ascii	"timer_status\000"
 643      725F7374 
 643      61747573 
 643      00
 644              	.LASF20:
 645 005b 68656172 		.ascii	"heartbeatCounter\000"
 645      74626561 
 645      74436F75 
 645      6E746572 
 645      00
 646              	.LASF11:
 647 006c 666C6F61 		.ascii	"float\000"
 647      7400
 648              	.LASF24:
 649 0072 4C43445F 		.ascii	"LCD_Start\000"
 649      53746172 
 649      7400
 650              	.LASF1:
 651 007c 756E7369 		.ascii	"unsigned char\000"
 651      676E6564 
 651      20636861 
 651      7200
 652              	.LASF38:
 653 008a 433A5C72 		.ascii	"C:\\repositories\\embedded\\trunk\\terminalOutput\\"
 653      65706F73 
 653      69746F72 
 653      6965735C 
 653      656D6265 
 654 00b8 43453439 		.ascii	"CE4920Project1\\Design01.cydsn\000"
 654      32305072 
 654      6F6A6563 
 654      74315C44 
 654      65736967 
 655              	.LASF13:
 656 00d6 63686172 		.ascii	"char8\000"
 656      3800
 657              	.LASF33:
 658 00dc 74696D65 		.ascii	"timer_clock_1_Start\000"
 658      725F636C 
 658      6F636B5F 
 658      315F5374 
 658      61727400 
 659              	.LASF5:
 660 00f0 6C6F6E67 		.ascii	"long unsigned int\000"
 660      20756E73 
ARM GAS  C:\Users\JohnP\AppData\Local\Temp\cc5BkvOP.s 			page 14


 660      69676E65 
 660      6420696E 
 660      7400
 661              	.LASF16:
 662 0102 53544154 		.ascii	"STATE\000"
 662      4500
 663              	.LASF3:
 664 0108 73686F72 		.ascii	"short unsigned int\000"
 664      7420756E 
 664      7369676E 
 664      65642069 
 664      6E7400
 665              	.LASF12:
 666 011b 646F7562 		.ascii	"double\000"
 666      6C6500
 667              	.LASF27:
 668 0122 43617053 		.ascii	"CapSense_ScanEnabledWidgets\000"
 668      656E7365 
 668      5F536361 
 668      6E456E61 
 668      626C6564 
 669              	.LASF37:
 670 013e 2E5C7379 		.ascii	".\\system.c\000"
 670      7374656D 
 670      2E6300
 671              	.LASF22:
 672 0149 74696D65 		.ascii	"timer_value\000"
 672      725F7661 
 672      6C756500 
 673              	.LASF10:
 674 0155 75696E74 		.ascii	"uint16\000"
 674      313600
 675              	.LASF40:
 676 015c 436F6D70 		.ascii	"Comp_ZeroCal\000"
 676      5F5A6572 
 676      6F43616C 
 676      00
 677              	.LASF32:
 678 0169 48656172 		.ascii	"HeartbeatCounter_Start\000"
 678      74626561 
 678      74436F75 
 678      6E746572 
 678      5F537461 
 679              	.LASF34:
 680 0180 55534255 		.ascii	"USBUART_Start\000"
 680      4152545F 
 680      53746172 
 680      7400
 681              	.LASF8:
 682 018e 756E7369 		.ascii	"unsigned int\000"
 682      676E6564 
 682      20696E74 
 682      00
 683              	.LASF7:
 684 019b 6C6F6E67 		.ascii	"long long unsigned int\000"
 684      206C6F6E 
 684      6720756E 
ARM GAS  C:\Users\JohnP\AppData\Local\Temp\cc5BkvOP.s 			page 15


 684      7369676E 
 684      65642069 
 685              	.LASF26:
 686 01b2 43617053 		.ascii	"CapSense_Enable\000"
 686      656E7365 
 686      5F456E61 
 686      626C6500 
 687              	.LASF36:
 688 01c2 474E5520 		.ascii	"GNU C 4.8.4 20140526 (release) [ARM/embedded-4_8-br"
 688      4320342E 
 688      382E3420 
 688      32303134 
 688      30353236 
 689 01f5 616E6368 		.ascii	"anch revision 211358] -mcpu=cortex-m3 -mthumb -g -O"
 689      20726576 
 689      6973696F 
 689      6E203231 
 689      31333538 
 690 0228 67202D66 		.ascii	"g -ffunction-sections\000"
 690      66756E63 
 690      74696F6E 
 690      2D736563 
 690      74696F6E 
 691              	.LASF15:
 692 023e 73697A65 		.ascii	"sizetype\000"
 692      74797065 
 692      00
 693              	.LASF17:
 694 0247 68656172 		.ascii	"heartrate\000"
 694      74726174 
 694      6500
 695              	.LASF14:
 696 0251 63686172 		.ascii	"char\000"
 696      00
 697              	.LASF31:
 698 0256 436F6D70 		.ascii	"Compint_Start\000"
 698      696E745F 
 698      53746172 
 698      7400
 699              	.LASF39:
 700 0264 53797374 		.ascii	"System_init\000"
 700      656D5F69 
 700      6E697400 
 701              	.LASF2:
 702 0270 73686F72 		.ascii	"short int\000"
 702      7420696E 
 702      7400
 703              	.LASF9:
 704 027a 75696E74 		.ascii	"uint8\000"
 704      3800
 705              	.LASF4:
 706 0280 6C6F6E67 		.ascii	"long int\000"
 706      20696E74 
 706      00
 707              	.LASF35:
 708 0289 5445524D 		.ascii	"TERMINAL_WriteString\000"
 708      494E414C 
ARM GAS  C:\Users\JohnP\AppData\Local\Temp\cc5BkvOP.s 			page 16


 708      5F577269 
 708      74655374 
 708      72696E67 
 709              	.LASF0:
 710 029e 7369676E 		.ascii	"signed char\000"
 710      65642063 
 710      68617200 
 711              	.LASF28:
 712 02aa 43617053 		.ascii	"CapSense_InitializeAllBaselines\000"
 712      656E7365 
 712      5F496E69 
 712      7469616C 
 712      697A6541 
 713              	.LASF25:
 714 02ca 43617053 		.ascii	"CapSense_Start\000"
 714      656E7365 
 714      5F537461 
 714      727400
 715              		.ident	"GCC: (GNU Tools for ARM Embedded Processors) 4.8.4 20140526 (release) [ARM/embedded-4_8-br
