ARM GAS  C:\Users\JohnP\AppData\Local\Temp\ccPHFzY9.s 			page 1


   1              		.syntax unified
   2              		.cpu cortex-m3
   3              		.fpu softvfp
   4              		.eabi_attribute 20, 1
   5              		.eabi_attribute 21, 1
   6              		.eabi_attribute 23, 3
   7              		.eabi_attribute 24, 1
   8              		.eabi_attribute 25, 1
   9              		.eabi_attribute 26, 1
  10              		.eabi_attribute 30, 1
  11              		.eabi_attribute 34, 1
  12              		.eabi_attribute 18, 4
  13              		.thumb
  14              		.file	"terminal.c"
  15              		.text
  16              	.Ltext0:
  17              		.cfi_sections	.debug_frame
  18              		.section	.text.TERMINAL_WriteString,"ax",%progbits
  19              		.align	2
  20              		.global	TERMINAL_WriteString
  21              		.thumb
  22              		.thumb_func
  23              		.type	TERMINAL_WriteString, %function
  24              	TERMINAL_WriteString:
  25              	.LFB0:
  26              		.file 1 ".\\terminal.c"
   1:.\terminal.c  **** /* ========================================
   2:.\terminal.c  ****  *
   3:.\terminal.c  ****  * Copyright YOUR COMPANY, THE YEAR
   4:.\terminal.c  ****  * All Rights Reserved
   5:.\terminal.c  ****  * UNPUBLISHED, LICENSED SOFTWARE.
   6:.\terminal.c  ****  *
   7:.\terminal.c  ****  * CONFIDENTIAL AND PROPRIETARY INFORMATION
   8:.\terminal.c  ****  * WHICH IS THE PROPERTY OF your company.
   9:.\terminal.c  ****  *
  10:.\terminal.c  ****  * ========================================
  11:.\terminal.c  **** */
  12:.\terminal.c  **** #include "terminal.h"
  13:.\terminal.c  **** 
  14:.\terminal.c  **** void TERMINAL_WriteString(const char8 string[]) {
  27              		.loc 1 14 0
  28              		.cfi_startproc
  29              		@ args = 0, pretend = 0, frame = 0
  30              		@ frame_needed = 0, uses_anonymous_args = 0
  31              	.LVL0:
  32 0000 10B5     		push	{r4, lr}
  33              		.cfi_def_cfa_offset 8
  34              		.cfi_offset 4, -8
  35              		.cfi_offset 14, -4
  36 0002 0446     		mov	r4, r0
  37              	.LVL1:
  38              	.L2:
  15:.\terminal.c  ****     while(USBUART_CDCIsReady() == 0);
  39              		.loc 1 15 0 discriminator 1
  40 0004 FFF7FEFF 		bl	USBUART_CDCIsReady
  41              	.LVL2:
  42 0008 0028     		cmp	r0, #0
ARM GAS  C:\Users\JohnP\AppData\Local\Temp\ccPHFzY9.s 			page 2


  43 000a FBD0     		beq	.L2
  16:.\terminal.c  ****     USBUART_PutString(string);
  44              		.loc 1 16 0
  45 000c 2046     		mov	r0, r4
  46 000e FFF7FEFF 		bl	USBUART_PutString
  47              	.LVL3:
  48 0012 10BD     		pop	{r4, pc}
  49              		.cfi_endproc
  50              	.LFE0:
  51              		.size	TERMINAL_WriteString, .-TERMINAL_WriteString
  52              		.global	__aeabi_f2iz
  53              		.section	.text.TERMINAL_WriteNumber,"ax",%progbits
  54              		.align	2
  55              		.global	TERMINAL_WriteNumber
  56              		.thumb
  57              		.thumb_func
  58              		.type	TERMINAL_WriteNumber, %function
  59              	TERMINAL_WriteNumber:
  60              	.LFB1:
  17:.\terminal.c  **** }
  18:.\terminal.c  **** 
  19:.\terminal.c  **** void TERMINAL_WriteNumber(float number) {
  61              		.loc 1 19 0
  62              		.cfi_startproc
  63              		@ args = 0, pretend = 0, frame = 56
  64              		@ frame_needed = 0, uses_anonymous_args = 0
  65              	.LVL4:
  66 0000 00B5     		push	{lr}
  67              		.cfi_def_cfa_offset 4
  68              		.cfi_offset 14, -4
  69 0002 8FB0     		sub	sp, sp, #60
  70              		.cfi_def_cfa_offset 64
  20:.\terminal.c  ****     char8 str2[50];
  21:.\terminal.c  ****     sprintf(str2, "Your heartrate: %i    \r",(int)number);
  71              		.loc 1 21 0
  72 0004 FFF7FEFF 		bl	__aeabi_f2iz
  73              	.LVL5:
  74 0008 0246     		mov	r2, r0
  75 000a 01A8     		add	r0, sp, #4
  76 000c 0649     		ldr	r1, .L7
  77 000e FFF7FEFF 		bl	sprintf
  78              	.LVL6:
  79              	.L5:
  22:.\terminal.c  ****     while(USBUART_CDCIsReady() == 0);
  80              		.loc 1 22 0 discriminator 1
  81 0012 FFF7FEFF 		bl	USBUART_CDCIsReady
  82              	.LVL7:
  83 0016 0028     		cmp	r0, #0
  84 0018 FBD0     		beq	.L5
  23:.\terminal.c  ****     USBUART_PutString(str2);
  85              		.loc 1 23 0
  86 001a 01A8     		add	r0, sp, #4
  87 001c FFF7FEFF 		bl	USBUART_PutString
  88              	.LVL8:
  24:.\terminal.c  **** }
  89              		.loc 1 24 0
  90 0020 0FB0     		add	sp, sp, #60
ARM GAS  C:\Users\JohnP\AppData\Local\Temp\ccPHFzY9.s 			page 3


  91              		@ sp needed
  92 0022 5DF804FB 		ldr	pc, [sp], #4
  93              	.L8:
  94 0026 00BF     		.align	2
  95              	.L7:
  96 0028 00000000 		.word	.LC0
  97              		.cfi_endproc
  98              	.LFE1:
  99              		.size	TERMINAL_WriteNumber, .-TERMINAL_WriteNumber
 100              		.comm	timer_value,4,4
 101              		.comm	timer_status,4,4
 102              		.comm	heartbeatCounter,4,4
 103              		.comm	heartrate,4,4
 104              		.comm	Prev_state,4,4
 105              		.comm	currentState,4,4
 106              		.section	.rodata.str1.4,"aMS",%progbits,1
 107              		.align	2
 108              	.LC0:
 109 0000 596F7572 		.ascii	"Your heartrate: %i    \015\000"
 109      20686561 
 109      72747261 
 109      74653A20 
 109      25692020 
 110              		.text
 111              	.Letext0:
 112              		.file 2 "Generated_Source\\PSoC5/cytypes.h"
 113              		.file 3 ".\\states.h"
 114              		.file 4 ".\\heartrate.h"
 115              		.file 5 "c:\\program files (x86)\\cypress\\psoc creator\\3.2\\psoc creator\\import\\gnu\\arm\\4.8.
 116              		.section	.debug_info,"",%progbits
 117              	.Ldebug_info0:
 118 0000 50020000 		.4byte	0x250
 119 0004 0400     		.2byte	0x4
 120 0006 00000000 		.4byte	.Ldebug_abbrev0
 121 000a 04       		.byte	0x4
 122 000b 01       		.uleb128 0x1
 123 000c 66010000 		.4byte	.LASF28
 124 0010 01       		.byte	0x1
 125 0011 01010000 		.4byte	.LASF29
 126 0015 97000000 		.4byte	.LASF30
 127 0019 00000000 		.4byte	.Ldebug_ranges0+0
 128 001d 00000000 		.4byte	0
 129 0021 00000000 		.4byte	.Ldebug_line0
 130 0025 02       		.uleb128 0x2
 131 0026 04       		.byte	0x4
 132 0027 04       		.byte	0x4
 133 0028 83000000 		.4byte	.LASF0
 134 002c 02       		.uleb128 0x2
 135 002d 01       		.byte	0x1
 136 002e 06       		.byte	0x6
 137 002f 22020000 		.4byte	.LASF1
 138 0033 02       		.uleb128 0x2
 139 0034 01       		.byte	0x1
 140 0035 08       		.byte	0x8
 141 0036 89000000 		.4byte	.LASF2
 142 003a 02       		.uleb128 0x2
 143 003b 02       		.byte	0x2
ARM GAS  C:\Users\JohnP\AppData\Local\Temp\ccPHFzY9.s 			page 4


 144 003c 05       		.byte	0x5
 145 003d FA010000 		.4byte	.LASF3
 146 0041 02       		.uleb128 0x2
 147 0042 02       		.byte	0x2
 148 0043 07       		.byte	0x7
 149 0044 26000000 		.4byte	.LASF4
 150 0048 02       		.uleb128 0x2
 151 0049 04       		.byte	0x4
 152 004a 05       		.byte	0x5
 153 004b 04020000 		.4byte	.LASF5
 154 004f 02       		.uleb128 0x2
 155 0050 04       		.byte	0x4
 156 0051 07       		.byte	0x7
 157 0052 E9000000 		.4byte	.LASF6
 158 0056 02       		.uleb128 0x2
 159 0057 08       		.byte	0x8
 160 0058 05       		.byte	0x5
 161 0059 00000000 		.4byte	.LASF7
 162 005d 02       		.uleb128 0x2
 163 005e 08       		.byte	0x8
 164 005f 07       		.byte	0x7
 165 0060 48010000 		.4byte	.LASF8
 166 0064 03       		.uleb128 0x3
 167 0065 04       		.byte	0x4
 168 0066 05       		.byte	0x5
 169 0067 696E7400 		.ascii	"int\000"
 170 006b 02       		.uleb128 0x2
 171 006c 04       		.byte	0x4
 172 006d 07       		.byte	0x7
 173 006e 3B010000 		.4byte	.LASF9
 174 0072 02       		.uleb128 0x2
 175 0073 08       		.byte	0x8
 176 0074 04       		.byte	0x4
 177 0075 0E010000 		.4byte	.LASF10
 178 0079 04       		.uleb128 0x4
 179 007a E3000000 		.4byte	.LASF13
 180 007e 02       		.byte	0x2
 181 007f C5       		.byte	0xc5
 182 0080 84000000 		.4byte	0x84
 183 0084 02       		.uleb128 0x2
 184 0085 01       		.byte	0x1
 185 0086 08       		.byte	0x8
 186 0087 F5010000 		.4byte	.LASF11
 187 008b 02       		.uleb128 0x2
 188 008c 04       		.byte	0x4
 189 008d 07       		.byte	0x7
 190 008e E2010000 		.4byte	.LASF12
 191 0092 05       		.uleb128 0x5
 192 0093 04       		.byte	0x4
 193 0094 84000000 		.4byte	0x84
 194 0098 05       		.uleb128 0x5
 195 0099 04       		.byte	0x4
 196 009a 9E000000 		.4byte	0x9e
 197 009e 06       		.uleb128 0x6
 198 009f 84000000 		.4byte	0x84
 199 00a3 04       		.uleb128 0x4
 200 00a4 FB000000 		.4byte	.LASF14
ARM GAS  C:\Users\JohnP\AppData\Local\Temp\ccPHFzY9.s 			page 5


 201 00a8 03       		.byte	0x3
 202 00a9 11       		.byte	0x11
 203 00aa 64000000 		.4byte	0x64
 204 00ae 07       		.uleb128 0x7
 205 00af 0D020000 		.4byte	.LASF17
 206 00b3 01       		.byte	0x1
 207 00b4 0E       		.byte	0xe
 208 00b5 00000000 		.4byte	.LFB0
 209 00b9 14000000 		.4byte	.LFE0-.LFB0
 210 00bd 01       		.uleb128 0x1
 211 00be 9C       		.byte	0x9c
 212 00bf 0E010000 		.4byte	0x10e
 213 00c3 08       		.uleb128 0x8
 214 00c4 58000000 		.4byte	.LASF19
 215 00c8 01       		.byte	0x1
 216 00c9 0E       		.byte	0xe
 217 00ca 0E010000 		.4byte	0x10e
 218 00ce 00000000 		.4byte	.LLST0
 219 00d2 09       		.uleb128 0x9
 220 00d3 5F000000 		.4byte	.LASF15
 221 00d7 01       		.byte	0x1
 222 00d8 0F       		.byte	0xf
 223 00d9 64000000 		.4byte	0x64
 224 00dd E3000000 		.4byte	0xe3
 225 00e1 0A       		.uleb128 0xa
 226 00e2 00       		.byte	0
 227 00e3 09       		.uleb128 0x9
 228 00e4 39000000 		.4byte	.LASF16
 229 00e8 01       		.byte	0x1
 230 00e9 10       		.byte	0x10
 231 00ea 64000000 		.4byte	0x64
 232 00ee F4000000 		.4byte	0xf4
 233 00f2 0A       		.uleb128 0xa
 234 00f3 00       		.byte	0
 235 00f4 0B       		.uleb128 0xb
 236 00f5 08000000 		.4byte	.LVL2
 237 00f9 1A020000 		.4byte	0x21a
 238 00fd 0C       		.uleb128 0xc
 239 00fe 12000000 		.4byte	.LVL3
 240 0102 2B020000 		.4byte	0x22b
 241 0106 0D       		.uleb128 0xd
 242 0107 01       		.uleb128 0x1
 243 0108 50       		.byte	0x50
 244 0109 02       		.uleb128 0x2
 245 010a 74       		.byte	0x74
 246 010b 00       		.sleb128 0
 247 010c 00       		.byte	0
 248 010d 00       		.byte	0
 249 010e 05       		.uleb128 0x5
 250 010f 04       		.byte	0x4
 251 0110 14010000 		.4byte	0x114
 252 0114 06       		.uleb128 0x6
 253 0115 79000000 		.4byte	0x79
 254 0119 0E       		.uleb128 0xe
 255 011a 15010000 		.4byte	.LASF18
 256 011e 01       		.byte	0x1
 257 011f 13       		.byte	0x13
ARM GAS  C:\Users\JohnP\AppData\Local\Temp\ccPHFzY9.s 			page 6


 258 0120 00000000 		.4byte	.LFB1
 259 0124 2C000000 		.4byte	.LFE1-.LFB1
 260 0128 01       		.uleb128 0x1
 261 0129 9C       		.byte	0x9c
 262 012a A4010000 		.4byte	0x1a4
 263 012e 08       		.uleb128 0x8
 264 012f 5F010000 		.4byte	.LASF20
 265 0133 01       		.byte	0x1
 266 0134 13       		.byte	0x13
 267 0135 25000000 		.4byte	0x25
 268 0139 1E000000 		.4byte	.LLST1
 269 013d 0F       		.uleb128 0xf
 270 013e 2A010000 		.4byte	.LASF31
 271 0142 01       		.byte	0x1
 272 0143 14       		.byte	0x14
 273 0144 A4010000 		.4byte	0x1a4
 274 0148 02       		.uleb128 0x2
 275 0149 91       		.byte	0x91
 276 014a 44       		.sleb128 -60
 277 014b 09       		.uleb128 0x9
 278 014c 5F000000 		.4byte	.LASF15
 279 0150 01       		.byte	0x1
 280 0151 0F       		.byte	0xf
 281 0152 64000000 		.4byte	0x64
 282 0156 5C010000 		.4byte	0x15c
 283 015a 0A       		.uleb128 0xa
 284 015b 00       		.byte	0
 285 015c 09       		.uleb128 0x9
 286 015d 39000000 		.4byte	.LASF16
 287 0161 01       		.byte	0x1
 288 0162 10       		.byte	0x10
 289 0163 64000000 		.4byte	0x64
 290 0167 6D010000 		.4byte	0x16d
 291 016b 0A       		.uleb128 0xa
 292 016c 00       		.byte	0
 293 016d 10       		.uleb128 0x10
 294 016e 12000000 		.4byte	.LVL6
 295 0172 3C020000 		.4byte	0x23c
 296 0176 8A010000 		.4byte	0x18a
 297 017a 0D       		.uleb128 0xd
 298 017b 01       		.uleb128 0x1
 299 017c 51       		.byte	0x51
 300 017d 05       		.uleb128 0x5
 301 017e 03       		.byte	0x3
 302 017f 00000000 		.4byte	.LC0
 303 0183 0D       		.uleb128 0xd
 304 0184 01       		.uleb128 0x1
 305 0185 50       		.byte	0x50
 306 0186 02       		.uleb128 0x2
 307 0187 91       		.byte	0x91
 308 0188 44       		.sleb128 -60
 309 0189 00       		.byte	0
 310 018a 0B       		.uleb128 0xb
 311 018b 16000000 		.4byte	.LVL7
 312 018f 1A020000 		.4byte	0x21a
 313 0193 0C       		.uleb128 0xc
 314 0194 20000000 		.4byte	.LVL8
ARM GAS  C:\Users\JohnP\AppData\Local\Temp\ccPHFzY9.s 			page 7


 315 0198 2B020000 		.4byte	0x22b
 316 019c 0D       		.uleb128 0xd
 317 019d 01       		.uleb128 0x1
 318 019e 50       		.byte	0x50
 319 019f 02       		.uleb128 0x2
 320 01a0 91       		.byte	0x91
 321 01a1 44       		.sleb128 -60
 322 01a2 00       		.byte	0
 323 01a3 00       		.byte	0
 324 01a4 11       		.uleb128 0x11
 325 01a5 79000000 		.4byte	0x79
 326 01a9 B4010000 		.4byte	0x1b4
 327 01ad 12       		.uleb128 0x12
 328 01ae 8B000000 		.4byte	0x8b
 329 01b2 31       		.byte	0x31
 330 01b3 00       		.byte	0
 331 01b4 13       		.uleb128 0x13
 332 01b5 EB010000 		.4byte	.LASF21
 333 01b9 04       		.byte	0x4
 334 01ba 13       		.byte	0x13
 335 01bb 25000000 		.4byte	0x25
 336 01bf 05       		.uleb128 0x5
 337 01c0 03       		.byte	0x3
 338 01c1 00000000 		.4byte	heartrate
 339 01c5 13       		.uleb128 0x13
 340 01c6 0E000000 		.4byte	.LASF22
 341 01ca 03       		.byte	0x3
 342 01cb 2D       		.byte	0x2d
 343 01cc A3000000 		.4byte	0xa3
 344 01d0 05       		.uleb128 0x5
 345 01d1 03       		.byte	0x3
 346 01d2 00000000 		.4byte	currentState
 347 01d6 13       		.uleb128 0x13
 348 01d7 1B000000 		.4byte	.LASF23
 349 01db 03       		.byte	0x3
 350 01dc 2F       		.byte	0x2f
 351 01dd A3000000 		.4byte	0xa3
 352 01e1 05       		.uleb128 0x5
 353 01e2 03       		.byte	0x3
 354 01e3 00000000 		.4byte	Prev_state
 355 01e7 13       		.uleb128 0x13
 356 01e8 72000000 		.4byte	.LASF24
 357 01ec 04       		.byte	0x4
 358 01ed 14       		.byte	0x14
 359 01ee 25000000 		.4byte	0x25
 360 01f2 05       		.uleb128 0x5
 361 01f3 03       		.byte	0x3
 362 01f4 00000000 		.4byte	heartbeatCounter
 363 01f8 13       		.uleb128 0x13
 364 01f9 4B000000 		.4byte	.LASF25
 365 01fd 04       		.byte	0x4
 366 01fe 15       		.byte	0x15
 367 01ff 64000000 		.4byte	0x64
 368 0203 05       		.uleb128 0x5
 369 0204 03       		.byte	0x3
 370 0205 00000000 		.4byte	timer_status
 371 0209 13       		.uleb128 0x13
ARM GAS  C:\Users\JohnP\AppData\Local\Temp\ccPHFzY9.s 			page 8


 372 020a 2F010000 		.4byte	.LASF26
 373 020e 04       		.byte	0x4
 374 020f 16       		.byte	0x16
 375 0210 64000000 		.4byte	0x64
 376 0214 05       		.uleb128 0x5
 377 0215 03       		.byte	0x3
 378 0216 00000000 		.4byte	timer_value
 379 021a 09       		.uleb128 0x9
 380 021b 5F000000 		.4byte	.LASF15
 381 021f 01       		.byte	0x1
 382 0220 0F       		.byte	0xf
 383 0221 64000000 		.4byte	0x64
 384 0225 2B020000 		.4byte	0x22b
 385 0229 0A       		.uleb128 0xa
 386 022a 00       		.byte	0
 387 022b 09       		.uleb128 0x9
 388 022c 39000000 		.4byte	.LASF16
 389 0230 01       		.byte	0x1
 390 0231 10       		.byte	0x10
 391 0232 64000000 		.4byte	0x64
 392 0236 3C020000 		.4byte	0x23c
 393 023a 0A       		.uleb128 0xa
 394 023b 00       		.byte	0
 395 023c 14       		.uleb128 0x14
 396 023d 2E020000 		.4byte	.LASF27
 397 0241 05       		.byte	0x5
 398 0242 D9       		.byte	0xd9
 399 0243 64000000 		.4byte	0x64
 400 0247 15       		.uleb128 0x15
 401 0248 92000000 		.4byte	0x92
 402 024c 15       		.uleb128 0x15
 403 024d 98000000 		.4byte	0x98
 404 0251 0A       		.uleb128 0xa
 405 0252 00       		.byte	0
 406 0253 00       		.byte	0
 407              		.section	.debug_abbrev,"",%progbits
 408              	.Ldebug_abbrev0:
 409 0000 01       		.uleb128 0x1
 410 0001 11       		.uleb128 0x11
 411 0002 01       		.byte	0x1
 412 0003 25       		.uleb128 0x25
 413 0004 0E       		.uleb128 0xe
 414 0005 13       		.uleb128 0x13
 415 0006 0B       		.uleb128 0xb
 416 0007 03       		.uleb128 0x3
 417 0008 0E       		.uleb128 0xe
 418 0009 1B       		.uleb128 0x1b
 419 000a 0E       		.uleb128 0xe
 420 000b 55       		.uleb128 0x55
 421 000c 17       		.uleb128 0x17
 422 000d 11       		.uleb128 0x11
 423 000e 01       		.uleb128 0x1
 424 000f 10       		.uleb128 0x10
 425 0010 17       		.uleb128 0x17
 426 0011 00       		.byte	0
 427 0012 00       		.byte	0
 428 0013 02       		.uleb128 0x2
ARM GAS  C:\Users\JohnP\AppData\Local\Temp\ccPHFzY9.s 			page 9


 429 0014 24       		.uleb128 0x24
 430 0015 00       		.byte	0
 431 0016 0B       		.uleb128 0xb
 432 0017 0B       		.uleb128 0xb
 433 0018 3E       		.uleb128 0x3e
 434 0019 0B       		.uleb128 0xb
 435 001a 03       		.uleb128 0x3
 436 001b 0E       		.uleb128 0xe
 437 001c 00       		.byte	0
 438 001d 00       		.byte	0
 439 001e 03       		.uleb128 0x3
 440 001f 24       		.uleb128 0x24
 441 0020 00       		.byte	0
 442 0021 0B       		.uleb128 0xb
 443 0022 0B       		.uleb128 0xb
 444 0023 3E       		.uleb128 0x3e
 445 0024 0B       		.uleb128 0xb
 446 0025 03       		.uleb128 0x3
 447 0026 08       		.uleb128 0x8
 448 0027 00       		.byte	0
 449 0028 00       		.byte	0
 450 0029 04       		.uleb128 0x4
 451 002a 16       		.uleb128 0x16
 452 002b 00       		.byte	0
 453 002c 03       		.uleb128 0x3
 454 002d 0E       		.uleb128 0xe
 455 002e 3A       		.uleb128 0x3a
 456 002f 0B       		.uleb128 0xb
 457 0030 3B       		.uleb128 0x3b
 458 0031 0B       		.uleb128 0xb
 459 0032 49       		.uleb128 0x49
 460 0033 13       		.uleb128 0x13
 461 0034 00       		.byte	0
 462 0035 00       		.byte	0
 463 0036 05       		.uleb128 0x5
 464 0037 0F       		.uleb128 0xf
 465 0038 00       		.byte	0
 466 0039 0B       		.uleb128 0xb
 467 003a 0B       		.uleb128 0xb
 468 003b 49       		.uleb128 0x49
 469 003c 13       		.uleb128 0x13
 470 003d 00       		.byte	0
 471 003e 00       		.byte	0
 472 003f 06       		.uleb128 0x6
 473 0040 26       		.uleb128 0x26
 474 0041 00       		.byte	0
 475 0042 49       		.uleb128 0x49
 476 0043 13       		.uleb128 0x13
 477 0044 00       		.byte	0
 478 0045 00       		.byte	0
 479 0046 07       		.uleb128 0x7
 480 0047 2E       		.uleb128 0x2e
 481 0048 01       		.byte	0x1
 482 0049 3F       		.uleb128 0x3f
 483 004a 19       		.uleb128 0x19
 484 004b 03       		.uleb128 0x3
 485 004c 0E       		.uleb128 0xe
ARM GAS  C:\Users\JohnP\AppData\Local\Temp\ccPHFzY9.s 			page 10


 486 004d 3A       		.uleb128 0x3a
 487 004e 0B       		.uleb128 0xb
 488 004f 3B       		.uleb128 0x3b
 489 0050 0B       		.uleb128 0xb
 490 0051 27       		.uleb128 0x27
 491 0052 19       		.uleb128 0x19
 492 0053 11       		.uleb128 0x11
 493 0054 01       		.uleb128 0x1
 494 0055 12       		.uleb128 0x12
 495 0056 06       		.uleb128 0x6
 496 0057 40       		.uleb128 0x40
 497 0058 18       		.uleb128 0x18
 498 0059 9742     		.uleb128 0x2117
 499 005b 19       		.uleb128 0x19
 500 005c 01       		.uleb128 0x1
 501 005d 13       		.uleb128 0x13
 502 005e 00       		.byte	0
 503 005f 00       		.byte	0
 504 0060 08       		.uleb128 0x8
 505 0061 05       		.uleb128 0x5
 506 0062 00       		.byte	0
 507 0063 03       		.uleb128 0x3
 508 0064 0E       		.uleb128 0xe
 509 0065 3A       		.uleb128 0x3a
 510 0066 0B       		.uleb128 0xb
 511 0067 3B       		.uleb128 0x3b
 512 0068 0B       		.uleb128 0xb
 513 0069 49       		.uleb128 0x49
 514 006a 13       		.uleb128 0x13
 515 006b 02       		.uleb128 0x2
 516 006c 17       		.uleb128 0x17
 517 006d 00       		.byte	0
 518 006e 00       		.byte	0
 519 006f 09       		.uleb128 0x9
 520 0070 2E       		.uleb128 0x2e
 521 0071 01       		.byte	0x1
 522 0072 3F       		.uleb128 0x3f
 523 0073 19       		.uleb128 0x19
 524 0074 03       		.uleb128 0x3
 525 0075 0E       		.uleb128 0xe
 526 0076 3A       		.uleb128 0x3a
 527 0077 0B       		.uleb128 0xb
 528 0078 3B       		.uleb128 0x3b
 529 0079 0B       		.uleb128 0xb
 530 007a 49       		.uleb128 0x49
 531 007b 13       		.uleb128 0x13
 532 007c 3C       		.uleb128 0x3c
 533 007d 19       		.uleb128 0x19
 534 007e 01       		.uleb128 0x1
 535 007f 13       		.uleb128 0x13
 536 0080 00       		.byte	0
 537 0081 00       		.byte	0
 538 0082 0A       		.uleb128 0xa
 539 0083 18       		.uleb128 0x18
 540 0084 00       		.byte	0
 541 0085 00       		.byte	0
 542 0086 00       		.byte	0
ARM GAS  C:\Users\JohnP\AppData\Local\Temp\ccPHFzY9.s 			page 11


 543 0087 0B       		.uleb128 0xb
 544 0088 898201   		.uleb128 0x4109
 545 008b 00       		.byte	0
 546 008c 11       		.uleb128 0x11
 547 008d 01       		.uleb128 0x1
 548 008e 31       		.uleb128 0x31
 549 008f 13       		.uleb128 0x13
 550 0090 00       		.byte	0
 551 0091 00       		.byte	0
 552 0092 0C       		.uleb128 0xc
 553 0093 898201   		.uleb128 0x4109
 554 0096 01       		.byte	0x1
 555 0097 11       		.uleb128 0x11
 556 0098 01       		.uleb128 0x1
 557 0099 31       		.uleb128 0x31
 558 009a 13       		.uleb128 0x13
 559 009b 00       		.byte	0
 560 009c 00       		.byte	0
 561 009d 0D       		.uleb128 0xd
 562 009e 8A8201   		.uleb128 0x410a
 563 00a1 00       		.byte	0
 564 00a2 02       		.uleb128 0x2
 565 00a3 18       		.uleb128 0x18
 566 00a4 9142     		.uleb128 0x2111
 567 00a6 18       		.uleb128 0x18
 568 00a7 00       		.byte	0
 569 00a8 00       		.byte	0
 570 00a9 0E       		.uleb128 0xe
 571 00aa 2E       		.uleb128 0x2e
 572 00ab 01       		.byte	0x1
 573 00ac 3F       		.uleb128 0x3f
 574 00ad 19       		.uleb128 0x19
 575 00ae 03       		.uleb128 0x3
 576 00af 0E       		.uleb128 0xe
 577 00b0 3A       		.uleb128 0x3a
 578 00b1 0B       		.uleb128 0xb
 579 00b2 3B       		.uleb128 0x3b
 580 00b3 0B       		.uleb128 0xb
 581 00b4 27       		.uleb128 0x27
 582 00b5 19       		.uleb128 0x19
 583 00b6 11       		.uleb128 0x11
 584 00b7 01       		.uleb128 0x1
 585 00b8 12       		.uleb128 0x12
 586 00b9 06       		.uleb128 0x6
 587 00ba 40       		.uleb128 0x40
 588 00bb 18       		.uleb128 0x18
 589 00bc 9642     		.uleb128 0x2116
 590 00be 19       		.uleb128 0x19
 591 00bf 01       		.uleb128 0x1
 592 00c0 13       		.uleb128 0x13
 593 00c1 00       		.byte	0
 594 00c2 00       		.byte	0
 595 00c3 0F       		.uleb128 0xf
 596 00c4 34       		.uleb128 0x34
 597 00c5 00       		.byte	0
 598 00c6 03       		.uleb128 0x3
 599 00c7 0E       		.uleb128 0xe
ARM GAS  C:\Users\JohnP\AppData\Local\Temp\ccPHFzY9.s 			page 12


 600 00c8 3A       		.uleb128 0x3a
 601 00c9 0B       		.uleb128 0xb
 602 00ca 3B       		.uleb128 0x3b
 603 00cb 0B       		.uleb128 0xb
 604 00cc 49       		.uleb128 0x49
 605 00cd 13       		.uleb128 0x13
 606 00ce 02       		.uleb128 0x2
 607 00cf 18       		.uleb128 0x18
 608 00d0 00       		.byte	0
 609 00d1 00       		.byte	0
 610 00d2 10       		.uleb128 0x10
 611 00d3 898201   		.uleb128 0x4109
 612 00d6 01       		.byte	0x1
 613 00d7 11       		.uleb128 0x11
 614 00d8 01       		.uleb128 0x1
 615 00d9 31       		.uleb128 0x31
 616 00da 13       		.uleb128 0x13
 617 00db 01       		.uleb128 0x1
 618 00dc 13       		.uleb128 0x13
 619 00dd 00       		.byte	0
 620 00de 00       		.byte	0
 621 00df 11       		.uleb128 0x11
 622 00e0 01       		.uleb128 0x1
 623 00e1 01       		.byte	0x1
 624 00e2 49       		.uleb128 0x49
 625 00e3 13       		.uleb128 0x13
 626 00e4 01       		.uleb128 0x1
 627 00e5 13       		.uleb128 0x13
 628 00e6 00       		.byte	0
 629 00e7 00       		.byte	0
 630 00e8 12       		.uleb128 0x12
 631 00e9 21       		.uleb128 0x21
 632 00ea 00       		.byte	0
 633 00eb 49       		.uleb128 0x49
 634 00ec 13       		.uleb128 0x13
 635 00ed 2F       		.uleb128 0x2f
 636 00ee 0B       		.uleb128 0xb
 637 00ef 00       		.byte	0
 638 00f0 00       		.byte	0
 639 00f1 13       		.uleb128 0x13
 640 00f2 34       		.uleb128 0x34
 641 00f3 00       		.byte	0
 642 00f4 03       		.uleb128 0x3
 643 00f5 0E       		.uleb128 0xe
 644 00f6 3A       		.uleb128 0x3a
 645 00f7 0B       		.uleb128 0xb
 646 00f8 3B       		.uleb128 0x3b
 647 00f9 0B       		.uleb128 0xb
 648 00fa 49       		.uleb128 0x49
 649 00fb 13       		.uleb128 0x13
 650 00fc 3F       		.uleb128 0x3f
 651 00fd 19       		.uleb128 0x19
 652 00fe 02       		.uleb128 0x2
 653 00ff 18       		.uleb128 0x18
 654 0100 00       		.byte	0
 655 0101 00       		.byte	0
 656 0102 14       		.uleb128 0x14
ARM GAS  C:\Users\JohnP\AppData\Local\Temp\ccPHFzY9.s 			page 13


 657 0103 2E       		.uleb128 0x2e
 658 0104 01       		.byte	0x1
 659 0105 3F       		.uleb128 0x3f
 660 0106 19       		.uleb128 0x19
 661 0107 03       		.uleb128 0x3
 662 0108 0E       		.uleb128 0xe
 663 0109 3A       		.uleb128 0x3a
 664 010a 0B       		.uleb128 0xb
 665 010b 3B       		.uleb128 0x3b
 666 010c 0B       		.uleb128 0xb
 667 010d 27       		.uleb128 0x27
 668 010e 19       		.uleb128 0x19
 669 010f 49       		.uleb128 0x49
 670 0110 13       		.uleb128 0x13
 671 0111 3C       		.uleb128 0x3c
 672 0112 19       		.uleb128 0x19
 673 0113 00       		.byte	0
 674 0114 00       		.byte	0
 675 0115 15       		.uleb128 0x15
 676 0116 05       		.uleb128 0x5
 677 0117 00       		.byte	0
 678 0118 49       		.uleb128 0x49
 679 0119 13       		.uleb128 0x13
 680 011a 00       		.byte	0
 681 011b 00       		.byte	0
 682 011c 00       		.byte	0
 683              		.section	.debug_loc,"",%progbits
 684              	.Ldebug_loc0:
 685              	.LLST0:
 686 0000 00000000 		.4byte	.LVL0
 687 0004 04000000 		.4byte	.LVL1
 688 0008 0100     		.2byte	0x1
 689 000a 50       		.byte	0x50
 690 000b 04000000 		.4byte	.LVL1
 691 000f 14000000 		.4byte	.LFE0
 692 0013 0100     		.2byte	0x1
 693 0015 54       		.byte	0x54
 694 0016 00000000 		.4byte	0
 695 001a 00000000 		.4byte	0
 696              	.LLST1:
 697 001e 00000000 		.4byte	.LVL4
 698 0022 07000000 		.4byte	.LVL5-1
 699 0026 0100     		.2byte	0x1
 700 0028 50       		.byte	0x50
 701 0029 07000000 		.4byte	.LVL5-1
 702 002d 2C000000 		.4byte	.LFE1
 703 0031 0600     		.2byte	0x6
 704 0033 F3       		.byte	0xf3
 705 0034 03       		.uleb128 0x3
 706 0035 F5       		.byte	0xf5
 707 0036 00       		.uleb128 0
 708 0037 25       		.uleb128 0x25
 709 0038 9F       		.byte	0x9f
 710 0039 00000000 		.4byte	0
 711 003d 00000000 		.4byte	0
 712              		.section	.debug_aranges,"",%progbits
 713 0000 24000000 		.4byte	0x24
ARM GAS  C:\Users\JohnP\AppData\Local\Temp\ccPHFzY9.s 			page 14


 714 0004 0200     		.2byte	0x2
 715 0006 00000000 		.4byte	.Ldebug_info0
 716 000a 04       		.byte	0x4
 717 000b 00       		.byte	0
 718 000c 0000     		.2byte	0
 719 000e 0000     		.2byte	0
 720 0010 00000000 		.4byte	.LFB0
 721 0014 14000000 		.4byte	.LFE0-.LFB0
 722 0018 00000000 		.4byte	.LFB1
 723 001c 2C000000 		.4byte	.LFE1-.LFB1
 724 0020 00000000 		.4byte	0
 725 0024 00000000 		.4byte	0
 726              		.section	.debug_ranges,"",%progbits
 727              	.Ldebug_ranges0:
 728 0000 00000000 		.4byte	.LFB0
 729 0004 14000000 		.4byte	.LFE0
 730 0008 00000000 		.4byte	.LFB1
 731 000c 2C000000 		.4byte	.LFE1
 732 0010 00000000 		.4byte	0
 733 0014 00000000 		.4byte	0
 734              		.section	.debug_line,"",%progbits
 735              	.Ldebug_line0:
 736 0000 0B010000 		.section	.debug_str,"MS",%progbits,1
 736      0200D900 
 736      00000201 
 736      FB0E0D00 
 736      01010101 
 737              	.LASF7:
 738 0000 6C6F6E67 		.ascii	"long long int\000"
 738      206C6F6E 
 738      6720696E 
 738      7400
 739              	.LASF22:
 740 000e 63757272 		.ascii	"currentState\000"
 740      656E7453 
 740      74617465 
 740      00
 741              	.LASF23:
 742 001b 50726576 		.ascii	"Prev_state\000"
 742      5F737461 
 742      746500
 743              	.LASF4:
 744 0026 73686F72 		.ascii	"short unsigned int\000"
 744      7420756E 
 744      7369676E 
 744      65642069 
 744      6E7400
 745              	.LASF16:
 746 0039 55534255 		.ascii	"USBUART_PutString\000"
 746      4152545F 
 746      50757453 
 746      7472696E 
 746      6700
 747              	.LASF25:
 748 004b 74696D65 		.ascii	"timer_status\000"
 748      725F7374 
 748      61747573 
ARM GAS  C:\Users\JohnP\AppData\Local\Temp\ccPHFzY9.s 			page 15


 748      00
 749              	.LASF19:
 750 0058 73747269 		.ascii	"string\000"
 750      6E6700
 751              	.LASF15:
 752 005f 55534255 		.ascii	"USBUART_CDCIsReady\000"
 752      4152545F 
 752      43444349 
 752      73526561 
 752      647900
 753              	.LASF24:
 754 0072 68656172 		.ascii	"heartbeatCounter\000"
 754      74626561 
 754      74436F75 
 754      6E746572 
 754      00
 755              	.LASF0:
 756 0083 666C6F61 		.ascii	"float\000"
 756      7400
 757              	.LASF2:
 758 0089 756E7369 		.ascii	"unsigned char\000"
 758      676E6564 
 758      20636861 
 758      7200
 759              	.LASF30:
 760 0097 433A5C72 		.ascii	"C:\\repositories\\embedded\\trunk\\terminalOutput\\"
 760      65706F73 
 760      69746F72 
 760      6965735C 
 760      656D6265 
 761 00c5 43453439 		.ascii	"CE4920Project1\\Design01.cydsn\000"
 761      32305072 
 761      6F6A6563 
 761      74315C44 
 761      65736967 
 762              	.LASF13:
 763 00e3 63686172 		.ascii	"char8\000"
 763      3800
 764              	.LASF6:
 765 00e9 6C6F6E67 		.ascii	"long unsigned int\000"
 765      20756E73 
 765      69676E65 
 765      6420696E 
 765      7400
 766              	.LASF14:
 767 00fb 53544154 		.ascii	"STATE\000"
 767      4500
 768              	.LASF29:
 769 0101 2E5C7465 		.ascii	".\\terminal.c\000"
 769      726D696E 
 769      616C2E63 
 769      00
 770              	.LASF10:
 771 010e 646F7562 		.ascii	"double\000"
 771      6C6500
 772              	.LASF18:
 773 0115 5445524D 		.ascii	"TERMINAL_WriteNumber\000"
ARM GAS  C:\Users\JohnP\AppData\Local\Temp\ccPHFzY9.s 			page 16


 773      494E414C 
 773      5F577269 
 773      74654E75 
 773      6D626572 
 774              	.LASF31:
 775 012a 73747232 		.ascii	"str2\000"
 775      00
 776              	.LASF26:
 777 012f 74696D65 		.ascii	"timer_value\000"
 777      725F7661 
 777      6C756500 
 778              	.LASF9:
 779 013b 756E7369 		.ascii	"unsigned int\000"
 779      676E6564 
 779      20696E74 
 779      00
 780              	.LASF8:
 781 0148 6C6F6E67 		.ascii	"long long unsigned int\000"
 781      206C6F6E 
 781      6720756E 
 781      7369676E 
 781      65642069 
 782              	.LASF20:
 783 015f 6E756D62 		.ascii	"number\000"
 783      657200
 784              	.LASF28:
 785 0166 474E5520 		.ascii	"GNU C 4.8.4 20140526 (release) [ARM/embedded-4_8-br"
 785      4320342E 
 785      382E3420 
 785      32303134 
 785      30353236 
 786 0199 616E6368 		.ascii	"anch revision 211358] -mcpu=cortex-m3 -mthumb -g -O"
 786      20726576 
 786      6973696F 
 786      6E203231 
 786      31333538 
 787 01cc 67202D66 		.ascii	"g -ffunction-sections\000"
 787      66756E63 
 787      74696F6E 
 787      2D736563 
 787      74696F6E 
 788              	.LASF12:
 789 01e2 73697A65 		.ascii	"sizetype\000"
 789      74797065 
 789      00
 790              	.LASF21:
 791 01eb 68656172 		.ascii	"heartrate\000"
 791      74726174 
 791      6500
 792              	.LASF11:
 793 01f5 63686172 		.ascii	"char\000"
 793      00
 794              	.LASF3:
 795 01fa 73686F72 		.ascii	"short int\000"
 795      7420696E 
 795      7400
 796              	.LASF5:
ARM GAS  C:\Users\JohnP\AppData\Local\Temp\ccPHFzY9.s 			page 17


 797 0204 6C6F6E67 		.ascii	"long int\000"
 797      20696E74 
 797      00
 798              	.LASF17:
 799 020d 5445524D 		.ascii	"TERMINAL_WriteString\000"
 799      494E414C 
 799      5F577269 
 799      74655374 
 799      72696E67 
 800              	.LASF1:
 801 0222 7369676E 		.ascii	"signed char\000"
 801      65642063 
 801      68617200 
 802              	.LASF27:
 803 022e 73707269 		.ascii	"sprintf\000"
 803      6E746600 
 804              		.ident	"GCC: (GNU Tools for ARM Embedded Processors) 4.8.4 20140526 (release) [ARM/embedded-4_8-br
