ARM GAS  C:\Users\JohnP\AppData\Local\Temp\ccXVfz0p.s 			page 1


   1              		.syntax unified
   2              		.cpu cortex-m3
   3              		.fpu softvfp
   4              		.eabi_attribute 20, 1
   5              		.eabi_attribute 21, 1
   6              		.eabi_attribute 23, 3
   7              		.eabi_attribute 24, 1
   8              		.eabi_attribute 25, 1
   9              		.eabi_attribute 26, 1
  10              		.eabi_attribute 30, 1
  11              		.eabi_attribute 34, 1
  12              		.eabi_attribute 18, 4
  13              		.thumb
  14              		.file	"USBUART_episr.c"
  15              		.text
  16              	.Ltext0:
  17              		.cfi_sections	.debug_frame
  18              		.section	.text.USBUART_EP_1_ISR,"ax",%progbits
  19              		.align	2
  20              		.global	USBUART_EP_1_ISR
  21              		.thumb
  22              		.thumb_func
  23              		.type	USBUART_EP_1_ISR, %function
  24              	USBUART_EP_1_ISR:
  25              	.LFB0:
  26              		.file 1 ".\\Generated_Source\\PSoC5\\USBUART_episr.c"
   1:.\Generated_Source\PSoC5/USBUART_episr.c **** /*******************************************************************************
   2:.\Generated_Source\PSoC5/USBUART_episr.c **** * File Name: USBUART_episr.c
   3:.\Generated_Source\PSoC5/USBUART_episr.c **** * Version 2.80
   4:.\Generated_Source\PSoC5/USBUART_episr.c **** *
   5:.\Generated_Source\PSoC5/USBUART_episr.c **** * Description:
   6:.\Generated_Source\PSoC5/USBUART_episr.c **** *  Data endpoint Interrupt Service Routines
   7:.\Generated_Source\PSoC5/USBUART_episr.c **** *
   8:.\Generated_Source\PSoC5/USBUART_episr.c **** * Note:
   9:.\Generated_Source\PSoC5/USBUART_episr.c **** *
  10:.\Generated_Source\PSoC5/USBUART_episr.c **** ********************************************************************************
  11:.\Generated_Source\PSoC5/USBUART_episr.c **** * Copyright 2008-2014, Cypress Semiconductor Corporation.  All rights reserved.
  12:.\Generated_Source\PSoC5/USBUART_episr.c **** * You may use this file only in accordance with the license, terms, conditions,
  13:.\Generated_Source\PSoC5/USBUART_episr.c **** * disclaimers, and limitations in the end user license agreement accompanying
  14:.\Generated_Source\PSoC5/USBUART_episr.c **** * the software package with which this file was provided.
  15:.\Generated_Source\PSoC5/USBUART_episr.c **** *******************************************************************************/
  16:.\Generated_Source\PSoC5/USBUART_episr.c **** 
  17:.\Generated_Source\PSoC5/USBUART_episr.c **** #include "USBUART.h"
  18:.\Generated_Source\PSoC5/USBUART_episr.c **** #include "USBUART_pvt.h"
  19:.\Generated_Source\PSoC5/USBUART_episr.c **** #if (defined(USBUART_ENABLE_MIDI_STREAMING) && (USBUART_ENABLE_MIDI_API != 0u))
  20:.\Generated_Source\PSoC5/USBUART_episr.c ****     #include "USBUART_midi.h"
  21:.\Generated_Source\PSoC5/USBUART_episr.c **** #endif /* (defined(USBUART_ENABLE_MIDI_STREAMING) && (USBUART_ENABLE_MIDI_API != 0u)) */
  22:.\Generated_Source\PSoC5/USBUART_episr.c **** #if ((USBUART_EP_MM == USBUART__EP_DMAAUTO) && (USBUART_EP_DMA_AUTO_OPT == 0u))
  23:.\Generated_Source\PSoC5/USBUART_episr.c ****     #include "USBUART_EP8_DMA_Done_SR.h"
  24:.\Generated_Source\PSoC5/USBUART_episr.c ****     #include "USBUART_EP17_DMA_Done_SR.h"
  25:.\Generated_Source\PSoC5/USBUART_episr.c **** #endif /* (USBUART_EP_MM == USBUART__EP_DMAAUTO) && (USBUART_EP_DMA_AUTO_OPT == 0u) */
  26:.\Generated_Source\PSoC5/USBUART_episr.c **** 
  27:.\Generated_Source\PSoC5/USBUART_episr.c **** 
  28:.\Generated_Source\PSoC5/USBUART_episr.c **** /***************************************
  29:.\Generated_Source\PSoC5/USBUART_episr.c **** * Custom Declarations
  30:.\Generated_Source\PSoC5/USBUART_episr.c **** ***************************************/
  31:.\Generated_Source\PSoC5/USBUART_episr.c **** /* `#START CUSTOM_DECLARATIONS` Place your declaration here */
ARM GAS  C:\Users\JohnP\AppData\Local\Temp\ccXVfz0p.s 			page 2


  32:.\Generated_Source\PSoC5/USBUART_episr.c **** 
  33:.\Generated_Source\PSoC5/USBUART_episr.c **** /* `#END` */
  34:.\Generated_Source\PSoC5/USBUART_episr.c **** 
  35:.\Generated_Source\PSoC5/USBUART_episr.c **** 
  36:.\Generated_Source\PSoC5/USBUART_episr.c **** #if(USBUART_EP1_ISR_REMOVE == 0u)
  37:.\Generated_Source\PSoC5/USBUART_episr.c **** 
  38:.\Generated_Source\PSoC5/USBUART_episr.c **** 
  39:.\Generated_Source\PSoC5/USBUART_episr.c ****     /******************************************************************************
  40:.\Generated_Source\PSoC5/USBUART_episr.c ****     * Function Name: USBUART_EP_1_ISR
  41:.\Generated_Source\PSoC5/USBUART_episr.c ****     *******************************************************************************
  42:.\Generated_Source\PSoC5/USBUART_episr.c ****     *
  43:.\Generated_Source\PSoC5/USBUART_episr.c ****     * Summary:
  44:.\Generated_Source\PSoC5/USBUART_episr.c ****     *  Endpoint 1 Interrupt Service Routine
  45:.\Generated_Source\PSoC5/USBUART_episr.c ****     *
  46:.\Generated_Source\PSoC5/USBUART_episr.c ****     * Parameters:
  47:.\Generated_Source\PSoC5/USBUART_episr.c ****     *  None.
  48:.\Generated_Source\PSoC5/USBUART_episr.c ****     *
  49:.\Generated_Source\PSoC5/USBUART_episr.c ****     * Return:
  50:.\Generated_Source\PSoC5/USBUART_episr.c ****     *  None.
  51:.\Generated_Source\PSoC5/USBUART_episr.c ****     *
  52:.\Generated_Source\PSoC5/USBUART_episr.c ****     ******************************************************************************/
  53:.\Generated_Source\PSoC5/USBUART_episr.c ****     CY_ISR(USBUART_EP_1_ISR)
  54:.\Generated_Source\PSoC5/USBUART_episr.c ****     {
  27              		.loc 1 54 0
  28              		.cfi_startproc
  29              		@ args = 0, pretend = 0, frame = 0
  30              		@ frame_needed = 0, uses_anonymous_args = 0
  31              		@ link register save eliminated.
  55:.\Generated_Source\PSoC5/USBUART_episr.c ****         #if (defined(USBUART_ENABLE_MIDI_STREAMING) && !defined(USBUART_MAIN_SERVICE_MIDI_OUT)  && 
  56:.\Generated_Source\PSoC5/USBUART_episr.c ****                      USBUART_ISR_SERVICE_MIDI_OUT && CY_PSOC3)
  57:.\Generated_Source\PSoC5/USBUART_episr.c ****             uint8 int_en;
  58:.\Generated_Source\PSoC5/USBUART_episr.c ****         #endif /* USBUART_ISR_SERVICE_MIDI_OUT && CY_PSOC3 */
  59:.\Generated_Source\PSoC5/USBUART_episr.c **** 
  60:.\Generated_Source\PSoC5/USBUART_episr.c ****         /* `#START EP1_USER_CODE` Place your code here */
  61:.\Generated_Source\PSoC5/USBUART_episr.c **** 
  62:.\Generated_Source\PSoC5/USBUART_episr.c ****         /* `#END` */
  63:.\Generated_Source\PSoC5/USBUART_episr.c **** 
  64:.\Generated_Source\PSoC5/USBUART_episr.c ****         #if (defined(USBUART_ENABLE_MIDI_STREAMING) && !defined(USBUART_MAIN_SERVICE_MIDI_OUT) && \
  65:.\Generated_Source\PSoC5/USBUART_episr.c ****                      USBUART_ISR_SERVICE_MIDI_OUT && CY_PSOC3)
  66:.\Generated_Source\PSoC5/USBUART_episr.c ****             int_en = EA;
  67:.\Generated_Source\PSoC5/USBUART_episr.c ****             CyGlobalIntEnable;  /* Make sure nested interrupt is enabled */
  68:.\Generated_Source\PSoC5/USBUART_episr.c ****         #endif /* USBUART_ISR_SERVICE_MIDI_OUT && CY_PSOC3 */
  69:.\Generated_Source\PSoC5/USBUART_episr.c **** 
  70:.\Generated_Source\PSoC5/USBUART_episr.c ****         CY_GET_REG8(USBUART_SIE_EP1_CR0_PTR); /* Must read the mode reg */
  32              		.loc 1 70 0
  33 0000 0A4B     		ldr	r3, .L3
  34 0002 1B78     		ldrb	r3, [r3]	@ zero_extendqisi2
  71:.\Generated_Source\PSoC5/USBUART_episr.c ****         /* Do not toggle ISOC endpoint */
  72:.\Generated_Source\PSoC5/USBUART_episr.c ****         if((USBUART_EP[USBUART_EP1].attrib & USBUART_EP_TYPE_MASK) !=
  35              		.loc 1 72 0
  36 0004 0A4B     		ldr	r3, .L3+4
  37 0006 1B7B     		ldrb	r3, [r3, #12]	@ zero_extendqisi2
  38 0008 03F00303 		and	r3, r3, #3
  39 000c 012B     		cmp	r3, #1
  40 000e 04D0     		beq	.L2
  73:.\Generated_Source\PSoC5/USBUART_episr.c ****                                                                                     USBUART_EP_TYPE
  74:.\Generated_Source\PSoC5/USBUART_episr.c ****         {
ARM GAS  C:\Users\JohnP\AppData\Local\Temp\ccXVfz0p.s 			page 3


  75:.\Generated_Source\PSoC5/USBUART_episr.c ****             USBUART_EP[USBUART_EP1].epToggle ^= USBUART_EPX_CNT_DATA_TOGGLE;
  41              		.loc 1 75 0
  42 0010 074B     		ldr	r3, .L3+4
  43 0012 DA7B     		ldrb	r2, [r3, #15]	@ zero_extendqisi2
  44 0014 82F08002 		eor	r2, r2, #128
  45 0018 DA73     		strb	r2, [r3, #15]
  46              	.L2:
  76:.\Generated_Source\PSoC5/USBUART_episr.c ****         }
  77:.\Generated_Source\PSoC5/USBUART_episr.c ****         USBUART_EP[USBUART_EP1].apiEpState = USBUART_EVENT_PENDING;
  47              		.loc 1 77 0
  48 001a 0122     		movs	r2, #1
  49 001c 044B     		ldr	r3, .L3+4
  50 001e 5A73     		strb	r2, [r3, #13]
  78:.\Generated_Source\PSoC5/USBUART_episr.c ****         CY_SET_REG8(USBUART_SIE_EP_INT_SR_PTR, CY_GET_REG8(USBUART_SIE_EP_INT_SR_PTR) &
  51              		.loc 1 78 0
  52 0020 044B     		ldr	r3, .L3+8
  53 0022 1A78     		ldrb	r2, [r3]	@ zero_extendqisi2
  54 0024 02F0FE02 		and	r2, r2, #254
  55 0028 1A70     		strb	r2, [r3]
  56 002a 7047     		bx	lr
  57              	.L4:
  58              		.align	2
  59              	.L3:
  60 002c 0E600040 		.word	1073766414
  61 0030 00000000 		.word	USBUART_EP
  62 0034 0B600040 		.word	1073766411
  63              		.cfi_endproc
  64              	.LFE0:
  65              		.size	USBUART_EP_1_ISR, .-USBUART_EP_1_ISR
  66              		.section	.text.USBUART_EP_2_ISR,"ax",%progbits
  67              		.align	2
  68              		.global	USBUART_EP_2_ISR
  69              		.thumb
  70              		.thumb_func
  71              		.type	USBUART_EP_2_ISR, %function
  72              	USBUART_EP_2_ISR:
  73              	.LFB1:
  79:.\Generated_Source\PSoC5/USBUART_episr.c ****                                                                     (uint8)~USBUART_SIE_EP_INT_EP1_
  80:.\Generated_Source\PSoC5/USBUART_episr.c **** 
  81:.\Generated_Source\PSoC5/USBUART_episr.c ****         #if (defined(USBUART_ENABLE_MIDI_STREAMING) && !defined(USBUART_MAIN_SERVICE_MIDI_OUT) && \
  82:.\Generated_Source\PSoC5/USBUART_episr.c ****                      USBUART_ISR_SERVICE_MIDI_OUT)
  83:.\Generated_Source\PSoC5/USBUART_episr.c ****             if(USBUART_midi_out_ep == USBUART_EP1)
  84:.\Generated_Source\PSoC5/USBUART_episr.c ****             {
  85:.\Generated_Source\PSoC5/USBUART_episr.c ****                 USBUART_MIDI_OUT_EP_Service();
  86:.\Generated_Source\PSoC5/USBUART_episr.c ****             }
  87:.\Generated_Source\PSoC5/USBUART_episr.c ****         #endif /*  USBUART_ISR_SERVICE_MIDI_OUT */
  88:.\Generated_Source\PSoC5/USBUART_episr.c **** 
  89:.\Generated_Source\PSoC5/USBUART_episr.c ****         /* `#START EP1_END_USER_CODE` Place your code here */
  90:.\Generated_Source\PSoC5/USBUART_episr.c **** 
  91:.\Generated_Source\PSoC5/USBUART_episr.c ****         /* `#END` */
  92:.\Generated_Source\PSoC5/USBUART_episr.c **** 
  93:.\Generated_Source\PSoC5/USBUART_episr.c ****         #if (defined(USBUART_ENABLE_MIDI_STREAMING) && !defined(USBUART_MAIN_SERVICE_MIDI_OUT) && \
  94:.\Generated_Source\PSoC5/USBUART_episr.c ****                      USBUART_ISR_SERVICE_MIDI_OUT && CY_PSOC3)
  95:.\Generated_Source\PSoC5/USBUART_episr.c ****             EA = int_en;
  96:.\Generated_Source\PSoC5/USBUART_episr.c ****         #endif /* USBUART_ISR_SERVICE_MIDI_OUT && CY_PSOC3 */
  97:.\Generated_Source\PSoC5/USBUART_episr.c ****     }
  98:.\Generated_Source\PSoC5/USBUART_episr.c **** 
ARM GAS  C:\Users\JohnP\AppData\Local\Temp\ccXVfz0p.s 			page 4


  99:.\Generated_Source\PSoC5/USBUART_episr.c **** #endif   /*  USBUART_EP1_ISR_REMOVE */
 100:.\Generated_Source\PSoC5/USBUART_episr.c **** 
 101:.\Generated_Source\PSoC5/USBUART_episr.c **** 
 102:.\Generated_Source\PSoC5/USBUART_episr.c **** #if(USBUART_EP2_ISR_REMOVE == 0u)
 103:.\Generated_Source\PSoC5/USBUART_episr.c **** 
 104:.\Generated_Source\PSoC5/USBUART_episr.c ****     /*******************************************************************************
 105:.\Generated_Source\PSoC5/USBUART_episr.c ****     * Function Name: USBUART_EP_2_ISR
 106:.\Generated_Source\PSoC5/USBUART_episr.c ****     ********************************************************************************
 107:.\Generated_Source\PSoC5/USBUART_episr.c ****     *
 108:.\Generated_Source\PSoC5/USBUART_episr.c ****     * Summary:
 109:.\Generated_Source\PSoC5/USBUART_episr.c ****     *  Endpoint 2 Interrupt Service Routine
 110:.\Generated_Source\PSoC5/USBUART_episr.c ****     *
 111:.\Generated_Source\PSoC5/USBUART_episr.c ****     * Parameters:
 112:.\Generated_Source\PSoC5/USBUART_episr.c ****     *  None.
 113:.\Generated_Source\PSoC5/USBUART_episr.c ****     *
 114:.\Generated_Source\PSoC5/USBUART_episr.c ****     * Return:
 115:.\Generated_Source\PSoC5/USBUART_episr.c ****     *  None.
 116:.\Generated_Source\PSoC5/USBUART_episr.c ****     *
 117:.\Generated_Source\PSoC5/USBUART_episr.c ****     *******************************************************************************/
 118:.\Generated_Source\PSoC5/USBUART_episr.c ****     CY_ISR(USBUART_EP_2_ISR)
 119:.\Generated_Source\PSoC5/USBUART_episr.c ****     {
  74              		.loc 1 119 0
  75              		.cfi_startproc
  76              		@ args = 0, pretend = 0, frame = 0
  77              		@ frame_needed = 0, uses_anonymous_args = 0
  78              		@ link register save eliminated.
 120:.\Generated_Source\PSoC5/USBUART_episr.c ****         #if (defined(USBUART_ENABLE_MIDI_STREAMING) && !defined(USBUART_MAIN_SERVICE_MIDI_OUT) && \
 121:.\Generated_Source\PSoC5/USBUART_episr.c ****                      USBUART_ISR_SERVICE_MIDI_OUT && CY_PSOC3)
 122:.\Generated_Source\PSoC5/USBUART_episr.c ****             uint8 int_en;
 123:.\Generated_Source\PSoC5/USBUART_episr.c ****         #endif /* USBUART_ISR_SERVICE_MIDI_OUT && CY_PSOC3 */
 124:.\Generated_Source\PSoC5/USBUART_episr.c **** 
 125:.\Generated_Source\PSoC5/USBUART_episr.c ****         /* `#START EP2_USER_CODE` Place your code here */
 126:.\Generated_Source\PSoC5/USBUART_episr.c **** 
 127:.\Generated_Source\PSoC5/USBUART_episr.c ****         /* `#END` */
 128:.\Generated_Source\PSoC5/USBUART_episr.c **** 
 129:.\Generated_Source\PSoC5/USBUART_episr.c ****         #if (defined(USBUART_ENABLE_MIDI_STREAMING) && !defined(USBUART_MAIN_SERVICE_MIDI_OUT) && \
 130:.\Generated_Source\PSoC5/USBUART_episr.c ****                      USBUART_ISR_SERVICE_MIDI_OUT && CY_PSOC3)
 131:.\Generated_Source\PSoC5/USBUART_episr.c ****             int_en = EA;
 132:.\Generated_Source\PSoC5/USBUART_episr.c ****             CyGlobalIntEnable;  /* Make sure nested interrupt is enabled */
 133:.\Generated_Source\PSoC5/USBUART_episr.c ****         #endif /* USBUART_ISR_SERVICE_MIDI_OUT && CY_PSOC3 */
 134:.\Generated_Source\PSoC5/USBUART_episr.c **** 
 135:.\Generated_Source\PSoC5/USBUART_episr.c ****         CY_GET_REG8(USBUART_SIE_EP2_CR0_PTR); /* Must read the mode reg */
  79              		.loc 1 135 0
  80 0000 0A4B     		ldr	r3, .L7
  81 0002 1B78     		ldrb	r3, [r3]	@ zero_extendqisi2
 136:.\Generated_Source\PSoC5/USBUART_episr.c ****         /* Do not toggle ISOC endpoint */
 137:.\Generated_Source\PSoC5/USBUART_episr.c ****         if((USBUART_EP[USBUART_EP2].attrib & USBUART_EP_TYPE_MASK) !=
  82              		.loc 1 137 0
  83 0004 0A4B     		ldr	r3, .L7+4
  84 0006 1B7E     		ldrb	r3, [r3, #24]	@ zero_extendqisi2
  85 0008 03F00303 		and	r3, r3, #3
  86 000c 012B     		cmp	r3, #1
  87 000e 04D0     		beq	.L6
 138:.\Generated_Source\PSoC5/USBUART_episr.c ****                                                                                     USBUART_EP_TYPE
 139:.\Generated_Source\PSoC5/USBUART_episr.c ****         {
 140:.\Generated_Source\PSoC5/USBUART_episr.c ****             USBUART_EP[USBUART_EP2].epToggle ^= USBUART_EPX_CNT_DATA_TOGGLE;
  88              		.loc 1 140 0
ARM GAS  C:\Users\JohnP\AppData\Local\Temp\ccXVfz0p.s 			page 5


  89 0010 074B     		ldr	r3, .L7+4
  90 0012 DA7E     		ldrb	r2, [r3, #27]	@ zero_extendqisi2
  91 0014 82F08002 		eor	r2, r2, #128
  92 0018 DA76     		strb	r2, [r3, #27]
  93              	.L6:
 141:.\Generated_Source\PSoC5/USBUART_episr.c ****         }
 142:.\Generated_Source\PSoC5/USBUART_episr.c ****         USBUART_EP[USBUART_EP2].apiEpState = USBUART_EVENT_PENDING;
  94              		.loc 1 142 0
  95 001a 0122     		movs	r2, #1
  96 001c 044B     		ldr	r3, .L7+4
  97 001e 5A76     		strb	r2, [r3, #25]
 143:.\Generated_Source\PSoC5/USBUART_episr.c ****         CY_SET_REG8(USBUART_SIE_EP_INT_SR_PTR, CY_GET_REG8(USBUART_SIE_EP_INT_SR_PTR)
  98              		.loc 1 143 0
  99 0020 044B     		ldr	r3, .L7+8
 100 0022 1A78     		ldrb	r2, [r3]	@ zero_extendqisi2
 101 0024 02F0FD02 		and	r2, r2, #253
 102 0028 1A70     		strb	r2, [r3]
 103 002a 7047     		bx	lr
 104              	.L8:
 105              		.align	2
 106              	.L7:
 107 002c 1E600040 		.word	1073766430
 108 0030 00000000 		.word	USBUART_EP
 109 0034 0B600040 		.word	1073766411
 110              		.cfi_endproc
 111              	.LFE1:
 112              		.size	USBUART_EP_2_ISR, .-USBUART_EP_2_ISR
 113              		.section	.text.USBUART_EP_3_ISR,"ax",%progbits
 114              		.align	2
 115              		.global	USBUART_EP_3_ISR
 116              		.thumb
 117              		.thumb_func
 118              		.type	USBUART_EP_3_ISR, %function
 119              	USBUART_EP_3_ISR:
 120              	.LFB2:
 144:.\Generated_Source\PSoC5/USBUART_episr.c ****                                                                         & (uint8)~USBUART_SIE_EP_IN
 145:.\Generated_Source\PSoC5/USBUART_episr.c **** 
 146:.\Generated_Source\PSoC5/USBUART_episr.c ****         #if (defined(USBUART_ENABLE_MIDI_STREAMING) && !defined(USBUART_MAIN_SERVICE_MIDI_OUT) && \
 147:.\Generated_Source\PSoC5/USBUART_episr.c ****                      USBUART_ISR_SERVICE_MIDI_OUT)
 148:.\Generated_Source\PSoC5/USBUART_episr.c ****             if(USBUART_midi_out_ep == USBUART_EP2)
 149:.\Generated_Source\PSoC5/USBUART_episr.c ****             {
 150:.\Generated_Source\PSoC5/USBUART_episr.c ****                 USBUART_MIDI_OUT_EP_Service();
 151:.\Generated_Source\PSoC5/USBUART_episr.c ****             }
 152:.\Generated_Source\PSoC5/USBUART_episr.c ****         #endif /*  USBUART_ISR_SERVICE_MIDI_OUT */
 153:.\Generated_Source\PSoC5/USBUART_episr.c **** 
 154:.\Generated_Source\PSoC5/USBUART_episr.c ****         /* `#START EP2_END_USER_CODE` Place your code here */
 155:.\Generated_Source\PSoC5/USBUART_episr.c **** 
 156:.\Generated_Source\PSoC5/USBUART_episr.c ****         /* `#END` */
 157:.\Generated_Source\PSoC5/USBUART_episr.c **** 
 158:.\Generated_Source\PSoC5/USBUART_episr.c ****         #if (defined(USBUART_ENABLE_MIDI_STREAMING) && !defined(USBUART_MAIN_SERVICE_MIDI_OUT) && \
 159:.\Generated_Source\PSoC5/USBUART_episr.c ****                      USBUART_ISR_SERVICE_MIDI_OUT && CY_PSOC3)
 160:.\Generated_Source\PSoC5/USBUART_episr.c ****             EA = int_en;
 161:.\Generated_Source\PSoC5/USBUART_episr.c ****         #endif /* USBUART_ISR_SERVICE_MIDI_OUT && CY_PSOC3 */
 162:.\Generated_Source\PSoC5/USBUART_episr.c ****     }
 163:.\Generated_Source\PSoC5/USBUART_episr.c **** 
 164:.\Generated_Source\PSoC5/USBUART_episr.c **** #endif   /*  USBUART_EP2_ISR_REMOVE */
 165:.\Generated_Source\PSoC5/USBUART_episr.c **** 
ARM GAS  C:\Users\JohnP\AppData\Local\Temp\ccXVfz0p.s 			page 6


 166:.\Generated_Source\PSoC5/USBUART_episr.c **** 
 167:.\Generated_Source\PSoC5/USBUART_episr.c **** #if(USBUART_EP3_ISR_REMOVE == 0u)
 168:.\Generated_Source\PSoC5/USBUART_episr.c **** 
 169:.\Generated_Source\PSoC5/USBUART_episr.c ****     /*******************************************************************************
 170:.\Generated_Source\PSoC5/USBUART_episr.c ****     * Function Name: USBUART_EP_3_ISR
 171:.\Generated_Source\PSoC5/USBUART_episr.c ****     ********************************************************************************
 172:.\Generated_Source\PSoC5/USBUART_episr.c ****     *
 173:.\Generated_Source\PSoC5/USBUART_episr.c ****     * Summary:
 174:.\Generated_Source\PSoC5/USBUART_episr.c ****     *  Endpoint 3 Interrupt Service Routine
 175:.\Generated_Source\PSoC5/USBUART_episr.c ****     *
 176:.\Generated_Source\PSoC5/USBUART_episr.c ****     * Parameters:
 177:.\Generated_Source\PSoC5/USBUART_episr.c ****     *  None.
 178:.\Generated_Source\PSoC5/USBUART_episr.c ****     *
 179:.\Generated_Source\PSoC5/USBUART_episr.c ****     * Return:
 180:.\Generated_Source\PSoC5/USBUART_episr.c ****     *  None.
 181:.\Generated_Source\PSoC5/USBUART_episr.c ****     *
 182:.\Generated_Source\PSoC5/USBUART_episr.c ****     *******************************************************************************/
 183:.\Generated_Source\PSoC5/USBUART_episr.c ****     CY_ISR(USBUART_EP_3_ISR)
 184:.\Generated_Source\PSoC5/USBUART_episr.c ****     {
 121              		.loc 1 184 0
 122              		.cfi_startproc
 123              		@ args = 0, pretend = 0, frame = 0
 124              		@ frame_needed = 0, uses_anonymous_args = 0
 125              		@ link register save eliminated.
 185:.\Generated_Source\PSoC5/USBUART_episr.c ****         #if (defined(USBUART_ENABLE_MIDI_STREAMING) && !defined(USBUART_MAIN_SERVICE_MIDI_OUT) && \
 186:.\Generated_Source\PSoC5/USBUART_episr.c ****                      USBUART_ISR_SERVICE_MIDI_OUT && CY_PSOC3)
 187:.\Generated_Source\PSoC5/USBUART_episr.c ****             uint8 int_en;
 188:.\Generated_Source\PSoC5/USBUART_episr.c ****         #endif /* USBUART_ISR_SERVICE_MIDI_OUT && CY_PSOC3 */
 189:.\Generated_Source\PSoC5/USBUART_episr.c **** 
 190:.\Generated_Source\PSoC5/USBUART_episr.c ****         /* `#START EP3_USER_CODE` Place your code here */
 191:.\Generated_Source\PSoC5/USBUART_episr.c **** 
 192:.\Generated_Source\PSoC5/USBUART_episr.c ****         /* `#END` */
 193:.\Generated_Source\PSoC5/USBUART_episr.c **** 
 194:.\Generated_Source\PSoC5/USBUART_episr.c ****         #if (defined(USBUART_ENABLE_MIDI_STREAMING) && !defined(USBUART_MAIN_SERVICE_MIDI_OUT) && \
 195:.\Generated_Source\PSoC5/USBUART_episr.c ****                      USBUART_ISR_SERVICE_MIDI_OUT && CY_PSOC3)
 196:.\Generated_Source\PSoC5/USBUART_episr.c ****             int_en = EA;
 197:.\Generated_Source\PSoC5/USBUART_episr.c ****             CyGlobalIntEnable;  /* Make sure nested interrupt is enabled */
 198:.\Generated_Source\PSoC5/USBUART_episr.c ****         #endif /* CY_PSOC3 & USBUART_ISR_SERVICE_MIDI_OUT  */
 199:.\Generated_Source\PSoC5/USBUART_episr.c **** 
 200:.\Generated_Source\PSoC5/USBUART_episr.c ****         CY_GET_REG8(USBUART_SIE_EP3_CR0_PTR); /* Must read the mode reg */
 126              		.loc 1 200 0
 127 0000 0C4B     		ldr	r3, .L11
 128 0002 1B78     		ldrb	r3, [r3]	@ zero_extendqisi2
 201:.\Generated_Source\PSoC5/USBUART_episr.c ****         /* Do not toggle ISOC endpoint */
 202:.\Generated_Source\PSoC5/USBUART_episr.c ****         if((USBUART_EP[USBUART_EP3].attrib & USBUART_EP_TYPE_MASK) !=
 129              		.loc 1 202 0
 130 0004 0C4B     		ldr	r3, .L11+4
 131 0006 93F82430 		ldrb	r3, [r3, #36]	@ zero_extendqisi2
 132 000a 03F00303 		and	r3, r3, #3
 133 000e 012B     		cmp	r3, #1
 134 0010 06D0     		beq	.L10
 203:.\Generated_Source\PSoC5/USBUART_episr.c ****                                                                                     USBUART_EP_TYPE
 204:.\Generated_Source\PSoC5/USBUART_episr.c ****         {
 205:.\Generated_Source\PSoC5/USBUART_episr.c ****             USBUART_EP[USBUART_EP3].epToggle ^= USBUART_EPX_CNT_DATA_TOGGLE;
 135              		.loc 1 205 0
 136 0012 094B     		ldr	r3, .L11+4
 137 0014 93F82720 		ldrb	r2, [r3, #39]	@ zero_extendqisi2
ARM GAS  C:\Users\JohnP\AppData\Local\Temp\ccXVfz0p.s 			page 7


 138 0018 82F08002 		eor	r2, r2, #128
 139 001c 83F82720 		strb	r2, [r3, #39]
 140              	.L10:
 206:.\Generated_Source\PSoC5/USBUART_episr.c ****         }
 207:.\Generated_Source\PSoC5/USBUART_episr.c ****         USBUART_EP[USBUART_EP3].apiEpState = USBUART_EVENT_PENDING;
 141              		.loc 1 207 0
 142 0020 0122     		movs	r2, #1
 143 0022 054B     		ldr	r3, .L11+4
 144 0024 83F82520 		strb	r2, [r3, #37]
 208:.\Generated_Source\PSoC5/USBUART_episr.c ****         CY_SET_REG8(USBUART_SIE_EP_INT_SR_PTR, CY_GET_REG8(USBUART_SIE_EP_INT_SR_PTR)
 145              		.loc 1 208 0
 146 0028 044B     		ldr	r3, .L11+8
 147 002a 1A78     		ldrb	r2, [r3]	@ zero_extendqisi2
 148 002c 02F0FB02 		and	r2, r2, #251
 149 0030 1A70     		strb	r2, [r3]
 150 0032 7047     		bx	lr
 151              	.L12:
 152              		.align	2
 153              	.L11:
 154 0034 2E600040 		.word	1073766446
 155 0038 00000000 		.word	USBUART_EP
 156 003c 0B600040 		.word	1073766411
 157              		.cfi_endproc
 158              	.LFE2:
 159              		.size	USBUART_EP_3_ISR, .-USBUART_EP_3_ISR
 160              		.section	.text.USBUART_SOF_ISR,"ax",%progbits
 161              		.align	2
 162              		.global	USBUART_SOF_ISR
 163              		.thumb
 164              		.thumb_func
 165              		.type	USBUART_SOF_ISR, %function
 166              	USBUART_SOF_ISR:
 167              	.LFB3:
 209:.\Generated_Source\PSoC5/USBUART_episr.c ****                                                                         & (uint8)~USBUART_SIE_EP_IN
 210:.\Generated_Source\PSoC5/USBUART_episr.c **** 
 211:.\Generated_Source\PSoC5/USBUART_episr.c ****         #if (defined(USBUART_ENABLE_MIDI_STREAMING) && !defined(USBUART_MAIN_SERVICE_MIDI_OUT) && \
 212:.\Generated_Source\PSoC5/USBUART_episr.c ****                      USBUART_ISR_SERVICE_MIDI_OUT)
 213:.\Generated_Source\PSoC5/USBUART_episr.c ****             if(USBUART_midi_out_ep == USBUART_EP3)
 214:.\Generated_Source\PSoC5/USBUART_episr.c ****             {
 215:.\Generated_Source\PSoC5/USBUART_episr.c ****                 USBUART_MIDI_OUT_EP_Service();
 216:.\Generated_Source\PSoC5/USBUART_episr.c ****             }
 217:.\Generated_Source\PSoC5/USBUART_episr.c ****         #endif /*  USBUART_ISR_SERVICE_MIDI_OUT */
 218:.\Generated_Source\PSoC5/USBUART_episr.c **** 
 219:.\Generated_Source\PSoC5/USBUART_episr.c ****         /* `#START EP3_END_USER_CODE` Place your code here */
 220:.\Generated_Source\PSoC5/USBUART_episr.c **** 
 221:.\Generated_Source\PSoC5/USBUART_episr.c ****         /* `#END` */
 222:.\Generated_Source\PSoC5/USBUART_episr.c **** 
 223:.\Generated_Source\PSoC5/USBUART_episr.c ****         #if (defined(USBUART_ENABLE_MIDI_STREAMING) && !defined(USBUART_MAIN_SERVICE_MIDI_OUT) && \
 224:.\Generated_Source\PSoC5/USBUART_episr.c ****                      USBUART_ISR_SERVICE_MIDI_OUT && CY_PSOC3)
 225:.\Generated_Source\PSoC5/USBUART_episr.c ****             EA = int_en;
 226:.\Generated_Source\PSoC5/USBUART_episr.c ****         #endif /* CY_PSOC3 & USBUART_ISR_SERVICE_MIDI_OUT  */
 227:.\Generated_Source\PSoC5/USBUART_episr.c ****     }
 228:.\Generated_Source\PSoC5/USBUART_episr.c **** 
 229:.\Generated_Source\PSoC5/USBUART_episr.c **** #endif   /*  USBUART_EP3_ISR_REMOVE */
 230:.\Generated_Source\PSoC5/USBUART_episr.c **** 
 231:.\Generated_Source\PSoC5/USBUART_episr.c **** 
 232:.\Generated_Source\PSoC5/USBUART_episr.c **** #if(USBUART_EP4_ISR_REMOVE == 0u)
ARM GAS  C:\Users\JohnP\AppData\Local\Temp\ccXVfz0p.s 			page 8


 233:.\Generated_Source\PSoC5/USBUART_episr.c **** 
 234:.\Generated_Source\PSoC5/USBUART_episr.c ****     /*******************************************************************************
 235:.\Generated_Source\PSoC5/USBUART_episr.c ****     * Function Name: USBUART_EP_4_ISR
 236:.\Generated_Source\PSoC5/USBUART_episr.c ****     ********************************************************************************
 237:.\Generated_Source\PSoC5/USBUART_episr.c ****     *
 238:.\Generated_Source\PSoC5/USBUART_episr.c ****     * Summary:
 239:.\Generated_Source\PSoC5/USBUART_episr.c ****     *  Endpoint 4 Interrupt Service Routine
 240:.\Generated_Source\PSoC5/USBUART_episr.c ****     *
 241:.\Generated_Source\PSoC5/USBUART_episr.c ****     * Parameters:
 242:.\Generated_Source\PSoC5/USBUART_episr.c ****     *  None.
 243:.\Generated_Source\PSoC5/USBUART_episr.c ****     *
 244:.\Generated_Source\PSoC5/USBUART_episr.c ****     * Return:
 245:.\Generated_Source\PSoC5/USBUART_episr.c ****     *  None.
 246:.\Generated_Source\PSoC5/USBUART_episr.c ****     *
 247:.\Generated_Source\PSoC5/USBUART_episr.c ****     *******************************************************************************/
 248:.\Generated_Source\PSoC5/USBUART_episr.c ****     CY_ISR(USBUART_EP_4_ISR)
 249:.\Generated_Source\PSoC5/USBUART_episr.c ****     {
 250:.\Generated_Source\PSoC5/USBUART_episr.c ****         #if (defined(USBUART_ENABLE_MIDI_STREAMING) && !defined(USBUART_MAIN_SERVICE_MIDI_OUT) && \
 251:.\Generated_Source\PSoC5/USBUART_episr.c ****                      USBUART_ISR_SERVICE_MIDI_OUT && CY_PSOC3)
 252:.\Generated_Source\PSoC5/USBUART_episr.c ****             uint8 int_en;
 253:.\Generated_Source\PSoC5/USBUART_episr.c ****         #endif /* CY_PSOC3 & USBUART_ISR_SERVICE_MIDI_OUT  */
 254:.\Generated_Source\PSoC5/USBUART_episr.c **** 
 255:.\Generated_Source\PSoC5/USBUART_episr.c ****         /* `#START EP4_USER_CODE` Place your code here */
 256:.\Generated_Source\PSoC5/USBUART_episr.c **** 
 257:.\Generated_Source\PSoC5/USBUART_episr.c ****         /* `#END` */
 258:.\Generated_Source\PSoC5/USBUART_episr.c **** 
 259:.\Generated_Source\PSoC5/USBUART_episr.c ****         #if (defined(USBUART_ENABLE_MIDI_STREAMING) && !defined(USBUART_MAIN_SERVICE_MIDI_OUT) && \
 260:.\Generated_Source\PSoC5/USBUART_episr.c ****                      USBUART_ISR_SERVICE_MIDI_OUT && CY_PSOC3)
 261:.\Generated_Source\PSoC5/USBUART_episr.c ****             int_en = EA;
 262:.\Generated_Source\PSoC5/USBUART_episr.c ****             CyGlobalIntEnable;  /* Make sure nested interrupt is enabled */
 263:.\Generated_Source\PSoC5/USBUART_episr.c ****         #endif /* CY_PSOC3 & USBUART_ISR_SERVICE_MIDI_OUT  */
 264:.\Generated_Source\PSoC5/USBUART_episr.c **** 
 265:.\Generated_Source\PSoC5/USBUART_episr.c ****         CY_GET_REG8(USBUART_SIE_EP4_CR0_PTR); /* Must read the mode reg */
 266:.\Generated_Source\PSoC5/USBUART_episr.c ****         /* Do not toggle ISOC endpoint */
 267:.\Generated_Source\PSoC5/USBUART_episr.c ****         if((USBUART_EP[USBUART_EP4].attrib & USBUART_EP_TYPE_MASK) !=
 268:.\Generated_Source\PSoC5/USBUART_episr.c ****                                                                                     USBUART_EP_TYPE
 269:.\Generated_Source\PSoC5/USBUART_episr.c ****         {
 270:.\Generated_Source\PSoC5/USBUART_episr.c ****             USBUART_EP[USBUART_EP4].epToggle ^= USBUART_EPX_CNT_DATA_TOGGLE;
 271:.\Generated_Source\PSoC5/USBUART_episr.c ****         }
 272:.\Generated_Source\PSoC5/USBUART_episr.c ****         USBUART_EP[USBUART_EP4].apiEpState = USBUART_EVENT_PENDING;
 273:.\Generated_Source\PSoC5/USBUART_episr.c ****         CY_SET_REG8(USBUART_SIE_EP_INT_SR_PTR, CY_GET_REG8(USBUART_SIE_EP_INT_SR_PTR)
 274:.\Generated_Source\PSoC5/USBUART_episr.c ****                                                                         & (uint8)~USBUART_SIE_EP_IN
 275:.\Generated_Source\PSoC5/USBUART_episr.c **** 
 276:.\Generated_Source\PSoC5/USBUART_episr.c ****         #if (defined(USBUART_ENABLE_MIDI_STREAMING) && !defined(USBUART_MAIN_SERVICE_MIDI_OUT) && \
 277:.\Generated_Source\PSoC5/USBUART_episr.c ****                      USBUART_ISR_SERVICE_MIDI_OUT)
 278:.\Generated_Source\PSoC5/USBUART_episr.c ****             if(USBUART_midi_out_ep == USBUART_EP4)
 279:.\Generated_Source\PSoC5/USBUART_episr.c ****             {
 280:.\Generated_Source\PSoC5/USBUART_episr.c ****                 USBUART_MIDI_OUT_EP_Service();
 281:.\Generated_Source\PSoC5/USBUART_episr.c ****             }
 282:.\Generated_Source\PSoC5/USBUART_episr.c ****         #endif /*  USBUART_ISR_SERVICE_MIDI_OUT */
 283:.\Generated_Source\PSoC5/USBUART_episr.c **** 
 284:.\Generated_Source\PSoC5/USBUART_episr.c ****         /* `#START EP4_END_USER_CODE` Place your code here */
 285:.\Generated_Source\PSoC5/USBUART_episr.c **** 
 286:.\Generated_Source\PSoC5/USBUART_episr.c ****         /* `#END` */
 287:.\Generated_Source\PSoC5/USBUART_episr.c **** 
 288:.\Generated_Source\PSoC5/USBUART_episr.c ****         #if (defined(USBUART_ENABLE_MIDI_STREAMING) && !defined(USBUART_MAIN_SERVICE_MIDI_OUT) && \
 289:.\Generated_Source\PSoC5/USBUART_episr.c ****                      USBUART_ISR_SERVICE_MIDI_OUT && CY_PSOC3)
ARM GAS  C:\Users\JohnP\AppData\Local\Temp\ccXVfz0p.s 			page 9


 290:.\Generated_Source\PSoC5/USBUART_episr.c ****             EA = int_en;
 291:.\Generated_Source\PSoC5/USBUART_episr.c ****         #endif /* CY_PSOC3 & USBUART_ISR_SERVICE_MIDI_OUT  */
 292:.\Generated_Source\PSoC5/USBUART_episr.c ****     }
 293:.\Generated_Source\PSoC5/USBUART_episr.c **** 
 294:.\Generated_Source\PSoC5/USBUART_episr.c **** #endif   /*  USBUART_EP4_ISR_REMOVE */
 295:.\Generated_Source\PSoC5/USBUART_episr.c **** 
 296:.\Generated_Source\PSoC5/USBUART_episr.c **** 
 297:.\Generated_Source\PSoC5/USBUART_episr.c **** #if(USBUART_EP5_ISR_REMOVE == 0u)
 298:.\Generated_Source\PSoC5/USBUART_episr.c **** 
 299:.\Generated_Source\PSoC5/USBUART_episr.c ****     /*******************************************************************************
 300:.\Generated_Source\PSoC5/USBUART_episr.c ****     * Function Name: USBUART_EP_5_ISR
 301:.\Generated_Source\PSoC5/USBUART_episr.c ****     ********************************************************************************
 302:.\Generated_Source\PSoC5/USBUART_episr.c ****     *
 303:.\Generated_Source\PSoC5/USBUART_episr.c ****     * Summary:
 304:.\Generated_Source\PSoC5/USBUART_episr.c ****     *  Endpoint 5 Interrupt Service Routine
 305:.\Generated_Source\PSoC5/USBUART_episr.c ****     *
 306:.\Generated_Source\PSoC5/USBUART_episr.c ****     * Parameters:
 307:.\Generated_Source\PSoC5/USBUART_episr.c ****     *  None.
 308:.\Generated_Source\PSoC5/USBUART_episr.c ****     *
 309:.\Generated_Source\PSoC5/USBUART_episr.c ****     * Return:
 310:.\Generated_Source\PSoC5/USBUART_episr.c ****     *  None.
 311:.\Generated_Source\PSoC5/USBUART_episr.c ****     *
 312:.\Generated_Source\PSoC5/USBUART_episr.c ****     *******************************************************************************/
 313:.\Generated_Source\PSoC5/USBUART_episr.c ****     CY_ISR(USBUART_EP_5_ISR)
 314:.\Generated_Source\PSoC5/USBUART_episr.c ****     {
 315:.\Generated_Source\PSoC5/USBUART_episr.c ****         #if (defined(USBUART_ENABLE_MIDI_STREAMING) && !defined(USBUART_MAIN_SERVICE_MIDI_OUT) && \
 316:.\Generated_Source\PSoC5/USBUART_episr.c ****                      USBUART_ISR_SERVICE_MIDI_OUT && CY_PSOC3)
 317:.\Generated_Source\PSoC5/USBUART_episr.c ****             uint8 int_en;
 318:.\Generated_Source\PSoC5/USBUART_episr.c ****         #endif /* CY_PSOC3 & USBUART_ISR_SERVICE_MIDI_OUT  */
 319:.\Generated_Source\PSoC5/USBUART_episr.c **** 
 320:.\Generated_Source\PSoC5/USBUART_episr.c ****         /* `#START EP5_USER_CODE` Place your code here */
 321:.\Generated_Source\PSoC5/USBUART_episr.c **** 
 322:.\Generated_Source\PSoC5/USBUART_episr.c ****         /* `#END` */
 323:.\Generated_Source\PSoC5/USBUART_episr.c **** 
 324:.\Generated_Source\PSoC5/USBUART_episr.c ****         #if (defined(USBUART_ENABLE_MIDI_STREAMING) && !defined(USBUART_MAIN_SERVICE_MIDI_OUT) && \
 325:.\Generated_Source\PSoC5/USBUART_episr.c ****                      USBUART_ISR_SERVICE_MIDI_OUT && CY_PSOC3)
 326:.\Generated_Source\PSoC5/USBUART_episr.c ****             int_en = EA;
 327:.\Generated_Source\PSoC5/USBUART_episr.c ****             CyGlobalIntEnable;  /* Make sure nested interrupt is enabled */
 328:.\Generated_Source\PSoC5/USBUART_episr.c ****         #endif /* CY_PSOC3 & USBUART_ISR_SERVICE_MIDI_OUT  */
 329:.\Generated_Source\PSoC5/USBUART_episr.c **** 
 330:.\Generated_Source\PSoC5/USBUART_episr.c ****         CY_GET_REG8(USBUART_SIE_EP5_CR0_PTR); /* Must read the mode reg */
 331:.\Generated_Source\PSoC5/USBUART_episr.c ****         /* Do not toggle ISOC endpoint */
 332:.\Generated_Source\PSoC5/USBUART_episr.c ****         if((USBUART_EP[USBUART_EP5].attrib & USBUART_EP_TYPE_MASK) !=
 333:.\Generated_Source\PSoC5/USBUART_episr.c ****                                                                                     USBUART_EP_TYPE
 334:.\Generated_Source\PSoC5/USBUART_episr.c ****         {
 335:.\Generated_Source\PSoC5/USBUART_episr.c ****             USBUART_EP[USBUART_EP5].epToggle ^= USBUART_EPX_CNT_DATA_TOGGLE;
 336:.\Generated_Source\PSoC5/USBUART_episr.c ****         }
 337:.\Generated_Source\PSoC5/USBUART_episr.c ****         USBUART_EP[USBUART_EP5].apiEpState = USBUART_EVENT_PENDING;
 338:.\Generated_Source\PSoC5/USBUART_episr.c ****         CY_SET_REG8(USBUART_SIE_EP_INT_SR_PTR, CY_GET_REG8(USBUART_SIE_EP_INT_SR_PTR)
 339:.\Generated_Source\PSoC5/USBUART_episr.c ****                                                                         & (uint8)~USBUART_SIE_EP_IN
 340:.\Generated_Source\PSoC5/USBUART_episr.c **** 
 341:.\Generated_Source\PSoC5/USBUART_episr.c ****         #if (defined(USBUART_ENABLE_MIDI_STREAMING) && !defined(USBUART_MAIN_SERVICE_MIDI_OUT) && \
 342:.\Generated_Source\PSoC5/USBUART_episr.c ****                      USBUART_ISR_SERVICE_MIDI_OUT)
 343:.\Generated_Source\PSoC5/USBUART_episr.c ****             if(USBUART_midi_out_ep == USBUART_EP5)
 344:.\Generated_Source\PSoC5/USBUART_episr.c ****             {
 345:.\Generated_Source\PSoC5/USBUART_episr.c ****                 USBUART_MIDI_OUT_EP_Service();
 346:.\Generated_Source\PSoC5/USBUART_episr.c ****             }
ARM GAS  C:\Users\JohnP\AppData\Local\Temp\ccXVfz0p.s 			page 10


 347:.\Generated_Source\PSoC5/USBUART_episr.c ****         #endif /*  USBUART_ISR_SERVICE_MIDI_OUT */
 348:.\Generated_Source\PSoC5/USBUART_episr.c **** 
 349:.\Generated_Source\PSoC5/USBUART_episr.c ****         /* `#START EP5_END_USER_CODE` Place your code here */
 350:.\Generated_Source\PSoC5/USBUART_episr.c **** 
 351:.\Generated_Source\PSoC5/USBUART_episr.c ****         /* `#END` */
 352:.\Generated_Source\PSoC5/USBUART_episr.c **** 
 353:.\Generated_Source\PSoC5/USBUART_episr.c ****         #if (defined(USBUART_ENABLE_MIDI_STREAMING) && !defined(USBUART_MAIN_SERVICE_MIDI_OUT) && \
 354:.\Generated_Source\PSoC5/USBUART_episr.c ****                      USBUART_ISR_SERVICE_MIDI_OUT && CY_PSOC3)
 355:.\Generated_Source\PSoC5/USBUART_episr.c ****             EA = int_en;
 356:.\Generated_Source\PSoC5/USBUART_episr.c ****         #endif /* CY_PSOC3 & USBUART_ISR_SERVICE_MIDI_OUT  */
 357:.\Generated_Source\PSoC5/USBUART_episr.c ****     }
 358:.\Generated_Source\PSoC5/USBUART_episr.c **** #endif   /*  USBUART_EP5_ISR_REMOVE */
 359:.\Generated_Source\PSoC5/USBUART_episr.c **** 
 360:.\Generated_Source\PSoC5/USBUART_episr.c **** 
 361:.\Generated_Source\PSoC5/USBUART_episr.c **** #if(USBUART_EP6_ISR_REMOVE == 0u)
 362:.\Generated_Source\PSoC5/USBUART_episr.c **** 
 363:.\Generated_Source\PSoC5/USBUART_episr.c ****     /*******************************************************************************
 364:.\Generated_Source\PSoC5/USBUART_episr.c ****     * Function Name: USBUART_EP_6_ISR
 365:.\Generated_Source\PSoC5/USBUART_episr.c ****     ********************************************************************************
 366:.\Generated_Source\PSoC5/USBUART_episr.c ****     *
 367:.\Generated_Source\PSoC5/USBUART_episr.c ****     * Summary:
 368:.\Generated_Source\PSoC5/USBUART_episr.c ****     *  Endpoint 6 Interrupt Service Routine
 369:.\Generated_Source\PSoC5/USBUART_episr.c ****     *
 370:.\Generated_Source\PSoC5/USBUART_episr.c ****     * Parameters:
 371:.\Generated_Source\PSoC5/USBUART_episr.c ****     *  None.
 372:.\Generated_Source\PSoC5/USBUART_episr.c ****     *
 373:.\Generated_Source\PSoC5/USBUART_episr.c ****     * Return:
 374:.\Generated_Source\PSoC5/USBUART_episr.c ****     *  None.
 375:.\Generated_Source\PSoC5/USBUART_episr.c ****     *
 376:.\Generated_Source\PSoC5/USBUART_episr.c ****     *******************************************************************************/
 377:.\Generated_Source\PSoC5/USBUART_episr.c ****     CY_ISR(USBUART_EP_6_ISR)
 378:.\Generated_Source\PSoC5/USBUART_episr.c ****     {
 379:.\Generated_Source\PSoC5/USBUART_episr.c ****         #if (defined(USBUART_ENABLE_MIDI_STREAMING) && !defined(USBUART_MAIN_SERVICE_MIDI_OUT) && \
 380:.\Generated_Source\PSoC5/USBUART_episr.c ****                      USBUART_ISR_SERVICE_MIDI_OUT && CY_PSOC3)
 381:.\Generated_Source\PSoC5/USBUART_episr.c ****             uint8 int_en;
 382:.\Generated_Source\PSoC5/USBUART_episr.c ****         #endif /* CY_PSOC3 & USBUART_ISR_SERVICE_MIDI_OUT  */
 383:.\Generated_Source\PSoC5/USBUART_episr.c **** 
 384:.\Generated_Source\PSoC5/USBUART_episr.c ****         /* `#START EP6_USER_CODE` Place your code here */
 385:.\Generated_Source\PSoC5/USBUART_episr.c **** 
 386:.\Generated_Source\PSoC5/USBUART_episr.c ****         /* `#END` */
 387:.\Generated_Source\PSoC5/USBUART_episr.c **** 
 388:.\Generated_Source\PSoC5/USBUART_episr.c ****         #if (defined(USBUART_ENABLE_MIDI_STREAMING) && !defined(USBUART_MAIN_SERVICE_MIDI_OUT) && \
 389:.\Generated_Source\PSoC5/USBUART_episr.c ****                      USBUART_ISR_SERVICE_MIDI_OUT && CY_PSOC3)
 390:.\Generated_Source\PSoC5/USBUART_episr.c ****             int_en = EA;
 391:.\Generated_Source\PSoC5/USBUART_episr.c ****             CyGlobalIntEnable;  /* Make sure nested interrupt is enabled */
 392:.\Generated_Source\PSoC5/USBUART_episr.c ****         #endif /* CY_PSOC3 & USBUART_ISR_SERVICE_MIDI_OUT  */
 393:.\Generated_Source\PSoC5/USBUART_episr.c **** 
 394:.\Generated_Source\PSoC5/USBUART_episr.c ****         CY_GET_REG8(USBUART_SIE_EP6_CR0_PTR); /* Must read the mode reg */
 395:.\Generated_Source\PSoC5/USBUART_episr.c ****         /* Do not toggle ISOC endpoint */
 396:.\Generated_Source\PSoC5/USBUART_episr.c ****         if((USBUART_EP[USBUART_EP6].attrib & USBUART_EP_TYPE_MASK) !=
 397:.\Generated_Source\PSoC5/USBUART_episr.c ****                                                                                     USBUART_EP_TYPE
 398:.\Generated_Source\PSoC5/USBUART_episr.c ****         {
 399:.\Generated_Source\PSoC5/USBUART_episr.c ****             USBUART_EP[USBUART_EP6].epToggle ^= USBUART_EPX_CNT_DATA_TOGGLE;
 400:.\Generated_Source\PSoC5/USBUART_episr.c ****         }
 401:.\Generated_Source\PSoC5/USBUART_episr.c ****         USBUART_EP[USBUART_EP6].apiEpState = USBUART_EVENT_PENDING;
 402:.\Generated_Source\PSoC5/USBUART_episr.c ****         CY_SET_REG8(USBUART_SIE_EP_INT_SR_PTR, CY_GET_REG8(USBUART_SIE_EP_INT_SR_PTR)
 403:.\Generated_Source\PSoC5/USBUART_episr.c ****                                                                         & (uint8)~USBUART_SIE_EP_IN
ARM GAS  C:\Users\JohnP\AppData\Local\Temp\ccXVfz0p.s 			page 11


 404:.\Generated_Source\PSoC5/USBUART_episr.c **** 
 405:.\Generated_Source\PSoC5/USBUART_episr.c ****         #if (defined(USBUART_ENABLE_MIDI_STREAMING) && !defined(USBUART_MAIN_SERVICE_MIDI_OUT) && \
 406:.\Generated_Source\PSoC5/USBUART_episr.c ****                      USBUART_ISR_SERVICE_MIDI_OUT)
 407:.\Generated_Source\PSoC5/USBUART_episr.c ****             if(USBUART_midi_out_ep == USBUART_EP6)
 408:.\Generated_Source\PSoC5/USBUART_episr.c ****             {
 409:.\Generated_Source\PSoC5/USBUART_episr.c ****                 USBUART_MIDI_OUT_EP_Service();
 410:.\Generated_Source\PSoC5/USBUART_episr.c ****             }
 411:.\Generated_Source\PSoC5/USBUART_episr.c ****         #endif /*  USBUART_ISR_SERVICE_MIDI_OUT  */
 412:.\Generated_Source\PSoC5/USBUART_episr.c **** 
 413:.\Generated_Source\PSoC5/USBUART_episr.c ****         /* `#START EP6_END_USER_CODE` Place your code here */
 414:.\Generated_Source\PSoC5/USBUART_episr.c **** 
 415:.\Generated_Source\PSoC5/USBUART_episr.c ****         /* `#END` */
 416:.\Generated_Source\PSoC5/USBUART_episr.c **** 
 417:.\Generated_Source\PSoC5/USBUART_episr.c ****         #if (defined(USBUART_ENABLE_MIDI_STREAMING) && !defined(USBUART_MAIN_SERVICE_MIDI_OUT) && \
 418:.\Generated_Source\PSoC5/USBUART_episr.c ****                      USBUART_ISR_SERVICE_MIDI_OUT && CY_PSOC3)
 419:.\Generated_Source\PSoC5/USBUART_episr.c ****             EA = int_en;
 420:.\Generated_Source\PSoC5/USBUART_episr.c ****         #endif /* CY_PSOC3 & USBUART_ISR_SERVICE_MIDI_OUT  */
 421:.\Generated_Source\PSoC5/USBUART_episr.c ****     }
 422:.\Generated_Source\PSoC5/USBUART_episr.c **** 
 423:.\Generated_Source\PSoC5/USBUART_episr.c **** #endif   /*  USBUART_EP6_ISR_REMOVE */
 424:.\Generated_Source\PSoC5/USBUART_episr.c **** 
 425:.\Generated_Source\PSoC5/USBUART_episr.c **** 
 426:.\Generated_Source\PSoC5/USBUART_episr.c **** #if(USBUART_EP7_ISR_REMOVE == 0u)
 427:.\Generated_Source\PSoC5/USBUART_episr.c **** 
 428:.\Generated_Source\PSoC5/USBUART_episr.c ****     /*******************************************************************************
 429:.\Generated_Source\PSoC5/USBUART_episr.c ****     * Function Name: USBUART_EP_7_ISR
 430:.\Generated_Source\PSoC5/USBUART_episr.c ****     ********************************************************************************
 431:.\Generated_Source\PSoC5/USBUART_episr.c ****     *
 432:.\Generated_Source\PSoC5/USBUART_episr.c ****     * Summary:
 433:.\Generated_Source\PSoC5/USBUART_episr.c ****     *  Endpoint 7 Interrupt Service Routine
 434:.\Generated_Source\PSoC5/USBUART_episr.c ****     *
 435:.\Generated_Source\PSoC5/USBUART_episr.c ****     * Parameters:
 436:.\Generated_Source\PSoC5/USBUART_episr.c ****     *  None.
 437:.\Generated_Source\PSoC5/USBUART_episr.c ****     *
 438:.\Generated_Source\PSoC5/USBUART_episr.c ****     * Return:
 439:.\Generated_Source\PSoC5/USBUART_episr.c ****     *  None.
 440:.\Generated_Source\PSoC5/USBUART_episr.c ****     *
 441:.\Generated_Source\PSoC5/USBUART_episr.c ****     *******************************************************************************/
 442:.\Generated_Source\PSoC5/USBUART_episr.c ****     CY_ISR(USBUART_EP_7_ISR)
 443:.\Generated_Source\PSoC5/USBUART_episr.c ****     {
 444:.\Generated_Source\PSoC5/USBUART_episr.c ****         #if (defined(USBUART_ENABLE_MIDI_STREAMING) && !defined(USBUART_MAIN_SERVICE_MIDI_OUT) && \
 445:.\Generated_Source\PSoC5/USBUART_episr.c ****                      USBUART_ISR_SERVICE_MIDI_OUT && CY_PSOC3)
 446:.\Generated_Source\PSoC5/USBUART_episr.c ****             uint8 int_en;
 447:.\Generated_Source\PSoC5/USBUART_episr.c ****         #endif /* CY_PSOC3 & USBUART_ISR_SERVICE_MIDI_OUT  */
 448:.\Generated_Source\PSoC5/USBUART_episr.c **** 
 449:.\Generated_Source\PSoC5/USBUART_episr.c ****         /* `#START EP7_USER_CODE` Place your code here */
 450:.\Generated_Source\PSoC5/USBUART_episr.c **** 
 451:.\Generated_Source\PSoC5/USBUART_episr.c ****         /* `#END` */
 452:.\Generated_Source\PSoC5/USBUART_episr.c **** 
 453:.\Generated_Source\PSoC5/USBUART_episr.c ****         #if (defined(USBUART_ENABLE_MIDI_STREAMING) && !defined(USBUART_MAIN_SERVICE_MIDI_OUT) && \
 454:.\Generated_Source\PSoC5/USBUART_episr.c ****                      USBUART_ISR_SERVICE_MIDI_OUT && CY_PSOC3)
 455:.\Generated_Source\PSoC5/USBUART_episr.c ****             int_en = EA;
 456:.\Generated_Source\PSoC5/USBUART_episr.c ****             CyGlobalIntEnable;  /* Make sure nested interrupt is enabled */
 457:.\Generated_Source\PSoC5/USBUART_episr.c ****         #endif /* CY_PSOC3 & USBUART_ISR_SERVICE_MIDI_OUT  */
 458:.\Generated_Source\PSoC5/USBUART_episr.c **** 
 459:.\Generated_Source\PSoC5/USBUART_episr.c ****         CY_GET_REG8(USBUART_SIE_EP7_CR0_PTR); /* Must read the mode reg */
 460:.\Generated_Source\PSoC5/USBUART_episr.c ****         /* Do not toggle ISOC endpoint */
ARM GAS  C:\Users\JohnP\AppData\Local\Temp\ccXVfz0p.s 			page 12


 461:.\Generated_Source\PSoC5/USBUART_episr.c ****         if((USBUART_EP[USBUART_EP7].attrib & USBUART_EP_TYPE_MASK) !=
 462:.\Generated_Source\PSoC5/USBUART_episr.c ****                                                                                     USBUART_EP_TYPE
 463:.\Generated_Source\PSoC5/USBUART_episr.c ****         {
 464:.\Generated_Source\PSoC5/USBUART_episr.c ****             USBUART_EP[USBUART_EP7].epToggle ^= USBUART_EPX_CNT_DATA_TOGGLE;
 465:.\Generated_Source\PSoC5/USBUART_episr.c ****         }
 466:.\Generated_Source\PSoC5/USBUART_episr.c ****         USBUART_EP[USBUART_EP7].apiEpState = USBUART_EVENT_PENDING;
 467:.\Generated_Source\PSoC5/USBUART_episr.c ****         CY_SET_REG8(USBUART_SIE_EP_INT_SR_PTR, CY_GET_REG8(USBUART_SIE_EP_INT_SR_PTR)
 468:.\Generated_Source\PSoC5/USBUART_episr.c ****                                                                         & (uint8)~USBUART_SIE_EP_IN
 469:.\Generated_Source\PSoC5/USBUART_episr.c **** 
 470:.\Generated_Source\PSoC5/USBUART_episr.c ****         #if (defined(USBUART_ENABLE_MIDI_STREAMING) && !defined(USBUART_MAIN_SERVICE_MIDI_OUT) && \
 471:.\Generated_Source\PSoC5/USBUART_episr.c ****                      USBUART_ISR_SERVICE_MIDI_OUT)
 472:.\Generated_Source\PSoC5/USBUART_episr.c ****             if(USBUART_midi_out_ep == USBUART_EP7)
 473:.\Generated_Source\PSoC5/USBUART_episr.c ****             {
 474:.\Generated_Source\PSoC5/USBUART_episr.c ****                 USBUART_MIDI_OUT_EP_Service();
 475:.\Generated_Source\PSoC5/USBUART_episr.c ****             }
 476:.\Generated_Source\PSoC5/USBUART_episr.c ****         #endif /*  USBUART_ISR_SERVICE_MIDI_OUT  */
 477:.\Generated_Source\PSoC5/USBUART_episr.c **** 
 478:.\Generated_Source\PSoC5/USBUART_episr.c ****         /* `#START EP7_END_USER_CODE` Place your code here */
 479:.\Generated_Source\PSoC5/USBUART_episr.c **** 
 480:.\Generated_Source\PSoC5/USBUART_episr.c ****         /* `#END` */
 481:.\Generated_Source\PSoC5/USBUART_episr.c **** 
 482:.\Generated_Source\PSoC5/USBUART_episr.c ****         #if (defined(USBUART_ENABLE_MIDI_STREAMING) && !defined(USBUART_MAIN_SERVICE_MIDI_OUT) && \
 483:.\Generated_Source\PSoC5/USBUART_episr.c ****                      USBUART_ISR_SERVICE_MIDI_OUT && CY_PSOC3)
 484:.\Generated_Source\PSoC5/USBUART_episr.c ****             EA = int_en;
 485:.\Generated_Source\PSoC5/USBUART_episr.c ****         #endif /* CY_PSOC3 & USBUART_ISR_SERVICE_MIDI_OUT  */
 486:.\Generated_Source\PSoC5/USBUART_episr.c ****     }
 487:.\Generated_Source\PSoC5/USBUART_episr.c **** 
 488:.\Generated_Source\PSoC5/USBUART_episr.c **** #endif   /*  USBUART_EP7_ISR_REMOVE */
 489:.\Generated_Source\PSoC5/USBUART_episr.c **** 
 490:.\Generated_Source\PSoC5/USBUART_episr.c **** 
 491:.\Generated_Source\PSoC5/USBUART_episr.c **** #if(USBUART_EP8_ISR_REMOVE == 0u)
 492:.\Generated_Source\PSoC5/USBUART_episr.c **** 
 493:.\Generated_Source\PSoC5/USBUART_episr.c ****     /*******************************************************************************
 494:.\Generated_Source\PSoC5/USBUART_episr.c ****     * Function Name: USBUART_EP_8_ISR
 495:.\Generated_Source\PSoC5/USBUART_episr.c ****     ********************************************************************************
 496:.\Generated_Source\PSoC5/USBUART_episr.c ****     *
 497:.\Generated_Source\PSoC5/USBUART_episr.c ****     * Summary:
 498:.\Generated_Source\PSoC5/USBUART_episr.c ****     *  Endpoint 8 Interrupt Service Routine
 499:.\Generated_Source\PSoC5/USBUART_episr.c ****     *
 500:.\Generated_Source\PSoC5/USBUART_episr.c ****     * Parameters:
 501:.\Generated_Source\PSoC5/USBUART_episr.c ****     *  None.
 502:.\Generated_Source\PSoC5/USBUART_episr.c ****     *
 503:.\Generated_Source\PSoC5/USBUART_episr.c ****     * Return:
 504:.\Generated_Source\PSoC5/USBUART_episr.c ****     *  None.
 505:.\Generated_Source\PSoC5/USBUART_episr.c ****     *
 506:.\Generated_Source\PSoC5/USBUART_episr.c ****     *******************************************************************************/
 507:.\Generated_Source\PSoC5/USBUART_episr.c ****     CY_ISR(USBUART_EP_8_ISR)
 508:.\Generated_Source\PSoC5/USBUART_episr.c ****     {
 509:.\Generated_Source\PSoC5/USBUART_episr.c ****         #if (defined(USBUART_ENABLE_MIDI_STREAMING) && !defined(USBUART_MAIN_SERVICE_MIDI_OUT) && \
 510:.\Generated_Source\PSoC5/USBUART_episr.c ****                      USBUART_ISR_SERVICE_MIDI_OUT && CY_PSOC3)
 511:.\Generated_Source\PSoC5/USBUART_episr.c ****             uint8 int_en;
 512:.\Generated_Source\PSoC5/USBUART_episr.c ****         #endif /* CY_PSOC3 & USBUART_ISR_SERVICE_MIDI_OUT  */
 513:.\Generated_Source\PSoC5/USBUART_episr.c **** 
 514:.\Generated_Source\PSoC5/USBUART_episr.c ****         /* `#START EP8_USER_CODE` Place your code here */
 515:.\Generated_Source\PSoC5/USBUART_episr.c **** 
 516:.\Generated_Source\PSoC5/USBUART_episr.c ****         /* `#END` */
 517:.\Generated_Source\PSoC5/USBUART_episr.c **** 
ARM GAS  C:\Users\JohnP\AppData\Local\Temp\ccXVfz0p.s 			page 13


 518:.\Generated_Source\PSoC5/USBUART_episr.c ****         #if (defined(USBUART_ENABLE_MIDI_STREAMING) && !defined(USBUART_MAIN_SERVICE_MIDI_OUT) && \
 519:.\Generated_Source\PSoC5/USBUART_episr.c ****                      USBUART_ISR_SERVICE_MIDI_OUT && CY_PSOC3)
 520:.\Generated_Source\PSoC5/USBUART_episr.c ****             int_en = EA;
 521:.\Generated_Source\PSoC5/USBUART_episr.c ****             CyGlobalIntEnable;  /* Make sure nested interrupt is enabled */
 522:.\Generated_Source\PSoC5/USBUART_episr.c ****         #endif /* CY_PSOC3 & USBUART_ISR_SERVICE_MIDI_OUT  */
 523:.\Generated_Source\PSoC5/USBUART_episr.c **** 
 524:.\Generated_Source\PSoC5/USBUART_episr.c ****         CY_GET_REG8(USBUART_SIE_EP8_CR0_PTR); /* Must read the mode reg */
 525:.\Generated_Source\PSoC5/USBUART_episr.c ****         /* Do not toggle ISOC endpoint */
 526:.\Generated_Source\PSoC5/USBUART_episr.c ****         if((USBUART_EP[USBUART_EP8].attrib & USBUART_EP_TYPE_MASK) !=
 527:.\Generated_Source\PSoC5/USBUART_episr.c ****                                                                                     USBUART_EP_TYPE
 528:.\Generated_Source\PSoC5/USBUART_episr.c ****         {
 529:.\Generated_Source\PSoC5/USBUART_episr.c ****             USBUART_EP[USBUART_EP8].epToggle ^= USBUART_EPX_CNT_DATA_TOGGLE;
 530:.\Generated_Source\PSoC5/USBUART_episr.c ****         }
 531:.\Generated_Source\PSoC5/USBUART_episr.c ****         USBUART_EP[USBUART_EP8].apiEpState = USBUART_EVENT_PENDING;
 532:.\Generated_Source\PSoC5/USBUART_episr.c ****         CY_SET_REG8(USBUART_SIE_EP_INT_SR_PTR, CY_GET_REG8(USBUART_SIE_EP_INT_SR_PTR)
 533:.\Generated_Source\PSoC5/USBUART_episr.c ****                                                                         & (uint8)~USBUART_SIE_EP_IN
 534:.\Generated_Source\PSoC5/USBUART_episr.c **** 
 535:.\Generated_Source\PSoC5/USBUART_episr.c ****         #if (defined(USBUART_ENABLE_MIDI_STREAMING) && !defined(USBUART_MAIN_SERVICE_MIDI_OUT) && \
 536:.\Generated_Source\PSoC5/USBUART_episr.c ****                      USBUART_ISR_SERVICE_MIDI_OUT)
 537:.\Generated_Source\PSoC5/USBUART_episr.c ****             if(USBUART_midi_out_ep == USBUART_EP8)
 538:.\Generated_Source\PSoC5/USBUART_episr.c ****             {
 539:.\Generated_Source\PSoC5/USBUART_episr.c ****                 USBUART_MIDI_OUT_EP_Service();
 540:.\Generated_Source\PSoC5/USBUART_episr.c ****             }
 541:.\Generated_Source\PSoC5/USBUART_episr.c ****         #endif /*  USBUART_ISR_SERVICE_MIDI_OUT */
 542:.\Generated_Source\PSoC5/USBUART_episr.c **** 
 543:.\Generated_Source\PSoC5/USBUART_episr.c ****         /* `#START EP8_END_USER_CODE` Place your code here */
 544:.\Generated_Source\PSoC5/USBUART_episr.c **** 
 545:.\Generated_Source\PSoC5/USBUART_episr.c ****         /* `#END` */
 546:.\Generated_Source\PSoC5/USBUART_episr.c **** 
 547:.\Generated_Source\PSoC5/USBUART_episr.c ****         #if (defined(USBUART_ENABLE_MIDI_STREAMING) && !defined(USBUART_MAIN_SERVICE_MIDI_OUT) && \
 548:.\Generated_Source\PSoC5/USBUART_episr.c ****                      USBUART_ISR_SERVICE_MIDI_OUT && CY_PSOC3)
 549:.\Generated_Source\PSoC5/USBUART_episr.c ****             EA = int_en;
 550:.\Generated_Source\PSoC5/USBUART_episr.c ****         #endif /* CY_PSOC3 & USBUART_ISR_SERVICE_MIDI_OUT  */
 551:.\Generated_Source\PSoC5/USBUART_episr.c ****     }
 552:.\Generated_Source\PSoC5/USBUART_episr.c **** 
 553:.\Generated_Source\PSoC5/USBUART_episr.c **** #endif   /*  USBUART_EP8_ISR_REMOVE */
 554:.\Generated_Source\PSoC5/USBUART_episr.c **** 
 555:.\Generated_Source\PSoC5/USBUART_episr.c **** 
 556:.\Generated_Source\PSoC5/USBUART_episr.c **** /*******************************************************************************
 557:.\Generated_Source\PSoC5/USBUART_episr.c **** * Function Name: USBUART_SOF_ISR
 558:.\Generated_Source\PSoC5/USBUART_episr.c **** ********************************************************************************
 559:.\Generated_Source\PSoC5/USBUART_episr.c **** *
 560:.\Generated_Source\PSoC5/USBUART_episr.c **** * Summary:
 561:.\Generated_Source\PSoC5/USBUART_episr.c **** *  Start of Frame Interrupt Service Routine
 562:.\Generated_Source\PSoC5/USBUART_episr.c **** *
 563:.\Generated_Source\PSoC5/USBUART_episr.c **** * Parameters:
 564:.\Generated_Source\PSoC5/USBUART_episr.c **** *  None.
 565:.\Generated_Source\PSoC5/USBUART_episr.c **** *
 566:.\Generated_Source\PSoC5/USBUART_episr.c **** * Return:
 567:.\Generated_Source\PSoC5/USBUART_episr.c **** *  None.
 568:.\Generated_Source\PSoC5/USBUART_episr.c **** *
 569:.\Generated_Source\PSoC5/USBUART_episr.c **** *******************************************************************************/
 570:.\Generated_Source\PSoC5/USBUART_episr.c **** CY_ISR(USBUART_SOF_ISR)
 571:.\Generated_Source\PSoC5/USBUART_episr.c **** {
 168              		.loc 1 571 0
 169              		.cfi_startproc
 170              		@ args = 0, pretend = 0, frame = 0
ARM GAS  C:\Users\JohnP\AppData\Local\Temp\ccXVfz0p.s 			page 14


 171              		@ frame_needed = 0, uses_anonymous_args = 0
 172              		@ link register save eliminated.
 173 0000 7047     		bx	lr
 174              		.cfi_endproc
 175              	.LFE3:
 176              		.size	USBUART_SOF_ISR, .-USBUART_SOF_ISR
 177 0002 00BF     		.section	.text.USBUART_BUS_RESET_ISR,"ax",%progbits
 178              		.align	2
 179              		.global	USBUART_BUS_RESET_ISR
 180              		.thumb
 181              		.thumb_func
 182              		.type	USBUART_BUS_RESET_ISR, %function
 183              	USBUART_BUS_RESET_ISR:
 184              	.LFB4:
 572:.\Generated_Source\PSoC5/USBUART_episr.c ****     /* `#START SOF_USER_CODE` Place your code here */
 573:.\Generated_Source\PSoC5/USBUART_episr.c **** 
 574:.\Generated_Source\PSoC5/USBUART_episr.c ****     /* `#END` */
 575:.\Generated_Source\PSoC5/USBUART_episr.c **** }
 576:.\Generated_Source\PSoC5/USBUART_episr.c **** 
 577:.\Generated_Source\PSoC5/USBUART_episr.c **** 
 578:.\Generated_Source\PSoC5/USBUART_episr.c **** /*******************************************************************************
 579:.\Generated_Source\PSoC5/USBUART_episr.c **** * Function Name: USBUART_BUS_RESET_ISR
 580:.\Generated_Source\PSoC5/USBUART_episr.c **** ********************************************************************************
 581:.\Generated_Source\PSoC5/USBUART_episr.c **** *
 582:.\Generated_Source\PSoC5/USBUART_episr.c **** * Summary:
 583:.\Generated_Source\PSoC5/USBUART_episr.c **** *  USB Bus Reset Interrupt Service Routine.  Calls _Start with the same
 584:.\Generated_Source\PSoC5/USBUART_episr.c **** *  parameters as the last USER call to _Start
 585:.\Generated_Source\PSoC5/USBUART_episr.c **** *
 586:.\Generated_Source\PSoC5/USBUART_episr.c **** * Parameters:
 587:.\Generated_Source\PSoC5/USBUART_episr.c **** *  None.
 588:.\Generated_Source\PSoC5/USBUART_episr.c **** *
 589:.\Generated_Source\PSoC5/USBUART_episr.c **** * Return:
 590:.\Generated_Source\PSoC5/USBUART_episr.c **** *  None.
 591:.\Generated_Source\PSoC5/USBUART_episr.c **** *
 592:.\Generated_Source\PSoC5/USBUART_episr.c **** *******************************************************************************/
 593:.\Generated_Source\PSoC5/USBUART_episr.c **** CY_ISR(USBUART_BUS_RESET_ISR)
 594:.\Generated_Source\PSoC5/USBUART_episr.c **** {
 185              		.loc 1 594 0
 186              		.cfi_startproc
 187              		@ args = 0, pretend = 0, frame = 0
 188              		@ frame_needed = 0, uses_anonymous_args = 0
 189              		.loc 1 594 0
 190 0000 08B5     		push	{r3, lr}
 191              		.cfi_def_cfa_offset 8
 192              		.cfi_offset 3, -8
 193              		.cfi_offset 14, -4
 595:.\Generated_Source\PSoC5/USBUART_episr.c ****     /* `#START BUS_RESET_USER_CODE` Place your code here */
 596:.\Generated_Source\PSoC5/USBUART_episr.c **** 
 597:.\Generated_Source\PSoC5/USBUART_episr.c ****     /* `#END` */
 598:.\Generated_Source\PSoC5/USBUART_episr.c **** 
 599:.\Generated_Source\PSoC5/USBUART_episr.c ****     USBUART_ReInitComponent();
 194              		.loc 1 599 0
 195 0002 FFF7FEFF 		bl	USBUART_ReInitComponent
 196              	.LVL0:
 197 0006 08BD     		pop	{r3, pc}
 198              		.cfi_endproc
 199              	.LFE4:
ARM GAS  C:\Users\JohnP\AppData\Local\Temp\ccXVfz0p.s 			page 15


 200              		.size	USBUART_BUS_RESET_ISR, .-USBUART_BUS_RESET_ISR
 201              		.text
 202              	.Letext0:
 203              		.file 2 ".\\Generated_Source\\PSoC5\\cytypes.h"
 204              		.file 3 ".\\Generated_Source\\PSoC5\\USBUART.h"
 205              		.file 4 ".\\Generated_Source\\PSoC5\\USBUART_pvt.h"
 206              		.section	.debug_info,"",%progbits
 207              	.Ldebug_info0:
 208 0000 B7010000 		.4byte	0x1b7
 209 0004 0400     		.2byte	0x4
 210 0006 00000000 		.4byte	.Ldebug_abbrev0
 211 000a 04       		.byte	0x4
 212 000b 01       		.uleb128 0x1
 213 000c 6F010000 		.4byte	.LASF30
 214 0010 01       		.byte	0x1
 215 0011 46010000 		.4byte	.LASF31
 216 0015 66000000 		.4byte	.LASF32
 217 0019 00000000 		.4byte	.Ldebug_ranges0+0
 218 001d 00000000 		.4byte	0
 219 0021 00000000 		.4byte	.Ldebug_line0
 220 0025 02       		.uleb128 0x2
 221 0026 01       		.byte	0x1
 222 0027 06       		.byte	0x6
 223 0028 69020000 		.4byte	.LASF0
 224 002c 02       		.uleb128 0x2
 225 002d 01       		.byte	0x1
 226 002e 08       		.byte	0x8
 227 002f DF000000 		.4byte	.LASF1
 228 0033 02       		.uleb128 0x2
 229 0034 02       		.byte	0x2
 230 0035 05       		.byte	0x5
 231 0036 19020000 		.4byte	.LASF2
 232 003a 02       		.uleb128 0x2
 233 003b 02       		.byte	0x2
 234 003c 07       		.byte	0x7
 235 003d 18000000 		.4byte	.LASF3
 236 0041 02       		.uleb128 0x2
 237 0042 04       		.byte	0x4
 238 0043 05       		.byte	0x5
 239 0044 49020000 		.4byte	.LASF4
 240 0048 02       		.uleb128 0x2
 241 0049 04       		.byte	0x4
 242 004a 07       		.byte	0x7
 243 004b B7000000 		.4byte	.LASF5
 244 004f 02       		.uleb128 0x2
 245 0050 08       		.byte	0x8
 246 0051 05       		.byte	0x5
 247 0052 FB010000 		.4byte	.LASF6
 248 0056 02       		.uleb128 0x2
 249 0057 08       		.byte	0x8
 250 0058 07       		.byte	0x7
 251 0059 25010000 		.4byte	.LASF7
 252 005d 03       		.uleb128 0x3
 253 005e 04       		.byte	0x4
 254 005f 05       		.byte	0x5
 255 0060 696E7400 		.ascii	"int\000"
 256 0064 02       		.uleb128 0x2
ARM GAS  C:\Users\JohnP\AppData\Local\Temp\ccXVfz0p.s 			page 16


 257 0065 04       		.byte	0x4
 258 0066 07       		.byte	0x7
 259 0067 18010000 		.4byte	.LASF8
 260 006b 04       		.uleb128 0x4
 261 006c 39020000 		.4byte	.LASF9
 262 0070 02       		.byte	0x2
 263 0071 B4       		.byte	0xb4
 264 0072 2C000000 		.4byte	0x2c
 265 0076 04       		.uleb128 0x4
 266 0077 06010000 		.4byte	.LASF10
 267 007b 02       		.byte	0x2
 268 007c B5       		.byte	0xb5
 269 007d 3A000000 		.4byte	0x3a
 270 0081 02       		.uleb128 0x2
 271 0082 04       		.byte	0x4
 272 0083 04       		.byte	0x4
 273 0084 4C000000 		.4byte	.LASF11
 274 0088 02       		.uleb128 0x2
 275 0089 08       		.byte	0x8
 276 008a 04       		.byte	0x4
 277 008b ED000000 		.4byte	.LASF12
 278 008f 02       		.uleb128 0x2
 279 0090 01       		.byte	0x1
 280 0091 08       		.byte	0x8
 281 0092 09020000 		.4byte	.LASF13
 282 0096 05       		.uleb128 0x5
 283 0097 B2000000 		.4byte	.LASF14
 284 009b 02       		.byte	0x2
 285 009c 5E01     		.2byte	0x15e
 286 009e A2000000 		.4byte	0xa2
 287 00a2 06       		.uleb128 0x6
 288 00a3 6B000000 		.4byte	0x6b
 289 00a7 02       		.uleb128 0x2
 290 00a8 04       		.byte	0x4
 291 00a9 07       		.byte	0x7
 292 00aa EB010000 		.4byte	.LASF15
 293 00ae 07       		.uleb128 0x7
 294 00af 0C       		.byte	0xc
 295 00b0 03       		.byte	0x3
 296 00b1 7A       		.byte	0x7a
 297 00b2 23010000 		.4byte	0x123
 298 00b6 08       		.uleb128 0x8
 299 00b7 F4000000 		.4byte	.LASF16
 300 00bb 03       		.byte	0x3
 301 00bc 7C       		.byte	0x7c
 302 00bd 6B000000 		.4byte	0x6b
 303 00c1 00       		.byte	0
 304 00c2 08       		.uleb128 0x8
 305 00c3 0D010000 		.4byte	.LASF17
 306 00c7 03       		.byte	0x3
 307 00c8 7D       		.byte	0x7d
 308 00c9 6B000000 		.4byte	0x6b
 309 00cd 01       		.byte	0x1
 310 00ce 08       		.uleb128 0x8
 311 00cf 3C010000 		.4byte	.LASF18
 312 00d3 03       		.byte	0x3
 313 00d4 7E       		.byte	0x7e
ARM GAS  C:\Users\JohnP\AppData\Local\Temp\ccXVfz0p.s 			page 17


 314 00d5 6B000000 		.4byte	0x6b
 315 00d9 02       		.byte	0x2
 316 00da 08       		.uleb128 0x8
 317 00db 52000000 		.4byte	.LASF19
 318 00df 03       		.byte	0x3
 319 00e0 7F       		.byte	0x7f
 320 00e1 6B000000 		.4byte	0x6b
 321 00e5 03       		.byte	0x3
 322 00e6 08       		.uleb128 0x8
 323 00e7 C9000000 		.4byte	.LASF20
 324 00eb 03       		.byte	0x3
 325 00ec 80       		.byte	0x80
 326 00ed 6B000000 		.4byte	0x6b
 327 00f1 04       		.byte	0x4
 328 00f2 08       		.uleb128 0x8
 329 00f3 F4010000 		.4byte	.LASF21
 330 00f7 03       		.byte	0x3
 331 00f8 81       		.byte	0x81
 332 00f9 6B000000 		.4byte	0x6b
 333 00fd 05       		.byte	0x5
 334 00fe 08       		.uleb128 0x8
 335 00ff FB000000 		.4byte	.LASF22
 336 0103 03       		.byte	0x3
 337 0104 82       		.byte	0x82
 338 0105 76000000 		.4byte	0x76
 339 0109 06       		.byte	0x6
 340 010a 08       		.uleb128 0x8
 341 010b 0E020000 		.4byte	.LASF23
 342 010f 03       		.byte	0x3
 343 0110 83       		.byte	0x83
 344 0111 76000000 		.4byte	0x76
 345 0115 08       		.byte	0x8
 346 0116 08       		.uleb128 0x8
 347 0117 3F020000 		.4byte	.LASF24
 348 011b 03       		.byte	0x3
 349 011c 84       		.byte	0x84
 350 011d 6B000000 		.4byte	0x6b
 351 0121 0A       		.byte	0xa
 352 0122 00       		.byte	0
 353 0123 04       		.uleb128 0x4
 354 0124 52020000 		.4byte	.LASF25
 355 0128 03       		.byte	0x3
 356 0129 85       		.byte	0x85
 357 012a AE000000 		.4byte	0xae
 358 012e 09       		.uleb128 0x9
 359 012f 75020000 		.4byte	.LASF26
 360 0133 01       		.byte	0x1
 361 0134 35       		.byte	0x35
 362 0135 00000000 		.4byte	.LFB0
 363 0139 38000000 		.4byte	.LFE0-.LFB0
 364 013d 01       		.uleb128 0x1
 365 013e 9C       		.byte	0x9c
 366 013f 09       		.uleb128 0x9
 367 0140 2B000000 		.4byte	.LASF27
 368 0144 01       		.byte	0x1
 369 0145 76       		.byte	0x76
 370 0146 00000000 		.4byte	.LFB1
ARM GAS  C:\Users\JohnP\AppData\Local\Temp\ccXVfz0p.s 			page 18


 371 014a 38000000 		.4byte	.LFE1-.LFB1
 372 014e 01       		.uleb128 0x1
 373 014f 9C       		.byte	0x9c
 374 0150 09       		.uleb128 0x9
 375 0151 CE000000 		.4byte	.LASF28
 376 0155 01       		.byte	0x1
 377 0156 B7       		.byte	0xb7
 378 0157 00000000 		.4byte	.LFB2
 379 015b 40000000 		.4byte	.LFE2-.LFB2
 380 015f 01       		.uleb128 0x1
 381 0160 9C       		.byte	0x9c
 382 0161 0A       		.uleb128 0xa
 383 0162 3C000000 		.4byte	.LASF29
 384 0166 01       		.byte	0x1
 385 0167 3A02     		.2byte	0x23a
 386 0169 00000000 		.4byte	.LFB3
 387 016d 02000000 		.4byte	.LFE3-.LFB3
 388 0171 01       		.uleb128 0x1
 389 0172 9C       		.byte	0x9c
 390 0173 0B       		.uleb128 0xb
 391 0174 23020000 		.4byte	.LASF33
 392 0178 01       		.byte	0x1
 393 0179 5102     		.2byte	0x251
 394 017b 00000000 		.4byte	.LFB4
 395 017f 08000000 		.4byte	.LFE4-.LFB4
 396 0183 01       		.uleb128 0x1
 397 0184 9C       		.byte	0x9c
 398 0185 93010000 		.4byte	0x193
 399 0189 0C       		.uleb128 0xc
 400 018a 06000000 		.4byte	.LVL0
 401 018e B3010000 		.4byte	0x1b3
 402 0192 00       		.byte	0
 403 0193 0D       		.uleb128 0xd
 404 0194 23010000 		.4byte	0x123
 405 0198 A3010000 		.4byte	0x1a3
 406 019c 0E       		.uleb128 0xe
 407 019d A7000000 		.4byte	0xa7
 408 01a1 08       		.byte	0x8
 409 01a2 00       		.byte	0
 410 01a3 0F       		.uleb128 0xf
 411 01a4 5B000000 		.4byte	.LASF34
 412 01a8 04       		.byte	0x4
 413 01a9 34       		.byte	0x34
 414 01aa AE010000 		.4byte	0x1ae
 415 01ae 06       		.uleb128 0x6
 416 01af 93010000 		.4byte	0x193
 417 01b3 10       		.uleb128 0x10
 418 01b4 00000000 		.4byte	.LASF35
 419 01b8 04       		.byte	0x4
 420 01b9 4D       		.byte	0x4d
 421 01ba 00       		.byte	0
 422              		.section	.debug_abbrev,"",%progbits
 423              	.Ldebug_abbrev0:
 424 0000 01       		.uleb128 0x1
 425 0001 11       		.uleb128 0x11
 426 0002 01       		.byte	0x1
 427 0003 25       		.uleb128 0x25
ARM GAS  C:\Users\JohnP\AppData\Local\Temp\ccXVfz0p.s 			page 19


 428 0004 0E       		.uleb128 0xe
 429 0005 13       		.uleb128 0x13
 430 0006 0B       		.uleb128 0xb
 431 0007 03       		.uleb128 0x3
 432 0008 0E       		.uleb128 0xe
 433 0009 1B       		.uleb128 0x1b
 434 000a 0E       		.uleb128 0xe
 435 000b 55       		.uleb128 0x55
 436 000c 17       		.uleb128 0x17
 437 000d 11       		.uleb128 0x11
 438 000e 01       		.uleb128 0x1
 439 000f 10       		.uleb128 0x10
 440 0010 17       		.uleb128 0x17
 441 0011 00       		.byte	0
 442 0012 00       		.byte	0
 443 0013 02       		.uleb128 0x2
 444 0014 24       		.uleb128 0x24
 445 0015 00       		.byte	0
 446 0016 0B       		.uleb128 0xb
 447 0017 0B       		.uleb128 0xb
 448 0018 3E       		.uleb128 0x3e
 449 0019 0B       		.uleb128 0xb
 450 001a 03       		.uleb128 0x3
 451 001b 0E       		.uleb128 0xe
 452 001c 00       		.byte	0
 453 001d 00       		.byte	0
 454 001e 03       		.uleb128 0x3
 455 001f 24       		.uleb128 0x24
 456 0020 00       		.byte	0
 457 0021 0B       		.uleb128 0xb
 458 0022 0B       		.uleb128 0xb
 459 0023 3E       		.uleb128 0x3e
 460 0024 0B       		.uleb128 0xb
 461 0025 03       		.uleb128 0x3
 462 0026 08       		.uleb128 0x8
 463 0027 00       		.byte	0
 464 0028 00       		.byte	0
 465 0029 04       		.uleb128 0x4
 466 002a 16       		.uleb128 0x16
 467 002b 00       		.byte	0
 468 002c 03       		.uleb128 0x3
 469 002d 0E       		.uleb128 0xe
 470 002e 3A       		.uleb128 0x3a
 471 002f 0B       		.uleb128 0xb
 472 0030 3B       		.uleb128 0x3b
 473 0031 0B       		.uleb128 0xb
 474 0032 49       		.uleb128 0x49
 475 0033 13       		.uleb128 0x13
 476 0034 00       		.byte	0
 477 0035 00       		.byte	0
 478 0036 05       		.uleb128 0x5
 479 0037 16       		.uleb128 0x16
 480 0038 00       		.byte	0
 481 0039 03       		.uleb128 0x3
 482 003a 0E       		.uleb128 0xe
 483 003b 3A       		.uleb128 0x3a
 484 003c 0B       		.uleb128 0xb
ARM GAS  C:\Users\JohnP\AppData\Local\Temp\ccXVfz0p.s 			page 20


 485 003d 3B       		.uleb128 0x3b
 486 003e 05       		.uleb128 0x5
 487 003f 49       		.uleb128 0x49
 488 0040 13       		.uleb128 0x13
 489 0041 00       		.byte	0
 490 0042 00       		.byte	0
 491 0043 06       		.uleb128 0x6
 492 0044 35       		.uleb128 0x35
 493 0045 00       		.byte	0
 494 0046 49       		.uleb128 0x49
 495 0047 13       		.uleb128 0x13
 496 0048 00       		.byte	0
 497 0049 00       		.byte	0
 498 004a 07       		.uleb128 0x7
 499 004b 13       		.uleb128 0x13
 500 004c 01       		.byte	0x1
 501 004d 0B       		.uleb128 0xb
 502 004e 0B       		.uleb128 0xb
 503 004f 3A       		.uleb128 0x3a
 504 0050 0B       		.uleb128 0xb
 505 0051 3B       		.uleb128 0x3b
 506 0052 0B       		.uleb128 0xb
 507 0053 01       		.uleb128 0x1
 508 0054 13       		.uleb128 0x13
 509 0055 00       		.byte	0
 510 0056 00       		.byte	0
 511 0057 08       		.uleb128 0x8
 512 0058 0D       		.uleb128 0xd
 513 0059 00       		.byte	0
 514 005a 03       		.uleb128 0x3
 515 005b 0E       		.uleb128 0xe
 516 005c 3A       		.uleb128 0x3a
 517 005d 0B       		.uleb128 0xb
 518 005e 3B       		.uleb128 0x3b
 519 005f 0B       		.uleb128 0xb
 520 0060 49       		.uleb128 0x49
 521 0061 13       		.uleb128 0x13
 522 0062 38       		.uleb128 0x38
 523 0063 0B       		.uleb128 0xb
 524 0064 00       		.byte	0
 525 0065 00       		.byte	0
 526 0066 09       		.uleb128 0x9
 527 0067 2E       		.uleb128 0x2e
 528 0068 00       		.byte	0
 529 0069 3F       		.uleb128 0x3f
 530 006a 19       		.uleb128 0x19
 531 006b 03       		.uleb128 0x3
 532 006c 0E       		.uleb128 0xe
 533 006d 3A       		.uleb128 0x3a
 534 006e 0B       		.uleb128 0xb
 535 006f 3B       		.uleb128 0x3b
 536 0070 0B       		.uleb128 0xb
 537 0071 27       		.uleb128 0x27
 538 0072 19       		.uleb128 0x19
 539 0073 11       		.uleb128 0x11
 540 0074 01       		.uleb128 0x1
 541 0075 12       		.uleb128 0x12
ARM GAS  C:\Users\JohnP\AppData\Local\Temp\ccXVfz0p.s 			page 21


 542 0076 06       		.uleb128 0x6
 543 0077 40       		.uleb128 0x40
 544 0078 18       		.uleb128 0x18
 545 0079 9742     		.uleb128 0x2117
 546 007b 19       		.uleb128 0x19
 547 007c 00       		.byte	0
 548 007d 00       		.byte	0
 549 007e 0A       		.uleb128 0xa
 550 007f 2E       		.uleb128 0x2e
 551 0080 00       		.byte	0
 552 0081 3F       		.uleb128 0x3f
 553 0082 19       		.uleb128 0x19
 554 0083 03       		.uleb128 0x3
 555 0084 0E       		.uleb128 0xe
 556 0085 3A       		.uleb128 0x3a
 557 0086 0B       		.uleb128 0xb
 558 0087 3B       		.uleb128 0x3b
 559 0088 05       		.uleb128 0x5
 560 0089 27       		.uleb128 0x27
 561 008a 19       		.uleb128 0x19
 562 008b 11       		.uleb128 0x11
 563 008c 01       		.uleb128 0x1
 564 008d 12       		.uleb128 0x12
 565 008e 06       		.uleb128 0x6
 566 008f 40       		.uleb128 0x40
 567 0090 18       		.uleb128 0x18
 568 0091 9742     		.uleb128 0x2117
 569 0093 19       		.uleb128 0x19
 570 0094 00       		.byte	0
 571 0095 00       		.byte	0
 572 0096 0B       		.uleb128 0xb
 573 0097 2E       		.uleb128 0x2e
 574 0098 01       		.byte	0x1
 575 0099 3F       		.uleb128 0x3f
 576 009a 19       		.uleb128 0x19
 577 009b 03       		.uleb128 0x3
 578 009c 0E       		.uleb128 0xe
 579 009d 3A       		.uleb128 0x3a
 580 009e 0B       		.uleb128 0xb
 581 009f 3B       		.uleb128 0x3b
 582 00a0 05       		.uleb128 0x5
 583 00a1 27       		.uleb128 0x27
 584 00a2 19       		.uleb128 0x19
 585 00a3 11       		.uleb128 0x11
 586 00a4 01       		.uleb128 0x1
 587 00a5 12       		.uleb128 0x12
 588 00a6 06       		.uleb128 0x6
 589 00a7 40       		.uleb128 0x40
 590 00a8 18       		.uleb128 0x18
 591 00a9 9742     		.uleb128 0x2117
 592 00ab 19       		.uleb128 0x19
 593 00ac 01       		.uleb128 0x1
 594 00ad 13       		.uleb128 0x13
 595 00ae 00       		.byte	0
 596 00af 00       		.byte	0
 597 00b0 0C       		.uleb128 0xc
 598 00b1 898201   		.uleb128 0x4109
ARM GAS  C:\Users\JohnP\AppData\Local\Temp\ccXVfz0p.s 			page 22


 599 00b4 00       		.byte	0
 600 00b5 11       		.uleb128 0x11
 601 00b6 01       		.uleb128 0x1
 602 00b7 31       		.uleb128 0x31
 603 00b8 13       		.uleb128 0x13
 604 00b9 00       		.byte	0
 605 00ba 00       		.byte	0
 606 00bb 0D       		.uleb128 0xd
 607 00bc 01       		.uleb128 0x1
 608 00bd 01       		.byte	0x1
 609 00be 49       		.uleb128 0x49
 610 00bf 13       		.uleb128 0x13
 611 00c0 01       		.uleb128 0x1
 612 00c1 13       		.uleb128 0x13
 613 00c2 00       		.byte	0
 614 00c3 00       		.byte	0
 615 00c4 0E       		.uleb128 0xe
 616 00c5 21       		.uleb128 0x21
 617 00c6 00       		.byte	0
 618 00c7 49       		.uleb128 0x49
 619 00c8 13       		.uleb128 0x13
 620 00c9 2F       		.uleb128 0x2f
 621 00ca 0B       		.uleb128 0xb
 622 00cb 00       		.byte	0
 623 00cc 00       		.byte	0
 624 00cd 0F       		.uleb128 0xf
 625 00ce 34       		.uleb128 0x34
 626 00cf 00       		.byte	0
 627 00d0 03       		.uleb128 0x3
 628 00d1 0E       		.uleb128 0xe
 629 00d2 3A       		.uleb128 0x3a
 630 00d3 0B       		.uleb128 0xb
 631 00d4 3B       		.uleb128 0x3b
 632 00d5 0B       		.uleb128 0xb
 633 00d6 49       		.uleb128 0x49
 634 00d7 13       		.uleb128 0x13
 635 00d8 3F       		.uleb128 0x3f
 636 00d9 19       		.uleb128 0x19
 637 00da 3C       		.uleb128 0x3c
 638 00db 19       		.uleb128 0x19
 639 00dc 00       		.byte	0
 640 00dd 00       		.byte	0
 641 00de 10       		.uleb128 0x10
 642 00df 2E       		.uleb128 0x2e
 643 00e0 00       		.byte	0
 644 00e1 3F       		.uleb128 0x3f
 645 00e2 19       		.uleb128 0x19
 646 00e3 03       		.uleb128 0x3
 647 00e4 0E       		.uleb128 0xe
 648 00e5 3A       		.uleb128 0x3a
 649 00e6 0B       		.uleb128 0xb
 650 00e7 3B       		.uleb128 0x3b
 651 00e8 0B       		.uleb128 0xb
 652 00e9 27       		.uleb128 0x27
 653 00ea 19       		.uleb128 0x19
 654 00eb 3C       		.uleb128 0x3c
 655 00ec 19       		.uleb128 0x19
ARM GAS  C:\Users\JohnP\AppData\Local\Temp\ccXVfz0p.s 			page 23


 656 00ed 00       		.byte	0
 657 00ee 00       		.byte	0
 658 00ef 00       		.byte	0
 659              		.section	.debug_aranges,"",%progbits
 660 0000 3C000000 		.4byte	0x3c
 661 0004 0200     		.2byte	0x2
 662 0006 00000000 		.4byte	.Ldebug_info0
 663 000a 04       		.byte	0x4
 664 000b 00       		.byte	0
 665 000c 0000     		.2byte	0
 666 000e 0000     		.2byte	0
 667 0010 00000000 		.4byte	.LFB0
 668 0014 38000000 		.4byte	.LFE0-.LFB0
 669 0018 00000000 		.4byte	.LFB1
 670 001c 38000000 		.4byte	.LFE1-.LFB1
 671 0020 00000000 		.4byte	.LFB2
 672 0024 40000000 		.4byte	.LFE2-.LFB2
 673 0028 00000000 		.4byte	.LFB3
 674 002c 02000000 		.4byte	.LFE3-.LFB3
 675 0030 00000000 		.4byte	.LFB4
 676 0034 08000000 		.4byte	.LFE4-.LFB4
 677 0038 00000000 		.4byte	0
 678 003c 00000000 		.4byte	0
 679              		.section	.debug_ranges,"",%progbits
 680              	.Ldebug_ranges0:
 681 0000 00000000 		.4byte	.LFB0
 682 0004 38000000 		.4byte	.LFE0
 683 0008 00000000 		.4byte	.LFB1
 684 000c 38000000 		.4byte	.LFE1
 685 0010 00000000 		.4byte	.LFB2
 686 0014 40000000 		.4byte	.LFE2
 687 0018 00000000 		.4byte	.LFB3
 688 001c 02000000 		.4byte	.LFE3
 689 0020 00000000 		.4byte	.LFB4
 690 0024 08000000 		.4byte	.LFE4
 691 0028 00000000 		.4byte	0
 692 002c 00000000 		.4byte	0
 693              		.section	.debug_line,"",%progbits
 694              	.Ldebug_line0:
 695 0000 D6000000 		.section	.debug_str,"MS",%progbits,1
 695      02006A00 
 695      00000201 
 695      FB0E0D00 
 695      01010101 
 696              	.LASF35:
 697 0000 55534255 		.ascii	"USBUART_ReInitComponent\000"
 697      4152545F 
 697      5265496E 
 697      6974436F 
 697      6D706F6E 
 698              	.LASF3:
 699 0018 73686F72 		.ascii	"short unsigned int\000"
 699      7420756E 
 699      7369676E 
 699      65642069 
 699      6E7400
 700              	.LASF27:
ARM GAS  C:\Users\JohnP\AppData\Local\Temp\ccXVfz0p.s 			page 24


 701 002b 55534255 		.ascii	"USBUART_EP_2_ISR\000"
 701      4152545F 
 701      45505F32 
 701      5F495352 
 701      00
 702              	.LASF29:
 703 003c 55534255 		.ascii	"USBUART_SOF_ISR\000"
 703      4152545F 
 703      534F465F 
 703      49535200 
 704              	.LASF11:
 705 004c 666C6F61 		.ascii	"float\000"
 705      7400
 706              	.LASF19:
 707 0052 6570546F 		.ascii	"epToggle\000"
 707      67676C65 
 707      00
 708              	.LASF34:
 709 005b 55534255 		.ascii	"USBUART_EP\000"
 709      4152545F 
 709      455000
 710              	.LASF32:
 711 0066 433A5C72 		.ascii	"C:\\repositories\\embedded\\trunk\\terminalOutput\\"
 711      65706F73 
 711      69746F72 
 711      6965735C 
 711      656D6265 
 712 0094 43453439 		.ascii	"CE4920Project1\\Design01.cydsn\000"
 712      32305072 
 712      6F6A6563 
 712      74315C44 
 712      65736967 
 713              	.LASF14:
 714 00b2 72656738 		.ascii	"reg8\000"
 714      00
 715              	.LASF5:
 716 00b7 6C6F6E67 		.ascii	"long unsigned int\000"
 716      20756E73 
 716      69676E65 
 716      6420696E 
 716      7400
 717              	.LASF20:
 718 00c9 61646472 		.ascii	"addr\000"
 718      00
 719              	.LASF28:
 720 00ce 55534255 		.ascii	"USBUART_EP_3_ISR\000"
 720      4152545F 
 720      45505F33 
 720      5F495352 
 720      00
 721              	.LASF1:
 722 00df 756E7369 		.ascii	"unsigned char\000"
 722      676E6564 
 722      20636861 
 722      7200
 723              	.LASF12:
 724 00ed 646F7562 		.ascii	"double\000"
ARM GAS  C:\Users\JohnP\AppData\Local\Temp\ccXVfz0p.s 			page 25


 724      6C6500
 725              	.LASF16:
 726 00f4 61747472 		.ascii	"attrib\000"
 726      696200
 727              	.LASF22:
 728 00fb 62756666 		.ascii	"buffOffset\000"
 728      4F666673 
 728      657400
 729              	.LASF10:
 730 0106 75696E74 		.ascii	"uint16\000"
 730      313600
 731              	.LASF17:
 732 010d 61706945 		.ascii	"apiEpState\000"
 732      70537461 
 732      746500
 733              	.LASF8:
 734 0118 756E7369 		.ascii	"unsigned int\000"
 734      676E6564 
 734      20696E74 
 734      00
 735              	.LASF7:
 736 0125 6C6F6E67 		.ascii	"long long unsigned int\000"
 736      206C6F6E 
 736      6720756E 
 736      7369676E 
 736      65642069 
 737              	.LASF18:
 738 013c 68774570 		.ascii	"hwEpState\000"
 738      53746174 
 738      6500
 739              	.LASF31:
 740 0146 2E5C4765 		.ascii	".\\Generated_Source\\PSoC5\\USBUART_episr.c\000"
 740      6E657261 
 740      7465645F 
 740      536F7572 
 740      63655C50 
 741              	.LASF30:
 742 016f 474E5520 		.ascii	"GNU C 4.8.4 20140526 (release) [ARM/embedded-4_8-br"
 742      4320342E 
 742      382E3420 
 742      32303134 
 742      30353236 
 743 01a2 616E6368 		.ascii	"anch revision 211358] -mcpu=cortex-m3 -mthumb -g -O"
 743      20726576 
 743      6973696F 
 743      6E203231 
 743      31333538 
 744 01d5 67202D66 		.ascii	"g -ffunction-sections\000"
 744      66756E63 
 744      74696F6E 
 744      2D736563 
 744      74696F6E 
 745              	.LASF15:
 746 01eb 73697A65 		.ascii	"sizetype\000"
 746      74797065 
 746      00
 747              	.LASF21:
ARM GAS  C:\Users\JohnP\AppData\Local\Temp\ccXVfz0p.s 			page 26


 748 01f4 65704D6F 		.ascii	"epMode\000"
 748      646500
 749              	.LASF6:
 750 01fb 6C6F6E67 		.ascii	"long long int\000"
 750      206C6F6E 
 750      6720696E 
 750      7400
 751              	.LASF13:
 752 0209 63686172 		.ascii	"char\000"
 752      00
 753              	.LASF23:
 754 020e 62756666 		.ascii	"bufferSize\000"
 754      65725369 
 754      7A6500
 755              	.LASF2:
 756 0219 73686F72 		.ascii	"short int\000"
 756      7420696E 
 756      7400
 757              	.LASF33:
 758 0223 55534255 		.ascii	"USBUART_BUS_RESET_ISR\000"
 758      4152545F 
 758      4255535F 
 758      52455345 
 758      545F4953 
 759              	.LASF9:
 760 0239 75696E74 		.ascii	"uint8\000"
 760      3800
 761              	.LASF24:
 762 023f 696E7465 		.ascii	"interface\000"
 762      72666163 
 762      6500
 763              	.LASF4:
 764 0249 6C6F6E67 		.ascii	"long int\000"
 764      20696E74 
 764      00
 765              	.LASF25:
 766 0252 545F5553 		.ascii	"T_USBUART_EP_CTL_BLOCK\000"
 766      42554152 
 766      545F4550 
 766      5F43544C 
 766      5F424C4F 
 767              	.LASF0:
 768 0269 7369676E 		.ascii	"signed char\000"
 768      65642063 
 768      68617200 
 769              	.LASF26:
 770 0275 55534255 		.ascii	"USBUART_EP_1_ISR\000"
 770      4152545F 
 770      45505F31 
 770      5F495352 
 770      00
 771              		.ident	"GCC: (GNU Tools for ARM Embedded Processors) 4.8.4 20140526 (release) [ARM/embedded-4_8-br
