ARM GAS  C:\Users\JohnP\AppData\Local\Temp\ccu0WgIr.s 			page 1


   1              		.syntax unified
   2              		.cpu cortex-m3
   3              		.fpu softvfp
   4              		.eabi_attribute 20, 1
   5              		.eabi_attribute 21, 1
   6              		.eabi_attribute 23, 3
   7              		.eabi_attribute 24, 1
   8              		.eabi_attribute 25, 1
   9              		.eabi_attribute 26, 1
  10              		.eabi_attribute 30, 1
  11              		.eabi_attribute 34, 1
  12              		.eabi_attribute 18, 4
  13              		.thumb
  14              		.file	"USBUART_Dp.c"
  15              		.text
  16              	.Ltext0:
  17              		.cfi_sections	.debug_frame
  18              		.section	.text.USBUART_Dp_Write,"ax",%progbits
  19              		.align	2
  20              		.global	USBUART_Dp_Write
  21              		.thumb
  22              		.thumb_func
  23              		.type	USBUART_Dp_Write, %function
  24              	USBUART_Dp_Write:
  25              	.LFB0:
  26              		.file 1 ".\\Generated_Source\\PSoC5\\USBUART_Dp.c"
   1:.\Generated_Source\PSoC5/USBUART_Dp.c **** /*******************************************************************************
   2:.\Generated_Source\PSoC5/USBUART_Dp.c **** * File Name: USBUART_Dp.c  
   3:.\Generated_Source\PSoC5/USBUART_Dp.c **** * Version 2.10
   4:.\Generated_Source\PSoC5/USBUART_Dp.c **** *
   5:.\Generated_Source\PSoC5/USBUART_Dp.c **** * Description:
   6:.\Generated_Source\PSoC5/USBUART_Dp.c **** *  This file contains API to enable firmware control of a Pins component.
   7:.\Generated_Source\PSoC5/USBUART_Dp.c **** *
   8:.\Generated_Source\PSoC5/USBUART_Dp.c **** * Note:
   9:.\Generated_Source\PSoC5/USBUART_Dp.c **** *
  10:.\Generated_Source\PSoC5/USBUART_Dp.c **** ********************************************************************************
  11:.\Generated_Source\PSoC5/USBUART_Dp.c **** * Copyright 2008-2014, Cypress Semiconductor Corporation.  All rights reserved.
  12:.\Generated_Source\PSoC5/USBUART_Dp.c **** * You may use this file only in accordance with the license, terms, conditions, 
  13:.\Generated_Source\PSoC5/USBUART_Dp.c **** * disclaimers, and limitations in the end user license agreement accompanying 
  14:.\Generated_Source\PSoC5/USBUART_Dp.c **** * the software package with which this file was provided.
  15:.\Generated_Source\PSoC5/USBUART_Dp.c **** *******************************************************************************/
  16:.\Generated_Source\PSoC5/USBUART_Dp.c **** 
  17:.\Generated_Source\PSoC5/USBUART_Dp.c **** #include "cytypes.h"
  18:.\Generated_Source\PSoC5/USBUART_Dp.c **** #include "USBUART_Dp.h"
  19:.\Generated_Source\PSoC5/USBUART_Dp.c **** 
  20:.\Generated_Source\PSoC5/USBUART_Dp.c **** /* APIs are not generated for P15[7:6] on PSoC 5 */
  21:.\Generated_Source\PSoC5/USBUART_Dp.c **** #if !(CY_PSOC5A &&\
  22:.\Generated_Source\PSoC5/USBUART_Dp.c **** 	 USBUART_Dp__PORT == 15 && ((USBUART_Dp__MASK & 0xC0) != 0))
  23:.\Generated_Source\PSoC5/USBUART_Dp.c **** 
  24:.\Generated_Source\PSoC5/USBUART_Dp.c **** 
  25:.\Generated_Source\PSoC5/USBUART_Dp.c **** /*******************************************************************************
  26:.\Generated_Source\PSoC5/USBUART_Dp.c **** * Function Name: USBUART_Dp_Write
  27:.\Generated_Source\PSoC5/USBUART_Dp.c **** ********************************************************************************
  28:.\Generated_Source\PSoC5/USBUART_Dp.c **** *
  29:.\Generated_Source\PSoC5/USBUART_Dp.c **** * Summary:
  30:.\Generated_Source\PSoC5/USBUART_Dp.c **** *  Assign a new value to the digital port's data output register.  
  31:.\Generated_Source\PSoC5/USBUART_Dp.c **** *
ARM GAS  C:\Users\JohnP\AppData\Local\Temp\ccu0WgIr.s 			page 2


  32:.\Generated_Source\PSoC5/USBUART_Dp.c **** * Parameters:  
  33:.\Generated_Source\PSoC5/USBUART_Dp.c **** *  prtValue:  The value to be assigned to the Digital Port. 
  34:.\Generated_Source\PSoC5/USBUART_Dp.c **** *
  35:.\Generated_Source\PSoC5/USBUART_Dp.c **** * Return: 
  36:.\Generated_Source\PSoC5/USBUART_Dp.c **** *  None
  37:.\Generated_Source\PSoC5/USBUART_Dp.c **** *  
  38:.\Generated_Source\PSoC5/USBUART_Dp.c **** *******************************************************************************/
  39:.\Generated_Source\PSoC5/USBUART_Dp.c **** void USBUART_Dp_Write(uint8 value) 
  40:.\Generated_Source\PSoC5/USBUART_Dp.c **** {
  27              		.loc 1 40 0
  28              		.cfi_startproc
  29              		@ args = 0, pretend = 0, frame = 0
  30              		@ frame_needed = 0, uses_anonymous_args = 0
  31              		@ link register save eliminated.
  32              	.LVL0:
  41:.\Generated_Source\PSoC5/USBUART_Dp.c ****     uint8 staticBits = (USBUART_Dp_DR & (uint8)(~USBUART_Dp_MASK));
  33              		.loc 1 41 0
  34 0000 044B     		ldr	r3, .L2
  35 0002 1A78     		ldrb	r2, [r3]	@ zero_extendqisi2
  36 0004 02F0BF02 		and	r2, r2, #191
  37              	.LVL1:
  42:.\Generated_Source\PSoC5/USBUART_Dp.c ****     USBUART_Dp_DR = staticBits | ((uint8)(value << USBUART_Dp_SHIFT) & USBUART_Dp_MASK);
  38              		.loc 1 42 0
  39 0008 8001     		lsls	r0, r0, #6
  40              	.LVL2:
  41 000a 00F04000 		and	r0, r0, #64
  42 000e 0243     		orrs	r2, r2, r0
  43              	.LVL3:
  44 0010 1A70     		strb	r2, [r3]
  45 0012 7047     		bx	lr
  46              	.L3:
  47              		.align	2
  48              	.L2:
  49 0014 F0510040 		.word	1073762800
  50              		.cfi_endproc
  51              	.LFE0:
  52              		.size	USBUART_Dp_Write, .-USBUART_Dp_Write
  53              		.section	.text.USBUART_Dp_SetDriveMode,"ax",%progbits
  54              		.align	2
  55              		.global	USBUART_Dp_SetDriveMode
  56              		.thumb
  57              		.thumb_func
  58              		.type	USBUART_Dp_SetDriveMode, %function
  59              	USBUART_Dp_SetDriveMode:
  60              	.LFB1:
  43:.\Generated_Source\PSoC5/USBUART_Dp.c **** }
  44:.\Generated_Source\PSoC5/USBUART_Dp.c **** 
  45:.\Generated_Source\PSoC5/USBUART_Dp.c **** 
  46:.\Generated_Source\PSoC5/USBUART_Dp.c **** /*******************************************************************************
  47:.\Generated_Source\PSoC5/USBUART_Dp.c **** * Function Name: USBUART_Dp_SetDriveMode
  48:.\Generated_Source\PSoC5/USBUART_Dp.c **** ********************************************************************************
  49:.\Generated_Source\PSoC5/USBUART_Dp.c **** *
  50:.\Generated_Source\PSoC5/USBUART_Dp.c **** * Summary:
  51:.\Generated_Source\PSoC5/USBUART_Dp.c **** *  Change the drive mode on the pins of the port.
  52:.\Generated_Source\PSoC5/USBUART_Dp.c **** * 
  53:.\Generated_Source\PSoC5/USBUART_Dp.c **** * Parameters:  
  54:.\Generated_Source\PSoC5/USBUART_Dp.c **** *  mode:  Change the pins to one of the following drive modes.
ARM GAS  C:\Users\JohnP\AppData\Local\Temp\ccu0WgIr.s 			page 3


  55:.\Generated_Source\PSoC5/USBUART_Dp.c **** *
  56:.\Generated_Source\PSoC5/USBUART_Dp.c **** *  USBUART_Dp_DM_STRONG     Strong Drive 
  57:.\Generated_Source\PSoC5/USBUART_Dp.c **** *  USBUART_Dp_DM_OD_HI      Open Drain, Drives High 
  58:.\Generated_Source\PSoC5/USBUART_Dp.c **** *  USBUART_Dp_DM_OD_LO      Open Drain, Drives Low 
  59:.\Generated_Source\PSoC5/USBUART_Dp.c **** *  USBUART_Dp_DM_RES_UP     Resistive Pull Up 
  60:.\Generated_Source\PSoC5/USBUART_Dp.c **** *  USBUART_Dp_DM_RES_DWN    Resistive Pull Down 
  61:.\Generated_Source\PSoC5/USBUART_Dp.c **** *  USBUART_Dp_DM_RES_UPDWN  Resistive Pull Up/Down 
  62:.\Generated_Source\PSoC5/USBUART_Dp.c **** *  USBUART_Dp_DM_DIG_HIZ    High Impedance Digital 
  63:.\Generated_Source\PSoC5/USBUART_Dp.c **** *  USBUART_Dp_DM_ALG_HIZ    High Impedance Analog 
  64:.\Generated_Source\PSoC5/USBUART_Dp.c **** *
  65:.\Generated_Source\PSoC5/USBUART_Dp.c **** * Return: 
  66:.\Generated_Source\PSoC5/USBUART_Dp.c **** *  None
  67:.\Generated_Source\PSoC5/USBUART_Dp.c **** *
  68:.\Generated_Source\PSoC5/USBUART_Dp.c **** *******************************************************************************/
  69:.\Generated_Source\PSoC5/USBUART_Dp.c **** void USBUART_Dp_SetDriveMode(uint8 mode) 
  70:.\Generated_Source\PSoC5/USBUART_Dp.c **** {
  61              		.loc 1 70 0
  62              		.cfi_startproc
  63              		@ args = 0, pretend = 0, frame = 0
  64              		@ frame_needed = 0, uses_anonymous_args = 0
  65              		@ link register save eliminated.
  66              	.LVL4:
  71:.\Generated_Source\PSoC5/USBUART_Dp.c **** 	CyPins_SetPinDriveMode(USBUART_Dp_0, mode);
  67              		.loc 1 71 0
  68 0000 044B     		ldr	r3, .L5
  69 0002 1A78     		ldrb	r2, [r3]	@ zero_extendqisi2
  70 0004 02F0F102 		and	r2, r2, #241
  71 0008 00F00E00 		and	r0, r0, #14
  72              	.LVL5:
  73 000c 0243     		orrs	r2, r2, r0
  74 000e 1A70     		strb	r2, [r3]
  75 0010 7047     		bx	lr
  76              	.L6:
  77 0012 00BF     		.align	2
  78              	.L5:
  79 0014 7E500040 		.word	1073762430
  80              		.cfi_endproc
  81              	.LFE1:
  82              		.size	USBUART_Dp_SetDriveMode, .-USBUART_Dp_SetDriveMode
  83              		.section	.text.USBUART_Dp_Read,"ax",%progbits
  84              		.align	2
  85              		.global	USBUART_Dp_Read
  86              		.thumb
  87              		.thumb_func
  88              		.type	USBUART_Dp_Read, %function
  89              	USBUART_Dp_Read:
  90              	.LFB2:
  72:.\Generated_Source\PSoC5/USBUART_Dp.c **** }
  73:.\Generated_Source\PSoC5/USBUART_Dp.c **** 
  74:.\Generated_Source\PSoC5/USBUART_Dp.c **** 
  75:.\Generated_Source\PSoC5/USBUART_Dp.c **** /*******************************************************************************
  76:.\Generated_Source\PSoC5/USBUART_Dp.c **** * Function Name: USBUART_Dp_Read
  77:.\Generated_Source\PSoC5/USBUART_Dp.c **** ********************************************************************************
  78:.\Generated_Source\PSoC5/USBUART_Dp.c **** *
  79:.\Generated_Source\PSoC5/USBUART_Dp.c **** * Summary:
  80:.\Generated_Source\PSoC5/USBUART_Dp.c **** *  Read the current value on the pins of the Digital Port in right justified 
  81:.\Generated_Source\PSoC5/USBUART_Dp.c **** *  form.
ARM GAS  C:\Users\JohnP\AppData\Local\Temp\ccu0WgIr.s 			page 4


  82:.\Generated_Source\PSoC5/USBUART_Dp.c **** *
  83:.\Generated_Source\PSoC5/USBUART_Dp.c **** * Parameters:  
  84:.\Generated_Source\PSoC5/USBUART_Dp.c **** *  None
  85:.\Generated_Source\PSoC5/USBUART_Dp.c **** *
  86:.\Generated_Source\PSoC5/USBUART_Dp.c **** * Return: 
  87:.\Generated_Source\PSoC5/USBUART_Dp.c **** *  Returns the current value of the Digital Port as a right justified number
  88:.\Generated_Source\PSoC5/USBUART_Dp.c **** *  
  89:.\Generated_Source\PSoC5/USBUART_Dp.c **** * Note:
  90:.\Generated_Source\PSoC5/USBUART_Dp.c **** *  Macro USBUART_Dp_ReadPS calls this function. 
  91:.\Generated_Source\PSoC5/USBUART_Dp.c **** *  
  92:.\Generated_Source\PSoC5/USBUART_Dp.c **** *******************************************************************************/
  93:.\Generated_Source\PSoC5/USBUART_Dp.c **** uint8 USBUART_Dp_Read(void) 
  94:.\Generated_Source\PSoC5/USBUART_Dp.c **** {
  91              		.loc 1 94 0
  92              		.cfi_startproc
  93              		@ args = 0, pretend = 0, frame = 0
  94              		@ frame_needed = 0, uses_anonymous_args = 0
  95              		@ link register save eliminated.
  95:.\Generated_Source\PSoC5/USBUART_Dp.c ****     return (USBUART_Dp_PS & USBUART_Dp_MASK) >> USBUART_Dp_SHIFT;
  96              		.loc 1 95 0
  97 0000 024B     		ldr	r3, .L8
  98 0002 1878     		ldrb	r0, [r3]	@ zero_extendqisi2
  96:.\Generated_Source\PSoC5/USBUART_Dp.c **** }
  99              		.loc 1 96 0
 100 0004 C0F38010 		ubfx	r0, r0, #6, #1
 101 0008 7047     		bx	lr
 102              	.L9:
 103 000a 00BF     		.align	2
 104              	.L8:
 105 000c F1510040 		.word	1073762801
 106              		.cfi_endproc
 107              	.LFE2:
 108              		.size	USBUART_Dp_Read, .-USBUART_Dp_Read
 109              		.section	.text.USBUART_Dp_ReadDataReg,"ax",%progbits
 110              		.align	2
 111              		.global	USBUART_Dp_ReadDataReg
 112              		.thumb
 113              		.thumb_func
 114              		.type	USBUART_Dp_ReadDataReg, %function
 115              	USBUART_Dp_ReadDataReg:
 116              	.LFB3:
  97:.\Generated_Source\PSoC5/USBUART_Dp.c **** 
  98:.\Generated_Source\PSoC5/USBUART_Dp.c **** 
  99:.\Generated_Source\PSoC5/USBUART_Dp.c **** /*******************************************************************************
 100:.\Generated_Source\PSoC5/USBUART_Dp.c **** * Function Name: USBUART_Dp_ReadDataReg
 101:.\Generated_Source\PSoC5/USBUART_Dp.c **** ********************************************************************************
 102:.\Generated_Source\PSoC5/USBUART_Dp.c **** *
 103:.\Generated_Source\PSoC5/USBUART_Dp.c **** * Summary:
 104:.\Generated_Source\PSoC5/USBUART_Dp.c **** *  Read the current value assigned to a Digital Port's data output register
 105:.\Generated_Source\PSoC5/USBUART_Dp.c **** *
 106:.\Generated_Source\PSoC5/USBUART_Dp.c **** * Parameters:  
 107:.\Generated_Source\PSoC5/USBUART_Dp.c **** *  None 
 108:.\Generated_Source\PSoC5/USBUART_Dp.c **** *
 109:.\Generated_Source\PSoC5/USBUART_Dp.c **** * Return: 
 110:.\Generated_Source\PSoC5/USBUART_Dp.c **** *  Returns the current value assigned to the Digital Port's data output register
 111:.\Generated_Source\PSoC5/USBUART_Dp.c **** *  
 112:.\Generated_Source\PSoC5/USBUART_Dp.c **** *******************************************************************************/
ARM GAS  C:\Users\JohnP\AppData\Local\Temp\ccu0WgIr.s 			page 5


 113:.\Generated_Source\PSoC5/USBUART_Dp.c **** uint8 USBUART_Dp_ReadDataReg(void) 
 114:.\Generated_Source\PSoC5/USBUART_Dp.c **** {
 117              		.loc 1 114 0
 118              		.cfi_startproc
 119              		@ args = 0, pretend = 0, frame = 0
 120              		@ frame_needed = 0, uses_anonymous_args = 0
 121              		@ link register save eliminated.
 115:.\Generated_Source\PSoC5/USBUART_Dp.c ****     return (USBUART_Dp_DR & USBUART_Dp_MASK) >> USBUART_Dp_SHIFT;
 122              		.loc 1 115 0
 123 0000 024B     		ldr	r3, .L11
 124 0002 1878     		ldrb	r0, [r3]	@ zero_extendqisi2
 116:.\Generated_Source\PSoC5/USBUART_Dp.c **** }
 125              		.loc 1 116 0
 126 0004 C0F38010 		ubfx	r0, r0, #6, #1
 127 0008 7047     		bx	lr
 128              	.L12:
 129 000a 00BF     		.align	2
 130              	.L11:
 131 000c F0510040 		.word	1073762800
 132              		.cfi_endproc
 133              	.LFE3:
 134              		.size	USBUART_Dp_ReadDataReg, .-USBUART_Dp_ReadDataReg
 135              		.section	.text.USBUART_Dp_ClearInterrupt,"ax",%progbits
 136              		.align	2
 137              		.global	USBUART_Dp_ClearInterrupt
 138              		.thumb
 139              		.thumb_func
 140              		.type	USBUART_Dp_ClearInterrupt, %function
 141              	USBUART_Dp_ClearInterrupt:
 142              	.LFB4:
 117:.\Generated_Source\PSoC5/USBUART_Dp.c **** 
 118:.\Generated_Source\PSoC5/USBUART_Dp.c **** 
 119:.\Generated_Source\PSoC5/USBUART_Dp.c **** /* If Interrupts Are Enabled for this Pins component */ 
 120:.\Generated_Source\PSoC5/USBUART_Dp.c **** #if defined(USBUART_Dp_INTSTAT) 
 121:.\Generated_Source\PSoC5/USBUART_Dp.c **** 
 122:.\Generated_Source\PSoC5/USBUART_Dp.c ****     /*******************************************************************************
 123:.\Generated_Source\PSoC5/USBUART_Dp.c ****     * Function Name: USBUART_Dp_ClearInterrupt
 124:.\Generated_Source\PSoC5/USBUART_Dp.c ****     ********************************************************************************
 125:.\Generated_Source\PSoC5/USBUART_Dp.c ****     * Summary:
 126:.\Generated_Source\PSoC5/USBUART_Dp.c ****     *  Clears any active interrupts attached to port and returns the value of the 
 127:.\Generated_Source\PSoC5/USBUART_Dp.c ****     *  interrupt status register.
 128:.\Generated_Source\PSoC5/USBUART_Dp.c ****     *
 129:.\Generated_Source\PSoC5/USBUART_Dp.c ****     * Parameters:  
 130:.\Generated_Source\PSoC5/USBUART_Dp.c ****     *  None 
 131:.\Generated_Source\PSoC5/USBUART_Dp.c ****     *
 132:.\Generated_Source\PSoC5/USBUART_Dp.c ****     * Return: 
 133:.\Generated_Source\PSoC5/USBUART_Dp.c ****     *  Returns the value of the interrupt status register
 134:.\Generated_Source\PSoC5/USBUART_Dp.c ****     *  
 135:.\Generated_Source\PSoC5/USBUART_Dp.c ****     *******************************************************************************/
 136:.\Generated_Source\PSoC5/USBUART_Dp.c ****     uint8 USBUART_Dp_ClearInterrupt(void) 
 137:.\Generated_Source\PSoC5/USBUART_Dp.c ****     {
 143              		.loc 1 137 0
 144              		.cfi_startproc
 145              		@ args = 0, pretend = 0, frame = 0
 146              		@ frame_needed = 0, uses_anonymous_args = 0
 147              		@ link register save eliminated.
 138:.\Generated_Source\PSoC5/USBUART_Dp.c ****         return (USBUART_Dp_INTSTAT & USBUART_Dp_MASK) >> USBUART_Dp_SHIFT;
ARM GAS  C:\Users\JohnP\AppData\Local\Temp\ccu0WgIr.s 			page 6


 148              		.loc 1 138 0
 149 0000 024B     		ldr	r3, .L14
 150 0002 1878     		ldrb	r0, [r3]	@ zero_extendqisi2
 139:.\Generated_Source\PSoC5/USBUART_Dp.c ****     }
 151              		.loc 1 139 0
 152 0004 C0F38010 		ubfx	r0, r0, #6, #1
 153 0008 7047     		bx	lr
 154              	.L15:
 155 000a 00BF     		.align	2
 156              	.L14:
 157 000c 8F450040 		.word	1073759631
 158              		.cfi_endproc
 159              	.LFE4:
 160              		.size	USBUART_Dp_ClearInterrupt, .-USBUART_Dp_ClearInterrupt
 161              		.text
 162              	.Letext0:
 163              		.file 2 ".\\Generated_Source\\PSoC5\\cytypes.h"
 164              		.section	.debug_info,"",%progbits
 165              	.Ldebug_info0:
 166 0000 31010000 		.4byte	0x131
 167 0004 0400     		.2byte	0x4
 168 0006 00000000 		.4byte	.Ldebug_abbrev0
 169 000a 04       		.byte	0x4
 170 000b 01       		.uleb128 0x1
 171 000c 31010000 		.4byte	.LASF21
 172 0010 01       		.byte	0x1
 173 0011 29000000 		.4byte	.LASF22
 174 0015 74000000 		.4byte	.LASF23
 175 0019 00000000 		.4byte	.Ldebug_ranges0+0
 176 001d 00000000 		.4byte	0
 177 0021 00000000 		.4byte	.Ldebug_line0
 178 0025 02       		.uleb128 0x2
 179 0026 01       		.byte	0x1
 180 0027 06       		.byte	0x6
 181 0028 03020000 		.4byte	.LASF0
 182 002c 02       		.uleb128 0x2
 183 002d 01       		.byte	0x1
 184 002e 08       		.byte	0x8
 185 002f 66000000 		.4byte	.LASF1
 186 0033 02       		.uleb128 0x2
 187 0034 02       		.byte	0x2
 188 0035 05       		.byte	0x5
 189 0036 EA010000 		.4byte	.LASF2
 190 003a 02       		.uleb128 0x2
 191 003b 02       		.byte	0x2
 192 003c 07       		.byte	0x7
 193 003d D7000000 		.4byte	.LASF3
 194 0041 02       		.uleb128 0x2
 195 0042 04       		.byte	0x4
 196 0043 05       		.byte	0x5
 197 0044 FA010000 		.4byte	.LASF4
 198 0048 02       		.uleb128 0x2
 199 0049 04       		.byte	0x4
 200 004a 07       		.byte	0x7
 201 004b C5000000 		.4byte	.LASF5
 202 004f 02       		.uleb128 0x2
 203 0050 08       		.byte	0x8
ARM GAS  C:\Users\JohnP\AppData\Local\Temp\ccu0WgIr.s 			page 7


 204 0051 05       		.byte	0x5
 205 0052 C7010000 		.4byte	.LASF6
 206 0056 02       		.uleb128 0x2
 207 0057 08       		.byte	0x8
 208 0058 07       		.byte	0x7
 209 0059 15010000 		.4byte	.LASF7
 210 005d 03       		.uleb128 0x3
 211 005e 04       		.byte	0x4
 212 005f 05       		.byte	0x5
 213 0060 696E7400 		.ascii	"int\000"
 214 0064 02       		.uleb128 0x2
 215 0065 04       		.byte	0x4
 216 0066 07       		.byte	0x7
 217 0067 08010000 		.4byte	.LASF8
 218 006b 04       		.uleb128 0x4
 219 006c F4010000 		.4byte	.LASF12
 220 0070 02       		.byte	0x2
 221 0071 B4       		.byte	0xb4
 222 0072 2C000000 		.4byte	0x2c
 223 0076 02       		.uleb128 0x2
 224 0077 04       		.byte	0x4
 225 0078 04       		.byte	0x4
 226 0079 60000000 		.4byte	.LASF9
 227 007d 02       		.uleb128 0x2
 228 007e 08       		.byte	0x8
 229 007f 04       		.byte	0x4
 230 0080 01010000 		.4byte	.LASF10
 231 0084 02       		.uleb128 0x2
 232 0085 01       		.byte	0x1
 233 0086 08       		.byte	0x8
 234 0087 D5010000 		.4byte	.LASF11
 235 008b 05       		.uleb128 0x5
 236 008c C0000000 		.4byte	.LASF13
 237 0090 02       		.byte	0x2
 238 0091 5E01     		.2byte	0x15e
 239 0093 97000000 		.4byte	0x97
 240 0097 06       		.uleb128 0x6
 241 0098 6B000000 		.4byte	0x6b
 242 009c 07       		.uleb128 0x7
 243 009d 4F000000 		.4byte	.LASF14
 244 00a1 01       		.byte	0x1
 245 00a2 27       		.byte	0x27
 246 00a3 00000000 		.4byte	.LFB0
 247 00a7 18000000 		.4byte	.LFE0-.LFB0
 248 00ab 01       		.uleb128 0x1
 249 00ac 9C       		.byte	0x9c
 250 00ad D0000000 		.4byte	0xd0
 251 00b1 08       		.uleb128 0x8
 252 00b2 00000000 		.4byte	.LASF16
 253 00b6 01       		.byte	0x1
 254 00b7 27       		.byte	0x27
 255 00b8 6B000000 		.4byte	0x6b
 256 00bc 00000000 		.4byte	.LLST0
 257 00c0 09       		.uleb128 0x9
 258 00c1 1E000000 		.4byte	.LASF24
 259 00c5 01       		.byte	0x1
 260 00c6 29       		.byte	0x29
ARM GAS  C:\Users\JohnP\AppData\Local\Temp\ccu0WgIr.s 			page 8


 261 00c7 6B000000 		.4byte	0x6b
 262 00cb 21000000 		.4byte	.LLST1
 263 00cf 00       		.byte	0
 264 00d0 07       		.uleb128 0x7
 265 00d1 06000000 		.4byte	.LASF15
 266 00d5 01       		.byte	0x1
 267 00d6 45       		.byte	0x45
 268 00d7 00000000 		.4byte	.LFB1
 269 00db 18000000 		.4byte	.LFE1-.LFB1
 270 00df 01       		.uleb128 0x1
 271 00e0 9C       		.byte	0x9c
 272 00e1 F5000000 		.4byte	0xf5
 273 00e5 08       		.uleb128 0x8
 274 00e6 2C010000 		.4byte	.LASF17
 275 00ea 01       		.byte	0x1
 276 00eb 45       		.byte	0x45
 277 00ec 6B000000 		.4byte	0x6b
 278 00f0 34000000 		.4byte	.LLST2
 279 00f4 00       		.byte	0
 280 00f5 0A       		.uleb128 0xa
 281 00f6 DA010000 		.4byte	.LASF18
 282 00fa 01       		.byte	0x1
 283 00fb 5D       		.byte	0x5d
 284 00fc 6B000000 		.4byte	0x6b
 285 0100 00000000 		.4byte	.LFB2
 286 0104 10000000 		.4byte	.LFE2-.LFB2
 287 0108 01       		.uleb128 0x1
 288 0109 9C       		.byte	0x9c
 289 010a 0A       		.uleb128 0xa
 290 010b EA000000 		.4byte	.LASF19
 291 010f 01       		.byte	0x1
 292 0110 71       		.byte	0x71
 293 0111 6B000000 		.4byte	0x6b
 294 0115 00000000 		.4byte	.LFB3
 295 0119 10000000 		.4byte	.LFE3-.LFB3
 296 011d 01       		.uleb128 0x1
 297 011e 9C       		.byte	0x9c
 298 011f 0A       		.uleb128 0xa
 299 0120 AD010000 		.4byte	.LASF20
 300 0124 01       		.byte	0x1
 301 0125 88       		.byte	0x88
 302 0126 6B000000 		.4byte	0x6b
 303 012a 00000000 		.4byte	.LFB4
 304 012e 10000000 		.4byte	.LFE4-.LFB4
 305 0132 01       		.uleb128 0x1
 306 0133 9C       		.byte	0x9c
 307 0134 00       		.byte	0
 308              		.section	.debug_abbrev,"",%progbits
 309              	.Ldebug_abbrev0:
 310 0000 01       		.uleb128 0x1
 311 0001 11       		.uleb128 0x11
 312 0002 01       		.byte	0x1
 313 0003 25       		.uleb128 0x25
 314 0004 0E       		.uleb128 0xe
 315 0005 13       		.uleb128 0x13
 316 0006 0B       		.uleb128 0xb
 317 0007 03       		.uleb128 0x3
ARM GAS  C:\Users\JohnP\AppData\Local\Temp\ccu0WgIr.s 			page 9


 318 0008 0E       		.uleb128 0xe
 319 0009 1B       		.uleb128 0x1b
 320 000a 0E       		.uleb128 0xe
 321 000b 55       		.uleb128 0x55
 322 000c 17       		.uleb128 0x17
 323 000d 11       		.uleb128 0x11
 324 000e 01       		.uleb128 0x1
 325 000f 10       		.uleb128 0x10
 326 0010 17       		.uleb128 0x17
 327 0011 00       		.byte	0
 328 0012 00       		.byte	0
 329 0013 02       		.uleb128 0x2
 330 0014 24       		.uleb128 0x24
 331 0015 00       		.byte	0
 332 0016 0B       		.uleb128 0xb
 333 0017 0B       		.uleb128 0xb
 334 0018 3E       		.uleb128 0x3e
 335 0019 0B       		.uleb128 0xb
 336 001a 03       		.uleb128 0x3
 337 001b 0E       		.uleb128 0xe
 338 001c 00       		.byte	0
 339 001d 00       		.byte	0
 340 001e 03       		.uleb128 0x3
 341 001f 24       		.uleb128 0x24
 342 0020 00       		.byte	0
 343 0021 0B       		.uleb128 0xb
 344 0022 0B       		.uleb128 0xb
 345 0023 3E       		.uleb128 0x3e
 346 0024 0B       		.uleb128 0xb
 347 0025 03       		.uleb128 0x3
 348 0026 08       		.uleb128 0x8
 349 0027 00       		.byte	0
 350 0028 00       		.byte	0
 351 0029 04       		.uleb128 0x4
 352 002a 16       		.uleb128 0x16
 353 002b 00       		.byte	0
 354 002c 03       		.uleb128 0x3
 355 002d 0E       		.uleb128 0xe
 356 002e 3A       		.uleb128 0x3a
 357 002f 0B       		.uleb128 0xb
 358 0030 3B       		.uleb128 0x3b
 359 0031 0B       		.uleb128 0xb
 360 0032 49       		.uleb128 0x49
 361 0033 13       		.uleb128 0x13
 362 0034 00       		.byte	0
 363 0035 00       		.byte	0
 364 0036 05       		.uleb128 0x5
 365 0037 16       		.uleb128 0x16
 366 0038 00       		.byte	0
 367 0039 03       		.uleb128 0x3
 368 003a 0E       		.uleb128 0xe
 369 003b 3A       		.uleb128 0x3a
 370 003c 0B       		.uleb128 0xb
 371 003d 3B       		.uleb128 0x3b
 372 003e 05       		.uleb128 0x5
 373 003f 49       		.uleb128 0x49
 374 0040 13       		.uleb128 0x13
ARM GAS  C:\Users\JohnP\AppData\Local\Temp\ccu0WgIr.s 			page 10


 375 0041 00       		.byte	0
 376 0042 00       		.byte	0
 377 0043 06       		.uleb128 0x6
 378 0044 35       		.uleb128 0x35
 379 0045 00       		.byte	0
 380 0046 49       		.uleb128 0x49
 381 0047 13       		.uleb128 0x13
 382 0048 00       		.byte	0
 383 0049 00       		.byte	0
 384 004a 07       		.uleb128 0x7
 385 004b 2E       		.uleb128 0x2e
 386 004c 01       		.byte	0x1
 387 004d 3F       		.uleb128 0x3f
 388 004e 19       		.uleb128 0x19
 389 004f 03       		.uleb128 0x3
 390 0050 0E       		.uleb128 0xe
 391 0051 3A       		.uleb128 0x3a
 392 0052 0B       		.uleb128 0xb
 393 0053 3B       		.uleb128 0x3b
 394 0054 0B       		.uleb128 0xb
 395 0055 27       		.uleb128 0x27
 396 0056 19       		.uleb128 0x19
 397 0057 11       		.uleb128 0x11
 398 0058 01       		.uleb128 0x1
 399 0059 12       		.uleb128 0x12
 400 005a 06       		.uleb128 0x6
 401 005b 40       		.uleb128 0x40
 402 005c 18       		.uleb128 0x18
 403 005d 9742     		.uleb128 0x2117
 404 005f 19       		.uleb128 0x19
 405 0060 01       		.uleb128 0x1
 406 0061 13       		.uleb128 0x13
 407 0062 00       		.byte	0
 408 0063 00       		.byte	0
 409 0064 08       		.uleb128 0x8
 410 0065 05       		.uleb128 0x5
 411 0066 00       		.byte	0
 412 0067 03       		.uleb128 0x3
 413 0068 0E       		.uleb128 0xe
 414 0069 3A       		.uleb128 0x3a
 415 006a 0B       		.uleb128 0xb
 416 006b 3B       		.uleb128 0x3b
 417 006c 0B       		.uleb128 0xb
 418 006d 49       		.uleb128 0x49
 419 006e 13       		.uleb128 0x13
 420 006f 02       		.uleb128 0x2
 421 0070 17       		.uleb128 0x17
 422 0071 00       		.byte	0
 423 0072 00       		.byte	0
 424 0073 09       		.uleb128 0x9
 425 0074 34       		.uleb128 0x34
 426 0075 00       		.byte	0
 427 0076 03       		.uleb128 0x3
 428 0077 0E       		.uleb128 0xe
 429 0078 3A       		.uleb128 0x3a
 430 0079 0B       		.uleb128 0xb
 431 007a 3B       		.uleb128 0x3b
ARM GAS  C:\Users\JohnP\AppData\Local\Temp\ccu0WgIr.s 			page 11


 432 007b 0B       		.uleb128 0xb
 433 007c 49       		.uleb128 0x49
 434 007d 13       		.uleb128 0x13
 435 007e 02       		.uleb128 0x2
 436 007f 17       		.uleb128 0x17
 437 0080 00       		.byte	0
 438 0081 00       		.byte	0
 439 0082 0A       		.uleb128 0xa
 440 0083 2E       		.uleb128 0x2e
 441 0084 00       		.byte	0
 442 0085 3F       		.uleb128 0x3f
 443 0086 19       		.uleb128 0x19
 444 0087 03       		.uleb128 0x3
 445 0088 0E       		.uleb128 0xe
 446 0089 3A       		.uleb128 0x3a
 447 008a 0B       		.uleb128 0xb
 448 008b 3B       		.uleb128 0x3b
 449 008c 0B       		.uleb128 0xb
 450 008d 27       		.uleb128 0x27
 451 008e 19       		.uleb128 0x19
 452 008f 49       		.uleb128 0x49
 453 0090 13       		.uleb128 0x13
 454 0091 11       		.uleb128 0x11
 455 0092 01       		.uleb128 0x1
 456 0093 12       		.uleb128 0x12
 457 0094 06       		.uleb128 0x6
 458 0095 40       		.uleb128 0x40
 459 0096 18       		.uleb128 0x18
 460 0097 9742     		.uleb128 0x2117
 461 0099 19       		.uleb128 0x19
 462 009a 00       		.byte	0
 463 009b 00       		.byte	0
 464 009c 00       		.byte	0
 465              		.section	.debug_loc,"",%progbits
 466              	.Ldebug_loc0:
 467              	.LLST0:
 468 0000 00000000 		.4byte	.LVL0
 469 0004 0A000000 		.4byte	.LVL2
 470 0008 0100     		.2byte	0x1
 471 000a 50       		.byte	0x50
 472 000b 0A000000 		.4byte	.LVL2
 473 000f 18000000 		.4byte	.LFE0
 474 0013 0400     		.2byte	0x4
 475 0015 F3       		.byte	0xf3
 476 0016 01       		.uleb128 0x1
 477 0017 50       		.byte	0x50
 478 0018 9F       		.byte	0x9f
 479 0019 00000000 		.4byte	0
 480 001d 00000000 		.4byte	0
 481              	.LLST1:
 482 0021 08000000 		.4byte	.LVL1
 483 0025 10000000 		.4byte	.LVL3
 484 0029 0100     		.2byte	0x1
 485 002b 52       		.byte	0x52
 486 002c 00000000 		.4byte	0
 487 0030 00000000 		.4byte	0
 488              	.LLST2:
ARM GAS  C:\Users\JohnP\AppData\Local\Temp\ccu0WgIr.s 			page 12


 489 0034 00000000 		.4byte	.LVL4
 490 0038 0C000000 		.4byte	.LVL5
 491 003c 0100     		.2byte	0x1
 492 003e 50       		.byte	0x50
 493 003f 0C000000 		.4byte	.LVL5
 494 0043 18000000 		.4byte	.LFE1
 495 0047 0400     		.2byte	0x4
 496 0049 F3       		.byte	0xf3
 497 004a 01       		.uleb128 0x1
 498 004b 50       		.byte	0x50
 499 004c 9F       		.byte	0x9f
 500 004d 00000000 		.4byte	0
 501 0051 00000000 		.4byte	0
 502              		.section	.debug_aranges,"",%progbits
 503 0000 3C000000 		.4byte	0x3c
 504 0004 0200     		.2byte	0x2
 505 0006 00000000 		.4byte	.Ldebug_info0
 506 000a 04       		.byte	0x4
 507 000b 00       		.byte	0
 508 000c 0000     		.2byte	0
 509 000e 0000     		.2byte	0
 510 0010 00000000 		.4byte	.LFB0
 511 0014 18000000 		.4byte	.LFE0-.LFB0
 512 0018 00000000 		.4byte	.LFB1
 513 001c 18000000 		.4byte	.LFE1-.LFB1
 514 0020 00000000 		.4byte	.LFB2
 515 0024 10000000 		.4byte	.LFE2-.LFB2
 516 0028 00000000 		.4byte	.LFB3
 517 002c 10000000 		.4byte	.LFE3-.LFB3
 518 0030 00000000 		.4byte	.LFB4
 519 0034 10000000 		.4byte	.LFE4-.LFB4
 520 0038 00000000 		.4byte	0
 521 003c 00000000 		.4byte	0
 522              		.section	.debug_ranges,"",%progbits
 523              	.Ldebug_ranges0:
 524 0000 00000000 		.4byte	.LFB0
 525 0004 18000000 		.4byte	.LFE0
 526 0008 00000000 		.4byte	.LFB1
 527 000c 18000000 		.4byte	.LFE1
 528 0010 00000000 		.4byte	.LFB2
 529 0014 10000000 		.4byte	.LFE2
 530 0018 00000000 		.4byte	.LFB3
 531 001c 10000000 		.4byte	.LFE3
 532 0020 00000000 		.4byte	.LFB4
 533 0024 10000000 		.4byte	.LFE4
 534 0028 00000000 		.4byte	0
 535 002c 00000000 		.4byte	0
 536              		.section	.debug_line,"",%progbits
 537              	.Ldebug_line0:
 538 0000 A7000000 		.section	.debug_str,"MS",%progbits,1
 538      02004900 
 538      00000201 
 538      FB0E0D00 
 538      01010101 
 539              	.LASF16:
 540 0000 76616C75 		.ascii	"value\000"
 540      6500
ARM GAS  C:\Users\JohnP\AppData\Local\Temp\ccu0WgIr.s 			page 13


 541              	.LASF15:
 542 0006 55534255 		.ascii	"USBUART_Dp_SetDriveMode\000"
 542      4152545F 
 542      44705F53 
 542      65744472 
 542      6976654D 
 543              	.LASF24:
 544 001e 73746174 		.ascii	"staticBits\000"
 544      69634269 
 544      747300
 545              	.LASF22:
 546 0029 2E5C4765 		.ascii	".\\Generated_Source\\PSoC5\\USBUART_Dp.c\000"
 546      6E657261 
 546      7465645F 
 546      536F7572 
 546      63655C50 
 547              	.LASF14:
 548 004f 55534255 		.ascii	"USBUART_Dp_Write\000"
 548      4152545F 
 548      44705F57 
 548      72697465 
 548      00
 549              	.LASF9:
 550 0060 666C6F61 		.ascii	"float\000"
 550      7400
 551              	.LASF1:
 552 0066 756E7369 		.ascii	"unsigned char\000"
 552      676E6564 
 552      20636861 
 552      7200
 553              	.LASF23:
 554 0074 433A5C72 		.ascii	"C:\\repositories\\embedded\\trunk\\terminalOutput\\"
 554      65706F73 
 554      69746F72 
 554      6965735C 
 554      656D6265 
 555 00a2 43453439 		.ascii	"CE4920Project1\\Design01.cydsn\000"
 555      32305072 
 555      6F6A6563 
 555      74315C44 
 555      65736967 
 556              	.LASF13:
 557 00c0 72656738 		.ascii	"reg8\000"
 557      00
 558              	.LASF5:
 559 00c5 6C6F6E67 		.ascii	"long unsigned int\000"
 559      20756E73 
 559      69676E65 
 559      6420696E 
 559      7400
 560              	.LASF3:
 561 00d7 73686F72 		.ascii	"short unsigned int\000"
 561      7420756E 
 561      7369676E 
 561      65642069 
 561      6E7400
 562              	.LASF19:
ARM GAS  C:\Users\JohnP\AppData\Local\Temp\ccu0WgIr.s 			page 14


 563 00ea 55534255 		.ascii	"USBUART_Dp_ReadDataReg\000"
 563      4152545F 
 563      44705F52 
 563      65616444 
 563      61746152 
 564              	.LASF10:
 565 0101 646F7562 		.ascii	"double\000"
 565      6C6500
 566              	.LASF8:
 567 0108 756E7369 		.ascii	"unsigned int\000"
 567      676E6564 
 567      20696E74 
 567      00
 568              	.LASF7:
 569 0115 6C6F6E67 		.ascii	"long long unsigned int\000"
 569      206C6F6E 
 569      6720756E 
 569      7369676E 
 569      65642069 
 570              	.LASF17:
 571 012c 6D6F6465 		.ascii	"mode\000"
 571      00
 572              	.LASF21:
 573 0131 474E5520 		.ascii	"GNU C 4.8.4 20140526 (release) [ARM/embedded-4_8-br"
 573      4320342E 
 573      382E3420 
 573      32303134 
 573      30353236 
 574 0164 616E6368 		.ascii	"anch revision 211358] -mcpu=cortex-m3 -mthumb -g -O"
 574      20726576 
 574      6973696F 
 574      6E203231 
 574      31333538 
 575 0197 67202D66 		.ascii	"g -ffunction-sections\000"
 575      66756E63 
 575      74696F6E 
 575      2D736563 
 575      74696F6E 
 576              	.LASF20:
 577 01ad 55534255 		.ascii	"USBUART_Dp_ClearInterrupt\000"
 577      4152545F 
 577      44705F43 
 577      6C656172 
 577      496E7465 
 578              	.LASF6:
 579 01c7 6C6F6E67 		.ascii	"long long int\000"
 579      206C6F6E 
 579      6720696E 
 579      7400
 580              	.LASF11:
 581 01d5 63686172 		.ascii	"char\000"
 581      00
 582              	.LASF18:
 583 01da 55534255 		.ascii	"USBUART_Dp_Read\000"
 583      4152545F 
 583      44705F52 
 583      65616400 
ARM GAS  C:\Users\JohnP\AppData\Local\Temp\ccu0WgIr.s 			page 15


 584              	.LASF2:
 585 01ea 73686F72 		.ascii	"short int\000"
 585      7420696E 
 585      7400
 586              	.LASF12:
 587 01f4 75696E74 		.ascii	"uint8\000"
 587      3800
 588              	.LASF4:
 589 01fa 6C6F6E67 		.ascii	"long int\000"
 589      20696E74 
 589      00
 590              	.LASF0:
 591 0203 7369676E 		.ascii	"signed char\000"
 591      65642063 
 591      68617200 
 592              		.ident	"GCC: (GNU Tools for ARM Embedded Processors) 4.8.4 20140526 (release) [ARM/embedded-4_8-br
