ARM GAS  C:\Users\JohnP\AppData\Local\Temp\cc9mgX17.s 			page 1


   1              		.syntax unified
   2              		.cpu cortex-m3
   3              		.fpu softvfp
   4              		.eabi_attribute 20, 1
   5              		.eabi_attribute 21, 1
   6              		.eabi_attribute 23, 3
   7              		.eabi_attribute 24, 1
   8              		.eabi_attribute 25, 1
   9              		.eabi_attribute 26, 1
  10              		.eabi_attribute 30, 1
  11              		.eabi_attribute 34, 1
  12              		.eabi_attribute 18, 4
  13              		.thumb
  14              		.file	"WaveDAC8_1_PM.c"
  15              		.text
  16              	.Ltext0:
  17              		.cfi_sections	.debug_frame
  18              		.section	.text.WaveDAC8_1_Sleep,"ax",%progbits
  19              		.align	2
  20              		.global	WaveDAC8_1_Sleep
  21              		.thumb
  22              		.thumb_func
  23              		.type	WaveDAC8_1_Sleep, %function
  24              	WaveDAC8_1_Sleep:
  25              	.LFB0:
  26              		.file 1 ".\\Generated_Source\\PSoC5\\WaveDAC8_1_PM.c"
   1:.\Generated_Source\PSoC5/WaveDAC8_1_PM.c **** /*******************************************************************************
   2:.\Generated_Source\PSoC5/WaveDAC8_1_PM.c **** * File Name: WaveDAC8_1_PM.c  
   3:.\Generated_Source\PSoC5/WaveDAC8_1_PM.c **** * Version 2.0
   4:.\Generated_Source\PSoC5/WaveDAC8_1_PM.c **** *
   5:.\Generated_Source\PSoC5/WaveDAC8_1_PM.c **** * Description:
   6:.\Generated_Source\PSoC5/WaveDAC8_1_PM.c **** *  This file provides the power manager source code to the API for 
   7:.\Generated_Source\PSoC5/WaveDAC8_1_PM.c **** *  the WaveDAC8 component.
   8:.\Generated_Source\PSoC5/WaveDAC8_1_PM.c **** *
   9:.\Generated_Source\PSoC5/WaveDAC8_1_PM.c **** ********************************************************************************
  10:.\Generated_Source\PSoC5/WaveDAC8_1_PM.c **** * Copyright 2013, Cypress Semiconductor Corporation.  All rights reserved.
  11:.\Generated_Source\PSoC5/WaveDAC8_1_PM.c **** * You may use this file only in accordance with the license, terms, conditions, 
  12:.\Generated_Source\PSoC5/WaveDAC8_1_PM.c **** * disclaimers, and limitations in the end user license agreement accompanying 
  13:.\Generated_Source\PSoC5/WaveDAC8_1_PM.c **** * the software package with which this file was provided.
  14:.\Generated_Source\PSoC5/WaveDAC8_1_PM.c **** *******************************************************************************/
  15:.\Generated_Source\PSoC5/WaveDAC8_1_PM.c **** 
  16:.\Generated_Source\PSoC5/WaveDAC8_1_PM.c **** #include "WaveDAC8_1.h"
  17:.\Generated_Source\PSoC5/WaveDAC8_1_PM.c **** 
  18:.\Generated_Source\PSoC5/WaveDAC8_1_PM.c **** static WaveDAC8_1_BACKUP_STRUCT  WaveDAC8_1_backup;
  19:.\Generated_Source\PSoC5/WaveDAC8_1_PM.c **** 
  20:.\Generated_Source\PSoC5/WaveDAC8_1_PM.c **** 
  21:.\Generated_Source\PSoC5/WaveDAC8_1_PM.c **** /*******************************************************************************
  22:.\Generated_Source\PSoC5/WaveDAC8_1_PM.c **** * Function Name: WaveDAC8_1_Sleep
  23:.\Generated_Source\PSoC5/WaveDAC8_1_PM.c **** ********************************************************************************
  24:.\Generated_Source\PSoC5/WaveDAC8_1_PM.c **** *
  25:.\Generated_Source\PSoC5/WaveDAC8_1_PM.c **** * Summary:
  26:.\Generated_Source\PSoC5/WaveDAC8_1_PM.c **** *  Stops the component and saves its configuration. Should be called 
  27:.\Generated_Source\PSoC5/WaveDAC8_1_PM.c **** *  just prior to entering sleep.
  28:.\Generated_Source\PSoC5/WaveDAC8_1_PM.c **** *  
  29:.\Generated_Source\PSoC5/WaveDAC8_1_PM.c **** * Parameters:  
  30:.\Generated_Source\PSoC5/WaveDAC8_1_PM.c **** *  None
  31:.\Generated_Source\PSoC5/WaveDAC8_1_PM.c **** *
ARM GAS  C:\Users\JohnP\AppData\Local\Temp\cc9mgX17.s 			page 2


  32:.\Generated_Source\PSoC5/WaveDAC8_1_PM.c **** * Return: 
  33:.\Generated_Source\PSoC5/WaveDAC8_1_PM.c **** *  None
  34:.\Generated_Source\PSoC5/WaveDAC8_1_PM.c **** *
  35:.\Generated_Source\PSoC5/WaveDAC8_1_PM.c **** * Global variables:
  36:.\Generated_Source\PSoC5/WaveDAC8_1_PM.c **** *  WaveDAC8_1_backup:  The structure field 'enableState' is modified 
  37:.\Generated_Source\PSoC5/WaveDAC8_1_PM.c **** *  depending on the enable state of the block before entering to sleep mode.
  38:.\Generated_Source\PSoC5/WaveDAC8_1_PM.c **** *
  39:.\Generated_Source\PSoC5/WaveDAC8_1_PM.c **** * Reentrant:
  40:.\Generated_Source\PSoC5/WaveDAC8_1_PM.c **** *  No
  41:.\Generated_Source\PSoC5/WaveDAC8_1_PM.c **** *
  42:.\Generated_Source\PSoC5/WaveDAC8_1_PM.c **** *******************************************************************************/
  43:.\Generated_Source\PSoC5/WaveDAC8_1_PM.c **** void WaveDAC8_1_Sleep(void) 
  44:.\Generated_Source\PSoC5/WaveDAC8_1_PM.c **** {
  27              		.loc 1 44 0
  28              		.cfi_startproc
  29              		@ args = 0, pretend = 0, frame = 0
  30              		@ frame_needed = 0, uses_anonymous_args = 0
  31 0000 08B5     		push	{r3, lr}
  32              		.cfi_def_cfa_offset 8
  33              		.cfi_offset 3, -8
  34              		.cfi_offset 14, -4
  45:.\Generated_Source\PSoC5/WaveDAC8_1_PM.c **** 	/* Save DAC8's enable state */
  46:.\Generated_Source\PSoC5/WaveDAC8_1_PM.c **** 
  47:.\Generated_Source\PSoC5/WaveDAC8_1_PM.c **** 	WaveDAC8_1_backup.enableState = (WaveDAC8_1_VDAC8_ACT_PWR_EN == 
  48:.\Generated_Source\PSoC5/WaveDAC8_1_PM.c **** 		(WaveDAC8_1_VDAC8_PWRMGR_REG & WaveDAC8_1_VDAC8_ACT_PWR_EN)) ? 1u : 0u ;
  35              		.loc 1 48 0
  36 0002 074B     		ldr	r3, .L4
  37 0004 1B78     		ldrb	r3, [r3]	@ zero_extendqisi2
  47:.\Generated_Source\PSoC5/WaveDAC8_1_PM.c **** 	WaveDAC8_1_backup.enableState = (WaveDAC8_1_VDAC8_ACT_PWR_EN == 
  38              		.loc 1 47 0
  39 0006 13F0040F 		tst	r3, #4
  40 000a 01D0     		beq	.L3
  41 000c 0122     		movs	r2, #1
  42 000e 00E0     		b	.L2
  43              	.L3:
  44 0010 0022     		movs	r2, #0
  45              	.L2:
  47:.\Generated_Source\PSoC5/WaveDAC8_1_PM.c **** 	WaveDAC8_1_backup.enableState = (WaveDAC8_1_VDAC8_ACT_PWR_EN == 
  46              		.loc 1 47 0 is_stmt 0 discriminator 3
  47 0012 044B     		ldr	r3, .L4+4
  48 0014 1A70     		strb	r2, [r3]
  49:.\Generated_Source\PSoC5/WaveDAC8_1_PM.c **** 	
  50:.\Generated_Source\PSoC5/WaveDAC8_1_PM.c **** 	WaveDAC8_1_Stop();
  49              		.loc 1 50 0 is_stmt 1 discriminator 3
  50 0016 FFF7FEFF 		bl	WaveDAC8_1_Stop
  51              	.LVL0:
  51:.\Generated_Source\PSoC5/WaveDAC8_1_PM.c **** 	WaveDAC8_1_SaveConfig();
  52              		.loc 1 51 0 discriminator 3
  53 001a FFF7FEFF 		bl	WaveDAC8_1_VDAC8_SaveConfig
  54              	.LVL1:
  55 001e 08BD     		pop	{r3, pc}
  56              	.L5:
  57              		.align	2
  58              	.L4:
  59 0020 A8430040 		.word	1073759144
  60 0024 00000000 		.word	.LANCHOR0
  61              		.cfi_endproc
ARM GAS  C:\Users\JohnP\AppData\Local\Temp\cc9mgX17.s 			page 3


  62              	.LFE0:
  63              		.size	WaveDAC8_1_Sleep, .-WaveDAC8_1_Sleep
  64              		.section	.text.WaveDAC8_1_Wakeup,"ax",%progbits
  65              		.align	2
  66              		.global	WaveDAC8_1_Wakeup
  67              		.thumb
  68              		.thumb_func
  69              		.type	WaveDAC8_1_Wakeup, %function
  70              	WaveDAC8_1_Wakeup:
  71              	.LFB1:
  52:.\Generated_Source\PSoC5/WaveDAC8_1_PM.c **** }
  53:.\Generated_Source\PSoC5/WaveDAC8_1_PM.c **** 
  54:.\Generated_Source\PSoC5/WaveDAC8_1_PM.c **** 
  55:.\Generated_Source\PSoC5/WaveDAC8_1_PM.c **** /*******************************************************************************
  56:.\Generated_Source\PSoC5/WaveDAC8_1_PM.c **** * Function Name: WaveDAC8_1_Wakeup
  57:.\Generated_Source\PSoC5/WaveDAC8_1_PM.c **** ********************************************************************************
  58:.\Generated_Source\PSoC5/WaveDAC8_1_PM.c **** *
  59:.\Generated_Source\PSoC5/WaveDAC8_1_PM.c **** * Summary:
  60:.\Generated_Source\PSoC5/WaveDAC8_1_PM.c **** *  Restores the component configuration. Should be called
  61:.\Generated_Source\PSoC5/WaveDAC8_1_PM.c **** *  just after awaking from sleep.
  62:.\Generated_Source\PSoC5/WaveDAC8_1_PM.c **** *  
  63:.\Generated_Source\PSoC5/WaveDAC8_1_PM.c **** * Parameters:  
  64:.\Generated_Source\PSoC5/WaveDAC8_1_PM.c **** *  None
  65:.\Generated_Source\PSoC5/WaveDAC8_1_PM.c **** *
  66:.\Generated_Source\PSoC5/WaveDAC8_1_PM.c **** * Return: 
  67:.\Generated_Source\PSoC5/WaveDAC8_1_PM.c **** *  void
  68:.\Generated_Source\PSoC5/WaveDAC8_1_PM.c **** *
  69:.\Generated_Source\PSoC5/WaveDAC8_1_PM.c **** * Global variables:
  70:.\Generated_Source\PSoC5/WaveDAC8_1_PM.c **** *  WaveDAC8_1_backup:  The structure field 'enableState' is used to 
  71:.\Generated_Source\PSoC5/WaveDAC8_1_PM.c **** *  restore the enable state of block after wakeup from sleep mode.
  72:.\Generated_Source\PSoC5/WaveDAC8_1_PM.c **** *
  73:.\Generated_Source\PSoC5/WaveDAC8_1_PM.c **** * Reentrant:
  74:.\Generated_Source\PSoC5/WaveDAC8_1_PM.c **** *  No
  75:.\Generated_Source\PSoC5/WaveDAC8_1_PM.c **** *
  76:.\Generated_Source\PSoC5/WaveDAC8_1_PM.c **** *******************************************************************************/
  77:.\Generated_Source\PSoC5/WaveDAC8_1_PM.c **** void WaveDAC8_1_Wakeup(void) 
  78:.\Generated_Source\PSoC5/WaveDAC8_1_PM.c **** {
  72              		.loc 1 78 0
  73              		.cfi_startproc
  74              		@ args = 0, pretend = 0, frame = 0
  75              		@ frame_needed = 0, uses_anonymous_args = 0
  76 0000 08B5     		push	{r3, lr}
  77              		.cfi_def_cfa_offset 8
  78              		.cfi_offset 3, -8
  79              		.cfi_offset 14, -4
  79:.\Generated_Source\PSoC5/WaveDAC8_1_PM.c **** 	WaveDAC8_1_RestoreConfig();
  80              		.loc 1 79 0
  81 0002 FFF7FEFF 		bl	WaveDAC8_1_VDAC8_RestoreConfig
  82              	.LVL2:
  80:.\Generated_Source\PSoC5/WaveDAC8_1_PM.c **** 
  81:.\Generated_Source\PSoC5/WaveDAC8_1_PM.c **** 	if(WaveDAC8_1_backup.enableState == 1u)
  83              		.loc 1 81 0
  84 0006 034B     		ldr	r3, .L8
  85 0008 1B78     		ldrb	r3, [r3]	@ zero_extendqisi2
  86 000a 012B     		cmp	r3, #1
  87 000c 01D1     		bne	.L6
  82:.\Generated_Source\PSoC5/WaveDAC8_1_PM.c **** 	{
ARM GAS  C:\Users\JohnP\AppData\Local\Temp\cc9mgX17.s 			page 4


  83:.\Generated_Source\PSoC5/WaveDAC8_1_PM.c **** 		WaveDAC8_1_Enable();
  88              		.loc 1 83 0
  89 000e FFF7FEFF 		bl	WaveDAC8_1_Enable
  90              	.LVL3:
  91              	.L6:
  92 0012 08BD     		pop	{r3, pc}
  93              	.L9:
  94              		.align	2
  95              	.L8:
  96 0014 00000000 		.word	.LANCHOR0
  97              		.cfi_endproc
  98              	.LFE1:
  99              		.size	WaveDAC8_1_Wakeup, .-WaveDAC8_1_Wakeup
 100              		.bss
 101              		.align	2
 102              		.set	.LANCHOR0,. + 0
 103              		.type	WaveDAC8_1_backup, %object
 104              		.size	WaveDAC8_1_backup, 1
 105              	WaveDAC8_1_backup:
 106 0000 00       		.space	1
 107 0001 000000   		.text
 108              	.Letext0:
 109              		.file 2 ".\\Generated_Source\\PSoC5\\cytypes.h"
 110              		.file 3 ".\\Generated_Source\\PSoC5\\WaveDAC8_1.h"
 111              		.file 4 "Generated_Source\\PSoC5/WaveDAC8_1_VDAC8.h"
 112              		.section	.debug_info,"",%progbits
 113              	.Ldebug_info0:
 114 0000 3D010000 		.4byte	0x13d
 115 0004 0400     		.2byte	0x4
 116 0006 00000000 		.4byte	.Ldebug_abbrev0
 117 000a 04       		.byte	0x4
 118 000b 01       		.uleb128 0x1
 119 000c 36010000 		.4byte	.LASF22
 120 0010 01       		.byte	0x1
 121 0011 D6000000 		.4byte	.LASF23
 122 0015 72000000 		.4byte	.LASF24
 123 0019 00000000 		.4byte	.Ldebug_ranges0+0
 124 001d 00000000 		.4byte	0
 125 0021 00000000 		.4byte	.Ldebug_line0
 126 0025 02       		.uleb128 0x2
 127 0026 01       		.byte	0x1
 128 0027 06       		.byte	0x6
 129 0028 F7010000 		.4byte	.LASF0
 130 002c 02       		.uleb128 0x2
 131 002d 01       		.byte	0x1
 132 002e 08       		.byte	0x8
 133 002f 28010000 		.4byte	.LASF1
 134 0033 02       		.uleb128 0x2
 135 0034 02       		.byte	0x2
 136 0035 05       		.byte	0x5
 137 0036 09020000 		.4byte	.LASF2
 138 003a 02       		.uleb128 0x2
 139 003b 02       		.byte	0x2
 140 003c 07       		.byte	0x7
 141 003d E4010000 		.4byte	.LASF3
 142 0041 02       		.uleb128 0x2
 143 0042 04       		.byte	0x4
ARM GAS  C:\Users\JohnP\AppData\Local\Temp\cc9mgX17.s 			page 5


 144 0043 05       		.byte	0x5
 145 0044 B7010000 		.4byte	.LASF4
 146 0048 02       		.uleb128 0x2
 147 0049 04       		.byte	0x4
 148 004a 07       		.byte	0x7
 149 004b C4000000 		.4byte	.LASF5
 150 004f 02       		.uleb128 0x2
 151 0050 08       		.byte	0x8
 152 0051 05       		.byte	0x5
 153 0052 00000000 		.4byte	.LASF6
 154 0056 02       		.uleb128 0x2
 155 0057 08       		.byte	0x8
 156 0058 07       		.byte	0x7
 157 0059 FF000000 		.4byte	.LASF7
 158 005d 03       		.uleb128 0x3
 159 005e 04       		.byte	0x4
 160 005f 05       		.byte	0x5
 161 0060 696E7400 		.ascii	"int\000"
 162 0064 02       		.uleb128 0x2
 163 0065 04       		.byte	0x4
 164 0066 07       		.byte	0x7
 165 0067 27000000 		.4byte	.LASF8
 166 006b 04       		.uleb128 0x4
 167 006c BE000000 		.4byte	.LASF12
 168 0070 02       		.byte	0x2
 169 0071 B4       		.byte	0xb4
 170 0072 2C000000 		.4byte	0x2c
 171 0076 02       		.uleb128 0x2
 172 0077 04       		.byte	0x4
 173 0078 04       		.byte	0x4
 174 0079 03020000 		.4byte	.LASF9
 175 007d 02       		.uleb128 0x2
 176 007e 08       		.byte	0x8
 177 007f 04       		.byte	0x4
 178 0080 DD010000 		.4byte	.LASF10
 179 0084 02       		.uleb128 0x2
 180 0085 01       		.byte	0x1
 181 0086 08       		.byte	0x8
 182 0087 B2010000 		.4byte	.LASF11
 183 008b 05       		.uleb128 0x5
 184 008c 13020000 		.4byte	.LASF13
 185 0090 02       		.byte	0x2
 186 0091 5E01     		.2byte	0x15e
 187 0093 97000000 		.4byte	0x97
 188 0097 06       		.uleb128 0x6
 189 0098 6B000000 		.4byte	0x6b
 190 009c 02       		.uleb128 0x2
 191 009d 04       		.byte	0x4
 192 009e 07       		.byte	0x7
 193 009f 37020000 		.4byte	.LASF14
 194 00a3 07       		.uleb128 0x7
 195 00a4 01       		.byte	0x1
 196 00a5 03       		.byte	0x3
 197 00a6 5D       		.byte	0x5d
 198 00a7 B8000000 		.4byte	0xb8
 199 00ab 08       		.uleb128 0x8
 200 00ac D1010000 		.4byte	.LASF25
ARM GAS  C:\Users\JohnP\AppData\Local\Temp\cc9mgX17.s 			page 6


 201 00b0 03       		.byte	0x3
 202 00b1 5F       		.byte	0x5f
 203 00b2 6B000000 		.4byte	0x6b
 204 00b6 00       		.byte	0
 205 00b7 00       		.byte	0
 206 00b8 04       		.uleb128 0x4
 207 00b9 0E000000 		.4byte	.LASF15
 208 00bd 03       		.byte	0x3
 209 00be 60       		.byte	0x60
 210 00bf A3000000 		.4byte	0xa3
 211 00c3 09       		.uleb128 0x9
 212 00c4 C0010000 		.4byte	.LASF16
 213 00c8 01       		.byte	0x1
 214 00c9 2B       		.byte	0x2b
 215 00ca 00000000 		.4byte	.LFB0
 216 00ce 28000000 		.4byte	.LFE0-.LFB0
 217 00d2 01       		.uleb128 0x1
 218 00d3 9C       		.byte	0x9c
 219 00d4 EB000000 		.4byte	0xeb
 220 00d8 0A       		.uleb128 0xa
 221 00d9 1A000000 		.4byte	.LVL0
 222 00dd 24010000 		.4byte	0x124
 223 00e1 0A       		.uleb128 0xa
 224 00e2 1E000000 		.4byte	.LVL1
 225 00e6 2B010000 		.4byte	0x12b
 226 00ea 00       		.byte	0
 227 00eb 09       		.uleb128 0x9
 228 00ec 50000000 		.4byte	.LASF17
 229 00f0 01       		.byte	0x1
 230 00f1 4D       		.byte	0x4d
 231 00f2 00000000 		.4byte	.LFB1
 232 00f6 18000000 		.4byte	.LFE1-.LFB1
 233 00fa 01       		.uleb128 0x1
 234 00fb 9C       		.byte	0x9c
 235 00fc 13010000 		.4byte	0x113
 236 0100 0A       		.uleb128 0xa
 237 0101 06000000 		.4byte	.LVL2
 238 0105 32010000 		.4byte	0x132
 239 0109 0A       		.uleb128 0xa
 240 010a 12000000 		.4byte	.LVL3
 241 010e 39010000 		.4byte	0x139
 242 0112 00       		.byte	0
 243 0113 0B       		.uleb128 0xb
 244 0114 40020000 		.4byte	.LASF26
 245 0118 01       		.byte	0x1
 246 0119 12       		.byte	0x12
 247 011a B8000000 		.4byte	0xb8
 248 011e 05       		.uleb128 0x5
 249 011f 03       		.byte	0x3
 250 0120 00000000 		.4byte	WaveDAC8_1_backup
 251 0124 0C       		.uleb128 0xc
 252 0125 62000000 		.4byte	.LASF18
 253 0129 03       		.byte	0x3
 254 012a 6C       		.byte	0x6c
 255 012b 0C       		.uleb128 0xc
 256 012c 34000000 		.4byte	.LASF19
 257 0130 04       		.byte	0x4
ARM GAS  C:\Users\JohnP\AppData\Local\Temp\cc9mgX17.s 			page 7


 258 0131 3B       		.byte	0x3b
 259 0132 0C       		.uleb128 0xc
 260 0133 18020000 		.4byte	.LASF20
 261 0137 04       		.byte	0x4
 262 0138 3C       		.byte	0x3c
 263 0139 0C       		.uleb128 0xc
 264 013a 16010000 		.4byte	.LASF21
 265 013e 03       		.byte	0x3
 266 013f 6B       		.byte	0x6b
 267 0140 00       		.byte	0
 268              		.section	.debug_abbrev,"",%progbits
 269              	.Ldebug_abbrev0:
 270 0000 01       		.uleb128 0x1
 271 0001 11       		.uleb128 0x11
 272 0002 01       		.byte	0x1
 273 0003 25       		.uleb128 0x25
 274 0004 0E       		.uleb128 0xe
 275 0005 13       		.uleb128 0x13
 276 0006 0B       		.uleb128 0xb
 277 0007 03       		.uleb128 0x3
 278 0008 0E       		.uleb128 0xe
 279 0009 1B       		.uleb128 0x1b
 280 000a 0E       		.uleb128 0xe
 281 000b 55       		.uleb128 0x55
 282 000c 17       		.uleb128 0x17
 283 000d 11       		.uleb128 0x11
 284 000e 01       		.uleb128 0x1
 285 000f 10       		.uleb128 0x10
 286 0010 17       		.uleb128 0x17
 287 0011 00       		.byte	0
 288 0012 00       		.byte	0
 289 0013 02       		.uleb128 0x2
 290 0014 24       		.uleb128 0x24
 291 0015 00       		.byte	0
 292 0016 0B       		.uleb128 0xb
 293 0017 0B       		.uleb128 0xb
 294 0018 3E       		.uleb128 0x3e
 295 0019 0B       		.uleb128 0xb
 296 001a 03       		.uleb128 0x3
 297 001b 0E       		.uleb128 0xe
 298 001c 00       		.byte	0
 299 001d 00       		.byte	0
 300 001e 03       		.uleb128 0x3
 301 001f 24       		.uleb128 0x24
 302 0020 00       		.byte	0
 303 0021 0B       		.uleb128 0xb
 304 0022 0B       		.uleb128 0xb
 305 0023 3E       		.uleb128 0x3e
 306 0024 0B       		.uleb128 0xb
 307 0025 03       		.uleb128 0x3
 308 0026 08       		.uleb128 0x8
 309 0027 00       		.byte	0
 310 0028 00       		.byte	0
 311 0029 04       		.uleb128 0x4
 312 002a 16       		.uleb128 0x16
 313 002b 00       		.byte	0
 314 002c 03       		.uleb128 0x3
ARM GAS  C:\Users\JohnP\AppData\Local\Temp\cc9mgX17.s 			page 8


 315 002d 0E       		.uleb128 0xe
 316 002e 3A       		.uleb128 0x3a
 317 002f 0B       		.uleb128 0xb
 318 0030 3B       		.uleb128 0x3b
 319 0031 0B       		.uleb128 0xb
 320 0032 49       		.uleb128 0x49
 321 0033 13       		.uleb128 0x13
 322 0034 00       		.byte	0
 323 0035 00       		.byte	0
 324 0036 05       		.uleb128 0x5
 325 0037 16       		.uleb128 0x16
 326 0038 00       		.byte	0
 327 0039 03       		.uleb128 0x3
 328 003a 0E       		.uleb128 0xe
 329 003b 3A       		.uleb128 0x3a
 330 003c 0B       		.uleb128 0xb
 331 003d 3B       		.uleb128 0x3b
 332 003e 05       		.uleb128 0x5
 333 003f 49       		.uleb128 0x49
 334 0040 13       		.uleb128 0x13
 335 0041 00       		.byte	0
 336 0042 00       		.byte	0
 337 0043 06       		.uleb128 0x6
 338 0044 35       		.uleb128 0x35
 339 0045 00       		.byte	0
 340 0046 49       		.uleb128 0x49
 341 0047 13       		.uleb128 0x13
 342 0048 00       		.byte	0
 343 0049 00       		.byte	0
 344 004a 07       		.uleb128 0x7
 345 004b 13       		.uleb128 0x13
 346 004c 01       		.byte	0x1
 347 004d 0B       		.uleb128 0xb
 348 004e 0B       		.uleb128 0xb
 349 004f 3A       		.uleb128 0x3a
 350 0050 0B       		.uleb128 0xb
 351 0051 3B       		.uleb128 0x3b
 352 0052 0B       		.uleb128 0xb
 353 0053 01       		.uleb128 0x1
 354 0054 13       		.uleb128 0x13
 355 0055 00       		.byte	0
 356 0056 00       		.byte	0
 357 0057 08       		.uleb128 0x8
 358 0058 0D       		.uleb128 0xd
 359 0059 00       		.byte	0
 360 005a 03       		.uleb128 0x3
 361 005b 0E       		.uleb128 0xe
 362 005c 3A       		.uleb128 0x3a
 363 005d 0B       		.uleb128 0xb
 364 005e 3B       		.uleb128 0x3b
 365 005f 0B       		.uleb128 0xb
 366 0060 49       		.uleb128 0x49
 367 0061 13       		.uleb128 0x13
 368 0062 38       		.uleb128 0x38
 369 0063 0B       		.uleb128 0xb
 370 0064 00       		.byte	0
 371 0065 00       		.byte	0
ARM GAS  C:\Users\JohnP\AppData\Local\Temp\cc9mgX17.s 			page 9


 372 0066 09       		.uleb128 0x9
 373 0067 2E       		.uleb128 0x2e
 374 0068 01       		.byte	0x1
 375 0069 3F       		.uleb128 0x3f
 376 006a 19       		.uleb128 0x19
 377 006b 03       		.uleb128 0x3
 378 006c 0E       		.uleb128 0xe
 379 006d 3A       		.uleb128 0x3a
 380 006e 0B       		.uleb128 0xb
 381 006f 3B       		.uleb128 0x3b
 382 0070 0B       		.uleb128 0xb
 383 0071 27       		.uleb128 0x27
 384 0072 19       		.uleb128 0x19
 385 0073 11       		.uleb128 0x11
 386 0074 01       		.uleb128 0x1
 387 0075 12       		.uleb128 0x12
 388 0076 06       		.uleb128 0x6
 389 0077 40       		.uleb128 0x40
 390 0078 18       		.uleb128 0x18
 391 0079 9742     		.uleb128 0x2117
 392 007b 19       		.uleb128 0x19
 393 007c 01       		.uleb128 0x1
 394 007d 13       		.uleb128 0x13
 395 007e 00       		.byte	0
 396 007f 00       		.byte	0
 397 0080 0A       		.uleb128 0xa
 398 0081 898201   		.uleb128 0x4109
 399 0084 00       		.byte	0
 400 0085 11       		.uleb128 0x11
 401 0086 01       		.uleb128 0x1
 402 0087 31       		.uleb128 0x31
 403 0088 13       		.uleb128 0x13
 404 0089 00       		.byte	0
 405 008a 00       		.byte	0
 406 008b 0B       		.uleb128 0xb
 407 008c 34       		.uleb128 0x34
 408 008d 00       		.byte	0
 409 008e 03       		.uleb128 0x3
 410 008f 0E       		.uleb128 0xe
 411 0090 3A       		.uleb128 0x3a
 412 0091 0B       		.uleb128 0xb
 413 0092 3B       		.uleb128 0x3b
 414 0093 0B       		.uleb128 0xb
 415 0094 49       		.uleb128 0x49
 416 0095 13       		.uleb128 0x13
 417 0096 02       		.uleb128 0x2
 418 0097 18       		.uleb128 0x18
 419 0098 00       		.byte	0
 420 0099 00       		.byte	0
 421 009a 0C       		.uleb128 0xc
 422 009b 2E       		.uleb128 0x2e
 423 009c 00       		.byte	0
 424 009d 3F       		.uleb128 0x3f
 425 009e 19       		.uleb128 0x19
 426 009f 03       		.uleb128 0x3
 427 00a0 0E       		.uleb128 0xe
 428 00a1 3A       		.uleb128 0x3a
ARM GAS  C:\Users\JohnP\AppData\Local\Temp\cc9mgX17.s 			page 10


 429 00a2 0B       		.uleb128 0xb
 430 00a3 3B       		.uleb128 0x3b
 431 00a4 0B       		.uleb128 0xb
 432 00a5 27       		.uleb128 0x27
 433 00a6 19       		.uleb128 0x19
 434 00a7 3C       		.uleb128 0x3c
 435 00a8 19       		.uleb128 0x19
 436 00a9 00       		.byte	0
 437 00aa 00       		.byte	0
 438 00ab 00       		.byte	0
 439              		.section	.debug_aranges,"",%progbits
 440 0000 24000000 		.4byte	0x24
 441 0004 0200     		.2byte	0x2
 442 0006 00000000 		.4byte	.Ldebug_info0
 443 000a 04       		.byte	0x4
 444 000b 00       		.byte	0
 445 000c 0000     		.2byte	0
 446 000e 0000     		.2byte	0
 447 0010 00000000 		.4byte	.LFB0
 448 0014 28000000 		.4byte	.LFE0-.LFB0
 449 0018 00000000 		.4byte	.LFB1
 450 001c 18000000 		.4byte	.LFE1-.LFB1
 451 0020 00000000 		.4byte	0
 452 0024 00000000 		.4byte	0
 453              		.section	.debug_ranges,"",%progbits
 454              	.Ldebug_ranges0:
 455 0000 00000000 		.4byte	.LFB0
 456 0004 28000000 		.4byte	.LFE0
 457 0008 00000000 		.4byte	.LFB1
 458 000c 18000000 		.4byte	.LFE1
 459 0010 00000000 		.4byte	0
 460 0014 00000000 		.4byte	0
 461              		.section	.debug_line,"",%progbits
 462              	.Ldebug_line0:
 463 0000 C4000000 		.section	.debug_str,"MS",%progbits,1
 463      02008900 
 463      00000201 
 463      FB0E0D00 
 463      01010101 
 464              	.LASF6:
 465 0000 6C6F6E67 		.ascii	"long long int\000"
 465      206C6F6E 
 465      6720696E 
 465      7400
 466              	.LASF15:
 467 000e 57617665 		.ascii	"WaveDAC8_1_BACKUP_STRUCT\000"
 467      44414338 
 467      5F315F42 
 467      41434B55 
 467      505F5354 
 468              	.LASF8:
 469 0027 756E7369 		.ascii	"unsigned int\000"
 469      676E6564 
 469      20696E74 
 469      00
 470              	.LASF19:
 471 0034 57617665 		.ascii	"WaveDAC8_1_VDAC8_SaveConfig\000"
ARM GAS  C:\Users\JohnP\AppData\Local\Temp\cc9mgX17.s 			page 11


 471      44414338 
 471      5F315F56 
 471      44414338 
 471      5F536176 
 472              	.LASF17:
 473 0050 57617665 		.ascii	"WaveDAC8_1_Wakeup\000"
 473      44414338 
 473      5F315F57 
 473      616B6575 
 473      7000
 474              	.LASF18:
 475 0062 57617665 		.ascii	"WaveDAC8_1_Stop\000"
 475      44414338 
 475      5F315F53 
 475      746F7000 
 476              	.LASF24:
 477 0072 433A5C72 		.ascii	"C:\\repositories\\embedded\\trunk\\terminalOutput\\"
 477      65706F73 
 477      69746F72 
 477      6965735C 
 477      656D6265 
 478 00a0 43453439 		.ascii	"CE4920Project1\\Design01.cydsn\000"
 478      32305072 
 478      6F6A6563 
 478      74315C44 
 478      65736967 
 479              	.LASF12:
 480 00be 75696E74 		.ascii	"uint8\000"
 480      3800
 481              	.LASF5:
 482 00c4 6C6F6E67 		.ascii	"long unsigned int\000"
 482      20756E73 
 482      69676E65 
 482      6420696E 
 482      7400
 483              	.LASF23:
 484 00d6 2E5C4765 		.ascii	".\\Generated_Source\\PSoC5\\WaveDAC8_1_PM.c\000"
 484      6E657261 
 484      7465645F 
 484      536F7572 
 484      63655C50 
 485              	.LASF7:
 486 00ff 6C6F6E67 		.ascii	"long long unsigned int\000"
 486      206C6F6E 
 486      6720756E 
 486      7369676E 
 486      65642069 
 487              	.LASF21:
 488 0116 57617665 		.ascii	"WaveDAC8_1_Enable\000"
 488      44414338 
 488      5F315F45 
 488      6E61626C 
 488      6500
 489              	.LASF1:
 490 0128 756E7369 		.ascii	"unsigned char\000"
 490      676E6564 
 490      20636861 
ARM GAS  C:\Users\JohnP\AppData\Local\Temp\cc9mgX17.s 			page 12


 490      7200
 491              	.LASF22:
 492 0136 474E5520 		.ascii	"GNU C 4.8.4 20140526 (release) [ARM/embedded-4_8-br"
 492      4320342E 
 492      382E3420 
 492      32303134 
 492      30353236 
 493 0169 616E6368 		.ascii	"anch revision 211358] -mcpu=cortex-m3 -mthumb -g -O"
 493      20726576 
 493      6973696F 
 493      6E203231 
 493      31333538 
 494 019c 67202D66 		.ascii	"g -ffunction-sections\000"
 494      66756E63 
 494      74696F6E 
 494      2D736563 
 494      74696F6E 
 495              	.LASF11:
 496 01b2 63686172 		.ascii	"char\000"
 496      00
 497              	.LASF4:
 498 01b7 6C6F6E67 		.ascii	"long int\000"
 498      20696E74 
 498      00
 499              	.LASF16:
 500 01c0 57617665 		.ascii	"WaveDAC8_1_Sleep\000"
 500      44414338 
 500      5F315F53 
 500      6C656570 
 500      00
 501              	.LASF25:
 502 01d1 656E6162 		.ascii	"enableState\000"
 502      6C655374 
 502      61746500 
 503              	.LASF10:
 504 01dd 646F7562 		.ascii	"double\000"
 504      6C6500
 505              	.LASF3:
 506 01e4 73686F72 		.ascii	"short unsigned int\000"
 506      7420756E 
 506      7369676E 
 506      65642069 
 506      6E7400
 507              	.LASF0:
 508 01f7 7369676E 		.ascii	"signed char\000"
 508      65642063 
 508      68617200 
 509              	.LASF9:
 510 0203 666C6F61 		.ascii	"float\000"
 510      7400
 511              	.LASF2:
 512 0209 73686F72 		.ascii	"short int\000"
 512      7420696E 
 512      7400
 513              	.LASF13:
 514 0213 72656738 		.ascii	"reg8\000"
 514      00
ARM GAS  C:\Users\JohnP\AppData\Local\Temp\cc9mgX17.s 			page 13


 515              	.LASF20:
 516 0218 57617665 		.ascii	"WaveDAC8_1_VDAC8_RestoreConfig\000"
 516      44414338 
 516      5F315F56 
 516      44414338 
 516      5F526573 
 517              	.LASF14:
 518 0237 73697A65 		.ascii	"sizetype\000"
 518      74797065 
 518      00
 519              	.LASF26:
 520 0240 57617665 		.ascii	"WaveDAC8_1_backup\000"
 520      44414338 
 520      5F315F62 
 520      61636B75 
 520      7000
 521              		.ident	"GCC: (GNU Tools for ARM Embedded Processors) 4.8.4 20140526 (release) [ARM/embedded-4_8-br
