ARM GAS  C:\Users\JohnP\AppData\Local\Temp\ccUZRNB8.s 			page 1


   1              		.syntax unified
   2              		.cpu cortex-m3
   3              		.fpu softvfp
   4              		.eabi_attribute 20, 1
   5              		.eabi_attribute 21, 1
   6              		.eabi_attribute 23, 3
   7              		.eabi_attribute 24, 1
   8              		.eabi_attribute 25, 1
   9              		.eabi_attribute 26, 1
  10              		.eabi_attribute 30, 6
  11              		.eabi_attribute 34, 1
  12              		.eabi_attribute 18, 4
  13              		.thumb
  14              		.file	"USBFS_1_cls.c"
  15              		.text
  16              	.Ltext0:
  17              		.cfi_sections	.debug_frame
  18              		.section	.text.USBFS_1_DispatchClassRqst,"ax",%progbits
  19              		.align	2
  20              		.global	USBFS_1_DispatchClassRqst
  21              		.thumb
  22              		.thumb_func
  23              		.type	USBFS_1_DispatchClassRqst, %function
  24              	USBFS_1_DispatchClassRqst:
  25              	.LFB0:
  26              		.file 1 ".\\Generated_Source\\PSoC5\\USBFS_1_cls.c"
   1:.\Generated_Source\PSoC5/USBFS_1_cls.c **** /*******************************************************************************
   2:.\Generated_Source\PSoC5/USBFS_1_cls.c **** * File Name: USBFS_1_cls.c
   3:.\Generated_Source\PSoC5/USBFS_1_cls.c **** * Version 2.80
   4:.\Generated_Source\PSoC5/USBFS_1_cls.c **** *
   5:.\Generated_Source\PSoC5/USBFS_1_cls.c **** * Description:
   6:.\Generated_Source\PSoC5/USBFS_1_cls.c **** *  USB Class request handler.
   7:.\Generated_Source\PSoC5/USBFS_1_cls.c **** *
   8:.\Generated_Source\PSoC5/USBFS_1_cls.c **** * Note:
   9:.\Generated_Source\PSoC5/USBFS_1_cls.c **** *
  10:.\Generated_Source\PSoC5/USBFS_1_cls.c **** ********************************************************************************
  11:.\Generated_Source\PSoC5/USBFS_1_cls.c **** * Copyright 2008-2014, Cypress Semiconductor Corporation.  All rights reserved.
  12:.\Generated_Source\PSoC5/USBFS_1_cls.c **** * You may use this file only in accordance with the license, terms, conditions,
  13:.\Generated_Source\PSoC5/USBFS_1_cls.c **** * disclaimers, and limitations in the end user license agreement accompanying
  14:.\Generated_Source\PSoC5/USBFS_1_cls.c **** * the software package with which this file was provided.
  15:.\Generated_Source\PSoC5/USBFS_1_cls.c **** *******************************************************************************/
  16:.\Generated_Source\PSoC5/USBFS_1_cls.c **** 
  17:.\Generated_Source\PSoC5/USBFS_1_cls.c **** #include "USBFS_1.h"
  18:.\Generated_Source\PSoC5/USBFS_1_cls.c **** 
  19:.\Generated_Source\PSoC5/USBFS_1_cls.c **** #if(USBFS_1_EXTERN_CLS == USBFS_1_FALSE)
  20:.\Generated_Source\PSoC5/USBFS_1_cls.c **** 
  21:.\Generated_Source\PSoC5/USBFS_1_cls.c **** #include "USBFS_1_pvt.h"
  22:.\Generated_Source\PSoC5/USBFS_1_cls.c **** 
  23:.\Generated_Source\PSoC5/USBFS_1_cls.c **** 
  24:.\Generated_Source\PSoC5/USBFS_1_cls.c **** /***************************************
  25:.\Generated_Source\PSoC5/USBFS_1_cls.c **** * User Implemented Class Driver Declarations.
  26:.\Generated_Source\PSoC5/USBFS_1_cls.c **** ***************************************/
  27:.\Generated_Source\PSoC5/USBFS_1_cls.c **** /* `#START USER_DEFINED_CLASS_DECLARATIONS` Place your declaration here */
  28:.\Generated_Source\PSoC5/USBFS_1_cls.c **** 
  29:.\Generated_Source\PSoC5/USBFS_1_cls.c **** /* `#END` */
  30:.\Generated_Source\PSoC5/USBFS_1_cls.c **** 
  31:.\Generated_Source\PSoC5/USBFS_1_cls.c **** 
ARM GAS  C:\Users\JohnP\AppData\Local\Temp\ccUZRNB8.s 			page 2


  32:.\Generated_Source\PSoC5/USBFS_1_cls.c **** /*******************************************************************************
  33:.\Generated_Source\PSoC5/USBFS_1_cls.c **** * Function Name: USBFS_1_DispatchClassRqst
  34:.\Generated_Source\PSoC5/USBFS_1_cls.c **** ********************************************************************************
  35:.\Generated_Source\PSoC5/USBFS_1_cls.c **** * Summary:
  36:.\Generated_Source\PSoC5/USBFS_1_cls.c **** *  This routine dispatches class specific requests depend on interface class.
  37:.\Generated_Source\PSoC5/USBFS_1_cls.c **** *
  38:.\Generated_Source\PSoC5/USBFS_1_cls.c **** * Parameters:
  39:.\Generated_Source\PSoC5/USBFS_1_cls.c **** *  None.
  40:.\Generated_Source\PSoC5/USBFS_1_cls.c **** *
  41:.\Generated_Source\PSoC5/USBFS_1_cls.c **** * Return:
  42:.\Generated_Source\PSoC5/USBFS_1_cls.c **** *  requestHandled.
  43:.\Generated_Source\PSoC5/USBFS_1_cls.c **** *
  44:.\Generated_Source\PSoC5/USBFS_1_cls.c **** * Reentrant:
  45:.\Generated_Source\PSoC5/USBFS_1_cls.c **** *  No.
  46:.\Generated_Source\PSoC5/USBFS_1_cls.c **** *
  47:.\Generated_Source\PSoC5/USBFS_1_cls.c **** *******************************************************************************/
  48:.\Generated_Source\PSoC5/USBFS_1_cls.c **** uint8 USBFS_1_DispatchClassRqst(void) 
  49:.\Generated_Source\PSoC5/USBFS_1_cls.c **** {
  27              		.loc 1 49 0
  28              		.cfi_startproc
  29              		@ args = 0, pretend = 0, frame = 8
  30              		@ frame_needed = 1, uses_anonymous_args = 0
  31 0000 80B5     		push	{r7, lr}
  32              		.cfi_def_cfa_offset 8
  33              		.cfi_offset 7, -8
  34              		.cfi_offset 14, -4
  35 0002 82B0     		sub	sp, sp, #8
  36              		.cfi_def_cfa_offset 16
  37 0004 00AF     		add	r7, sp, #0
  38              		.cfi_def_cfa_register 7
  50:.\Generated_Source\PSoC5/USBFS_1_cls.c ****     uint8 requestHandled = USBFS_1_FALSE;
  39              		.loc 1 50 0
  40 0006 0023     		movs	r3, #0
  41 0008 FB71     		strb	r3, [r7, #7]
  51:.\Generated_Source\PSoC5/USBFS_1_cls.c ****     uint8 interfaceNumber = 0u;
  42              		.loc 1 51 0
  43 000a 0023     		movs	r3, #0
  44 000c BB71     		strb	r3, [r7, #6]
  52:.\Generated_Source\PSoC5/USBFS_1_cls.c **** 
  53:.\Generated_Source\PSoC5/USBFS_1_cls.c ****     switch(CY_GET_REG8(USBFS_1_bmRequestType) & USBFS_1_RQST_RCPT_MASK)
  45              		.loc 1 53 0
  46 000e 1B4B     		ldr	r3, .L14
  47 0010 1B78     		ldrb	r3, [r3]
  48 0012 DBB2     		uxtb	r3, r3
  49 0014 03F00303 		and	r3, r3, #3
  50 0018 012B     		cmp	r3, #1
  51 001a 02D0     		beq	.L3
  52 001c 022B     		cmp	r3, #2
  53 001e 04D0     		beq	.L4
  54:.\Generated_Source\PSoC5/USBFS_1_cls.c ****     {
  55:.\Generated_Source\PSoC5/USBFS_1_cls.c ****         case USBFS_1_RQST_RCPT_IFC:        /* Class-specific request directed to an interface */
  56:.\Generated_Source\PSoC5/USBFS_1_cls.c ****             interfaceNumber = CY_GET_REG8(USBFS_1_wIndexLo); /* wIndexLo contain Interface number *
  57:.\Generated_Source\PSoC5/USBFS_1_cls.c ****             break;
  58:.\Generated_Source\PSoC5/USBFS_1_cls.c ****         case USBFS_1_RQST_RCPT_EP:         /* Class-specific request directed to the endpoint */
  59:.\Generated_Source\PSoC5/USBFS_1_cls.c ****             /* Find related interface to the endpoint, wIndexLo contain EP number */
  60:.\Generated_Source\PSoC5/USBFS_1_cls.c ****             interfaceNumber = USBFS_1_EP[CY_GET_REG8(USBFS_1_wIndexLo) &
  61:.\Generated_Source\PSoC5/USBFS_1_cls.c ****                               USBFS_1_DIR_UNUSED].interface;
ARM GAS  C:\Users\JohnP\AppData\Local\Temp\ccUZRNB8.s 			page 3


  62:.\Generated_Source\PSoC5/USBFS_1_cls.c ****             break;
  63:.\Generated_Source\PSoC5/USBFS_1_cls.c ****         default:    /* RequestHandled is initialized as FALSE by default */
  64:.\Generated_Source\PSoC5/USBFS_1_cls.c ****             break;
  54              		.loc 1 64 0
  55 0020 12E0     		b	.L5
  56              	.L3:
  56:.\Generated_Source\PSoC5/USBFS_1_cls.c ****             interfaceNumber = CY_GET_REG8(USBFS_1_wIndexLo); /* wIndexLo contain Interface number *
  57              		.loc 1 56 0
  58 0022 174B     		ldr	r3, .L14+4
  59 0024 1B78     		ldrb	r3, [r3]
  60 0026 BB71     		strb	r3, [r7, #6]
  57:.\Generated_Source\PSoC5/USBFS_1_cls.c ****             break;
  61              		.loc 1 57 0
  62 0028 0EE0     		b	.L5
  63              	.L4:
  60:.\Generated_Source\PSoC5/USBFS_1_cls.c ****             interfaceNumber = USBFS_1_EP[CY_GET_REG8(USBFS_1_wIndexLo) &
  64              		.loc 1 60 0
  65 002a 154B     		ldr	r3, .L14+4
  66 002c 1B78     		ldrb	r3, [r3]
  67 002e DBB2     		uxtb	r3, r3
  68 0030 03F07F02 		and	r2, r3, #127
  69 0034 1349     		ldr	r1, .L14+8
  70 0036 1346     		mov	r3, r2
  71 0038 5B00     		lsls	r3, r3, #1
  72 003a 1344     		add	r3, r3, r2
  73 003c 9B00     		lsls	r3, r3, #2
  74 003e 0B44     		add	r3, r3, r1
  75 0040 0833     		adds	r3, r3, #8
  76 0042 9B78     		ldrb	r3, [r3, #2]
  77 0044 BB71     		strb	r3, [r7, #6]
  62:.\Generated_Source\PSoC5/USBFS_1_cls.c ****             break;
  78              		.loc 1 62 0
  79 0046 00BF     		nop
  80              	.L5:
  65:.\Generated_Source\PSoC5/USBFS_1_cls.c ****     }
  66:.\Generated_Source\PSoC5/USBFS_1_cls.c ****     /* Handle Class request depend on interface type */
  67:.\Generated_Source\PSoC5/USBFS_1_cls.c ****     switch(USBFS_1_interfaceClass[interfaceNumber])
  81              		.loc 1 67 0
  82 0048 0F4B     		ldr	r3, .L14+12
  83 004a 1A68     		ldr	r2, [r3]
  84 004c BB79     		ldrb	r3, [r7, #6]	@ zero_extendqisi2
  85 004e 1344     		add	r3, r3, r2
  86 0050 1B78     		ldrb	r3, [r3]	@ zero_extendqisi2
  87 0052 022B     		cmp	r3, #2
  88 0054 09D0     		beq	.L12
  89 0056 032B     		cmp	r3, #3
  90 0058 02D0     		beq	.L8
  91 005a 012B     		cmp	r3, #1
  92 005c 07D0     		beq	.L13
  68:.\Generated_Source\PSoC5/USBFS_1_cls.c ****     {
  69:.\Generated_Source\PSoC5/USBFS_1_cls.c ****         case USBFS_1_CLASS_HID:
  70:.\Generated_Source\PSoC5/USBFS_1_cls.c ****             #if defined(USBFS_1_ENABLE_HID_CLASS)
  71:.\Generated_Source\PSoC5/USBFS_1_cls.c ****                 requestHandled = USBFS_1_DispatchHIDClassRqst();
  72:.\Generated_Source\PSoC5/USBFS_1_cls.c ****             #endif /* USBFS_1_ENABLE_HID_CLASS */
  73:.\Generated_Source\PSoC5/USBFS_1_cls.c ****             break;
  74:.\Generated_Source\PSoC5/USBFS_1_cls.c ****         case USBFS_1_CLASS_AUDIO:
  75:.\Generated_Source\PSoC5/USBFS_1_cls.c ****             #if defined(USBFS_1_ENABLE_AUDIO_CLASS)
ARM GAS  C:\Users\JohnP\AppData\Local\Temp\ccUZRNB8.s 			page 4


  76:.\Generated_Source\PSoC5/USBFS_1_cls.c ****                 requestHandled = USBFS_1_DispatchAUDIOClassRqst();
  77:.\Generated_Source\PSoC5/USBFS_1_cls.c ****             #endif /* USBFS_1_CLASS_AUDIO */
  78:.\Generated_Source\PSoC5/USBFS_1_cls.c ****             break;
  79:.\Generated_Source\PSoC5/USBFS_1_cls.c ****         case USBFS_1_CLASS_CDC:
  80:.\Generated_Source\PSoC5/USBFS_1_cls.c ****             #if defined(USBFS_1_ENABLE_CDC_CLASS)
  81:.\Generated_Source\PSoC5/USBFS_1_cls.c ****                 requestHandled = USBFS_1_DispatchCDCClassRqst();
  82:.\Generated_Source\PSoC5/USBFS_1_cls.c ****             #endif /* USBFS_1_ENABLE_CDC_CLASS */
  83:.\Generated_Source\PSoC5/USBFS_1_cls.c ****             break;
  84:.\Generated_Source\PSoC5/USBFS_1_cls.c ****         default:    /* requestHandled is initialized as FALSE by default */
  85:.\Generated_Source\PSoC5/USBFS_1_cls.c ****             break;
  93              		.loc 1 85 0
  94 005e 07E0     		b	.L10
  95              	.L8:
  71:.\Generated_Source\PSoC5/USBFS_1_cls.c ****                 requestHandled = USBFS_1_DispatchHIDClassRqst();
  96              		.loc 1 71 0
  97 0060 FFF7FEFF 		bl	USBFS_1_DispatchHIDClassRqst
  98 0064 0346     		mov	r3, r0
  99 0066 FB71     		strb	r3, [r7, #7]
  73:.\Generated_Source\PSoC5/USBFS_1_cls.c ****             break;
 100              		.loc 1 73 0
 101 0068 02E0     		b	.L10
 102              	.L12:
  83:.\Generated_Source\PSoC5/USBFS_1_cls.c ****             break;
 103              		.loc 1 83 0
 104 006a 00BF     		nop
 105 006c 00E0     		b	.L10
 106              	.L13:
  78:.\Generated_Source\PSoC5/USBFS_1_cls.c ****             break;
 107              		.loc 1 78 0
 108 006e 00BF     		nop
 109              	.L10:
  86:.\Generated_Source\PSoC5/USBFS_1_cls.c ****     }
  87:.\Generated_Source\PSoC5/USBFS_1_cls.c **** 
  88:.\Generated_Source\PSoC5/USBFS_1_cls.c ****     /* `#START USER_DEFINED_CLASS_CODE` Place your Class request here */
  89:.\Generated_Source\PSoC5/USBFS_1_cls.c **** 
  90:.\Generated_Source\PSoC5/USBFS_1_cls.c ****     /* `#END` */
  91:.\Generated_Source\PSoC5/USBFS_1_cls.c **** 
  92:.\Generated_Source\PSoC5/USBFS_1_cls.c ****     return(requestHandled);
 110              		.loc 1 92 0
 111 0070 FB79     		ldrb	r3, [r7, #7]	@ zero_extendqisi2
  93:.\Generated_Source\PSoC5/USBFS_1_cls.c **** }
 112              		.loc 1 93 0
 113 0072 1846     		mov	r0, r3
 114 0074 0837     		adds	r7, r7, #8
 115 0076 BD46     		mov	sp, r7
 116              		@ sp needed
 117 0078 80BD     		pop	{r7, pc}
 118              	.L15:
 119 007a 00BF     		.align	2
 120              	.L14:
 121 007c 00600040 		.word	1073766400
 122 0080 04600040 		.word	1073766404
 123 0084 00000000 		.word	USBFS_1_EP
 124 0088 00000000 		.word	USBFS_1_interfaceClass
 125              		.cfi_endproc
 126              	.LFE0:
 127              		.size	USBFS_1_DispatchClassRqst, .-USBFS_1_DispatchClassRqst
ARM GAS  C:\Users\JohnP\AppData\Local\Temp\ccUZRNB8.s 			page 5


 128              		.text
 129              	.Letext0:
 130              		.file 2 ".\\Generated_Source\\PSoC5\\cytypes.h"
 131              		.file 3 ".\\Generated_Source\\PSoC5\\USBFS_1.h"
 132              		.file 4 ".\\Generated_Source\\PSoC5\\USBFS_1_pvt.h"
 133              		.section	.debug_info,"",%progbits
 134              	.Ldebug_info0:
 135 0000 97010000 		.4byte	0x197
 136 0004 0400     		.2byte	0x4
 137 0006 00000000 		.4byte	.Ldebug_abbrev0
 138 000a 04       		.byte	0x4
 139 000b 01       		.uleb128 0x1
 140 000c 7D010000 		.4byte	.LASF30
 141 0010 01       		.byte	0x1
 142 0011 3E020000 		.4byte	.LASF31
 143 0015 38000000 		.4byte	.LASF32
 144 0019 00000000 		.4byte	.Ldebug_ranges0+0
 145 001d 00000000 		.4byte	0
 146 0021 00000000 		.4byte	.Ldebug_line0
 147 0025 02       		.uleb128 0x2
 148 0026 01       		.byte	0x1
 149 0027 06       		.byte	0x6
 150 0028 88020000 		.4byte	.LASF0
 151 002c 02       		.uleb128 0x2
 152 002d 01       		.byte	0x1
 153 002e 08       		.byte	0x8
 154 002f D3000000 		.4byte	.LASF1
 155 0033 02       		.uleb128 0x2
 156 0034 02       		.byte	0x2
 157 0035 05       		.byte	0x5
 158 0036 65020000 		.4byte	.LASF2
 159 003a 02       		.uleb128 0x2
 160 003b 02       		.byte	0x2
 161 003c 07       		.byte	0x7
 162 003d 25000000 		.4byte	.LASF3
 163 0041 02       		.uleb128 0x2
 164 0042 04       		.byte	0x4
 165 0043 05       		.byte	0x5
 166 0044 7F020000 		.4byte	.LASF4
 167 0048 02       		.uleb128 0x2
 168 0049 04       		.byte	0x4
 169 004a 07       		.byte	0x7
 170 004b E6000000 		.4byte	.LASF5
 171 004f 02       		.uleb128 0x2
 172 0050 08       		.byte	0x8
 173 0051 05       		.byte	0x5
 174 0052 09020000 		.4byte	.LASF6
 175 0056 02       		.uleb128 0x2
 176 0057 08       		.byte	0x8
 177 0058 07       		.byte	0x7
 178 0059 5C010000 		.4byte	.LASF7
 179 005d 03       		.uleb128 0x3
 180 005e 04       		.byte	0x4
 181 005f 05       		.byte	0x5
 182 0060 696E7400 		.ascii	"int\000"
 183 0064 02       		.uleb128 0x2
 184 0065 04       		.byte	0x4
ARM GAS  C:\Users\JohnP\AppData\Local\Temp\ccUZRNB8.s 			page 6


 185 0066 07       		.byte	0x7
 186 0067 4F010000 		.4byte	.LASF8
 187 006b 04       		.uleb128 0x4
 188 006c 6F020000 		.4byte	.LASF9
 189 0070 02       		.byte	0x2
 190 0071 B4       		.byte	0xb4
 191 0072 2C000000 		.4byte	0x2c
 192 0076 04       		.uleb128 0x4
 193 0077 3D010000 		.4byte	.LASF10
 194 007b 02       		.byte	0x2
 195 007c B5       		.byte	0xb5
 196 007d 3A000000 		.4byte	0x3a
 197 0081 02       		.uleb128 0x2
 198 0082 04       		.byte	0x4
 199 0083 04       		.byte	0x4
 200 0084 C4000000 		.4byte	.LASF11
 201 0088 02       		.uleb128 0x2
 202 0089 08       		.byte	0x8
 203 008a 04       		.byte	0x4
 204 008b 24010000 		.4byte	.LASF12
 205 008f 02       		.uleb128 0x2
 206 0090 01       		.byte	0x1
 207 0091 08       		.byte	0x8
 208 0092 2E020000 		.4byte	.LASF13
 209 0096 05       		.uleb128 0x5
 210 0097 E1000000 		.4byte	.LASF14
 211 009b 02       		.byte	0x2
 212 009c 5E01     		.2byte	0x15e
 213 009e A2000000 		.4byte	0xa2
 214 00a2 06       		.uleb128 0x6
 215 00a3 6B000000 		.4byte	0x6b
 216 00a7 02       		.uleb128 0x2
 217 00a8 04       		.byte	0x4
 218 00a9 07       		.byte	0x7
 219 00aa F9010000 		.4byte	.LASF15
 220 00ae 07       		.uleb128 0x7
 221 00af 0C       		.byte	0xc
 222 00b0 03       		.byte	0x3
 223 00b1 81       		.byte	0x81
 224 00b2 23010000 		.4byte	0x123
 225 00b6 08       		.uleb128 0x8
 226 00b7 2B010000 		.4byte	.LASF16
 227 00bb 03       		.byte	0x3
 228 00bc 83       		.byte	0x83
 229 00bd 6B000000 		.4byte	0x6b
 230 00c1 00       		.byte	0
 231 00c2 08       		.uleb128 0x8
 232 00c3 44010000 		.4byte	.LASF17
 233 00c7 03       		.byte	0x3
 234 00c8 84       		.byte	0x84
 235 00c9 6B000000 		.4byte	0x6b
 236 00cd 01       		.byte	0x1
 237 00ce 08       		.uleb128 0x8
 238 00cf 73010000 		.4byte	.LASF18
 239 00d3 03       		.byte	0x3
 240 00d4 85       		.byte	0x85
 241 00d5 6B000000 		.4byte	0x6b
ARM GAS  C:\Users\JohnP\AppData\Local\Temp\ccUZRNB8.s 			page 7


 242 00d9 02       		.byte	0x2
 243 00da 08       		.uleb128 0x8
 244 00db CA000000 		.4byte	.LASF19
 245 00df 03       		.byte	0x3
 246 00e0 86       		.byte	0x86
 247 00e1 6B000000 		.4byte	0x6b
 248 00e5 03       		.byte	0x3
 249 00e6 08       		.uleb128 0x8
 250 00e7 F8000000 		.4byte	.LASF20
 251 00eb 03       		.byte	0x3
 252 00ec 87       		.byte	0x87
 253 00ed 6B000000 		.4byte	0x6b
 254 00f1 04       		.byte	0x4
 255 00f2 08       		.uleb128 0x8
 256 00f3 02020000 		.4byte	.LASF21
 257 00f7 03       		.byte	0x3
 258 00f8 88       		.byte	0x88
 259 00f9 6B000000 		.4byte	0x6b
 260 00fd 05       		.byte	0x5
 261 00fe 08       		.uleb128 0x8
 262 00ff 32010000 		.4byte	.LASF22
 263 0103 03       		.byte	0x3
 264 0104 89       		.byte	0x89
 265 0105 76000000 		.4byte	0x76
 266 0109 06       		.byte	0x6
 267 010a 08       		.uleb128 0x8
 268 010b 33020000 		.4byte	.LASF23
 269 010f 03       		.byte	0x3
 270 0110 8A       		.byte	0x8a
 271 0111 76000000 		.4byte	0x76
 272 0115 08       		.byte	0x8
 273 0116 08       		.uleb128 0x8
 274 0117 75020000 		.4byte	.LASF24
 275 011b 03       		.byte	0x3
 276 011c 8B       		.byte	0x8b
 277 011d 6B000000 		.4byte	0x6b
 278 0121 0A       		.byte	0xa
 279 0122 00       		.byte	0
 280 0123 04       		.uleb128 0x4
 281 0124 0D010000 		.4byte	.LASF25
 282 0128 03       		.byte	0x3
 283 0129 8C       		.byte	0x8c
 284 012a AE000000 		.4byte	0xae
 285 012e 09       		.uleb128 0x9
 286 012f 0B000000 		.4byte	.LASF33
 287 0133 01       		.byte	0x1
 288 0134 30       		.byte	0x30
 289 0135 6B000000 		.4byte	0x6b
 290 0139 00000000 		.4byte	.LFB0
 291 013d 8C000000 		.4byte	.LFE0-.LFB0
 292 0141 01       		.uleb128 0x1
 293 0142 9C       		.byte	0x9c
 294 0143 64010000 		.4byte	0x164
 295 0147 0A       		.uleb128 0xa
 296 0148 B5000000 		.4byte	.LASF26
 297 014c 01       		.byte	0x1
 298 014d 32       		.byte	0x32
ARM GAS  C:\Users\JohnP\AppData\Local\Temp\ccUZRNB8.s 			page 8


 299 014e 6B000000 		.4byte	0x6b
 300 0152 02       		.uleb128 0x2
 301 0153 91       		.byte	0x91
 302 0154 77       		.sleb128 -9
 303 0155 0A       		.uleb128 0xa
 304 0156 FD000000 		.4byte	.LASF27
 305 015a 01       		.byte	0x1
 306 015b 33       		.byte	0x33
 307 015c 6B000000 		.4byte	0x6b
 308 0160 02       		.uleb128 0x2
 309 0161 91       		.byte	0x91
 310 0162 76       		.sleb128 -10
 311 0163 00       		.byte	0
 312 0164 0B       		.uleb128 0xb
 313 0165 17020000 		.4byte	.LASF28
 314 0169 04       		.byte	0x4
 315 016a 3A       		.byte	0x3a
 316 016b 6F010000 		.4byte	0x16f
 317 016f 0C       		.uleb128 0xc
 318 0170 04       		.byte	0x4
 319 0171 75010000 		.4byte	0x175
 320 0175 0D       		.uleb128 0xd
 321 0176 6B000000 		.4byte	0x6b
 322 017a 0E       		.uleb128 0xe
 323 017b 23010000 		.4byte	0x123
 324 017f 8A010000 		.4byte	0x18a
 325 0183 0F       		.uleb128 0xf
 326 0184 A7000000 		.4byte	0xa7
 327 0188 08       		.byte	0x8
 328 0189 00       		.byte	0
 329 018a 0B       		.uleb128 0xb
 330 018b 00000000 		.4byte	.LASF29
 331 018f 04       		.byte	0x4
 332 0190 3C       		.byte	0x3c
 333 0191 95010000 		.4byte	0x195
 334 0195 06       		.uleb128 0x6
 335 0196 7A010000 		.4byte	0x17a
 336 019a 00       		.byte	0
 337              		.section	.debug_abbrev,"",%progbits
 338              	.Ldebug_abbrev0:
 339 0000 01       		.uleb128 0x1
 340 0001 11       		.uleb128 0x11
 341 0002 01       		.byte	0x1
 342 0003 25       		.uleb128 0x25
 343 0004 0E       		.uleb128 0xe
 344 0005 13       		.uleb128 0x13
 345 0006 0B       		.uleb128 0xb
 346 0007 03       		.uleb128 0x3
 347 0008 0E       		.uleb128 0xe
 348 0009 1B       		.uleb128 0x1b
 349 000a 0E       		.uleb128 0xe
 350 000b 55       		.uleb128 0x55
 351 000c 17       		.uleb128 0x17
 352 000d 11       		.uleb128 0x11
 353 000e 01       		.uleb128 0x1
 354 000f 10       		.uleb128 0x10
 355 0010 17       		.uleb128 0x17
ARM GAS  C:\Users\JohnP\AppData\Local\Temp\ccUZRNB8.s 			page 9


 356 0011 00       		.byte	0
 357 0012 00       		.byte	0
 358 0013 02       		.uleb128 0x2
 359 0014 24       		.uleb128 0x24
 360 0015 00       		.byte	0
 361 0016 0B       		.uleb128 0xb
 362 0017 0B       		.uleb128 0xb
 363 0018 3E       		.uleb128 0x3e
 364 0019 0B       		.uleb128 0xb
 365 001a 03       		.uleb128 0x3
 366 001b 0E       		.uleb128 0xe
 367 001c 00       		.byte	0
 368 001d 00       		.byte	0
 369 001e 03       		.uleb128 0x3
 370 001f 24       		.uleb128 0x24
 371 0020 00       		.byte	0
 372 0021 0B       		.uleb128 0xb
 373 0022 0B       		.uleb128 0xb
 374 0023 3E       		.uleb128 0x3e
 375 0024 0B       		.uleb128 0xb
 376 0025 03       		.uleb128 0x3
 377 0026 08       		.uleb128 0x8
 378 0027 00       		.byte	0
 379 0028 00       		.byte	0
 380 0029 04       		.uleb128 0x4
 381 002a 16       		.uleb128 0x16
 382 002b 00       		.byte	0
 383 002c 03       		.uleb128 0x3
 384 002d 0E       		.uleb128 0xe
 385 002e 3A       		.uleb128 0x3a
 386 002f 0B       		.uleb128 0xb
 387 0030 3B       		.uleb128 0x3b
 388 0031 0B       		.uleb128 0xb
 389 0032 49       		.uleb128 0x49
 390 0033 13       		.uleb128 0x13
 391 0034 00       		.byte	0
 392 0035 00       		.byte	0
 393 0036 05       		.uleb128 0x5
 394 0037 16       		.uleb128 0x16
 395 0038 00       		.byte	0
 396 0039 03       		.uleb128 0x3
 397 003a 0E       		.uleb128 0xe
 398 003b 3A       		.uleb128 0x3a
 399 003c 0B       		.uleb128 0xb
 400 003d 3B       		.uleb128 0x3b
 401 003e 05       		.uleb128 0x5
 402 003f 49       		.uleb128 0x49
 403 0040 13       		.uleb128 0x13
 404 0041 00       		.byte	0
 405 0042 00       		.byte	0
 406 0043 06       		.uleb128 0x6
 407 0044 35       		.uleb128 0x35
 408 0045 00       		.byte	0
 409 0046 49       		.uleb128 0x49
 410 0047 13       		.uleb128 0x13
 411 0048 00       		.byte	0
 412 0049 00       		.byte	0
ARM GAS  C:\Users\JohnP\AppData\Local\Temp\ccUZRNB8.s 			page 10


 413 004a 07       		.uleb128 0x7
 414 004b 13       		.uleb128 0x13
 415 004c 01       		.byte	0x1
 416 004d 0B       		.uleb128 0xb
 417 004e 0B       		.uleb128 0xb
 418 004f 3A       		.uleb128 0x3a
 419 0050 0B       		.uleb128 0xb
 420 0051 3B       		.uleb128 0x3b
 421 0052 0B       		.uleb128 0xb
 422 0053 01       		.uleb128 0x1
 423 0054 13       		.uleb128 0x13
 424 0055 00       		.byte	0
 425 0056 00       		.byte	0
 426 0057 08       		.uleb128 0x8
 427 0058 0D       		.uleb128 0xd
 428 0059 00       		.byte	0
 429 005a 03       		.uleb128 0x3
 430 005b 0E       		.uleb128 0xe
 431 005c 3A       		.uleb128 0x3a
 432 005d 0B       		.uleb128 0xb
 433 005e 3B       		.uleb128 0x3b
 434 005f 0B       		.uleb128 0xb
 435 0060 49       		.uleb128 0x49
 436 0061 13       		.uleb128 0x13
 437 0062 38       		.uleb128 0x38
 438 0063 0B       		.uleb128 0xb
 439 0064 00       		.byte	0
 440 0065 00       		.byte	0
 441 0066 09       		.uleb128 0x9
 442 0067 2E       		.uleb128 0x2e
 443 0068 01       		.byte	0x1
 444 0069 3F       		.uleb128 0x3f
 445 006a 19       		.uleb128 0x19
 446 006b 03       		.uleb128 0x3
 447 006c 0E       		.uleb128 0xe
 448 006d 3A       		.uleb128 0x3a
 449 006e 0B       		.uleb128 0xb
 450 006f 3B       		.uleb128 0x3b
 451 0070 0B       		.uleb128 0xb
 452 0071 27       		.uleb128 0x27
 453 0072 19       		.uleb128 0x19
 454 0073 49       		.uleb128 0x49
 455 0074 13       		.uleb128 0x13
 456 0075 11       		.uleb128 0x11
 457 0076 01       		.uleb128 0x1
 458 0077 12       		.uleb128 0x12
 459 0078 06       		.uleb128 0x6
 460 0079 40       		.uleb128 0x40
 461 007a 18       		.uleb128 0x18
 462 007b 9642     		.uleb128 0x2116
 463 007d 19       		.uleb128 0x19
 464 007e 01       		.uleb128 0x1
 465 007f 13       		.uleb128 0x13
 466 0080 00       		.byte	0
 467 0081 00       		.byte	0
 468 0082 0A       		.uleb128 0xa
 469 0083 34       		.uleb128 0x34
ARM GAS  C:\Users\JohnP\AppData\Local\Temp\ccUZRNB8.s 			page 11


 470 0084 00       		.byte	0
 471 0085 03       		.uleb128 0x3
 472 0086 0E       		.uleb128 0xe
 473 0087 3A       		.uleb128 0x3a
 474 0088 0B       		.uleb128 0xb
 475 0089 3B       		.uleb128 0x3b
 476 008a 0B       		.uleb128 0xb
 477 008b 49       		.uleb128 0x49
 478 008c 13       		.uleb128 0x13
 479 008d 02       		.uleb128 0x2
 480 008e 18       		.uleb128 0x18
 481 008f 00       		.byte	0
 482 0090 00       		.byte	0
 483 0091 0B       		.uleb128 0xb
 484 0092 34       		.uleb128 0x34
 485 0093 00       		.byte	0
 486 0094 03       		.uleb128 0x3
 487 0095 0E       		.uleb128 0xe
 488 0096 3A       		.uleb128 0x3a
 489 0097 0B       		.uleb128 0xb
 490 0098 3B       		.uleb128 0x3b
 491 0099 0B       		.uleb128 0xb
 492 009a 49       		.uleb128 0x49
 493 009b 13       		.uleb128 0x13
 494 009c 3F       		.uleb128 0x3f
 495 009d 19       		.uleb128 0x19
 496 009e 3C       		.uleb128 0x3c
 497 009f 19       		.uleb128 0x19
 498 00a0 00       		.byte	0
 499 00a1 00       		.byte	0
 500 00a2 0C       		.uleb128 0xc
 501 00a3 0F       		.uleb128 0xf
 502 00a4 00       		.byte	0
 503 00a5 0B       		.uleb128 0xb
 504 00a6 0B       		.uleb128 0xb
 505 00a7 49       		.uleb128 0x49
 506 00a8 13       		.uleb128 0x13
 507 00a9 00       		.byte	0
 508 00aa 00       		.byte	0
 509 00ab 0D       		.uleb128 0xd
 510 00ac 26       		.uleb128 0x26
 511 00ad 00       		.byte	0
 512 00ae 49       		.uleb128 0x49
 513 00af 13       		.uleb128 0x13
 514 00b0 00       		.byte	0
 515 00b1 00       		.byte	0
 516 00b2 0E       		.uleb128 0xe
 517 00b3 01       		.uleb128 0x1
 518 00b4 01       		.byte	0x1
 519 00b5 49       		.uleb128 0x49
 520 00b6 13       		.uleb128 0x13
 521 00b7 01       		.uleb128 0x1
 522 00b8 13       		.uleb128 0x13
 523 00b9 00       		.byte	0
 524 00ba 00       		.byte	0
 525 00bb 0F       		.uleb128 0xf
 526 00bc 21       		.uleb128 0x21
ARM GAS  C:\Users\JohnP\AppData\Local\Temp\ccUZRNB8.s 			page 12


 527 00bd 00       		.byte	0
 528 00be 49       		.uleb128 0x49
 529 00bf 13       		.uleb128 0x13
 530 00c0 2F       		.uleb128 0x2f
 531 00c1 0B       		.uleb128 0xb
 532 00c2 00       		.byte	0
 533 00c3 00       		.byte	0
 534 00c4 00       		.byte	0
 535              		.section	.debug_aranges,"",%progbits
 536 0000 1C000000 		.4byte	0x1c
 537 0004 0200     		.2byte	0x2
 538 0006 00000000 		.4byte	.Ldebug_info0
 539 000a 04       		.byte	0x4
 540 000b 00       		.byte	0
 541 000c 0000     		.2byte	0
 542 000e 0000     		.2byte	0
 543 0010 00000000 		.4byte	.LFB0
 544 0014 8C000000 		.4byte	.LFE0-.LFB0
 545 0018 00000000 		.4byte	0
 546 001c 00000000 		.4byte	0
 547              		.section	.debug_ranges,"",%progbits
 548              	.Ldebug_ranges0:
 549 0000 00000000 		.4byte	.LFB0
 550 0004 8C000000 		.4byte	.LFE0
 551 0008 00000000 		.4byte	0
 552 000c 00000000 		.4byte	0
 553              		.section	.debug_line,"",%progbits
 554              	.Ldebug_line0:
 555 0000 99000000 		.section	.debug_str,"MS",%progbits,1
 555      02006800 
 555      00000201 
 555      FB0E0D00 
 555      01010101 
 556              	.LASF29:
 557 0000 55534246 		.ascii	"USBFS_1_EP\000"
 557      535F315F 
 557      455000
 558              	.LASF33:
 559 000b 55534246 		.ascii	"USBFS_1_DispatchClassRqst\000"
 559      535F315F 
 559      44697370 
 559      61746368 
 559      436C6173 
 560              	.LASF3:
 561 0025 73686F72 		.ascii	"short unsigned int\000"
 561      7420756E 
 561      7369676E 
 561      65642069 
 561      6E7400
 562              	.LASF32:
 563 0038 433A5C55 		.ascii	"C:\\Users\\JohnP\\OneDrive\\College\\2015-2016 Seni"
 563      73657273 
 563      5C4A6F68 
 563      6E505C4F 
 563      6E654472 
 564 0066 6F722059 		.ascii	"or Year\\0 Fall Quarter\\CE4920 011\\Lab\\project\\"
 564      6561725C 
ARM GAS  C:\Users\JohnP\AppData\Local\Temp\ccUZRNB8.s 			page 13


 564      30204661 
 564      6C6C2051 
 564      75617274 
 565 0094 43453439 		.ascii	"CE4920Project1\\USBFS_HID01.cydsn\000"
 565      32305072 
 565      6F6A6563 
 565      74315C55 
 565      53424653 
 566              	.LASF26:
 567 00b5 72657175 		.ascii	"requestHandled\000"
 567      65737448 
 567      616E646C 
 567      656400
 568              	.LASF11:
 569 00c4 666C6F61 		.ascii	"float\000"
 569      7400
 570              	.LASF19:
 571 00ca 6570546F 		.ascii	"epToggle\000"
 571      67676C65 
 571      00
 572              	.LASF1:
 573 00d3 756E7369 		.ascii	"unsigned char\000"
 573      676E6564 
 573      20636861 
 573      7200
 574              	.LASF14:
 575 00e1 72656738 		.ascii	"reg8\000"
 575      00
 576              	.LASF5:
 577 00e6 6C6F6E67 		.ascii	"long unsigned int\000"
 577      20756E73 
 577      69676E65 
 577      6420696E 
 577      7400
 578              	.LASF20:
 579 00f8 61646472 		.ascii	"addr\000"
 579      00
 580              	.LASF27:
 581 00fd 696E7465 		.ascii	"interfaceNumber\000"
 581      72666163 
 581      654E756D 
 581      62657200 
 582              	.LASF25:
 583 010d 545F5553 		.ascii	"T_USBFS_1_EP_CTL_BLOCK\000"
 583      4246535F 
 583      315F4550 
 583      5F43544C 
 583      5F424C4F 
 584              	.LASF12:
 585 0124 646F7562 		.ascii	"double\000"
 585      6C6500
 586              	.LASF16:
 587 012b 61747472 		.ascii	"attrib\000"
 587      696200
 588              	.LASF22:
 589 0132 62756666 		.ascii	"buffOffset\000"
 589      4F666673 
ARM GAS  C:\Users\JohnP\AppData\Local\Temp\ccUZRNB8.s 			page 14


 589      657400
 590              	.LASF10:
 591 013d 75696E74 		.ascii	"uint16\000"
 591      313600
 592              	.LASF17:
 593 0144 61706945 		.ascii	"apiEpState\000"
 593      70537461 
 593      746500
 594              	.LASF8:
 595 014f 756E7369 		.ascii	"unsigned int\000"
 595      676E6564 
 595      20696E74 
 595      00
 596              	.LASF7:
 597 015c 6C6F6E67 		.ascii	"long long unsigned int\000"
 597      206C6F6E 
 597      6720756E 
 597      7369676E 
 597      65642069 
 598              	.LASF18:
 599 0173 68774570 		.ascii	"hwEpState\000"
 599      53746174 
 599      6500
 600              	.LASF30:
 601 017d 474E5520 		.ascii	"GNU C 4.8.4 20140526 (release) [ARM/embedded-4_8-br"
 601      4320342E 
 601      382E3420 
 601      32303134 
 601      30353236 
 602 01b0 616E6368 		.ascii	"anch revision 211358] -mcpu=cortex-m3 -mthumb -g -O"
 602      20726576 
 602      6973696F 
 602      6E203231 
 602      31333538 
 603 01e3 30202D66 		.ascii	"0 -ffunction-sections\000"
 603      66756E63 
 603      74696F6E 
 603      2D736563 
 603      74696F6E 
 604              	.LASF15:
 605 01f9 73697A65 		.ascii	"sizetype\000"
 605      74797065 
 605      00
 606              	.LASF21:
 607 0202 65704D6F 		.ascii	"epMode\000"
 607      646500
 608              	.LASF6:
 609 0209 6C6F6E67 		.ascii	"long long int\000"
 609      206C6F6E 
 609      6720696E 
 609      7400
 610              	.LASF28:
 611 0217 55534246 		.ascii	"USBFS_1_interfaceClass\000"
 611      535F315F 
 611      696E7465 
 611      72666163 
 611      65436C61 
ARM GAS  C:\Users\JohnP\AppData\Local\Temp\ccUZRNB8.s 			page 15


 612              	.LASF13:
 613 022e 63686172 		.ascii	"char\000"
 613      00
 614              	.LASF23:
 615 0233 62756666 		.ascii	"bufferSize\000"
 615      65725369 
 615      7A6500
 616              	.LASF31:
 617 023e 2E5C4765 		.ascii	".\\Generated_Source\\PSoC5\\USBFS_1_cls.c\000"
 617      6E657261 
 617      7465645F 
 617      536F7572 
 617      63655C50 
 618              	.LASF2:
 619 0265 73686F72 		.ascii	"short int\000"
 619      7420696E 
 619      7400
 620              	.LASF9:
 621 026f 75696E74 		.ascii	"uint8\000"
 621      3800
 622              	.LASF24:
 623 0275 696E7465 		.ascii	"interface\000"
 623      72666163 
 623      6500
 624              	.LASF4:
 625 027f 6C6F6E67 		.ascii	"long int\000"
 625      20696E74 
 625      00
 626              	.LASF0:
 627 0288 7369676E 		.ascii	"signed char\000"
 627      65642063 
 627      68617200 
 628              		.ident	"GCC: (GNU Tools for ARM Embedded Processors) 4.8.4 20140526 (release) [ARM/embedded-4_8-br
