Loading plugins phase: Elapsed time ==> 0s.551ms
Initializing data phase: Elapsed time ==> 0s.000ms
<CYPRESSTAG name="CyDsfit arguments...">
cydsfit arguments: -.fdsnotice -.fdswarpdepfile=warp_dependencies.txt -.fdselabdepfile=elab_dependencies.txt -.fdsbldfile=generated_files.txt -p C:\Users\JohnP\OneDrive\College\2015-2016 Senior Year\0 Fall Quarter\CE4920 011\Lab\project\CE4920Project1\USBFS_HID01.cydsn\USBFS_HID01.cyprj -d CY8C5868AXI-LP035 -s C:\Users\JohnP\OneDrive\College\2015-2016 Senior Year\0 Fall Quarter\CE4920 011\Lab\project\CE4920Project1\USBFS_HID01.cydsn\Generated_Source\PSoC5 -- -yv2 -q10 -ygs -o2 -v3 -.fftcfgtype=LE</CYPRESSTAG>
<CYPRESSTAG name="Design elaboration results...">
</CYPRESSTAG>
Elaboration phase: Elapsed time ==> 2s.819ms
<CYPRESSTAG name="HDL generation results...">
</CYPRESSTAG>
HDL generation phase: Elapsed time ==> 0s.119ms
<CYPRESSTAG name="Synthesis results...">

     | | | | | | |
   _________________
  -|               |-
  -|               |-
  -|               |-
  -|    CYPRESS    |-
  -|               |-
  -|               |-   Warp Verilog Synthesis Compiler: Version 6.3 IR 41
  -|               |-   Copyright (C) 1991-2001 Cypress Semiconductor
   |_______________|
     | | | | | | |

======================================================================
Compiling:  USBFS_HID01.v
Program  :   C:\Program Files (x86)\Cypress\PSoC Creator\3.2\PSoC Creator\warp\bin/warp.exe
Options  :    -yv2 -q10 -ygs -o2 -v3 -.fftcfgtype=LE -ya -.fftprj=C:\Users\JohnP\OneDrive\College\2015-2016 Senior Year\0 Fall Quarter\CE4920 011\Lab\project\CE4920Project1\USBFS_HID01.cydsn\USBFS_HID01.cyprj -dcpsoc3 USBFS_HID01.v -verilog
======================================================================

======================================================================
Compiling:  USBFS_HID01.v
Program  :   C:\Program Files (x86)\Cypress\PSoC Creator\3.2\PSoC Creator\warp\bin/warp.exe
Options  :    -yv2 -q10 -ygs -o2 -v3 -.fftcfgtype=LE -ya -.fftprj=C:\Users\JohnP\OneDrive\College\2015-2016 Senior Year\0 Fall Quarter\CE4920 011\Lab\project\CE4920Project1\USBFS_HID01.cydsn\USBFS_HID01.cyprj -dcpsoc3 USBFS_HID01.v -verilog
======================================================================

======================================================================
Compiling:  USBFS_HID01.v
Program  :   vlogfe
Options  :    -yv2 -q10 -ygs -o2 -v3 -.fftcfgtype=LE -ya -.fftprj=C:\Users\JohnP\OneDrive\College\2015-2016 Senior Year\0 Fall Quarter\CE4920 011\Lab\project\CE4920Project1\USBFS_HID01.cydsn\USBFS_HID01.cyprj -dcpsoc3 -verilog USBFS_HID01.v
======================================================================

vlogfe V6.3 IR 41:  Verilog parser
Wed Oct 07 01:36:26 2015


======================================================================
Compiling:  USBFS_HID01.v
Program  :   vpp
Options  :    -yv2 -q10 USBFS_HID01.v
======================================================================

vpp V6.3 IR 41:  Verilog Pre-Processor
Wed Oct 07 01:36:26 2015

Flattening file 'C:\Program Files (x86)\Cypress\PSoC Creator\3.2\PSoC Creator\warp\..\psoc\content\cyprimitives\CyPrimitives.cylib\cy_virtualmux_v1_0\cy_virtualmux_v1_0.v'
Flattening file 'C:\Program Files (x86)\Cypress\PSoC Creator\3.2\PSoC Creator\warp\..\psoc\content\cyprimitives\CyPrimitives.cylib\ZeroTerminal\ZeroTerminal.v'

vpp:  No errors.

Library 'work' => directory 'lcpsoc3'
General_symbol_table
General_symbol_table
Linking 'C:\Program Files (x86)\Cypress\PSoC Creator\3.2\PSoC Creator\warp\lib\common\std.vhd'.
Linking 'C:\Program Files (x86)\Cypress\PSoC Creator\3.2\PSoC Creator\warp\lib\common\cypress.vhd'.
Linking 'C:\Program Files (x86)\Cypress\PSoC Creator\3.2\PSoC Creator\warp\lib\common\work\cypress.vif'.
Linking 'C:\Program Files (x86)\Cypress\PSoC Creator\3.2\PSoC Creator\warp\lib\ieee\work\stdlogic.vif'.
Linking 'C:\Program Files (x86)\Cypress\PSoC Creator\3.2\PSoC Creator\warp\lib\common\stdlogic\lpmpkg.vif'.
Linking 'C:\Program Files (x86)\Cypress\PSoC Creator\3.2\PSoC Creator\warp\lib\common\stdlogic\rtlpkg.vif'.
Linking 'C:\Program Files (x86)\Cypress\PSoC Creator\3.2\PSoC Creator\warp\lib\common\stdlogic\mod_cnst.vif'.
Linking 'C:\Program Files (x86)\Cypress\PSoC Creator\3.2\PSoC Creator\warp\lib\common\stdlogic\mod_mthv.vif'.
Linking 'C:\Program Files (x86)\Cypress\PSoC Creator\3.2\PSoC Creator\warp\lib\common\stdlogic\mod_genv.vif'.
Using control file 'USBFS_HID01.ctl'.

vlogfe:  No errors.


======================================================================
Compiling:  USBFS_HID01.v
Program  :   tovif
Options  :    -yv2 -q10 -ygs -o2 -v3 -.fftcfgtype=LE -ya -.fftprj=C:\Users\JohnP\OneDrive\College\2015-2016 Senior Year\0 Fall Quarter\CE4920 011\Lab\project\CE4920Project1\USBFS_HID01.cydsn\USBFS_HID01.cyprj -dcpsoc3 -verilog USBFS_HID01.v
======================================================================

tovif V6.3 IR 41:  High-level synthesis
Wed Oct 07 01:36:27 2015

Linking 'C:\Program Files (x86)\Cypress\PSoC Creator\3.2\PSoC Creator\warp\lib\common\std.vhd'.
Linking 'C:\Program Files (x86)\Cypress\PSoC Creator\3.2\PSoC Creator\warp\lib\common\cypress.vhd'.
Linking 'C:\Program Files (x86)\Cypress\PSoC Creator\3.2\PSoC Creator\warp\lib\common\work\cypress.vif'.
Linking 'C:\Program Files (x86)\Cypress\PSoC Creator\3.2\PSoC Creator\warp\lib\ieee\work\stdlogic.vif'.
Linking 'C:\Program Files (x86)\Cypress\PSoC Creator\3.2\PSoC Creator\warp\lib\common\stdlogic\lpmpkg.vif'.
Linking 'C:\Program Files (x86)\Cypress\PSoC Creator\3.2\PSoC Creator\warp\lib\common\stdlogic\rtlpkg.vif'.
Linking 'C:\Program Files (x86)\Cypress\PSoC Creator\3.2\PSoC Creator\warp\lib\common\stdlogic\mod_cnst.vif'.
Linking 'C:\Program Files (x86)\Cypress\PSoC Creator\3.2\PSoC Creator\warp\lib\common\stdlogic\mod_mthv.vif'.
Linking 'C:\Program Files (x86)\Cypress\PSoC Creator\3.2\PSoC Creator\warp\lib\common\stdlogic\mod_genv.vif'.
Linking 'C:\Users\JohnP\OneDrive\College\2015-2016 Senior Year\0 Fall Quarter\CE4920 011\Lab\project\CE4920Project1\USBFS_HID01.cydsn\codegentemp\USBFS_HID01.ctl'.
Linking 'C:\Program Files (x86)\Cypress\PSoC Creator\3.2\PSoC Creator\psoc\content\cyprimitives\CyPrimitives.cylib\cy_virtualmux_v1_0\cy_virtualmux_v1_0.v'.
Linking 'C:\Users\JohnP\OneDrive\College\2015-2016 Senior Year\0 Fall Quarter\CE4920 011\Lab\project\CE4920Project1\USBFS_HID01.cydsn\codegentemp\USBFS_HID01.v'.
Linking 'C:\Program Files (x86)\Cypress\PSoC Creator\3.2\PSoC Creator\psoc\content\cyprimitives\CyPrimitives.cylib\ZeroTerminal\ZeroTerminal.v'.

tovif:  No errors.


======================================================================
Compiling:  USBFS_HID01.v
Program  :   topld
Options  :    -yv2 -q10 -ygs -o2 -v3 -.fftcfgtype=LE -ya -.fftprj=C:\Users\JohnP\OneDrive\College\2015-2016 Senior Year\0 Fall Quarter\CE4920 011\Lab\project\CE4920Project1\USBFS_HID01.cydsn\USBFS_HID01.cyprj -dcpsoc3 -verilog USBFS_HID01.v
======================================================================

topld V6.3 IR 41:  Synthesis and optimization
Wed Oct 07 01:36:27 2015

Linking 'C:\Program Files (x86)\Cypress\PSoC Creator\3.2\PSoC Creator\warp\lib\common\std.vhd'.
Linking 'C:\Program Files (x86)\Cypress\PSoC Creator\3.2\PSoC Creator\warp\lib\common\cypress.vhd'.
Linking 'C:\Program Files (x86)\Cypress\PSoC Creator\3.2\PSoC Creator\warp\lib\common\work\cypress.vif'.
Linking 'C:\Program Files (x86)\Cypress\PSoC Creator\3.2\PSoC Creator\warp\lib\ieee\work\stdlogic.vif'.
Linking 'C:\Program Files (x86)\Cypress\PSoC Creator\3.2\PSoC Creator\warp\lib\common\stdlogic\lpmpkg.vif'.
Linking 'C:\Program Files (x86)\Cypress\PSoC Creator\3.2\PSoC Creator\warp\lib\common\stdlogic\rtlpkg.vif'.
Linking 'C:\Program Files (x86)\Cypress\PSoC Creator\3.2\PSoC Creator\warp\lib\common\stdlogic\mod_cnst.vif'.
Linking 'C:\Program Files (x86)\Cypress\PSoC Creator\3.2\PSoC Creator\warp\lib\common\stdlogic\mod_mthv.vif'.
Linking 'C:\Program Files (x86)\Cypress\PSoC Creator\3.2\PSoC Creator\warp\lib\common\stdlogic\mod_genv.vif'.
Linking 'C:\Users\JohnP\OneDrive\College\2015-2016 Senior Year\0 Fall Quarter\CE4920 011\Lab\project\CE4920Project1\USBFS_HID01.cydsn\codegentemp\USBFS_HID01.ctl'.
Linking 'C:\Program Files (x86)\Cypress\PSoC Creator\3.2\PSoC Creator\psoc\content\cyprimitives\CyPrimitives.cylib\cy_virtualmux_v1_0\cy_virtualmux_v1_0.v'.
Linking 'C:\Users\JohnP\OneDrive\College\2015-2016 Senior Year\0 Fall Quarter\CE4920 011\Lab\project\CE4920Project1\USBFS_HID01.cydsn\codegentemp\USBFS_HID01.v'.
Linking 'C:\Program Files (x86)\Cypress\PSoC Creator\3.2\PSoC Creator\psoc\content\cyprimitives\CyPrimitives.cylib\ZeroTerminal\ZeroTerminal.v'.
Linking 'C:\Program Files (x86)\Cypress\PSoC Creator\3.2\PSoC Creator\warp\lib\lcpsoc3\stdlogic\cpsoc3.vif'.

----------------------------------------------------------
Detecting unused logic.
----------------------------------------------------------
    User names
	\USBFS_1:dma_nrq_0\
	\USBFS_1:Net_1800\
	\USBFS_1:dma_nrq_3\
	\USBFS_1:Net_1803\
	\USBFS_1:Net_1801\
	\USBFS_1:dma_nrq_1\
	\USBFS_1:dma_nrq_4\
	\USBFS_1:Net_1804\
	\USBFS_1:dma_nrq_5\
	\USBFS_1:Net_1805\
	\USBFS_1:dma_nrq_6\
	\USBFS_1:Net_1806\
	\USBFS_1:dma_nrq_7\
	\USBFS_1:Net_1807\
	\USBFS_1:dma_nrq_2\
	\USBFS_1:Net_1802\


Deleted 16 User equations/components.
Deleted 0 Synthesized equations/components.

------------------------------------------------------
Alias Detection
------------------------------------------------------
Aliasing one to \USBFS_1:tmpOE__Dm_net_0\
Aliasing \USBFS_1:tmpOE__Dp_net_0\ to \USBFS_1:tmpOE__Dm_net_0\
Removing Rhs of wire one[35] = \USBFS_1:tmpOE__Dm_net_0\[29]
Removing Lhs of wire \USBFS_1:tmpOE__Dp_net_0\[38] = one[35]

------------------------------------------------------
Aliased 0 equations, 2 wires.
------------------------------------------------------

----------------------------------------------------------
Circuit simplification
----------------------------------------------------------

Substituting virtuals - pass 1:


----------------------------------------------------------
Circuit simplification results:

	Expanded 0 signals.
	Turned 0 signals into soft nodes.
	Maximum default expansion cost was set at 3.
----------------------------------------------------------

topld:  No errors.

CYPRESS_DIR    : C:\Program Files (x86)\Cypress\PSoC Creator\3.2\PSoC Creator\warp
Warp Program   : C:\Program Files (x86)\Cypress\PSoC Creator\3.2\PSoC Creator\warp\bin/warp.exe
Warp Arguments : -yv2 -q10 -ygs -o2 -v3 -.fftcfgtype=LE -ya "-.fftprj=C:\Users\JohnP\OneDrive\College\2015-2016 Senior Year\0 Fall Quarter\CE4920 011\Lab\project\CE4920Project1\USBFS_HID01.cydsn\USBFS_HID01.cyprj" -dcpsoc3 USBFS_HID01.v -verilog
</CYPRESSTAG>
Warp synthesis phase: Elapsed time ==> 0s.294ms
<CYPRESSTAG name="Fitter results...">
<CYPRESSTAG name="Fitter startup details...">
cyp3fit: V3.2.0.6175, Family: PSoC3, Started at: Wednesday, 07 October 2015 01:36:27
Options: -yv2 -q10 -ygs -o2 -v3 -.fftcfgtype=LE -ya -.fftprj=C:\Users\JohnP\OneDrive\College\2015-2016 Senior Year\0 Fall Quarter\CE4920 011\Lab\project\CE4920Project1\USBFS_HID01.cydsn\USBFS_HID01.cyprj -d CY8C5868AXI-LP035 USBFS_HID01.v -verilog
</CYPRESSTAG>
<CYPRESSTAG name="Design parsing">
Design parsing phase: Elapsed time ==> 0s.096ms
</CYPRESSTAG>
<CYPRESSTAG name="Tech mapping">
<CYPRESSTAG name="Initial Mapping" icon="FILE_RPT_TECHM">
Assigning clock USBFS_1_Clock_vbus to clock BUS_CLK because it is a pass-through
<CYPRESSTAG name="Global Clock Selection" icon="FILE_RPT_TECHM">
</CYPRESSTAG>
<CYPRESSTAG name="UDB Clock/Enable Remapping Results">
</CYPRESSTAG>
ADD: pft.M0040: information: The following 2 pin(s) will be assigned a location by the fitter: \USBFS_1:Dm(0)\, \USBFS_1:Dp(0)\

<CYPRESSTAG name="Duplicate Macrocell detection">
</CYPRESSTAG>
</CYPRESSTAG>
<CYPRESSTAG name="Duplicate Macrocell detection">
</CYPRESSTAG>
<CYPRESSTAG name="Design Equations" icon="FILE_RPT_EQUATION">

------------------------------------------------------------
Design Equations
------------------------------------------------------------
    <CYPRESSTAG name="Pin listing">

    ------------------------------------------------------------
    Pin listing
    ------------------------------------------------------------

    Pin : Name = \USBFS_1:Dm(0)\
        Attributes:
            In Group/Port: True
            In Sync Option: AUTO
            Out Sync Option: AUTO
            Interrupt generated: False
            Interrupt mode: NONE
            Drive mode: HI_Z_ANALOG
            VTrip: EITHER
            Slew: FAST
            Input Sync needed: False
            Output Sync needed: False
            SC shield enabled: False
            POR State: ANY
            LCD Mode: COMMON
            Register Mode: RegComb
            CaSense Mode: NEITHER
            Treat as pin: True
            Is OE Registered: False
            Uses Analog: True
            Can contain Digital: False
            Is SIO: False
            SIO Output Buf: NONREGULATED
            SIO Input Buf: SINGLE_ENDED
            SIO HiFreq: LOW
            SIO Hyst: DISABLED
            SIO Vtrip: MULTIPLIER_0_5
            SIO RefSel: VCC_IO
            Required Capabilitites: USB_D_MINUS
            Initial Value: 0
            IO Voltage: 0
        PORT MAP (
            pa_out => \USBFS_1:Dm(0)\__PA ,
            analog_term => \USBFS_1:Net_597\ ,
            pad => \USBFS_1:Dm(0)_PAD\ );

    Pin : Name = \USBFS_1:Dp(0)\
        Attributes:
            In Group/Port: True
            In Sync Option: SYNC
            Out Sync Option: AUTO
            Interrupt generated: True
            Interrupt mode: FALLING
            Drive mode: HI_Z_ANALOG
            VTrip: CMOS
            Slew: FAST
            Input Sync needed: True
            Output Sync needed: False
            SC shield enabled: False
            POR State: ANY
            LCD Mode: COMMON
            Register Mode: RegComb
            CaSense Mode: NEITHER
            Treat as pin: False
            Is OE Registered: False
            Uses Analog: True
            Can contain Digital: True
            Is SIO: False
            SIO Output Buf: NONREGULATED
            SIO Input Buf: SINGLE_ENDED
            SIO HiFreq: LOW
            SIO Hyst: DISABLED
            SIO Vtrip: MULTIPLIER_0_5
            SIO RefSel: VCC_IO
            Required Capabilitites: USB_D_PLUS
            Initial Value: 0
            IO Voltage: 0
        PORT MAP (
            pa_out => \USBFS_1:Dp(0)\__PA ,
            analog_term => \USBFS_1:Net_1000\ ,
            pad => \USBFS_1:Dp(0)_PAD\ );
    </CYPRESSTAG>
    <CYPRESSTAG name="Macrocell listing" icon="FILE_RPT_EQUATION">
    </CYPRESSTAG>
    <CYPRESSTAG name="Datapath listing">
    </CYPRESSTAG>
    <CYPRESSTAG name="Status register listing">
    </CYPRESSTAG>
    <CYPRESSTAG name="StatusI register listing">
    </CYPRESSTAG>
    <CYPRESSTAG name="Sync listing">
    </CYPRESSTAG>
    <CYPRESSTAG name="Control register listing">
    </CYPRESSTAG>
    <CYPRESSTAG name="Count7 listing">
    </CYPRESSTAG>
    <CYPRESSTAG name="DRQ listing">
    </CYPRESSTAG>
    <CYPRESSTAG name="Interrupt listing">

    ------------------------------------------------------------
    Interrupt listing
    ------------------------------------------------------------

    interrupt: Name =\USBFS_1:arb_int\
        PORT MAP (
            interrupt => \USBFS_1:Net_79\ );
        Properties:
        {
            int_type = "10"
        }

    interrupt: Name =\USBFS_1:bus_reset\
        PORT MAP (
            interrupt => \USBFS_1:Net_81\ );
        Properties:
        {
            int_type = "10"
        }

    interrupt: Name =\USBFS_1:dp_int\
        PORT MAP (
            interrupt => \USBFS_1:Net_1010\ );
        Properties:
        {
            int_type = "10"
        }

    interrupt: Name =\USBFS_1:ep_0\
        PORT MAP (
            interrupt => \USBFS_1:ept_int_0\ );
        Properties:
        {
            int_type = "10"
        }

    interrupt: Name =\USBFS_1:ep_1\
        PORT MAP (
            interrupt => \USBFS_1:ept_int_1\ );
        Properties:
        {
            int_type = "10"
        }

    interrupt: Name =\USBFS_1:ord_int\
        PORT MAP (
            interrupt => \USBFS_1:Net_95\ );
        Properties:
        {
            int_type = "10"
        }

    interrupt: Name =\USBFS_1:sof_int\
        PORT MAP (
            interrupt => Net_1 );
        Properties:
        {
            int_type = "10"
        }
    </CYPRESSTAG>
</CYPRESSTAG>
<CYPRESSTAG name="Technology mapping summary" expanded>

------------------------------------------------------------
Technology mapping summary
------------------------------------------------------------

Resource Type                 : Used : Free :  Max :  % Used
============================================================
Digital clock dividers        :    0 :    8 :    8 :   0.00%
Analog clock dividers         :    0 :    4 :    4 :   0.00%
Pins                          :    6 :   66 :   72 :   8.33%
UDB Macrocells                :    0 :  192 :  192 :   0.00%
UDB Unique Pterms             :    0 :  384 :  384 :   0.00%
UDB Datapath Cells            :    0 :   24 :   24 :   0.00%
UDB Status Cells              :    0 :   24 :   24 :   0.00%
UDB Control Cells             :    0 :   24 :   24 :   0.00%
DMA Channels                  :    0 :   24 :   24 :   0.00%
Interrupts                    :    7 :   25 :   32 :  21.88%
DSM Fixed Blocks              :    0 :    1 :    1 :   0.00%
VIDAC Fixed Blocks            :    0 :    4 :    4 :   0.00%
SC Fixed Blocks               :    0 :    4 :    4 :   0.00%
Comparator Fixed Blocks       :    0 :    4 :    4 :   0.00%
Opamp Fixed Blocks            :    0 :    4 :    4 :   0.00%
CapSense Buffers              :    0 :    2 :    2 :   0.00%
CAN Fixed Blocks              :    0 :    1 :    1 :   0.00%
Decimator Fixed Blocks        :    0 :    1 :    1 :   0.00%
I2C Fixed Blocks              :    0 :    1 :    1 :   0.00%
Timer Fixed Blocks            :    0 :    4 :    4 :   0.00%
DFB Fixed Blocks              :    0 :    1 :    1 :   0.00%
USB Fixed Blocks              :    1 :    0 :    1 : 100.00%
LCD Fixed Blocks              :    0 :    1 :    1 :   0.00%
EMIF Fixed Blocks             :    0 :    1 :    1 :   0.00%
LPF Fixed Blocks              :    0 :    2 :    2 :   0.00%
SAR Fixed Blocks              :    0 :    2 :    2 :   0.00%
</CYPRESSTAG>
Technology Mapping: Elapsed time ==> 0s.393ms
Tech mapping phase: Elapsed time ==> 0s.653ms
</CYPRESSTAG>
<CYPRESSTAG name="Analog Placement">
Initial Analog Placement Results:
IO_7@[IOP=(15)][IoId=(7)] : \USBFS_1:Dm(0)\
IO_6@[IOP=(15)][IoId=(6)] : \USBFS_1:Dp(0)\
USB[0]@[FFB(USB,0)] : \USBFS_1:USB\
Analog Placement phase: Elapsed time ==> 0s.200ms
</CYPRESSTAG>
<CYPRESSTAG name="Analog Routing">
Analog Routing phase: Elapsed time ==> 0s.024ms
</CYPRESSTAG>
<CYPRESSTAG name="Analog Code Generation">
============ Analog Final Answer Routes ============
Dump of CyAnalogRoutingResultsDB
Map of net to items {
}
Map of item to net {
}
Mux Info {
}
Dump of CyP35AnalogRoutingResultsDB
IsVddaHalfUsedForComp = False
IsVddaHalfUsedForSar0 = False
IsVddaHalfUsedForSar1 = False
Analog Code Generation phase: Elapsed time ==> 0s.456ms
</CYPRESSTAG>
<CYPRESSTAG name="Digital Placement">
<CYPRESSTAG name="Detailed placement messages">
I2659: No Constrained paths were found. The placer will run in non-timing driven mode.
I2076: Total run-time: 0.5 sec.

</CYPRESSTAG>
<CYPRESSTAG name="PLD Packing">
<CYPRESSTAG name="PLD Packing Summary">
No PLDs were packed.
</CYPRESSTAG>
PLD Packing: Elapsed time ==> 0s.020ms
</CYPRESSTAG>
<CYPRESSTAG name="Partitioning">
<CYPRESSTAG name="Initial Partitioning Summary">
Initial Partitioning Summary not displayed at this verbose level.</CYPRESSTAG>
<CYPRESSTAG name="Final Partitioning Summary">
Final Partitioning Summary not displayed at this verbose level.</CYPRESSTAG>
Partitioning: Elapsed time ==> 0s.129ms
</CYPRESSTAG>
<CYPRESSTAG name="Simulated Annealing">
Annealing: Elapsed time ==> 0s.043ms
<CYPRESSTAG name="Simulated Annealing Results">
The seed used for moves was 114161200.
Inital cost was 106, final cost is 106 (0.00% improvement).</CYPRESSTAG>
</CYPRESSTAG>
<CYPRESSTAG name="Final Placement Summary">

------------------------------------------------------------
Final Placement Summary
------------------------------------------------------------

       Resource Type :      Count : Avg Inputs : Avg Outputs
    ========================================================
                 UDB :          0 :       0.00 :       0.00
<CYPRESSTAG name="Final Placement Details">
<CYPRESSTAG name="Component Details">

------------------------------------------------------------
Component Placement Details
------------------------------------------------------------
UDB [UDB=(0,0)] is empty.
UDB [UDB=(0,1)] is empty.
UDB [UDB=(0,2)] is empty.
UDB [UDB=(0,3)] is empty.
UDB [UDB=(0,4)] is empty.
UDB [UDB=(0,5)] is empty.
UDB [UDB=(1,0)] is empty.
UDB [UDB=(1,1)] is empty.
UDB [UDB=(1,2)] is empty.
UDB [UDB=(1,3)] is empty.
UDB [UDB=(1,4)] is empty.
UDB [UDB=(1,5)] is empty.
UDB [UDB=(2,0)] is empty.
UDB [UDB=(2,1)] is empty.
UDB [UDB=(2,2)] is empty.
UDB [UDB=(2,3)] is empty.
UDB [UDB=(2,4)] is empty.
UDB [UDB=(2,5)] is empty.
UDB [UDB=(3,0)] is empty.
UDB [UDB=(3,1)] is empty.
UDB [UDB=(3,2)] is empty.
UDB [UDB=(3,3)] is empty.
UDB [UDB=(3,4)] is empty.
UDB [UDB=(3,5)] is empty.
Intr hod @ [IntrHod=(0)]: 
  Intr@ [IntrHod=(0)][IntrId=(0)] 
    interrupt: Name =\USBFS_1:ep_1\
        PORT MAP (
            interrupt => \USBFS_1:ept_int_1\ );
        Properties:
        {
            int_type = "10"
        }
  Intr@ [IntrHod=(0)][IntrId=(12)] 
    interrupt: Name =\USBFS_1:dp_int\
        PORT MAP (
            interrupt => \USBFS_1:Net_1010\ );
        Properties:
        {
            int_type = "10"
        }
  Intr@ [IntrHod=(0)][IntrId=(21)] 
    interrupt: Name =\USBFS_1:sof_int\
        PORT MAP (
            interrupt => Net_1 );
        Properties:
        {
            int_type = "10"
        }
  Intr@ [IntrHod=(0)][IntrId=(22)] 
    interrupt: Name =\USBFS_1:arb_int\
        PORT MAP (
            interrupt => \USBFS_1:Net_79\ );
        Properties:
        {
            int_type = "10"
        }
  Intr@ [IntrHod=(0)][IntrId=(23)] 
    interrupt: Name =\USBFS_1:bus_reset\
        PORT MAP (
            interrupt => \USBFS_1:Net_81\ );
        Properties:
        {
            int_type = "10"
        }
  Intr@ [IntrHod=(0)][IntrId=(24)] 
    interrupt: Name =\USBFS_1:ep_0\
        PORT MAP (
            interrupt => \USBFS_1:ept_int_0\ );
        Properties:
        {
            int_type = "10"
        }
  Intr@ [IntrHod=(0)][IntrId=(25)] 
    interrupt: Name =\USBFS_1:ord_int\
        PORT MAP (
            interrupt => \USBFS_1:Net_95\ );
        Properties:
        {
            int_type = "10"
        }
Drq hod @ [DrqHod=(0)]: empty
Port 0 is empty
Port 1 is empty
Port 2 is empty
Port 3 is empty
Port 4 is empty
Port 5 is empty
Port 6 is empty
Port 12 is empty
Port 15 generates interrupt for logical port:
    logicalport: Name =\USBFS_1:Dp\
        PORT MAP (
            in_clock_en => one ,
            in_reset => zero ,
            out_clock_en => one ,
            out_reset => zero ,
            interrupt => \USBFS_1:Net_1010\ ,
            in_clock => ClockBlock_BUS_CLK );
        Properties:
        {
            drive_mode = "000"
            ibuf_enabled = "0"
            id = "5f1f1109-06ab-4021-913c-e0cb03c7850d/618a72fc-5ddd-4df5-958f-a3d55102db42"
            init_dr_st = "0"
            input_buffer_sel = "00"
            input_clk_en = 0
            input_sync = "1"
            input_sync_mode = "0"
            intr_mode = "10"
            invert_in_clock = 0
            invert_in_clock_en = 0
            invert_in_reset = 0
            invert_out_clock = 0
            invert_out_clock_en = 0
            invert_out_reset = 0
            io_voltage = ""
            layout_mode = "CONTIGUOUS"
            oe_conn = "0"
            oe_reset = 0
            oe_sync = "0"
            output_clk_en = 0
            output_clock_mode = "0"
            output_conn = "0"
            output_mode = "0"
            output_reset = 0
            output_sync = "0"
            ovt_hyst_trim = "0"
            ovt_needed = "0"
            ovt_slew_control = "00"
            pa_in_clock = -1
            pa_in_clock_en = -1
            pa_in_reset = -1
            pa_out_clock = -1
            pa_out_clock_en = -1
            pa_out_reset = -1
            pin_aliases = ""
            pin_mode = "I"
            por_state = 4
            port_alias_group = ""
            port_alias_required = 0
            sio_group_cnt = 0
            sio_hifreq = ""
            sio_hyst = "1"
            sio_ibuf = "00000000"
            sio_info = "00"
            sio_obuf = "00000000"
            sio_refsel = "00000000"
            sio_vtrip = "00000000"
            slew_rate = "0"
            spanning = 0
            sw_only = 0
            use_annotation = "0"
            vtrip = "00"
            width = 1
        }
    and contains the following IO cells:
[IoId=6]: 
Pin : Name = \USBFS_1:Dp(0)\
    Attributes:
        In Group/Port: True
        In Sync Option: SYNC
        Out Sync Option: AUTO
        Interrupt generated: True
        Interrupt mode: FALLING
        Drive mode: HI_Z_ANALOG
        VTrip: CMOS
        Slew: FAST
        Input Sync needed: True
        Output Sync needed: False
        SC shield enabled: False
        POR State: ANY
        LCD Mode: COMMON
        Register Mode: RegComb
        CaSense Mode: NEITHER
        Treat as pin: False
        Is OE Registered: False
        Uses Analog: True
        Can contain Digital: True
        Is SIO: False
        SIO Output Buf: NONREGULATED
        SIO Input Buf: SINGLE_ENDED
        SIO HiFreq: LOW
        SIO Hyst: DISABLED
        SIO Vtrip: MULTIPLIER_0_5
        SIO RefSel: VCC_IO
        Required Capabilitites: USB_D_PLUS
        Initial Value: 0
        IO Voltage: 0
    PORT MAP (
        pa_out => \USBFS_1:Dp(0)\__PA ,
        analog_term => \USBFS_1:Net_1000\ ,
        pad => \USBFS_1:Dp(0)_PAD\ );
    Properties:
    {
    }

[IoId=7]: 
Pin : Name = \USBFS_1:Dm(0)\
    Attributes:
        In Group/Port: True
        In Sync Option: AUTO
        Out Sync Option: AUTO
        Interrupt generated: False
        Interrupt mode: NONE
        Drive mode: HI_Z_ANALOG
        VTrip: EITHER
        Slew: FAST
        Input Sync needed: False
        Output Sync needed: False
        SC shield enabled: False
        POR State: ANY
        LCD Mode: COMMON
        Register Mode: RegComb
        CaSense Mode: NEITHER
        Treat as pin: True
        Is OE Registered: False
        Uses Analog: True
        Can contain Digital: False
        Is SIO: False
        SIO Output Buf: NONREGULATED
        SIO Input Buf: SINGLE_ENDED
        SIO HiFreq: LOW
        SIO Hyst: DISABLED
        SIO Vtrip: MULTIPLIER_0_5
        SIO RefSel: VCC_IO
        Required Capabilitites: USB_D_MINUS
        Initial Value: 0
        IO Voltage: 0
    PORT MAP (
        pa_out => \USBFS_1:Dm(0)\__PA ,
        analog_term => \USBFS_1:Net_597\ ,
        pad => \USBFS_1:Dm(0)_PAD\ );
    Properties:
    {
    }

CAN Fixed Block group 0: empty
Cache group 0: empty
CapSense group 0: empty
Clock group 0: 
    Clock Block @ [FFB(Clock,0)]: 
    clockblockcell: Name =ClockBlock
        PORT MAP (
            imo => ClockBlock_IMO ,
            pllout => ClockBlock_PLL_OUT ,
            ilo => ClockBlock_ILO ,
            clk_100k => ClockBlock_100k ,
            clk_1k => ClockBlock_1k ,
            clk_32k => ClockBlock_32k ,
            xtal => ClockBlock_XTAL ,
            clk_32k_xtal => ClockBlock_XTAL_32KHZ ,
            clk_sync => ClockBlock_MASTER_CLK ,
            clk_bus_glb => ClockBlock_BUS_CLK ,
            clk_bus => ClockBlock_BUS_CLK_local );
        Properties:
        {
        }
Comparator Fixed Block group 0: empty
DFB Fixed Block group 0: empty
DSM Fixed Block group 0: empty
Decimator Fixed Block group 0: empty
EMIF Fixed Block group 0: empty
I2C Fixed Block group 0: empty
LCD Fixed Block group 0: empty
LVD group 0: empty
PM group 0: empty
SC Fixed Block group 0: empty
SPC group 0: empty
Timer Fixed Block group 0: empty
USB Fixed Block group 0: 
    USB Block @ [FFB(USB,0)]: 
    usbcell: Name =\USBFS_1:USB\
        PORT MAP (
            dp => \USBFS_1:Net_1000\ ,
            dm => \USBFS_1:Net_597\ ,
            sof_int => Net_1 ,
            arb_int => \USBFS_1:Net_79\ ,
            usb_int => \USBFS_1:Net_81\ ,
            ept_int_8 => \USBFS_1:ept_int_8\ ,
            ept_int_7 => \USBFS_1:ept_int_7\ ,
            ept_int_6 => \USBFS_1:ept_int_6\ ,
            ept_int_5 => \USBFS_1:ept_int_5\ ,
            ept_int_4 => \USBFS_1:ept_int_4\ ,
            ept_int_3 => \USBFS_1:ept_int_3\ ,
            ept_int_2 => \USBFS_1:ept_int_2\ ,
            ept_int_1 => \USBFS_1:ept_int_1\ ,
            ept_int_0 => \USBFS_1:ept_int_0\ ,
            ord_int => \USBFS_1:Net_95\ ,
            dma_req_7 => \USBFS_1:dma_req_7\ ,
            dma_req_6 => \USBFS_1:dma_req_6\ ,
            dma_req_5 => \USBFS_1:dma_req_5\ ,
            dma_req_4 => \USBFS_1:dma_req_4\ ,
            dma_req_3 => \USBFS_1:dma_req_3\ ,
            dma_req_2 => \USBFS_1:dma_req_2\ ,
            dma_req_1 => \USBFS_1:dma_req_1\ ,
            dma_req_0 => \USBFS_1:dma_req_0\ ,
            dma_termin => \USBFS_1:Net_824\ );
        Properties:
        {
            cy_registers = ""
        }
VIDAC Fixed Block group 0: empty
Opamp Fixed Block group 0: empty
CapSense Buffer group 0: empty
Vref group 0: empty
LPF Fixed Block group 0: empty
SAR Fixed Block group 0: empty
</CYPRESSTAG>
<CYPRESSTAG name="Port Configuration Details">

------------------------------------------------------------
Port Configuration report
------------------------------------------------------------
     |     |       | Interrupt |                  |                 | 
Port | Pin | Fixed |      Type |       Drive Mode |            Name | Connections
-----+-----+-------+-----------+------------------+-----------------+---------------------------
  15 |   6 |       |   FALLING |      HI_Z_ANALOG | \USBFS_1:Dp(0)\ | Analog(\USBFS_1:Net_1000\)
     |   7 |       |      NONE |      HI_Z_ANALOG | \USBFS_1:Dm(0)\ | Analog(\USBFS_1:Net_597\)
------------------------------------------------------------------------------------------------
</CYPRESSTAG>
</CYPRESSTAG>
</CYPRESSTAG>
Digital component placer commit/Report: Elapsed time ==> 0s.023ms
Digital Placement phase: Elapsed time ==> 1s.216ms
</CYPRESSTAG>
<CYPRESSTAG name="Digital Routing">
Routing successful.
Digital Routing phase: Elapsed time ==> 1s.350ms
</CYPRESSTAG>
<CYPRESSTAG name="Bitstream and API generation">
Bitstream and API generation phase: Elapsed time ==> 0s.480ms
</CYPRESSTAG>
<CYPRESSTAG name="Bitstream verification">
Bitstream verification phase: Elapsed time ==> 0s.145ms
</CYPRESSTAG>
<CYPRESSTAG name="Static timing analysis">
Timing report is in USBFS_HID01_timing.html.
Static timing analysis phase: Elapsed time ==> 0s.298ms
</CYPRESSTAG>
<CYPRESSTAG name="Data reporting">
Data reporting phase: Elapsed time ==> 0s.010ms
</CYPRESSTAG>
<CYPRESSTAG name="Database update...">
Design database save phase: Elapsed time ==> 0s.237ms
</CYPRESSTAG>
cydsfit: Elapsed time ==> 5s.228ms
</CYPRESSTAG>
Fitter phase: Elapsed time ==> 5s.304ms
API generation phase: Elapsed time ==> 1s.726ms
Dependency generation phase: Elapsed time ==> 0s.029ms
Cleanup phase: Elapsed time ==> 0s.003ms
