ARM GAS  C:\Users\JohnP\AppData\Local\Temp\ccgyMADh.s 			page 1


   1              		.syntax unified
   2              		.cpu cortex-m3
   3              		.fpu softvfp
   4              		.eabi_attribute 20, 1
   5              		.eabi_attribute 21, 1
   6              		.eabi_attribute 23, 3
   7              		.eabi_attribute 24, 1
   8              		.eabi_attribute 25, 1
   9              		.eabi_attribute 26, 1
  10              		.eabi_attribute 30, 1
  11              		.eabi_attribute 34, 1
  12              		.eabi_attribute 18, 4
  13              		.thumb
  14              		.file	"isr_1.c"
  15              		.text
  16              	.Ltext0:
  17              		.cfi_sections	.debug_frame
  18              		.section	.text.isr_1_Interrupt,"ax",%progbits
  19              		.align	2
  20              		.global	isr_1_Interrupt
  21              		.thumb
  22              		.thumb_func
  23              		.type	isr_1_Interrupt, %function
  24              	isr_1_Interrupt:
  25              	.LFB3:
  26              		.file 1 ".\\Generated_Source\\PSoC5\\isr_1.c"
   1:.\Generated_Source\PSoC5/isr_1.c **** /*******************************************************************************
   2:.\Generated_Source\PSoC5/isr_1.c **** * File Name: isr_1.c  
   3:.\Generated_Source\PSoC5/isr_1.c **** * Version 1.70
   4:.\Generated_Source\PSoC5/isr_1.c **** *
   5:.\Generated_Source\PSoC5/isr_1.c **** *  Description:
   6:.\Generated_Source\PSoC5/isr_1.c **** *   API for controlling the state of an interrupt.
   7:.\Generated_Source\PSoC5/isr_1.c **** *
   8:.\Generated_Source\PSoC5/isr_1.c **** *
   9:.\Generated_Source\PSoC5/isr_1.c **** *  Note:
  10:.\Generated_Source\PSoC5/isr_1.c **** *
  11:.\Generated_Source\PSoC5/isr_1.c **** ********************************************************************************
  12:.\Generated_Source\PSoC5/isr_1.c **** * Copyright 2008-2015, Cypress Semiconductor Corporation.  All rights reserved.
  13:.\Generated_Source\PSoC5/isr_1.c **** * You may use this file only in accordance with the license, terms, conditions, 
  14:.\Generated_Source\PSoC5/isr_1.c **** * disclaimers, and limitations in the end user license agreement accompanying 
  15:.\Generated_Source\PSoC5/isr_1.c **** * the software package with which this file was provided.
  16:.\Generated_Source\PSoC5/isr_1.c **** *******************************************************************************/
  17:.\Generated_Source\PSoC5/isr_1.c **** 
  18:.\Generated_Source\PSoC5/isr_1.c **** 
  19:.\Generated_Source\PSoC5/isr_1.c **** #include <cydevice_trm.h>
  20:.\Generated_Source\PSoC5/isr_1.c **** #include <CyLib.h>
  21:.\Generated_Source\PSoC5/isr_1.c **** #include <isr_1.h>
  22:.\Generated_Source\PSoC5/isr_1.c **** 
  23:.\Generated_Source\PSoC5/isr_1.c **** #if !defined(isr_1__REMOVED) /* Check for removal by optimization */
  24:.\Generated_Source\PSoC5/isr_1.c **** 
  25:.\Generated_Source\PSoC5/isr_1.c **** /*******************************************************************************
  26:.\Generated_Source\PSoC5/isr_1.c **** *  Place your includes, defines and code here 
  27:.\Generated_Source\PSoC5/isr_1.c **** ********************************************************************************/
  28:.\Generated_Source\PSoC5/isr_1.c **** /* `#START isr_1_intc` */
  29:.\Generated_Source\PSoC5/isr_1.c **** 
  30:.\Generated_Source\PSoC5/isr_1.c **** /* `#END` */
  31:.\Generated_Source\PSoC5/isr_1.c **** 
ARM GAS  C:\Users\JohnP\AppData\Local\Temp\ccgyMADh.s 			page 2


  32:.\Generated_Source\PSoC5/isr_1.c **** #ifndef CYINT_IRQ_BASE
  33:.\Generated_Source\PSoC5/isr_1.c **** #define CYINT_IRQ_BASE      16
  34:.\Generated_Source\PSoC5/isr_1.c **** #endif /* CYINT_IRQ_BASE */
  35:.\Generated_Source\PSoC5/isr_1.c **** #ifndef CYINT_VECT_TABLE
  36:.\Generated_Source\PSoC5/isr_1.c **** #define CYINT_VECT_TABLE    ((cyisraddress **) CYREG_NVIC_VECT_OFFSET)
  37:.\Generated_Source\PSoC5/isr_1.c **** #endif /* CYINT_VECT_TABLE */
  38:.\Generated_Source\PSoC5/isr_1.c **** 
  39:.\Generated_Source\PSoC5/isr_1.c **** /* Declared in startup, used to set unused interrupts to. */
  40:.\Generated_Source\PSoC5/isr_1.c **** CY_ISR_PROTO(IntDefaultHandler);
  41:.\Generated_Source\PSoC5/isr_1.c **** 
  42:.\Generated_Source\PSoC5/isr_1.c **** 
  43:.\Generated_Source\PSoC5/isr_1.c **** /*******************************************************************************
  44:.\Generated_Source\PSoC5/isr_1.c **** * Function Name: isr_1_Start
  45:.\Generated_Source\PSoC5/isr_1.c **** ********************************************************************************
  46:.\Generated_Source\PSoC5/isr_1.c **** *
  47:.\Generated_Source\PSoC5/isr_1.c **** * Summary:
  48:.\Generated_Source\PSoC5/isr_1.c **** *  Set up the interrupt and enable it. This function disables the interrupt, 
  49:.\Generated_Source\PSoC5/isr_1.c **** *  sets the default interrupt vector, sets the priority from the value in the
  50:.\Generated_Source\PSoC5/isr_1.c **** *  Design Wide Resources Interrupt Editor, then enables the interrupt to the 
  51:.\Generated_Source\PSoC5/isr_1.c **** *  interrupt controller.
  52:.\Generated_Source\PSoC5/isr_1.c **** *
  53:.\Generated_Source\PSoC5/isr_1.c **** * Parameters:  
  54:.\Generated_Source\PSoC5/isr_1.c **** *   None
  55:.\Generated_Source\PSoC5/isr_1.c **** *
  56:.\Generated_Source\PSoC5/isr_1.c **** * Return:
  57:.\Generated_Source\PSoC5/isr_1.c **** *   None
  58:.\Generated_Source\PSoC5/isr_1.c **** *
  59:.\Generated_Source\PSoC5/isr_1.c **** *******************************************************************************/
  60:.\Generated_Source\PSoC5/isr_1.c **** void isr_1_Start(void)
  61:.\Generated_Source\PSoC5/isr_1.c **** {
  62:.\Generated_Source\PSoC5/isr_1.c ****     /* For all we know the interrupt is active. */
  63:.\Generated_Source\PSoC5/isr_1.c ****     isr_1_Disable();
  64:.\Generated_Source\PSoC5/isr_1.c **** 
  65:.\Generated_Source\PSoC5/isr_1.c ****     /* Set the ISR to point to the isr_1 Interrupt. */
  66:.\Generated_Source\PSoC5/isr_1.c ****     isr_1_SetVector(&isr_1_Interrupt);
  67:.\Generated_Source\PSoC5/isr_1.c **** 
  68:.\Generated_Source\PSoC5/isr_1.c ****     /* Set the priority. */
  69:.\Generated_Source\PSoC5/isr_1.c ****     isr_1_SetPriority((uint8)isr_1_INTC_PRIOR_NUMBER);
  70:.\Generated_Source\PSoC5/isr_1.c **** 
  71:.\Generated_Source\PSoC5/isr_1.c ****     /* Enable it. */
  72:.\Generated_Source\PSoC5/isr_1.c ****     isr_1_Enable();
  73:.\Generated_Source\PSoC5/isr_1.c **** }
  74:.\Generated_Source\PSoC5/isr_1.c **** 
  75:.\Generated_Source\PSoC5/isr_1.c **** 
  76:.\Generated_Source\PSoC5/isr_1.c **** /*******************************************************************************
  77:.\Generated_Source\PSoC5/isr_1.c **** * Function Name: isr_1_StartEx
  78:.\Generated_Source\PSoC5/isr_1.c **** ********************************************************************************
  79:.\Generated_Source\PSoC5/isr_1.c **** *
  80:.\Generated_Source\PSoC5/isr_1.c **** * Summary:
  81:.\Generated_Source\PSoC5/isr_1.c **** *  Sets up the interrupt and enables it. This function disables the interrupt,
  82:.\Generated_Source\PSoC5/isr_1.c **** *  sets the interrupt vector based on the address passed in, sets the priority 
  83:.\Generated_Source\PSoC5/isr_1.c **** *  from the value in the Design Wide Resources Interrupt Editor, then enables 
  84:.\Generated_Source\PSoC5/isr_1.c **** *  the interrupt to the interrupt controller.
  85:.\Generated_Source\PSoC5/isr_1.c **** *  
  86:.\Generated_Source\PSoC5/isr_1.c **** *  When defining ISR functions, the CY_ISR and CY_ISR_PROTO macros should be 
  87:.\Generated_Source\PSoC5/isr_1.c **** *  used to provide consistent definition across compilers:
  88:.\Generated_Source\PSoC5/isr_1.c **** *  
ARM GAS  C:\Users\JohnP\AppData\Local\Temp\ccgyMADh.s 			page 3


  89:.\Generated_Source\PSoC5/isr_1.c **** *  Function definition example:
  90:.\Generated_Source\PSoC5/isr_1.c **** *   CY_ISR(MyISR)
  91:.\Generated_Source\PSoC5/isr_1.c **** *   {
  92:.\Generated_Source\PSoC5/isr_1.c **** *   }
  93:.\Generated_Source\PSoC5/isr_1.c **** *   Function prototype example:
  94:.\Generated_Source\PSoC5/isr_1.c **** *   CY_ISR_PROTO(MyISR);
  95:.\Generated_Source\PSoC5/isr_1.c **** *
  96:.\Generated_Source\PSoC5/isr_1.c **** * Parameters:  
  97:.\Generated_Source\PSoC5/isr_1.c **** *   address: Address of the ISR to set in the interrupt vector table.
  98:.\Generated_Source\PSoC5/isr_1.c **** *
  99:.\Generated_Source\PSoC5/isr_1.c **** * Return:
 100:.\Generated_Source\PSoC5/isr_1.c **** *   None
 101:.\Generated_Source\PSoC5/isr_1.c **** *
 102:.\Generated_Source\PSoC5/isr_1.c **** *******************************************************************************/
 103:.\Generated_Source\PSoC5/isr_1.c **** void isr_1_StartEx(cyisraddress address)
 104:.\Generated_Source\PSoC5/isr_1.c **** {
 105:.\Generated_Source\PSoC5/isr_1.c ****     /* For all we know the interrupt is active. */
 106:.\Generated_Source\PSoC5/isr_1.c ****     isr_1_Disable();
 107:.\Generated_Source\PSoC5/isr_1.c **** 
 108:.\Generated_Source\PSoC5/isr_1.c ****     /* Set the ISR to point to the isr_1 Interrupt. */
 109:.\Generated_Source\PSoC5/isr_1.c ****     isr_1_SetVector(address);
 110:.\Generated_Source\PSoC5/isr_1.c **** 
 111:.\Generated_Source\PSoC5/isr_1.c ****     /* Set the priority. */
 112:.\Generated_Source\PSoC5/isr_1.c ****     isr_1_SetPriority((uint8)isr_1_INTC_PRIOR_NUMBER);
 113:.\Generated_Source\PSoC5/isr_1.c **** 
 114:.\Generated_Source\PSoC5/isr_1.c ****     /* Enable it. */
 115:.\Generated_Source\PSoC5/isr_1.c ****     isr_1_Enable();
 116:.\Generated_Source\PSoC5/isr_1.c **** }
 117:.\Generated_Source\PSoC5/isr_1.c **** 
 118:.\Generated_Source\PSoC5/isr_1.c **** 
 119:.\Generated_Source\PSoC5/isr_1.c **** /*******************************************************************************
 120:.\Generated_Source\PSoC5/isr_1.c **** * Function Name: isr_1_Stop
 121:.\Generated_Source\PSoC5/isr_1.c **** ********************************************************************************
 122:.\Generated_Source\PSoC5/isr_1.c **** *
 123:.\Generated_Source\PSoC5/isr_1.c **** * Summary:
 124:.\Generated_Source\PSoC5/isr_1.c **** *   Disables and removes the interrupt.
 125:.\Generated_Source\PSoC5/isr_1.c **** *
 126:.\Generated_Source\PSoC5/isr_1.c **** * Parameters:  
 127:.\Generated_Source\PSoC5/isr_1.c **** *   None
 128:.\Generated_Source\PSoC5/isr_1.c **** *
 129:.\Generated_Source\PSoC5/isr_1.c **** * Return:
 130:.\Generated_Source\PSoC5/isr_1.c **** *   None
 131:.\Generated_Source\PSoC5/isr_1.c **** *
 132:.\Generated_Source\PSoC5/isr_1.c **** *******************************************************************************/
 133:.\Generated_Source\PSoC5/isr_1.c **** void isr_1_Stop(void)
 134:.\Generated_Source\PSoC5/isr_1.c **** {
 135:.\Generated_Source\PSoC5/isr_1.c ****     /* Disable this interrupt. */
 136:.\Generated_Source\PSoC5/isr_1.c ****     isr_1_Disable();
 137:.\Generated_Source\PSoC5/isr_1.c **** 
 138:.\Generated_Source\PSoC5/isr_1.c ****     /* Set the ISR to point to the passive one. */
 139:.\Generated_Source\PSoC5/isr_1.c ****     isr_1_SetVector(&IntDefaultHandler);
 140:.\Generated_Source\PSoC5/isr_1.c **** }
 141:.\Generated_Source\PSoC5/isr_1.c **** 
 142:.\Generated_Source\PSoC5/isr_1.c **** 
 143:.\Generated_Source\PSoC5/isr_1.c **** /*******************************************************************************
 144:.\Generated_Source\PSoC5/isr_1.c **** * Function Name: isr_1_Interrupt
 145:.\Generated_Source\PSoC5/isr_1.c **** ********************************************************************************
ARM GAS  C:\Users\JohnP\AppData\Local\Temp\ccgyMADh.s 			page 4


 146:.\Generated_Source\PSoC5/isr_1.c **** *
 147:.\Generated_Source\PSoC5/isr_1.c **** * Summary:
 148:.\Generated_Source\PSoC5/isr_1.c **** *   The default Interrupt Service Routine for isr_1.
 149:.\Generated_Source\PSoC5/isr_1.c **** *
 150:.\Generated_Source\PSoC5/isr_1.c **** *   Add custom code between the coments to keep the next version of this file
 151:.\Generated_Source\PSoC5/isr_1.c **** *   from over writting your code.
 152:.\Generated_Source\PSoC5/isr_1.c **** *
 153:.\Generated_Source\PSoC5/isr_1.c **** * Parameters:  
 154:.\Generated_Source\PSoC5/isr_1.c **** *
 155:.\Generated_Source\PSoC5/isr_1.c **** * Return:
 156:.\Generated_Source\PSoC5/isr_1.c **** *   None
 157:.\Generated_Source\PSoC5/isr_1.c **** *
 158:.\Generated_Source\PSoC5/isr_1.c **** *******************************************************************************/
 159:.\Generated_Source\PSoC5/isr_1.c **** CY_ISR(isr_1_Interrupt)
 160:.\Generated_Source\PSoC5/isr_1.c **** {
  27              		.loc 1 160 0
  28              		.cfi_startproc
  29              		@ args = 0, pretend = 0, frame = 0
  30              		@ frame_needed = 0, uses_anonymous_args = 0
  31              		@ link register save eliminated.
  32 0000 7047     		bx	lr
  33              		.cfi_endproc
  34              	.LFE3:
  35              		.size	isr_1_Interrupt, .-isr_1_Interrupt
  36 0002 00BF     		.section	.text.isr_1_SetVector,"ax",%progbits
  37              		.align	2
  38              		.global	isr_1_SetVector
  39              		.thumb
  40              		.thumb_func
  41              		.type	isr_1_SetVector, %function
  42              	isr_1_SetVector:
  43              	.LFB4:
 161:.\Generated_Source\PSoC5/isr_1.c ****     /*  Place your Interrupt code here. */
 162:.\Generated_Source\PSoC5/isr_1.c ****     /* `#START isr_1_Interrupt` */
 163:.\Generated_Source\PSoC5/isr_1.c **** 
 164:.\Generated_Source\PSoC5/isr_1.c ****     /* `#END` */
 165:.\Generated_Source\PSoC5/isr_1.c **** }
 166:.\Generated_Source\PSoC5/isr_1.c **** 
 167:.\Generated_Source\PSoC5/isr_1.c **** 
 168:.\Generated_Source\PSoC5/isr_1.c **** /*******************************************************************************
 169:.\Generated_Source\PSoC5/isr_1.c **** * Function Name: isr_1_SetVector
 170:.\Generated_Source\PSoC5/isr_1.c **** ********************************************************************************
 171:.\Generated_Source\PSoC5/isr_1.c **** *
 172:.\Generated_Source\PSoC5/isr_1.c **** * Summary:
 173:.\Generated_Source\PSoC5/isr_1.c **** *   Change the ISR vector for the Interrupt. Note calling isr_1_Start
 174:.\Generated_Source\PSoC5/isr_1.c **** *   will override any effect this method would have had. To set the vector 
 175:.\Generated_Source\PSoC5/isr_1.c **** *   before the component has been started use isr_1_StartEx instead.
 176:.\Generated_Source\PSoC5/isr_1.c **** * 
 177:.\Generated_Source\PSoC5/isr_1.c **** *   When defining ISR functions, the CY_ISR and CY_ISR_PROTO macros should be 
 178:.\Generated_Source\PSoC5/isr_1.c **** *   used to provide consistent definition across compilers:
 179:.\Generated_Source\PSoC5/isr_1.c **** *
 180:.\Generated_Source\PSoC5/isr_1.c **** *   Function definition example:
 181:.\Generated_Source\PSoC5/isr_1.c **** *   CY_ISR(MyISR)
 182:.\Generated_Source\PSoC5/isr_1.c **** *   {
 183:.\Generated_Source\PSoC5/isr_1.c **** *   }
 184:.\Generated_Source\PSoC5/isr_1.c **** *
 185:.\Generated_Source\PSoC5/isr_1.c **** *   Function prototype example:
ARM GAS  C:\Users\JohnP\AppData\Local\Temp\ccgyMADh.s 			page 5


 186:.\Generated_Source\PSoC5/isr_1.c **** *     CY_ISR_PROTO(MyISR);
 187:.\Generated_Source\PSoC5/isr_1.c **** *
 188:.\Generated_Source\PSoC5/isr_1.c **** * Parameters:
 189:.\Generated_Source\PSoC5/isr_1.c **** *   address: Address of the ISR to set in the interrupt vector table.
 190:.\Generated_Source\PSoC5/isr_1.c **** *
 191:.\Generated_Source\PSoC5/isr_1.c **** * Return:
 192:.\Generated_Source\PSoC5/isr_1.c **** *   None
 193:.\Generated_Source\PSoC5/isr_1.c **** *
 194:.\Generated_Source\PSoC5/isr_1.c **** *******************************************************************************/
 195:.\Generated_Source\PSoC5/isr_1.c **** void isr_1_SetVector(cyisraddress address)
 196:.\Generated_Source\PSoC5/isr_1.c **** {
  44              		.loc 1 196 0
  45              		.cfi_startproc
  46              		@ args = 0, pretend = 0, frame = 0
  47              		@ frame_needed = 0, uses_anonymous_args = 0
  48              		@ link register save eliminated.
  49              	.LVL0:
 197:.\Generated_Source\PSoC5/isr_1.c ****     cyisraddress * ramVectorTable;
 198:.\Generated_Source\PSoC5/isr_1.c **** 
 199:.\Generated_Source\PSoC5/isr_1.c ****     ramVectorTable = (cyisraddress *) *CYINT_VECT_TABLE;
  50              		.loc 1 199 0
  51 0000 014B     		ldr	r3, .L3
  52 0002 1B68     		ldr	r3, [r3]
  53              	.LVL1:
 200:.\Generated_Source\PSoC5/isr_1.c **** 
 201:.\Generated_Source\PSoC5/isr_1.c ****     ramVectorTable[CYINT_IRQ_BASE + (uint32)isr_1__INTC_NUMBER] = address;
  54              		.loc 1 201 0
  55 0004 1864     		str	r0, [r3, #64]
  56 0006 7047     		bx	lr
  57              	.L4:
  58              		.align	2
  59              	.L3:
  60 0008 08ED00E0 		.word	-536810232
  61              		.cfi_endproc
  62              	.LFE4:
  63              		.size	isr_1_SetVector, .-isr_1_SetVector
  64              		.section	.text.isr_1_GetVector,"ax",%progbits
  65              		.align	2
  66              		.global	isr_1_GetVector
  67              		.thumb
  68              		.thumb_func
  69              		.type	isr_1_GetVector, %function
  70              	isr_1_GetVector:
  71              	.LFB5:
 202:.\Generated_Source\PSoC5/isr_1.c **** }
 203:.\Generated_Source\PSoC5/isr_1.c **** 
 204:.\Generated_Source\PSoC5/isr_1.c **** 
 205:.\Generated_Source\PSoC5/isr_1.c **** /*******************************************************************************
 206:.\Generated_Source\PSoC5/isr_1.c **** * Function Name: isr_1_GetVector
 207:.\Generated_Source\PSoC5/isr_1.c **** ********************************************************************************
 208:.\Generated_Source\PSoC5/isr_1.c **** *
 209:.\Generated_Source\PSoC5/isr_1.c **** * Summary:
 210:.\Generated_Source\PSoC5/isr_1.c **** *   Gets the "address" of the current ISR vector for the Interrupt.
 211:.\Generated_Source\PSoC5/isr_1.c **** *
 212:.\Generated_Source\PSoC5/isr_1.c **** * Parameters:
 213:.\Generated_Source\PSoC5/isr_1.c **** *   None
 214:.\Generated_Source\PSoC5/isr_1.c **** *
ARM GAS  C:\Users\JohnP\AppData\Local\Temp\ccgyMADh.s 			page 6


 215:.\Generated_Source\PSoC5/isr_1.c **** * Return:
 216:.\Generated_Source\PSoC5/isr_1.c **** *   Address of the ISR in the interrupt vector table.
 217:.\Generated_Source\PSoC5/isr_1.c **** *
 218:.\Generated_Source\PSoC5/isr_1.c **** *******************************************************************************/
 219:.\Generated_Source\PSoC5/isr_1.c **** cyisraddress isr_1_GetVector(void)
 220:.\Generated_Source\PSoC5/isr_1.c **** {
  72              		.loc 1 220 0
  73              		.cfi_startproc
  74              		@ args = 0, pretend = 0, frame = 0
  75              		@ frame_needed = 0, uses_anonymous_args = 0
  76              		@ link register save eliminated.
 221:.\Generated_Source\PSoC5/isr_1.c ****     cyisraddress * ramVectorTable;
 222:.\Generated_Source\PSoC5/isr_1.c **** 
 223:.\Generated_Source\PSoC5/isr_1.c ****     ramVectorTable = (cyisraddress *) *CYINT_VECT_TABLE;
  77              		.loc 1 223 0
  78 0000 014B     		ldr	r3, .L6
  79 0002 1B68     		ldr	r3, [r3]
  80              	.LVL2:
 224:.\Generated_Source\PSoC5/isr_1.c **** 
 225:.\Generated_Source\PSoC5/isr_1.c ****     return ramVectorTable[CYINT_IRQ_BASE + (uint32)isr_1__INTC_NUMBER];
 226:.\Generated_Source\PSoC5/isr_1.c **** }
  81              		.loc 1 226 0
  82 0004 186C     		ldr	r0, [r3, #64]
  83 0006 7047     		bx	lr
  84              	.L7:
  85              		.align	2
  86              	.L6:
  87 0008 08ED00E0 		.word	-536810232
  88              		.cfi_endproc
  89              	.LFE5:
  90              		.size	isr_1_GetVector, .-isr_1_GetVector
  91              		.section	.text.isr_1_SetPriority,"ax",%progbits
  92              		.align	2
  93              		.global	isr_1_SetPriority
  94              		.thumb
  95              		.thumb_func
  96              		.type	isr_1_SetPriority, %function
  97              	isr_1_SetPriority:
  98              	.LFB6:
 227:.\Generated_Source\PSoC5/isr_1.c **** 
 228:.\Generated_Source\PSoC5/isr_1.c **** 
 229:.\Generated_Source\PSoC5/isr_1.c **** /*******************************************************************************
 230:.\Generated_Source\PSoC5/isr_1.c **** * Function Name: isr_1_SetPriority
 231:.\Generated_Source\PSoC5/isr_1.c **** ********************************************************************************
 232:.\Generated_Source\PSoC5/isr_1.c **** *
 233:.\Generated_Source\PSoC5/isr_1.c **** * Summary:
 234:.\Generated_Source\PSoC5/isr_1.c **** *   Sets the Priority of the Interrupt. 
 235:.\Generated_Source\PSoC5/isr_1.c **** *
 236:.\Generated_Source\PSoC5/isr_1.c **** *   Note calling isr_1_Start or isr_1_StartEx will 
 237:.\Generated_Source\PSoC5/isr_1.c **** *   override any effect this API would have had. This API should only be called
 238:.\Generated_Source\PSoC5/isr_1.c **** *   after isr_1_Start or isr_1_StartEx has been called. 
 239:.\Generated_Source\PSoC5/isr_1.c **** *   To set the initial priority for the component, use the Design-Wide Resources
 240:.\Generated_Source\PSoC5/isr_1.c **** *   Interrupt Editor.
 241:.\Generated_Source\PSoC5/isr_1.c **** *
 242:.\Generated_Source\PSoC5/isr_1.c **** *   Note This API has no effect on Non-maskable interrupt NMI).
 243:.\Generated_Source\PSoC5/isr_1.c **** *
 244:.\Generated_Source\PSoC5/isr_1.c **** * Parameters:
ARM GAS  C:\Users\JohnP\AppData\Local\Temp\ccgyMADh.s 			page 7


 245:.\Generated_Source\PSoC5/isr_1.c **** *   priority: Priority of the interrupt, 0 being the highest priority
 246:.\Generated_Source\PSoC5/isr_1.c **** *             PSoC 3 and PSoC 5LP: Priority is from 0 to 7.
 247:.\Generated_Source\PSoC5/isr_1.c **** *             PSoC 4: Priority is from 0 to 3.
 248:.\Generated_Source\PSoC5/isr_1.c **** *
 249:.\Generated_Source\PSoC5/isr_1.c **** * Return:
 250:.\Generated_Source\PSoC5/isr_1.c **** *   None
 251:.\Generated_Source\PSoC5/isr_1.c **** *
 252:.\Generated_Source\PSoC5/isr_1.c **** *******************************************************************************/
 253:.\Generated_Source\PSoC5/isr_1.c **** void isr_1_SetPriority(uint8 priority)
 254:.\Generated_Source\PSoC5/isr_1.c **** {
  99              		.loc 1 254 0
 100              		.cfi_startproc
 101              		@ args = 0, pretend = 0, frame = 0
 102              		@ frame_needed = 0, uses_anonymous_args = 0
 103              		@ link register save eliminated.
 104              	.LVL3:
 255:.\Generated_Source\PSoC5/isr_1.c ****     *isr_1_INTC_PRIOR = priority << 5;
 105              		.loc 1 255 0
 106 0000 4001     		lsls	r0, r0, #5
 107              	.LVL4:
 108 0002 C0B2     		uxtb	r0, r0
 109 0004 014B     		ldr	r3, .L9
 110 0006 1870     		strb	r0, [r3]
 111 0008 7047     		bx	lr
 112              	.L10:
 113 000a 00BF     		.align	2
 114              	.L9:
 115 000c 00E400E0 		.word	-536812544
 116              		.cfi_endproc
 117              	.LFE6:
 118              		.size	isr_1_SetPriority, .-isr_1_SetPriority
 119              		.section	.text.isr_1_GetPriority,"ax",%progbits
 120              		.align	2
 121              		.global	isr_1_GetPriority
 122              		.thumb
 123              		.thumb_func
 124              		.type	isr_1_GetPriority, %function
 125              	isr_1_GetPriority:
 126              	.LFB7:
 256:.\Generated_Source\PSoC5/isr_1.c **** }
 257:.\Generated_Source\PSoC5/isr_1.c **** 
 258:.\Generated_Source\PSoC5/isr_1.c **** 
 259:.\Generated_Source\PSoC5/isr_1.c **** /*******************************************************************************
 260:.\Generated_Source\PSoC5/isr_1.c **** * Function Name: isr_1_GetPriority
 261:.\Generated_Source\PSoC5/isr_1.c **** ********************************************************************************
 262:.\Generated_Source\PSoC5/isr_1.c **** *
 263:.\Generated_Source\PSoC5/isr_1.c **** * Summary:
 264:.\Generated_Source\PSoC5/isr_1.c **** *   Gets the Priority of the Interrupt.
 265:.\Generated_Source\PSoC5/isr_1.c **** *
 266:.\Generated_Source\PSoC5/isr_1.c **** * Parameters:
 267:.\Generated_Source\PSoC5/isr_1.c **** *   None
 268:.\Generated_Source\PSoC5/isr_1.c **** *
 269:.\Generated_Source\PSoC5/isr_1.c **** * Return:
 270:.\Generated_Source\PSoC5/isr_1.c **** *   Priority of the interrupt, 0 being the highest priority
 271:.\Generated_Source\PSoC5/isr_1.c **** *    PSoC 3 and PSoC 5LP: Priority is from 0 to 7.
 272:.\Generated_Source\PSoC5/isr_1.c **** *    PSoC 4: Priority is from 0 to 3.
 273:.\Generated_Source\PSoC5/isr_1.c **** *
ARM GAS  C:\Users\JohnP\AppData\Local\Temp\ccgyMADh.s 			page 8


 274:.\Generated_Source\PSoC5/isr_1.c **** *******************************************************************************/
 275:.\Generated_Source\PSoC5/isr_1.c **** uint8 isr_1_GetPriority(void)
 276:.\Generated_Source\PSoC5/isr_1.c **** {
 127              		.loc 1 276 0
 128              		.cfi_startproc
 129              		@ args = 0, pretend = 0, frame = 0
 130              		@ frame_needed = 0, uses_anonymous_args = 0
 131              		@ link register save eliminated.
 277:.\Generated_Source\PSoC5/isr_1.c ****     uint8 priority;
 278:.\Generated_Source\PSoC5/isr_1.c **** 
 279:.\Generated_Source\PSoC5/isr_1.c **** 
 280:.\Generated_Source\PSoC5/isr_1.c ****     priority = *isr_1_INTC_PRIOR >> 5;
 132              		.loc 1 280 0
 133 0000 014B     		ldr	r3, .L12
 134 0002 1878     		ldrb	r0, [r3]	@ zero_extendqisi2
 135              	.LVL5:
 281:.\Generated_Source\PSoC5/isr_1.c **** 
 282:.\Generated_Source\PSoC5/isr_1.c ****     return priority;
 283:.\Generated_Source\PSoC5/isr_1.c **** }
 136              		.loc 1 283 0
 137 0004 4009     		lsrs	r0, r0, #5
 138              	.LVL6:
 139 0006 7047     		bx	lr
 140              	.L13:
 141              		.align	2
 142              	.L12:
 143 0008 00E400E0 		.word	-536812544
 144              		.cfi_endproc
 145              	.LFE7:
 146              		.size	isr_1_GetPriority, .-isr_1_GetPriority
 147              		.section	.text.isr_1_Enable,"ax",%progbits
 148              		.align	2
 149              		.global	isr_1_Enable
 150              		.thumb
 151              		.thumb_func
 152              		.type	isr_1_Enable, %function
 153              	isr_1_Enable:
 154              	.LFB8:
 284:.\Generated_Source\PSoC5/isr_1.c **** 
 285:.\Generated_Source\PSoC5/isr_1.c **** 
 286:.\Generated_Source\PSoC5/isr_1.c **** /*******************************************************************************
 287:.\Generated_Source\PSoC5/isr_1.c **** * Function Name: isr_1_Enable
 288:.\Generated_Source\PSoC5/isr_1.c **** ********************************************************************************
 289:.\Generated_Source\PSoC5/isr_1.c **** *
 290:.\Generated_Source\PSoC5/isr_1.c **** * Summary:
 291:.\Generated_Source\PSoC5/isr_1.c **** *   Enables the interrupt to the interrupt controller. Do not call this function
 292:.\Generated_Source\PSoC5/isr_1.c **** *   unless ISR_Start() has been called or the functionality of the ISR_Start() 
 293:.\Generated_Source\PSoC5/isr_1.c **** *   function, which sets the vector and the priority, has been called.
 294:.\Generated_Source\PSoC5/isr_1.c **** *
 295:.\Generated_Source\PSoC5/isr_1.c **** * Parameters:
 296:.\Generated_Source\PSoC5/isr_1.c **** *   None
 297:.\Generated_Source\PSoC5/isr_1.c **** *
 298:.\Generated_Source\PSoC5/isr_1.c **** * Return:
 299:.\Generated_Source\PSoC5/isr_1.c **** *   None
 300:.\Generated_Source\PSoC5/isr_1.c **** *
 301:.\Generated_Source\PSoC5/isr_1.c **** *******************************************************************************/
 302:.\Generated_Source\PSoC5/isr_1.c **** void isr_1_Enable(void)
ARM GAS  C:\Users\JohnP\AppData\Local\Temp\ccgyMADh.s 			page 9


 303:.\Generated_Source\PSoC5/isr_1.c **** {
 155              		.loc 1 303 0
 156              		.cfi_startproc
 157              		@ args = 0, pretend = 0, frame = 0
 158              		@ frame_needed = 0, uses_anonymous_args = 0
 159              		@ link register save eliminated.
 304:.\Generated_Source\PSoC5/isr_1.c ****     /* Enable the general interrupt. */
 305:.\Generated_Source\PSoC5/isr_1.c ****     *isr_1_INTC_SET_EN = isr_1__INTC_MASK;
 160              		.loc 1 305 0
 161 0000 0122     		movs	r2, #1
 162 0002 014B     		ldr	r3, .L15
 163 0004 1A60     		str	r2, [r3]
 164 0006 7047     		bx	lr
 165              	.L16:
 166              		.align	2
 167              	.L15:
 168 0008 00E100E0 		.word	-536813312
 169              		.cfi_endproc
 170              	.LFE8:
 171              		.size	isr_1_Enable, .-isr_1_Enable
 172              		.section	.text.isr_1_GetState,"ax",%progbits
 173              		.align	2
 174              		.global	isr_1_GetState
 175              		.thumb
 176              		.thumb_func
 177              		.type	isr_1_GetState, %function
 178              	isr_1_GetState:
 179              	.LFB9:
 306:.\Generated_Source\PSoC5/isr_1.c **** }
 307:.\Generated_Source\PSoC5/isr_1.c **** 
 308:.\Generated_Source\PSoC5/isr_1.c **** 
 309:.\Generated_Source\PSoC5/isr_1.c **** /*******************************************************************************
 310:.\Generated_Source\PSoC5/isr_1.c **** * Function Name: isr_1_GetState
 311:.\Generated_Source\PSoC5/isr_1.c **** ********************************************************************************
 312:.\Generated_Source\PSoC5/isr_1.c **** *
 313:.\Generated_Source\PSoC5/isr_1.c **** * Summary:
 314:.\Generated_Source\PSoC5/isr_1.c **** *   Gets the state (enabled, disabled) of the Interrupt.
 315:.\Generated_Source\PSoC5/isr_1.c **** *
 316:.\Generated_Source\PSoC5/isr_1.c **** * Parameters:
 317:.\Generated_Source\PSoC5/isr_1.c **** *   None
 318:.\Generated_Source\PSoC5/isr_1.c **** *
 319:.\Generated_Source\PSoC5/isr_1.c **** * Return:
 320:.\Generated_Source\PSoC5/isr_1.c **** *   1 if enabled, 0 if disabled.
 321:.\Generated_Source\PSoC5/isr_1.c **** *
 322:.\Generated_Source\PSoC5/isr_1.c **** *******************************************************************************/
 323:.\Generated_Source\PSoC5/isr_1.c **** uint8 isr_1_GetState(void)
 324:.\Generated_Source\PSoC5/isr_1.c **** {
 180              		.loc 1 324 0
 181              		.cfi_startproc
 182              		@ args = 0, pretend = 0, frame = 0
 183              		@ frame_needed = 0, uses_anonymous_args = 0
 184              		@ link register save eliminated.
 325:.\Generated_Source\PSoC5/isr_1.c ****     /* Get the state of the general interrupt. */
 326:.\Generated_Source\PSoC5/isr_1.c ****     return ((*isr_1_INTC_SET_EN & (uint32)isr_1__INTC_MASK) != 0u) ? 1u:0u;
 185              		.loc 1 326 0
 186 0000 024B     		ldr	r3, .L18
 187 0002 1868     		ldr	r0, [r3]
ARM GAS  C:\Users\JohnP\AppData\Local\Temp\ccgyMADh.s 			page 10


 327:.\Generated_Source\PSoC5/isr_1.c **** }
 188              		.loc 1 327 0
 189 0004 00F00100 		and	r0, r0, #1
 190 0008 7047     		bx	lr
 191              	.L19:
 192 000a 00BF     		.align	2
 193              	.L18:
 194 000c 00E100E0 		.word	-536813312
 195              		.cfi_endproc
 196              	.LFE9:
 197              		.size	isr_1_GetState, .-isr_1_GetState
 198              		.section	.text.isr_1_Disable,"ax",%progbits
 199              		.align	2
 200              		.global	isr_1_Disable
 201              		.thumb
 202              		.thumb_func
 203              		.type	isr_1_Disable, %function
 204              	isr_1_Disable:
 205              	.LFB10:
 328:.\Generated_Source\PSoC5/isr_1.c **** 
 329:.\Generated_Source\PSoC5/isr_1.c **** 
 330:.\Generated_Source\PSoC5/isr_1.c **** /*******************************************************************************
 331:.\Generated_Source\PSoC5/isr_1.c **** * Function Name: isr_1_Disable
 332:.\Generated_Source\PSoC5/isr_1.c **** ********************************************************************************
 333:.\Generated_Source\PSoC5/isr_1.c **** *
 334:.\Generated_Source\PSoC5/isr_1.c **** * Summary:
 335:.\Generated_Source\PSoC5/isr_1.c **** *   Disables the Interrupt in the interrupt controller.
 336:.\Generated_Source\PSoC5/isr_1.c **** *
 337:.\Generated_Source\PSoC5/isr_1.c **** * Parameters:
 338:.\Generated_Source\PSoC5/isr_1.c **** *   None
 339:.\Generated_Source\PSoC5/isr_1.c **** *
 340:.\Generated_Source\PSoC5/isr_1.c **** * Return:
 341:.\Generated_Source\PSoC5/isr_1.c **** *   None
 342:.\Generated_Source\PSoC5/isr_1.c **** *
 343:.\Generated_Source\PSoC5/isr_1.c **** *******************************************************************************/
 344:.\Generated_Source\PSoC5/isr_1.c **** void isr_1_Disable(void)
 345:.\Generated_Source\PSoC5/isr_1.c **** {
 206              		.loc 1 345 0
 207              		.cfi_startproc
 208              		@ args = 0, pretend = 0, frame = 0
 209              		@ frame_needed = 0, uses_anonymous_args = 0
 210              		@ link register save eliminated.
 346:.\Generated_Source\PSoC5/isr_1.c ****     /* Disable the general interrupt. */
 347:.\Generated_Source\PSoC5/isr_1.c ****     *isr_1_INTC_CLR_EN = isr_1__INTC_MASK;
 211              		.loc 1 347 0
 212 0000 0122     		movs	r2, #1
 213 0002 014B     		ldr	r3, .L21
 214 0004 1A60     		str	r2, [r3]
 215 0006 7047     		bx	lr
 216              	.L22:
 217              		.align	2
 218              	.L21:
 219 0008 80E100E0 		.word	-536813184
 220              		.cfi_endproc
 221              	.LFE10:
 222              		.size	isr_1_Disable, .-isr_1_Disable
 223              		.section	.text.isr_1_Start,"ax",%progbits
ARM GAS  C:\Users\JohnP\AppData\Local\Temp\ccgyMADh.s 			page 11


 224              		.align	2
 225              		.global	isr_1_Start
 226              		.thumb
 227              		.thumb_func
 228              		.type	isr_1_Start, %function
 229              	isr_1_Start:
 230              	.LFB0:
  61:.\Generated_Source\PSoC5/isr_1.c **** {
 231              		.loc 1 61 0
 232              		.cfi_startproc
 233              		@ args = 0, pretend = 0, frame = 0
 234              		@ frame_needed = 0, uses_anonymous_args = 0
 235 0000 08B5     		push	{r3, lr}
 236              		.cfi_def_cfa_offset 8
 237              		.cfi_offset 3, -8
 238              		.cfi_offset 14, -4
  63:.\Generated_Source\PSoC5/isr_1.c ****     isr_1_Disable();
 239              		.loc 1 63 0
 240 0002 FFF7FEFF 		bl	isr_1_Disable
 241              	.LVL7:
  66:.\Generated_Source\PSoC5/isr_1.c ****     isr_1_SetVector(&isr_1_Interrupt);
 242              		.loc 1 66 0
 243 0006 0448     		ldr	r0, .L24
 244 0008 FFF7FEFF 		bl	isr_1_SetVector
 245              	.LVL8:
  69:.\Generated_Source\PSoC5/isr_1.c ****     isr_1_SetPriority((uint8)isr_1_INTC_PRIOR_NUMBER);
 246              		.loc 1 69 0
 247 000c 0720     		movs	r0, #7
 248 000e FFF7FEFF 		bl	isr_1_SetPriority
 249              	.LVL9:
  72:.\Generated_Source\PSoC5/isr_1.c ****     isr_1_Enable();
 250              		.loc 1 72 0
 251 0012 FFF7FEFF 		bl	isr_1_Enable
 252              	.LVL10:
 253 0016 08BD     		pop	{r3, pc}
 254              	.L25:
 255              		.align	2
 256              	.L24:
 257 0018 00000000 		.word	isr_1_Interrupt
 258              		.cfi_endproc
 259              	.LFE0:
 260              		.size	isr_1_Start, .-isr_1_Start
 261              		.section	.text.isr_1_StartEx,"ax",%progbits
 262              		.align	2
 263              		.global	isr_1_StartEx
 264              		.thumb
 265              		.thumb_func
 266              		.type	isr_1_StartEx, %function
 267              	isr_1_StartEx:
 268              	.LFB1:
 104:.\Generated_Source\PSoC5/isr_1.c **** {
 269              		.loc 1 104 0
 270              		.cfi_startproc
 271              		@ args = 0, pretend = 0, frame = 0
 272              		@ frame_needed = 0, uses_anonymous_args = 0
 273              	.LVL11:
 274 0000 10B5     		push	{r4, lr}
ARM GAS  C:\Users\JohnP\AppData\Local\Temp\ccgyMADh.s 			page 12


 275              		.cfi_def_cfa_offset 8
 276              		.cfi_offset 4, -8
 277              		.cfi_offset 14, -4
 278 0002 0446     		mov	r4, r0
 106:.\Generated_Source\PSoC5/isr_1.c ****     isr_1_Disable();
 279              		.loc 1 106 0
 280 0004 FFF7FEFF 		bl	isr_1_Disable
 281              	.LVL12:
 109:.\Generated_Source\PSoC5/isr_1.c ****     isr_1_SetVector(address);
 282              		.loc 1 109 0
 283 0008 2046     		mov	r0, r4
 284 000a FFF7FEFF 		bl	isr_1_SetVector
 285              	.LVL13:
 112:.\Generated_Source\PSoC5/isr_1.c ****     isr_1_SetPriority((uint8)isr_1_INTC_PRIOR_NUMBER);
 286              		.loc 1 112 0
 287 000e 0720     		movs	r0, #7
 288 0010 FFF7FEFF 		bl	isr_1_SetPriority
 289              	.LVL14:
 115:.\Generated_Source\PSoC5/isr_1.c ****     isr_1_Enable();
 290              		.loc 1 115 0
 291 0014 FFF7FEFF 		bl	isr_1_Enable
 292              	.LVL15:
 293 0018 10BD     		pop	{r4, pc}
 294              		.cfi_endproc
 295              	.LFE1:
 296              		.size	isr_1_StartEx, .-isr_1_StartEx
 297 001a 00BF     		.section	.text.isr_1_Stop,"ax",%progbits
 298              		.align	2
 299              		.global	isr_1_Stop
 300              		.thumb
 301              		.thumb_func
 302              		.type	isr_1_Stop, %function
 303              	isr_1_Stop:
 304              	.LFB2:
 134:.\Generated_Source\PSoC5/isr_1.c **** {
 305              		.loc 1 134 0
 306              		.cfi_startproc
 307              		@ args = 0, pretend = 0, frame = 0
 308              		@ frame_needed = 0, uses_anonymous_args = 0
 309 0000 08B5     		push	{r3, lr}
 310              		.cfi_def_cfa_offset 8
 311              		.cfi_offset 3, -8
 312              		.cfi_offset 14, -4
 136:.\Generated_Source\PSoC5/isr_1.c ****     isr_1_Disable();
 313              		.loc 1 136 0
 314 0002 FFF7FEFF 		bl	isr_1_Disable
 315              	.LVL16:
 139:.\Generated_Source\PSoC5/isr_1.c ****     isr_1_SetVector(&IntDefaultHandler);
 316              		.loc 1 139 0
 317 0006 0248     		ldr	r0, .L28
 318 0008 FFF7FEFF 		bl	isr_1_SetVector
 319              	.LVL17:
 320 000c 08BD     		pop	{r3, pc}
 321              	.L29:
 322 000e 00BF     		.align	2
 323              	.L28:
 324 0010 00000000 		.word	IntDefaultHandler
ARM GAS  C:\Users\JohnP\AppData\Local\Temp\ccgyMADh.s 			page 13


 325              		.cfi_endproc
 326              	.LFE2:
 327              		.size	isr_1_Stop, .-isr_1_Stop
 328              		.section	.text.isr_1_SetPending,"ax",%progbits
 329              		.align	2
 330              		.global	isr_1_SetPending
 331              		.thumb
 332              		.thumb_func
 333              		.type	isr_1_SetPending, %function
 334              	isr_1_SetPending:
 335              	.LFB11:
 348:.\Generated_Source\PSoC5/isr_1.c **** }
 349:.\Generated_Source\PSoC5/isr_1.c **** 
 350:.\Generated_Source\PSoC5/isr_1.c **** 
 351:.\Generated_Source\PSoC5/isr_1.c **** /*******************************************************************************
 352:.\Generated_Source\PSoC5/isr_1.c **** * Function Name: isr_1_SetPending
 353:.\Generated_Source\PSoC5/isr_1.c **** ********************************************************************************
 354:.\Generated_Source\PSoC5/isr_1.c **** *
 355:.\Generated_Source\PSoC5/isr_1.c **** * Summary:
 356:.\Generated_Source\PSoC5/isr_1.c **** *   Causes the Interrupt to enter the pending state, a software method of
 357:.\Generated_Source\PSoC5/isr_1.c **** *   generating the interrupt.
 358:.\Generated_Source\PSoC5/isr_1.c **** *
 359:.\Generated_Source\PSoC5/isr_1.c **** * Parameters:
 360:.\Generated_Source\PSoC5/isr_1.c **** *   None
 361:.\Generated_Source\PSoC5/isr_1.c **** *
 362:.\Generated_Source\PSoC5/isr_1.c **** * Return:
 363:.\Generated_Source\PSoC5/isr_1.c **** *   None
 364:.\Generated_Source\PSoC5/isr_1.c **** *
 365:.\Generated_Source\PSoC5/isr_1.c **** * Side Effects:
 366:.\Generated_Source\PSoC5/isr_1.c **** *   If interrupts are enabled and the interrupt is set up properly, the ISR is
 367:.\Generated_Source\PSoC5/isr_1.c **** *   entered (depending on the priority of this interrupt and other pending 
 368:.\Generated_Source\PSoC5/isr_1.c **** *   interrupts).
 369:.\Generated_Source\PSoC5/isr_1.c **** *
 370:.\Generated_Source\PSoC5/isr_1.c **** *******************************************************************************/
 371:.\Generated_Source\PSoC5/isr_1.c **** void isr_1_SetPending(void)
 372:.\Generated_Source\PSoC5/isr_1.c **** {
 336              		.loc 1 372 0
 337              		.cfi_startproc
 338              		@ args = 0, pretend = 0, frame = 0
 339              		@ frame_needed = 0, uses_anonymous_args = 0
 340              		@ link register save eliminated.
 373:.\Generated_Source\PSoC5/isr_1.c ****     *isr_1_INTC_SET_PD = isr_1__INTC_MASK;
 341              		.loc 1 373 0
 342 0000 0122     		movs	r2, #1
 343 0002 014B     		ldr	r3, .L31
 344 0004 1A60     		str	r2, [r3]
 345 0006 7047     		bx	lr
 346              	.L32:
 347              		.align	2
 348              	.L31:
 349 0008 00E200E0 		.word	-536813056
 350              		.cfi_endproc
 351              	.LFE11:
 352              		.size	isr_1_SetPending, .-isr_1_SetPending
 353              		.section	.text.isr_1_ClearPending,"ax",%progbits
 354              		.align	2
 355              		.global	isr_1_ClearPending
ARM GAS  C:\Users\JohnP\AppData\Local\Temp\ccgyMADh.s 			page 14


 356              		.thumb
 357              		.thumb_func
 358              		.type	isr_1_ClearPending, %function
 359              	isr_1_ClearPending:
 360              	.LFB12:
 374:.\Generated_Source\PSoC5/isr_1.c **** }
 375:.\Generated_Source\PSoC5/isr_1.c **** 
 376:.\Generated_Source\PSoC5/isr_1.c **** 
 377:.\Generated_Source\PSoC5/isr_1.c **** /*******************************************************************************
 378:.\Generated_Source\PSoC5/isr_1.c **** * Function Name: isr_1_ClearPending
 379:.\Generated_Source\PSoC5/isr_1.c **** ********************************************************************************
 380:.\Generated_Source\PSoC5/isr_1.c **** *
 381:.\Generated_Source\PSoC5/isr_1.c **** * Summary:
 382:.\Generated_Source\PSoC5/isr_1.c **** *   Clears a pending interrupt in the interrupt controller.
 383:.\Generated_Source\PSoC5/isr_1.c **** *
 384:.\Generated_Source\PSoC5/isr_1.c **** *   Note Some interrupt sources are clear-on-read and require the block 
 385:.\Generated_Source\PSoC5/isr_1.c **** *   interrupt/status register to be read/cleared with the appropriate block API 
 386:.\Generated_Source\PSoC5/isr_1.c **** *   (GPIO, UART, and so on). Otherwise the ISR will continue to remain in 
 387:.\Generated_Source\PSoC5/isr_1.c **** *   pending state even though the interrupt itself is cleared using this API.
 388:.\Generated_Source\PSoC5/isr_1.c **** *
 389:.\Generated_Source\PSoC5/isr_1.c **** * Parameters:
 390:.\Generated_Source\PSoC5/isr_1.c **** *   None
 391:.\Generated_Source\PSoC5/isr_1.c **** *
 392:.\Generated_Source\PSoC5/isr_1.c **** * Return:
 393:.\Generated_Source\PSoC5/isr_1.c **** *   None
 394:.\Generated_Source\PSoC5/isr_1.c **** *
 395:.\Generated_Source\PSoC5/isr_1.c **** *******************************************************************************/
 396:.\Generated_Source\PSoC5/isr_1.c **** void isr_1_ClearPending(void)
 397:.\Generated_Source\PSoC5/isr_1.c **** {
 361              		.loc 1 397 0
 362              		.cfi_startproc
 363              		@ args = 0, pretend = 0, frame = 0
 364              		@ frame_needed = 0, uses_anonymous_args = 0
 365              		@ link register save eliminated.
 398:.\Generated_Source\PSoC5/isr_1.c ****     *isr_1_INTC_CLR_PD = isr_1__INTC_MASK;
 366              		.loc 1 398 0
 367 0000 0122     		movs	r2, #1
 368 0002 014B     		ldr	r3, .L34
 369 0004 1A60     		str	r2, [r3]
 370 0006 7047     		bx	lr
 371              	.L35:
 372              		.align	2
 373              	.L34:
 374 0008 80E200E0 		.word	-536812928
 375              		.cfi_endproc
 376              	.LFE12:
 377              		.size	isr_1_ClearPending, .-isr_1_ClearPending
 378              		.text
 379              	.Letext0:
 380              		.file 2 "Generated_Source\\PSoC5/cytypes.h"
 381              		.section	.debug_info,"",%progbits
 382              	.Ldebug_info0:
 383 0000 C3020000 		.4byte	0x2c3
 384 0004 0400     		.2byte	0x4
 385 0006 00000000 		.4byte	.Ldebug_abbrev0
 386 000a 04       		.byte	0x4
 387 000b 01       		.uleb128 0x1
ARM GAS  C:\Users\JohnP\AppData\Local\Temp\ccgyMADh.s 			page 15


 388 000c AD010000 		.4byte	.LASF33
 389 0010 01       		.byte	0x1
 390 0011 39000000 		.4byte	.LASF34
 391 0015 D5000000 		.4byte	.LASF35
 392 0019 00000000 		.4byte	.Ldebug_ranges0+0
 393 001d 00000000 		.4byte	0
 394 0021 00000000 		.4byte	.Ldebug_line0
 395 0025 02       		.uleb128 0x2
 396 0026 04       		.byte	0x4
 397 0027 05       		.byte	0x5
 398 0028 696E7400 		.ascii	"int\000"
 399 002c 03       		.uleb128 0x3
 400 002d 04       		.byte	0x4
 401 002e 07       		.byte	0x7
 402 002f 74010000 		.4byte	.LASF0
 403 0033 03       		.uleb128 0x3
 404 0034 01       		.byte	0x1
 405 0035 06       		.byte	0x6
 406 0036 94020000 		.4byte	.LASF1
 407 003a 03       		.uleb128 0x3
 408 003b 01       		.byte	0x1
 409 003c 08       		.byte	0x8
 410 003d AA000000 		.4byte	.LASF2
 411 0041 03       		.uleb128 0x3
 412 0042 02       		.byte	0x2
 413 0043 05       		.byte	0x5
 414 0044 61020000 		.4byte	.LASF3
 415 0048 03       		.uleb128 0x3
 416 0049 02       		.byte	0x2
 417 004a 07       		.byte	0x7
 418 004b 7F000000 		.4byte	.LASF4
 419 004f 03       		.uleb128 0x3
 420 0050 04       		.byte	0x4
 421 0051 05       		.byte	0x5
 422 0052 8B020000 		.4byte	.LASF5
 423 0056 03       		.uleb128 0x3
 424 0057 04       		.byte	0x4
 425 0058 07       		.byte	0x7
 426 0059 BD000000 		.4byte	.LASF6
 427 005d 03       		.uleb128 0x3
 428 005e 08       		.byte	0x8
 429 005f 05       		.byte	0x5
 430 0060 32020000 		.4byte	.LASF7
 431 0064 03       		.uleb128 0x3
 432 0065 08       		.byte	0x8
 433 0066 07       		.byte	0x7
 434 0067 89010000 		.4byte	.LASF8
 435 006b 03       		.uleb128 0x3
 436 006c 04       		.byte	0x4
 437 006d 07       		.byte	0x7
 438 006e 29020000 		.4byte	.LASF9
 439 0072 04       		.uleb128 0x4
 440 0073 04       		.byte	0x4
 441 0074 78000000 		.4byte	0x78
 442 0078 05       		.uleb128 0x5
 443 0079 03       		.uleb128 0x3
 444 007a 01       		.byte	0x1
ARM GAS  C:\Users\JohnP\AppData\Local\Temp\ccgyMADh.s 			page 16


 445 007b 08       		.byte	0x8
 446 007c 4D020000 		.4byte	.LASF10
 447 0080 06       		.uleb128 0x6
 448 0081 CF000000 		.4byte	.LASF11
 449 0085 02       		.byte	0x2
 450 0086 B4       		.byte	0xb4
 451 0087 3A000000 		.4byte	0x3a
 452 008b 06       		.uleb128 0x6
 453 008c 6D010000 		.4byte	.LASF12
 454 0090 02       		.byte	0x2
 455 0091 B6       		.byte	0xb6
 456 0092 56000000 		.4byte	0x56
 457 0096 03       		.uleb128 0x3
 458 0097 04       		.byte	0x4
 459 0098 04       		.byte	0x4
 460 0099 A4000000 		.4byte	.LASF13
 461 009d 03       		.uleb128 0x3
 462 009e 08       		.byte	0x8
 463 009f 04       		.byte	0x4
 464 00a0 54010000 		.4byte	.LASF14
 465 00a4 07       		.uleb128 0x7
 466 00a5 B8000000 		.4byte	.LASF15
 467 00a9 02       		.byte	0x2
 468 00aa 5E01     		.2byte	0x15e
 469 00ac B0000000 		.4byte	0xb0
 470 00b0 08       		.uleb128 0x8
 471 00b1 80000000 		.4byte	0x80
 472 00b5 07       		.uleb128 0x7
 473 00b6 13000000 		.4byte	.LASF16
 474 00ba 02       		.byte	0x2
 475 00bb 6001     		.2byte	0x160
 476 00bd C1000000 		.4byte	0xc1
 477 00c1 08       		.uleb128 0x8
 478 00c2 8B000000 		.4byte	0x8b
 479 00c6 07       		.uleb128 0x7
 480 00c7 A0010000 		.4byte	.LASF17
 481 00cb 02       		.byte	0x2
 482 00cc 7001     		.2byte	0x170
 483 00ce 72000000 		.4byte	0x72
 484 00d2 09       		.uleb128 0x9
 485 00d3 7B020000 		.4byte	.LASF25
 486 00d7 01       		.byte	0x1
 487 00d8 9F       		.byte	0x9f
 488 00d9 00000000 		.4byte	.LFB3
 489 00dd 02000000 		.4byte	.LFE3-.LFB3
 490 00e1 01       		.uleb128 0x1
 491 00e2 9C       		.byte	0x9c
 492 00e3 0A       		.uleb128 0xa
 493 00e4 AE020000 		.4byte	.LASF19
 494 00e8 01       		.byte	0x1
 495 00e9 C3       		.byte	0xc3
 496 00ea 00000000 		.4byte	.LFB4
 497 00ee 0C000000 		.4byte	.LFE4-.LFB4
 498 00f2 01       		.uleb128 0x1
 499 00f3 9C       		.byte	0x9c
 500 00f4 13010000 		.4byte	0x113
 501 00f8 0B       		.uleb128 0xb
ARM GAS  C:\Users\JohnP\AppData\Local\Temp\ccgyMADh.s 			page 17


 502 00f9 81010000 		.4byte	.LASF21
 503 00fd 01       		.byte	0x1
 504 00fe C3       		.byte	0xc3
 505 00ff C6000000 		.4byte	0xc6
 506 0103 01       		.uleb128 0x1
 507 0104 50       		.byte	0x50
 508 0105 0C       		.uleb128 0xc
 509 0106 52020000 		.4byte	.LASF18
 510 010a 01       		.byte	0x1
 511 010b C5       		.byte	0xc5
 512 010c 13010000 		.4byte	0x113
 513 0110 01       		.uleb128 0x1
 514 0111 53       		.byte	0x53
 515 0112 00       		.byte	0
 516 0113 04       		.uleb128 0x4
 517 0114 04       		.byte	0x4
 518 0115 C6000000 		.4byte	0xc6
 519 0119 0D       		.uleb128 0xd
 520 011a 6B020000 		.4byte	.LASF23
 521 011e 01       		.byte	0x1
 522 011f DB       		.byte	0xdb
 523 0120 C6000000 		.4byte	0xc6
 524 0124 00000000 		.4byte	.LFB5
 525 0128 0C000000 		.4byte	.LFE5-.LFB5
 526 012c 01       		.uleb128 0x1
 527 012d 9C       		.byte	0x9c
 528 012e 40010000 		.4byte	0x140
 529 0132 0C       		.uleb128 0xc
 530 0133 52020000 		.4byte	.LASF18
 531 0137 01       		.byte	0x1
 532 0138 DD       		.byte	0xdd
 533 0139 13010000 		.4byte	0x113
 534 013d 01       		.uleb128 0x1
 535 013e 53       		.byte	0x53
 536 013f 00       		.byte	0
 537 0140 0A       		.uleb128 0xa
 538 0141 5B010000 		.4byte	.LASF20
 539 0145 01       		.byte	0x1
 540 0146 FD       		.byte	0xfd
 541 0147 00000000 		.4byte	.LFB6
 542 014b 10000000 		.4byte	.LFE6-.LFB6
 543 014f 01       		.uleb128 0x1
 544 0150 9C       		.byte	0x9c
 545 0151 65010000 		.4byte	0x165
 546 0155 0E       		.uleb128 0xe
 547 0156 4B010000 		.4byte	.LASF22
 548 015a 01       		.byte	0x1
 549 015b FD       		.byte	0xfd
 550 015c 80000000 		.4byte	0x80
 551 0160 00000000 		.4byte	.LLST0
 552 0164 00       		.byte	0
 553 0165 0F       		.uleb128 0xf
 554 0166 92000000 		.4byte	.LASF24
 555 016a 01       		.byte	0x1
 556 016b 1301     		.2byte	0x113
 557 016d 80000000 		.4byte	0x80
 558 0171 00000000 		.4byte	.LFB7
ARM GAS  C:\Users\JohnP\AppData\Local\Temp\ccgyMADh.s 			page 18


 559 0175 0C000000 		.4byte	.LFE7-.LFB7
 560 0179 01       		.uleb128 0x1
 561 017a 9C       		.byte	0x9c
 562 017b 90010000 		.4byte	0x190
 563 017f 10       		.uleb128 0x10
 564 0180 4B010000 		.4byte	.LASF22
 565 0184 01       		.byte	0x1
 566 0185 1501     		.2byte	0x115
 567 0187 80000000 		.4byte	0x80
 568 018b 21000000 		.4byte	.LLST1
 569 018f 00       		.byte	0
 570 0190 11       		.uleb128 0x11
 571 0191 40020000 		.4byte	.LASF26
 572 0195 01       		.byte	0x1
 573 0196 2E01     		.2byte	0x12e
 574 0198 00000000 		.4byte	.LFB8
 575 019c 0C000000 		.4byte	.LFE8-.LFB8
 576 01a0 01       		.uleb128 0x1
 577 01a1 9C       		.byte	0x9c
 578 01a2 12       		.uleb128 0x12
 579 01a3 2A000000 		.4byte	.LASF36
 580 01a7 01       		.byte	0x1
 581 01a8 4301     		.2byte	0x143
 582 01aa 80000000 		.4byte	0x80
 583 01ae 00000000 		.4byte	.LFB9
 584 01b2 10000000 		.4byte	.LFE9-.LFB9
 585 01b6 01       		.uleb128 0x1
 586 01b7 9C       		.byte	0x9c
 587 01b8 11       		.uleb128 0x11
 588 01b9 5A000000 		.4byte	.LASF27
 589 01bd 01       		.byte	0x1
 590 01be 5801     		.2byte	0x158
 591 01c0 00000000 		.4byte	.LFB10
 592 01c4 0C000000 		.4byte	.LFE10-.LFB10
 593 01c8 01       		.uleb128 0x1
 594 01c9 9C       		.byte	0x9c
 595 01ca 0A       		.uleb128 0xa
 596 01cb 73000000 		.4byte	.LASF28
 597 01cf 01       		.byte	0x1
 598 01d0 3C       		.byte	0x3c
 599 01d1 00000000 		.4byte	.LFB0
 600 01d5 1C000000 		.4byte	.LFE0-.LFB0
 601 01d9 01       		.uleb128 0x1
 602 01da 9C       		.byte	0x9c
 603 01db 1C020000 		.4byte	0x21c
 604 01df 13       		.uleb128 0x13
 605 01e0 06000000 		.4byte	.LVL7
 606 01e4 B8010000 		.4byte	0x1b8
 607 01e8 14       		.uleb128 0x14
 608 01e9 0C000000 		.4byte	.LVL8
 609 01ed E3000000 		.4byte	0xe3
 610 01f1 FF010000 		.4byte	0x1ff
 611 01f5 15       		.uleb128 0x15
 612 01f6 01       		.uleb128 0x1
 613 01f7 50       		.byte	0x50
 614 01f8 05       		.uleb128 0x5
 615 01f9 03       		.byte	0x3
ARM GAS  C:\Users\JohnP\AppData\Local\Temp\ccgyMADh.s 			page 19


 616 01fa 00000000 		.4byte	isr_1_Interrupt
 617 01fe 00       		.byte	0
 618 01ff 14       		.uleb128 0x14
 619 0200 12000000 		.4byte	.LVL9
 620 0204 40010000 		.4byte	0x140
 621 0208 12020000 		.4byte	0x212
 622 020c 15       		.uleb128 0x15
 623 020d 01       		.uleb128 0x1
 624 020e 50       		.byte	0x50
 625 020f 01       		.uleb128 0x1
 626 0210 37       		.byte	0x37
 627 0211 00       		.byte	0
 628 0212 13       		.uleb128 0x13
 629 0213 16000000 		.4byte	.LVL10
 630 0217 90010000 		.4byte	0x190
 631 021b 00       		.byte	0
 632 021c 0A       		.uleb128 0xa
 633 021d A0020000 		.4byte	.LASF29
 634 0221 01       		.byte	0x1
 635 0222 67       		.byte	0x67
 636 0223 00000000 		.4byte	.LFB1
 637 0227 1A000000 		.4byte	.LFE1-.LFB1
 638 022b 01       		.uleb128 0x1
 639 022c 9C       		.byte	0x9c
 640 022d 7A020000 		.4byte	0x27a
 641 0231 0E       		.uleb128 0xe
 642 0232 81010000 		.4byte	.LASF21
 643 0236 01       		.byte	0x1
 644 0237 67       		.byte	0x67
 645 0238 C6000000 		.4byte	0xc6
 646 023c 38000000 		.4byte	.LLST2
 647 0240 13       		.uleb128 0x13
 648 0241 08000000 		.4byte	.LVL12
 649 0245 B8010000 		.4byte	0x1b8
 650 0249 14       		.uleb128 0x14
 651 024a 0E000000 		.4byte	.LVL13
 652 024e E3000000 		.4byte	0xe3
 653 0252 5D020000 		.4byte	0x25d
 654 0256 15       		.uleb128 0x15
 655 0257 01       		.uleb128 0x1
 656 0258 50       		.byte	0x50
 657 0259 02       		.uleb128 0x2
 658 025a 74       		.byte	0x74
 659 025b 00       		.sleb128 0
 660 025c 00       		.byte	0
 661 025d 14       		.uleb128 0x14
 662 025e 14000000 		.4byte	.LVL14
 663 0262 40010000 		.4byte	0x140
 664 0266 70020000 		.4byte	0x270
 665 026a 15       		.uleb128 0x15
 666 026b 01       		.uleb128 0x1
 667 026c 50       		.byte	0x50
 668 026d 01       		.uleb128 0x1
 669 026e 37       		.byte	0x37
 670 026f 00       		.byte	0
 671 0270 13       		.uleb128 0x13
 672 0271 18000000 		.4byte	.LVL15
ARM GAS  C:\Users\JohnP\AppData\Local\Temp\ccgyMADh.s 			page 20


 673 0275 90010000 		.4byte	0x190
 674 0279 00       		.byte	0
 675 027a 0A       		.uleb128 0xa
 676 027b 68000000 		.4byte	.LASF30
 677 027f 01       		.byte	0x1
 678 0280 85       		.byte	0x85
 679 0281 00000000 		.4byte	.LFB2
 680 0285 14000000 		.4byte	.LFE2-.LFB2
 681 0289 01       		.uleb128 0x1
 682 028a 9C       		.byte	0x9c
 683 028b A2020000 		.4byte	0x2a2
 684 028f 13       		.uleb128 0x13
 685 0290 06000000 		.4byte	.LVL16
 686 0294 B8010000 		.4byte	0x1b8
 687 0298 13       		.uleb128 0x13
 688 0299 0C000000 		.4byte	.LVL17
 689 029d E3000000 		.4byte	0xe3
 690 02a1 00       		.byte	0
 691 02a2 11       		.uleb128 0x11
 692 02a3 19000000 		.4byte	.LASF31
 693 02a7 01       		.byte	0x1
 694 02a8 7301     		.2byte	0x173
 695 02aa 00000000 		.4byte	.LFB11
 696 02ae 0C000000 		.4byte	.LFE11-.LFB11
 697 02b2 01       		.uleb128 0x1
 698 02b3 9C       		.byte	0x9c
 699 02b4 11       		.uleb128 0x11
 700 02b5 00000000 		.4byte	.LASF32
 701 02b9 01       		.byte	0x1
 702 02ba 8C01     		.2byte	0x18c
 703 02bc 00000000 		.4byte	.LFB12
 704 02c0 0C000000 		.4byte	.LFE12-.LFB12
 705 02c4 01       		.uleb128 0x1
 706 02c5 9C       		.byte	0x9c
 707 02c6 00       		.byte	0
 708              		.section	.debug_abbrev,"",%progbits
 709              	.Ldebug_abbrev0:
 710 0000 01       		.uleb128 0x1
 711 0001 11       		.uleb128 0x11
 712 0002 01       		.byte	0x1
 713 0003 25       		.uleb128 0x25
 714 0004 0E       		.uleb128 0xe
 715 0005 13       		.uleb128 0x13
 716 0006 0B       		.uleb128 0xb
 717 0007 03       		.uleb128 0x3
 718 0008 0E       		.uleb128 0xe
 719 0009 1B       		.uleb128 0x1b
 720 000a 0E       		.uleb128 0xe
 721 000b 55       		.uleb128 0x55
 722 000c 17       		.uleb128 0x17
 723 000d 11       		.uleb128 0x11
 724 000e 01       		.uleb128 0x1
 725 000f 10       		.uleb128 0x10
 726 0010 17       		.uleb128 0x17
 727 0011 00       		.byte	0
 728 0012 00       		.byte	0
 729 0013 02       		.uleb128 0x2
ARM GAS  C:\Users\JohnP\AppData\Local\Temp\ccgyMADh.s 			page 21


 730 0014 24       		.uleb128 0x24
 731 0015 00       		.byte	0
 732 0016 0B       		.uleb128 0xb
 733 0017 0B       		.uleb128 0xb
 734 0018 3E       		.uleb128 0x3e
 735 0019 0B       		.uleb128 0xb
 736 001a 03       		.uleb128 0x3
 737 001b 08       		.uleb128 0x8
 738 001c 00       		.byte	0
 739 001d 00       		.byte	0
 740 001e 03       		.uleb128 0x3
 741 001f 24       		.uleb128 0x24
 742 0020 00       		.byte	0
 743 0021 0B       		.uleb128 0xb
 744 0022 0B       		.uleb128 0xb
 745 0023 3E       		.uleb128 0x3e
 746 0024 0B       		.uleb128 0xb
 747 0025 03       		.uleb128 0x3
 748 0026 0E       		.uleb128 0xe
 749 0027 00       		.byte	0
 750 0028 00       		.byte	0
 751 0029 04       		.uleb128 0x4
 752 002a 0F       		.uleb128 0xf
 753 002b 00       		.byte	0
 754 002c 0B       		.uleb128 0xb
 755 002d 0B       		.uleb128 0xb
 756 002e 49       		.uleb128 0x49
 757 002f 13       		.uleb128 0x13
 758 0030 00       		.byte	0
 759 0031 00       		.byte	0
 760 0032 05       		.uleb128 0x5
 761 0033 15       		.uleb128 0x15
 762 0034 00       		.byte	0
 763 0035 27       		.uleb128 0x27
 764 0036 19       		.uleb128 0x19
 765 0037 00       		.byte	0
 766 0038 00       		.byte	0
 767 0039 06       		.uleb128 0x6
 768 003a 16       		.uleb128 0x16
 769 003b 00       		.byte	0
 770 003c 03       		.uleb128 0x3
 771 003d 0E       		.uleb128 0xe
 772 003e 3A       		.uleb128 0x3a
 773 003f 0B       		.uleb128 0xb
 774 0040 3B       		.uleb128 0x3b
 775 0041 0B       		.uleb128 0xb
 776 0042 49       		.uleb128 0x49
 777 0043 13       		.uleb128 0x13
 778 0044 00       		.byte	0
 779 0045 00       		.byte	0
 780 0046 07       		.uleb128 0x7
 781 0047 16       		.uleb128 0x16
 782 0048 00       		.byte	0
 783 0049 03       		.uleb128 0x3
 784 004a 0E       		.uleb128 0xe
 785 004b 3A       		.uleb128 0x3a
 786 004c 0B       		.uleb128 0xb
ARM GAS  C:\Users\JohnP\AppData\Local\Temp\ccgyMADh.s 			page 22


 787 004d 3B       		.uleb128 0x3b
 788 004e 05       		.uleb128 0x5
 789 004f 49       		.uleb128 0x49
 790 0050 13       		.uleb128 0x13
 791 0051 00       		.byte	0
 792 0052 00       		.byte	0
 793 0053 08       		.uleb128 0x8
 794 0054 35       		.uleb128 0x35
 795 0055 00       		.byte	0
 796 0056 49       		.uleb128 0x49
 797 0057 13       		.uleb128 0x13
 798 0058 00       		.byte	0
 799 0059 00       		.byte	0
 800 005a 09       		.uleb128 0x9
 801 005b 2E       		.uleb128 0x2e
 802 005c 00       		.byte	0
 803 005d 3F       		.uleb128 0x3f
 804 005e 19       		.uleb128 0x19
 805 005f 03       		.uleb128 0x3
 806 0060 0E       		.uleb128 0xe
 807 0061 3A       		.uleb128 0x3a
 808 0062 0B       		.uleb128 0xb
 809 0063 3B       		.uleb128 0x3b
 810 0064 0B       		.uleb128 0xb
 811 0065 27       		.uleb128 0x27
 812 0066 19       		.uleb128 0x19
 813 0067 11       		.uleb128 0x11
 814 0068 01       		.uleb128 0x1
 815 0069 12       		.uleb128 0x12
 816 006a 06       		.uleb128 0x6
 817 006b 40       		.uleb128 0x40
 818 006c 18       		.uleb128 0x18
 819 006d 9742     		.uleb128 0x2117
 820 006f 19       		.uleb128 0x19
 821 0070 00       		.byte	0
 822 0071 00       		.byte	0
 823 0072 0A       		.uleb128 0xa
 824 0073 2E       		.uleb128 0x2e
 825 0074 01       		.byte	0x1
 826 0075 3F       		.uleb128 0x3f
 827 0076 19       		.uleb128 0x19
 828 0077 03       		.uleb128 0x3
 829 0078 0E       		.uleb128 0xe
 830 0079 3A       		.uleb128 0x3a
 831 007a 0B       		.uleb128 0xb
 832 007b 3B       		.uleb128 0x3b
 833 007c 0B       		.uleb128 0xb
 834 007d 27       		.uleb128 0x27
 835 007e 19       		.uleb128 0x19
 836 007f 11       		.uleb128 0x11
 837 0080 01       		.uleb128 0x1
 838 0081 12       		.uleb128 0x12
 839 0082 06       		.uleb128 0x6
 840 0083 40       		.uleb128 0x40
 841 0084 18       		.uleb128 0x18
 842 0085 9742     		.uleb128 0x2117
 843 0087 19       		.uleb128 0x19
ARM GAS  C:\Users\JohnP\AppData\Local\Temp\ccgyMADh.s 			page 23


 844 0088 01       		.uleb128 0x1
 845 0089 13       		.uleb128 0x13
 846 008a 00       		.byte	0
 847 008b 00       		.byte	0
 848 008c 0B       		.uleb128 0xb
 849 008d 05       		.uleb128 0x5
 850 008e 00       		.byte	0
 851 008f 03       		.uleb128 0x3
 852 0090 0E       		.uleb128 0xe
 853 0091 3A       		.uleb128 0x3a
 854 0092 0B       		.uleb128 0xb
 855 0093 3B       		.uleb128 0x3b
 856 0094 0B       		.uleb128 0xb
 857 0095 49       		.uleb128 0x49
 858 0096 13       		.uleb128 0x13
 859 0097 02       		.uleb128 0x2
 860 0098 18       		.uleb128 0x18
 861 0099 00       		.byte	0
 862 009a 00       		.byte	0
 863 009b 0C       		.uleb128 0xc
 864 009c 34       		.uleb128 0x34
 865 009d 00       		.byte	0
 866 009e 03       		.uleb128 0x3
 867 009f 0E       		.uleb128 0xe
 868 00a0 3A       		.uleb128 0x3a
 869 00a1 0B       		.uleb128 0xb
 870 00a2 3B       		.uleb128 0x3b
 871 00a3 0B       		.uleb128 0xb
 872 00a4 49       		.uleb128 0x49
 873 00a5 13       		.uleb128 0x13
 874 00a6 02       		.uleb128 0x2
 875 00a7 18       		.uleb128 0x18
 876 00a8 00       		.byte	0
 877 00a9 00       		.byte	0
 878 00aa 0D       		.uleb128 0xd
 879 00ab 2E       		.uleb128 0x2e
 880 00ac 01       		.byte	0x1
 881 00ad 3F       		.uleb128 0x3f
 882 00ae 19       		.uleb128 0x19
 883 00af 03       		.uleb128 0x3
 884 00b0 0E       		.uleb128 0xe
 885 00b1 3A       		.uleb128 0x3a
 886 00b2 0B       		.uleb128 0xb
 887 00b3 3B       		.uleb128 0x3b
 888 00b4 0B       		.uleb128 0xb
 889 00b5 27       		.uleb128 0x27
 890 00b6 19       		.uleb128 0x19
 891 00b7 49       		.uleb128 0x49
 892 00b8 13       		.uleb128 0x13
 893 00b9 11       		.uleb128 0x11
 894 00ba 01       		.uleb128 0x1
 895 00bb 12       		.uleb128 0x12
 896 00bc 06       		.uleb128 0x6
 897 00bd 40       		.uleb128 0x40
 898 00be 18       		.uleb128 0x18
 899 00bf 9742     		.uleb128 0x2117
 900 00c1 19       		.uleb128 0x19
ARM GAS  C:\Users\JohnP\AppData\Local\Temp\ccgyMADh.s 			page 24


 901 00c2 01       		.uleb128 0x1
 902 00c3 13       		.uleb128 0x13
 903 00c4 00       		.byte	0
 904 00c5 00       		.byte	0
 905 00c6 0E       		.uleb128 0xe
 906 00c7 05       		.uleb128 0x5
 907 00c8 00       		.byte	0
 908 00c9 03       		.uleb128 0x3
 909 00ca 0E       		.uleb128 0xe
 910 00cb 3A       		.uleb128 0x3a
 911 00cc 0B       		.uleb128 0xb
 912 00cd 3B       		.uleb128 0x3b
 913 00ce 0B       		.uleb128 0xb
 914 00cf 49       		.uleb128 0x49
 915 00d0 13       		.uleb128 0x13
 916 00d1 02       		.uleb128 0x2
 917 00d2 17       		.uleb128 0x17
 918 00d3 00       		.byte	0
 919 00d4 00       		.byte	0
 920 00d5 0F       		.uleb128 0xf
 921 00d6 2E       		.uleb128 0x2e
 922 00d7 01       		.byte	0x1
 923 00d8 3F       		.uleb128 0x3f
 924 00d9 19       		.uleb128 0x19
 925 00da 03       		.uleb128 0x3
 926 00db 0E       		.uleb128 0xe
 927 00dc 3A       		.uleb128 0x3a
 928 00dd 0B       		.uleb128 0xb
 929 00de 3B       		.uleb128 0x3b
 930 00df 05       		.uleb128 0x5
 931 00e0 27       		.uleb128 0x27
 932 00e1 19       		.uleb128 0x19
 933 00e2 49       		.uleb128 0x49
 934 00e3 13       		.uleb128 0x13
 935 00e4 11       		.uleb128 0x11
 936 00e5 01       		.uleb128 0x1
 937 00e6 12       		.uleb128 0x12
 938 00e7 06       		.uleb128 0x6
 939 00e8 40       		.uleb128 0x40
 940 00e9 18       		.uleb128 0x18
 941 00ea 9742     		.uleb128 0x2117
 942 00ec 19       		.uleb128 0x19
 943 00ed 01       		.uleb128 0x1
 944 00ee 13       		.uleb128 0x13
 945 00ef 00       		.byte	0
 946 00f0 00       		.byte	0
 947 00f1 10       		.uleb128 0x10
 948 00f2 34       		.uleb128 0x34
 949 00f3 00       		.byte	0
 950 00f4 03       		.uleb128 0x3
 951 00f5 0E       		.uleb128 0xe
 952 00f6 3A       		.uleb128 0x3a
 953 00f7 0B       		.uleb128 0xb
 954 00f8 3B       		.uleb128 0x3b
 955 00f9 05       		.uleb128 0x5
 956 00fa 49       		.uleb128 0x49
 957 00fb 13       		.uleb128 0x13
ARM GAS  C:\Users\JohnP\AppData\Local\Temp\ccgyMADh.s 			page 25


 958 00fc 02       		.uleb128 0x2
 959 00fd 17       		.uleb128 0x17
 960 00fe 00       		.byte	0
 961 00ff 00       		.byte	0
 962 0100 11       		.uleb128 0x11
 963 0101 2E       		.uleb128 0x2e
 964 0102 00       		.byte	0
 965 0103 3F       		.uleb128 0x3f
 966 0104 19       		.uleb128 0x19
 967 0105 03       		.uleb128 0x3
 968 0106 0E       		.uleb128 0xe
 969 0107 3A       		.uleb128 0x3a
 970 0108 0B       		.uleb128 0xb
 971 0109 3B       		.uleb128 0x3b
 972 010a 05       		.uleb128 0x5
 973 010b 27       		.uleb128 0x27
 974 010c 19       		.uleb128 0x19
 975 010d 11       		.uleb128 0x11
 976 010e 01       		.uleb128 0x1
 977 010f 12       		.uleb128 0x12
 978 0110 06       		.uleb128 0x6
 979 0111 40       		.uleb128 0x40
 980 0112 18       		.uleb128 0x18
 981 0113 9742     		.uleb128 0x2117
 982 0115 19       		.uleb128 0x19
 983 0116 00       		.byte	0
 984 0117 00       		.byte	0
 985 0118 12       		.uleb128 0x12
 986 0119 2E       		.uleb128 0x2e
 987 011a 00       		.byte	0
 988 011b 3F       		.uleb128 0x3f
 989 011c 19       		.uleb128 0x19
 990 011d 03       		.uleb128 0x3
 991 011e 0E       		.uleb128 0xe
 992 011f 3A       		.uleb128 0x3a
 993 0120 0B       		.uleb128 0xb
 994 0121 3B       		.uleb128 0x3b
 995 0122 05       		.uleb128 0x5
 996 0123 27       		.uleb128 0x27
 997 0124 19       		.uleb128 0x19
 998 0125 49       		.uleb128 0x49
 999 0126 13       		.uleb128 0x13
 1000 0127 11       		.uleb128 0x11
 1001 0128 01       		.uleb128 0x1
 1002 0129 12       		.uleb128 0x12
 1003 012a 06       		.uleb128 0x6
 1004 012b 40       		.uleb128 0x40
 1005 012c 18       		.uleb128 0x18
 1006 012d 9742     		.uleb128 0x2117
 1007 012f 19       		.uleb128 0x19
 1008 0130 00       		.byte	0
 1009 0131 00       		.byte	0
 1010 0132 13       		.uleb128 0x13
 1011 0133 898201   		.uleb128 0x4109
 1012 0136 00       		.byte	0
 1013 0137 11       		.uleb128 0x11
 1014 0138 01       		.uleb128 0x1
ARM GAS  C:\Users\JohnP\AppData\Local\Temp\ccgyMADh.s 			page 26


 1015 0139 31       		.uleb128 0x31
 1016 013a 13       		.uleb128 0x13
 1017 013b 00       		.byte	0
 1018 013c 00       		.byte	0
 1019 013d 14       		.uleb128 0x14
 1020 013e 898201   		.uleb128 0x4109
 1021 0141 01       		.byte	0x1
 1022 0142 11       		.uleb128 0x11
 1023 0143 01       		.uleb128 0x1
 1024 0144 31       		.uleb128 0x31
 1025 0145 13       		.uleb128 0x13
 1026 0146 01       		.uleb128 0x1
 1027 0147 13       		.uleb128 0x13
 1028 0148 00       		.byte	0
 1029 0149 00       		.byte	0
 1030 014a 15       		.uleb128 0x15
 1031 014b 8A8201   		.uleb128 0x410a
 1032 014e 00       		.byte	0
 1033 014f 02       		.uleb128 0x2
 1034 0150 18       		.uleb128 0x18
 1035 0151 9142     		.uleb128 0x2111
 1036 0153 18       		.uleb128 0x18
 1037 0154 00       		.byte	0
 1038 0155 00       		.byte	0
 1039 0156 00       		.byte	0
 1040              		.section	.debug_loc,"",%progbits
 1041              	.Ldebug_loc0:
 1042              	.LLST0:
 1043 0000 00000000 		.4byte	.LVL3
 1044 0004 02000000 		.4byte	.LVL4
 1045 0008 0100     		.2byte	0x1
 1046 000a 50       		.byte	0x50
 1047 000b 02000000 		.4byte	.LVL4
 1048 000f 10000000 		.4byte	.LFE6
 1049 0013 0400     		.2byte	0x4
 1050 0015 F3       		.byte	0xf3
 1051 0016 01       		.uleb128 0x1
 1052 0017 50       		.byte	0x50
 1053 0018 9F       		.byte	0x9f
 1054 0019 00000000 		.4byte	0
 1055 001d 00000000 		.4byte	0
 1056              	.LLST1:
 1057 0021 04000000 		.4byte	.LVL5
 1058 0025 06000000 		.4byte	.LVL6
 1059 0029 0500     		.2byte	0x5
 1060 002b 70       		.byte	0x70
 1061 002c 00       		.sleb128 0
 1062 002d 35       		.byte	0x35
 1063 002e 25       		.byte	0x25
 1064 002f 9F       		.byte	0x9f
 1065 0030 00000000 		.4byte	0
 1066 0034 00000000 		.4byte	0
 1067              	.LLST2:
 1068 0038 00000000 		.4byte	.LVL11
 1069 003c 07000000 		.4byte	.LVL12-1
 1070 0040 0100     		.2byte	0x1
 1071 0042 50       		.byte	0x50
ARM GAS  C:\Users\JohnP\AppData\Local\Temp\ccgyMADh.s 			page 27


 1072 0043 07000000 		.4byte	.LVL12-1
 1073 0047 1A000000 		.4byte	.LFE1
 1074 004b 0100     		.2byte	0x1
 1075 004d 54       		.byte	0x54
 1076 004e 00000000 		.4byte	0
 1077 0052 00000000 		.4byte	0
 1078              		.section	.debug_aranges,"",%progbits
 1079 0000 7C000000 		.4byte	0x7c
 1080 0004 0200     		.2byte	0x2
 1081 0006 00000000 		.4byte	.Ldebug_info0
 1082 000a 04       		.byte	0x4
 1083 000b 00       		.byte	0
 1084 000c 0000     		.2byte	0
 1085 000e 0000     		.2byte	0
 1086 0010 00000000 		.4byte	.LFB3
 1087 0014 02000000 		.4byte	.LFE3-.LFB3
 1088 0018 00000000 		.4byte	.LFB4
 1089 001c 0C000000 		.4byte	.LFE4-.LFB4
 1090 0020 00000000 		.4byte	.LFB5
 1091 0024 0C000000 		.4byte	.LFE5-.LFB5
 1092 0028 00000000 		.4byte	.LFB6
 1093 002c 10000000 		.4byte	.LFE6-.LFB6
 1094 0030 00000000 		.4byte	.LFB7
 1095 0034 0C000000 		.4byte	.LFE7-.LFB7
 1096 0038 00000000 		.4byte	.LFB8
 1097 003c 0C000000 		.4byte	.LFE8-.LFB8
 1098 0040 00000000 		.4byte	.LFB9
 1099 0044 10000000 		.4byte	.LFE9-.LFB9
 1100 0048 00000000 		.4byte	.LFB10
 1101 004c 0C000000 		.4byte	.LFE10-.LFB10
 1102 0050 00000000 		.4byte	.LFB0
 1103 0054 1C000000 		.4byte	.LFE0-.LFB0
 1104 0058 00000000 		.4byte	.LFB1
 1105 005c 1A000000 		.4byte	.LFE1-.LFB1
 1106 0060 00000000 		.4byte	.LFB2
 1107 0064 14000000 		.4byte	.LFE2-.LFB2
 1108 0068 00000000 		.4byte	.LFB11
 1109 006c 0C000000 		.4byte	.LFE11-.LFB11
 1110 0070 00000000 		.4byte	.LFB12
 1111 0074 0C000000 		.4byte	.LFE12-.LFB12
 1112 0078 00000000 		.4byte	0
 1113 007c 00000000 		.4byte	0
 1114              		.section	.debug_ranges,"",%progbits
 1115              	.Ldebug_ranges0:
 1116 0000 00000000 		.4byte	.LFB3
 1117 0004 02000000 		.4byte	.LFE3
 1118 0008 00000000 		.4byte	.LFB4
 1119 000c 0C000000 		.4byte	.LFE4
 1120 0010 00000000 		.4byte	.LFB5
 1121 0014 0C000000 		.4byte	.LFE5
 1122 0018 00000000 		.4byte	.LFB6
 1123 001c 10000000 		.4byte	.LFE6
 1124 0020 00000000 		.4byte	.LFB7
 1125 0024 0C000000 		.4byte	.LFE7
 1126 0028 00000000 		.4byte	.LFB8
 1127 002c 0C000000 		.4byte	.LFE8
 1128 0030 00000000 		.4byte	.LFB9
ARM GAS  C:\Users\JohnP\AppData\Local\Temp\ccgyMADh.s 			page 28


 1129 0034 10000000 		.4byte	.LFE9
 1130 0038 00000000 		.4byte	.LFB10
 1131 003c 0C000000 		.4byte	.LFE10
 1132 0040 00000000 		.4byte	.LFB0
 1133 0044 1C000000 		.4byte	.LFE0
 1134 0048 00000000 		.4byte	.LFB1
 1135 004c 1A000000 		.4byte	.LFE1
 1136 0050 00000000 		.4byte	.LFB2
 1137 0054 14000000 		.4byte	.LFE2
 1138 0058 00000000 		.4byte	.LFB11
 1139 005c 0C000000 		.4byte	.LFE11
 1140 0060 00000000 		.4byte	.LFB12
 1141 0064 0C000000 		.4byte	.LFE12
 1142 0068 00000000 		.4byte	0
 1143 006c 00000000 		.4byte	0
 1144              		.section	.debug_line,"",%progbits
 1145              	.Ldebug_line0:
 1146 0000 47010000 		.section	.debug_str,"MS",%progbits,1
 1146      02005B00 
 1146      00000201 
 1146      FB0E0D00 
 1146      01010101 
 1147              	.LASF32:
 1148 0000 6973725F 		.ascii	"isr_1_ClearPending\000"
 1148      315F436C 
 1148      65617250 
 1148      656E6469 
 1148      6E6700
 1149              	.LASF16:
 1150 0013 72656733 		.ascii	"reg32\000"
 1150      3200
 1151              	.LASF31:
 1152 0019 6973725F 		.ascii	"isr_1_SetPending\000"
 1152      315F5365 
 1152      7450656E 
 1152      64696E67 
 1152      00
 1153              	.LASF36:
 1154 002a 6973725F 		.ascii	"isr_1_GetState\000"
 1154      315F4765 
 1154      74537461 
 1154      746500
 1155              	.LASF34:
 1156 0039 2E5C4765 		.ascii	".\\Generated_Source\\PSoC5\\isr_1.c\000"
 1156      6E657261 
 1156      7465645F 
 1156      536F7572 
 1156      63655C50 
 1157              	.LASF27:
 1158 005a 6973725F 		.ascii	"isr_1_Disable\000"
 1158      315F4469 
 1158      7361626C 
 1158      6500
 1159              	.LASF30:
 1160 0068 6973725F 		.ascii	"isr_1_Stop\000"
 1160      315F5374 
 1160      6F7000
ARM GAS  C:\Users\JohnP\AppData\Local\Temp\ccgyMADh.s 			page 29


 1161              	.LASF28:
 1162 0073 6973725F 		.ascii	"isr_1_Start\000"
 1162      315F5374 
 1162      61727400 
 1163              	.LASF4:
 1164 007f 73686F72 		.ascii	"short unsigned int\000"
 1164      7420756E 
 1164      7369676E 
 1164      65642069 
 1164      6E7400
 1165              	.LASF24:
 1166 0092 6973725F 		.ascii	"isr_1_GetPriority\000"
 1166      315F4765 
 1166      74507269 
 1166      6F726974 
 1166      7900
 1167              	.LASF13:
 1168 00a4 666C6F61 		.ascii	"float\000"
 1168      7400
 1169              	.LASF2:
 1170 00aa 756E7369 		.ascii	"unsigned char\000"
 1170      676E6564 
 1170      20636861 
 1170      7200
 1171              	.LASF15:
 1172 00b8 72656738 		.ascii	"reg8\000"
 1172      00
 1173              	.LASF6:
 1174 00bd 6C6F6E67 		.ascii	"long unsigned int\000"
 1174      20756E73 
 1174      69676E65 
 1174      6420696E 
 1174      7400
 1175              	.LASF11:
 1176 00cf 75696E74 		.ascii	"uint8\000"
 1176      3800
 1177              	.LASF35:
 1178 00d5 433A5C55 		.ascii	"C:\\Users\\JohnP\\OneDrive\\College\\2015-2016 Seni"
 1178      73657273 
 1178      5C4A6F68 
 1178      6E505C4F 
 1178      6E654472 
 1179 0103 6F722059 		.ascii	"or Year\\0 Fall Quarter\\CE4920\\Lab\\project\\CE49"
 1179      6561725C 
 1179      30204661 
 1179      6C6C2051 
 1179      75617274 
 1180 0131 32305072 		.ascii	"20Project1\\Design01.cydsn\000"
 1180      6F6A6563 
 1180      74315C44 
 1180      65736967 
 1180      6E30312E 
 1181              	.LASF22:
 1182 014b 7072696F 		.ascii	"priority\000"
 1182      72697479 
 1182      00
 1183              	.LASF14:
ARM GAS  C:\Users\JohnP\AppData\Local\Temp\ccgyMADh.s 			page 30


 1184 0154 646F7562 		.ascii	"double\000"
 1184      6C6500
 1185              	.LASF20:
 1186 015b 6973725F 		.ascii	"isr_1_SetPriority\000"
 1186      315F5365 
 1186      74507269 
 1186      6F726974 
 1186      7900
 1187              	.LASF12:
 1188 016d 75696E74 		.ascii	"uint32\000"
 1188      333200
 1189              	.LASF0:
 1190 0174 756E7369 		.ascii	"unsigned int\000"
 1190      676E6564 
 1190      20696E74 
 1190      00
 1191              	.LASF21:
 1192 0181 61646472 		.ascii	"address\000"
 1192      65737300 
 1193              	.LASF8:
 1194 0189 6C6F6E67 		.ascii	"long long unsigned int\000"
 1194      206C6F6E 
 1194      6720756E 
 1194      7369676E 
 1194      65642069 
 1195              	.LASF17:
 1196 01a0 63796973 		.ascii	"cyisraddress\000"
 1196      72616464 
 1196      72657373 
 1196      00
 1197              	.LASF33:
 1198 01ad 474E5520 		.ascii	"GNU C 4.8.4 20140526 (release) [ARM/embedded-4_8-br"
 1198      4320342E 
 1198      382E3420 
 1198      32303134 
 1198      30353236 
 1199 01e0 616E6368 		.ascii	"anch revision 211358] -mcpu=cortex-m3 -mthumb -g -O"
 1199      20726576 
 1199      6973696F 
 1199      6E203231 
 1199      31333538 
 1200 0213 67202D66 		.ascii	"g -ffunction-sections\000"
 1200      66756E63 
 1200      74696F6E 
 1200      2D736563 
 1200      74696F6E 
 1201              	.LASF9:
 1202 0229 73697A65 		.ascii	"sizetype\000"
 1202      74797065 
 1202      00
 1203              	.LASF7:
 1204 0232 6C6F6E67 		.ascii	"long long int\000"
 1204      206C6F6E 
 1204      6720696E 
 1204      7400
 1205              	.LASF26:
 1206 0240 6973725F 		.ascii	"isr_1_Enable\000"
ARM GAS  C:\Users\JohnP\AppData\Local\Temp\ccgyMADh.s 			page 31


 1206      315F456E 
 1206      61626C65 
 1206      00
 1207              	.LASF10:
 1208 024d 63686172 		.ascii	"char\000"
 1208      00
 1209              	.LASF18:
 1210 0252 72616D56 		.ascii	"ramVectorTable\000"
 1210      6563746F 
 1210      72546162 
 1210      6C6500
 1211              	.LASF3:
 1212 0261 73686F72 		.ascii	"short int\000"
 1212      7420696E 
 1212      7400
 1213              	.LASF23:
 1214 026b 6973725F 		.ascii	"isr_1_GetVector\000"
 1214      315F4765 
 1214      74566563 
 1214      746F7200 
 1215              	.LASF25:
 1216 027b 6973725F 		.ascii	"isr_1_Interrupt\000"
 1216      315F496E 
 1216      74657272 
 1216      75707400 
 1217              	.LASF5:
 1218 028b 6C6F6E67 		.ascii	"long int\000"
 1218      20696E74 
 1218      00
 1219              	.LASF1:
 1220 0294 7369676E 		.ascii	"signed char\000"
 1220      65642063 
 1220      68617200 
 1221              	.LASF29:
 1222 02a0 6973725F 		.ascii	"isr_1_StartEx\000"
 1222      315F5374 
 1222      61727445 
 1222      7800
 1223              	.LASF19:
 1224 02ae 6973725F 		.ascii	"isr_1_SetVector\000"
 1224      315F5365 
 1224      74566563 
 1224      746F7200 
 1225              		.ident	"GCC: (GNU Tools for ARM Embedded Processors) 4.8.4 20140526 (release) [ARM/embedded-4_8-br
