ARM GAS  C:\Users\JohnP\AppData\Local\Temp\ccyYtWmD.s 			page 1


   1              		.syntax unified
   2              		.cpu cortex-m3
   3              		.fpu softvfp
   4              		.eabi_attribute 20, 1
   5              		.eabi_attribute 21, 1
   6              		.eabi_attribute 23, 3
   7              		.eabi_attribute 24, 1
   8              		.eabi_attribute 25, 1
   9              		.eabi_attribute 26, 1
  10              		.eabi_attribute 30, 1
  11              		.eabi_attribute 34, 1
  12              		.eabi_attribute 18, 4
  13              		.thumb
  14              		.file	"main.c"
  15              		.text
  16              	.Ltext0:
  17              		.cfi_sections	.debug_frame
  18              		.section	.text.main,"ax",%progbits
  19              		.align	2
  20              		.global	main
  21              		.thumb
  22              		.thumb_func
  23              		.type	main, %function
  24              	main:
  25              	.LFB63:
  26              		.file 1 ".\\main.c"
   1:.\main.c      **** /* ========================================
   2:.\main.c      ****  *
   3:.\main.c      ****  * Copyright YOUR COMPANY, THE YEAR
   4:.\main.c      ****  * All Rights Reserved
   5:.\main.c      ****  * UNPUBLISHED, LICENSED SOFTWARE.
   6:.\main.c      ****  *
   7:.\main.c      ****  * CONFIDENTIAL AND PROPRIETARY INFORMATION
   8:.\main.c      ****  * WHICH IS THE PROPERTY OF your company.
   9:.\main.c      ****  *
  10:.\main.c      ****  * ========================================
  11:.\main.c      **** */
  12:.\main.c      **** #include <project.h>
  13:.\main.c      **** #include "states.h"
  14:.\main.c      **** /* State types and variables */
  15:.\main.c      **** 
  16:.\main.c      **** extern STATE currentState;
  17:.\main.c      **** 
  18:.\main.c      **** int main()
  19:.\main.c      **** {
  27              		.loc 1 19 0
  28              		.cfi_startproc
  29              		@ args = 0, pretend = 0, frame = 0
  30              		@ frame_needed = 0, uses_anonymous_args = 0
  31 0000 10B5     		push	{r4, lr}
  32              		.cfi_def_cfa_offset 8
  33              		.cfi_offset 4, -8
  34              		.cfi_offset 14, -4
  20:.\main.c      ****     CyGlobalIntEnable; /* Enable global interrupts. */
  35              		.loc 1 20 0
  36              	@ 20 ".\main.c" 1
  37 0002 62B6     		CPSIE   i
ARM GAS  C:\Users\JohnP\AppData\Local\Temp\ccyYtWmD.s 			page 2


  38              	@ 0 "" 2
  21:.\main.c      **** 
  22:.\main.c      ****    
  23:.\main.c      ****     /* Place your initialization/startup code here (e.g. MyInst_Start()) */
  24:.\main.c      ****     currentState = STATE_RESET;
  39              		.loc 1 24 0
  40              		.thumb
  41 0004 0120     		movs	r0, #1
  42 0006 1B4B     		ldr	r3, .L14
  43 0008 1860     		str	r0, [r3]
  25:.\main.c      ****     LCD_ClearDisplay();
  44              		.loc 1 25 0
  45 000a FFF7FEFF 		bl	LCD_WriteControl
  46              	.LVL0:
  26:.\main.c      ****     for(;;)
  27:.\main.c      ****     {      
  28:.\main.c      ****         /* Place your application code here. */            
  29:.\main.c      ****         switch (currentState) {
  47              		.loc 1 29 0
  48 000e 194C     		ldr	r4, .L14
  49              	.L13:
  50 0010 2368     		ldr	r3, [r4]
  51 0012 072B     		cmp	r3, #7
  52 0014 FCD8     		bhi	.L13
  53 0016 01A2     		adr	r2, .L5
  54 0018 52F823F0 		ldr	pc, [r2, r3, lsl #2]
  55              		.p2align 2
  56              	.L5:
  57 001c 45000000 		.word	.L4+1
  58 0020 3D000000 		.word	.L6+1
  59 0024 11000000 		.word	.L13+1
  60 0028 55000000 		.word	.L7+1
  61 002c 6D000000 		.word	.L8+1
  62 0030 4D000000 		.word	.L9+1
  63 0034 65000000 		.word	.L10+1
  64 0038 5D000000 		.word	.L11+1
  65              		.p2align 1
  66              	.L6:
  30:.\main.c      ****             case STATE_RESET:
  31:.\main.c      ****                 currentState = State_reset();
  67              		.loc 1 31 0
  68 003c FFF7FEFF 		bl	State_reset
  69              	.LVL1:
  70 0040 2060     		str	r0, [r4]
  32:.\main.c      ****                 break;
  71              		.loc 1 32 0
  72 0042 E5E7     		b	.L13
  73              	.L4:
  33:.\main.c      ****             case STATE_WAIT:
  34:.\main.c      ****                 currentState = State_wait();
  74              		.loc 1 34 0
  75 0044 FFF7FEFF 		bl	State_wait
  76              	.LVL2:
  77 0048 2060     		str	r0, [r4]
  35:.\main.c      ****                 break;
  78              		.loc 1 35 0
  79 004a E1E7     		b	.L13
ARM GAS  C:\Users\JohnP\AppData\Local\Temp\ccyYtWmD.s 			page 3


  80              	.L9:
  36:.\main.c      ****             case STATE_MOVING:
  37:.\main.c      ****                 currentState = State_moving();
  81              		.loc 1 37 0
  82 004c FFF7FEFF 		bl	State_moving
  83              	.LVL3:
  84 0050 2060     		str	r0, [r4]
  38:.\main.c      ****                 break;
  85              		.loc 1 38 0
  86 0052 DDE7     		b	.L13
  87              	.L7:
  39:.\main.c      ****             case STATE_PROFILE_SELECTION:
  40:.\main.c      ****                 currentState = State_profile_selection();
  88              		.loc 1 40 0
  89 0054 FFF7FEFF 		bl	State_profile_selection
  90              	.LVL4:
  91 0058 2060     		str	r0, [r4]
  41:.\main.c      ****                 break;
  92              		.loc 1 41 0
  93 005a D9E7     		b	.L13
  94              	.L11:
  42:.\main.c      ****             case STATE_STOP:
  43:.\main.c      ****                 currentState = State_stop();
  95              		.loc 1 43 0
  96 005c FFF7FEFF 		bl	State_stop
  97              	.LVL5:
  98 0060 2060     		str	r0, [r4]
  44:.\main.c      ****                 break;
  99              		.loc 1 44 0
 100 0062 D5E7     		b	.L13
 101              	.L10:
  45:.\main.c      ****             case STATE_HEARTRATE_CHANGE:
  46:.\main.c      ****                 currentState = State_heartrate_change();
 102              		.loc 1 46 0
 103 0064 FFF7FEFF 		bl	State_heartrate_change
 104              	.LVL6:
 105 0068 2060     		str	r0, [r4]
  47:.\main.c      ****                 break;
 106              		.loc 1 47 0
 107 006a D1E7     		b	.L13
 108              	.L8:
  48:.\main.c      ****             case STATE_RAMPUP:
  49:.\main.c      ****                 currentState = State_rampup();
 109              		.loc 1 49 0
 110 006c FFF7FEFF 		bl	State_rampup
 111              	.LVL7:
 112 0070 2060     		str	r0, [r4]
  50:.\main.c      ****                 break;
 113              		.loc 1 50 0
 114 0072 CDE7     		b	.L13
 115              	.L15:
 116              		.align	2
 117              	.L14:
 118 0074 00000000 		.word	currentState
 119              		.cfi_endproc
 120              	.LFE63:
 121              		.size	main, .-main
ARM GAS  C:\Users\JohnP\AppData\Local\Temp\ccyYtWmD.s 			page 4


 122              		.comm	Prev_state,4,4
 123              		.comm	currentState,4,4
 124              		.comm	RESET_CAUSE,4,4
 125              		.comm	PROFILE,4,4
 126              		.comm	increasingHr,4,4
 127              		.comm	average,4,4
 128              		.comm	timer_value,4,4
 129              		.comm	timer_status,4,4
 130              		.comm	heartbeatCounter,4,4
 131              		.comm	heartrate,4,4
 132              		.comm	speed,4,4
 133              		.text
 134              	.Letext0:
 135              		.file 2 "c:\\program files\\cypress\\psoc creator\\3.2\\psoc creator\\import\\gnu\\arm\\4.8.4\\arm
 136              		.file 3 "c:\\program files\\cypress\\psoc creator\\3.2\\psoc creator\\import\\gnu\\arm\\4.8.4\\arm
 137              		.file 4 "Generated_Source\\PSoC5/cytypes.h"
 138              		.file 5 ".\\states.h"
 139              		.file 6 "Generated_Source\\PSoC5/core_cm3.h"
 140              		.file 7 ".\\motor.h"
 141              		.file 8 ".\\heartrate.h"
 142              		.file 9 "Generated_Source\\PSoC5/LCD.h"
 143              		.section	.debug_info,"",%progbits
 144              	.Ldebug_info0:
 145 0000 6C020000 		.4byte	0x26c
 146 0004 0400     		.2byte	0x4
 147 0006 00000000 		.4byte	.Ldebug_abbrev0
 148 000a 04       		.byte	0x4
 149 000b 01       		.uleb128 0x1
 150 000c 11010000 		.4byte	.LASF36
 151 0010 01       		.byte	0x1
 152 0011 F6000000 		.4byte	.LASF37
 153 0015 30000000 		.4byte	.LASF38
 154 0019 00000000 		.4byte	.Ldebug_ranges0+0
 155 001d 00000000 		.4byte	0
 156 0021 00000000 		.4byte	.Ldebug_line0
 157 0025 02       		.uleb128 0x2
 158 0026 01       		.byte	0x1
 159 0027 06       		.byte	0x6
 160 0028 6B020000 		.4byte	.LASF0
 161 002c 02       		.uleb128 0x2
 162 002d 01       		.byte	0x1
 163 002e 08       		.byte	0x8
 164 002f E8000000 		.4byte	.LASF1
 165 0033 02       		.uleb128 0x2
 166 0034 02       		.byte	0x2
 167 0035 05       		.byte	0x5
 168 0036 3F020000 		.4byte	.LASF2
 169 003a 02       		.uleb128 0x2
 170 003b 02       		.byte	0x2
 171 003c 07       		.byte	0x7
 172 003d 8D010000 		.4byte	.LASF3
 173 0041 03       		.uleb128 0x3
 174 0042 7F000000 		.4byte	.LASF9
 175 0046 02       		.byte	0x2
 176 0047 37       		.byte	0x37
 177 0048 4C000000 		.4byte	0x4c
 178 004c 02       		.uleb128 0x2
ARM GAS  C:\Users\JohnP\AppData\Local\Temp\ccyYtWmD.s 			page 5


 179 004d 04       		.byte	0x4
 180 004e 05       		.byte	0x5
 181 004f 56020000 		.4byte	.LASF4
 182 0053 02       		.uleb128 0x2
 183 0054 04       		.byte	0x4
 184 0055 07       		.byte	0x7
 185 0056 FF000000 		.4byte	.LASF5
 186 005a 02       		.uleb128 0x2
 187 005b 08       		.byte	0x8
 188 005c 05       		.byte	0x5
 189 005d 00000000 		.4byte	.LASF6
 190 0061 02       		.uleb128 0x2
 191 0062 08       		.byte	0x8
 192 0063 07       		.byte	0x7
 193 0064 EB010000 		.4byte	.LASF7
 194 0068 04       		.uleb128 0x4
 195 0069 04       		.byte	0x4
 196 006a 05       		.byte	0x5
 197 006b 696E7400 		.ascii	"int\000"
 198 006f 02       		.uleb128 0x2
 199 0070 04       		.byte	0x4
 200 0071 07       		.byte	0x7
 201 0072 DE010000 		.4byte	.LASF8
 202 0076 03       		.uleb128 0x3
 203 0077 BB000000 		.4byte	.LASF10
 204 007b 03       		.byte	0x3
 205 007c 41       		.byte	0x41
 206 007d 41000000 		.4byte	0x41
 207 0081 03       		.uleb128 0x3
 208 0082 E2000000 		.4byte	.LASF11
 209 0086 04       		.byte	0x4
 210 0087 B4       		.byte	0xb4
 211 0088 2C000000 		.4byte	0x2c
 212 008c 02       		.uleb128 0x2
 213 008d 04       		.byte	0x4
 214 008e 04       		.byte	0x4
 215 008f DC000000 		.4byte	.LASF12
 216 0093 02       		.uleb128 0x2
 217 0094 08       		.byte	0x8
 218 0095 04       		.byte	0x4
 219 0096 AD010000 		.4byte	.LASF13
 220 009a 02       		.uleb128 0x2
 221 009b 01       		.byte	0x1
 222 009c 08       		.byte	0x8
 223 009d 29020000 		.4byte	.LASF14
 224 00a1 02       		.uleb128 0x2
 225 00a2 04       		.byte	0x4
 226 00a3 07       		.byte	0x7
 227 00a4 16020000 		.4byte	.LASF15
 228 00a8 03       		.uleb128 0x3
 229 00a9 0A020000 		.4byte	.LASF16
 230 00ad 05       		.byte	0x5
 231 00ae 11       		.byte	0x11
 232 00af 68000000 		.4byte	0x68
 233 00b3 05       		.uleb128 0x5
 234 00b4 C0010000 		.4byte	.LASF39
 235 00b8 01       		.byte	0x1
ARM GAS  C:\Users\JohnP\AppData\Local\Temp\ccyYtWmD.s 			page 6


 236 00b9 12       		.byte	0x12
 237 00ba 68000000 		.4byte	0x68
 238 00be 00000000 		.4byte	.LFB63
 239 00c2 78000000 		.4byte	.LFE63-.LFB63
 240 00c6 01       		.uleb128 0x1
 241 00c7 9C       		.byte	0x9c
 242 00c8 1F010000 		.4byte	0x11f
 243 00cc 06       		.uleb128 0x6
 244 00cd 0E000000 		.4byte	.LVL0
 245 00d1 EB010000 		.4byte	0x1eb
 246 00d5 DF000000 		.4byte	0xdf
 247 00d9 07       		.uleb128 0x7
 248 00da 01       		.uleb128 0x1
 249 00db 50       		.byte	0x50
 250 00dc 01       		.uleb128 0x1
 251 00dd 31       		.byte	0x31
 252 00de 00       		.byte	0
 253 00df 08       		.uleb128 0x8
 254 00e0 40000000 		.4byte	.LVL1
 255 00e4 FC010000 		.4byte	0x1fc
 256 00e8 08       		.uleb128 0x8
 257 00e9 48000000 		.4byte	.LVL2
 258 00ed 0D020000 		.4byte	0x20d
 259 00f1 08       		.uleb128 0x8
 260 00f2 50000000 		.4byte	.LVL3
 261 00f6 1E020000 		.4byte	0x21e
 262 00fa 08       		.uleb128 0x8
 263 00fb 58000000 		.4byte	.LVL4
 264 00ff 2F020000 		.4byte	0x22f
 265 0103 08       		.uleb128 0x8
 266 0104 60000000 		.4byte	.LVL5
 267 0108 40020000 		.4byte	0x240
 268 010c 08       		.uleb128 0x8
 269 010d 68000000 		.4byte	.LVL6
 270 0111 51020000 		.4byte	0x251
 271 0115 08       		.uleb128 0x8
 272 0116 70000000 		.4byte	.LVL7
 273 011a 62020000 		.4byte	0x262
 274 011e 00       		.byte	0
 275 011f 09       		.uleb128 0x9
 276 0120 A0010000 		.4byte	.LASF17
 277 0124 06       		.byte	0x6
 278 0125 2A06     		.2byte	0x62a
 279 0127 2B010000 		.4byte	0x12b
 280 012b 0A       		.uleb128 0xa
 281 012c 76000000 		.4byte	0x76
 282 0130 0B       		.uleb128 0xb
 283 0131 10020000 		.4byte	.LASF18
 284 0135 07       		.byte	0x7
 285 0136 12       		.byte	0x12
 286 0137 68000000 		.4byte	0x68
 287 013b 05       		.uleb128 0x5
 288 013c 03       		.byte	0x3
 289 013d 00000000 		.4byte	speed
 290 0141 0B       		.uleb128 0xb
 291 0142 1F020000 		.4byte	.LASF19
 292 0146 05       		.byte	0x5
ARM GAS  C:\Users\JohnP\AppData\Local\Temp\ccyYtWmD.s 			page 7


 293 0147 14       		.byte	0x14
 294 0148 8C000000 		.4byte	0x8c
 295 014c 05       		.uleb128 0x5
 296 014d 03       		.byte	0x3
 297 014e 00000000 		.4byte	heartrate
 298 0152 0B       		.uleb128 0xb
 299 0153 CB000000 		.4byte	.LASF20
 300 0157 08       		.byte	0x8
 301 0158 14       		.byte	0x14
 302 0159 8C000000 		.4byte	0x8c
 303 015d 05       		.uleb128 0x5
 304 015e 03       		.byte	0x3
 305 015f 00000000 		.4byte	heartbeatCounter
 306 0163 0B       		.uleb128 0xb
 307 0164 89000000 		.4byte	.LASF21
 308 0168 08       		.byte	0x8
 309 0169 15       		.byte	0x15
 310 016a 68000000 		.4byte	0x68
 311 016e 05       		.uleb128 0x5
 312 016f 03       		.byte	0x3
 313 0170 00000000 		.4byte	timer_status
 314 0174 0B       		.uleb128 0xb
 315 0175 C5010000 		.4byte	.LASF22
 316 0179 08       		.byte	0x8
 317 017a 16       		.byte	0x16
 318 017b 68000000 		.4byte	0x68
 319 017f 05       		.uleb128 0x5
 320 0180 03       		.byte	0x3
 321 0181 00000000 		.4byte	timer_value
 322 0185 0B       		.uleb128 0xb
 323 0186 5F020000 		.4byte	.LASF23
 324 018a 05       		.byte	0x5
 325 018b 28       		.byte	0x28
 326 018c 68000000 		.4byte	0x68
 327 0190 05       		.uleb128 0x5
 328 0191 03       		.byte	0x3
 329 0192 00000000 		.4byte	RESET_CAUSE
 330 0196 0B       		.uleb128 0xb
 331 0197 02020000 		.4byte	.LASF24
 332 019b 05       		.byte	0x5
 333 019c 16       		.byte	0x16
 334 019d 8C000000 		.4byte	0x8c
 335 01a1 05       		.uleb128 0x5
 336 01a2 03       		.byte	0x3
 337 01a3 00000000 		.4byte	average
 338 01a7 0B       		.uleb128 0xb
 339 01a8 D1010000 		.4byte	.LASF25
 340 01ac 05       		.byte	0x5
 341 01ad 17       		.byte	0x17
 342 01ae 68000000 		.4byte	0x68
 343 01b2 05       		.uleb128 0x5
 344 01b3 03       		.byte	0x3
 345 01b4 00000000 		.4byte	increasingHr
 346 01b8 0B       		.uleb128 0xb
 347 01b9 C3000000 		.4byte	.LASF26
 348 01bd 05       		.byte	0x5
 349 01be 19       		.byte	0x19
ARM GAS  C:\Users\JohnP\AppData\Local\Temp\ccyYtWmD.s 			page 8


 350 01bf 68000000 		.4byte	0x68
 351 01c3 05       		.uleb128 0x5
 352 01c4 03       		.byte	0x3
 353 01c5 00000000 		.4byte	PROFILE
 354 01c9 0B       		.uleb128 0xb
 355 01ca 82020000 		.4byte	.LASF27
 356 01ce 01       		.byte	0x1
 357 01cf 10       		.byte	0x10
 358 01d0 A8000000 		.4byte	0xa8
 359 01d4 05       		.uleb128 0x5
 360 01d5 03       		.byte	0x3
 361 01d6 00000000 		.4byte	currentState
 362 01da 0B       		.uleb128 0xb
 363 01db 25000000 		.4byte	.LASF28
 364 01df 05       		.byte	0x5
 365 01e0 3F       		.byte	0x3f
 366 01e1 A8000000 		.4byte	0xa8
 367 01e5 05       		.uleb128 0x5
 368 01e6 03       		.byte	0x3
 369 01e7 00000000 		.4byte	Prev_state
 370 01eb 0C       		.uleb128 0xc
 371 01ec 2E020000 		.4byte	.LASF29
 372 01f0 09       		.byte	0x9
 373 01f1 3A       		.byte	0x3a
 374 01f2 FC010000 		.4byte	0x1fc
 375 01f6 0D       		.uleb128 0xd
 376 01f7 81000000 		.4byte	0x81
 377 01fb 00       		.byte	0
 378 01fc 0E       		.uleb128 0xe
 379 01fd B4010000 		.4byte	.LASF30
 380 0201 05       		.byte	0x5
 381 0202 2F       		.byte	0x2f
 382 0203 A8000000 		.4byte	0xa8
 383 0207 0D020000 		.4byte	0x20d
 384 020b 0F       		.uleb128 0xf
 385 020c 00       		.byte	0
 386 020d 0E       		.uleb128 0xe
 387 020e 74000000 		.4byte	.LASF31
 388 0212 05       		.byte	0x5
 389 0213 2D       		.byte	0x2d
 390 0214 A8000000 		.4byte	0xa8
 391 0218 1E020000 		.4byte	0x21e
 392 021c 0F       		.uleb128 0xf
 393 021d 00       		.byte	0
 394 021e 0E       		.uleb128 0xe
 395 021f 49020000 		.4byte	.LASF32
 396 0223 05       		.byte	0x5
 397 0224 37       		.byte	0x37
 398 0225 A8000000 		.4byte	0xa8
 399 0229 2F020000 		.4byte	0x22f
 400 022d 0F       		.uleb128 0xf
 401 022e 00       		.byte	0
 402 022f 0E       		.uleb128 0xe
 403 0230 A3000000 		.4byte	.LASF33
 404 0234 05       		.byte	0x5
 405 0235 33       		.byte	0x33
 406 0236 A8000000 		.4byte	0xa8
ARM GAS  C:\Users\JohnP\AppData\Local\Temp\ccyYtWmD.s 			page 9


 407 023a 40020000 		.4byte	0x240
 408 023e 0F       		.uleb128 0xf
 409 023f 00       		.byte	0
 410 0240 0E       		.uleb128 0xe
 411 0241 77020000 		.4byte	.LASF34
 412 0245 05       		.byte	0x5
 413 0246 3B       		.byte	0x3b
 414 0247 A8000000 		.4byte	0xa8
 415 024b 51020000 		.4byte	0x251
 416 024f 0F       		.uleb128 0xf
 417 0250 00       		.byte	0
 418 0251 0E       		.uleb128 0xe
 419 0252 0E000000 		.4byte	.LASF35
 420 0256 05       		.byte	0x5
 421 0257 39       		.byte	0x39
 422 0258 A8000000 		.4byte	0xa8
 423 025c 62020000 		.4byte	0x262
 424 0260 0F       		.uleb128 0xf
 425 0261 00       		.byte	0
 426 0262 10       		.uleb128 0x10
 427 0263 96000000 		.4byte	.LASF40
 428 0267 05       		.byte	0x5
 429 0268 35       		.byte	0x35
 430 0269 A8000000 		.4byte	0xa8
 431 026d 0F       		.uleb128 0xf
 432 026e 00       		.byte	0
 433 026f 00       		.byte	0
 434              		.section	.debug_abbrev,"",%progbits
 435              	.Ldebug_abbrev0:
 436 0000 01       		.uleb128 0x1
 437 0001 11       		.uleb128 0x11
 438 0002 01       		.byte	0x1
 439 0003 25       		.uleb128 0x25
 440 0004 0E       		.uleb128 0xe
 441 0005 13       		.uleb128 0x13
 442 0006 0B       		.uleb128 0xb
 443 0007 03       		.uleb128 0x3
 444 0008 0E       		.uleb128 0xe
 445 0009 1B       		.uleb128 0x1b
 446 000a 0E       		.uleb128 0xe
 447 000b 55       		.uleb128 0x55
 448 000c 17       		.uleb128 0x17
 449 000d 11       		.uleb128 0x11
 450 000e 01       		.uleb128 0x1
 451 000f 10       		.uleb128 0x10
 452 0010 17       		.uleb128 0x17
 453 0011 00       		.byte	0
 454 0012 00       		.byte	0
 455 0013 02       		.uleb128 0x2
 456 0014 24       		.uleb128 0x24
 457 0015 00       		.byte	0
 458 0016 0B       		.uleb128 0xb
 459 0017 0B       		.uleb128 0xb
 460 0018 3E       		.uleb128 0x3e
 461 0019 0B       		.uleb128 0xb
 462 001a 03       		.uleb128 0x3
 463 001b 0E       		.uleb128 0xe
ARM GAS  C:\Users\JohnP\AppData\Local\Temp\ccyYtWmD.s 			page 10


 464 001c 00       		.byte	0
 465 001d 00       		.byte	0
 466 001e 03       		.uleb128 0x3
 467 001f 16       		.uleb128 0x16
 468 0020 00       		.byte	0
 469 0021 03       		.uleb128 0x3
 470 0022 0E       		.uleb128 0xe
 471 0023 3A       		.uleb128 0x3a
 472 0024 0B       		.uleb128 0xb
 473 0025 3B       		.uleb128 0x3b
 474 0026 0B       		.uleb128 0xb
 475 0027 49       		.uleb128 0x49
 476 0028 13       		.uleb128 0x13
 477 0029 00       		.byte	0
 478 002a 00       		.byte	0
 479 002b 04       		.uleb128 0x4
 480 002c 24       		.uleb128 0x24
 481 002d 00       		.byte	0
 482 002e 0B       		.uleb128 0xb
 483 002f 0B       		.uleb128 0xb
 484 0030 3E       		.uleb128 0x3e
 485 0031 0B       		.uleb128 0xb
 486 0032 03       		.uleb128 0x3
 487 0033 08       		.uleb128 0x8
 488 0034 00       		.byte	0
 489 0035 00       		.byte	0
 490 0036 05       		.uleb128 0x5
 491 0037 2E       		.uleb128 0x2e
 492 0038 01       		.byte	0x1
 493 0039 3F       		.uleb128 0x3f
 494 003a 19       		.uleb128 0x19
 495 003b 03       		.uleb128 0x3
 496 003c 0E       		.uleb128 0xe
 497 003d 3A       		.uleb128 0x3a
 498 003e 0B       		.uleb128 0xb
 499 003f 3B       		.uleb128 0x3b
 500 0040 0B       		.uleb128 0xb
 501 0041 49       		.uleb128 0x49
 502 0042 13       		.uleb128 0x13
 503 0043 11       		.uleb128 0x11
 504 0044 01       		.uleb128 0x1
 505 0045 12       		.uleb128 0x12
 506 0046 06       		.uleb128 0x6
 507 0047 40       		.uleb128 0x40
 508 0048 18       		.uleb128 0x18
 509 0049 9742     		.uleb128 0x2117
 510 004b 19       		.uleb128 0x19
 511 004c 01       		.uleb128 0x1
 512 004d 13       		.uleb128 0x13
 513 004e 00       		.byte	0
 514 004f 00       		.byte	0
 515 0050 06       		.uleb128 0x6
 516 0051 898201   		.uleb128 0x4109
 517 0054 01       		.byte	0x1
 518 0055 11       		.uleb128 0x11
 519 0056 01       		.uleb128 0x1
 520 0057 31       		.uleb128 0x31
ARM GAS  C:\Users\JohnP\AppData\Local\Temp\ccyYtWmD.s 			page 11


 521 0058 13       		.uleb128 0x13
 522 0059 01       		.uleb128 0x1
 523 005a 13       		.uleb128 0x13
 524 005b 00       		.byte	0
 525 005c 00       		.byte	0
 526 005d 07       		.uleb128 0x7
 527 005e 8A8201   		.uleb128 0x410a
 528 0061 00       		.byte	0
 529 0062 02       		.uleb128 0x2
 530 0063 18       		.uleb128 0x18
 531 0064 9142     		.uleb128 0x2111
 532 0066 18       		.uleb128 0x18
 533 0067 00       		.byte	0
 534 0068 00       		.byte	0
 535 0069 08       		.uleb128 0x8
 536 006a 898201   		.uleb128 0x4109
 537 006d 00       		.byte	0
 538 006e 11       		.uleb128 0x11
 539 006f 01       		.uleb128 0x1
 540 0070 31       		.uleb128 0x31
 541 0071 13       		.uleb128 0x13
 542 0072 00       		.byte	0
 543 0073 00       		.byte	0
 544 0074 09       		.uleb128 0x9
 545 0075 34       		.uleb128 0x34
 546 0076 00       		.byte	0
 547 0077 03       		.uleb128 0x3
 548 0078 0E       		.uleb128 0xe
 549 0079 3A       		.uleb128 0x3a
 550 007a 0B       		.uleb128 0xb
 551 007b 3B       		.uleb128 0x3b
 552 007c 05       		.uleb128 0x5
 553 007d 49       		.uleb128 0x49
 554 007e 13       		.uleb128 0x13
 555 007f 3F       		.uleb128 0x3f
 556 0080 19       		.uleb128 0x19
 557 0081 3C       		.uleb128 0x3c
 558 0082 19       		.uleb128 0x19
 559 0083 00       		.byte	0
 560 0084 00       		.byte	0
 561 0085 0A       		.uleb128 0xa
 562 0086 35       		.uleb128 0x35
 563 0087 00       		.byte	0
 564 0088 49       		.uleb128 0x49
 565 0089 13       		.uleb128 0x13
 566 008a 00       		.byte	0
 567 008b 00       		.byte	0
 568 008c 0B       		.uleb128 0xb
 569 008d 34       		.uleb128 0x34
 570 008e 00       		.byte	0
 571 008f 03       		.uleb128 0x3
 572 0090 0E       		.uleb128 0xe
 573 0091 3A       		.uleb128 0x3a
 574 0092 0B       		.uleb128 0xb
 575 0093 3B       		.uleb128 0x3b
 576 0094 0B       		.uleb128 0xb
 577 0095 49       		.uleb128 0x49
ARM GAS  C:\Users\JohnP\AppData\Local\Temp\ccyYtWmD.s 			page 12


 578 0096 13       		.uleb128 0x13
 579 0097 3F       		.uleb128 0x3f
 580 0098 19       		.uleb128 0x19
 581 0099 02       		.uleb128 0x2
 582 009a 18       		.uleb128 0x18
 583 009b 00       		.byte	0
 584 009c 00       		.byte	0
 585 009d 0C       		.uleb128 0xc
 586 009e 2E       		.uleb128 0x2e
 587 009f 01       		.byte	0x1
 588 00a0 3F       		.uleb128 0x3f
 589 00a1 19       		.uleb128 0x19
 590 00a2 03       		.uleb128 0x3
 591 00a3 0E       		.uleb128 0xe
 592 00a4 3A       		.uleb128 0x3a
 593 00a5 0B       		.uleb128 0xb
 594 00a6 3B       		.uleb128 0x3b
 595 00a7 0B       		.uleb128 0xb
 596 00a8 27       		.uleb128 0x27
 597 00a9 19       		.uleb128 0x19
 598 00aa 3C       		.uleb128 0x3c
 599 00ab 19       		.uleb128 0x19
 600 00ac 01       		.uleb128 0x1
 601 00ad 13       		.uleb128 0x13
 602 00ae 00       		.byte	0
 603 00af 00       		.byte	0
 604 00b0 0D       		.uleb128 0xd
 605 00b1 05       		.uleb128 0x5
 606 00b2 00       		.byte	0
 607 00b3 49       		.uleb128 0x49
 608 00b4 13       		.uleb128 0x13
 609 00b5 00       		.byte	0
 610 00b6 00       		.byte	0
 611 00b7 0E       		.uleb128 0xe
 612 00b8 2E       		.uleb128 0x2e
 613 00b9 01       		.byte	0x1
 614 00ba 3F       		.uleb128 0x3f
 615 00bb 19       		.uleb128 0x19
 616 00bc 03       		.uleb128 0x3
 617 00bd 0E       		.uleb128 0xe
 618 00be 3A       		.uleb128 0x3a
 619 00bf 0B       		.uleb128 0xb
 620 00c0 3B       		.uleb128 0x3b
 621 00c1 0B       		.uleb128 0xb
 622 00c2 49       		.uleb128 0x49
 623 00c3 13       		.uleb128 0x13
 624 00c4 3C       		.uleb128 0x3c
 625 00c5 19       		.uleb128 0x19
 626 00c6 01       		.uleb128 0x1
 627 00c7 13       		.uleb128 0x13
 628 00c8 00       		.byte	0
 629 00c9 00       		.byte	0
 630 00ca 0F       		.uleb128 0xf
 631 00cb 18       		.uleb128 0x18
 632 00cc 00       		.byte	0
 633 00cd 00       		.byte	0
 634 00ce 00       		.byte	0
ARM GAS  C:\Users\JohnP\AppData\Local\Temp\ccyYtWmD.s 			page 13


 635 00cf 10       		.uleb128 0x10
 636 00d0 2E       		.uleb128 0x2e
 637 00d1 01       		.byte	0x1
 638 00d2 3F       		.uleb128 0x3f
 639 00d3 19       		.uleb128 0x19
 640 00d4 03       		.uleb128 0x3
 641 00d5 0E       		.uleb128 0xe
 642 00d6 3A       		.uleb128 0x3a
 643 00d7 0B       		.uleb128 0xb
 644 00d8 3B       		.uleb128 0x3b
 645 00d9 0B       		.uleb128 0xb
 646 00da 49       		.uleb128 0x49
 647 00db 13       		.uleb128 0x13
 648 00dc 3C       		.uleb128 0x3c
 649 00dd 19       		.uleb128 0x19
 650 00de 00       		.byte	0
 651 00df 00       		.byte	0
 652 00e0 00       		.byte	0
 653              		.section	.debug_aranges,"",%progbits
 654 0000 1C000000 		.4byte	0x1c
 655 0004 0200     		.2byte	0x2
 656 0006 00000000 		.4byte	.Ldebug_info0
 657 000a 04       		.byte	0x4
 658 000b 00       		.byte	0
 659 000c 0000     		.2byte	0
 660 000e 0000     		.2byte	0
 661 0010 00000000 		.4byte	.LFB63
 662 0014 78000000 		.4byte	.LFE63-.LFB63
 663 0018 00000000 		.4byte	0
 664 001c 00000000 		.4byte	0
 665              		.section	.debug_ranges,"",%progbits
 666              	.Ldebug_ranges0:
 667 0000 00000000 		.4byte	.LFB63
 668 0004 78000000 		.4byte	.LFE63
 669 0008 00000000 		.4byte	0
 670 000c 00000000 		.4byte	0
 671              		.section	.debug_line,"",%progbits
 672              	.Ldebug_line0:
 673 0000 9A010000 		.section	.debug_str,"MS",%progbits,1
 673      02007201 
 673      00000201 
 673      FB0E0D00 
 673      01010101 
 674              	.LASF6:
 675 0000 6C6F6E67 		.ascii	"long long int\000"
 675      206C6F6E 
 675      6720696E 
 675      7400
 676              	.LASF35:
 677 000e 53746174 		.ascii	"State_heartrate_change\000"
 677      655F6865 
 677      61727472 
 677      6174655F 
 677      6368616E 
 678              	.LASF28:
 679 0025 50726576 		.ascii	"Prev_state\000"
 679      5F737461 
ARM GAS  C:\Users\JohnP\AppData\Local\Temp\ccyYtWmD.s 			page 14


 679      746500
 680              	.LASF38:
 681 0030 433A5C55 		.ascii	"C:\\Users\\JohnP\\Desktop\\embedded\\trunk\\CE4920P"
 681      73657273 
 681      5C4A6F68 
 681      6E505C44 
 681      65736B74 
 682 005d 726F6A65 		.ascii	"roject1\\Design01.cydsn\000"
 682      6374315C 
 682      44657369 
 682      676E3031 
 682      2E637964 
 683              	.LASF31:
 684 0074 53746174 		.ascii	"State_wait\000"
 684      655F7761 
 684      697400
 685              	.LASF9:
 686 007f 5F5F696E 		.ascii	"__int32_t\000"
 686      7433325F 
 686      7400
 687              	.LASF21:
 688 0089 74696D65 		.ascii	"timer_status\000"
 688      725F7374 
 688      61747573 
 688      00
 689              	.LASF40:
 690 0096 53746174 		.ascii	"State_rampup\000"
 690      655F7261 
 690      6D707570 
 690      00
 691              	.LASF33:
 692 00a3 53746174 		.ascii	"State_profile_selection\000"
 692      655F7072 
 692      6F66696C 
 692      655F7365 
 692      6C656374 
 693              	.LASF10:
 694 00bb 696E7433 		.ascii	"int32_t\000"
 694      325F7400 
 695              	.LASF26:
 696 00c3 50524F46 		.ascii	"PROFILE\000"
 696      494C4500 
 697              	.LASF20:
 698 00cb 68656172 		.ascii	"heartbeatCounter\000"
 698      74626561 
 698      74436F75 
 698      6E746572 
 698      00
 699              	.LASF12:
 700 00dc 666C6F61 		.ascii	"float\000"
 700      7400
 701              	.LASF11:
 702 00e2 75696E74 		.ascii	"uint8\000"
 702      3800
 703              	.LASF1:
 704 00e8 756E7369 		.ascii	"unsigned char\000"
 704      676E6564 
ARM GAS  C:\Users\JohnP\AppData\Local\Temp\ccyYtWmD.s 			page 15


 704      20636861 
 704      7200
 705              	.LASF37:
 706 00f6 2E5C6D61 		.ascii	".\\main.c\000"
 706      696E2E63 
 706      00
 707              	.LASF5:
 708 00ff 6C6F6E67 		.ascii	"long unsigned int\000"
 708      20756E73 
 708      69676E65 
 708      6420696E 
 708      7400
 709              	.LASF36:
 710 0111 474E5520 		.ascii	"GNU C 4.8.4 20140526 (release) [ARM/embedded-4_8-br"
 710      4320342E 
 710      382E3420 
 710      32303134 
 710      30353236 
 711 0144 616E6368 		.ascii	"anch revision 211358] -mcpu=cortex-m3 -mthumb -g -O"
 711      20726576 
 711      6973696F 
 711      6E203231 
 711      31333538 
 712 0177 67202D66 		.ascii	"g -ffunction-sections\000"
 712      66756E63 
 712      74696F6E 
 712      2D736563 
 712      74696F6E 
 713              	.LASF3:
 714 018d 73686F72 		.ascii	"short unsigned int\000"
 714      7420756E 
 714      7369676E 
 714      65642069 
 714      6E7400
 715              	.LASF17:
 716 01a0 49544D5F 		.ascii	"ITM_RxBuffer\000"
 716      52784275 
 716      66666572 
 716      00
 717              	.LASF13:
 718 01ad 646F7562 		.ascii	"double\000"
 718      6C6500
 719              	.LASF30:
 720 01b4 53746174 		.ascii	"State_reset\000"
 720      655F7265 
 720      73657400 
 721              	.LASF39:
 722 01c0 6D61696E 		.ascii	"main\000"
 722      00
 723              	.LASF22:
 724 01c5 74696D65 		.ascii	"timer_value\000"
 724      725F7661 
 724      6C756500 
 725              	.LASF25:
 726 01d1 696E6372 		.ascii	"increasingHr\000"
 726      65617369 
 726      6E674872 
ARM GAS  C:\Users\JohnP\AppData\Local\Temp\ccyYtWmD.s 			page 16


 726      00
 727              	.LASF8:
 728 01de 756E7369 		.ascii	"unsigned int\000"
 728      676E6564 
 728      20696E74 
 728      00
 729              	.LASF7:
 730 01eb 6C6F6E67 		.ascii	"long long unsigned int\000"
 730      206C6F6E 
 730      6720756E 
 730      7369676E 
 730      65642069 
 731              	.LASF24:
 732 0202 61766572 		.ascii	"average\000"
 732      61676500 
 733              	.LASF16:
 734 020a 53544154 		.ascii	"STATE\000"
 734      4500
 735              	.LASF18:
 736 0210 73706565 		.ascii	"speed\000"
 736      6400
 737              	.LASF15:
 738 0216 73697A65 		.ascii	"sizetype\000"
 738      74797065 
 738      00
 739              	.LASF19:
 740 021f 68656172 		.ascii	"heartrate\000"
 740      74726174 
 740      6500
 741              	.LASF14:
 742 0229 63686172 		.ascii	"char\000"
 742      00
 743              	.LASF29:
 744 022e 4C43445F 		.ascii	"LCD_WriteControl\000"
 744      57726974 
 744      65436F6E 
 744      74726F6C 
 744      00
 745              	.LASF2:
 746 023f 73686F72 		.ascii	"short int\000"
 746      7420696E 
 746      7400
 747              	.LASF32:
 748 0249 53746174 		.ascii	"State_moving\000"
 748      655F6D6F 
 748      76696E67 
 748      00
 749              	.LASF4:
 750 0256 6C6F6E67 		.ascii	"long int\000"
 750      20696E74 
 750      00
 751              	.LASF23:
 752 025f 52455345 		.ascii	"RESET_CAUSE\000"
 752      545F4341 
 752      55534500 
 753              	.LASF0:
 754 026b 7369676E 		.ascii	"signed char\000"
ARM GAS  C:\Users\JohnP\AppData\Local\Temp\ccyYtWmD.s 			page 17


 754      65642063 
 754      68617200 
 755              	.LASF34:
 756 0277 53746174 		.ascii	"State_stop\000"
 756      655F7374 
 756      6F7000
 757              	.LASF27:
 758 0282 63757272 		.ascii	"currentState\000"
 758      656E7453 
 758      74617465 
 758      00
 759              		.ident	"GCC: (GNU Tools for ARM Embedded Processors) 4.8.4 20140526 (release) [ARM/embedded-4_8-br
