ARM GAS  C:\Users\JohnP\AppData\Local\Temp\ccuUnnyQ.s 			page 1


   1              		.syntax unified
   2              		.cpu cortex-m3
   3              		.fpu softvfp
   4              		.eabi_attribute 20, 1
   5              		.eabi_attribute 21, 1
   6              		.eabi_attribute 23, 3
   7              		.eabi_attribute 24, 1
   8              		.eabi_attribute 25, 1
   9              		.eabi_attribute 26, 1
  10              		.eabi_attribute 30, 1
  11              		.eabi_attribute 34, 1
  12              		.eabi_attribute 18, 4
  13              		.thumb
  14              		.file	"terminal.c"
  15              		.text
  16              	.Ltext0:
  17              		.cfi_sections	.debug_frame
  18              		.section	.text.TERMINAL_WriteString,"ax",%progbits
  19              		.align	2
  20              		.global	TERMINAL_WriteString
  21              		.thumb
  22              		.thumb_func
  23              		.type	TERMINAL_WriteString, %function
  24              	TERMINAL_WriteString:
  25              	.LFB0:
  26              		.file 1 ".\\terminal.c"
   1:.\terminal.c  **** /* ========================================
   2:.\terminal.c  ****  *
   3:.\terminal.c  ****  * Copyright YOUR COMPANY, THE YEAR
   4:.\terminal.c  ****  * All Rights Reserved
   5:.\terminal.c  ****  * UNPUBLISHED, LICENSED SOFTWARE.
   6:.\terminal.c  ****  *
   7:.\terminal.c  ****  * CONFIDENTIAL AND PROPRIETARY INFORMATION
   8:.\terminal.c  ****  * WHICH IS THE PROPERTY OF your company.
   9:.\terminal.c  ****  *
  10:.\terminal.c  ****  * ========================================
  11:.\terminal.c  **** */
  12:.\terminal.c  **** #include "terminal.h"
  13:.\terminal.c  **** 
  14:.\terminal.c  **** void TERMINAL_WriteString(const char8 string[]) {
  27              		.loc 1 14 0
  28              		.cfi_startproc
  29              		@ args = 0, pretend = 0, frame = 0
  30              		@ frame_needed = 0, uses_anonymous_args = 0
  31              	.LVL0:
  32 0000 10B5     		push	{r4, lr}
  33              		.cfi_def_cfa_offset 8
  34              		.cfi_offset 4, -8
  35              		.cfi_offset 14, -4
  36 0002 0446     		mov	r4, r0
  37              	.LVL1:
  38              	.L2:
  15:.\terminal.c  ****     while(USBUART_CDCIsReady() == 0);
  39              		.loc 1 15 0 discriminator 1
  40 0004 FFF7FEFF 		bl	USBUART_CDCIsReady
  41              	.LVL2:
  42 0008 0028     		cmp	r0, #0
ARM GAS  C:\Users\JohnP\AppData\Local\Temp\ccuUnnyQ.s 			page 2


  43 000a FBD0     		beq	.L2
  16:.\terminal.c  ****     USBUART_PutString(string);
  44              		.loc 1 16 0
  45 000c 2046     		mov	r0, r4
  46 000e FFF7FEFF 		bl	USBUART_PutString
  47              	.LVL3:
  48 0012 10BD     		pop	{r4, pc}
  49              		.cfi_endproc
  50              	.LFE0:
  51              		.size	TERMINAL_WriteString, .-TERMINAL_WriteString
  52              		.global	__aeabi_f2iz
  53              		.section	.text.TERMINAL_WriteNumber,"ax",%progbits
  54              		.align	2
  55              		.global	TERMINAL_WriteNumber
  56              		.thumb
  57              		.thumb_func
  58              		.type	TERMINAL_WriteNumber, %function
  59              	TERMINAL_WriteNumber:
  60              	.LFB1:
  17:.\terminal.c  **** }
  18:.\terminal.c  **** 
  19:.\terminal.c  **** void TERMINAL_WriteNumber(float number) {
  61              		.loc 1 19 0
  62              		.cfi_startproc
  63              		@ args = 0, pretend = 0, frame = 56
  64              		@ frame_needed = 0, uses_anonymous_args = 0
  65              	.LVL4:
  66 0000 00B5     		push	{lr}
  67              		.cfi_def_cfa_offset 4
  68              		.cfi_offset 14, -4
  69 0002 8FB0     		sub	sp, sp, #60
  70              		.cfi_def_cfa_offset 64
  20:.\terminal.c  ****     char8 str2[50];
  21:.\terminal.c  ****     sprintf(str2, "Your heartrate: %i    \r",(int)number);
  71              		.loc 1 21 0
  72 0004 FFF7FEFF 		bl	__aeabi_f2iz
  73              	.LVL5:
  74 0008 0246     		mov	r2, r0
  75 000a 01A8     		add	r0, sp, #4
  76 000c 0649     		ldr	r1, .L7
  77 000e FFF7FEFF 		bl	sprintf
  78              	.LVL6:
  79              	.L5:
  22:.\terminal.c  ****     while(USBUART_CDCIsReady() == 0);
  80              		.loc 1 22 0 discriminator 1
  81 0012 FFF7FEFF 		bl	USBUART_CDCIsReady
  82              	.LVL7:
  83 0016 0028     		cmp	r0, #0
  84 0018 FBD0     		beq	.L5
  23:.\terminal.c  ****     USBUART_PutString(str2);
  85              		.loc 1 23 0
  86 001a 01A8     		add	r0, sp, #4
  87 001c FFF7FEFF 		bl	USBUART_PutString
  88              	.LVL8:
  24:.\terminal.c  **** }
  89              		.loc 1 24 0
  90 0020 0FB0     		add	sp, sp, #60
ARM GAS  C:\Users\JohnP\AppData\Local\Temp\ccuUnnyQ.s 			page 3


  91              		@ sp needed
  92 0022 5DF804FB 		ldr	pc, [sp], #4
  93              	.L8:
  94 0026 00BF     		.align	2
  95              	.L7:
  96 0028 00000000 		.word	.LC0
  97              		.cfi_endproc
  98              	.LFE1:
  99              		.size	TERMINAL_WriteNumber, .-TERMINAL_WriteNumber
 100              		.comm	timer_value,4,4
 101              		.comm	timer_status,4,4
 102              		.comm	heartbeatCounter,4,4
 103              		.comm	heartrate,4,4
 104              		.comm	speed,4,4
 105              		.comm	Prev_state,4,4
 106              		.comm	currentState,4,4
 107              		.comm	RESET_CAUSE,4,4
 108              		.comm	PROFILE,4,4
 109              		.comm	increasingHr,4,4
 110              		.comm	average,4,4
 111              		.section	.rodata.str1.4,"aMS",%progbits,1
 112              		.align	2
 113              	.LC0:
 114 0000 596F7572 		.ascii	"Your heartrate: %i    \015\000"
 114      20686561 
 114      72747261 
 114      74653A20 
 114      25692020 
 115              		.text
 116              	.Letext0:
 117              		.file 2 "Generated_Source\\PSoC5/cytypes.h"
 118              		.file 3 ".\\states.h"
 119              		.file 4 ".\\heartrate.h"
 120              		.file 5 ".\\motor.h"
 121              		.file 6 "c:\\program files\\cypress\\psoc creator\\3.2\\psoc creator\\import\\gnu\\arm\\4.8.4\\arm
 122              		.section	.debug_info,"",%progbits
 123              	.Ldebug_info0:
 124 0000 A5020000 		.4byte	0x2a5
 125 0004 0400     		.2byte	0x4
 126 0006 00000000 		.4byte	.Ldebug_abbrev0
 127 000a 04       		.byte	0x4
 128 000b 01       		.uleb128 0x1
 129 000c FB000000 		.4byte	.LASF33
 130 0010 01       		.byte	0x1
 131 0011 77010000 		.4byte	.LASF34
 132 0015 26000000 		.4byte	.LASF35
 133 0019 00000000 		.4byte	.Ldebug_ranges0+0
 134 001d 00000000 		.4byte	0
 135 0021 00000000 		.4byte	.Ldebug_line0
 136 0025 02       		.uleb128 0x2
 137 0026 04       		.byte	0x4
 138 0027 04       		.byte	0x4
 139 0028 CF000000 		.4byte	.LASF0
 140 002c 02       		.uleb128 0x2
 141 002d 01       		.byte	0x1
 142 002e 06       		.byte	0x6
 143 002f 49020000 		.4byte	.LASF1
ARM GAS  C:\Users\JohnP\AppData\Local\Temp\ccuUnnyQ.s 			page 4


 144 0033 02       		.uleb128 0x2
 145 0034 01       		.byte	0x1
 146 0035 08       		.byte	0x8
 147 0036 D5000000 		.4byte	.LASF2
 148 003a 02       		.uleb128 0x2
 149 003b 02       		.byte	0x2
 150 003c 05       		.byte	0x5
 151 003d 15020000 		.4byte	.LASF3
 152 0041 02       		.uleb128 0x2
 153 0042 02       		.byte	0x2
 154 0043 07       		.byte	0x7
 155 0044 6A000000 		.4byte	.LASF4
 156 0048 02       		.uleb128 0x2
 157 0049 04       		.byte	0x4
 158 004a 05       		.byte	0x5
 159 004b 2B020000 		.4byte	.LASF5
 160 004f 02       		.uleb128 0x2
 161 0050 04       		.byte	0x4
 162 0051 07       		.byte	0x7
 163 0052 E9000000 		.4byte	.LASF6
 164 0056 02       		.uleb128 0x2
 165 0057 08       		.byte	0x8
 166 0058 05       		.byte	0x5
 167 0059 00000000 		.4byte	.LASF7
 168 005d 02       		.uleb128 0x2
 169 005e 08       		.byte	0x8
 170 005f 07       		.byte	0x7
 171 0060 CB010000 		.4byte	.LASF8
 172 0064 03       		.uleb128 0x3
 173 0065 04       		.byte	0x4
 174 0066 05       		.byte	0x5
 175 0067 696E7400 		.ascii	"int\000"
 176 006b 02       		.uleb128 0x2
 177 006c 04       		.byte	0x4
 178 006d 07       		.byte	0x7
 179 006e BE010000 		.4byte	.LASF9
 180 0072 02       		.uleb128 0x2
 181 0073 08       		.byte	0x8
 182 0074 04       		.byte	0x4
 183 0075 84010000 		.4byte	.LASF10
 184 0079 04       		.uleb128 0x4
 185 007a E3000000 		.4byte	.LASF13
 186 007e 02       		.byte	0x2
 187 007f C5       		.byte	0xc5
 188 0080 84000000 		.4byte	0x84
 189 0084 02       		.uleb128 0x2
 190 0085 01       		.byte	0x1
 191 0086 08       		.byte	0x8
 192 0087 10020000 		.4byte	.LASF11
 193 008b 02       		.uleb128 0x2
 194 008c 04       		.byte	0x4
 195 008d 07       		.byte	0x7
 196 008e FD010000 		.4byte	.LASF12
 197 0092 05       		.uleb128 0x5
 198 0093 04       		.byte	0x4
 199 0094 84000000 		.4byte	0x84
 200 0098 05       		.uleb128 0x5
ARM GAS  C:\Users\JohnP\AppData\Local\Temp\ccuUnnyQ.s 			page 5


 201 0099 04       		.byte	0x4
 202 009a 9E000000 		.4byte	0x9e
 203 009e 06       		.uleb128 0x6
 204 009f 84000000 		.4byte	0x84
 205 00a3 04       		.uleb128 0x4
 206 00a4 EA010000 		.4byte	.LASF14
 207 00a8 03       		.byte	0x3
 208 00a9 11       		.byte	0x11
 209 00aa 64000000 		.4byte	0x64
 210 00ae 07       		.uleb128 0x7
 211 00af 34020000 		.4byte	.LASF17
 212 00b3 01       		.byte	0x1
 213 00b4 0E       		.byte	0xe
 214 00b5 00000000 		.4byte	.LFB0
 215 00b9 14000000 		.4byte	.LFE0-.LFB0
 216 00bd 01       		.uleb128 0x1
 217 00be 9C       		.byte	0x9c
 218 00bf 0E010000 		.4byte	0x10e
 219 00c3 08       		.uleb128 0x8
 220 00c4 9C000000 		.4byte	.LASF19
 221 00c8 01       		.byte	0x1
 222 00c9 0E       		.byte	0xe
 223 00ca 0E010000 		.4byte	0x10e
 224 00ce 00000000 		.4byte	.LLST0
 225 00d2 09       		.uleb128 0x9
 226 00d3 AB000000 		.4byte	.LASF15
 227 00d7 01       		.byte	0x1
 228 00d8 0F       		.byte	0xf
 229 00d9 64000000 		.4byte	0x64
 230 00dd E3000000 		.4byte	0xe3
 231 00e1 0A       		.uleb128 0xa
 232 00e2 00       		.byte	0
 233 00e3 09       		.uleb128 0x9
 234 00e4 7D000000 		.4byte	.LASF16
 235 00e8 01       		.byte	0x1
 236 00e9 10       		.byte	0x10
 237 00ea 64000000 		.4byte	0x64
 238 00ee F4000000 		.4byte	0xf4
 239 00f2 0A       		.uleb128 0xa
 240 00f3 00       		.byte	0
 241 00f4 0B       		.uleb128 0xb
 242 00f5 08000000 		.4byte	.LVL2
 243 00f9 6F020000 		.4byte	0x26f
 244 00fd 0C       		.uleb128 0xc
 245 00fe 12000000 		.4byte	.LVL3
 246 0102 80020000 		.4byte	0x280
 247 0106 0D       		.uleb128 0xd
 248 0107 01       		.uleb128 0x1
 249 0108 50       		.byte	0x50
 250 0109 02       		.uleb128 0x2
 251 010a 74       		.byte	0x74
 252 010b 00       		.sleb128 0
 253 010c 00       		.byte	0
 254 010d 00       		.byte	0
 255 010e 05       		.uleb128 0x5
 256 010f 04       		.byte	0x4
 257 0110 14010000 		.4byte	0x114
ARM GAS  C:\Users\JohnP\AppData\Local\Temp\ccuUnnyQ.s 			page 6


 258 0114 06       		.uleb128 0x6
 259 0115 79000000 		.4byte	0x79
 260 0119 0E       		.uleb128 0xe
 261 011a 8B010000 		.4byte	.LASF18
 262 011e 01       		.byte	0x1
 263 011f 13       		.byte	0x13
 264 0120 00000000 		.4byte	.LFB1
 265 0124 2C000000 		.4byte	.LFE1-.LFB1
 266 0128 01       		.uleb128 0x1
 267 0129 9C       		.byte	0x9c
 268 012a A4010000 		.4byte	0x1a4
 269 012e 08       		.uleb128 0x8
 270 012f F0010000 		.4byte	.LASF20
 271 0133 01       		.byte	0x1
 272 0134 13       		.byte	0x13
 273 0135 25000000 		.4byte	0x25
 274 0139 1E000000 		.4byte	.LLST1
 275 013d 0F       		.uleb128 0xf
 276 013e A0010000 		.4byte	.LASF36
 277 0142 01       		.byte	0x1
 278 0143 14       		.byte	0x14
 279 0144 A4010000 		.4byte	0x1a4
 280 0148 02       		.uleb128 0x2
 281 0149 91       		.byte	0x91
 282 014a 44       		.sleb128 -60
 283 014b 09       		.uleb128 0x9
 284 014c AB000000 		.4byte	.LASF15
 285 0150 01       		.byte	0x1
 286 0151 0F       		.byte	0xf
 287 0152 64000000 		.4byte	0x64
 288 0156 5C010000 		.4byte	0x15c
 289 015a 0A       		.uleb128 0xa
 290 015b 00       		.byte	0
 291 015c 09       		.uleb128 0x9
 292 015d 7D000000 		.4byte	.LASF16
 293 0161 01       		.byte	0x1
 294 0162 10       		.byte	0x10
 295 0163 64000000 		.4byte	0x64
 296 0167 6D010000 		.4byte	0x16d
 297 016b 0A       		.uleb128 0xa
 298 016c 00       		.byte	0
 299 016d 10       		.uleb128 0x10
 300 016e 12000000 		.4byte	.LVL6
 301 0172 91020000 		.4byte	0x291
 302 0176 8A010000 		.4byte	0x18a
 303 017a 0D       		.uleb128 0xd
 304 017b 01       		.uleb128 0x1
 305 017c 51       		.byte	0x51
 306 017d 05       		.uleb128 0x5
 307 017e 03       		.byte	0x3
 308 017f 00000000 		.4byte	.LC0
 309 0183 0D       		.uleb128 0xd
 310 0184 01       		.uleb128 0x1
 311 0185 50       		.byte	0x50
 312 0186 02       		.uleb128 0x2
 313 0187 91       		.byte	0x91
 314 0188 44       		.sleb128 -60
ARM GAS  C:\Users\JohnP\AppData\Local\Temp\ccuUnnyQ.s 			page 7


 315 0189 00       		.byte	0
 316 018a 0B       		.uleb128 0xb
 317 018b 16000000 		.4byte	.LVL7
 318 018f 6F020000 		.4byte	0x26f
 319 0193 0C       		.uleb128 0xc
 320 0194 20000000 		.4byte	.LVL8
 321 0198 80020000 		.4byte	0x280
 322 019c 0D       		.uleb128 0xd
 323 019d 01       		.uleb128 0x1
 324 019e 50       		.byte	0x50
 325 019f 02       		.uleb128 0x2
 326 01a0 91       		.byte	0x91
 327 01a1 44       		.sleb128 -60
 328 01a2 00       		.byte	0
 329 01a3 00       		.byte	0
 330 01a4 11       		.uleb128 0x11
 331 01a5 79000000 		.4byte	0x79
 332 01a9 B4010000 		.4byte	0x1b4
 333 01ad 12       		.uleb128 0x12
 334 01ae 8B000000 		.4byte	0x8b
 335 01b2 31       		.byte	0x31
 336 01b3 00       		.byte	0
 337 01b4 13       		.uleb128 0x13
 338 01b5 06020000 		.4byte	.LASF21
 339 01b9 04       		.byte	0x4
 340 01ba 13       		.byte	0x13
 341 01bb 25000000 		.4byte	0x25
 342 01bf 05       		.uleb128 0x5
 343 01c0 03       		.byte	0x3
 344 01c1 00000000 		.4byte	heartrate
 345 01c5 13       		.uleb128 0x13
 346 01c6 1F020000 		.4byte	.LASF22
 347 01ca 03       		.byte	0x3
 348 01cb 28       		.byte	0x28
 349 01cc 64000000 		.4byte	0x64
 350 01d0 05       		.uleb128 0x5
 351 01d1 03       		.byte	0x3
 352 01d2 00000000 		.4byte	RESET_CAUSE
 353 01d6 13       		.uleb128 0x13
 354 01d7 E2010000 		.4byte	.LASF23
 355 01db 03       		.byte	0x3
 356 01dc 16       		.byte	0x16
 357 01dd 25000000 		.4byte	0x25
 358 01e1 05       		.uleb128 0x5
 359 01e2 03       		.byte	0x3
 360 01e3 00000000 		.4byte	average
 361 01e7 13       		.uleb128 0x13
 362 01e8 B1010000 		.4byte	.LASF24
 363 01ec 03       		.byte	0x3
 364 01ed 17       		.byte	0x17
 365 01ee 64000000 		.4byte	0x64
 366 01f2 05       		.uleb128 0x5
 367 01f3 03       		.byte	0x3
 368 01f4 00000000 		.4byte	increasingHr
 369 01f8 13       		.uleb128 0x13
 370 01f9 A3000000 		.4byte	.LASF25
 371 01fd 03       		.byte	0x3
ARM GAS  C:\Users\JohnP\AppData\Local\Temp\ccuUnnyQ.s 			page 8


 372 01fe 19       		.byte	0x19
 373 01ff 64000000 		.4byte	0x64
 374 0203 05       		.uleb128 0x5
 375 0204 03       		.byte	0x3
 376 0205 00000000 		.4byte	PROFILE
 377 0209 13       		.uleb128 0x13
 378 020a 0E000000 		.4byte	.LASF26
 379 020e 03       		.byte	0x3
 380 020f 3D       		.byte	0x3d
 381 0210 A3000000 		.4byte	0xa3
 382 0214 05       		.uleb128 0x5
 383 0215 03       		.byte	0x3
 384 0216 00000000 		.4byte	currentState
 385 021a 13       		.uleb128 0x13
 386 021b 1B000000 		.4byte	.LASF27
 387 021f 03       		.byte	0x3
 388 0220 3F       		.byte	0x3f
 389 0221 A3000000 		.4byte	0xa3
 390 0225 05       		.uleb128 0x5
 391 0226 03       		.byte	0x3
 392 0227 00000000 		.4byte	Prev_state
 393 022b 13       		.uleb128 0x13
 394 022c F7010000 		.4byte	.LASF28
 395 0230 05       		.byte	0x5
 396 0231 12       		.byte	0x12
 397 0232 64000000 		.4byte	0x64
 398 0236 05       		.uleb128 0x5
 399 0237 03       		.byte	0x3
 400 0238 00000000 		.4byte	speed
 401 023c 13       		.uleb128 0x13
 402 023d BE000000 		.4byte	.LASF29
 403 0241 04       		.byte	0x4
 404 0242 14       		.byte	0x14
 405 0243 25000000 		.4byte	0x25
 406 0247 05       		.uleb128 0x5
 407 0248 03       		.byte	0x3
 408 0249 00000000 		.4byte	heartbeatCounter
 409 024d 13       		.uleb128 0x13
 410 024e 8F000000 		.4byte	.LASF30
 411 0252 04       		.byte	0x4
 412 0253 15       		.byte	0x15
 413 0254 64000000 		.4byte	0x64
 414 0258 05       		.uleb128 0x5
 415 0259 03       		.byte	0x3
 416 025a 00000000 		.4byte	timer_status
 417 025e 13       		.uleb128 0x13
 418 025f A5010000 		.4byte	.LASF31
 419 0263 04       		.byte	0x4
 420 0264 16       		.byte	0x16
 421 0265 64000000 		.4byte	0x64
 422 0269 05       		.uleb128 0x5
 423 026a 03       		.byte	0x3
 424 026b 00000000 		.4byte	timer_value
 425 026f 09       		.uleb128 0x9
 426 0270 AB000000 		.4byte	.LASF15
 427 0274 01       		.byte	0x1
 428 0275 0F       		.byte	0xf
ARM GAS  C:\Users\JohnP\AppData\Local\Temp\ccuUnnyQ.s 			page 9


 429 0276 64000000 		.4byte	0x64
 430 027a 80020000 		.4byte	0x280
 431 027e 0A       		.uleb128 0xa
 432 027f 00       		.byte	0
 433 0280 09       		.uleb128 0x9
 434 0281 7D000000 		.4byte	.LASF16
 435 0285 01       		.byte	0x1
 436 0286 10       		.byte	0x10
 437 0287 64000000 		.4byte	0x64
 438 028b 91020000 		.4byte	0x291
 439 028f 0A       		.uleb128 0xa
 440 0290 00       		.byte	0
 441 0291 14       		.uleb128 0x14
 442 0292 55020000 		.4byte	.LASF32
 443 0296 06       		.byte	0x6
 444 0297 D9       		.byte	0xd9
 445 0298 64000000 		.4byte	0x64
 446 029c 15       		.uleb128 0x15
 447 029d 92000000 		.4byte	0x92
 448 02a1 15       		.uleb128 0x15
 449 02a2 98000000 		.4byte	0x98
 450 02a6 0A       		.uleb128 0xa
 451 02a7 00       		.byte	0
 452 02a8 00       		.byte	0
 453              		.section	.debug_abbrev,"",%progbits
 454              	.Ldebug_abbrev0:
 455 0000 01       		.uleb128 0x1
 456 0001 11       		.uleb128 0x11
 457 0002 01       		.byte	0x1
 458 0003 25       		.uleb128 0x25
 459 0004 0E       		.uleb128 0xe
 460 0005 13       		.uleb128 0x13
 461 0006 0B       		.uleb128 0xb
 462 0007 03       		.uleb128 0x3
 463 0008 0E       		.uleb128 0xe
 464 0009 1B       		.uleb128 0x1b
 465 000a 0E       		.uleb128 0xe
 466 000b 55       		.uleb128 0x55
 467 000c 17       		.uleb128 0x17
 468 000d 11       		.uleb128 0x11
 469 000e 01       		.uleb128 0x1
 470 000f 10       		.uleb128 0x10
 471 0010 17       		.uleb128 0x17
 472 0011 00       		.byte	0
 473 0012 00       		.byte	0
 474 0013 02       		.uleb128 0x2
 475 0014 24       		.uleb128 0x24
 476 0015 00       		.byte	0
 477 0016 0B       		.uleb128 0xb
 478 0017 0B       		.uleb128 0xb
 479 0018 3E       		.uleb128 0x3e
 480 0019 0B       		.uleb128 0xb
 481 001a 03       		.uleb128 0x3
 482 001b 0E       		.uleb128 0xe
 483 001c 00       		.byte	0
 484 001d 00       		.byte	0
 485 001e 03       		.uleb128 0x3
ARM GAS  C:\Users\JohnP\AppData\Local\Temp\ccuUnnyQ.s 			page 10


 486 001f 24       		.uleb128 0x24
 487 0020 00       		.byte	0
 488 0021 0B       		.uleb128 0xb
 489 0022 0B       		.uleb128 0xb
 490 0023 3E       		.uleb128 0x3e
 491 0024 0B       		.uleb128 0xb
 492 0025 03       		.uleb128 0x3
 493 0026 08       		.uleb128 0x8
 494 0027 00       		.byte	0
 495 0028 00       		.byte	0
 496 0029 04       		.uleb128 0x4
 497 002a 16       		.uleb128 0x16
 498 002b 00       		.byte	0
 499 002c 03       		.uleb128 0x3
 500 002d 0E       		.uleb128 0xe
 501 002e 3A       		.uleb128 0x3a
 502 002f 0B       		.uleb128 0xb
 503 0030 3B       		.uleb128 0x3b
 504 0031 0B       		.uleb128 0xb
 505 0032 49       		.uleb128 0x49
 506 0033 13       		.uleb128 0x13
 507 0034 00       		.byte	0
 508 0035 00       		.byte	0
 509 0036 05       		.uleb128 0x5
 510 0037 0F       		.uleb128 0xf
 511 0038 00       		.byte	0
 512 0039 0B       		.uleb128 0xb
 513 003a 0B       		.uleb128 0xb
 514 003b 49       		.uleb128 0x49
 515 003c 13       		.uleb128 0x13
 516 003d 00       		.byte	0
 517 003e 00       		.byte	0
 518 003f 06       		.uleb128 0x6
 519 0040 26       		.uleb128 0x26
 520 0041 00       		.byte	0
 521 0042 49       		.uleb128 0x49
 522 0043 13       		.uleb128 0x13
 523 0044 00       		.byte	0
 524 0045 00       		.byte	0
 525 0046 07       		.uleb128 0x7
 526 0047 2E       		.uleb128 0x2e
 527 0048 01       		.byte	0x1
 528 0049 3F       		.uleb128 0x3f
 529 004a 19       		.uleb128 0x19
 530 004b 03       		.uleb128 0x3
 531 004c 0E       		.uleb128 0xe
 532 004d 3A       		.uleb128 0x3a
 533 004e 0B       		.uleb128 0xb
 534 004f 3B       		.uleb128 0x3b
 535 0050 0B       		.uleb128 0xb
 536 0051 27       		.uleb128 0x27
 537 0052 19       		.uleb128 0x19
 538 0053 11       		.uleb128 0x11
 539 0054 01       		.uleb128 0x1
 540 0055 12       		.uleb128 0x12
 541 0056 06       		.uleb128 0x6
 542 0057 40       		.uleb128 0x40
ARM GAS  C:\Users\JohnP\AppData\Local\Temp\ccuUnnyQ.s 			page 11


 543 0058 18       		.uleb128 0x18
 544 0059 9742     		.uleb128 0x2117
 545 005b 19       		.uleb128 0x19
 546 005c 01       		.uleb128 0x1
 547 005d 13       		.uleb128 0x13
 548 005e 00       		.byte	0
 549 005f 00       		.byte	0
 550 0060 08       		.uleb128 0x8
 551 0061 05       		.uleb128 0x5
 552 0062 00       		.byte	0
 553 0063 03       		.uleb128 0x3
 554 0064 0E       		.uleb128 0xe
 555 0065 3A       		.uleb128 0x3a
 556 0066 0B       		.uleb128 0xb
 557 0067 3B       		.uleb128 0x3b
 558 0068 0B       		.uleb128 0xb
 559 0069 49       		.uleb128 0x49
 560 006a 13       		.uleb128 0x13
 561 006b 02       		.uleb128 0x2
 562 006c 17       		.uleb128 0x17
 563 006d 00       		.byte	0
 564 006e 00       		.byte	0
 565 006f 09       		.uleb128 0x9
 566 0070 2E       		.uleb128 0x2e
 567 0071 01       		.byte	0x1
 568 0072 3F       		.uleb128 0x3f
 569 0073 19       		.uleb128 0x19
 570 0074 03       		.uleb128 0x3
 571 0075 0E       		.uleb128 0xe
 572 0076 3A       		.uleb128 0x3a
 573 0077 0B       		.uleb128 0xb
 574 0078 3B       		.uleb128 0x3b
 575 0079 0B       		.uleb128 0xb
 576 007a 49       		.uleb128 0x49
 577 007b 13       		.uleb128 0x13
 578 007c 3C       		.uleb128 0x3c
 579 007d 19       		.uleb128 0x19
 580 007e 01       		.uleb128 0x1
 581 007f 13       		.uleb128 0x13
 582 0080 00       		.byte	0
 583 0081 00       		.byte	0
 584 0082 0A       		.uleb128 0xa
 585 0083 18       		.uleb128 0x18
 586 0084 00       		.byte	0
 587 0085 00       		.byte	0
 588 0086 00       		.byte	0
 589 0087 0B       		.uleb128 0xb
 590 0088 898201   		.uleb128 0x4109
 591 008b 00       		.byte	0
 592 008c 11       		.uleb128 0x11
 593 008d 01       		.uleb128 0x1
 594 008e 31       		.uleb128 0x31
 595 008f 13       		.uleb128 0x13
 596 0090 00       		.byte	0
 597 0091 00       		.byte	0
 598 0092 0C       		.uleb128 0xc
 599 0093 898201   		.uleb128 0x4109
ARM GAS  C:\Users\JohnP\AppData\Local\Temp\ccuUnnyQ.s 			page 12


 600 0096 01       		.byte	0x1
 601 0097 11       		.uleb128 0x11
 602 0098 01       		.uleb128 0x1
 603 0099 31       		.uleb128 0x31
 604 009a 13       		.uleb128 0x13
 605 009b 00       		.byte	0
 606 009c 00       		.byte	0
 607 009d 0D       		.uleb128 0xd
 608 009e 8A8201   		.uleb128 0x410a
 609 00a1 00       		.byte	0
 610 00a2 02       		.uleb128 0x2
 611 00a3 18       		.uleb128 0x18
 612 00a4 9142     		.uleb128 0x2111
 613 00a6 18       		.uleb128 0x18
 614 00a7 00       		.byte	0
 615 00a8 00       		.byte	0
 616 00a9 0E       		.uleb128 0xe
 617 00aa 2E       		.uleb128 0x2e
 618 00ab 01       		.byte	0x1
 619 00ac 3F       		.uleb128 0x3f
 620 00ad 19       		.uleb128 0x19
 621 00ae 03       		.uleb128 0x3
 622 00af 0E       		.uleb128 0xe
 623 00b0 3A       		.uleb128 0x3a
 624 00b1 0B       		.uleb128 0xb
 625 00b2 3B       		.uleb128 0x3b
 626 00b3 0B       		.uleb128 0xb
 627 00b4 27       		.uleb128 0x27
 628 00b5 19       		.uleb128 0x19
 629 00b6 11       		.uleb128 0x11
 630 00b7 01       		.uleb128 0x1
 631 00b8 12       		.uleb128 0x12
 632 00b9 06       		.uleb128 0x6
 633 00ba 40       		.uleb128 0x40
 634 00bb 18       		.uleb128 0x18
 635 00bc 9642     		.uleb128 0x2116
 636 00be 19       		.uleb128 0x19
 637 00bf 01       		.uleb128 0x1
 638 00c0 13       		.uleb128 0x13
 639 00c1 00       		.byte	0
 640 00c2 00       		.byte	0
 641 00c3 0F       		.uleb128 0xf
 642 00c4 34       		.uleb128 0x34
 643 00c5 00       		.byte	0
 644 00c6 03       		.uleb128 0x3
 645 00c7 0E       		.uleb128 0xe
 646 00c8 3A       		.uleb128 0x3a
 647 00c9 0B       		.uleb128 0xb
 648 00ca 3B       		.uleb128 0x3b
 649 00cb 0B       		.uleb128 0xb
 650 00cc 49       		.uleb128 0x49
 651 00cd 13       		.uleb128 0x13
 652 00ce 02       		.uleb128 0x2
 653 00cf 18       		.uleb128 0x18
 654 00d0 00       		.byte	0
 655 00d1 00       		.byte	0
 656 00d2 10       		.uleb128 0x10
ARM GAS  C:\Users\JohnP\AppData\Local\Temp\ccuUnnyQ.s 			page 13


 657 00d3 898201   		.uleb128 0x4109
 658 00d6 01       		.byte	0x1
 659 00d7 11       		.uleb128 0x11
 660 00d8 01       		.uleb128 0x1
 661 00d9 31       		.uleb128 0x31
 662 00da 13       		.uleb128 0x13
 663 00db 01       		.uleb128 0x1
 664 00dc 13       		.uleb128 0x13
 665 00dd 00       		.byte	0
 666 00de 00       		.byte	0
 667 00df 11       		.uleb128 0x11
 668 00e0 01       		.uleb128 0x1
 669 00e1 01       		.byte	0x1
 670 00e2 49       		.uleb128 0x49
 671 00e3 13       		.uleb128 0x13
 672 00e4 01       		.uleb128 0x1
 673 00e5 13       		.uleb128 0x13
 674 00e6 00       		.byte	0
 675 00e7 00       		.byte	0
 676 00e8 12       		.uleb128 0x12
 677 00e9 21       		.uleb128 0x21
 678 00ea 00       		.byte	0
 679 00eb 49       		.uleb128 0x49
 680 00ec 13       		.uleb128 0x13
 681 00ed 2F       		.uleb128 0x2f
 682 00ee 0B       		.uleb128 0xb
 683 00ef 00       		.byte	0
 684 00f0 00       		.byte	0
 685 00f1 13       		.uleb128 0x13
 686 00f2 34       		.uleb128 0x34
 687 00f3 00       		.byte	0
 688 00f4 03       		.uleb128 0x3
 689 00f5 0E       		.uleb128 0xe
 690 00f6 3A       		.uleb128 0x3a
 691 00f7 0B       		.uleb128 0xb
 692 00f8 3B       		.uleb128 0x3b
 693 00f9 0B       		.uleb128 0xb
 694 00fa 49       		.uleb128 0x49
 695 00fb 13       		.uleb128 0x13
 696 00fc 3F       		.uleb128 0x3f
 697 00fd 19       		.uleb128 0x19
 698 00fe 02       		.uleb128 0x2
 699 00ff 18       		.uleb128 0x18
 700 0100 00       		.byte	0
 701 0101 00       		.byte	0
 702 0102 14       		.uleb128 0x14
 703 0103 2E       		.uleb128 0x2e
 704 0104 01       		.byte	0x1
 705 0105 3F       		.uleb128 0x3f
 706 0106 19       		.uleb128 0x19
 707 0107 03       		.uleb128 0x3
 708 0108 0E       		.uleb128 0xe
 709 0109 3A       		.uleb128 0x3a
 710 010a 0B       		.uleb128 0xb
 711 010b 3B       		.uleb128 0x3b
 712 010c 0B       		.uleb128 0xb
 713 010d 27       		.uleb128 0x27
ARM GAS  C:\Users\JohnP\AppData\Local\Temp\ccuUnnyQ.s 			page 14


 714 010e 19       		.uleb128 0x19
 715 010f 49       		.uleb128 0x49
 716 0110 13       		.uleb128 0x13
 717 0111 3C       		.uleb128 0x3c
 718 0112 19       		.uleb128 0x19
 719 0113 00       		.byte	0
 720 0114 00       		.byte	0
 721 0115 15       		.uleb128 0x15
 722 0116 05       		.uleb128 0x5
 723 0117 00       		.byte	0
 724 0118 49       		.uleb128 0x49
 725 0119 13       		.uleb128 0x13
 726 011a 00       		.byte	0
 727 011b 00       		.byte	0
 728 011c 00       		.byte	0
 729              		.section	.debug_loc,"",%progbits
 730              	.Ldebug_loc0:
 731              	.LLST0:
 732 0000 00000000 		.4byte	.LVL0
 733 0004 04000000 		.4byte	.LVL1
 734 0008 0100     		.2byte	0x1
 735 000a 50       		.byte	0x50
 736 000b 04000000 		.4byte	.LVL1
 737 000f 14000000 		.4byte	.LFE0
 738 0013 0100     		.2byte	0x1
 739 0015 54       		.byte	0x54
 740 0016 00000000 		.4byte	0
 741 001a 00000000 		.4byte	0
 742              	.LLST1:
 743 001e 00000000 		.4byte	.LVL4
 744 0022 07000000 		.4byte	.LVL5-1
 745 0026 0100     		.2byte	0x1
 746 0028 50       		.byte	0x50
 747 0029 07000000 		.4byte	.LVL5-1
 748 002d 2C000000 		.4byte	.LFE1
 749 0031 0600     		.2byte	0x6
 750 0033 F3       		.byte	0xf3
 751 0034 03       		.uleb128 0x3
 752 0035 F5       		.byte	0xf5
 753 0036 00       		.uleb128 0
 754 0037 25       		.uleb128 0x25
 755 0038 9F       		.byte	0x9f
 756 0039 00000000 		.4byte	0
 757 003d 00000000 		.4byte	0
 758              		.section	.debug_aranges,"",%progbits
 759 0000 24000000 		.4byte	0x24
 760 0004 0200     		.2byte	0x2
 761 0006 00000000 		.4byte	.Ldebug_info0
 762 000a 04       		.byte	0x4
 763 000b 00       		.byte	0
 764 000c 0000     		.2byte	0
 765 000e 0000     		.2byte	0
 766 0010 00000000 		.4byte	.LFB0
 767 0014 14000000 		.4byte	.LFE0-.LFB0
 768 0018 00000000 		.4byte	.LFB1
 769 001c 2C000000 		.4byte	.LFE1-.LFB1
 770 0020 00000000 		.4byte	0
ARM GAS  C:\Users\JohnP\AppData\Local\Temp\ccuUnnyQ.s 			page 15


 771 0024 00000000 		.4byte	0
 772              		.section	.debug_ranges,"",%progbits
 773              	.Ldebug_ranges0:
 774 0000 00000000 		.4byte	.LFB0
 775 0004 14000000 		.4byte	.LFE0
 776 0008 00000000 		.4byte	.LFB1
 777 000c 2C000000 		.4byte	.LFE1
 778 0010 00000000 		.4byte	0
 779 0014 00000000 		.4byte	0
 780              		.section	.debug_line,"",%progbits
 781              	.Ldebug_line0:
 782 0000 12010000 		.section	.debug_str,"MS",%progbits,1
 782      0200E000 
 782      00000201 
 782      FB0E0D00 
 782      01010101 
 783              	.LASF7:
 784 0000 6C6F6E67 		.ascii	"long long int\000"
 784      206C6F6E 
 784      6720696E 
 784      7400
 785              	.LASF26:
 786 000e 63757272 		.ascii	"currentState\000"
 786      656E7453 
 786      74617465 
 786      00
 787              	.LASF27:
 788 001b 50726576 		.ascii	"Prev_state\000"
 788      5F737461 
 788      746500
 789              	.LASF35:
 790 0026 433A5C55 		.ascii	"C:\\Users\\JohnP\\Desktop\\embedded\\trunk\\CE4920P"
 790      73657273 
 790      5C4A6F68 
 790      6E505C44 
 790      65736B74 
 791 0053 726F6A65 		.ascii	"roject1\\Design01.cydsn\000"
 791      6374315C 
 791      44657369 
 791      676E3031 
 791      2E637964 
 792              	.LASF4:
 793 006a 73686F72 		.ascii	"short unsigned int\000"
 793      7420756E 
 793      7369676E 
 793      65642069 
 793      6E7400
 794              	.LASF16:
 795 007d 55534255 		.ascii	"USBUART_PutString\000"
 795      4152545F 
 795      50757453 
 795      7472696E 
 795      6700
 796              	.LASF30:
 797 008f 74696D65 		.ascii	"timer_status\000"
 797      725F7374 
 797      61747573 
ARM GAS  C:\Users\JohnP\AppData\Local\Temp\ccuUnnyQ.s 			page 16


 797      00
 798              	.LASF19:
 799 009c 73747269 		.ascii	"string\000"
 799      6E6700
 800              	.LASF25:
 801 00a3 50524F46 		.ascii	"PROFILE\000"
 801      494C4500 
 802              	.LASF15:
 803 00ab 55534255 		.ascii	"USBUART_CDCIsReady\000"
 803      4152545F 
 803      43444349 
 803      73526561 
 803      647900
 804              	.LASF29:
 805 00be 68656172 		.ascii	"heartbeatCounter\000"
 805      74626561 
 805      74436F75 
 805      6E746572 
 805      00
 806              	.LASF0:
 807 00cf 666C6F61 		.ascii	"float\000"
 807      7400
 808              	.LASF2:
 809 00d5 756E7369 		.ascii	"unsigned char\000"
 809      676E6564 
 809      20636861 
 809      7200
 810              	.LASF13:
 811 00e3 63686172 		.ascii	"char8\000"
 811      3800
 812              	.LASF6:
 813 00e9 6C6F6E67 		.ascii	"long unsigned int\000"
 813      20756E73 
 813      69676E65 
 813      6420696E 
 813      7400
 814              	.LASF33:
 815 00fb 474E5520 		.ascii	"GNU C 4.8.4 20140526 (release) [ARM/embedded-4_8-br"
 815      4320342E 
 815      382E3420 
 815      32303134 
 815      30353236 
 816 012e 616E6368 		.ascii	"anch revision 211358] -mcpu=cortex-m3 -mthumb -g -O"
 816      20726576 
 816      6973696F 
 816      6E203231 
 816      31333538 
 817 0161 67202D66 		.ascii	"g -ffunction-sections\000"
 817      66756E63 
 817      74696F6E 
 817      2D736563 
 817      74696F6E 
 818              	.LASF34:
 819 0177 2E5C7465 		.ascii	".\\terminal.c\000"
 819      726D696E 
 819      616C2E63 
 819      00
ARM GAS  C:\Users\JohnP\AppData\Local\Temp\ccuUnnyQ.s 			page 17


 820              	.LASF10:
 821 0184 646F7562 		.ascii	"double\000"
 821      6C6500
 822              	.LASF18:
 823 018b 5445524D 		.ascii	"TERMINAL_WriteNumber\000"
 823      494E414C 
 823      5F577269 
 823      74654E75 
 823      6D626572 
 824              	.LASF36:
 825 01a0 73747232 		.ascii	"str2\000"
 825      00
 826              	.LASF31:
 827 01a5 74696D65 		.ascii	"timer_value\000"
 827      725F7661 
 827      6C756500 
 828              	.LASF24:
 829 01b1 696E6372 		.ascii	"increasingHr\000"
 829      65617369 
 829      6E674872 
 829      00
 830              	.LASF9:
 831 01be 756E7369 		.ascii	"unsigned int\000"
 831      676E6564 
 831      20696E74 
 831      00
 832              	.LASF8:
 833 01cb 6C6F6E67 		.ascii	"long long unsigned int\000"
 833      206C6F6E 
 833      6720756E 
 833      7369676E 
 833      65642069 
 834              	.LASF23:
 835 01e2 61766572 		.ascii	"average\000"
 835      61676500 
 836              	.LASF14:
 837 01ea 53544154 		.ascii	"STATE\000"
 837      4500
 838              	.LASF20:
 839 01f0 6E756D62 		.ascii	"number\000"
 839      657200
 840              	.LASF28:
 841 01f7 73706565 		.ascii	"speed\000"
 841      6400
 842              	.LASF12:
 843 01fd 73697A65 		.ascii	"sizetype\000"
 843      74797065 
 843      00
 844              	.LASF21:
 845 0206 68656172 		.ascii	"heartrate\000"
 845      74726174 
 845      6500
 846              	.LASF11:
 847 0210 63686172 		.ascii	"char\000"
 847      00
 848              	.LASF3:
 849 0215 73686F72 		.ascii	"short int\000"
ARM GAS  C:\Users\JohnP\AppData\Local\Temp\ccuUnnyQ.s 			page 18


 849      7420696E 
 849      7400
 850              	.LASF22:
 851 021f 52455345 		.ascii	"RESET_CAUSE\000"
 851      545F4341 
 851      55534500 
 852              	.LASF5:
 853 022b 6C6F6E67 		.ascii	"long int\000"
 853      20696E74 
 853      00
 854              	.LASF17:
 855 0234 5445524D 		.ascii	"TERMINAL_WriteString\000"
 855      494E414C 
 855      5F577269 
 855      74655374 
 855      72696E67 
 856              	.LASF1:
 857 0249 7369676E 		.ascii	"signed char\000"
 857      65642063 
 857      68617200 
 858              	.LASF32:
 859 0255 73707269 		.ascii	"sprintf\000"
 859      6E746600 
 860              		.ident	"GCC: (GNU Tools for ARM Embedded Processors) 4.8.4 20140526 (release) [ARM/embedded-4_8-br
