--------------- Build Started: 10/07/2015 01:36:21 Project: USBFS_HID01, Configuration: ARM GCC 4.8.4 Debug ---------------
cydsfit.exe -.appdatapath "C:\Users\JohnP\AppData\Local\Cypress Semiconductor\PSoC Creator\3.2" -.fdsnotice -.fdswarpdepfile=warp_dependencies.txt -.fdselabdepfile=elab_dependencies.txt -.fdsbldfile=generated_files.txt -p "C:\Users\JohnP\OneDrive\College\2015-2016 Senior Year\0 Fall Quarter\CE4920 011\Lab\project\CE4920Project1\USBFS_HID01.cydsn\USBFS_HID01.cyprj" -d CY8C5868AXI-LP035 -s "C:\Users\JohnP\OneDrive\College\2015-2016 Senior Year\0 Fall Quarter\CE4920 011\Lab\project\CE4920Project1\USBFS_HID01.cydsn\Generated_Source\PSoC5" -- -yv2 -q10 -ygs -o2 -v3 -.fftcfgtype=LE
Elaborating Design...
HDL Generation ...
Synthesis ...
Place and Route ...
Tech mapping ...
ADD: pft.M0040: information: The following 2 pin(s) will be assigned a location by the fitter: \USBFS_1:Dm(0)\, \USBFS_1:Dp(0)\
Analog Placement ...
Analog Routing ...
Analog Code Generation ...
Digital Placement ...
Digital Routing ...
Bitstream Generation ...
Static timing analysis ...
API Generation ...
Dependency Generation ...
Clean Temporary Files ...
arm-none-eabi-gcc.exe -mcpu=cortex-m3 -mthumb -Wno-main -I. -IGenerated_Source\PSoC5 -Wa,-alh=.\CortexM3\ARM_GCC_484\Debug/main.lst -g -Wall -ffunction-sections -O0 -c .\main.c -o .\CortexM3\ARM_GCC_484\Debug\main.o
arm-none-eabi-gcc.exe -mcpu=cortex-m3 -mthumb -Wno-main -I. -IGenerated_Source\PSoC5 -Wa,-alh=.\CortexM3\ARM_GCC_484\Debug/cyfitter_cfg.lst -g -Wall -ffunction-sections -O0 -c .\Generated_Source\PSoC5\cyfitter_cfg.c -o .\CortexM3\ARM_GCC_484\Debug\cyfitter_cfg.o
arm-none-eabi-gcc.exe -mcpu=cortex-m3 -mthumb -Wno-main -I. -IGenerated_Source\PSoC5 -Wa,-alh=.\CortexM3\ARM_GCC_484\Debug/cymetadata.lst -g -Wall -ffunction-sections -O0 -c .\Generated_Source\PSoC5\cymetadata.c -o .\CortexM3\ARM_GCC_484\Debug\cymetadata.o
arm-none-eabi-gcc.exe -mcpu=cortex-m3 -mthumb -Wno-main -I. -IGenerated_Source\PSoC5 -Wa,-alh=.\CortexM3\ARM_GCC_484\Debug/USBFS_1.lst -g -Wall -ffunction-sections -O0 -c .\Generated_Source\PSoC5\USBFS_1.c -o .\CortexM3\ARM_GCC_484\Debug\USBFS_1.o
arm-none-eabi-gcc.exe -mcpu=cortex-m3 -mthumb -Wno-main -I. -IGenerated_Source\PSoC5 -Wa,-alh=.\CortexM3\ARM_GCC_484\Debug/USBFS_1_audio.lst -g -Wall -ffunction-sections -O0 -c .\Generated_Source\PSoC5\USBFS_1_audio.c -o .\CortexM3\ARM_GCC_484\Debug\USBFS_1_audio.o
arm-none-eabi-gcc.exe -mcpu=cortex-m3 -mthumb -Wno-main -I. -IGenerated_Source\PSoC5 -Wa,-alh=.\CortexM3\ARM_GCC_484\Debug/USBFS_1_boot.lst -g -Wall -ffunction-sections -O0 -c .\Generated_Source\PSoC5\USBFS_1_boot.c -o .\CortexM3\ARM_GCC_484\Debug\USBFS_1_boot.o
arm-none-eabi-gcc.exe -mcpu=cortex-m3 -mthumb -Wno-main -I. -IGenerated_Source\PSoC5 -Wa,-alh=.\CortexM3\ARM_GCC_484\Debug/USBFS_1_cdc.lst -g -Wall -ffunction-sections -O0 -c .\Generated_Source\PSoC5\USBFS_1_cdc.c -o .\CortexM3\ARM_GCC_484\Debug\USBFS_1_cdc.o
arm-none-eabi-gcc.exe -mcpu=cortex-m3 -mthumb -Wno-main -I. -IGenerated_Source\PSoC5 -Wa,-alh=.\CortexM3\ARM_GCC_484\Debug/USBFS_1_cls.lst -g -Wall -ffunction-sections -O0 -c .\Generated_Source\PSoC5\USBFS_1_cls.c -o .\CortexM3\ARM_GCC_484\Debug\USBFS_1_cls.o
arm-none-eabi-gcc.exe -mcpu=cortex-m3 -mthumb -Wno-main -I. -IGenerated_Source\PSoC5 -Wa,-alh=.\CortexM3\ARM_GCC_484\Debug/USBFS_1_descr.lst -g -Wall -ffunction-sections -O0 -c .\Generated_Source\PSoC5\USBFS_1_descr.c -o .\CortexM3\ARM_GCC_484\Debug\USBFS_1_descr.o
arm-none-eabi-gcc.exe -mcpu=cortex-m3 -mthumb -Wno-main -I. -IGenerated_Source\PSoC5 -Wa,-alh=.\CortexM3\ARM_GCC_484\Debug/USBFS_1_drv.lst -g -Wall -ffunction-sections -O0 -c .\Generated_Source\PSoC5\USBFS_1_drv.c -o .\CortexM3\ARM_GCC_484\Debug\USBFS_1_drv.o
arm-none-eabi-gcc.exe -mcpu=cortex-m3 -mthumb -Wno-main -I. -IGenerated_Source\PSoC5 -Wa,-alh=.\CortexM3\ARM_GCC_484\Debug/USBFS_1_episr.lst -g -Wall -ffunction-sections -O0 -c .\Generated_Source\PSoC5\USBFS_1_episr.c -o .\CortexM3\ARM_GCC_484\Debug\USBFS_1_episr.o
arm-none-eabi-gcc.exe -mcpu=cortex-m3 -mthumb -Wno-main -I. -IGenerated_Source\PSoC5 -Wa,-alh=.\CortexM3\ARM_GCC_484\Debug/USBFS_1_hid.lst -g -Wall -ffunction-sections -O0 -c .\Generated_Source\PSoC5\USBFS_1_hid.c -o .\CortexM3\ARM_GCC_484\Debug\USBFS_1_hid.o
arm-none-eabi-gcc.exe -mcpu=cortex-m3 -mthumb -Wno-main -I. -IGenerated_Source\PSoC5 -Wa,-alh=.\CortexM3\ARM_GCC_484\Debug/USBFS_1_pm.lst -g -Wall -ffunction-sections -O0 -c .\Generated_Source\PSoC5\USBFS_1_pm.c -o .\CortexM3\ARM_GCC_484\Debug\USBFS_1_pm.o
arm-none-eabi-gcc.exe -mcpu=cortex-m3 -mthumb -Wno-main -I. -IGenerated_Source\PSoC5 -Wa,-alh=.\CortexM3\ARM_GCC_484\Debug/USBFS_1_std.lst -g -Wall -ffunction-sections -O0 -c .\Generated_Source\PSoC5\USBFS_1_std.c -o .\CortexM3\ARM_GCC_484\Debug\USBFS_1_std.o
arm-none-eabi-gcc.exe -mcpu=cortex-m3 -mthumb -Wno-main -I. -IGenerated_Source\PSoC5 -Wa,-alh=.\CortexM3\ARM_GCC_484\Debug/USBFS_1_vnd.lst -g -Wall -ffunction-sections -O0 -c .\Generated_Source\PSoC5\USBFS_1_vnd.c -o .\CortexM3\ARM_GCC_484\Debug\USBFS_1_vnd.o
arm-none-eabi-gcc.exe -mcpu=cortex-m3 -mthumb -Wno-main -I. -IGenerated_Source\PSoC5 -Wa,-alh=.\CortexM3\ARM_GCC_484\Debug/USBFS_1_midi.lst -g -Wall -ffunction-sections -O0 -c .\Generated_Source\PSoC5\USBFS_1_midi.c -o .\CortexM3\ARM_GCC_484\Debug\USBFS_1_midi.o
arm-none-eabi-gcc.exe -mcpu=cortex-m3 -mthumb -Wno-main -I. -IGenerated_Source\PSoC5 -Wa,-alh=.\CortexM3\ARM_GCC_484\Debug/USBFS_1_Dm.lst -g -Wall -ffunction-sections -O0 -c .\Generated_Source\PSoC5\USBFS_1_Dm.c -o .\CortexM3\ARM_GCC_484\Debug\USBFS_1_Dm.o
arm-none-eabi-gcc.exe -mcpu=cortex-m3 -mthumb -Wno-main -I. -IGenerated_Source\PSoC5 -Wa,-alh=.\CortexM3\ARM_GCC_484\Debug/USBFS_1_Dp.lst -g -Wall -ffunction-sections -O0 -c .\Generated_Source\PSoC5\USBFS_1_Dp.c -o .\CortexM3\ARM_GCC_484\Debug\USBFS_1_Dp.o
arm-none-eabi-gcc.exe -mcpu=cortex-m3 -mthumb -Wno-main -I. -IGenerated_Source\PSoC5 -Wa,-alh=.\CortexM3\ARM_GCC_484\Debug/Cm3Start.lst -g -Wall -ffunction-sections -O0 -c .\Generated_Source\PSoC5\Cm3Start.c -o .\CortexM3\ARM_GCC_484\Debug\Cm3Start.o
arm-none-eabi-as.exe -mcpu=cortex-m3 -mthumb -I. -IGenerated_Source\PSoC5 -alh=.\CortexM3\ARM_GCC_484\Debug/CyBootAsmGnu.lst -g -o .\CortexM3\ARM_GCC_484\Debug\CyBootAsmGnu.o .\Generated_Source\PSoC5\CyBootAsmGnu.s
arm-none-eabi-gcc.exe -mcpu=cortex-m3 -mthumb -Wno-main -I. -IGenerated_Source\PSoC5 -Wa,-alh=.\CortexM3\ARM_GCC_484\Debug/CyDmac.lst -g -Wall -ffunction-sections -O0 -c .\Generated_Source\PSoC5\CyDmac.c -o .\CortexM3\ARM_GCC_484\Debug\CyDmac.o
arm-none-eabi-gcc.exe -mcpu=cortex-m3 -mthumb -Wno-main -I. -IGenerated_Source\PSoC5 -Wa,-alh=.\CortexM3\ARM_GCC_484\Debug/CyFlash.lst -g -Wall -ffunction-sections -O0 -c .\Generated_Source\PSoC5\CyFlash.c -o .\CortexM3\ARM_GCC_484\Debug\CyFlash.o
arm-none-eabi-gcc.exe -mcpu=cortex-m3 -mthumb -Wno-main -I. -IGenerated_Source\PSoC5 -Wa,-alh=.\CortexM3\ARM_GCC_484\Debug/CyLib.lst -g -Wall -ffunction-sections -O0 -c .\Generated_Source\PSoC5\CyLib.c -o .\CortexM3\ARM_GCC_484\Debug\CyLib.o
arm-none-eabi-gcc.exe -mcpu=cortex-m3 -mthumb -Wno-main -I. -IGenerated_Source\PSoC5 -Wa,-alh=.\CortexM3\ARM_GCC_484\Debug/cyPm.lst -g -Wall -ffunction-sections -O0 -c .\Generated_Source\PSoC5\cyPm.c -o .\CortexM3\ARM_GCC_484\Debug\cyPm.o
arm-none-eabi-gcc.exe -mcpu=cortex-m3 -mthumb -Wno-main -I. -IGenerated_Source\PSoC5 -Wa,-alh=.\CortexM3\ARM_GCC_484\Debug/CySpc.lst -g -Wall -ffunction-sections -O0 -c .\Generated_Source\PSoC5\CySpc.c -o .\CortexM3\ARM_GCC_484\Debug\CySpc.o
arm-none-eabi-gcc.exe -mcpu=cortex-m3 -mthumb -Wno-main -I. -IGenerated_Source\PSoC5 -Wa,-alh=.\CortexM3\ARM_GCC_484\Debug/cyutils.lst -g -Wall -ffunction-sections -O0 -c .\Generated_Source\PSoC5\cyutils.c -o .\CortexM3\ARM_GCC_484\Debug\cyutils.o
arm-none-eabi-ar.exe -rs .\CortexM3\ARM_GCC_484\Debug\USBFS_HID01.a .\CortexM3\ARM_GCC_484\Debug\cyfitter_cfg.o .\CortexM3\ARM_GCC_484\Debug\USBFS_1.o .\CortexM3\ARM_GCC_484\Debug\USBFS_1_audio.o .\CortexM3\ARM_GCC_484\Debug\USBFS_1_boot.o .\CortexM3\ARM_GCC_484\Debug\USBFS_1_cdc.o .\CortexM3\ARM_GCC_484\Debug\USBFS_1_cls.o .\CortexM3\ARM_GCC_484\Debug\USBFS_1_descr.o .\CortexM3\ARM_GCC_484\Debug\USBFS_1_drv.o .\CortexM3\ARM_GCC_484\Debug\USBFS_1_episr.o .\CortexM3\ARM_GCC_484\Debug\USBFS_1_hid.o .\CortexM3\ARM_GCC_484\Debug\USBFS_1_pm.o .\CortexM3\ARM_GCC_484\Debug\USBFS_1_std.o .\CortexM3\ARM_GCC_484\Debug\USBFS_1_vnd.o .\CortexM3\ARM_GCC_484\Debug\USBFS_1_midi.o .\CortexM3\ARM_GCC_484\Debug\USBFS_1_Dm.o .\CortexM3\ARM_GCC_484\Debug\USBFS_1_Dp.o .\CortexM3\ARM_GCC_484\Debug\CyBootAsmGnu.o .\CortexM3\ARM_GCC_484\Debug\CyDmac.o .\CortexM3\ARM_GCC_484\Debug\CyFlash.o .\CortexM3\ARM_GCC_484\Debug\CyLib.o .\CortexM3\ARM_GCC_484\Debug\cyPm.o .\CortexM3\ARM_GCC_484\Debug\CySpc.o .\CortexM3\ARM_GCC_484\Debug\cyutils.o
arm-none-eabi-ar.exe: creating .\CortexM3\ARM_GCC_484\Debug\USBFS_HID01.a
arm-none-eabi-gcc.exe -Wl,--start-group -o .\CortexM3\ARM_GCC_484\Debug\USBFS_HID01.elf .\CortexM3\ARM_GCC_484\Debug\main.o .\CortexM3\ARM_GCC_484\Debug\cymetadata.o .\CortexM3\ARM_GCC_484\Debug\Cm3Start.o .\CortexM3\ARM_GCC_484\Debug\USBFS_HID01.a "C:\Program Files (x86)\Cypress\PSoC Creator\3.2\PSoC Creator\psoc\content\cycomponentlibrary\CyComponentLibrary.cylib\CortexM3\ARM_GCC_484\Debug\CyComponentLibrary.a" -mcpu=cortex-m3 -mthumb -g -ffunction-sections -O0 -Wl,-Map,.\CortexM3\ARM_GCC_484\Debug/USBFS_HID01.map -T Generated_Source\PSoC5\cm3gcc.ld -specs=nano.specs -Wl,--gc-sections -Wl,--end-group
cyelftool.exe -C "C:\Users\JohnP\OneDrive\College\2015-2016 Senior Year\0 Fall Quarter\CE4920 011\Lab\project\CE4920Project1\USBFS_HID01.cydsn\CortexM3\ARM_GCC_484\Debug\USBFS_HID01.elf" --flash_row_size 256 --flash_size 262144
cyelftool.exe -S "C:\Users\JohnP\OneDrive\College\2015-2016 Senior Year\0 Fall Quarter\CE4920 011\Lab\project\CE4920Project1\USBFS_HID01.cydsn\CortexM3\ARM_GCC_484\Debug\USBFS_HID01.elf"
Flash used: 10240 of 262144 bytes (3.9 %).
SRAM used: 2693 of 65536 bytes (4.1 %). Stack: 2048 bytes. Heap: 128 bytes.
--------------- Build Succeeded: 10/07/2015 01:36:44 ---------------
