ARM GAS  C:\Users\JohnP\AppData\Local\Temp\ccq6lmHx.s 			page 1


   1              		.syntax unified
   2              		.cpu cortex-m3
   3              		.fpu softvfp
   4              		.eabi_attribute 20, 1
   5              		.eabi_attribute 21, 1
   6              		.eabi_attribute 23, 3
   7              		.eabi_attribute 24, 1
   8              		.eabi_attribute 25, 1
   9              		.eabi_attribute 26, 1
  10              		.eabi_attribute 30, 6
  11              		.eabi_attribute 34, 1
  12              		.eabi_attribute 18, 4
  13              		.thumb
  14              		.file	"cymetadata.c"
  15              		.text
  16              	.Ltext0:
  17              		.cfi_sections	.debug_frame
  18              		.global	cy_meta_configecc
  19              		.section	.cyconfigecc,"a",%progbits
  20              		.align	2
  21              		.type	cy_meta_configecc, %object
  22              		.size	cy_meta_configecc, 100
  23              	cy_meta_configecc:
  24 0000 01       		.byte	1
  25 0001 45       		.byte	69
  26 0002 00       		.byte	0
  27 0003 40       		.byte	64
  28 0004 01       		.byte	1
  29 0005 52       		.byte	82
  30 0006 00       		.byte	0
  31 0007 40       		.byte	64
  32 0008 01       		.byte	1
  33 0009 17       		.byte	23
  34 000a 01       		.byte	1
  35 000b 40       		.byte	64
  36 000c 01       		.byte	1
  37 000d 19       		.byte	25
  38 000e 01       		.byte	1
  39 000f 40       		.byte	64
  40 0010 02       		.byte	2
  41 0011 40       		.byte	64
  42 0012 01       		.byte	1
  43 0013 40       		.byte	64
  44 0014 01       		.byte	1
  45 0015 41       		.byte	65
  46 0016 01       		.byte	1
  47 0017 40       		.byte	64
  48 0018 01       		.byte	1
  49 0019 42       		.byte	66
  50 001a 01       		.byte	1
  51 001b 40       		.byte	64
  52 001c 01       		.byte	1
  53 001d 43       		.byte	67
  54 001e 01       		.byte	1
  55 001f 40       		.byte	64
  56 0020 02       		.byte	2
  57 0021 47       		.byte	71
ARM GAS  C:\Users\JohnP\AppData\Local\Temp\ccq6lmHx.s 			page 2


  58 0022 01       		.byte	1
  59 0023 40       		.byte	64
  60 0024 02       		.byte	2
  61 0025 48       		.byte	72
  62 0026 01       		.byte	1
  63 0027 40       		.byte	64
  64 0028 01       		.byte	1
  65 0029 4C       		.byte	76
  66 002a 01       		.byte	1
  67 002b 40       		.byte	64
  68 002c 01       		.byte	1
  69 002d 51       		.byte	81
  70 002e 01       		.byte	1
  71 002f 40       		.byte	64
  72 0030 7E       		.byte	126
  73 0031 02       		.byte	2
  74 0032 7C       		.byte	124
  75 0033 40       		.byte	64
  76 0034 EE       		.byte	-18
  77 0035 08       		.byte	8
  78 0036 EE       		.byte	-18
  79 0037 08       		.byte	8
  80 0038 33       		.byte	51
  81 0039 80       		.byte	-128
  82 003a CC       		.byte	-52
  83 003b 10       		.byte	16
  84 003c A7       		.byte	-89
  85 003d 80       		.byte	-128
  86 003e A7       		.byte	-89
  87 003f 80       		.byte	-128
  88 0040 A7       		.byte	-89
  89 0041 80       		.byte	-128
  90 0042 08       		.byte	8
  91 0043 08       		.byte	8
  92 0044 C2       		.byte	-62
  93 0045 08       		.byte	8
  94 0046 AF       		.byte	-81
  95 0047 80       		.byte	-128
  96 0048 EE       		.byte	-18
  97 0049 10       		.byte	16
  98 004a AC       		.byte	-84
  99 004b 08       		.byte	8
 100 004c 00       		.byte	0
 101 004d 02       		.byte	2
 102 004e 00       		.byte	0
 103 004f 00       		.byte	0
 104 0050 00       		.byte	0
 105 0051 00       		.byte	0
 106 0052 00       		.byte	0
 107 0053 00       		.byte	0
 108 0054 00       		.byte	0
 109 0055 00       		.byte	0
 110 0056 00       		.byte	0
 111 0057 00       		.byte	0
 112 0058 C0       		.byte	-64
 113 0059 00       		.byte	0
 114 005a 00       		.byte	0
ARM GAS  C:\Users\JohnP\AppData\Local\Temp\ccq6lmHx.s 			page 3


 115 005b 00       		.byte	0
 116 005c 00       		.byte	0
 117 005d 04       		.byte	4
 118 005e 00       		.byte	0
 119 005f 00       		.byte	0
 120 0060 00       		.byte	0
 121 0061 00       		.byte	0
 122 0062 00       		.byte	0
 123 0063 00       		.byte	0
 124              		.global	cy_meta_custnvl
 125              		.section	.cycustnvl,"a",%progbits
 126              		.align	2
 127              		.type	cy_meta_custnvl, %object
 128              		.size	cy_meta_custnvl, 4
 129              	cy_meta_custnvl:
 130 0000 08       		.byte	8
 131 0001 00       		.byte	0
 132 0002 C0       		.byte	-64
 133 0003 05       		.byte	5
 134              		.global	cy_meta_wonvl
 135              		.section	.cywolatch,"a",%progbits
 136              		.align	2
 137              		.type	cy_meta_wonvl, %object
 138              		.size	cy_meta_wonvl, 4
 139              	cy_meta_wonvl:
 140 0000 BC       		.byte	-68
 141 0001 90       		.byte	-112
 142 0002 AC       		.byte	-84
 143 0003 AF       		.byte	-81
 144              		.global	cy_meta_flashprotect
 145              		.section	.cyflashprotect,"a",%progbits
 146              		.align	2
 147              		.type	cy_meta_flashprotect, %object
 148              		.size	cy_meta_flashprotect, 256
 149              	cy_meta_flashprotect:
 150 0000 00000000 		.space	256
 150      00000000 
 150      00000000 
 150      00000000 
 150      00000000 
 151              		.global	cy_metadata
 152              		.section	.cymeta,"a",%progbits
 153              		.align	2
 154              		.type	cy_metadata, %object
 155              		.size	cy_metadata, 12
 156              	cy_metadata:
 157 0000 00       		.byte	0
 158 0001 01       		.byte	1
 159 0002 2E       		.byte	46
 160 0003 12       		.byte	18
 161 0004 30       		.byte	48
 162 0005 69       		.byte	105
 163 0006 00       		.byte	0
 164 0007 01       		.byte	1
 165 0008 00       		.byte	0
 166 0009 00       		.byte	0
 167 000a 00       		.byte	0
ARM GAS  C:\Users\JohnP\AppData\Local\Temp\ccq6lmHx.s 			page 4


 168 000b 00       		.byte	0
 169              		.text
 170              	.Letext0:
 171              		.file 1 ".\\Generated_Source\\PSoC5\\cymetadata.c"
 172              		.file 2 ".\\Generated_Source\\PSoC5\\cytypes.h"
 173              		.section	.debug_info,"",%progbits
 174              	.Ldebug_info0:
 175 0000 35010000 		.4byte	0x135
 176 0004 0400     		.2byte	0x4
 177 0006 00000000 		.4byte	.Ldebug_abbrev0
 178 000a 04       		.byte	0x4
 179 000b 01       		.uleb128 0x1
 180 000c B8000000 		.4byte	.LASF18
 181 0010 01       		.byte	0x1
 182 0011 00000000 		.4byte	.LASF19
 183 0015 7D010000 		.4byte	.LASF20
 184 0019 00000000 		.4byte	.Ldebug_line0
 185 001d 02       		.uleb128 0x2
 186 001e 01       		.byte	0x1
 187 001f 06       		.byte	0x6
 188 0020 09020000 		.4byte	.LASF0
 189 0024 02       		.uleb128 0x2
 190 0025 01       		.byte	0x1
 191 0026 08       		.byte	0x8
 192 0027 38000000 		.4byte	.LASF1
 193 002b 02       		.uleb128 0x2
 194 002c 02       		.byte	0x2
 195 002d 05       		.byte	0x5
 196 002e 73010000 		.4byte	.LASF2
 197 0032 02       		.uleb128 0x2
 198 0033 02       		.byte	0x2
 199 0034 07       		.byte	0x7
 200 0035 58000000 		.4byte	.LASF3
 201 0039 02       		.uleb128 0x2
 202 003a 04       		.byte	0x4
 203 003b 05       		.byte	0x5
 204 003c 00020000 		.4byte	.LASF4
 205 0040 02       		.uleb128 0x2
 206 0041 04       		.byte	0x4
 207 0042 07       		.byte	0x7
 208 0043 46000000 		.4byte	.LASF5
 209 0047 02       		.uleb128 0x2
 210 0048 08       		.byte	0x8
 211 0049 05       		.byte	0x5
 212 004a 60010000 		.4byte	.LASF6
 213 004e 02       		.uleb128 0x2
 214 004f 08       		.byte	0x8
 215 0050 07       		.byte	0x7
 216 0051 A1000000 		.4byte	.LASF7
 217 0055 03       		.uleb128 0x3
 218 0056 04       		.byte	0x4
 219 0057 05       		.byte	0x5
 220 0058 696E7400 		.ascii	"int\000"
 221 005c 02       		.uleb128 0x2
 222 005d 04       		.byte	0x4
 223 005e 07       		.byte	0x7
 224 005f 94000000 		.4byte	.LASF8
ARM GAS  C:\Users\JohnP\AppData\Local\Temp\ccq6lmHx.s 			page 5


 225 0063 04       		.uleb128 0x4
 226 0064 FA010000 		.4byte	.LASF21
 227 0068 02       		.byte	0x2
 228 0069 B4       		.byte	0xb4
 229 006a 24000000 		.4byte	0x24
 230 006e 02       		.uleb128 0x2
 231 006f 04       		.byte	0x4
 232 0070 04       		.byte	0x4
 233 0071 32000000 		.4byte	.LASF9
 234 0075 02       		.uleb128 0x2
 235 0076 08       		.byte	0x8
 236 0077 04       		.byte	0x4
 237 0078 6B000000 		.4byte	.LASF10
 238 007c 02       		.uleb128 0x2
 239 007d 01       		.byte	0x1
 240 007e 08       		.byte	0x8
 241 007f 6E010000 		.4byte	.LASF11
 242 0083 05       		.uleb128 0x5
 243 0084 63000000 		.4byte	0x63
 244 0088 93000000 		.4byte	0x93
 245 008c 06       		.uleb128 0x6
 246 008d 93000000 		.4byte	0x93
 247 0091 63       		.byte	0x63
 248 0092 00       		.byte	0
 249 0093 02       		.uleb128 0x2
 250 0094 04       		.byte	0x4
 251 0095 07       		.byte	0x7
 252 0096 57010000 		.4byte	.LASF12
 253 009a 07       		.uleb128 0x7
 254 009b 82000000 		.4byte	.LASF13
 255 009f 01       		.byte	0x1
 256 00a0 1C       		.byte	0x1c
 257 00a1 AB000000 		.4byte	0xab
 258 00a5 05       		.uleb128 0x5
 259 00a6 03       		.byte	0x3
 260 00a7 00000000 		.4byte	cy_meta_configecc
 261 00ab 08       		.uleb128 0x8
 262 00ac 83000000 		.4byte	0x83
 263 00b0 05       		.uleb128 0x5
 264 00b1 63000000 		.4byte	0x63
 265 00b5 C0000000 		.4byte	0xc0
 266 00b9 06       		.uleb128 0x6
 267 00ba 93000000 		.4byte	0x93
 268 00be 03       		.byte	0x3
 269 00bf 00       		.byte	0
 270 00c0 07       		.uleb128 0x7
 271 00c1 72000000 		.4byte	.LASF14
 272 00c5 01       		.byte	0x1
 273 00c6 33       		.byte	0x33
 274 00c7 D1000000 		.4byte	0xd1
 275 00cb 05       		.uleb128 0x5
 276 00cc 03       		.byte	0x3
 277 00cd 00000000 		.4byte	cy_meta_custnvl
 278 00d1 08       		.uleb128 0x8
 279 00d2 B0000000 		.4byte	0xb0
 280 00d6 07       		.uleb128 0x7
 281 00d7 49010000 		.4byte	.LASF15
ARM GAS  C:\Users\JohnP\AppData\Local\Temp\ccq6lmHx.s 			page 6


 282 00db 01       		.byte	0x1
 283 00dc 3E       		.byte	0x3e
 284 00dd E7000000 		.4byte	0xe7
 285 00e1 05       		.uleb128 0x5
 286 00e2 03       		.byte	0x3
 287 00e3 00000000 		.4byte	cy_meta_wonvl
 288 00e7 08       		.uleb128 0x8
 289 00e8 B0000000 		.4byte	0xb0
 290 00ec 05       		.uleb128 0x5
 291 00ed 63000000 		.4byte	0x63
 292 00f1 FC000000 		.4byte	0xfc
 293 00f5 06       		.uleb128 0x6
 294 00f6 93000000 		.4byte	0x93
 295 00fa FF       		.byte	0xff
 296 00fb 00       		.byte	0
 297 00fc 07       		.uleb128 0x7
 298 00fd 34010000 		.4byte	.LASF16
 299 0101 01       		.byte	0x1
 300 0102 49       		.byte	0x49
 301 0103 0D010000 		.4byte	0x10d
 302 0107 05       		.uleb128 0x5
 303 0108 03       		.byte	0x3
 304 0109 00000000 		.4byte	cy_meta_flashprotect
 305 010d 08       		.uleb128 0x8
 306 010e EC000000 		.4byte	0xec
 307 0112 05       		.uleb128 0x5
 308 0113 63000000 		.4byte	0x63
 309 0117 22010000 		.4byte	0x122
 310 011b 06       		.uleb128 0x6
 311 011c 93000000 		.4byte	0x93
 312 0120 0B       		.byte	0xb
 313 0121 00       		.byte	0
 314 0122 07       		.uleb128 0x7
 315 0123 26000000 		.4byte	.LASF17
 316 0127 01       		.byte	0x1
 317 0128 73       		.byte	0x73
 318 0129 33010000 		.4byte	0x133
 319 012d 05       		.uleb128 0x5
 320 012e 03       		.byte	0x3
 321 012f 00000000 		.4byte	cy_metadata
 322 0133 08       		.uleb128 0x8
 323 0134 12010000 		.4byte	0x112
 324 0138 00       		.byte	0
 325              		.section	.debug_abbrev,"",%progbits
 326              	.Ldebug_abbrev0:
 327 0000 01       		.uleb128 0x1
 328 0001 11       		.uleb128 0x11
 329 0002 01       		.byte	0x1
 330 0003 25       		.uleb128 0x25
 331 0004 0E       		.uleb128 0xe
 332 0005 13       		.uleb128 0x13
 333 0006 0B       		.uleb128 0xb
 334 0007 03       		.uleb128 0x3
 335 0008 0E       		.uleb128 0xe
 336 0009 1B       		.uleb128 0x1b
 337 000a 0E       		.uleb128 0xe
 338 000b 10       		.uleb128 0x10
ARM GAS  C:\Users\JohnP\AppData\Local\Temp\ccq6lmHx.s 			page 7


 339 000c 17       		.uleb128 0x17
 340 000d 00       		.byte	0
 341 000e 00       		.byte	0
 342 000f 02       		.uleb128 0x2
 343 0010 24       		.uleb128 0x24
 344 0011 00       		.byte	0
 345 0012 0B       		.uleb128 0xb
 346 0013 0B       		.uleb128 0xb
 347 0014 3E       		.uleb128 0x3e
 348 0015 0B       		.uleb128 0xb
 349 0016 03       		.uleb128 0x3
 350 0017 0E       		.uleb128 0xe
 351 0018 00       		.byte	0
 352 0019 00       		.byte	0
 353 001a 03       		.uleb128 0x3
 354 001b 24       		.uleb128 0x24
 355 001c 00       		.byte	0
 356 001d 0B       		.uleb128 0xb
 357 001e 0B       		.uleb128 0xb
 358 001f 3E       		.uleb128 0x3e
 359 0020 0B       		.uleb128 0xb
 360 0021 03       		.uleb128 0x3
 361 0022 08       		.uleb128 0x8
 362 0023 00       		.byte	0
 363 0024 00       		.byte	0
 364 0025 04       		.uleb128 0x4
 365 0026 16       		.uleb128 0x16
 366 0027 00       		.byte	0
 367 0028 03       		.uleb128 0x3
 368 0029 0E       		.uleb128 0xe
 369 002a 3A       		.uleb128 0x3a
 370 002b 0B       		.uleb128 0xb
 371 002c 3B       		.uleb128 0x3b
 372 002d 0B       		.uleb128 0xb
 373 002e 49       		.uleb128 0x49
 374 002f 13       		.uleb128 0x13
 375 0030 00       		.byte	0
 376 0031 00       		.byte	0
 377 0032 05       		.uleb128 0x5
 378 0033 01       		.uleb128 0x1
 379 0034 01       		.byte	0x1
 380 0035 49       		.uleb128 0x49
 381 0036 13       		.uleb128 0x13
 382 0037 01       		.uleb128 0x1
 383 0038 13       		.uleb128 0x13
 384 0039 00       		.byte	0
 385 003a 00       		.byte	0
 386 003b 06       		.uleb128 0x6
 387 003c 21       		.uleb128 0x21
 388 003d 00       		.byte	0
 389 003e 49       		.uleb128 0x49
 390 003f 13       		.uleb128 0x13
 391 0040 2F       		.uleb128 0x2f
 392 0041 0B       		.uleb128 0xb
 393 0042 00       		.byte	0
 394 0043 00       		.byte	0
 395 0044 07       		.uleb128 0x7
ARM GAS  C:\Users\JohnP\AppData\Local\Temp\ccq6lmHx.s 			page 8


 396 0045 34       		.uleb128 0x34
 397 0046 00       		.byte	0
 398 0047 03       		.uleb128 0x3
 399 0048 0E       		.uleb128 0xe
 400 0049 3A       		.uleb128 0x3a
 401 004a 0B       		.uleb128 0xb
 402 004b 3B       		.uleb128 0x3b
 403 004c 0B       		.uleb128 0xb
 404 004d 49       		.uleb128 0x49
 405 004e 13       		.uleb128 0x13
 406 004f 3F       		.uleb128 0x3f
 407 0050 19       		.uleb128 0x19
 408 0051 02       		.uleb128 0x2
 409 0052 18       		.uleb128 0x18
 410 0053 00       		.byte	0
 411 0054 00       		.byte	0
 412 0055 08       		.uleb128 0x8
 413 0056 26       		.uleb128 0x26
 414 0057 00       		.byte	0
 415 0058 49       		.uleb128 0x49
 416 0059 13       		.uleb128 0x13
 417 005a 00       		.byte	0
 418 005b 00       		.byte	0
 419 005c 00       		.byte	0
 420              		.section	.debug_aranges,"",%progbits
 421 0000 14000000 		.4byte	0x14
 422 0004 0200     		.2byte	0x2
 423 0006 00000000 		.4byte	.Ldebug_info0
 424 000a 04       		.byte	0x4
 425 000b 00       		.byte	0
 426 000c 0000     		.2byte	0
 427 000e 0000     		.2byte	0
 428 0010 00000000 		.4byte	0
 429 0014 00000000 		.4byte	0
 430              		.section	.debug_line,"",%progbits
 431              	.Ldebug_line0:
 432 0000 4F000000 		.section	.debug_str,"MS",%progbits,1
 432      02004900 
 432      00000201 
 432      FB0E0D00 
 432      01010101 
 433              	.LASF19:
 434 0000 2E5C4765 		.ascii	".\\Generated_Source\\PSoC5\\cymetadata.c\000"
 434      6E657261 
 434      7465645F 
 434      536F7572 
 434      63655C50 
 435              	.LASF17:
 436 0026 63795F6D 		.ascii	"cy_metadata\000"
 436      65746164 
 436      61746100 
 437              	.LASF9:
 438 0032 666C6F61 		.ascii	"float\000"
 438      7400
 439              	.LASF1:
 440 0038 756E7369 		.ascii	"unsigned char\000"
 440      676E6564 
ARM GAS  C:\Users\JohnP\AppData\Local\Temp\ccq6lmHx.s 			page 9


 440      20636861 
 440      7200
 441              	.LASF5:
 442 0046 6C6F6E67 		.ascii	"long unsigned int\000"
 442      20756E73 
 442      69676E65 
 442      6420696E 
 442      7400
 443              	.LASF3:
 444 0058 73686F72 		.ascii	"short unsigned int\000"
 444      7420756E 
 444      7369676E 
 444      65642069 
 444      6E7400
 445              	.LASF10:
 446 006b 646F7562 		.ascii	"double\000"
 446      6C6500
 447              	.LASF14:
 448 0072 63795F6D 		.ascii	"cy_meta_custnvl\000"
 448      6574615F 
 448      63757374 
 448      6E766C00 
 449              	.LASF13:
 450 0082 63795F6D 		.ascii	"cy_meta_configecc\000"
 450      6574615F 
 450      636F6E66 
 450      69676563 
 450      6300
 451              	.LASF8:
 452 0094 756E7369 		.ascii	"unsigned int\000"
 452      676E6564 
 452      20696E74 
 452      00
 453              	.LASF7:
 454 00a1 6C6F6E67 		.ascii	"long long unsigned int\000"
 454      206C6F6E 
 454      6720756E 
 454      7369676E 
 454      65642069 
 455              	.LASF18:
 456 00b8 474E5520 		.ascii	"GNU C 4.8.4 20140526 (release) [ARM/embedded-4_8-br"
 456      4320342E 
 456      382E3420 
 456      32303134 
 456      30353236 
 457 00eb 616E6368 		.ascii	"anch revision 211358] -mcpu=cortex-m3 -mthumb -g -O"
 457      20726576 
 457      6973696F 
 457      6E203231 
 457      31333538 
 458 011e 30202D66 		.ascii	"0 -ffunction-sections\000"
 458      66756E63 
 458      74696F6E 
 458      2D736563 
 458      74696F6E 
 459              	.LASF16:
 460 0134 63795F6D 		.ascii	"cy_meta_flashprotect\000"
ARM GAS  C:\Users\JohnP\AppData\Local\Temp\ccq6lmHx.s 			page 10


 460      6574615F 
 460      666C6173 
 460      6870726F 
 460      74656374 
 461              	.LASF15:
 462 0149 63795F6D 		.ascii	"cy_meta_wonvl\000"
 462      6574615F 
 462      776F6E76 
 462      6C00
 463              	.LASF12:
 464 0157 73697A65 		.ascii	"sizetype\000"
 464      74797065 
 464      00
 465              	.LASF6:
 466 0160 6C6F6E67 		.ascii	"long long int\000"
 466      206C6F6E 
 466      6720696E 
 466      7400
 467              	.LASF11:
 468 016e 63686172 		.ascii	"char\000"
 468      00
 469              	.LASF2:
 470 0173 73686F72 		.ascii	"short int\000"
 470      7420696E 
 470      7400
 471              	.LASF20:
 472 017d 433A5C55 		.ascii	"C:\\Users\\JohnP\\OneDrive\\College\\2015-2016 Seni"
 472      73657273 
 472      5C4A6F68 
 472      6E505C4F 
 472      6E654472 
 473 01ab 6F722059 		.ascii	"or Year\\0 Fall Quarter\\CE4920 011\\Lab\\project\\"
 473      6561725C 
 473      30204661 
 473      6C6C2051 
 473      75617274 
 474 01d9 43453439 		.ascii	"CE4920Project1\\USBFS_HID01.cydsn\000"
 474      32305072 
 474      6F6A6563 
 474      74315C55 
 474      53424653 
 475              	.LASF21:
 476 01fa 75696E74 		.ascii	"uint8\000"
 476      3800
 477              	.LASF4:
 478 0200 6C6F6E67 		.ascii	"long int\000"
 478      20696E74 
 478      00
 479              	.LASF0:
 480 0209 7369676E 		.ascii	"signed char\000"
 480      65642063 
 480      68617200 
 481              		.ident	"GCC: (GNU Tools for ARM Embedded Processors) 4.8.4 20140526 (release) [ARM/embedded-4_8-br
