ARM GAS  C:\Users\JohnP\AppData\Local\Temp\cc2BGAIf.s 			page 1


   1              		.syntax unified
   2              		.cpu cortex-m3
   3              		.fpu softvfp
   4              		.eabi_attribute 20, 1
   5              		.eabi_attribute 21, 1
   6              		.eabi_attribute 23, 3
   7              		.eabi_attribute 24, 1
   8              		.eabi_attribute 25, 1
   9              		.eabi_attribute 26, 1
  10              		.eabi_attribute 30, 6
  11              		.eabi_attribute 34, 1
  12              		.eabi_attribute 18, 4
  13              		.thumb
  14              		.file	"USBFS_1_descr.c"
  15              		.text
  16              	.Ltext0:
  17              		.cfi_sections	.debug_frame
  18              		.global	USBFS_1_DEVICE0_DESCR
  19              		.section	.rodata
  20              		.align	2
  21              		.type	USBFS_1_DEVICE0_DESCR, %object
  22              		.size	USBFS_1_DEVICE0_DESCR, 18
  23              	USBFS_1_DEVICE0_DESCR:
  24 0000 12       		.byte	18
  25 0001 01       		.byte	1
  26 0002 00       		.byte	0
  27 0003 02       		.byte	2
  28 0004 00       		.byte	0
  29 0005 00       		.byte	0
  30 0006 00       		.byte	0
  31 0007 08       		.byte	8
  32 0008 B4       		.byte	-76
  33 0009 04       		.byte	4
  34 000a 1D       		.byte	29
  35 000b F2       		.byte	-14
  36 000c 00       		.byte	0
  37 000d 00       		.byte	0
  38 000e 01       		.byte	1
  39 000f 02       		.byte	2
  40 0010 80       		.byte	-128
  41 0011 01       		.byte	1
  42              		.global	USBFS_1_DEVICE0_CONFIGURATION0_DESCR
  43 0012 0000     		.align	2
  44              		.type	USBFS_1_DEVICE0_CONFIGURATION0_DESCR, %object
  45              		.size	USBFS_1_DEVICE0_CONFIGURATION0_DESCR, 34
  46              	USBFS_1_DEVICE0_CONFIGURATION0_DESCR:
  47 0014 09       		.byte	9
  48 0015 02       		.byte	2
  49 0016 22       		.byte	34
  50 0017 00       		.byte	0
  51 0018 01       		.byte	1
  52 0019 01       		.byte	1
  53 001a 01       		.byte	1
  54 001b C0       		.byte	-64
  55 001c 00       		.byte	0
  56 001d 09       		.byte	9
  57 001e 04       		.byte	4
ARM GAS  C:\Users\JohnP\AppData\Local\Temp\cc2BGAIf.s 			page 2


  58 001f 00       		.byte	0
  59 0020 00       		.byte	0
  60 0021 01       		.byte	1
  61 0022 03       		.byte	3
  62 0023 00       		.byte	0
  63 0024 00       		.byte	0
  64 0025 00       		.byte	0
  65 0026 09       		.byte	9
  66 0027 21       		.byte	33
  67 0028 11       		.byte	17
  68 0029 01       		.byte	1
  69 002a 00       		.byte	0
  70 002b 01       		.byte	1
  71 002c 22       		.byte	34
  72 002d 36       		.byte	54
  73 002e 00       		.byte	0
  74 002f 07       		.byte	7
  75 0030 05       		.byte	5
  76 0031 81       		.byte	-127
  77 0032 03       		.byte	3
  78 0033 08       		.byte	8
  79 0034 00       		.byte	0
  80 0035 0A       		.byte	10
  81              		.global	USBFS_1_STRING_DESCRIPTORS
  82 0036 0000     		.align	2
  83              		.type	USBFS_1_STRING_DESCRIPTORS, %object
  84              		.size	USBFS_1_STRING_DESCRIPTORS, 61
  85              	USBFS_1_STRING_DESCRIPTORS:
  86 0038 04       		.byte	4
  87 0039 03       		.byte	3
  88 003a 09       		.byte	9
  89 003b 04       		.byte	4
  90 003c 2C       		.byte	44
  91 003d 03       		.byte	3
  92 003e 43       		.byte	67
  93 003f 00       		.byte	0
  94 0040 79       		.byte	121
  95 0041 00       		.byte	0
  96 0042 70       		.byte	112
  97 0043 00       		.byte	0
  98 0044 72       		.byte	114
  99 0045 00       		.byte	0
 100 0046 65       		.byte	101
 101 0047 00       		.byte	0
 102 0048 73       		.byte	115
 103 0049 00       		.byte	0
 104 004a 73       		.byte	115
 105 004b 00       		.byte	0
 106 004c 20       		.byte	32
 107 004d 00       		.byte	0
 108 004e 53       		.byte	83
 109 004f 00       		.byte	0
 110 0050 65       		.byte	101
 111 0051 00       		.byte	0
 112 0052 6D       		.byte	109
 113 0053 00       		.byte	0
 114 0054 69       		.byte	105
ARM GAS  C:\Users\JohnP\AppData\Local\Temp\cc2BGAIf.s 			page 3


 115 0055 00       		.byte	0
 116 0056 63       		.byte	99
 117 0057 00       		.byte	0
 118 0058 6F       		.byte	111
 119 0059 00       		.byte	0
 120 005a 6E       		.byte	110
 121 005b 00       		.byte	0
 122 005c 64       		.byte	100
 123 005d 00       		.byte	0
 124 005e 75       		.byte	117
 125 005f 00       		.byte	0
 126 0060 63       		.byte	99
 127 0061 00       		.byte	0
 128 0062 74       		.byte	116
 129 0063 00       		.byte	0
 130 0064 6F       		.byte	111
 131 0065 00       		.byte	0
 132 0066 72       		.byte	114
 133 0067 00       		.byte	0
 134 0068 0C       		.byte	12
 135 0069 03       		.byte	3
 136 006a 4D       		.byte	77
 137 006b 00       		.byte	0
 138 006c 6F       		.byte	111
 139 006d 00       		.byte	0
 140 006e 75       		.byte	117
 141 006f 00       		.byte	0
 142 0070 73       		.byte	115
 143 0071 00       		.byte	0
 144 0072 65       		.byte	101
 145 0073 00       		.byte	0
 146 0074 00       		.byte	0
 147              		.global	USBFS_1_SN_STRING_DESCRIPTOR
 148 0075 000000   		.align	2
 149              		.type	USBFS_1_SN_STRING_DESCRIPTOR, %object
 150              		.size	USBFS_1_SN_STRING_DESCRIPTOR, 2
 151              	USBFS_1_SN_STRING_DESCRIPTOR:
 152 0078 02       		.byte	2
 153 0079 03       		.byte	3
 154              		.global	USBFS_1_HIDREPORT_DESCRIPTOR1
 155 007a 0000     		.align	2
 156              		.type	USBFS_1_HIDREPORT_DESCRIPTOR1, %object
 157              		.size	USBFS_1_HIDREPORT_DESCRIPTOR1, 58
 158              	USBFS_1_HIDREPORT_DESCRIPTOR1:
 159 007c 36       		.byte	54
 160 007d 00       		.byte	0
 161 007e 05       		.byte	5
 162 007f 01       		.byte	1
 163 0080 09       		.byte	9
 164 0081 02       		.byte	2
 165 0082 A1       		.byte	-95
 166 0083 01       		.byte	1
 167 0084 09       		.byte	9
 168 0085 01       		.byte	1
 169 0086 A1       		.byte	-95
 170 0087 00       		.byte	0
 171 0088 05       		.byte	5
ARM GAS  C:\Users\JohnP\AppData\Local\Temp\cc2BGAIf.s 			page 4


 172 0089 09       		.byte	9
 173 008a 05       		.byte	5
 174 008b 09       		.byte	9
 175 008c 05       		.byte	5
 176 008d 09       		.byte	9
 177 008e 19       		.byte	25
 178 008f 01       		.byte	1
 179 0090 29       		.byte	41
 180 0091 03       		.byte	3
 181 0092 15       		.byte	21
 182 0093 00       		.byte	0
 183 0094 25       		.byte	37
 184 0095 01       		.byte	1
 185 0096 95       		.byte	-107
 186 0097 03       		.byte	3
 187 0098 75       		.byte	117
 188 0099 01       		.byte	1
 189 009a 81       		.byte	-127
 190 009b 02       		.byte	2
 191 009c 95       		.byte	-107
 192 009d 01       		.byte	1
 193 009e 75       		.byte	117
 194 009f 05       		.byte	5
 195 00a0 81       		.byte	-127
 196 00a1 01       		.byte	1
 197 00a2 05       		.byte	5
 198 00a3 01       		.byte	1
 199 00a4 09       		.byte	9
 200 00a5 30       		.byte	48
 201 00a6 09       		.byte	9
 202 00a7 31       		.byte	49
 203 00a8 15       		.byte	21
 204 00a9 81       		.byte	-127
 205 00aa 25       		.byte	37
 206 00ab 7F       		.byte	127
 207 00ac 75       		.byte	117
 208 00ad 08       		.byte	8
 209 00ae 95       		.byte	-107
 210 00af 02       		.byte	2
 211 00b0 81       		.byte	-127
 212 00b1 06       		.byte	6
 213 00b2 C0       		.byte	-64
 214 00b3 C0       		.byte	-64
 215 00b4 00       		.byte	0
 216 00b5 00       		.byte	0
 217              		.global	USBFS_1_HIDREPORT_DESCRIPTOR2
 218 00b6 0000     		.align	2
 219              		.type	USBFS_1_HIDREPORT_DESCRIPTOR2, %object
 220              		.size	USBFS_1_HIDREPORT_DESCRIPTOR2, 54
 221              	USBFS_1_HIDREPORT_DESCRIPTOR2:
 222 00b8 32       		.byte	50
 223 00b9 00       		.byte	0
 224 00ba 05       		.byte	5
 225 00bb 01       		.byte	1
 226 00bc 09       		.byte	9
 227 00bd 02       		.byte	2
 228 00be A1       		.byte	-95
ARM GAS  C:\Users\JohnP\AppData\Local\Temp\cc2BGAIf.s 			page 5


 229 00bf 01       		.byte	1
 230 00c0 09       		.byte	9
 231 00c1 01       		.byte	1
 232 00c2 A1       		.byte	-95
 233 00c3 00       		.byte	0
 234 00c4 05       		.byte	5
 235 00c5 09       		.byte	9
 236 00c6 19       		.byte	25
 237 00c7 01       		.byte	1
 238 00c8 29       		.byte	41
 239 00c9 03       		.byte	3
 240 00ca 15       		.byte	21
 241 00cb 00       		.byte	0
 242 00cc 25       		.byte	37
 243 00cd 01       		.byte	1
 244 00ce 95       		.byte	-107
 245 00cf 03       		.byte	3
 246 00d0 75       		.byte	117
 247 00d1 01       		.byte	1
 248 00d2 81       		.byte	-127
 249 00d3 02       		.byte	2
 250 00d4 95       		.byte	-107
 251 00d5 01       		.byte	1
 252 00d6 75       		.byte	117
 253 00d7 05       		.byte	5
 254 00d8 81       		.byte	-127
 255 00d9 01       		.byte	1
 256 00da 05       		.byte	5
 257 00db 01       		.byte	1
 258 00dc 09       		.byte	9
 259 00dd 30       		.byte	48
 260 00de 09       		.byte	9
 261 00df 31       		.byte	49
 262 00e0 15       		.byte	21
 263 00e1 81       		.byte	-127
 264 00e2 25       		.byte	37
 265 00e3 7F       		.byte	127
 266 00e4 75       		.byte	117
 267 00e5 08       		.byte	8
 268 00e6 95       		.byte	-107
 269 00e7 02       		.byte	2
 270 00e8 81       		.byte	-127
 271 00e9 06       		.byte	6
 272 00ea C0       		.byte	-64
 273 00eb C0       		.byte	-64
 274 00ec 00       		.byte	0
 275 00ed 00       		.byte	0
 276              		.comm	USBFS_1_DEVICE0_CONFIGURATION0_INTERFACE0_ALTERNATE0_HID_IN_RPT_SCB,4,4
 277              		.comm	USBFS_1_DEVICE0_CONFIGURATION0_INTERFACE0_ALTERNATE0_HID_IN_BUF,4,4
 278              		.global	USBFS_1_DEVICE0_CONFIGURATION0_INTERFACE0_ALTERNATE0_HID_IN_RPT_TABLE
 279 00ee 0000     		.align	2
 280              		.type	USBFS_1_DEVICE0_CONFIGURATION0_INTERFACE0_ALTERNATE0_HID_IN_RPT_TABLE, %object
 281              		.size	USBFS_1_DEVICE0_CONFIGURATION0_INTERFACE0_ALTERNATE0_HID_IN_RPT_TABLE, 12
 282              	USBFS_1_DEVICE0_CONFIGURATION0_INTERFACE0_ALTERNATE0_HID_IN_RPT_TABLE:
 283 00f0 0400     		.short	4
 284 00f2 0000     		.space	2
 285 00f4 00000000 		.word	USBFS_1_DEVICE0_CONFIGURATION0_INTERFACE0_ALTERNATE0_HID_IN_BUF
ARM GAS  C:\Users\JohnP\AppData\Local\Temp\cc2BGAIf.s 			page 6


 286 00f8 00000000 		.word	USBFS_1_DEVICE0_CONFIGURATION0_INTERFACE0_ALTERNATE0_HID_IN_RPT_SCB
 287              		.global	USBFS_1_DEVICE0_CONFIGURATION0_INTERFACE0_ALTERNATE0_HID_TABLE
 288              		.align	2
 289              		.type	USBFS_1_DEVICE0_CONFIGURATION0_INTERFACE0_ALTERNATE0_HID_TABLE, %object
 290              		.size	USBFS_1_DEVICE0_CONFIGURATION0_INTERFACE0_ALTERNATE0_HID_TABLE, 40
 291              	USBFS_1_DEVICE0_CONFIGURATION0_INTERFACE0_ALTERNATE0_HID_TABLE:
 292 00fc 00       		.byte	0
 293 00fd 000000   		.space	3
 294 0100 00000000 		.word	USBFS_1_DEVICE0_CONFIGURATION0_INTERFACE0_ALTERNATE0_HID_IN_RPT_TABLE
 295 0104 00       		.byte	0
 296 0105 000000   		.space	3
 297 0108 00000000 		.word	0
 298 010c 00       		.byte	0
 299 010d 000000   		.space	3
 300 0110 00000000 		.word	0
 301 0114 01       		.byte	1
 302 0115 000000   		.space	3
 303 0118 00000000 		.word	USBFS_1_HIDREPORT_DESCRIPTOR1
 304 011c 01       		.byte	1
 305 011d 000000   		.space	3
 306 0120 12000000 		.word	USBFS_1_DEVICE0_CONFIGURATION0_DESCR+18
 307              		.global	USBFS_1_DEVICE0_CONFIGURATION0_INTERFACE0_TABLE
 308              		.align	2
 309              		.type	USBFS_1_DEVICE0_CONFIGURATION0_INTERFACE0_TABLE, %object
 310              		.size	USBFS_1_DEVICE0_CONFIGURATION0_INTERFACE0_TABLE, 8
 311              	USBFS_1_DEVICE0_CONFIGURATION0_INTERFACE0_TABLE:
 312 0124 01       		.byte	1
 313 0125 000000   		.space	3
 314 0128 00000000 		.word	USBFS_1_DEVICE0_CONFIGURATION0_INTERFACE0_ALTERNATE0_HID_TABLE
 315              		.global	USBFS_1_DEVICE0_CONFIGURATION0_EP_SETTINGS_TABLE
 316              		.align	2
 317              		.type	USBFS_1_DEVICE0_CONFIGURATION0_EP_SETTINGS_TABLE, %object
 318              		.size	USBFS_1_DEVICE0_CONFIGURATION0_EP_SETTINGS_TABLE, 8
 319              	USBFS_1_DEVICE0_CONFIGURATION0_EP_SETTINGS_TABLE:
 320 012c 00       		.byte	0
 321 012d 00       		.byte	0
 322 012e 81       		.byte	-127
 323 012f 03       		.byte	3
 324 0130 0800     		.short	8
 325 0132 03       		.byte	3
 326 0133 00       		.space	1
 327              		.global	USBFS_1_DEVICE0_CONFIGURATION0_INTERFACE_CLASS
 328              		.align	2
 329              		.type	USBFS_1_DEVICE0_CONFIGURATION0_INTERFACE_CLASS, %object
 330              		.size	USBFS_1_DEVICE0_CONFIGURATION0_INTERFACE_CLASS, 1
 331              	USBFS_1_DEVICE0_CONFIGURATION0_INTERFACE_CLASS:
 332 0134 03       		.byte	3
 333              		.global	USBFS_1_DEVICE0_CONFIGURATION0_TABLE
 334 0135 000000   		.align	2
 335              		.type	USBFS_1_DEVICE0_CONFIGURATION0_TABLE, %object
 336              		.size	USBFS_1_DEVICE0_CONFIGURATION0_TABLE, 32
 337              	USBFS_1_DEVICE0_CONFIGURATION0_TABLE:
 338 0138 01       		.byte	1
 339 0139 000000   		.space	3
 340 013c 00000000 		.word	USBFS_1_DEVICE0_CONFIGURATION0_DESCR
 341 0140 01       		.byte	1
 342 0141 000000   		.space	3
ARM GAS  C:\Users\JohnP\AppData\Local\Temp\cc2BGAIf.s 			page 7


 343 0144 00000000 		.word	USBFS_1_DEVICE0_CONFIGURATION0_EP_SETTINGS_TABLE
 344 0148 01       		.byte	1
 345 0149 000000   		.space	3
 346 014c 00000000 		.word	USBFS_1_DEVICE0_CONFIGURATION0_INTERFACE0_TABLE
 347 0150 00       		.byte	0
 348 0151 000000   		.space	3
 349 0154 00000000 		.word	USBFS_1_DEVICE0_CONFIGURATION0_INTERFACE_CLASS
 350              		.global	USBFS_1_DEVICE0_TABLE
 351              		.align	2
 352              		.type	USBFS_1_DEVICE0_TABLE, %object
 353              		.size	USBFS_1_DEVICE0_TABLE, 16
 354              	USBFS_1_DEVICE0_TABLE:
 355 0158 01       		.byte	1
 356 0159 000000   		.space	3
 357 015c 00000000 		.word	USBFS_1_DEVICE0_DESCR
 358 0160 01       		.byte	1
 359 0161 000000   		.space	3
 360 0164 00000000 		.word	USBFS_1_DEVICE0_CONFIGURATION0_TABLE
 361              		.global	USBFS_1_TABLE
 362              		.align	2
 363              		.type	USBFS_1_TABLE, %object
 364              		.size	USBFS_1_TABLE, 8
 365              	USBFS_1_TABLE:
 366 0168 01       		.byte	1
 367 0169 000000   		.space	3
 368 016c 00000000 		.word	USBFS_1_DEVICE0_TABLE
 369              		.global	USBFS_1_MSOS_DESCRIPTOR
 370              		.align	2
 371              		.type	USBFS_1_MSOS_DESCRIPTOR, %object
 372              		.size	USBFS_1_MSOS_DESCRIPTOR, 18
 373              	USBFS_1_MSOS_DESCRIPTOR:
 374 0170 12       		.byte	18
 375 0171 03       		.byte	3
 376 0172 4D       		.byte	77
 377 0173 00       		.byte	0
 378 0174 53       		.byte	83
 379 0175 00       		.byte	0
 380 0176 46       		.byte	70
 381 0177 00       		.byte	0
 382 0178 54       		.byte	84
 383 0179 00       		.byte	0
 384 017a 31       		.byte	49
 385 017b 00       		.byte	0
 386 017c 30       		.byte	48
 387 017d 00       		.byte	0
 388 017e 30       		.byte	48
 389 017f 00       		.byte	0
 390 0180 01       		.byte	1
 391 0181 00       		.byte	0
 392              		.global	USBFS_1_MSOS_CONFIGURATION_DESCR
 393 0182 0000     		.align	2
 394              		.type	USBFS_1_MSOS_CONFIGURATION_DESCR, %object
 395              		.size	USBFS_1_MSOS_CONFIGURATION_DESCR, 40
 396              	USBFS_1_MSOS_CONFIGURATION_DESCR:
 397 0184 28       		.byte	40
 398 0185 00       		.byte	0
 399 0186 00       		.byte	0
ARM GAS  C:\Users\JohnP\AppData\Local\Temp\cc2BGAIf.s 			page 8


 400 0187 00       		.byte	0
 401 0188 00       		.byte	0
 402 0189 01       		.byte	1
 403 018a 04       		.byte	4
 404 018b 00       		.byte	0
 405 018c 01       		.byte	1
 406 018d 00       		.byte	0
 407 018e 00       		.byte	0
 408 018f 00       		.byte	0
 409 0190 00       		.byte	0
 410 0191 00       		.byte	0
 411 0192 00       		.byte	0
 412 0193 00       		.byte	0
 413 0194 00       		.byte	0
 414 0195 01       		.byte	1
 415 0196 43       		.byte	67
 416 0197 59       		.byte	89
 417 0198 55       		.byte	85
 418 0199 53       		.byte	83
 419 019a 42       		.byte	66
 420 019b 00       		.byte	0
 421 019c 00       		.byte	0
 422 019d 00       		.byte	0
 423 019e 30       		.byte	48
 424 019f 30       		.byte	48
 425 01a0 30       		.byte	48
 426 01a1 30       		.byte	48
 427 01a2 31       		.byte	49
 428 01a3 00       		.byte	0
 429 01a4 00       		.byte	0
 430 01a5 00       		.byte	0
 431 01a6 00       		.byte	0
 432 01a7 00       		.byte	0
 433 01a8 00       		.byte	0
 434 01a9 00       		.byte	0
 435 01aa 00       		.byte	0
 436 01ab 00       		.byte	0
 437              		.text
 438              	.Letext0:
 439              		.file 1 ".\\Generated_Source\\PSoC5\\cytypes.h"
 440              		.file 2 ".\\Generated_Source\\PSoC5\\USBFS_1.h"
 441              		.file 3 ".\\Generated_Source\\PSoC5\\USBFS_1_descr.c"
 442              		.section	.debug_info,"",%progbits
 443              	.Ldebug_info0:
 444 0000 0D040000 		.4byte	0x40d
 445 0004 0400     		.2byte	0x4
 446 0006 00000000 		.4byte	.Ldebug_abbrev0
 447 000a 04       		.byte	0x4
 448 000b 01       		.uleb128 0x1
 449 000c FC020000 		.4byte	.LASF49
 450 0010 01       		.byte	0x1
 451 0011 B4040000 		.4byte	.LASF50
 452 0015 B8000000 		.4byte	.LASF51
 453 0019 00000000 		.4byte	.Ldebug_line0
 454 001d 02       		.uleb128 0x2
 455 001e 01       		.byte	0x1
 456 001f 06       		.byte	0x6
ARM GAS  C:\Users\JohnP\AppData\Local\Temp\cc2BGAIf.s 			page 9


 457 0020 D6010000 		.4byte	.LASF0
 458 0024 02       		.uleb128 0x2
 459 0025 01       		.byte	0x1
 460 0026 08       		.byte	0x8
 461 0027 F0010000 		.4byte	.LASF1
 462 002b 02       		.uleb128 0x2
 463 002c 02       		.byte	0x2
 464 002d 05       		.byte	0x5
 465 002e 1D040000 		.4byte	.LASF2
 466 0032 02       		.uleb128 0x2
 467 0033 02       		.byte	0x2
 468 0034 07       		.byte	0x7
 469 0035 A5000000 		.4byte	.LASF3
 470 0039 02       		.uleb128 0x2
 471 003a 04       		.byte	0x4
 472 003b 05       		.byte	0x5
 473 003c 9C000000 		.4byte	.LASF4
 474 0040 02       		.uleb128 0x2
 475 0041 04       		.byte	0x4
 476 0042 07       		.byte	0x7
 477 0043 09020000 		.4byte	.LASF5
 478 0047 02       		.uleb128 0x2
 479 0048 08       		.byte	0x8
 480 0049 05       		.byte	0x5
 481 004a B7030000 		.4byte	.LASF6
 482 004e 02       		.uleb128 0x2
 483 004f 08       		.byte	0x8
 484 0050 07       		.byte	0x7
 485 0051 DE020000 		.4byte	.LASF7
 486 0055 03       		.uleb128 0x3
 487 0056 04       		.byte	0x4
 488 0057 05       		.byte	0x5
 489 0058 696E7400 		.ascii	"int\000"
 490 005c 02       		.uleb128 0x2
 491 005d 04       		.byte	0x4
 492 005e 07       		.byte	0x7
 493 005f AD020000 		.4byte	.LASF8
 494 0063 04       		.uleb128 0x4
 495 0064 48040000 		.4byte	.LASF9
 496 0068 01       		.byte	0x1
 497 0069 B4       		.byte	0xb4
 498 006a 24000000 		.4byte	0x24
 499 006e 04       		.uleb128 0x4
 500 006f 75020000 		.4byte	.LASF10
 501 0073 01       		.byte	0x1
 502 0074 B5       		.byte	0xb5
 503 0075 32000000 		.4byte	0x32
 504 0079 02       		.uleb128 0x2
 505 007a 04       		.byte	0x4
 506 007b 04       		.byte	0x4
 507 007c 91010000 		.4byte	.LASF11
 508 0080 02       		.uleb128 0x2
 509 0081 08       		.byte	0x8
 510 0082 04       		.byte	0x4
 511 0083 6E020000 		.4byte	.LASF12
 512 0087 02       		.uleb128 0x2
 513 0088 01       		.byte	0x1
ARM GAS  C:\Users\JohnP\AppData\Local\Temp\cc2BGAIf.s 			page 10


 514 0089 08       		.byte	0x8
 515 008a A2040000 		.4byte	.LASF13
 516 008e 05       		.uleb128 0x5
 517 008f 63000000 		.4byte	0x63
 518 0093 02       		.uleb128 0x2
 519 0094 04       		.byte	0x4
 520 0095 07       		.byte	0x7
 521 0096 90030000 		.4byte	.LASF14
 522 009a 06       		.uleb128 0x6
 523 009b 08       		.byte	0x8
 524 009c 02       		.byte	0x2
 525 009d 8E       		.byte	0x8e
 526 009e EB000000 		.4byte	0xeb
 527 00a2 07       		.uleb128 0x7
 528 00a3 4E040000 		.4byte	.LASF15
 529 00a7 02       		.byte	0x2
 530 00a8 90       		.byte	0x90
 531 00a9 63000000 		.4byte	0x63
 532 00ad 00       		.byte	0
 533 00ae 07       		.uleb128 0x7
 534 00af 86010000 		.4byte	.LASF16
 535 00b3 02       		.byte	0x2
 536 00b4 91       		.byte	0x91
 537 00b5 63000000 		.4byte	0x63
 538 00b9 01       		.byte	0x1
 539 00ba 07       		.uleb128 0x7
 540 00bb 1B020000 		.4byte	.LASF17
 541 00bf 02       		.byte	0x2
 542 00c0 92       		.byte	0x92
 543 00c1 63000000 		.4byte	0x63
 544 00c5 02       		.byte	0x2
 545 00c6 07       		.uleb128 0x7
 546 00c7 FE010000 		.4byte	.LASF18
 547 00cb 02       		.byte	0x2
 548 00cc 93       		.byte	0x93
 549 00cd 63000000 		.4byte	0x63
 550 00d1 03       		.byte	0x3
 551 00d2 07       		.uleb128 0x7
 552 00d3 12040000 		.4byte	.LASF19
 553 00d7 02       		.byte	0x2
 554 00d8 94       		.byte	0x94
 555 00d9 6E000000 		.4byte	0x6e
 556 00dd 04       		.byte	0x4
 557 00de 07       		.uleb128 0x7
 558 00df 49050000 		.4byte	.LASF20
 559 00e3 02       		.byte	0x2
 560 00e4 95       		.byte	0x95
 561 00e5 63000000 		.4byte	0x63
 562 00e9 06       		.byte	0x6
 563 00ea 00       		.byte	0
 564 00eb 04       		.uleb128 0x4
 565 00ec 52020000 		.4byte	.LASF21
 566 00f0 02       		.byte	0x2
 567 00f1 96       		.byte	0x96
 568 00f2 9A000000 		.4byte	0x9a
 569 00f6 06       		.uleb128 0x6
 570 00f7 04       		.byte	0x4
ARM GAS  C:\Users\JohnP\AppData\Local\Temp\cc2BGAIf.s 			page 11


 571 00f8 02       		.byte	0x2
 572 00f9 98       		.byte	0x98
 573 00fa 17010000 		.4byte	0x117
 574 00fe 07       		.uleb128 0x7
 575 00ff 35010000 		.4byte	.LASF22
 576 0103 02       		.byte	0x2
 577 0104 9A       		.byte	0x9a
 578 0105 63000000 		.4byte	0x63
 579 0109 00       		.byte	0
 580 010a 07       		.uleb128 0x7
 581 010b 1D050000 		.4byte	.LASF23
 582 010f 02       		.byte	0x2
 583 0110 9B       		.byte	0x9b
 584 0111 6E000000 		.4byte	0x6e
 585 0115 02       		.byte	0x2
 586 0116 00       		.byte	0
 587 0117 04       		.uleb128 0x4
 588 0118 20020000 		.4byte	.LASF24
 589 011c 02       		.byte	0x2
 590 011d 9C       		.byte	0x9c
 591 011e F6000000 		.4byte	0xf6
 592 0122 06       		.uleb128 0x6
 593 0123 0C       		.byte	0xc
 594 0124 02       		.byte	0x2
 595 0125 9E       		.byte	0x9e
 596 0126 4F010000 		.4byte	0x14f
 597 012a 07       		.uleb128 0x7
 598 012b 78000000 		.4byte	.LASF25
 599 012f 02       		.byte	0x2
 600 0130 A0       		.byte	0xa0
 601 0131 6E000000 		.4byte	0x6e
 602 0135 00       		.byte	0
 603 0136 07       		.uleb128 0x7
 604 0137 80010000 		.4byte	.LASF26
 605 013b 02       		.byte	0x2
 606 013c A1       		.byte	0xa1
 607 013d 4F010000 		.4byte	0x14f
 608 0141 04       		.byte	0x4
 609 0142 07       		.uleb128 0x7
 610 0143 25000000 		.4byte	.LASF27
 611 0147 02       		.byte	0x2
 612 0148 A2       		.byte	0xa2
 613 0149 55010000 		.4byte	0x155
 614 014d 08       		.byte	0x8
 615 014e 00       		.byte	0
 616 014f 08       		.uleb128 0x8
 617 0150 04       		.byte	0x4
 618 0151 8E000000 		.4byte	0x8e
 619 0155 08       		.uleb128 0x8
 620 0156 04       		.byte	0x4
 621 0157 17010000 		.4byte	0x117
 622 015b 04       		.uleb128 0x4
 623 015c A7040000 		.4byte	.LASF28
 624 0160 02       		.byte	0x2
 625 0161 A3       		.byte	0xa3
 626 0162 22010000 		.4byte	0x122
 627 0166 06       		.uleb128 0x6
ARM GAS  C:\Users\JohnP\AppData\Local\Temp\cc2BGAIf.s 			page 12


 628 0167 08       		.byte	0x8
 629 0168 02       		.byte	0x2
 630 0169 A6       		.byte	0xa6
 631 016a 85010000 		.4byte	0x185
 632 016e 09       		.uleb128 0x9
 633 016f 6300     		.ascii	"c\000"
 634 0171 02       		.byte	0x2
 635 0172 A8       		.byte	0xa8
 636 0173 63000000 		.4byte	0x63
 637 0177 00       		.byte	0
 638 0178 07       		.uleb128 0x7
 639 0179 F5020000 		.4byte	.LASF29
 640 017d 02       		.byte	0x2
 641 017e A9       		.byte	0xa9
 642 017f 85010000 		.4byte	0x185
 643 0183 04       		.byte	0x4
 644 0184 00       		.byte	0
 645 0185 08       		.uleb128 0x8
 646 0186 04       		.byte	0x4
 647 0187 8B010000 		.4byte	0x18b
 648 018b 0A       		.uleb128 0xa
 649 018c 04       		.uleb128 0x4
 650 018d BA020000 		.4byte	.LASF30
 651 0191 02       		.byte	0x2
 652 0192 AA       		.byte	0xaa
 653 0193 66010000 		.4byte	0x166
 654 0197 0B       		.uleb128 0xb
 655 0198 63000000 		.4byte	0x63
 656 019c A7010000 		.4byte	0x1a7
 657 01a0 0C       		.uleb128 0xc
 658 01a1 93000000 		.4byte	0x93
 659 01a5 11       		.byte	0x11
 660 01a6 00       		.byte	0
 661 01a7 0D       		.uleb128 0xd
 662 01a8 C8020000 		.4byte	.LASF31
 663 01ac 03       		.byte	0x3
 664 01ad 26       		.byte	0x26
 665 01ae B8010000 		.4byte	0x1b8
 666 01b2 05       		.uleb128 0x5
 667 01b3 03       		.byte	0x3
 668 01b4 00000000 		.4byte	USBFS_1_DEVICE0_DESCR
 669 01b8 0E       		.uleb128 0xe
 670 01b9 97010000 		.4byte	0x197
 671 01bd 0B       		.uleb128 0xb
 672 01be 63000000 		.4byte	0x63
 673 01c2 CD010000 		.4byte	0x1cd
 674 01c6 0C       		.uleb128 0xc
 675 01c7 93000000 		.4byte	0x93
 676 01cb 21       		.byte	0x21
 677 01cc 00       		.byte	0
 678 01cd 0D       		.uleb128 0xd
 679 01ce 00000000 		.4byte	.LASF32
 680 01d2 03       		.byte	0x3
 681 01d3 39       		.byte	0x39
 682 01d4 DE010000 		.4byte	0x1de
 683 01d8 05       		.uleb128 0x5
 684 01d9 03       		.byte	0x3
ARM GAS  C:\Users\JohnP\AppData\Local\Temp\cc2BGAIf.s 			page 13


 685 01da 00000000 		.4byte	USBFS_1_DEVICE0_CONFIGURATION0_DESCR
 686 01de 0E       		.uleb128 0xe
 687 01df BD010000 		.4byte	0x1bd
 688 01e3 0B       		.uleb128 0xb
 689 01e4 8C010000 		.4byte	0x18c
 690 01e8 F3010000 		.4byte	0x1f3
 691 01ec 0C       		.uleb128 0xc
 692 01ed 93000000 		.4byte	0x93
 693 01f1 00       		.byte	0
 694 01f2 00       		.byte	0
 695 01f3 0D       		.uleb128 0xd
 696 01f4 C5030000 		.4byte	.LASF33
 697 01f8 03       		.byte	0x3
 698 01f9 F8       		.byte	0xf8
 699 01fa 04020000 		.4byte	0x204
 700 01fe 05       		.uleb128 0x5
 701 01ff 03       		.byte	0x3
 702 0200 00000000 		.4byte	USBFS_1_DEVICE0_CONFIGURATION0_INTERFACE0_TABLE
 703 0204 0E       		.uleb128 0xe
 704 0205 E3010000 		.4byte	0x1e3
 705 0209 0B       		.uleb128 0xb
 706 020a EB000000 		.4byte	0xeb
 707 020e 19020000 		.4byte	0x219
 708 0212 0C       		.uleb128 0xc
 709 0213 93000000 		.4byte	0x93
 710 0217 00       		.byte	0
 711 0218 00       		.byte	0
 712 0219 0F       		.uleb128 0xf
 713 021a 7C020000 		.4byte	.LASF34
 714 021e 03       		.byte	0x3
 715 021f 0301     		.2byte	0x103
 716 0221 2B020000 		.4byte	0x22b
 717 0225 05       		.uleb128 0x5
 718 0226 03       		.byte	0x3
 719 0227 00000000 		.4byte	USBFS_1_DEVICE0_CONFIGURATION0_EP_SETTINGS_TABLE
 720 022b 0E       		.uleb128 0xe
 721 022c 09020000 		.4byte	0x209
 722 0230 0B       		.uleb128 0xb
 723 0231 63000000 		.4byte	0x63
 724 0235 40020000 		.4byte	0x240
 725 0239 0C       		.uleb128 0xc
 726 023a 93000000 		.4byte	0x93
 727 023e 00       		.byte	0
 728 023f 00       		.byte	0
 729 0240 0F       		.uleb128 0xf
 730 0241 73040000 		.4byte	.LASF35
 731 0245 03       		.byte	0x3
 732 0246 0701     		.2byte	0x107
 733 0248 52020000 		.4byte	0x252
 734 024c 05       		.uleb128 0x5
 735 024d 03       		.byte	0x3
 736 024e 00000000 		.4byte	USBFS_1_DEVICE0_CONFIGURATION0_INTERFACE_CLASS
 737 0252 0E       		.uleb128 0xe
 738 0253 30020000 		.4byte	0x230
 739 0257 0B       		.uleb128 0xb
 740 0258 8C010000 		.4byte	0x18c
 741 025c 67020000 		.4byte	0x267
ARM GAS  C:\Users\JohnP\AppData\Local\Temp\cc2BGAIf.s 			page 14


 742 0260 0C       		.uleb128 0xc
 743 0261 93000000 		.4byte	0x93
 744 0265 03       		.byte	0x3
 745 0266 00       		.byte	0
 746 0267 0F       		.uleb128 0xf
 747 0268 24050000 		.4byte	.LASF36
 748 026c 03       		.byte	0x3
 749 026d 0F01     		.2byte	0x10f
 750 026f 79020000 		.4byte	0x279
 751 0273 05       		.uleb128 0x5
 752 0274 03       		.byte	0x3
 753 0275 00000000 		.4byte	USBFS_1_DEVICE0_CONFIGURATION0_TABLE
 754 0279 0E       		.uleb128 0xe
 755 027a 57020000 		.4byte	0x257
 756 027e 0B       		.uleb128 0xb
 757 027f 8C010000 		.4byte	0x18c
 758 0283 8E020000 		.4byte	0x28e
 759 0287 0C       		.uleb128 0xc
 760 0288 93000000 		.4byte	0x93
 761 028c 01       		.byte	0x1
 762 028d 00       		.byte	0
 763 028e 0F       		.uleb128 0xf
 764 028f 3C020000 		.4byte	.LASF37
 765 0293 03       		.byte	0x3
 766 0294 1901     		.2byte	0x119
 767 0296 A0020000 		.4byte	0x2a0
 768 029a 05       		.uleb128 0x5
 769 029b 03       		.byte	0x3
 770 029c 00000000 		.4byte	USBFS_1_DEVICE0_TABLE
 771 02a0 0E       		.uleb128 0xe
 772 02a1 7E020000 		.4byte	0x27e
 773 02a5 0F       		.uleb128 0xf
 774 02a6 E2010000 		.4byte	.LASF38
 775 02aa 03       		.byte	0x3
 776 02ab 2001     		.2byte	0x120
 777 02ad B7020000 		.4byte	0x2b7
 778 02b1 05       		.uleb128 0x5
 779 02b2 03       		.byte	0x3
 780 02b3 00000000 		.4byte	USBFS_1_TABLE
 781 02b7 0E       		.uleb128 0xe
 782 02b8 E3010000 		.4byte	0x1e3
 783 02bc 0B       		.uleb128 0xb
 784 02bd 63000000 		.4byte	0x63
 785 02c1 CC020000 		.4byte	0x2cc
 786 02c5 0C       		.uleb128 0xc
 787 02c6 93000000 		.4byte	0x93
 788 02ca 01       		.byte	0x1
 789 02cb 00       		.byte	0
 790 02cc 0D       		.uleb128 0xd
 791 02cd F5030000 		.4byte	.LASF39
 792 02d1 03       		.byte	0x3
 793 02d2 85       		.byte	0x85
 794 02d3 DD020000 		.4byte	0x2dd
 795 02d7 05       		.uleb128 0x5
 796 02d8 03       		.byte	0x3
 797 02d9 00000000 		.4byte	USBFS_1_SN_STRING_DESCRIPTOR
 798 02dd 0E       		.uleb128 0xe
ARM GAS  C:\Users\JohnP\AppData\Local\Temp\cc2BGAIf.s 			page 15


 799 02de BC020000 		.4byte	0x2bc
 800 02e2 0B       		.uleb128 0xb
 801 02e3 63000000 		.4byte	0x63
 802 02e7 F2020000 		.4byte	0x2f2
 803 02eb 0C       		.uleb128 0xc
 804 02ec 93000000 		.4byte	0x93
 805 02f0 3C       		.byte	0x3c
 806 02f1 00       		.byte	0
 807 02f2 0D       		.uleb128 0xd
 808 02f3 58040000 		.4byte	.LASF40
 809 02f7 03       		.byte	0x3
 810 02f8 67       		.byte	0x67
 811 02f9 03030000 		.4byte	0x303
 812 02fd 05       		.uleb128 0x5
 813 02fe 03       		.byte	0x3
 814 02ff 00000000 		.4byte	USBFS_1_STRING_DESCRIPTORS
 815 0303 0E       		.uleb128 0xe
 816 0304 E2020000 		.4byte	0x2e2
 817 0308 0D       		.uleb128 0xd
 818 0309 3C010000 		.4byte	.LASF41
 819 030d 03       		.byte	0x3
 820 030e D8       		.byte	0xd8
 821 030f 17010000 		.4byte	0x117
 822 0313 05       		.uleb128 0x5
 823 0314 03       		.byte	0x3
 824 0315 00000000 		.4byte	USBFS_1_DEVICE0_CONFIGURATION0_INTERFACE0_ALTERNATE0_HID_IN_RPT_SCB
 825 0319 0B       		.uleb128 0xb
 826 031a 63000000 		.4byte	0x63
 827 031e 29030000 		.4byte	0x329
 828 0322 0C       		.uleb128 0xc
 829 0323 93000000 		.4byte	0x93
 830 0327 03       		.byte	0x3
 831 0328 00       		.byte	0
 832 0329 0D       		.uleb128 0xd
 833 032a DD040000 		.4byte	.LASF42
 834 032e 03       		.byte	0x3
 835 032f D9       		.byte	0xd9
 836 0330 19030000 		.4byte	0x319
 837 0334 05       		.uleb128 0x5
 838 0335 03       		.byte	0x3
 839 0336 00000000 		.4byte	USBFS_1_DEVICE0_CONFIGURATION0_INTERFACE0_ALTERNATE0_HID_IN_BUF
 840 033a 0B       		.uleb128 0xb
 841 033b 63000000 		.4byte	0x63
 842 033f 4A030000 		.4byte	0x34a
 843 0343 0C       		.uleb128 0xc
 844 0344 93000000 		.4byte	0x93
 845 0348 39       		.byte	0x39
 846 0349 00       		.byte	0
 847 034a 0D       		.uleb128 0xd
 848 034b 99030000 		.4byte	.LASF43
 849 034f 03       		.byte	0x3
 850 0350 8E       		.byte	0x8e
 851 0351 5B030000 		.4byte	0x35b
 852 0355 05       		.uleb128 0x5
 853 0356 03       		.byte	0x3
 854 0357 00000000 		.4byte	USBFS_1_HIDREPORT_DESCRIPTOR1
 855 035b 0E       		.uleb128 0xe
ARM GAS  C:\Users\JohnP\AppData\Local\Temp\cc2BGAIf.s 			page 16


 856 035c 3A030000 		.4byte	0x33a
 857 0360 0B       		.uleb128 0xb
 858 0361 63000000 		.4byte	0x63
 859 0365 70030000 		.4byte	0x370
 860 0369 0C       		.uleb128 0xc
 861 036a 93000000 		.4byte	0x93
 862 036e 35       		.byte	0x35
 863 036f 00       		.byte	0
 864 0370 0D       		.uleb128 0xd
 865 0371 7E000000 		.4byte	.LASF44
 866 0375 03       		.byte	0x3
 867 0376 B3       		.byte	0xb3
 868 0377 81030000 		.4byte	0x381
 869 037b 05       		.uleb128 0x5
 870 037c 03       		.byte	0x3
 871 037d 00000000 		.4byte	USBFS_1_HIDREPORT_DESCRIPTOR2
 872 0381 0E       		.uleb128 0xe
 873 0382 60030000 		.4byte	0x360
 874 0386 0B       		.uleb128 0xb
 875 0387 5B010000 		.4byte	0x15b
 876 038b 96030000 		.4byte	0x396
 877 038f 0C       		.uleb128 0xc
 878 0390 93000000 		.4byte	0x93
 879 0394 00       		.byte	0
 880 0395 00       		.byte	0
 881 0396 0D       		.uleb128 0xd
 882 0397 32000000 		.4byte	.LASF45
 883 039b 03       		.byte	0x3
 884 039c DF       		.byte	0xdf
 885 039d A7030000 		.4byte	0x3a7
 886 03a1 05       		.uleb128 0x5
 887 03a2 03       		.byte	0x3
 888 03a3 00000000 		.4byte	USBFS_1_DEVICE0_CONFIGURATION0_INTERFACE0_ALTERNATE0_HID_IN_RPT_TABLE
 889 03a7 0E       		.uleb128 0xe
 890 03a8 86030000 		.4byte	0x386
 891 03ac 0B       		.uleb128 0xb
 892 03ad 8C010000 		.4byte	0x18c
 893 03b1 BC030000 		.4byte	0x3bc
 894 03b5 0C       		.uleb128 0xc
 895 03b6 93000000 		.4byte	0x93
 896 03ba 04       		.byte	0x4
 897 03bb 00       		.byte	0
 898 03bc 0D       		.uleb128 0xd
 899 03bd 97010000 		.4byte	.LASF46
 900 03c1 03       		.byte	0x3
 901 03c2 EC       		.byte	0xec
 902 03c3 CD030000 		.4byte	0x3cd
 903 03c7 05       		.uleb128 0x5
 904 03c8 03       		.byte	0x3
 905 03c9 00000000 		.4byte	USBFS_1_DEVICE0_CONFIGURATION0_INTERFACE0_ALTERNATE0_HID_TABLE
 906 03cd 0E       		.uleb128 0xe
 907 03ce AC030000 		.4byte	0x3ac
 908 03d2 0F       		.uleb128 0xf
 909 03d3 78030000 		.4byte	.LASF47
 910 03d7 03       		.byte	0x3
 911 03d8 3001     		.2byte	0x130
 912 03da E4030000 		.4byte	0x3e4
ARM GAS  C:\Users\JohnP\AppData\Local\Temp\cc2BGAIf.s 			page 17


 913 03de 05       		.uleb128 0x5
 914 03df 03       		.byte	0x3
 915 03e0 00000000 		.4byte	USBFS_1_MSOS_DESCRIPTOR
 916 03e4 0E       		.uleb128 0xe
 917 03e5 97010000 		.4byte	0x197
 918 03e9 0B       		.uleb128 0xb
 919 03ea 63000000 		.4byte	0x63
 920 03ee F9030000 		.4byte	0x3f9
 921 03f2 0C       		.uleb128 0xc
 922 03f3 93000000 		.4byte	0x93
 923 03f7 27       		.byte	0x27
 924 03f8 00       		.byte	0
 925 03f9 0F       		.uleb128 0xf
 926 03fa 27040000 		.4byte	.LASF48
 927 03fe 03       		.byte	0x3
 928 03ff 3B01     		.2byte	0x13b
 929 0401 0B040000 		.4byte	0x40b
 930 0405 05       		.uleb128 0x5
 931 0406 03       		.byte	0x3
 932 0407 00000000 		.4byte	USBFS_1_MSOS_CONFIGURATION_DESCR
 933 040b 0E       		.uleb128 0xe
 934 040c E9030000 		.4byte	0x3e9
 935 0410 00       		.byte	0
 936              		.section	.debug_abbrev,"",%progbits
 937              	.Ldebug_abbrev0:
 938 0000 01       		.uleb128 0x1
 939 0001 11       		.uleb128 0x11
 940 0002 01       		.byte	0x1
 941 0003 25       		.uleb128 0x25
 942 0004 0E       		.uleb128 0xe
 943 0005 13       		.uleb128 0x13
 944 0006 0B       		.uleb128 0xb
 945 0007 03       		.uleb128 0x3
 946 0008 0E       		.uleb128 0xe
 947 0009 1B       		.uleb128 0x1b
 948 000a 0E       		.uleb128 0xe
 949 000b 10       		.uleb128 0x10
 950 000c 17       		.uleb128 0x17
 951 000d 00       		.byte	0
 952 000e 00       		.byte	0
 953 000f 02       		.uleb128 0x2
 954 0010 24       		.uleb128 0x24
 955 0011 00       		.byte	0
 956 0012 0B       		.uleb128 0xb
 957 0013 0B       		.uleb128 0xb
 958 0014 3E       		.uleb128 0x3e
 959 0015 0B       		.uleb128 0xb
 960 0016 03       		.uleb128 0x3
 961 0017 0E       		.uleb128 0xe
 962 0018 00       		.byte	0
 963 0019 00       		.byte	0
 964 001a 03       		.uleb128 0x3
 965 001b 24       		.uleb128 0x24
 966 001c 00       		.byte	0
 967 001d 0B       		.uleb128 0xb
 968 001e 0B       		.uleb128 0xb
 969 001f 3E       		.uleb128 0x3e
ARM GAS  C:\Users\JohnP\AppData\Local\Temp\cc2BGAIf.s 			page 18


 970 0020 0B       		.uleb128 0xb
 971 0021 03       		.uleb128 0x3
 972 0022 08       		.uleb128 0x8
 973 0023 00       		.byte	0
 974 0024 00       		.byte	0
 975 0025 04       		.uleb128 0x4
 976 0026 16       		.uleb128 0x16
 977 0027 00       		.byte	0
 978 0028 03       		.uleb128 0x3
 979 0029 0E       		.uleb128 0xe
 980 002a 3A       		.uleb128 0x3a
 981 002b 0B       		.uleb128 0xb
 982 002c 3B       		.uleb128 0x3b
 983 002d 0B       		.uleb128 0xb
 984 002e 49       		.uleb128 0x49
 985 002f 13       		.uleb128 0x13
 986 0030 00       		.byte	0
 987 0031 00       		.byte	0
 988 0032 05       		.uleb128 0x5
 989 0033 35       		.uleb128 0x35
 990 0034 00       		.byte	0
 991 0035 49       		.uleb128 0x49
 992 0036 13       		.uleb128 0x13
 993 0037 00       		.byte	0
 994 0038 00       		.byte	0
 995 0039 06       		.uleb128 0x6
 996 003a 13       		.uleb128 0x13
 997 003b 01       		.byte	0x1
 998 003c 0B       		.uleb128 0xb
 999 003d 0B       		.uleb128 0xb
 1000 003e 3A       		.uleb128 0x3a
 1001 003f 0B       		.uleb128 0xb
 1002 0040 3B       		.uleb128 0x3b
 1003 0041 0B       		.uleb128 0xb
 1004 0042 01       		.uleb128 0x1
 1005 0043 13       		.uleb128 0x13
 1006 0044 00       		.byte	0
 1007 0045 00       		.byte	0
 1008 0046 07       		.uleb128 0x7
 1009 0047 0D       		.uleb128 0xd
 1010 0048 00       		.byte	0
 1011 0049 03       		.uleb128 0x3
 1012 004a 0E       		.uleb128 0xe
 1013 004b 3A       		.uleb128 0x3a
 1014 004c 0B       		.uleb128 0xb
 1015 004d 3B       		.uleb128 0x3b
 1016 004e 0B       		.uleb128 0xb
 1017 004f 49       		.uleb128 0x49
 1018 0050 13       		.uleb128 0x13
 1019 0051 38       		.uleb128 0x38
 1020 0052 0B       		.uleb128 0xb
 1021 0053 00       		.byte	0
 1022 0054 00       		.byte	0
 1023 0055 08       		.uleb128 0x8
 1024 0056 0F       		.uleb128 0xf
 1025 0057 00       		.byte	0
 1026 0058 0B       		.uleb128 0xb
ARM GAS  C:\Users\JohnP\AppData\Local\Temp\cc2BGAIf.s 			page 19


 1027 0059 0B       		.uleb128 0xb
 1028 005a 49       		.uleb128 0x49
 1029 005b 13       		.uleb128 0x13
 1030 005c 00       		.byte	0
 1031 005d 00       		.byte	0
 1032 005e 09       		.uleb128 0x9
 1033 005f 0D       		.uleb128 0xd
 1034 0060 00       		.byte	0
 1035 0061 03       		.uleb128 0x3
 1036 0062 08       		.uleb128 0x8
 1037 0063 3A       		.uleb128 0x3a
 1038 0064 0B       		.uleb128 0xb
 1039 0065 3B       		.uleb128 0x3b
 1040 0066 0B       		.uleb128 0xb
 1041 0067 49       		.uleb128 0x49
 1042 0068 13       		.uleb128 0x13
 1043 0069 38       		.uleb128 0x38
 1044 006a 0B       		.uleb128 0xb
 1045 006b 00       		.byte	0
 1046 006c 00       		.byte	0
 1047 006d 0A       		.uleb128 0xa
 1048 006e 26       		.uleb128 0x26
 1049 006f 00       		.byte	0
 1050 0070 00       		.byte	0
 1051 0071 00       		.byte	0
 1052 0072 0B       		.uleb128 0xb
 1053 0073 01       		.uleb128 0x1
 1054 0074 01       		.byte	0x1
 1055 0075 49       		.uleb128 0x49
 1056 0076 13       		.uleb128 0x13
 1057 0077 01       		.uleb128 0x1
 1058 0078 13       		.uleb128 0x13
 1059 0079 00       		.byte	0
 1060 007a 00       		.byte	0
 1061 007b 0C       		.uleb128 0xc
 1062 007c 21       		.uleb128 0x21
 1063 007d 00       		.byte	0
 1064 007e 49       		.uleb128 0x49
 1065 007f 13       		.uleb128 0x13
 1066 0080 2F       		.uleb128 0x2f
 1067 0081 0B       		.uleb128 0xb
 1068 0082 00       		.byte	0
 1069 0083 00       		.byte	0
 1070 0084 0D       		.uleb128 0xd
 1071 0085 34       		.uleb128 0x34
 1072 0086 00       		.byte	0
 1073 0087 03       		.uleb128 0x3
 1074 0088 0E       		.uleb128 0xe
 1075 0089 3A       		.uleb128 0x3a
 1076 008a 0B       		.uleb128 0xb
 1077 008b 3B       		.uleb128 0x3b
 1078 008c 0B       		.uleb128 0xb
 1079 008d 49       		.uleb128 0x49
 1080 008e 13       		.uleb128 0x13
 1081 008f 3F       		.uleb128 0x3f
 1082 0090 19       		.uleb128 0x19
 1083 0091 02       		.uleb128 0x2
ARM GAS  C:\Users\JohnP\AppData\Local\Temp\cc2BGAIf.s 			page 20


 1084 0092 18       		.uleb128 0x18
 1085 0093 00       		.byte	0
 1086 0094 00       		.byte	0
 1087 0095 0E       		.uleb128 0xe
 1088 0096 26       		.uleb128 0x26
 1089 0097 00       		.byte	0
 1090 0098 49       		.uleb128 0x49
 1091 0099 13       		.uleb128 0x13
 1092 009a 00       		.byte	0
 1093 009b 00       		.byte	0
 1094 009c 0F       		.uleb128 0xf
 1095 009d 34       		.uleb128 0x34
 1096 009e 00       		.byte	0
 1097 009f 03       		.uleb128 0x3
 1098 00a0 0E       		.uleb128 0xe
 1099 00a1 3A       		.uleb128 0x3a
 1100 00a2 0B       		.uleb128 0xb
 1101 00a3 3B       		.uleb128 0x3b
 1102 00a4 05       		.uleb128 0x5
 1103 00a5 49       		.uleb128 0x49
 1104 00a6 13       		.uleb128 0x13
 1105 00a7 3F       		.uleb128 0x3f
 1106 00a8 19       		.uleb128 0x19
 1107 00a9 02       		.uleb128 0x2
 1108 00aa 18       		.uleb128 0x18
 1109 00ab 00       		.byte	0
 1110 00ac 00       		.byte	0
 1111 00ad 00       		.byte	0
 1112              		.section	.debug_aranges,"",%progbits
 1113 0000 14000000 		.4byte	0x14
 1114 0004 0200     		.2byte	0x2
 1115 0006 00000000 		.4byte	.Ldebug_info0
 1116 000a 04       		.byte	0x4
 1117 000b 00       		.byte	0
 1118 000c 0000     		.2byte	0
 1119 000e 0000     		.2byte	0
 1120 0010 00000000 		.4byte	0
 1121 0014 00000000 		.4byte	0
 1122              		.section	.debug_line,"",%progbits
 1123              	.Ldebug_line0:
 1124 0000 5F000000 		.section	.debug_str,"MS",%progbits,1
 1124      02005900 
 1124      00000201 
 1124      FB0E0D00 
 1124      01010101 
 1125              	.LASF32:
 1126 0000 55534246 		.ascii	"USBFS_1_DEVICE0_CONFIGURATION0_DESCR\000"
 1126      535F315F 
 1126      44455649 
 1126      4345305F 
 1126      434F4E46 
 1127              	.LASF27:
 1128 0025 70537461 		.ascii	"pStatusBlock\000"
 1128      74757342 
 1128      6C6F636B 
 1128      00
 1129              	.LASF45:
ARM GAS  C:\Users\JohnP\AppData\Local\Temp\cc2BGAIf.s 			page 21


 1130 0032 55534246 		.ascii	"USBFS_1_DEVICE0_CONFIGURATION0_INTERFACE0_ALTERNATE"
 1130      535F315F 
 1130      44455649 
 1130      4345305F 
 1130      434F4E46 
 1131 0065 305F4849 		.ascii	"0_HID_IN_RPT_TABLE\000"
 1131      445F494E 
 1131      5F525054 
 1131      5F544142 
 1131      4C4500
 1132              	.LASF25:
 1133 0078 636F756E 		.ascii	"count\000"
 1133      7400
 1134              	.LASF44:
 1135 007e 55534246 		.ascii	"USBFS_1_HIDREPORT_DESCRIPTOR2\000"
 1135      535F315F 
 1135      48494452 
 1135      45504F52 
 1135      545F4445 
 1136              	.LASF4:
 1137 009c 6C6F6E67 		.ascii	"long int\000"
 1137      20696E74 
 1137      00
 1138              	.LASF3:
 1139 00a5 73686F72 		.ascii	"short unsigned int\000"
 1139      7420756E 
 1139      7369676E 
 1139      65642069 
 1139      6E7400
 1140              	.LASF51:
 1141 00b8 433A5C55 		.ascii	"C:\\Users\\JohnP\\OneDrive\\College\\2015-2016 Seni"
 1141      73657273 
 1141      5C4A6F68 
 1141      6E505C4F 
 1141      6E654472 
 1142 00e6 6F722059 		.ascii	"or Year\\0 Fall Quarter\\CE4920 011\\Lab\\project\\"
 1142      6561725C 
 1142      30204661 
 1142      6C6C2051 
 1142      75617274 
 1143 0114 43453439 		.ascii	"CE4920Project1\\USBFS_HID01.cydsn\000"
 1143      32305072 
 1143      6F6A6563 
 1143      74315C55 
 1143      53424653 
 1144              	.LASF22:
 1145 0135 73746174 		.ascii	"status\000"
 1145      757300
 1146              	.LASF41:
 1147 013c 55534246 		.ascii	"USBFS_1_DEVICE0_CONFIGURATION0_INTERFACE0_ALTERNATE"
 1147      535F315F 
 1147      44455649 
 1147      4345305F 
 1147      434F4E46 
 1148 016f 305F4849 		.ascii	"0_HID_IN_RPT_SCB\000"
 1148      445F494E 
 1148      5F525054 
ARM GAS  C:\Users\JohnP\AppData\Local\Temp\cc2BGAIf.s 			page 22


 1148      5F534342 
 1148      00
 1149              	.LASF26:
 1150 0180 70446174 		.ascii	"pData\000"
 1150      6100
 1151              	.LASF16:
 1152 0186 616C7453 		.ascii	"altSetting\000"
 1152      65747469 
 1152      6E6700
 1153              	.LASF11:
 1154 0191 666C6F61 		.ascii	"float\000"
 1154      7400
 1155              	.LASF46:
 1156 0197 55534246 		.ascii	"USBFS_1_DEVICE0_CONFIGURATION0_INTERFACE0_ALTERNATE"
 1156      535F315F 
 1156      44455649 
 1156      4345305F 
 1156      434F4E46 
 1157 01ca 305F4849 		.ascii	"0_HID_TABLE\000"
 1157      445F5441 
 1157      424C4500 
 1158              	.LASF0:
 1159 01d6 7369676E 		.ascii	"signed char\000"
 1159      65642063 
 1159      68617200 
 1160              	.LASF38:
 1161 01e2 55534246 		.ascii	"USBFS_1_TABLE\000"
 1161      535F315F 
 1161      5441424C 
 1161      4500
 1162              	.LASF1:
 1163 01f0 756E7369 		.ascii	"unsigned char\000"
 1163      676E6564 
 1163      20636861 
 1163      7200
 1164              	.LASF18:
 1165 01fe 61747472 		.ascii	"attributes\000"
 1165      69627574 
 1165      657300
 1166              	.LASF5:
 1167 0209 6C6F6E67 		.ascii	"long unsigned int\000"
 1167      20756E73 
 1167      69676E65 
 1167      6420696E 
 1167      7400
 1168              	.LASF17:
 1169 021b 61646472 		.ascii	"addr\000"
 1169      00
 1170              	.LASF24:
 1171 0220 545F5553 		.ascii	"T_USBFS_1_XFER_STATUS_BLOCK\000"
 1171      4246535F 
 1171      315F5846 
 1171      45525F53 
 1171      54415455 
 1172              	.LASF37:
 1173 023c 55534246 		.ascii	"USBFS_1_DEVICE0_TABLE\000"
 1173      535F315F 
ARM GAS  C:\Users\JohnP\AppData\Local\Temp\cc2BGAIf.s 			page 23


 1173      44455649 
 1173      4345305F 
 1173      5441424C 
 1174              	.LASF21:
 1175 0252 545F5553 		.ascii	"T_USBFS_1_EP_SETTINGS_BLOCK\000"
 1175      4246535F 
 1175      315F4550 
 1175      5F534554 
 1175      54494E47 
 1176              	.LASF12:
 1177 026e 646F7562 		.ascii	"double\000"
 1177      6C6500
 1178              	.LASF10:
 1179 0275 75696E74 		.ascii	"uint16\000"
 1179      313600
 1180              	.LASF34:
 1181 027c 55534246 		.ascii	"USBFS_1_DEVICE0_CONFIGURATION0_EP_SETTINGS_TABLE\000"
 1181      535F315F 
 1181      44455649 
 1181      4345305F 
 1181      434F4E46 
 1182              	.LASF8:
 1183 02ad 756E7369 		.ascii	"unsigned int\000"
 1183      676E6564 
 1183      20696E74 
 1183      00
 1184              	.LASF30:
 1185 02ba 545F5553 		.ascii	"T_USBFS_1_LUT\000"
 1185      4246535F 
 1185      315F4C55 
 1185      5400
 1186              	.LASF31:
 1187 02c8 55534246 		.ascii	"USBFS_1_DEVICE0_DESCR\000"
 1187      535F315F 
 1187      44455649 
 1187      4345305F 
 1187      44455343 
 1188              	.LASF7:
 1189 02de 6C6F6E67 		.ascii	"long long unsigned int\000"
 1189      206C6F6E 
 1189      6720756E 
 1189      7369676E 
 1189      65642069 
 1190              	.LASF29:
 1191 02f5 705F6C69 		.ascii	"p_list\000"
 1191      737400
 1192              	.LASF49:
 1193 02fc 474E5520 		.ascii	"GNU C 4.8.4 20140526 (release) [ARM/embedded-4_8-br"
 1193      4320342E 
 1193      382E3420 
 1193      32303134 
 1193      30353236 
 1194 032f 616E6368 		.ascii	"anch revision 211358] -mcpu=cortex-m3 -mthumb -g -O"
 1194      20726576 
 1194      6973696F 
 1194      6E203231 
 1194      31333538 
ARM GAS  C:\Users\JohnP\AppData\Local\Temp\cc2BGAIf.s 			page 24


 1195 0362 30202D66 		.ascii	"0 -ffunction-sections\000"
 1195      66756E63 
 1195      74696F6E 
 1195      2D736563 
 1195      74696F6E 
 1196              	.LASF47:
 1197 0378 55534246 		.ascii	"USBFS_1_MSOS_DESCRIPTOR\000"
 1197      535F315F 
 1197      4D534F53 
 1197      5F444553 
 1197      43524950 
 1198              	.LASF14:
 1199 0390 73697A65 		.ascii	"sizetype\000"
 1199      74797065 
 1199      00
 1200              	.LASF43:
 1201 0399 55534246 		.ascii	"USBFS_1_HIDREPORT_DESCRIPTOR1\000"
 1201      535F315F 
 1201      48494452 
 1201      45504F52 
 1201      545F4445 
 1202              	.LASF6:
 1203 03b7 6C6F6E67 		.ascii	"long long int\000"
 1203      206C6F6E 
 1203      6720696E 
 1203      7400
 1204              	.LASF33:
 1205 03c5 55534246 		.ascii	"USBFS_1_DEVICE0_CONFIGURATION0_INTERFACE0_TABLE\000"
 1205      535F315F 
 1205      44455649 
 1205      4345305F 
 1205      434F4E46 
 1206              	.LASF39:
 1207 03f5 55534246 		.ascii	"USBFS_1_SN_STRING_DESCRIPTOR\000"
 1207      535F315F 
 1207      534E5F53 
 1207      5452494E 
 1207      475F4445 
 1208              	.LASF19:
 1209 0412 62756666 		.ascii	"bufferSize\000"
 1209      65725369 
 1209      7A6500
 1210              	.LASF2:
 1211 041d 73686F72 		.ascii	"short int\000"
 1211      7420696E 
 1211      7400
 1212              	.LASF48:
 1213 0427 55534246 		.ascii	"USBFS_1_MSOS_CONFIGURATION_DESCR\000"
 1213      535F315F 
 1213      4D534F53 
 1213      5F434F4E 
 1213      46494755 
 1214              	.LASF9:
 1215 0448 75696E74 		.ascii	"uint8\000"
 1215      3800
 1216              	.LASF15:
 1217 044e 696E7465 		.ascii	"interface\000"
ARM GAS  C:\Users\JohnP\AppData\Local\Temp\cc2BGAIf.s 			page 25


 1217      72666163 
 1217      6500
 1218              	.LASF40:
 1219 0458 55534246 		.ascii	"USBFS_1_STRING_DESCRIPTORS\000"
 1219      535F315F 
 1219      53545249 
 1219      4E475F44 
 1219      45534352 
 1220              	.LASF35:
 1221 0473 55534246 		.ascii	"USBFS_1_DEVICE0_CONFIGURATION0_INTERFACE_CLASS\000"
 1221      535F315F 
 1221      44455649 
 1221      4345305F 
 1221      434F4E46 
 1222              	.LASF13:
 1223 04a2 63686172 		.ascii	"char\000"
 1223      00
 1224              	.LASF28:
 1225 04a7 545F5553 		.ascii	"T_USBFS_1_TD\000"
 1225      4246535F 
 1225      315F5444 
 1225      00
 1226              	.LASF50:
 1227 04b4 2E5C4765 		.ascii	".\\Generated_Source\\PSoC5\\USBFS_1_descr.c\000"
 1227      6E657261 
 1227      7465645F 
 1227      536F7572 
 1227      63655C50 
 1228              	.LASF42:
 1229 04dd 55534246 		.ascii	"USBFS_1_DEVICE0_CONFIGURATION0_INTERFACE0_ALTERNATE"
 1229      535F315F 
 1229      44455649 
 1229      4345305F 
 1229      434F4E46 
 1230 0510 305F4849 		.ascii	"0_HID_IN_BUF\000"
 1230      445F494E 
 1230      5F425546 
 1230      00
 1231              	.LASF23:
 1232 051d 6C656E67 		.ascii	"length\000"
 1232      746800
 1233              	.LASF36:
 1234 0524 55534246 		.ascii	"USBFS_1_DEVICE0_CONFIGURATION0_TABLE\000"
 1234      535F315F 
 1234      44455649 
 1234      4345305F 
 1234      434F4E46 
 1235              	.LASF20:
 1236 0549 624D6973 		.ascii	"bMisc\000"
 1236      6300
 1237              		.ident	"GCC: (GNU Tools for ARM Embedded Processors) 4.8.4 20140526 (release) [ARM/embedded-4_8-br
