#***************************************************************************

#sjplacer

#Version:            1.1

#Build Date:         May  8 2015 09:27:37

#File Generated:     Nov 3 2015 12:23:00

#Purpose:            

#Copyright (C) 2010-2011 by Softjin Technologies Pvt Ltd. All rights reserved.

#***************************************************************************

Executing : C:\Program Files\Cypress\PSoC Creator\3.2\PSoC Creator\bin/sjplacer.exe --proj-name Design01 --netlist-vh2 Design01_p.vh2 --arch-file C:\Program Files\Cypress\PSoC Creator\3.2\PSoC Creator\dev/arch/p35_udb4x6.ark --rrg-file C:\Program Files\Cypress\PSoC Creator\3.2\PSoC Creator\dev/psoc5/psoc5lp/route_arch-rrg.cydata --irq-file C:\Program Files\Cypress\PSoC Creator\3.2\PSoC Creator\dev/psoc5/psoc5lp/irqconn.cydata --drq-file C:\Program Files\Cypress\PSoC Creator\3.2\PSoC Creator\dev/psoc5/psoc5lp/dmaconn.cydata --dsi-conn-file C:\Program Files\Cypress\PSoC Creator\3.2\PSoC Creator\dev/psoc5/psoc5lp/dsiconn.cydata --pins-file pins_100-TQFP.xml --lib-file Design01_p.lib --sdc-file Design01.sdc --io-pcf Design01.pci --outdir .

		Softjin Techologies Placer, Version 1.1

Build Date : May  8 2015	08:51:53

D2004: Option and Settings Summary
=============================================================
Netlist vh2 file          - Design01_p.vh2
Architecture file         - C:\Program Files\Cypress\PSoC Creator\3.2\PSoC Creator\dev/arch/p35_udb4x6.ark
Package                   - 
Defparam file             - 
SDC file                  - Design01.sdc
Output directory          - .
Timing library            - Design01_p.lib
IO Placement file         - Design01.pci

D2050: Starting reading inputs for placer
=============================================================
D2065: Reading netlist file : "Design01_p.vh2"
D2065: Reading arch file : "C:\Program Files\Cypress\PSoC Creator\3.2\PSoC Creator\dev/arch/p35_udb4x6.ark"
D2051: Reading of inputs for placer completed successfully

D2053: Starting placement of the design
=============================================================

Phase 2
Phase 3

Design Statistics after Packing
    Number of Combinational MCs 	:	43
    Number of Sequential MCs    	:	21
    Number of DPs               	:	11
    Number of Controls          	:	4
    Number of Status            	:	1
    Number of SyncCells         	:	2
    Number of count7cells       	:	1

Device Utilization Summary after Packing
    Macrocells                  :	64/192
    UDBS                        :	12/24
    IOs                         :	23/72


D2088: Phase 3, elapsed time : 0.1 (sec)

Phase 4
D2088: Phase 4, elapsed time : 0.0 (sec)

Phase 5
D2088: Phase 5, elapsed time : 0.0 (sec)

Phase 6

######################################################################
Placement Timing Summary

The timing summary is based on estimated routing delays after
placement. For final timing report, please carry out the timing
analysis after routing.
======================================================================

######################################################################
                     Clock Summary 
======================================================================
Number of clocks: 11
Clock: CapSense_IntClock    | Frequency:  27.2 MHz | Target:  24.0 MHz
Clock: CyBUS_CLK            | Frequency:  31.0 MHz | Target:  24.0 MHz
Clock: CyILO                | Frequency: N/A       | Target:   0.1 MHz
Clock: CyIMO                | Frequency: N/A       | Target:  24.0 MHz
Clock: CyMASTER_CLK         | Frequency: N/A       | Target:  24.0 MHz
Clock: CyPLL_OUT            | Frequency: N/A       | Target:  24.0 MHz
Clock: CyXTAL               | Frequency: N/A       | Target:  24.0 MHz
Clock: WaveDAC8_1_DacClk    | Frequency: N/A       | Target:   0.0 MHz
Clock: WaveDAC8_1_DacClk(routed) | Frequency: N/A       | Target:   0.0 MHz
Clock: timer_clock_1        | Frequency: N/A       | Target:   0.0 MHz
Clock: timer_clock_1(routed) | Frequency: N/A       | Target:   0.0 MHz

======================================================================
                     End of Clock Summary
######################################################################

D2088: Phase 6, elapsed time : 0.1 (sec)

Phase 7
######################################################################
                     Clock Summary 
======================================================================
Number of clocks: 11
Clock: CapSense_IntClock    | Frequency:  27.2 MHz | Target:  24.0 MHz
Clock: CyBUS_CLK            | Frequency:  31.0 MHz | Target:  24.0 MHz
Clock: CyILO                | Frequency: N/A       | Target:   0.1 MHz
Clock: CyIMO                | Frequency: N/A       | Target:  24.0 MHz
Clock: CyMASTER_CLK         | Frequency: N/A       | Target:  24.0 MHz
Clock: CyPLL_OUT            | Frequency: N/A       | Target:  24.0 MHz
Clock: CyXTAL               | Frequency: N/A       | Target:  24.0 MHz
Clock: WaveDAC8_1_DacClk    | Frequency: N/A       | Target:   0.0 MHz
Clock: WaveDAC8_1_DacClk(routed) | Frequency: N/A       | Target:   0.0 MHz
Clock: timer_clock_1        | Frequency: N/A       | Target:   0.0 MHz
Clock: timer_clock_1(routed) | Frequency: N/A       | Target:   0.0 MHz

======================================================================
                     End of Clock Summary
######################################################################
D2088: Phase 7, elapsed time : 1.0 (sec)

Final Design Statistics
    Number of Combinational MCs 	:	43
    Number of Sequential MCs    	:	21
    Number of DPs               	:	11
    Number of Controls          	:	4
    Number of Status            	:	1
    Number of SyncCells         	:	2
    Number of count7cells       	:	1
    Number of IOs       	:	23

Device Utilization Summary
    Macrocells                  :	64/192
    IOs                         :	23/72



######################################################################
Placement Timing Summary

The timing summary is based on estimated routing delays after
placement. For final timing report, please carry out the timing
analysis after routing.
======================================================================


######################################################################
                     Clock Summary 
======================================================================
Number of clocks: 11
Clock: CapSense_IntClock    | Frequency:  27.1 MHz | Target:  26.3 MHz
Clock: CyBUS_CLK            | Frequency:  31.0 MHz | Target:  26.3 MHz
Clock: CyILO                | Frequency: N/A       | Target:   0.1 MHz
Clock: CyIMO                | Frequency: N/A       | Target:  24.0 MHz
Clock: CyMASTER_CLK         | Frequency: N/A       | Target:  24.0 MHz
Clock: CyPLL_OUT            | Frequency: N/A       | Target:  24.0 MHz
Clock: CyXTAL               | Frequency: N/A       | Target:  24.0 MHz
Clock: WaveDAC8_1_DacClk    | Frequency: N/A       | Target:   0.0 MHz
Clock: WaveDAC8_1_DacClk(routed) | Frequency: N/A       | Target:   0.0 MHz
Clock: timer_clock_1        | Frequency: N/A       | Target:   0.0 MHz
Clock: timer_clock_1(routed) | Frequency: N/A       | Target:   0.0 MHz

======================================================================
                     End of Clock Summary
######################################################################

Phase 8
D2088: Phase 8, elapsed time : 0.0 (sec)

D2054: Placement of the design completed successfully

I2076: Total run-time: 2.0 sec.

