ARM GAS  C:\Users\JohnP\AppData\Local\Temp\ccdUzF1h.s 			page 1


   1              		.syntax unified
   2              		.cpu cortex-m3
   3              		.fpu softvfp
   4              		.eabi_attribute 20, 1
   5              		.eabi_attribute 21, 1
   6              		.eabi_attribute 23, 3
   7              		.eabi_attribute 24, 1
   8              		.eabi_attribute 25, 1
   9              		.eabi_attribute 26, 1
  10              		.eabi_attribute 30, 1
  11              		.eabi_attribute 34, 1
  12              		.eabi_attribute 18, 4
  13              		.thumb
  14              		.file	"CapSense_AMuxCH0.c"
  15              		.text
  16              	.Ltext0:
  17              		.cfi_sections	.debug_frame
  18              		.section	.text.CapSense_AMuxCH0_FastSelect,"ax",%progbits
  19              		.align	2
  20              		.global	CapSense_AMuxCH0_FastSelect
  21              		.thumb
  22              		.thumb_func
  23              		.type	CapSense_AMuxCH0_FastSelect, %function
  24              	CapSense_AMuxCH0_FastSelect:
  25              	.LFB4:
  26              		.file 1 ".\\Generated_Source\\PSoC5\\CapSense_AMuxCH0.c"
   1:.\Generated_Source\PSoC5/CapSense_AMuxCH0.c **** /*******************************************************************************
   2:.\Generated_Source\PSoC5/CapSense_AMuxCH0.c **** * File Name: CapSense_AMuxCH0.c
   3:.\Generated_Source\PSoC5/CapSense_AMuxCH0.c **** * Version 3.50
   4:.\Generated_Source\PSoC5/CapSense_AMuxCH0.c **** *
   5:.\Generated_Source\PSoC5/CapSense_AMuxCH0.c **** *  Description:
   6:.\Generated_Source\PSoC5/CapSense_AMuxCH0.c **** *    This file contains all functions required for the analog multiplexer
   7:.\Generated_Source\PSoC5/CapSense_AMuxCH0.c **** *    CapSense_CSD_AMux User Module.
   8:.\Generated_Source\PSoC5/CapSense_AMuxCH0.c **** *
   9:.\Generated_Source\PSoC5/CapSense_AMuxCH0.c **** *   Note:
  10:.\Generated_Source\PSoC5/CapSense_AMuxCH0.c **** *
  11:.\Generated_Source\PSoC5/CapSense_AMuxCH0.c **** *******************************************************************************
  12:.\Generated_Source\PSoC5/CapSense_AMuxCH0.c **** * Copyright 2008-2012, Cypress Semiconductor Corporation.  All rights reserved.
  13:.\Generated_Source\PSoC5/CapSense_AMuxCH0.c **** * You may use this file only in accordance with the license, terms, conditions, 
  14:.\Generated_Source\PSoC5/CapSense_AMuxCH0.c **** * disclaimers, and limitations in the end user license agreement accompanying 
  15:.\Generated_Source\PSoC5/CapSense_AMuxCH0.c **** * the software package with which this file was provided.
  16:.\Generated_Source\PSoC5/CapSense_AMuxCH0.c **** ********************************************************************************/
  17:.\Generated_Source\PSoC5/CapSense_AMuxCH0.c **** 
  18:.\Generated_Source\PSoC5/CapSense_AMuxCH0.c **** #include "CapSense_AMuxCH0.h"
  19:.\Generated_Source\PSoC5/CapSense_AMuxCH0.c **** 
  20:.\Generated_Source\PSoC5/CapSense_AMuxCH0.c **** uint8 CapSense_AMuxCH0_initVar = 0u;
  21:.\Generated_Source\PSoC5/CapSense_AMuxCH0.c **** uint8 CapSense_AMuxCH0_lastChannel = CapSense_AMuxCH0_NULL_CHANNEL;
  22:.\Generated_Source\PSoC5/CapSense_AMuxCH0.c **** 
  23:.\Generated_Source\PSoC5/CapSense_AMuxCH0.c **** 
  24:.\Generated_Source\PSoC5/CapSense_AMuxCH0.c **** /*******************************************************************************
  25:.\Generated_Source\PSoC5/CapSense_AMuxCH0.c **** * Function Name: CapSense_AMuxCH0_Start
  26:.\Generated_Source\PSoC5/CapSense_AMuxCH0.c **** ********************************************************************************
  27:.\Generated_Source\PSoC5/CapSense_AMuxCH0.c **** * Summary:
  28:.\Generated_Source\PSoC5/CapSense_AMuxCH0.c **** *  Disconnect all channels.
  29:.\Generated_Source\PSoC5/CapSense_AMuxCH0.c **** *
  30:.\Generated_Source\PSoC5/CapSense_AMuxCH0.c **** * Parameters:
  31:.\Generated_Source\PSoC5/CapSense_AMuxCH0.c **** *  void
ARM GAS  C:\Users\JohnP\AppData\Local\Temp\ccdUzF1h.s 			page 2


  32:.\Generated_Source\PSoC5/CapSense_AMuxCH0.c **** *
  33:.\Generated_Source\PSoC5/CapSense_AMuxCH0.c **** * Return:
  34:.\Generated_Source\PSoC5/CapSense_AMuxCH0.c **** *  void
  35:.\Generated_Source\PSoC5/CapSense_AMuxCH0.c **** *
  36:.\Generated_Source\PSoC5/CapSense_AMuxCH0.c **** *******************************************************************************/
  37:.\Generated_Source\PSoC5/CapSense_AMuxCH0.c **** void CapSense_AMuxCH0_Start(void)
  38:.\Generated_Source\PSoC5/CapSense_AMuxCH0.c **** {
  39:.\Generated_Source\PSoC5/CapSense_AMuxCH0.c ****     CapSense_AMuxCH0_DisconnectAll();
  40:.\Generated_Source\PSoC5/CapSense_AMuxCH0.c ****     CapSense_AMuxCH0_initVar = 1u;
  41:.\Generated_Source\PSoC5/CapSense_AMuxCH0.c **** }
  42:.\Generated_Source\PSoC5/CapSense_AMuxCH0.c **** 
  43:.\Generated_Source\PSoC5/CapSense_AMuxCH0.c **** 
  44:.\Generated_Source\PSoC5/CapSense_AMuxCH0.c **** /*******************************************************************************
  45:.\Generated_Source\PSoC5/CapSense_AMuxCH0.c **** * Function Name: CapSense_AMuxCH0_Init
  46:.\Generated_Source\PSoC5/CapSense_AMuxCH0.c **** ********************************************************************************
  47:.\Generated_Source\PSoC5/CapSense_AMuxCH0.c **** * Summary:
  48:.\Generated_Source\PSoC5/CapSense_AMuxCH0.c **** *  Disconnect all channels.
  49:.\Generated_Source\PSoC5/CapSense_AMuxCH0.c **** *
  50:.\Generated_Source\PSoC5/CapSense_AMuxCH0.c **** * Parameters:
  51:.\Generated_Source\PSoC5/CapSense_AMuxCH0.c **** *  void
  52:.\Generated_Source\PSoC5/CapSense_AMuxCH0.c **** *
  53:.\Generated_Source\PSoC5/CapSense_AMuxCH0.c **** * Return:
  54:.\Generated_Source\PSoC5/CapSense_AMuxCH0.c **** *  void
  55:.\Generated_Source\PSoC5/CapSense_AMuxCH0.c **** *
  56:.\Generated_Source\PSoC5/CapSense_AMuxCH0.c **** *******************************************************************************/
  57:.\Generated_Source\PSoC5/CapSense_AMuxCH0.c **** void CapSense_AMuxCH0_Init(void)
  58:.\Generated_Source\PSoC5/CapSense_AMuxCH0.c **** {
  59:.\Generated_Source\PSoC5/CapSense_AMuxCH0.c ****     CapSense_AMuxCH0_DisconnectAll();
  60:.\Generated_Source\PSoC5/CapSense_AMuxCH0.c **** }
  61:.\Generated_Source\PSoC5/CapSense_AMuxCH0.c **** 
  62:.\Generated_Source\PSoC5/CapSense_AMuxCH0.c **** 
  63:.\Generated_Source\PSoC5/CapSense_AMuxCH0.c **** /*******************************************************************************
  64:.\Generated_Source\PSoC5/CapSense_AMuxCH0.c **** * Function Name: CapSense_AMuxCH0_Stop
  65:.\Generated_Source\PSoC5/CapSense_AMuxCH0.c **** ********************************************************************************
  66:.\Generated_Source\PSoC5/CapSense_AMuxCH0.c **** * Summary:
  67:.\Generated_Source\PSoC5/CapSense_AMuxCH0.c **** *  Disconnect all channels.
  68:.\Generated_Source\PSoC5/CapSense_AMuxCH0.c **** *
  69:.\Generated_Source\PSoC5/CapSense_AMuxCH0.c **** * Parameters:
  70:.\Generated_Source\PSoC5/CapSense_AMuxCH0.c **** *  void
  71:.\Generated_Source\PSoC5/CapSense_AMuxCH0.c **** *
  72:.\Generated_Source\PSoC5/CapSense_AMuxCH0.c **** * Return:
  73:.\Generated_Source\PSoC5/CapSense_AMuxCH0.c **** *  void
  74:.\Generated_Source\PSoC5/CapSense_AMuxCH0.c **** *
  75:.\Generated_Source\PSoC5/CapSense_AMuxCH0.c **** *******************************************************************************/
  76:.\Generated_Source\PSoC5/CapSense_AMuxCH0.c **** void CapSense_AMuxCH0_Stop(void)
  77:.\Generated_Source\PSoC5/CapSense_AMuxCH0.c **** {
  78:.\Generated_Source\PSoC5/CapSense_AMuxCH0.c ****     CapSense_AMuxCH0_DisconnectAll();
  79:.\Generated_Source\PSoC5/CapSense_AMuxCH0.c **** }
  80:.\Generated_Source\PSoC5/CapSense_AMuxCH0.c **** 
  81:.\Generated_Source\PSoC5/CapSense_AMuxCH0.c **** 
  82:.\Generated_Source\PSoC5/CapSense_AMuxCH0.c **** /*******************************************************************************
  83:.\Generated_Source\PSoC5/CapSense_AMuxCH0.c **** * Function Name: CapSense_AMuxCH0_Select
  84:.\Generated_Source\PSoC5/CapSense_AMuxCH0.c **** ********************************************************************************
  85:.\Generated_Source\PSoC5/CapSense_AMuxCH0.c **** * Summary:
  86:.\Generated_Source\PSoC5/CapSense_AMuxCH0.c **** *  This functions first disconnects all channels then connects the given
  87:.\Generated_Source\PSoC5/CapSense_AMuxCH0.c **** *  channel.
  88:.\Generated_Source\PSoC5/CapSense_AMuxCH0.c **** *
ARM GAS  C:\Users\JohnP\AppData\Local\Temp\ccdUzF1h.s 			page 3


  89:.\Generated_Source\PSoC5/CapSense_AMuxCH0.c **** * Parameters:
  90:.\Generated_Source\PSoC5/CapSense_AMuxCH0.c **** *  channel:  The channel to connect to the common terminal.
  91:.\Generated_Source\PSoC5/CapSense_AMuxCH0.c **** *
  92:.\Generated_Source\PSoC5/CapSense_AMuxCH0.c **** * Return:
  93:.\Generated_Source\PSoC5/CapSense_AMuxCH0.c **** *  void
  94:.\Generated_Source\PSoC5/CapSense_AMuxCH0.c **** *
  95:.\Generated_Source\PSoC5/CapSense_AMuxCH0.c **** *******************************************************************************/
  96:.\Generated_Source\PSoC5/CapSense_AMuxCH0.c **** void CapSense_AMuxCH0_Select(uint8 channel) CYREENTRANT
  97:.\Generated_Source\PSoC5/CapSense_AMuxCH0.c **** {
  98:.\Generated_Source\PSoC5/CapSense_AMuxCH0.c ****     CapSense_AMuxCH0_DisconnectAll();        /* Disconnect all previous connections */
  99:.\Generated_Source\PSoC5/CapSense_AMuxCH0.c ****     CapSense_AMuxCH0_Connect(channel);       /* Make the given selection */
 100:.\Generated_Source\PSoC5/CapSense_AMuxCH0.c ****     CapSense_AMuxCH0_lastChannel = channel;  /* Update last channel */
 101:.\Generated_Source\PSoC5/CapSense_AMuxCH0.c **** }
 102:.\Generated_Source\PSoC5/CapSense_AMuxCH0.c **** 
 103:.\Generated_Source\PSoC5/CapSense_AMuxCH0.c **** 
 104:.\Generated_Source\PSoC5/CapSense_AMuxCH0.c **** /*******************************************************************************
 105:.\Generated_Source\PSoC5/CapSense_AMuxCH0.c **** * Function Name: CapSense_AMuxCH0_FastSelect
 106:.\Generated_Source\PSoC5/CapSense_AMuxCH0.c **** ********************************************************************************
 107:.\Generated_Source\PSoC5/CapSense_AMuxCH0.c **** * Summary:
 108:.\Generated_Source\PSoC5/CapSense_AMuxCH0.c **** *  This function first disconnects the last connection made with FastSelect or
 109:.\Generated_Source\PSoC5/CapSense_AMuxCH0.c **** *  Select, then connects the given channel. The FastSelect function is similar
 110:.\Generated_Source\PSoC5/CapSense_AMuxCH0.c **** *  to the Select function, except it is faster since it only disconnects the
 111:.\Generated_Source\PSoC5/CapSense_AMuxCH0.c **** *  last channel selected rather than all channels.
 112:.\Generated_Source\PSoC5/CapSense_AMuxCH0.c **** *
 113:.\Generated_Source\PSoC5/CapSense_AMuxCH0.c **** * Parameters:
 114:.\Generated_Source\PSoC5/CapSense_AMuxCH0.c **** *  channel:  The channel to connect to the common terminal.
 115:.\Generated_Source\PSoC5/CapSense_AMuxCH0.c **** *
 116:.\Generated_Source\PSoC5/CapSense_AMuxCH0.c **** * Return:
 117:.\Generated_Source\PSoC5/CapSense_AMuxCH0.c **** *  void
 118:.\Generated_Source\PSoC5/CapSense_AMuxCH0.c **** *
 119:.\Generated_Source\PSoC5/CapSense_AMuxCH0.c **** *******************************************************************************/
 120:.\Generated_Source\PSoC5/CapSense_AMuxCH0.c **** void CapSense_AMuxCH0_FastSelect(uint8 channel) CYREENTRANT
 121:.\Generated_Source\PSoC5/CapSense_AMuxCH0.c **** {
  27              		.loc 1 121 0
  28              		.cfi_startproc
  29              		@ args = 0, pretend = 0, frame = 0
  30              		@ frame_needed = 0, uses_anonymous_args = 0
  31              	.LVL0:
  32 0000 10B5     		push	{r4, lr}
  33              		.cfi_def_cfa_offset 8
  34              		.cfi_offset 4, -8
  35              		.cfi_offset 14, -4
  36 0002 0446     		mov	r4, r0
 122:.\Generated_Source\PSoC5/CapSense_AMuxCH0.c ****     /* Disconnect the last valid channel */
 123:.\Generated_Source\PSoC5/CapSense_AMuxCH0.c ****     if( CapSense_AMuxCH0_lastChannel != CapSense_AMuxCH0_NULL_CHANNEL)   /* Update last channel */
  37              		.loc 1 123 0
  38 0004 054B     		ldr	r3, .L3
  39 0006 1878     		ldrb	r0, [r3]	@ zero_extendqisi2
  40              	.LVL1:
  41 0008 FF28     		cmp	r0, #255
  42 000a 01D0     		beq	.L2
 124:.\Generated_Source\PSoC5/CapSense_AMuxCH0.c ****     {
 125:.\Generated_Source\PSoC5/CapSense_AMuxCH0.c ****         CapSense_AMuxCH0_Disconnect(CapSense_AMuxCH0_lastChannel);
  43              		.loc 1 125 0
  44 000c FFF7FEFF 		bl	CapSense_AMuxCH0_Unset
  45              	.LVL2:
  46              	.L2:
ARM GAS  C:\Users\JohnP\AppData\Local\Temp\ccdUzF1h.s 			page 4


 126:.\Generated_Source\PSoC5/CapSense_AMuxCH0.c ****     }
 127:.\Generated_Source\PSoC5/CapSense_AMuxCH0.c **** 
 128:.\Generated_Source\PSoC5/CapSense_AMuxCH0.c ****     /* Make the new channel connection */
 129:.\Generated_Source\PSoC5/CapSense_AMuxCH0.c ****     CapSense_AMuxCH0_Connect(channel);
  47              		.loc 1 129 0
  48 0010 2046     		mov	r0, r4
  49 0012 FFF7FEFF 		bl	CapSense_AMuxCH0_Set
  50              	.LVL3:
 130:.\Generated_Source\PSoC5/CapSense_AMuxCH0.c ****     CapSense_AMuxCH0_lastChannel = channel;   /* Update last channel */
  51              		.loc 1 130 0
  52 0016 014B     		ldr	r3, .L3
  53 0018 1C70     		strb	r4, [r3]
  54 001a 10BD     		pop	{r4, pc}
  55              	.L4:
  56              		.align	2
  57              	.L3:
  58 001c 00000000 		.word	.LANCHOR0
  59              		.cfi_endproc
  60              	.LFE4:
  61              		.size	CapSense_AMuxCH0_FastSelect, .-CapSense_AMuxCH0_FastSelect
  62              		.section	.text.CapSense_AMuxCH0_DisconnectAll,"ax",%progbits
  63              		.align	2
  64              		.global	CapSense_AMuxCH0_DisconnectAll
  65              		.thumb
  66              		.thumb_func
  67              		.type	CapSense_AMuxCH0_DisconnectAll, %function
  68              	CapSense_AMuxCH0_DisconnectAll:
  69              	.LFB5:
 131:.\Generated_Source\PSoC5/CapSense_AMuxCH0.c **** }
 132:.\Generated_Source\PSoC5/CapSense_AMuxCH0.c **** 
 133:.\Generated_Source\PSoC5/CapSense_AMuxCH0.c **** 
 134:.\Generated_Source\PSoC5/CapSense_AMuxCH0.c **** #if(CapSense_AMuxCH0_MUXTYPE == CapSense_AMuxCH0_MUX_DIFF)
 135:.\Generated_Source\PSoC5/CapSense_AMuxCH0.c ****     /*******************************************************************************
 136:.\Generated_Source\PSoC5/CapSense_AMuxCH0.c ****     * Function Name: CapSense_AMuxCH0_Connect
 137:.\Generated_Source\PSoC5/CapSense_AMuxCH0.c ****     ********************************************************************************
 138:.\Generated_Source\PSoC5/CapSense_AMuxCH0.c ****     * Summary:
 139:.\Generated_Source\PSoC5/CapSense_AMuxCH0.c ****     *  This function connects the given channel without affecting other connections.
 140:.\Generated_Source\PSoC5/CapSense_AMuxCH0.c ****     *
 141:.\Generated_Source\PSoC5/CapSense_AMuxCH0.c ****     * Parameters:
 142:.\Generated_Source\PSoC5/CapSense_AMuxCH0.c ****     *  channel:  The channel to connect to the common terminal.
 143:.\Generated_Source\PSoC5/CapSense_AMuxCH0.c ****     *
 144:.\Generated_Source\PSoC5/CapSense_AMuxCH0.c ****     * Return:
 145:.\Generated_Source\PSoC5/CapSense_AMuxCH0.c ****     *  void
 146:.\Generated_Source\PSoC5/CapSense_AMuxCH0.c ****     *
 147:.\Generated_Source\PSoC5/CapSense_AMuxCH0.c ****     *******************************************************************************/
 148:.\Generated_Source\PSoC5/CapSense_AMuxCH0.c ****     void CapSense_AMuxCH0_Connect(uint8 channel) CYREENTRANT
 149:.\Generated_Source\PSoC5/CapSense_AMuxCH0.c ****     {
 150:.\Generated_Source\PSoC5/CapSense_AMuxCH0.c ****         CapSense_AMuxCH0_CYAMUXSIDE_A_Set(channel);
 151:.\Generated_Source\PSoC5/CapSense_AMuxCH0.c ****         CapSense_AMuxCH0_CYAMUXSIDE_B_Set(channel);
 152:.\Generated_Source\PSoC5/CapSense_AMuxCH0.c ****     }
 153:.\Generated_Source\PSoC5/CapSense_AMuxCH0.c ****     
 154:.\Generated_Source\PSoC5/CapSense_AMuxCH0.c ****     
 155:.\Generated_Source\PSoC5/CapSense_AMuxCH0.c ****     /*******************************************************************************
 156:.\Generated_Source\PSoC5/CapSense_AMuxCH0.c ****     * Function Name: CapSense_AMuxCH0_Disconnect
 157:.\Generated_Source\PSoC5/CapSense_AMuxCH0.c ****     ********************************************************************************
 158:.\Generated_Source\PSoC5/CapSense_AMuxCH0.c ****     * Summary:
 159:.\Generated_Source\PSoC5/CapSense_AMuxCH0.c ****     *  This function disconnects the given channel from the common or output
ARM GAS  C:\Users\JohnP\AppData\Local\Temp\ccdUzF1h.s 			page 5


 160:.\Generated_Source\PSoC5/CapSense_AMuxCH0.c ****     *  terminal without affecting other connections.
 161:.\Generated_Source\PSoC5/CapSense_AMuxCH0.c ****     *
 162:.\Generated_Source\PSoC5/CapSense_AMuxCH0.c ****     * Parameters:
 163:.\Generated_Source\PSoC5/CapSense_AMuxCH0.c ****     *  channel:  The channel to disconnect from the common terminal.
 164:.\Generated_Source\PSoC5/CapSense_AMuxCH0.c ****     *
 165:.\Generated_Source\PSoC5/CapSense_AMuxCH0.c ****     * Return:
 166:.\Generated_Source\PSoC5/CapSense_AMuxCH0.c ****     *  void
 167:.\Generated_Source\PSoC5/CapSense_AMuxCH0.c ****     *
 168:.\Generated_Source\PSoC5/CapSense_AMuxCH0.c ****     *******************************************************************************/
 169:.\Generated_Source\PSoC5/CapSense_AMuxCH0.c ****     void CapSense_AMuxCH0_Disconnect(uint8 channel) CYREENTRANT
 170:.\Generated_Source\PSoC5/CapSense_AMuxCH0.c ****     {
 171:.\Generated_Source\PSoC5/CapSense_AMuxCH0.c ****         CapSense_AMuxCH0_CYAMUXSIDE_A_Unset(channel);
 172:.\Generated_Source\PSoC5/CapSense_AMuxCH0.c ****         CapSense_AMuxCH0_CYAMUXSIDE_B_Unset(channel);
 173:.\Generated_Source\PSoC5/CapSense_AMuxCH0.c ****     }
 174:.\Generated_Source\PSoC5/CapSense_AMuxCH0.c ****     
 175:.\Generated_Source\PSoC5/CapSense_AMuxCH0.c **** #endif  /* End (CapSense_AMuxCH0_MUXTYPE == CapSense_AMuxCH0_MUX_DIFF) */
 176:.\Generated_Source\PSoC5/CapSense_AMuxCH0.c **** 
 177:.\Generated_Source\PSoC5/CapSense_AMuxCH0.c **** 
 178:.\Generated_Source\PSoC5/CapSense_AMuxCH0.c **** /*******************************************************************************
 179:.\Generated_Source\PSoC5/CapSense_AMuxCH0.c **** * Function Name: CapSense_AMuxCH0_DisconnectAll
 180:.\Generated_Source\PSoC5/CapSense_AMuxCH0.c **** ********************************************************************************
 181:.\Generated_Source\PSoC5/CapSense_AMuxCH0.c **** * Summary:
 182:.\Generated_Source\PSoC5/CapSense_AMuxCH0.c **** *  This function disconnects all channels.
 183:.\Generated_Source\PSoC5/CapSense_AMuxCH0.c **** *
 184:.\Generated_Source\PSoC5/CapSense_AMuxCH0.c **** * Parameters:
 185:.\Generated_Source\PSoC5/CapSense_AMuxCH0.c **** *  void
 186:.\Generated_Source\PSoC5/CapSense_AMuxCH0.c **** *
 187:.\Generated_Source\PSoC5/CapSense_AMuxCH0.c **** * Return:
 188:.\Generated_Source\PSoC5/CapSense_AMuxCH0.c **** *  void
 189:.\Generated_Source\PSoC5/CapSense_AMuxCH0.c **** *
 190:.\Generated_Source\PSoC5/CapSense_AMuxCH0.c **** *******************************************************************************/
 191:.\Generated_Source\PSoC5/CapSense_AMuxCH0.c **** void CapSense_AMuxCH0_DisconnectAll(void) CYREENTRANT
 192:.\Generated_Source\PSoC5/CapSense_AMuxCH0.c **** {
  70              		.loc 1 192 0
  71              		.cfi_startproc
  72              		@ args = 0, pretend = 0, frame = 0
  73              		@ frame_needed = 0, uses_anonymous_args = 0
  74 0000 10B5     		push	{r4, lr}
  75              		.cfi_def_cfa_offset 8
  76              		.cfi_offset 4, -8
  77              		.cfi_offset 14, -4
  78              	.LVL4:
 193:.\Generated_Source\PSoC5/CapSense_AMuxCH0.c ****     uint8 chan;
 194:.\Generated_Source\PSoC5/CapSense_AMuxCH0.c **** 
 195:.\Generated_Source\PSoC5/CapSense_AMuxCH0.c ****     #if(CapSense_AMuxCH0_MUXTYPE == CapSense_AMuxCH0_MUX_SINGLE)
 196:.\Generated_Source\PSoC5/CapSense_AMuxCH0.c ****         for(chan = 0; chan < CapSense_AMuxCH0_CHANNELS ; chan++)
  79              		.loc 1 196 0
  80 0002 0024     		movs	r4, #0
  81 0004 04E0     		b	.L6
  82              	.LVL5:
  83              	.L7:
 197:.\Generated_Source\PSoC5/CapSense_AMuxCH0.c ****         {
 198:.\Generated_Source\PSoC5/CapSense_AMuxCH0.c ****             CapSense_AMuxCH0_Unset(chan);
  84              		.loc 1 198 0 discriminator 2
  85 0006 2046     		mov	r0, r4
  86 0008 FFF7FEFF 		bl	CapSense_AMuxCH0_Unset
  87              	.LVL6:
ARM GAS  C:\Users\JohnP\AppData\Local\Temp\ccdUzF1h.s 			page 6


 196:.\Generated_Source\PSoC5/CapSense_AMuxCH0.c ****         for(chan = 0; chan < CapSense_AMuxCH0_CHANNELS ; chan++)
  88              		.loc 1 196 0 discriminator 2
  89 000c 0134     		adds	r4, r4, #1
  90              	.LVL7:
  91 000e E4B2     		uxtb	r4, r4
  92              	.LVL8:
  93              	.L6:
 196:.\Generated_Source\PSoC5/CapSense_AMuxCH0.c ****         for(chan = 0; chan < CapSense_AMuxCH0_CHANNELS ; chan++)
  94              		.loc 1 196 0 is_stmt 0 discriminator 1
  95 0010 092C     		cmp	r4, #9
  96 0012 F8D9     		bls	.L7
 199:.\Generated_Source\PSoC5/CapSense_AMuxCH0.c ****         }
 200:.\Generated_Source\PSoC5/CapSense_AMuxCH0.c ****     #else
 201:.\Generated_Source\PSoC5/CapSense_AMuxCH0.c ****         for(chan = 0; chan < CapSense_AMuxCH0_CHANNELS ; chan++)
 202:.\Generated_Source\PSoC5/CapSense_AMuxCH0.c ****         {
 203:.\Generated_Source\PSoC5/CapSense_AMuxCH0.c ****             CapSense_AMuxCH0_CYAMUXSIDE_A_Unset(chan);
 204:.\Generated_Source\PSoC5/CapSense_AMuxCH0.c ****             CapSense_AMuxCH0_CYAMUXSIDE_B_Unset(chan);
 205:.\Generated_Source\PSoC5/CapSense_AMuxCH0.c ****         }
 206:.\Generated_Source\PSoC5/CapSense_AMuxCH0.c ****     #endif  /* End (CapSense_AMuxCH0_MUXTYPE == CapSense_AMuxCH0_MUX_SINGLE) */
 207:.\Generated_Source\PSoC5/CapSense_AMuxCH0.c **** }
  97              		.loc 1 207 0 is_stmt 1
  98 0014 10BD     		pop	{r4, pc}
  99              		.cfi_endproc
 100              	.LFE5:
 101              		.size	CapSense_AMuxCH0_DisconnectAll, .-CapSense_AMuxCH0_DisconnectAll
 102 0016 00BF     		.section	.text.CapSense_AMuxCH0_Start,"ax",%progbits
 103              		.align	2
 104              		.global	CapSense_AMuxCH0_Start
 105              		.thumb
 106              		.thumb_func
 107              		.type	CapSense_AMuxCH0_Start, %function
 108              	CapSense_AMuxCH0_Start:
 109              	.LFB0:
  38:.\Generated_Source\PSoC5/CapSense_AMuxCH0.c **** {
 110              		.loc 1 38 0
 111              		.cfi_startproc
 112              		@ args = 0, pretend = 0, frame = 0
 113              		@ frame_needed = 0, uses_anonymous_args = 0
 114 0000 08B5     		push	{r3, lr}
 115              		.cfi_def_cfa_offset 8
 116              		.cfi_offset 3, -8
 117              		.cfi_offset 14, -4
  39:.\Generated_Source\PSoC5/CapSense_AMuxCH0.c ****     CapSense_AMuxCH0_DisconnectAll();
 118              		.loc 1 39 0
 119 0002 FFF7FEFF 		bl	CapSense_AMuxCH0_DisconnectAll
 120              	.LVL9:
  40:.\Generated_Source\PSoC5/CapSense_AMuxCH0.c ****     CapSense_AMuxCH0_initVar = 1u;
 121              		.loc 1 40 0
 122 0006 0122     		movs	r2, #1
 123 0008 014B     		ldr	r3, .L9
 124 000a 1A70     		strb	r2, [r3]
 125 000c 08BD     		pop	{r3, pc}
 126              	.L10:
 127 000e 00BF     		.align	2
 128              	.L9:
 129 0010 00000000 		.word	.LANCHOR1
 130              		.cfi_endproc
ARM GAS  C:\Users\JohnP\AppData\Local\Temp\ccdUzF1h.s 			page 7


 131              	.LFE0:
 132              		.size	CapSense_AMuxCH0_Start, .-CapSense_AMuxCH0_Start
 133              		.section	.text.CapSense_AMuxCH0_Init,"ax",%progbits
 134              		.align	2
 135              		.global	CapSense_AMuxCH0_Init
 136              		.thumb
 137              		.thumb_func
 138              		.type	CapSense_AMuxCH0_Init, %function
 139              	CapSense_AMuxCH0_Init:
 140              	.LFB1:
  58:.\Generated_Source\PSoC5/CapSense_AMuxCH0.c **** {
 141              		.loc 1 58 0
 142              		.cfi_startproc
 143              		@ args = 0, pretend = 0, frame = 0
 144              		@ frame_needed = 0, uses_anonymous_args = 0
 145 0000 08B5     		push	{r3, lr}
 146              		.cfi_def_cfa_offset 8
 147              		.cfi_offset 3, -8
 148              		.cfi_offset 14, -4
  59:.\Generated_Source\PSoC5/CapSense_AMuxCH0.c ****     CapSense_AMuxCH0_DisconnectAll();
 149              		.loc 1 59 0
 150 0002 FFF7FEFF 		bl	CapSense_AMuxCH0_DisconnectAll
 151              	.LVL10:
 152 0006 08BD     		pop	{r3, pc}
 153              		.cfi_endproc
 154              	.LFE1:
 155              		.size	CapSense_AMuxCH0_Init, .-CapSense_AMuxCH0_Init
 156              		.section	.text.CapSense_AMuxCH0_Stop,"ax",%progbits
 157              		.align	2
 158              		.global	CapSense_AMuxCH0_Stop
 159              		.thumb
 160              		.thumb_func
 161              		.type	CapSense_AMuxCH0_Stop, %function
 162              	CapSense_AMuxCH0_Stop:
 163              	.LFB2:
  77:.\Generated_Source\PSoC5/CapSense_AMuxCH0.c **** {
 164              		.loc 1 77 0
 165              		.cfi_startproc
 166              		@ args = 0, pretend = 0, frame = 0
 167              		@ frame_needed = 0, uses_anonymous_args = 0
 168 0000 08B5     		push	{r3, lr}
 169              		.cfi_def_cfa_offset 8
 170              		.cfi_offset 3, -8
 171              		.cfi_offset 14, -4
  78:.\Generated_Source\PSoC5/CapSense_AMuxCH0.c ****     CapSense_AMuxCH0_DisconnectAll();
 172              		.loc 1 78 0
 173 0002 FFF7FEFF 		bl	CapSense_AMuxCH0_DisconnectAll
 174              	.LVL11:
 175 0006 08BD     		pop	{r3, pc}
 176              		.cfi_endproc
 177              	.LFE2:
 178              		.size	CapSense_AMuxCH0_Stop, .-CapSense_AMuxCH0_Stop
 179              		.section	.text.CapSense_AMuxCH0_Select,"ax",%progbits
 180              		.align	2
 181              		.global	CapSense_AMuxCH0_Select
 182              		.thumb
 183              		.thumb_func
ARM GAS  C:\Users\JohnP\AppData\Local\Temp\ccdUzF1h.s 			page 8


 184              		.type	CapSense_AMuxCH0_Select, %function
 185              	CapSense_AMuxCH0_Select:
 186              	.LFB3:
  97:.\Generated_Source\PSoC5/CapSense_AMuxCH0.c **** {
 187              		.loc 1 97 0
 188              		.cfi_startproc
 189              		@ args = 0, pretend = 0, frame = 0
 190              		@ frame_needed = 0, uses_anonymous_args = 0
 191              	.LVL12:
 192 0000 10B5     		push	{r4, lr}
 193              		.cfi_def_cfa_offset 8
 194              		.cfi_offset 4, -8
 195              		.cfi_offset 14, -4
 196 0002 0446     		mov	r4, r0
  98:.\Generated_Source\PSoC5/CapSense_AMuxCH0.c ****     CapSense_AMuxCH0_DisconnectAll();        /* Disconnect all previous connections */
 197              		.loc 1 98 0
 198 0004 FFF7FEFF 		bl	CapSense_AMuxCH0_DisconnectAll
 199              	.LVL13:
  99:.\Generated_Source\PSoC5/CapSense_AMuxCH0.c ****     CapSense_AMuxCH0_Connect(channel);       /* Make the given selection */
 200              		.loc 1 99 0
 201 0008 2046     		mov	r0, r4
 202 000a FFF7FEFF 		bl	CapSense_AMuxCH0_Set
 203              	.LVL14:
 100:.\Generated_Source\PSoC5/CapSense_AMuxCH0.c ****     CapSense_AMuxCH0_lastChannel = channel;  /* Update last channel */
 204              		.loc 1 100 0
 205 000e 014B     		ldr	r3, .L14
 206 0010 1C70     		strb	r4, [r3]
 207 0012 10BD     		pop	{r4, pc}
 208              	.L15:
 209              		.align	2
 210              	.L14:
 211 0014 00000000 		.word	.LANCHOR0
 212              		.cfi_endproc
 213              	.LFE3:
 214              		.size	CapSense_AMuxCH0_Select, .-CapSense_AMuxCH0_Select
 215              		.global	CapSense_AMuxCH0_lastChannel
 216              		.global	CapSense_AMuxCH0_initVar
 217              		.data
 218              		.set	.LANCHOR0,. + 0
 219              		.type	CapSense_AMuxCH0_lastChannel, %object
 220              		.size	CapSense_AMuxCH0_lastChannel, 1
 221              	CapSense_AMuxCH0_lastChannel:
 222 0000 FF       		.byte	-1
 223              		.bss
 224              		.set	.LANCHOR1,. + 0
 225              		.type	CapSense_AMuxCH0_initVar, %object
 226              		.size	CapSense_AMuxCH0_initVar, 1
 227              	CapSense_AMuxCH0_initVar:
 228 0000 00       		.space	1
 229              		.text
 230              	.Letext0:
 231              		.file 2 ".\\Generated_Source\\PSoC5\\cytypes.h"
 232              		.file 3 ".\\Generated_Source\\PSoC5\\cyfitter_cfg.h"
 233              		.section	.debug_info,"",%progbits
 234              	.Ldebug_info0:
 235 0000 D6010000 		.4byte	0x1d6
 236 0004 0400     		.2byte	0x4
ARM GAS  C:\Users\JohnP\AppData\Local\Temp\ccdUzF1h.s 			page 9


 237 0006 00000000 		.4byte	.Ldebug_abbrev0
 238 000a 04       		.byte	0x4
 239 000b 01       		.uleb128 0x1
 240 000c 4E010000 		.4byte	.LASF21
 241 0010 01       		.byte	0x1
 242 0011 4E000000 		.4byte	.LASF22
 243 0015 2D020000 		.4byte	.LASF23
 244 0019 00000000 		.4byte	.Ldebug_ranges0+0
 245 001d 00000000 		.4byte	0
 246 0021 00000000 		.4byte	.Ldebug_line0
 247 0025 02       		.uleb128 0x2
 248 0026 01       		.byte	0x1
 249 0027 06       		.byte	0x6
 250 0028 21020000 		.4byte	.LASF0
 251 002c 02       		.uleb128 0x2
 252 002d 01       		.byte	0x1
 253 002e 08       		.byte	0x8
 254 002f B4000000 		.4byte	.LASF1
 255 0033 02       		.uleb128 0x2
 256 0034 02       		.byte	0x2
 257 0035 05       		.byte	0x5
 258 0036 F3010000 		.4byte	.LASF2
 259 003a 02       		.uleb128 0x2
 260 003b 02       		.byte	0x2
 261 003c 07       		.byte	0x7
 262 003d D4000000 		.4byte	.LASF3
 263 0041 02       		.uleb128 0x2
 264 0042 04       		.byte	0x4
 265 0043 05       		.byte	0x5
 266 0044 18020000 		.4byte	.LASF4
 267 0048 02       		.uleb128 0x2
 268 0049 04       		.byte	0x4
 269 004a 07       		.byte	0x7
 270 004b C2000000 		.4byte	.LASF5
 271 004f 02       		.uleb128 0x2
 272 0050 08       		.byte	0x8
 273 0051 05       		.byte	0x5
 274 0052 CA010000 		.4byte	.LASF6
 275 0056 02       		.uleb128 0x2
 276 0057 08       		.byte	0x8
 277 0058 07       		.byte	0x7
 278 0059 32010000 		.4byte	.LASF7
 279 005d 03       		.uleb128 0x3
 280 005e 04       		.byte	0x4
 281 005f 05       		.byte	0x5
 282 0060 696E7400 		.ascii	"int\000"
 283 0064 02       		.uleb128 0x2
 284 0065 04       		.byte	0x4
 285 0066 07       		.byte	0x7
 286 0067 0D010000 		.4byte	.LASF8
 287 006b 04       		.uleb128 0x4
 288 006c FD010000 		.4byte	.LASF24
 289 0070 02       		.byte	0x2
 290 0071 B4       		.byte	0xb4
 291 0072 2C000000 		.4byte	0x2c
 292 0076 02       		.uleb128 0x2
 293 0077 04       		.byte	0x4
ARM GAS  C:\Users\JohnP\AppData\Local\Temp\ccdUzF1h.s 			page 10


 294 0078 04       		.byte	0x4
 295 0079 97000000 		.4byte	.LASF9
 296 007d 02       		.uleb128 0x2
 297 007e 08       		.byte	0x8
 298 007f 04       		.byte	0x4
 299 0080 06010000 		.4byte	.LASF10
 300 0084 02       		.uleb128 0x2
 301 0085 01       		.byte	0x1
 302 0086 08       		.byte	0x8
 303 0087 D8010000 		.4byte	.LASF11
 304 008b 05       		.uleb128 0x5
 305 008c 6A020000 		.4byte	.LASF12
 306 0090 01       		.byte	0x1
 307 0091 78       		.byte	0x78
 308 0092 00000000 		.4byte	.LFB4
 309 0096 20000000 		.4byte	.LFE4-.LFB4
 310 009a 01       		.uleb128 0x1
 311 009b 9C       		.byte	0x9c
 312 009c C9000000 		.4byte	0xc9
 313 00a0 06       		.uleb128 0x6
 314 00a1 17000000 		.4byte	.LASF18
 315 00a5 01       		.byte	0x1
 316 00a6 78       		.byte	0x78
 317 00a7 6B000000 		.4byte	0x6b
 318 00ab 00000000 		.4byte	.LLST0
 319 00af 07       		.uleb128 0x7
 320 00b0 10000000 		.4byte	.LVL2
 321 00b4 BB010000 		.4byte	0x1bb
 322 00b8 08       		.uleb128 0x8
 323 00b9 16000000 		.4byte	.LVL3
 324 00bd CC010000 		.4byte	0x1cc
 325 00c1 09       		.uleb128 0x9
 326 00c2 01       		.uleb128 0x1
 327 00c3 50       		.byte	0x50
 328 00c4 02       		.uleb128 0x2
 329 00c5 74       		.byte	0x74
 330 00c6 00       		.sleb128 0
 331 00c7 00       		.byte	0
 332 00c8 00       		.byte	0
 333 00c9 05       		.uleb128 0x5
 334 00ca E7000000 		.4byte	.LASF13
 335 00ce 01       		.byte	0x1
 336 00cf BF       		.byte	0xbf
 337 00d0 00000000 		.4byte	.LFB5
 338 00d4 16000000 		.4byte	.LFE5-.LFB5
 339 00d8 01       		.uleb128 0x1
 340 00d9 9C       		.byte	0x9c
 341 00da FE000000 		.4byte	0xfe
 342 00de 0A       		.uleb128 0xa
 343 00df 49010000 		.4byte	.LASF25
 344 00e3 01       		.byte	0x1
 345 00e4 C1       		.byte	0xc1
 346 00e5 6B000000 		.4byte	0x6b
 347 00e9 21000000 		.4byte	.LLST1
 348 00ed 08       		.uleb128 0x8
 349 00ee 0C000000 		.4byte	.LVL6
 350 00f2 BB010000 		.4byte	0x1bb
ARM GAS  C:\Users\JohnP\AppData\Local\Temp\ccdUzF1h.s 			page 11


 351 00f6 09       		.uleb128 0x9
 352 00f7 01       		.uleb128 0x1
 353 00f8 50       		.byte	0x50
 354 00f9 02       		.uleb128 0x2
 355 00fa 74       		.byte	0x74
 356 00fb 00       		.sleb128 0
 357 00fc 00       		.byte	0
 358 00fd 00       		.byte	0
 359 00fe 05       		.uleb128 0x5
 360 00ff 9D000000 		.4byte	.LASF14
 361 0103 01       		.byte	0x1
 362 0104 25       		.byte	0x25
 363 0105 00000000 		.4byte	.LFB0
 364 0109 14000000 		.4byte	.LFE0-.LFB0
 365 010d 01       		.uleb128 0x1
 366 010e 9C       		.byte	0x9c
 367 010f 1D010000 		.4byte	0x11d
 368 0113 07       		.uleb128 0x7
 369 0114 06000000 		.4byte	.LVL9
 370 0118 C9000000 		.4byte	0xc9
 371 011c 00       		.byte	0
 372 011d 05       		.uleb128 0x5
 373 011e DD010000 		.4byte	.LASF15
 374 0122 01       		.byte	0x1
 375 0123 39       		.byte	0x39
 376 0124 00000000 		.4byte	.LFB1
 377 0128 08000000 		.4byte	.LFE1-.LFB1
 378 012c 01       		.uleb128 0x1
 379 012d 9C       		.byte	0x9c
 380 012e 3C010000 		.4byte	0x13c
 381 0132 07       		.uleb128 0x7
 382 0133 06000000 		.4byte	.LVL10
 383 0137 C9000000 		.4byte	0xc9
 384 013b 00       		.byte	0
 385 013c 05       		.uleb128 0x5
 386 013d 1F000000 		.4byte	.LASF16
 387 0141 01       		.byte	0x1
 388 0142 4C       		.byte	0x4c
 389 0143 00000000 		.4byte	.LFB2
 390 0147 08000000 		.4byte	.LFE2-.LFB2
 391 014b 01       		.uleb128 0x1
 392 014c 9C       		.byte	0x9c
 393 014d 5B010000 		.4byte	0x15b
 394 0151 07       		.uleb128 0x7
 395 0152 06000000 		.4byte	.LVL11
 396 0156 C9000000 		.4byte	0xc9
 397 015a 00       		.byte	0
 398 015b 05       		.uleb128 0x5
 399 015c 1A010000 		.4byte	.LASF17
 400 0160 01       		.byte	0x1
 401 0161 60       		.byte	0x60
 402 0162 00000000 		.4byte	.LFB3
 403 0166 18000000 		.4byte	.LFE3-.LFB3
 404 016a 01       		.uleb128 0x1
 405 016b 9C       		.byte	0x9c
 406 016c 99010000 		.4byte	0x199
 407 0170 06       		.uleb128 0x6
ARM GAS  C:\Users\JohnP\AppData\Local\Temp\ccdUzF1h.s 			page 12


 408 0171 17000000 		.4byte	.LASF18
 409 0175 01       		.byte	0x1
 410 0176 60       		.byte	0x60
 411 0177 6B000000 		.4byte	0x6b
 412 017b 58000000 		.4byte	.LLST2
 413 017f 07       		.uleb128 0x7
 414 0180 08000000 		.4byte	.LVL13
 415 0184 C9000000 		.4byte	0xc9
 416 0188 08       		.uleb128 0x8
 417 0189 0E000000 		.4byte	.LVL14
 418 018d CC010000 		.4byte	0x1cc
 419 0191 09       		.uleb128 0x9
 420 0192 01       		.uleb128 0x1
 421 0193 50       		.byte	0x50
 422 0194 02       		.uleb128 0x2
 423 0195 74       		.byte	0x74
 424 0196 00       		.sleb128 0
 425 0197 00       		.byte	0
 426 0198 00       		.byte	0
 427 0199 0B       		.uleb128 0xb
 428 019a 35000000 		.4byte	.LASF19
 429 019e 01       		.byte	0x1
 430 019f 14       		.byte	0x14
 431 01a0 6B000000 		.4byte	0x6b
 432 01a4 05       		.uleb128 0x5
 433 01a5 03       		.byte	0x3
 434 01a6 00000000 		.4byte	CapSense_AMuxCH0_initVar
 435 01aa 0B       		.uleb128 0xb
 436 01ab 7A000000 		.4byte	.LASF20
 437 01af 01       		.byte	0x1
 438 01b0 15       		.byte	0x15
 439 01b1 6B000000 		.4byte	0x6b
 440 01b5 05       		.uleb128 0x5
 441 01b6 03       		.byte	0x3
 442 01b7 00000000 		.4byte	CapSense_AMuxCH0_lastChannel
 443 01bb 0C       		.uleb128 0xc
 444 01bc 00000000 		.4byte	.LASF26
 445 01c0 03       		.byte	0x3
 446 01c1 1B       		.byte	0x1b
 447 01c2 CC010000 		.4byte	0x1cc
 448 01c6 0D       		.uleb128 0xd
 449 01c7 6B000000 		.4byte	0x6b
 450 01cb 00       		.byte	0
 451 01cc 0E       		.uleb128 0xe
 452 01cd 03020000 		.4byte	.LASF27
 453 01d1 03       		.byte	0x3
 454 01d2 1A       		.byte	0x1a
 455 01d3 0D       		.uleb128 0xd
 456 01d4 6B000000 		.4byte	0x6b
 457 01d8 00       		.byte	0
 458 01d9 00       		.byte	0
 459              		.section	.debug_abbrev,"",%progbits
 460              	.Ldebug_abbrev0:
 461 0000 01       		.uleb128 0x1
 462 0001 11       		.uleb128 0x11
 463 0002 01       		.byte	0x1
 464 0003 25       		.uleb128 0x25
ARM GAS  C:\Users\JohnP\AppData\Local\Temp\ccdUzF1h.s 			page 13


 465 0004 0E       		.uleb128 0xe
 466 0005 13       		.uleb128 0x13
 467 0006 0B       		.uleb128 0xb
 468 0007 03       		.uleb128 0x3
 469 0008 0E       		.uleb128 0xe
 470 0009 1B       		.uleb128 0x1b
 471 000a 0E       		.uleb128 0xe
 472 000b 55       		.uleb128 0x55
 473 000c 17       		.uleb128 0x17
 474 000d 11       		.uleb128 0x11
 475 000e 01       		.uleb128 0x1
 476 000f 10       		.uleb128 0x10
 477 0010 17       		.uleb128 0x17
 478 0011 00       		.byte	0
 479 0012 00       		.byte	0
 480 0013 02       		.uleb128 0x2
 481 0014 24       		.uleb128 0x24
 482 0015 00       		.byte	0
 483 0016 0B       		.uleb128 0xb
 484 0017 0B       		.uleb128 0xb
 485 0018 3E       		.uleb128 0x3e
 486 0019 0B       		.uleb128 0xb
 487 001a 03       		.uleb128 0x3
 488 001b 0E       		.uleb128 0xe
 489 001c 00       		.byte	0
 490 001d 00       		.byte	0
 491 001e 03       		.uleb128 0x3
 492 001f 24       		.uleb128 0x24
 493 0020 00       		.byte	0
 494 0021 0B       		.uleb128 0xb
 495 0022 0B       		.uleb128 0xb
 496 0023 3E       		.uleb128 0x3e
 497 0024 0B       		.uleb128 0xb
 498 0025 03       		.uleb128 0x3
 499 0026 08       		.uleb128 0x8
 500 0027 00       		.byte	0
 501 0028 00       		.byte	0
 502 0029 04       		.uleb128 0x4
 503 002a 16       		.uleb128 0x16
 504 002b 00       		.byte	0
 505 002c 03       		.uleb128 0x3
 506 002d 0E       		.uleb128 0xe
 507 002e 3A       		.uleb128 0x3a
 508 002f 0B       		.uleb128 0xb
 509 0030 3B       		.uleb128 0x3b
 510 0031 0B       		.uleb128 0xb
 511 0032 49       		.uleb128 0x49
 512 0033 13       		.uleb128 0x13
 513 0034 00       		.byte	0
 514 0035 00       		.byte	0
 515 0036 05       		.uleb128 0x5
 516 0037 2E       		.uleb128 0x2e
 517 0038 01       		.byte	0x1
 518 0039 3F       		.uleb128 0x3f
 519 003a 19       		.uleb128 0x19
 520 003b 03       		.uleb128 0x3
 521 003c 0E       		.uleb128 0xe
ARM GAS  C:\Users\JohnP\AppData\Local\Temp\ccdUzF1h.s 			page 14


 522 003d 3A       		.uleb128 0x3a
 523 003e 0B       		.uleb128 0xb
 524 003f 3B       		.uleb128 0x3b
 525 0040 0B       		.uleb128 0xb
 526 0041 27       		.uleb128 0x27
 527 0042 19       		.uleb128 0x19
 528 0043 11       		.uleb128 0x11
 529 0044 01       		.uleb128 0x1
 530 0045 12       		.uleb128 0x12
 531 0046 06       		.uleb128 0x6
 532 0047 40       		.uleb128 0x40
 533 0048 18       		.uleb128 0x18
 534 0049 9742     		.uleb128 0x2117
 535 004b 19       		.uleb128 0x19
 536 004c 01       		.uleb128 0x1
 537 004d 13       		.uleb128 0x13
 538 004e 00       		.byte	0
 539 004f 00       		.byte	0
 540 0050 06       		.uleb128 0x6
 541 0051 05       		.uleb128 0x5
 542 0052 00       		.byte	0
 543 0053 03       		.uleb128 0x3
 544 0054 0E       		.uleb128 0xe
 545 0055 3A       		.uleb128 0x3a
 546 0056 0B       		.uleb128 0xb
 547 0057 3B       		.uleb128 0x3b
 548 0058 0B       		.uleb128 0xb
 549 0059 49       		.uleb128 0x49
 550 005a 13       		.uleb128 0x13
 551 005b 02       		.uleb128 0x2
 552 005c 17       		.uleb128 0x17
 553 005d 00       		.byte	0
 554 005e 00       		.byte	0
 555 005f 07       		.uleb128 0x7
 556 0060 898201   		.uleb128 0x4109
 557 0063 00       		.byte	0
 558 0064 11       		.uleb128 0x11
 559 0065 01       		.uleb128 0x1
 560 0066 31       		.uleb128 0x31
 561 0067 13       		.uleb128 0x13
 562 0068 00       		.byte	0
 563 0069 00       		.byte	0
 564 006a 08       		.uleb128 0x8
 565 006b 898201   		.uleb128 0x4109
 566 006e 01       		.byte	0x1
 567 006f 11       		.uleb128 0x11
 568 0070 01       		.uleb128 0x1
 569 0071 31       		.uleb128 0x31
 570 0072 13       		.uleb128 0x13
 571 0073 00       		.byte	0
 572 0074 00       		.byte	0
 573 0075 09       		.uleb128 0x9
 574 0076 8A8201   		.uleb128 0x410a
 575 0079 00       		.byte	0
 576 007a 02       		.uleb128 0x2
 577 007b 18       		.uleb128 0x18
 578 007c 9142     		.uleb128 0x2111
ARM GAS  C:\Users\JohnP\AppData\Local\Temp\ccdUzF1h.s 			page 15


 579 007e 18       		.uleb128 0x18
 580 007f 00       		.byte	0
 581 0080 00       		.byte	0
 582 0081 0A       		.uleb128 0xa
 583 0082 34       		.uleb128 0x34
 584 0083 00       		.byte	0
 585 0084 03       		.uleb128 0x3
 586 0085 0E       		.uleb128 0xe
 587 0086 3A       		.uleb128 0x3a
 588 0087 0B       		.uleb128 0xb
 589 0088 3B       		.uleb128 0x3b
 590 0089 0B       		.uleb128 0xb
 591 008a 49       		.uleb128 0x49
 592 008b 13       		.uleb128 0x13
 593 008c 02       		.uleb128 0x2
 594 008d 17       		.uleb128 0x17
 595 008e 00       		.byte	0
 596 008f 00       		.byte	0
 597 0090 0B       		.uleb128 0xb
 598 0091 34       		.uleb128 0x34
 599 0092 00       		.byte	0
 600 0093 03       		.uleb128 0x3
 601 0094 0E       		.uleb128 0xe
 602 0095 3A       		.uleb128 0x3a
 603 0096 0B       		.uleb128 0xb
 604 0097 3B       		.uleb128 0x3b
 605 0098 0B       		.uleb128 0xb
 606 0099 49       		.uleb128 0x49
 607 009a 13       		.uleb128 0x13
 608 009b 3F       		.uleb128 0x3f
 609 009c 19       		.uleb128 0x19
 610 009d 02       		.uleb128 0x2
 611 009e 18       		.uleb128 0x18
 612 009f 00       		.byte	0
 613 00a0 00       		.byte	0
 614 00a1 0C       		.uleb128 0xc
 615 00a2 2E       		.uleb128 0x2e
 616 00a3 01       		.byte	0x1
 617 00a4 3F       		.uleb128 0x3f
 618 00a5 19       		.uleb128 0x19
 619 00a6 03       		.uleb128 0x3
 620 00a7 0E       		.uleb128 0xe
 621 00a8 3A       		.uleb128 0x3a
 622 00a9 0B       		.uleb128 0xb
 623 00aa 3B       		.uleb128 0x3b
 624 00ab 0B       		.uleb128 0xb
 625 00ac 27       		.uleb128 0x27
 626 00ad 19       		.uleb128 0x19
 627 00ae 3C       		.uleb128 0x3c
 628 00af 19       		.uleb128 0x19
 629 00b0 01       		.uleb128 0x1
 630 00b1 13       		.uleb128 0x13
 631 00b2 00       		.byte	0
 632 00b3 00       		.byte	0
 633 00b4 0D       		.uleb128 0xd
 634 00b5 05       		.uleb128 0x5
 635 00b6 00       		.byte	0
ARM GAS  C:\Users\JohnP\AppData\Local\Temp\ccdUzF1h.s 			page 16


 636 00b7 49       		.uleb128 0x49
 637 00b8 13       		.uleb128 0x13
 638 00b9 00       		.byte	0
 639 00ba 00       		.byte	0
 640 00bb 0E       		.uleb128 0xe
 641 00bc 2E       		.uleb128 0x2e
 642 00bd 01       		.byte	0x1
 643 00be 3F       		.uleb128 0x3f
 644 00bf 19       		.uleb128 0x19
 645 00c0 03       		.uleb128 0x3
 646 00c1 0E       		.uleb128 0xe
 647 00c2 3A       		.uleb128 0x3a
 648 00c3 0B       		.uleb128 0xb
 649 00c4 3B       		.uleb128 0x3b
 650 00c5 0B       		.uleb128 0xb
 651 00c6 27       		.uleb128 0x27
 652 00c7 19       		.uleb128 0x19
 653 00c8 3C       		.uleb128 0x3c
 654 00c9 19       		.uleb128 0x19
 655 00ca 00       		.byte	0
 656 00cb 00       		.byte	0
 657 00cc 00       		.byte	0
 658              		.section	.debug_loc,"",%progbits
 659              	.Ldebug_loc0:
 660              	.LLST0:
 661 0000 00000000 		.4byte	.LVL0
 662 0004 08000000 		.4byte	.LVL1
 663 0008 0100     		.2byte	0x1
 664 000a 50       		.byte	0x50
 665 000b 08000000 		.4byte	.LVL1
 666 000f 20000000 		.4byte	.LFE4
 667 0013 0400     		.2byte	0x4
 668 0015 F3       		.byte	0xf3
 669 0016 01       		.uleb128 0x1
 670 0017 50       		.byte	0x50
 671 0018 9F       		.byte	0x9f
 672 0019 00000000 		.4byte	0
 673 001d 00000000 		.4byte	0
 674              	.LLST1:
 675 0021 02000000 		.4byte	.LVL4
 676 0025 06000000 		.4byte	.LVL5
 677 0029 0200     		.2byte	0x2
 678 002b 30       		.byte	0x30
 679 002c 9F       		.byte	0x9f
 680 002d 06000000 		.4byte	.LVL5
 681 0031 0E000000 		.4byte	.LVL7
 682 0035 0100     		.2byte	0x1
 683 0037 54       		.byte	0x54
 684 0038 0E000000 		.4byte	.LVL7
 685 003c 10000000 		.4byte	.LVL8
 686 0040 0300     		.2byte	0x3
 687 0042 74       		.byte	0x74
 688 0043 7F       		.sleb128 -1
 689 0044 9F       		.byte	0x9f
 690 0045 10000000 		.4byte	.LVL8
 691 0049 16000000 		.4byte	.LFE5
 692 004d 0100     		.2byte	0x1
ARM GAS  C:\Users\JohnP\AppData\Local\Temp\ccdUzF1h.s 			page 17


 693 004f 54       		.byte	0x54
 694 0050 00000000 		.4byte	0
 695 0054 00000000 		.4byte	0
 696              	.LLST2:
 697 0058 00000000 		.4byte	.LVL12
 698 005c 07000000 		.4byte	.LVL13-1
 699 0060 0100     		.2byte	0x1
 700 0062 50       		.byte	0x50
 701 0063 07000000 		.4byte	.LVL13-1
 702 0067 18000000 		.4byte	.LFE3
 703 006b 0400     		.2byte	0x4
 704 006d F3       		.byte	0xf3
 705 006e 01       		.uleb128 0x1
 706 006f 50       		.byte	0x50
 707 0070 9F       		.byte	0x9f
 708 0071 00000000 		.4byte	0
 709 0075 00000000 		.4byte	0
 710              		.section	.debug_aranges,"",%progbits
 711 0000 44000000 		.4byte	0x44
 712 0004 0200     		.2byte	0x2
 713 0006 00000000 		.4byte	.Ldebug_info0
 714 000a 04       		.byte	0x4
 715 000b 00       		.byte	0
 716 000c 0000     		.2byte	0
 717 000e 0000     		.2byte	0
 718 0010 00000000 		.4byte	.LFB4
 719 0014 20000000 		.4byte	.LFE4-.LFB4
 720 0018 00000000 		.4byte	.LFB5
 721 001c 16000000 		.4byte	.LFE5-.LFB5
 722 0020 00000000 		.4byte	.LFB0
 723 0024 14000000 		.4byte	.LFE0-.LFB0
 724 0028 00000000 		.4byte	.LFB1
 725 002c 08000000 		.4byte	.LFE1-.LFB1
 726 0030 00000000 		.4byte	.LFB2
 727 0034 08000000 		.4byte	.LFE2-.LFB2
 728 0038 00000000 		.4byte	.LFB3
 729 003c 18000000 		.4byte	.LFE3-.LFB3
 730 0040 00000000 		.4byte	0
 731 0044 00000000 		.4byte	0
 732              		.section	.debug_ranges,"",%progbits
 733              	.Ldebug_ranges0:
 734 0000 00000000 		.4byte	.LFB4
 735 0004 20000000 		.4byte	.LFE4
 736 0008 00000000 		.4byte	.LFB5
 737 000c 16000000 		.4byte	.LFE5
 738 0010 00000000 		.4byte	.LFB0
 739 0014 14000000 		.4byte	.LFE0
 740 0018 00000000 		.4byte	.LFB1
 741 001c 08000000 		.4byte	.LFE1
 742 0020 00000000 		.4byte	.LFB2
 743 0024 08000000 		.4byte	.LFE2
 744 0028 00000000 		.4byte	.LFB3
 745 002c 18000000 		.4byte	.LFE3
 746 0030 00000000 		.4byte	0
 747 0034 00000000 		.4byte	0
 748              		.section	.debug_line,"",%progbits
 749              	.Ldebug_line0:
ARM GAS  C:\Users\JohnP\AppData\Local\Temp\ccdUzF1h.s 			page 18


 750 0000 E5000000 		.section	.debug_str,"MS",%progbits,1
 750      02006100 
 750      00000201 
 750      FB0E0D00 
 750      01010101 
 751              	.LASF26:
 752 0000 43617053 		.ascii	"CapSense_AMuxCH0_Unset\000"
 752      656E7365 
 752      5F414D75 
 752      78434830 
 752      5F556E73 
 753              	.LASF18:
 754 0017 6368616E 		.ascii	"channel\000"
 754      6E656C00 
 755              	.LASF16:
 756 001f 43617053 		.ascii	"CapSense_AMuxCH0_Stop\000"
 756      656E7365 
 756      5F414D75 
 756      78434830 
 756      5F53746F 
 757              	.LASF19:
 758 0035 43617053 		.ascii	"CapSense_AMuxCH0_initVar\000"
 758      656E7365 
 758      5F414D75 
 758      78434830 
 758      5F696E69 
 759              	.LASF22:
 760 004e 2E5C4765 		.ascii	".\\Generated_Source\\PSoC5\\CapSense_AMuxCH0.c\000"
 760      6E657261 
 760      7465645F 
 760      536F7572 
 760      63655C50 
 761              	.LASF20:
 762 007a 43617053 		.ascii	"CapSense_AMuxCH0_lastChannel\000"
 762      656E7365 
 762      5F414D75 
 762      78434830 
 762      5F6C6173 
 763              	.LASF9:
 764 0097 666C6F61 		.ascii	"float\000"
 764      7400
 765              	.LASF14:
 766 009d 43617053 		.ascii	"CapSense_AMuxCH0_Start\000"
 766      656E7365 
 766      5F414D75 
 766      78434830 
 766      5F537461 
 767              	.LASF1:
 768 00b4 756E7369 		.ascii	"unsigned char\000"
 768      676E6564 
 768      20636861 
 768      7200
 769              	.LASF5:
 770 00c2 6C6F6E67 		.ascii	"long unsigned int\000"
 770      20756E73 
 770      69676E65 
 770      6420696E 
ARM GAS  C:\Users\JohnP\AppData\Local\Temp\ccdUzF1h.s 			page 19


 770      7400
 771              	.LASF3:
 772 00d4 73686F72 		.ascii	"short unsigned int\000"
 772      7420756E 
 772      7369676E 
 772      65642069 
 772      6E7400
 773              	.LASF13:
 774 00e7 43617053 		.ascii	"CapSense_AMuxCH0_DisconnectAll\000"
 774      656E7365 
 774      5F414D75 
 774      78434830 
 774      5F446973 
 775              	.LASF10:
 776 0106 646F7562 		.ascii	"double\000"
 776      6C6500
 777              	.LASF8:
 778 010d 756E7369 		.ascii	"unsigned int\000"
 778      676E6564 
 778      20696E74 
 778      00
 779              	.LASF17:
 780 011a 43617053 		.ascii	"CapSense_AMuxCH0_Select\000"
 780      656E7365 
 780      5F414D75 
 780      78434830 
 780      5F53656C 
 781              	.LASF7:
 782 0132 6C6F6E67 		.ascii	"long long unsigned int\000"
 782      206C6F6E 
 782      6720756E 
 782      7369676E 
 782      65642069 
 783              	.LASF25:
 784 0149 6368616E 		.ascii	"chan\000"
 784      00
 785              	.LASF21:
 786 014e 474E5520 		.ascii	"GNU C 4.8.4 20140526 (release) [ARM/embedded-4_8-br"
 786      4320342E 
 786      382E3420 
 786      32303134 
 786      30353236 
 787 0181 616E6368 		.ascii	"anch revision 211358] -mcpu=cortex-m3 -mthumb -g -O"
 787      20726576 
 787      6973696F 
 787      6E203231 
 787      31333538 
 788 01b4 67202D66 		.ascii	"g -ffunction-sections\000"
 788      66756E63 
 788      74696F6E 
 788      2D736563 
 788      74696F6E 
 789              	.LASF6:
 790 01ca 6C6F6E67 		.ascii	"long long int\000"
 790      206C6F6E 
 790      6720696E 
 790      7400
ARM GAS  C:\Users\JohnP\AppData\Local\Temp\ccdUzF1h.s 			page 20


 791              	.LASF11:
 792 01d8 63686172 		.ascii	"char\000"
 792      00
 793              	.LASF15:
 794 01dd 43617053 		.ascii	"CapSense_AMuxCH0_Init\000"
 794      656E7365 
 794      5F414D75 
 794      78434830 
 794      5F496E69 
 795              	.LASF2:
 796 01f3 73686F72 		.ascii	"short int\000"
 796      7420696E 
 796      7400
 797              	.LASF24:
 798 01fd 75696E74 		.ascii	"uint8\000"
 798      3800
 799              	.LASF27:
 800 0203 43617053 		.ascii	"CapSense_AMuxCH0_Set\000"
 800      656E7365 
 800      5F414D75 
 800      78434830 
 800      5F536574 
 801              	.LASF4:
 802 0218 6C6F6E67 		.ascii	"long int\000"
 802      20696E74 
 802      00
 803              	.LASF0:
 804 0221 7369676E 		.ascii	"signed char\000"
 804      65642063 
 804      68617200 
 805              	.LASF23:
 806 022d 433A5C72 		.ascii	"C:\\repositories\\embedded\\trunk\\CE4920Project1\\"
 806      65706F73 
 806      69746F72 
 806      6965735C 
 806      656D6265 
 807 025b 44657369 		.ascii	"Design01.cydsn\000"
 807      676E3031 
 807      2E637964 
 807      736E00
 808              	.LASF12:
 809 026a 43617053 		.ascii	"CapSense_AMuxCH0_FastSelect\000"
 809      656E7365 
 809      5F414D75 
 809      78434830 
 809      5F466173 
 810              		.ident	"GCC: (GNU Tools for ARM Embedded Processors) 4.8.4 20140526 (release) [ARM/embedded-4_8-br
