ARM GAS  C:\Users\JohnP\AppData\Local\Temp\ccueq9Zu.s 			page 1


   1              		.syntax unified
   2              		.cpu cortex-m3
   3              		.fpu softvfp
   4              		.eabi_attribute 20, 1
   5              		.eabi_attribute 21, 1
   6              		.eabi_attribute 23, 3
   7              		.eabi_attribute 24, 1
   8              		.eabi_attribute 25, 1
   9              		.eabi_attribute 26, 1
  10              		.eabi_attribute 30, 1
  11              		.eabi_attribute 34, 1
  12              		.eabi_attribute 18, 4
  13              		.thumb
  14              		.file	"CapSense_SMS_Wrapper.c"
  15              		.text
  16              	.Ltext0:
  17              		.cfi_sections	.debug_frame
  18              		.section	.text.SMS_LIB_ScanSensor,"ax",%progbits
  19              		.align	2
  20              		.global	SMS_LIB_ScanSensor
  21              		.thumb
  22              		.thumb_func
  23              		.type	SMS_LIB_ScanSensor, %function
  24              	SMS_LIB_ScanSensor:
  25              	.LFB0:
  26              		.file 1 ".\\Generated_Source\\PSoC5\\CapSense_SMS_Wrapper.c"
   1:.\Generated_Source\PSoC5/CapSense_SMS_Wrapper.c **** /*******************************************************************************
   2:.\Generated_Source\PSoC5/CapSense_SMS_Wrapper.c **** * File Name: CapSense_SMS_Wrapper.c
   3:.\Generated_Source\PSoC5/CapSense_SMS_Wrapper.c **** * Version 3.50
   4:.\Generated_Source\PSoC5/CapSense_SMS_Wrapper.c **** *
   5:.\Generated_Source\PSoC5/CapSense_SMS_Wrapper.c **** * Description:
   6:.\Generated_Source\PSoC5/CapSense_SMS_Wrapper.c **** *  This file provides the source code of wrapper between CapSense CSD component 
   7:.\Generated_Source\PSoC5/CapSense_SMS_Wrapper.c **** *  and Auto Tuning library.
   8:.\Generated_Source\PSoC5/CapSense_SMS_Wrapper.c **** *
   9:.\Generated_Source\PSoC5/CapSense_SMS_Wrapper.c **** * Note:
  10:.\Generated_Source\PSoC5/CapSense_SMS_Wrapper.c **** *
  11:.\Generated_Source\PSoC5/CapSense_SMS_Wrapper.c **** ********************************************************************************
  12:.\Generated_Source\PSoC5/CapSense_SMS_Wrapper.c **** * Copyright 2008-2012, Cypress Semiconductor Corporation.  All rights reserved.
  13:.\Generated_Source\PSoC5/CapSense_SMS_Wrapper.c **** * You may use this file only in accordance with the license, terms, conditions,
  14:.\Generated_Source\PSoC5/CapSense_SMS_Wrapper.c **** * disclaimers, and limitations in the end user license agreement accompanying
  15:.\Generated_Source\PSoC5/CapSense_SMS_Wrapper.c **** * the software package with which this file was provided.
  16:.\Generated_Source\PSoC5/CapSense_SMS_Wrapper.c **** *******************************************************************************/
  17:.\Generated_Source\PSoC5/CapSense_SMS_Wrapper.c **** 
  18:.\Generated_Source\PSoC5/CapSense_SMS_Wrapper.c **** #include "CapSense.h"
  19:.\Generated_Source\PSoC5/CapSense_SMS_Wrapper.c **** #include "CapSense_CSHL.h"
  20:.\Generated_Source\PSoC5/CapSense_SMS_Wrapper.c **** 
  21:.\Generated_Source\PSoC5/CapSense_SMS_Wrapper.c **** #if (CapSense_TUNING_METHOD == CapSense_AUTO_TUNING)
  22:.\Generated_Source\PSoC5/CapSense_SMS_Wrapper.c **** 
  23:.\Generated_Source\PSoC5/CapSense_SMS_Wrapper.c **** extern uint8 CapSense_noiseThreshold[CapSense_WIDGET_CSHL_PARAMETERS_COUNT];
  24:.\Generated_Source\PSoC5/CapSense_SMS_Wrapper.c **** extern uint8 CapSense_hysteresis[CapSense_WIDGET_CSHL_PARAMETERS_COUNT];
  25:.\Generated_Source\PSoC5/CapSense_SMS_Wrapper.c **** extern uint8 CapSense_widgetResolution[CapSense_WIDGET_RESOLUTION_PARAMETERS_COUNT];
  26:.\Generated_Source\PSoC5/CapSense_SMS_Wrapper.c **** extern const uint8 CYCODE CapSense_numberOfSensors[CapSense_SENSORS_TBL_SIZE];
  27:.\Generated_Source\PSoC5/CapSense_SMS_Wrapper.c **** extern const uint8 CYCODE CapSense_rawDataIndex[CapSense_SENSORS_TBL_SIZE];
  28:.\Generated_Source\PSoC5/CapSense_SMS_Wrapper.c **** 
  29:.\Generated_Source\PSoC5/CapSense_SMS_Wrapper.c **** extern uint8 CapSense_fingerThreshold[CapSense_WIDGET_CSHL_PARAMETERS_COUNT];
  30:.\Generated_Source\PSoC5/CapSense_SMS_Wrapper.c **** extern uint8 CapSense_idacSettings[CapSense_TOTAL_SENSOR_COUNT];
  31:.\Generated_Source\PSoC5/CapSense_SMS_Wrapper.c **** extern uint8 CapSense_analogSwitchDivider[CapSense_TOTAL_SCANSLOT_COUNT];
ARM GAS  C:\Users\JohnP\AppData\Local\Temp\ccueq9Zu.s 			page 2


  32:.\Generated_Source\PSoC5/CapSense_SMS_Wrapper.c **** 
  33:.\Generated_Source\PSoC5/CapSense_SMS_Wrapper.c **** extern void SMS_LIB_V3_50_CalculateThresholds(uint8 SensorNumber);
  34:.\Generated_Source\PSoC5/CapSense_SMS_Wrapper.c **** extern void SMS_LIB_V3_50_AutoTune1Ch(void);
  35:.\Generated_Source\PSoC5/CapSense_SMS_Wrapper.c **** extern void SMS_LIB_V3_50_AutoTune2Ch(void);
  36:.\Generated_Source\PSoC5/CapSense_SMS_Wrapper.c **** 
  37:.\Generated_Source\PSoC5/CapSense_SMS_Wrapper.c **** uint8  * SMS_LIB_noiseThreshold = CapSense_noiseThreshold;
  38:.\Generated_Source\PSoC5/CapSense_SMS_Wrapper.c **** uint8 * SMS_LIB_hysteresis = CapSense_hysteresis;
  39:.\Generated_Source\PSoC5/CapSense_SMS_Wrapper.c **** 
  40:.\Generated_Source\PSoC5/CapSense_SMS_Wrapper.c **** uint8 * SMS_LIB_widgetResolution = CapSense_widgetResolution;
  41:.\Generated_Source\PSoC5/CapSense_SMS_Wrapper.c **** 
  42:.\Generated_Source\PSoC5/CapSense_SMS_Wrapper.c **** const uint8 CYCODE * SMS_LIB_widgetNumber = CapSense_widgetNumber;
  43:.\Generated_Source\PSoC5/CapSense_SMS_Wrapper.c **** const uint8 CYCODE * SMS_LIB_numberOfSensors = CapSense_numberOfSensors;
  44:.\Generated_Source\PSoC5/CapSense_SMS_Wrapper.c **** const uint8 CYCODE * SMS_LIB_rawDataIndex = CapSense_rawDataIndex;
  45:.\Generated_Source\PSoC5/CapSense_SMS_Wrapper.c **** 
  46:.\Generated_Source\PSoC5/CapSense_SMS_Wrapper.c **** uint8 * SMS_LIB_fingerThreshold = CapSense_fingerThreshold;
  47:.\Generated_Source\PSoC5/CapSense_SMS_Wrapper.c **** uint8 * SMS_LIB_idacSettings = CapSense_idacSettings;
  48:.\Generated_Source\PSoC5/CapSense_SMS_Wrapper.c **** uint8 * SMS_LIB_prescaler = CapSense_analogSwitchDivider;
  49:.\Generated_Source\PSoC5/CapSense_SMS_Wrapper.c **** 
  50:.\Generated_Source\PSoC5/CapSense_SMS_Wrapper.c **** uint16 * SMS_LIB_SensorRaw = CapSense_sensorRaw;
  51:.\Generated_Source\PSoC5/CapSense_SMS_Wrapper.c **** uint16 * SMS_LIB_SensorBaseline = CapSense_sensorBaseline;
  52:.\Generated_Source\PSoC5/CapSense_SMS_Wrapper.c **** 
  53:.\Generated_Source\PSoC5/CapSense_SMS_Wrapper.c **** const uint8 CYCODE SMS_LIB_SensorSensitivity[] = {
  54:.\Generated_Source\PSoC5/CapSense_SMS_Wrapper.c ****     4, 4, 2, 2, 2, 2, 2, 
  55:.\Generated_Source\PSoC5/CapSense_SMS_Wrapper.c **** };
  56:.\Generated_Source\PSoC5/CapSense_SMS_Wrapper.c **** 
  57:.\Generated_Source\PSoC5/CapSense_SMS_Wrapper.c **** 
  58:.\Generated_Source\PSoC5/CapSense_SMS_Wrapper.c **** const uint8 CYCODE SMS_LIB_PrescalerTbl[] = {
  59:.\Generated_Source\PSoC5/CapSense_SMS_Wrapper.c ****     1u, 1u, 1u, 2u, 2u, 2u, 3u, 3u, 3u, 4u, 4u, 4u, 4u, 5u, 5u, 5u, 6u, 6u, 6u, 7u, 7u, 7u, 8u, 8u,
  60:.\Generated_Source\PSoC5/CapSense_SMS_Wrapper.c **** };
  61:.\Generated_Source\PSoC5/CapSense_SMS_Wrapper.c **** 
  62:.\Generated_Source\PSoC5/CapSense_SMS_Wrapper.c **** 
  63:.\Generated_Source\PSoC5/CapSense_SMS_Wrapper.c **** 
  64:.\Generated_Source\PSoC5/CapSense_SMS_Wrapper.c **** uint8 SMS_LIB_Table2[CapSense_TOTAL_SENSOR_COUNT];
  65:.\Generated_Source\PSoC5/CapSense_SMS_Wrapper.c **** uint8 SMS_LIB_Table3[CapSense_TOTAL_SENSOR_COUNT];
  66:.\Generated_Source\PSoC5/CapSense_SMS_Wrapper.c **** uint16 SMS_LIB_Table4[CapSense_TOTAL_SENSOR_COUNT];
  67:.\Generated_Source\PSoC5/CapSense_SMS_Wrapper.c **** uint16 SMS_LIB_Table5[CapSense_TOTAL_SENSOR_COUNT];
  68:.\Generated_Source\PSoC5/CapSense_SMS_Wrapper.c **** uint8 SMS_LIB_Table6[CapSense_TOTAL_SENSOR_COUNT];
  69:.\Generated_Source\PSoC5/CapSense_SMS_Wrapper.c **** uint8 SMS_LIB_Table7[CapSense_TOTAL_SENSOR_COUNT];
  70:.\Generated_Source\PSoC5/CapSense_SMS_Wrapper.c **** 
  71:.\Generated_Source\PSoC5/CapSense_SMS_Wrapper.c **** uint8 SMS_LIB_Table8[CapSense_END_OF_WIDGETS_INDEX];
  72:.\Generated_Source\PSoC5/CapSense_SMS_Wrapper.c **** uint8 SMS_LIB_Table9[CapSense_END_OF_WIDGETS_INDEX];
  73:.\Generated_Source\PSoC5/CapSense_SMS_Wrapper.c **** 
  74:.\Generated_Source\PSoC5/CapSense_SMS_Wrapper.c **** uint8 SMS_LIB_Var1 = (10u);
  75:.\Generated_Source\PSoC5/CapSense_SMS_Wrapper.c **** uint16 SMS_LIB_Var2 = (11714u);
  76:.\Generated_Source\PSoC5/CapSense_SMS_Wrapper.c **** 
  77:.\Generated_Source\PSoC5/CapSense_SMS_Wrapper.c **** uint8 SMS_LIB_TotalSnsCnt = CapSense_TOTAL_SENSOR_COUNT;
  78:.\Generated_Source\PSoC5/CapSense_SMS_Wrapper.c **** uint8 SMS_LIB_TotalScanSlCnt = CapSense_TOTAL_SCANSLOT_COUNT;
  79:.\Generated_Source\PSoC5/CapSense_SMS_Wrapper.c **** uint8 SMS_LIB_EndOfWidgInd = CapSense_END_OF_WIDGETS_INDEX;
  80:.\Generated_Source\PSoC5/CapSense_SMS_Wrapper.c **** 
  81:.\Generated_Source\PSoC5/CapSense_SMS_Wrapper.c **** #if (CapSense_DESIGN_TYPE == CapSense_TWO_CHANNELS_DESIGN)
  82:.\Generated_Source\PSoC5/CapSense_SMS_Wrapper.c ****     uint8 SMS_LIB_TotalSnsCnt_CH0 = CapSense_TOTAL_SENSOR_COUNT__CH0;
  83:.\Generated_Source\PSoC5/CapSense_SMS_Wrapper.c ****     uint8 SMS_LIB_TotalSnsCnt_CH1 = CapSense_TOTAL_SENSOR_COUNT__CH1;
  84:.\Generated_Source\PSoC5/CapSense_SMS_Wrapper.c **** #else
  85:.\Generated_Source\PSoC5/CapSense_SMS_Wrapper.c ****     uint8 SMS_LIB_TotalSnsCnt_CH0 = 0u;
  86:.\Generated_Source\PSoC5/CapSense_SMS_Wrapper.c ****     uint8 SMS_LIB_TotalSnsCnt_CH1 = 0u;
  87:.\Generated_Source\PSoC5/CapSense_SMS_Wrapper.c **** #endif  /* (CapSense_DESIGN_TYPE == CapSense_TWO_CHANNELS_DESIGN) */
  88:.\Generated_Source\PSoC5/CapSense_SMS_Wrapper.c **** 
ARM GAS  C:\Users\JohnP\AppData\Local\Temp\ccueq9Zu.s 			page 3


  89:.\Generated_Source\PSoC5/CapSense_SMS_Wrapper.c **** /*******************************************************************************
  90:.\Generated_Source\PSoC5/CapSense_SMS_Wrapper.c **** * Function Name: SMS_LIB_ScanSensor
  91:.\Generated_Source\PSoC5/CapSense_SMS_Wrapper.c **** ********************************************************************************
  92:.\Generated_Source\PSoC5/CapSense_SMS_Wrapper.c **** *
  93:.\Generated_Source\PSoC5/CapSense_SMS_Wrapper.c **** * Summary:
  94:.\Generated_Source\PSoC5/CapSense_SMS_Wrapper.c **** *  Wrapper to CapSense_ScanSensor function.
  95:.\Generated_Source\PSoC5/CapSense_SMS_Wrapper.c **** *
  96:.\Generated_Source\PSoC5/CapSense_SMS_Wrapper.c **** * Parameters:
  97:.\Generated_Source\PSoC5/CapSense_SMS_Wrapper.c **** *  SensorNumber:  Sensor number.
  98:.\Generated_Source\PSoC5/CapSense_SMS_Wrapper.c **** *
  99:.\Generated_Source\PSoC5/CapSense_SMS_Wrapper.c **** * Return:
 100:.\Generated_Source\PSoC5/CapSense_SMS_Wrapper.c **** *  None
 101:.\Generated_Source\PSoC5/CapSense_SMS_Wrapper.c **** *
 102:.\Generated_Source\PSoC5/CapSense_SMS_Wrapper.c **** * Reentrant:
 103:.\Generated_Source\PSoC5/CapSense_SMS_Wrapper.c **** *  No
 104:.\Generated_Source\PSoC5/CapSense_SMS_Wrapper.c **** *
 105:.\Generated_Source\PSoC5/CapSense_SMS_Wrapper.c **** *******************************************************************************/
 106:.\Generated_Source\PSoC5/CapSense_SMS_Wrapper.c **** void SMS_LIB_ScanSensor(uint8 SensorNumber) 
 107:.\Generated_Source\PSoC5/CapSense_SMS_Wrapper.c **** {
  27              		.loc 1 107 0
  28              		.cfi_startproc
  29              		@ args = 0, pretend = 0, frame = 0
  30              		@ frame_needed = 0, uses_anonymous_args = 0
  31              	.LVL0:
  32 0000 08B5     		push	{r3, lr}
  33              		.cfi_def_cfa_offset 8
  34              		.cfi_offset 3, -8
  35              		.cfi_offset 14, -4
 108:.\Generated_Source\PSoC5/CapSense_SMS_Wrapper.c ****     CapSense_ScanSensor(SensorNumber);
  36              		.loc 1 108 0
  37 0002 FFF7FEFF 		bl	CapSense_ScanSensor
  38              	.LVL1:
  39 0006 08BD     		pop	{r3, pc}
  40              		.cfi_endproc
  41              	.LFE0:
  42              		.size	SMS_LIB_ScanSensor, .-SMS_LIB_ScanSensor
  43              		.section	.text.SMS_LIB_IsBusy,"ax",%progbits
  44              		.align	2
  45              		.global	SMS_LIB_IsBusy
  46              		.thumb
  47              		.thumb_func
  48              		.type	SMS_LIB_IsBusy, %function
  49              	SMS_LIB_IsBusy:
  50              	.LFB1:
 109:.\Generated_Source\PSoC5/CapSense_SMS_Wrapper.c **** }
 110:.\Generated_Source\PSoC5/CapSense_SMS_Wrapper.c **** 
 111:.\Generated_Source\PSoC5/CapSense_SMS_Wrapper.c **** /*******************************************************************************
 112:.\Generated_Source\PSoC5/CapSense_SMS_Wrapper.c **** * Function Name: SMS_LIB_IsBusy
 113:.\Generated_Source\PSoC5/CapSense_SMS_Wrapper.c **** ********************************************************************************
 114:.\Generated_Source\PSoC5/CapSense_SMS_Wrapper.c **** *
 115:.\Generated_Source\PSoC5/CapSense_SMS_Wrapper.c **** * Summary:
 116:.\Generated_Source\PSoC5/CapSense_SMS_Wrapper.c **** *  Wrapper to CapSense_IsBusy function.
 117:.\Generated_Source\PSoC5/CapSense_SMS_Wrapper.c **** *  
 118:.\Generated_Source\PSoC5/CapSense_SMS_Wrapper.c **** * Parameters:
 119:.\Generated_Source\PSoC5/CapSense_SMS_Wrapper.c **** *  None
 120:.\Generated_Source\PSoC5/CapSense_SMS_Wrapper.c **** *
 121:.\Generated_Source\PSoC5/CapSense_SMS_Wrapper.c **** * Return:
ARM GAS  C:\Users\JohnP\AppData\Local\Temp\ccueq9Zu.s 			page 4


 122:.\Generated_Source\PSoC5/CapSense_SMS_Wrapper.c **** *  None
 123:.\Generated_Source\PSoC5/CapSense_SMS_Wrapper.c **** *
 124:.\Generated_Source\PSoC5/CapSense_SMS_Wrapper.c **** *******************************************************************************/
 125:.\Generated_Source\PSoC5/CapSense_SMS_Wrapper.c **** uint8 SMS_LIB_IsBusy(void) 
 126:.\Generated_Source\PSoC5/CapSense_SMS_Wrapper.c **** {
  51              		.loc 1 126 0
  52              		.cfi_startproc
  53              		@ args = 0, pretend = 0, frame = 0
  54              		@ frame_needed = 0, uses_anonymous_args = 0
  55 0000 08B5     		push	{r3, lr}
  56              		.cfi_def_cfa_offset 8
  57              		.cfi_offset 3, -8
  58              		.cfi_offset 14, -4
 127:.\Generated_Source\PSoC5/CapSense_SMS_Wrapper.c ****     return CapSense_IsBusy();
  59              		.loc 1 127 0
  60 0002 FFF7FEFF 		bl	CapSense_IsBusy
  61              	.LVL2:
 128:.\Generated_Source\PSoC5/CapSense_SMS_Wrapper.c **** }
  62              		.loc 1 128 0
  63 0006 08BD     		pop	{r3, pc}
  64              		.cfi_endproc
  65              	.LFE1:
  66              		.size	SMS_LIB_IsBusy, .-SMS_LIB_IsBusy
  67              		.section	.text.CapSense_CalculateThresholds,"ax",%progbits
  68              		.align	2
  69              		.global	CapSense_CalculateThresholds
  70              		.thumb
  71              		.thumb_func
  72              		.type	CapSense_CalculateThresholds, %function
  73              	CapSense_CalculateThresholds:
  74              	.LFB2:
 129:.\Generated_Source\PSoC5/CapSense_SMS_Wrapper.c **** 
 130:.\Generated_Source\PSoC5/CapSense_SMS_Wrapper.c **** 
 131:.\Generated_Source\PSoC5/CapSense_SMS_Wrapper.c **** /*******************************************************************************
 132:.\Generated_Source\PSoC5/CapSense_SMS_Wrapper.c **** * Function Name: CapSense_CalculateThresholds
 133:.\Generated_Source\PSoC5/CapSense_SMS_Wrapper.c **** ********************************************************************************
 134:.\Generated_Source\PSoC5/CapSense_SMS_Wrapper.c **** *
 135:.\Generated_Source\PSoC5/CapSense_SMS_Wrapper.c **** * Summary:
 136:.\Generated_Source\PSoC5/CapSense_SMS_Wrapper.c **** *  Wrapper to SMS_LIB_CalculateThresholds function.
 137:.\Generated_Source\PSoC5/CapSense_SMS_Wrapper.c **** *
 138:.\Generated_Source\PSoC5/CapSense_SMS_Wrapper.c **** * Parameters:
 139:.\Generated_Source\PSoC5/CapSense_SMS_Wrapper.c **** *  SensorNumber:  Sensor number.
 140:.\Generated_Source\PSoC5/CapSense_SMS_Wrapper.c **** *
 141:.\Generated_Source\PSoC5/CapSense_SMS_Wrapper.c **** * Return:
 142:.\Generated_Source\PSoC5/CapSense_SMS_Wrapper.c **** *  None
 143:.\Generated_Source\PSoC5/CapSense_SMS_Wrapper.c **** *
 144:.\Generated_Source\PSoC5/CapSense_SMS_Wrapper.c **** * Reentrant:
 145:.\Generated_Source\PSoC5/CapSense_SMS_Wrapper.c **** *  No
 146:.\Generated_Source\PSoC5/CapSense_SMS_Wrapper.c **** *
 147:.\Generated_Source\PSoC5/CapSense_SMS_Wrapper.c **** *******************************************************************************/
 148:.\Generated_Source\PSoC5/CapSense_SMS_Wrapper.c **** void CapSense_CalculateThresholds(uint8 SensorNumber) 
 149:.\Generated_Source\PSoC5/CapSense_SMS_Wrapper.c **** {
  75              		.loc 1 149 0
  76              		.cfi_startproc
  77              		@ args = 0, pretend = 0, frame = 0
  78              		@ frame_needed = 0, uses_anonymous_args = 0
  79              	.LVL3:
ARM GAS  C:\Users\JohnP\AppData\Local\Temp\ccueq9Zu.s 			page 5


  80 0000 08B5     		push	{r3, lr}
  81              		.cfi_def_cfa_offset 8
  82              		.cfi_offset 3, -8
  83              		.cfi_offset 14, -4
 150:.\Generated_Source\PSoC5/CapSense_SMS_Wrapper.c ****     SMS_LIB_V3_50_CalculateThresholds(SensorNumber);
  84              		.loc 1 150 0
  85 0002 FFF7FEFF 		bl	SMS_LIB_V3_50_CalculateThresholds
  86              	.LVL4:
  87 0006 08BD     		pop	{r3, pc}
  88              		.cfi_endproc
  89              	.LFE2:
  90              		.size	CapSense_CalculateThresholds, .-CapSense_CalculateThresholds
  91              		.section	.text.CapSense_AutoTune,"ax",%progbits
  92              		.align	2
  93              		.global	CapSense_AutoTune
  94              		.thumb
  95              		.thumb_func
  96              		.type	CapSense_AutoTune, %function
  97              	CapSense_AutoTune:
  98              	.LFB3:
 151:.\Generated_Source\PSoC5/CapSense_SMS_Wrapper.c **** }
 152:.\Generated_Source\PSoC5/CapSense_SMS_Wrapper.c **** 
 153:.\Generated_Source\PSoC5/CapSense_SMS_Wrapper.c **** 
 154:.\Generated_Source\PSoC5/CapSense_SMS_Wrapper.c **** /*******************************************************************************
 155:.\Generated_Source\PSoC5/CapSense_SMS_Wrapper.c **** * Function Name: CapSense_AutoTune
 156:.\Generated_Source\PSoC5/CapSense_SMS_Wrapper.c **** ********************************************************************************
 157:.\Generated_Source\PSoC5/CapSense_SMS_Wrapper.c **** *
 158:.\Generated_Source\PSoC5/CapSense_SMS_Wrapper.c **** * Summary:
 159:.\Generated_Source\PSoC5/CapSense_SMS_Wrapper.c **** *  Wrapper for SMS_LIB_AutoTune1Ch or SMS_LIB_AutoTune2Ch function.
 160:.\Generated_Source\PSoC5/CapSense_SMS_Wrapper.c **** *
 161:.\Generated_Source\PSoC5/CapSense_SMS_Wrapper.c **** * Parameters:
 162:.\Generated_Source\PSoC5/CapSense_SMS_Wrapper.c **** *  None
 163:.\Generated_Source\PSoC5/CapSense_SMS_Wrapper.c **** *
 164:.\Generated_Source\PSoC5/CapSense_SMS_Wrapper.c **** * Return:
 165:.\Generated_Source\PSoC5/CapSense_SMS_Wrapper.c **** *  None
 166:.\Generated_Source\PSoC5/CapSense_SMS_Wrapper.c **** *
 167:.\Generated_Source\PSoC5/CapSense_SMS_Wrapper.c **** * Reentrant:
 168:.\Generated_Source\PSoC5/CapSense_SMS_Wrapper.c **** *  No
 169:.\Generated_Source\PSoC5/CapSense_SMS_Wrapper.c **** *
 170:.\Generated_Source\PSoC5/CapSense_SMS_Wrapper.c **** *******************************************************************************/
 171:.\Generated_Source\PSoC5/CapSense_SMS_Wrapper.c **** void CapSense_AutoTune(void) 
 172:.\Generated_Source\PSoC5/CapSense_SMS_Wrapper.c **** {
  99              		.loc 1 172 0
 100              		.cfi_startproc
 101              		@ args = 0, pretend = 0, frame = 0
 102              		@ frame_needed = 0, uses_anonymous_args = 0
 103 0000 08B5     		push	{r3, lr}
 104              		.cfi_def_cfa_offset 8
 105              		.cfi_offset 3, -8
 106              		.cfi_offset 14, -4
 173:.\Generated_Source\PSoC5/CapSense_SMS_Wrapper.c ****     #if (CapSense_DESIGN_TYPE == CapSense_ONE_CHANNEL_DESIGN)
 174:.\Generated_Source\PSoC5/CapSense_SMS_Wrapper.c ****         SMS_LIB_V3_50_AutoTune1Ch();
 107              		.loc 1 174 0
 108 0002 FFF7FEFF 		bl	SMS_LIB_V3_50_AutoTune1Ch
 109              	.LVL5:
 110 0006 08BD     		pop	{r3, pc}
 111              		.cfi_endproc
ARM GAS  C:\Users\JohnP\AppData\Local\Temp\ccueq9Zu.s 			page 6


 112              	.LFE3:
 113              		.size	CapSense_AutoTune, .-CapSense_AutoTune
 114              		.section	.text.SMS_LIB_SetPrescaler,"ax",%progbits
 115              		.align	2
 116              		.global	SMS_LIB_SetPrescaler
 117              		.thumb
 118              		.thumb_func
 119              		.type	SMS_LIB_SetPrescaler, %function
 120              	SMS_LIB_SetPrescaler:
 121              	.LFB4:
 175:.\Generated_Source\PSoC5/CapSense_SMS_Wrapper.c ****     #elif (CapSense_DESIGN_TYPE == CapSense_TWO_CHANNELS_DESIGN)
 176:.\Generated_Source\PSoC5/CapSense_SMS_Wrapper.c ****         SMS_LIB_V3_50_AutoTune2Ch();
 177:.\Generated_Source\PSoC5/CapSense_SMS_Wrapper.c ****     #endif /* (CapSense_DESIGN_TYPE == CapSense_ONE_CHANNEL_DESIGN) */
 178:.\Generated_Source\PSoC5/CapSense_SMS_Wrapper.c **** }
 179:.\Generated_Source\PSoC5/CapSense_SMS_Wrapper.c **** 
 180:.\Generated_Source\PSoC5/CapSense_SMS_Wrapper.c **** /*******************************************************************************
 181:.\Generated_Source\PSoC5/CapSense_SMS_Wrapper.c **** * Function Name: SMS_LIB_SetPrescaler
 182:.\Generated_Source\PSoC5/CapSense_SMS_Wrapper.c **** ********************************************************************************
 183:.\Generated_Source\PSoC5/CapSense_SMS_Wrapper.c **** *
 184:.\Generated_Source\PSoC5/CapSense_SMS_Wrapper.c **** * Summary:
 185:.\Generated_Source\PSoC5/CapSense_SMS_Wrapper.c **** *  Empty wrapper for version compliance.
 186:.\Generated_Source\PSoC5/CapSense_SMS_Wrapper.c **** *
 187:.\Generated_Source\PSoC5/CapSense_SMS_Wrapper.c **** * Parameters:
 188:.\Generated_Source\PSoC5/CapSense_SMS_Wrapper.c **** *  prescaler:  prascaler value.
 189:.\Generated_Source\PSoC5/CapSense_SMS_Wrapper.c **** *
 190:.\Generated_Source\PSoC5/CapSense_SMS_Wrapper.c **** * Return:
 191:.\Generated_Source\PSoC5/CapSense_SMS_Wrapper.c **** *  None
 192:.\Generated_Source\PSoC5/CapSense_SMS_Wrapper.c **** *
 193:.\Generated_Source\PSoC5/CapSense_SMS_Wrapper.c **** *******************************************************************************/
 194:.\Generated_Source\PSoC5/CapSense_SMS_Wrapper.c **** void SMS_LIB_SetPrescaler(uint8 prescaler) 
 195:.\Generated_Source\PSoC5/CapSense_SMS_Wrapper.c **** {
 122              		.loc 1 195 0
 123              		.cfi_startproc
 124              		@ args = 0, pretend = 0, frame = 0
 125              		@ frame_needed = 0, uses_anonymous_args = 0
 126              		@ link register save eliminated.
 127              	.LVL6:
 128 0000 7047     		bx	lr
 129              		.cfi_endproc
 130              	.LFE4:
 131              		.size	SMS_LIB_SetPrescaler, .-SMS_LIB_SetPrescaler
 132 0002 00BF     		.section	.text.SMS_LIB_V3_50_SetAnalogSwitchesSrc_PRS,"ax",%progbits
 133              		.align	2
 134              		.global	SMS_LIB_V3_50_SetAnalogSwitchesSrc_PRS
 135              		.thumb
 136              		.thumb_func
 137              		.type	SMS_LIB_V3_50_SetAnalogSwitchesSrc_PRS, %function
 138              	SMS_LIB_V3_50_SetAnalogSwitchesSrc_PRS:
 139              	.LFB5:
 196:.\Generated_Source\PSoC5/CapSense_SMS_Wrapper.c ****     prescaler = prescaler;
 197:.\Generated_Source\PSoC5/CapSense_SMS_Wrapper.c **** }
 198:.\Generated_Source\PSoC5/CapSense_SMS_Wrapper.c **** 
 199:.\Generated_Source\PSoC5/CapSense_SMS_Wrapper.c **** void SMS_LIB_V3_50_SetAnalogSwitchesSrc_PRS(void) 
 200:.\Generated_Source\PSoC5/CapSense_SMS_Wrapper.c **** {
 140              		.loc 1 200 0
 141              		.cfi_startproc
 142              		@ args = 0, pretend = 0, frame = 0
ARM GAS  C:\Users\JohnP\AppData\Local\Temp\ccueq9Zu.s 			page 7


 143              		@ frame_needed = 0, uses_anonymous_args = 0
 144              		.loc 1 200 0
 145 0000 08B5     		push	{r3, lr}
 146              		.cfi_def_cfa_offset 8
 147              		.cfi_offset 3, -8
 148              		.cfi_offset 14, -4
 201:.\Generated_Source\PSoC5/CapSense_SMS_Wrapper.c **** 	CapSense_SetAnalogSwitchesSource(CapSense_ANALOG_SWITCHES_SRC_PRS);
 149              		.loc 1 201 0
 150 0002 0220     		movs	r0, #2
 151 0004 FFF7FEFF 		bl	CapSense_SetAnalogSwitchesSource
 152              	.LVL7:
 153 0008 08BD     		pop	{r3, pc}
 154              		.cfi_endproc
 155              	.LFE5:
 156              		.size	SMS_LIB_V3_50_SetAnalogSwitchesSrc_PRS, .-SMS_LIB_V3_50_SetAnalogSwitchesSrc_PRS
 157 000a 00BF     		.section	.text.SMS_LIB_V3_50_SetAnalogSwitchesSrc_Prescaler,"ax",%progbits
 158              		.align	2
 159              		.global	SMS_LIB_V3_50_SetAnalogSwitchesSrc_Prescaler
 160              		.thumb
 161              		.thumb_func
 162              		.type	SMS_LIB_V3_50_SetAnalogSwitchesSrc_Prescaler, %function
 163              	SMS_LIB_V3_50_SetAnalogSwitchesSrc_Prescaler:
 164              	.LFB6:
 202:.\Generated_Source\PSoC5/CapSense_SMS_Wrapper.c **** }
 203:.\Generated_Source\PSoC5/CapSense_SMS_Wrapper.c **** 
 204:.\Generated_Source\PSoC5/CapSense_SMS_Wrapper.c **** void SMS_LIB_V3_50_SetAnalogSwitchesSrc_Prescaler(void) 
 205:.\Generated_Source\PSoC5/CapSense_SMS_Wrapper.c **** {
 165              		.loc 1 205 0
 166              		.cfi_startproc
 167              		@ args = 0, pretend = 0, frame = 0
 168              		@ frame_needed = 0, uses_anonymous_args = 0
 169 0000 08B5     		push	{r3, lr}
 170              		.cfi_def_cfa_offset 8
 171              		.cfi_offset 3, -8
 172              		.cfi_offset 14, -4
 206:.\Generated_Source\PSoC5/CapSense_SMS_Wrapper.c **** 	CapSense_SetAnalogSwitchesSource(CapSense_ANALOG_SWITCHES_SRC_PRESCALER);
 173              		.loc 1 206 0
 174 0002 0120     		movs	r0, #1
 175 0004 FFF7FEFF 		bl	CapSense_SetAnalogSwitchesSource
 176              	.LVL8:
 177 0008 08BD     		pop	{r3, pc}
 178              		.cfi_endproc
 179              	.LFE6:
 180              		.size	SMS_LIB_V3_50_SetAnalogSwitchesSrc_Prescaler, .-SMS_LIB_V3_50_SetAnalogSwitchesSrc_Prescaler
 181              		.global	SMS_LIB_TotalSnsCnt_CH1
 182              		.global	SMS_LIB_TotalSnsCnt_CH0
 183              		.global	SMS_LIB_EndOfWidgInd
 184              		.global	SMS_LIB_TotalScanSlCnt
 185              		.global	SMS_LIB_TotalSnsCnt
 186              		.global	SMS_LIB_Var2
 187              		.global	SMS_LIB_Var1
 188              		.comm	SMS_LIB_Table9,3,4
 189              		.comm	SMS_LIB_Table8,3,4
 190              		.comm	SMS_LIB_Table7,7,4
 191              		.comm	SMS_LIB_Table6,7,4
 192              		.comm	SMS_LIB_Table5,14,4
 193              		.comm	SMS_LIB_Table4,14,4
ARM GAS  C:\Users\JohnP\AppData\Local\Temp\ccueq9Zu.s 			page 8


 194              		.comm	SMS_LIB_Table3,7,4
 195              		.comm	SMS_LIB_Table2,7,4
 196              		.global	SMS_LIB_PrescalerTbl
 197              		.global	SMS_LIB_SensorSensitivity
 198              		.global	SMS_LIB_SensorBaseline
 199              		.global	SMS_LIB_SensorRaw
 200              		.global	SMS_LIB_prescaler
 201              		.global	SMS_LIB_idacSettings
 202              		.global	SMS_LIB_fingerThreshold
 203              		.global	SMS_LIB_rawDataIndex
 204              		.global	SMS_LIB_numberOfSensors
 205              		.global	SMS_LIB_widgetNumber
 206              		.global	SMS_LIB_widgetResolution
 207              		.global	SMS_LIB_hysteresis
 208              		.global	SMS_LIB_noiseThreshold
 209 000a 00BF     		.section	.rodata
 210              		.align	2
 211              		.type	SMS_LIB_PrescalerTbl, %object
 212              		.size	SMS_LIB_PrescalerTbl, 32
 213              	SMS_LIB_PrescalerTbl:
 214 0000 01       		.byte	1
 215 0001 01       		.byte	1
 216 0002 01       		.byte	1
 217 0003 02       		.byte	2
 218 0004 02       		.byte	2
 219 0005 02       		.byte	2
 220 0006 03       		.byte	3
 221 0007 03       		.byte	3
 222 0008 03       		.byte	3
 223 0009 04       		.byte	4
 224 000a 04       		.byte	4
 225 000b 04       		.byte	4
 226 000c 04       		.byte	4
 227 000d 05       		.byte	5
 228 000e 05       		.byte	5
 229 000f 05       		.byte	5
 230 0010 06       		.byte	6
 231 0011 06       		.byte	6
 232 0012 06       		.byte	6
 233 0013 07       		.byte	7
 234 0014 07       		.byte	7
 235 0015 07       		.byte	7
 236 0016 08       		.byte	8
 237 0017 08       		.byte	8
 238 0018 08       		.byte	8
 239 0019 09       		.byte	9
 240 001a 09       		.byte	9
 241 001b 09       		.byte	9
 242 001c 09       		.byte	9
 243 001d 0A       		.byte	10
 244 001e 0A       		.byte	10
 245 001f 0A       		.byte	10
 246              		.type	SMS_LIB_SensorSensitivity, %object
 247              		.size	SMS_LIB_SensorSensitivity, 7
 248              	SMS_LIB_SensorSensitivity:
 249 0020 04       		.byte	4
 250 0021 04       		.byte	4
ARM GAS  C:\Users\JohnP\AppData\Local\Temp\ccueq9Zu.s 			page 9


 251 0022 02       		.byte	2
 252 0023 02       		.byte	2
 253 0024 02       		.byte	2
 254 0025 02       		.byte	2
 255 0026 02       		.byte	2
 256 0027 00       		.data
 257              		.align	2
 258              		.type	SMS_LIB_EndOfWidgInd, %object
 259              		.size	SMS_LIB_EndOfWidgInd, 1
 260              	SMS_LIB_EndOfWidgInd:
 261 0000 03       		.byte	3
 262              		.type	SMS_LIB_TotalScanSlCnt, %object
 263              		.size	SMS_LIB_TotalScanSlCnt, 1
 264              	SMS_LIB_TotalScanSlCnt:
 265 0001 07       		.byte	7
 266              		.type	SMS_LIB_TotalSnsCnt, %object
 267              		.size	SMS_LIB_TotalSnsCnt, 1
 268              	SMS_LIB_TotalSnsCnt:
 269 0002 07       		.byte	7
 270 0003 00       		.space	1
 271              		.type	SMS_LIB_Var2, %object
 272              		.size	SMS_LIB_Var2, 2
 273              	SMS_LIB_Var2:
 274 0004 C22D     		.short	11714
 275              		.type	SMS_LIB_Var1, %object
 276              		.size	SMS_LIB_Var1, 1
 277              	SMS_LIB_Var1:
 278 0006 0A       		.byte	10
 279 0007 00       		.space	1
 280              		.type	SMS_LIB_SensorBaseline, %object
 281              		.size	SMS_LIB_SensorBaseline, 4
 282              	SMS_LIB_SensorBaseline:
 283 0008 00000000 		.word	CapSense_sensorBaseline
 284              		.type	SMS_LIB_SensorRaw, %object
 285              		.size	SMS_LIB_SensorRaw, 4
 286              	SMS_LIB_SensorRaw:
 287 000c 00000000 		.word	CapSense_sensorRaw
 288              		.type	SMS_LIB_prescaler, %object
 289              		.size	SMS_LIB_prescaler, 4
 290              	SMS_LIB_prescaler:
 291 0010 00000000 		.word	CapSense_analogSwitchDivider
 292              		.type	SMS_LIB_idacSettings, %object
 293              		.size	SMS_LIB_idacSettings, 4
 294              	SMS_LIB_idacSettings:
 295 0014 00000000 		.word	CapSense_idacSettings
 296              		.type	SMS_LIB_fingerThreshold, %object
 297              		.size	SMS_LIB_fingerThreshold, 4
 298              	SMS_LIB_fingerThreshold:
 299 0018 00000000 		.word	CapSense_fingerThreshold
 300              		.type	SMS_LIB_rawDataIndex, %object
 301              		.size	SMS_LIB_rawDataIndex, 4
 302              	SMS_LIB_rawDataIndex:
 303 001c 00000000 		.word	CapSense_rawDataIndex
 304              		.type	SMS_LIB_numberOfSensors, %object
 305              		.size	SMS_LIB_numberOfSensors, 4
 306              	SMS_LIB_numberOfSensors:
 307 0020 00000000 		.word	CapSense_numberOfSensors
ARM GAS  C:\Users\JohnP\AppData\Local\Temp\ccueq9Zu.s 			page 10


 308              		.type	SMS_LIB_widgetNumber, %object
 309              		.size	SMS_LIB_widgetNumber, 4
 310              	SMS_LIB_widgetNumber:
 311 0024 00000000 		.word	CapSense_widgetNumber
 312              		.type	SMS_LIB_widgetResolution, %object
 313              		.size	SMS_LIB_widgetResolution, 4
 314              	SMS_LIB_widgetResolution:
 315 0028 00000000 		.word	CapSense_widgetResolution
 316              		.type	SMS_LIB_hysteresis, %object
 317              		.size	SMS_LIB_hysteresis, 4
 318              	SMS_LIB_hysteresis:
 319 002c 00000000 		.word	CapSense_hysteresis
 320              		.type	SMS_LIB_noiseThreshold, %object
 321              		.size	SMS_LIB_noiseThreshold, 4
 322              	SMS_LIB_noiseThreshold:
 323 0030 00000000 		.word	CapSense_noiseThreshold
 324              		.bss
 325              		.type	SMS_LIB_TotalSnsCnt_CH1, %object
 326              		.size	SMS_LIB_TotalSnsCnt_CH1, 1
 327              	SMS_LIB_TotalSnsCnt_CH1:
 328 0000 00       		.space	1
 329              		.type	SMS_LIB_TotalSnsCnt_CH0, %object
 330              		.size	SMS_LIB_TotalSnsCnt_CH0, 1
 331              	SMS_LIB_TotalSnsCnt_CH0:
 332 0001 00       		.space	1
 333              		.text
 334              	.Letext0:
 335              		.file 2 ".\\Generated_Source\\PSoC5\\cytypes.h"
 336              		.file 3 ".\\Generated_Source\\PSoC5\\CapSense.h"
 337              		.file 4 ".\\Generated_Source\\PSoC5\\CapSense_CSHL.h"
 338              		.section	.debug_info,"",%progbits
 339              	.Ldebug_info0:
 340 0000 B0040000 		.4byte	0x4b0
 341 0004 0400     		.2byte	0x4
 342 0006 00000000 		.4byte	.Ldebug_abbrev0
 343 000a 04       		.byte	0x4
 344 000b 01       		.uleb128 0x1
 345 000c 66000000 		.4byte	.LASF64
 346 0010 01       		.byte	0x1
 347 0011 2D040000 		.4byte	.LASF65
 348 0015 16020000 		.4byte	.LASF66
 349 0019 00000000 		.4byte	.Ldebug_ranges0+0
 350 001d 00000000 		.4byte	0
 351 0021 00000000 		.4byte	.Ldebug_line0
 352 0025 02       		.uleb128 0x2
 353 0026 01       		.byte	0x1
 354 0027 06       		.byte	0x6
 355 0028 99010000 		.4byte	.LASF0
 356 002c 02       		.uleb128 0x2
 357 002d 01       		.byte	0x1
 358 002e 08       		.byte	0x8
 359 002f C1030000 		.4byte	.LASF1
 360 0033 02       		.uleb128 0x2
 361 0034 02       		.byte	0x2
 362 0035 05       		.byte	0x5
 363 0036 F8030000 		.4byte	.LASF2
 364 003a 02       		.uleb128 0x2
ARM GAS  C:\Users\JohnP\AppData\Local\Temp\ccueq9Zu.s 			page 11


 365 003b 02       		.byte	0x2
 366 003c 07       		.byte	0x7
 367 003d 8D020000 		.4byte	.LASF3
 368 0041 02       		.uleb128 0x2
 369 0042 04       		.byte	0x4
 370 0043 05       		.byte	0x5
 371 0044 D3010000 		.4byte	.LASF4
 372 0048 02       		.uleb128 0x2
 373 0049 04       		.byte	0x4
 374 004a 07       		.byte	0x7
 375 004b 7B020000 		.4byte	.LASF5
 376 004f 02       		.uleb128 0x2
 377 0050 08       		.byte	0x8
 378 0051 05       		.byte	0x5
 379 0052 8B010000 		.4byte	.LASF6
 380 0056 02       		.uleb128 0x2
 381 0057 08       		.byte	0x8
 382 0058 07       		.byte	0x7
 383 0059 61010000 		.4byte	.LASF7
 384 005d 03       		.uleb128 0x3
 385 005e 04       		.byte	0x4
 386 005f 05       		.byte	0x5
 387 0060 696E7400 		.ascii	"int\000"
 388 0064 02       		.uleb128 0x2
 389 0065 04       		.byte	0x4
 390 0066 07       		.byte	0x7
 391 0067 6E020000 		.4byte	.LASF8
 392 006b 04       		.uleb128 0x4
 393 006c DC010000 		.4byte	.LASF9
 394 0070 02       		.byte	0x2
 395 0071 B4       		.byte	0xb4
 396 0072 2C000000 		.4byte	0x2c
 397 0076 04       		.uleb128 0x4
 398 0077 00000000 		.4byte	.LASF10
 399 007b 02       		.byte	0x2
 400 007c B5       		.byte	0xb5
 401 007d 3A000000 		.4byte	0x3a
 402 0081 02       		.uleb128 0x2
 403 0082 04       		.byte	0x4
 404 0083 04       		.byte	0x4
 405 0084 B1030000 		.4byte	.LASF11
 406 0088 02       		.uleb128 0x2
 407 0089 08       		.byte	0x8
 408 008a 04       		.byte	0x4
 409 008b E2010000 		.4byte	.LASF12
 410 008f 02       		.uleb128 0x2
 411 0090 01       		.byte	0x1
 412 0091 08       		.byte	0x8
 413 0092 DC040000 		.4byte	.LASF13
 414 0096 02       		.uleb128 0x2
 415 0097 04       		.byte	0x4
 416 0098 07       		.byte	0x7
 417 0099 32030000 		.4byte	.LASF14
 418 009d 05       		.uleb128 0x5
 419 009e 7F040000 		.4byte	.LASF15
 420 00a2 01       		.byte	0x1
 421 00a3 6A       		.byte	0x6a
ARM GAS  C:\Users\JohnP\AppData\Local\Temp\ccueq9Zu.s 			page 12


 422 00a4 00000000 		.4byte	.LFB0
 423 00a8 08000000 		.4byte	.LFE0-.LFB0
 424 00ac 01       		.uleb128 0x1
 425 00ad 9C       		.byte	0x9c
 426 00ae CB000000 		.4byte	0xcb
 427 00b2 06       		.uleb128 0x6
 428 00b3 C6010000 		.4byte	.LASF17
 429 00b7 01       		.byte	0x1
 430 00b8 6A       		.byte	0x6a
 431 00b9 6B000000 		.4byte	0x6b
 432 00bd 00000000 		.4byte	.LLST0
 433 00c1 07       		.uleb128 0x7
 434 00c2 06000000 		.4byte	.LVL1
 435 00c6 72040000 		.4byte	0x472
 436 00ca 00       		.byte	0
 437 00cb 08       		.uleb128 0x8
 438 00cc CF030000 		.4byte	.LASF67
 439 00d0 01       		.byte	0x1
 440 00d1 7D       		.byte	0x7d
 441 00d2 6B000000 		.4byte	0x6b
 442 00d6 00000000 		.4byte	.LFB1
 443 00da 08000000 		.4byte	.LFE1-.LFB1
 444 00de 01       		.uleb128 0x1
 445 00df 9C       		.byte	0x9c
 446 00e0 EE000000 		.4byte	0xee
 447 00e4 07       		.uleb128 0x7
 448 00e5 06000000 		.4byte	.LVL2
 449 00e9 83040000 		.4byte	0x483
 450 00ed 00       		.byte	0
 451 00ee 05       		.uleb128 0x5
 452 00ef B5020000 		.4byte	.LASF16
 453 00f3 01       		.byte	0x1
 454 00f4 94       		.byte	0x94
 455 00f5 00000000 		.4byte	.LFB2
 456 00f9 08000000 		.4byte	.LFE2-.LFB2
 457 00fd 01       		.uleb128 0x1
 458 00fe 9C       		.byte	0x9c
 459 00ff 1C010000 		.4byte	0x11c
 460 0103 06       		.uleb128 0x6
 461 0104 C6010000 		.4byte	.LASF17
 462 0108 01       		.byte	0x1
 463 0109 94       		.byte	0x94
 464 010a 6B000000 		.4byte	0x6b
 465 010e 21000000 		.4byte	.LLST1
 466 0112 07       		.uleb128 0x7
 467 0113 06000000 		.4byte	.LVL4
 468 0117 8E040000 		.4byte	0x48e
 469 011b 00       		.byte	0
 470 011c 05       		.uleb128 0x5
 471 011d D2020000 		.4byte	.LASF18
 472 0121 01       		.byte	0x1
 473 0122 AB       		.byte	0xab
 474 0123 00000000 		.4byte	.LFB3
 475 0127 08000000 		.4byte	.LFE3-.LFB3
 476 012b 01       		.uleb128 0x1
 477 012c 9C       		.byte	0x9c
 478 012d 3B010000 		.4byte	0x13b
ARM GAS  C:\Users\JohnP\AppData\Local\Temp\ccueq9Zu.s 			page 13


 479 0131 07       		.uleb128 0x7
 480 0132 06000000 		.4byte	.LVL5
 481 0136 9F040000 		.4byte	0x49f
 482 013a 00       		.byte	0
 483 013b 05       		.uleb128 0x5
 484 013c 9E050000 		.4byte	.LASF19
 485 0140 01       		.byte	0x1
 486 0141 C2       		.byte	0xc2
 487 0142 00000000 		.4byte	.LFB4
 488 0146 02000000 		.4byte	.LFE4-.LFB4
 489 014a 01       		.uleb128 0x1
 490 014b 9C       		.byte	0x9c
 491 014c 60010000 		.4byte	0x160
 492 0150 06       		.uleb128 0x6
 493 0151 B7030000 		.4byte	.LASF20
 494 0155 01       		.byte	0x1
 495 0156 C2       		.byte	0xc2
 496 0157 6B000000 		.4byte	0x6b
 497 015b 42000000 		.4byte	.LLST2
 498 015f 00       		.byte	0
 499 0160 05       		.uleb128 0x5
 500 0161 E2000000 		.4byte	.LASF21
 501 0165 01       		.byte	0x1
 502 0166 C7       		.byte	0xc7
 503 0167 00000000 		.4byte	.LFB5
 504 016b 0A000000 		.4byte	.LFE5-.LFB5
 505 016f 01       		.uleb128 0x1
 506 0170 9C       		.byte	0x9c
 507 0171 85010000 		.4byte	0x185
 508 0175 09       		.uleb128 0x9
 509 0176 08000000 		.4byte	.LVL7
 510 017a A6040000 		.4byte	0x4a6
 511 017e 0A       		.uleb128 0xa
 512 017f 01       		.uleb128 0x1
 513 0180 50       		.byte	0x50
 514 0181 01       		.uleb128 0x1
 515 0182 32       		.byte	0x32
 516 0183 00       		.byte	0
 517 0184 00       		.byte	0
 518 0185 05       		.uleb128 0x5
 519 0186 07050000 		.4byte	.LASF22
 520 018a 01       		.byte	0x1
 521 018b CC       		.byte	0xcc
 522 018c 00000000 		.4byte	.LFB6
 523 0190 0A000000 		.4byte	.LFE6-.LFB6
 524 0194 01       		.uleb128 0x1
 525 0195 9C       		.byte	0x9c
 526 0196 AA010000 		.4byte	0x1aa
 527 019a 09       		.uleb128 0x9
 528 019b 08000000 		.4byte	.LVL8
 529 019f A6040000 		.4byte	0x4a6
 530 01a3 0A       		.uleb128 0xa
 531 01a4 01       		.uleb128 0x1
 532 01a5 50       		.byte	0x50
 533 01a6 01       		.uleb128 0x1
 534 01a7 31       		.byte	0x31
 535 01a8 00       		.byte	0
ARM GAS  C:\Users\JohnP\AppData\Local\Temp\ccueq9Zu.s 			page 14


 536 01a9 00       		.byte	0
 537 01aa 0B       		.uleb128 0xb
 538 01ab 76000000 		.4byte	0x76
 539 01af BA010000 		.4byte	0x1ba
 540 01b3 0C       		.uleb128 0xc
 541 01b4 96000000 		.4byte	0x96
 542 01b8 06       		.byte	0x6
 543 01b9 00       		.byte	0
 544 01ba 0D       		.uleb128 0xd
 545 01bb 8B050000 		.4byte	.LASF23
 546 01bf 03       		.byte	0x3
 547 01c0 BF02     		.2byte	0x2bf
 548 01c2 AA010000 		.4byte	0x1aa
 549 01c6 0B       		.uleb128 0xb
 550 01c7 6B000000 		.4byte	0x6b
 551 01cb D6010000 		.4byte	0x1d6
 552 01cf 0C       		.uleb128 0xc
 553 01d0 96000000 		.4byte	0x96
 554 01d4 06       		.byte	0x6
 555 01d5 00       		.byte	0
 556 01d6 0D       		.uleb128 0xd
 557 01d7 E9010000 		.4byte	.LASF24
 558 01db 04       		.byte	0x4
 559 01dc 0601     		.2byte	0x106
 560 01de E2010000 		.4byte	0x1e2
 561 01e2 0E       		.uleb128 0xe
 562 01e3 C6010000 		.4byte	0x1c6
 563 01e7 0D       		.uleb128 0xd
 564 01e8 B5040000 		.4byte	.LASF25
 565 01ec 04       		.byte	0x4
 566 01ed 0801     		.2byte	0x108
 567 01ef AA010000 		.4byte	0x1aa
 568 01f3 0B       		.uleb128 0xb
 569 01f4 6B000000 		.4byte	0x6b
 570 01f8 03020000 		.4byte	0x203
 571 01fc 0C       		.uleb128 0xc
 572 01fd 96000000 		.4byte	0x96
 573 0201 02       		.byte	0x2
 574 0202 00       		.byte	0
 575 0203 0F       		.uleb128 0xf
 576 0204 3B030000 		.4byte	.LASF26
 577 0208 01       		.byte	0x1
 578 0209 17       		.byte	0x17
 579 020a F3010000 		.4byte	0x1f3
 580 020e 0F       		.uleb128 0xf
 581 020f 34000000 		.4byte	.LASF27
 582 0213 01       		.byte	0x1
 583 0214 18       		.byte	0x18
 584 0215 F3010000 		.4byte	0x1f3
 585 0219 0F       		.uleb128 0xf
 586 021a DE030000 		.4byte	.LASF28
 587 021e 01       		.byte	0x1
 588 021f 19       		.byte	0x19
 589 0220 F3010000 		.4byte	0x1f3
 590 0224 0F       		.uleb128 0xf
 591 0225 F5050000 		.4byte	.LASF29
 592 0229 01       		.byte	0x1
ARM GAS  C:\Users\JohnP\AppData\Local\Temp\ccueq9Zu.s 			page 15


 593 022a 1A       		.byte	0x1a
 594 022b 2F020000 		.4byte	0x22f
 595 022f 0E       		.uleb128 0xe
 596 0230 F3010000 		.4byte	0x1f3
 597 0234 0F       		.uleb128 0xf
 598 0235 17040000 		.4byte	.LASF30
 599 0239 01       		.byte	0x1
 600 023a 1B       		.byte	0x1b
 601 023b 3F020000 		.4byte	0x23f
 602 023f 0E       		.uleb128 0xe
 603 0240 F3010000 		.4byte	0x1f3
 604 0244 0F       		.uleb128 0xf
 605 0245 82030000 		.4byte	.LASF31
 606 0249 01       		.byte	0x1
 607 024a 1D       		.byte	0x1d
 608 024b F3010000 		.4byte	0x1f3
 609 024f 0F       		.uleb128 0xf
 610 0250 9B030000 		.4byte	.LASF32
 611 0254 01       		.byte	0x1
 612 0255 1E       		.byte	0x1e
 613 0256 C6010000 		.4byte	0x1c6
 614 025a 0F       		.uleb128 0xf
 615 025b FE020000 		.4byte	.LASF33
 616 025f 01       		.byte	0x1
 617 0260 1F       		.byte	0x1f
 618 0261 C6010000 		.4byte	0x1c6
 619 0265 10       		.uleb128 0x10
 620 0266 1B030000 		.4byte	.LASF34
 621 026a 01       		.byte	0x1
 622 026b 25       		.byte	0x25
 623 026c 76020000 		.4byte	0x276
 624 0270 05       		.uleb128 0x5
 625 0271 03       		.byte	0x3
 626 0272 00000000 		.4byte	SMS_LIB_noiseThreshold
 627 0276 11       		.uleb128 0x11
 628 0277 04       		.byte	0x4
 629 0278 6B000000 		.4byte	0x6b
 630 027c 10       		.uleb128 0x10
 631 027d 78010000 		.4byte	.LASF35
 632 0281 01       		.byte	0x1
 633 0282 26       		.byte	0x26
 634 0283 76020000 		.4byte	0x276
 635 0287 05       		.uleb128 0x5
 636 0288 03       		.byte	0x3
 637 0289 00000000 		.4byte	SMS_LIB_hysteresis
 638 028d 10       		.uleb128 0x10
 639 028e 30010000 		.4byte	.LASF36
 640 0292 01       		.byte	0x1
 641 0293 28       		.byte	0x28
 642 0294 76020000 		.4byte	0x276
 643 0298 05       		.uleb128 0x5
 644 0299 03       		.byte	0x3
 645 029a 00000000 		.4byte	SMS_LIB_widgetResolution
 646 029e 10       		.uleb128 0x10
 647 029f 09010000 		.4byte	.LASF37
 648 02a3 01       		.byte	0x1
 649 02a4 2A       		.byte	0x2a
ARM GAS  C:\Users\JohnP\AppData\Local\Temp\ccueq9Zu.s 			page 16


 650 02a5 AF020000 		.4byte	0x2af
 651 02a9 05       		.uleb128 0x5
 652 02aa 03       		.byte	0x3
 653 02ab 00000000 		.4byte	SMS_LIB_widgetNumber
 654 02af 11       		.uleb128 0x11
 655 02b0 04       		.byte	0x4
 656 02b1 B5020000 		.4byte	0x2b5
 657 02b5 0E       		.uleb128 0xe
 658 02b6 6B000000 		.4byte	0x6b
 659 02ba 10       		.uleb128 0x10
 660 02bb 49010000 		.4byte	.LASF38
 661 02bf 01       		.byte	0x1
 662 02c0 2B       		.byte	0x2b
 663 02c1 AF020000 		.4byte	0x2af
 664 02c5 05       		.uleb128 0x5
 665 02c6 03       		.byte	0x3
 666 02c7 00000000 		.4byte	SMS_LIB_numberOfSensors
 667 02cb 10       		.uleb128 0x10
 668 02cc 53030000 		.4byte	.LASF39
 669 02d0 01       		.byte	0x1
 670 02d1 2C       		.byte	0x2c
 671 02d2 AF020000 		.4byte	0x2af
 672 02d6 05       		.uleb128 0x5
 673 02d7 03       		.byte	0x3
 674 02d8 00000000 		.4byte	SMS_LIB_rawDataIndex
 675 02dc 10       		.uleb128 0x10
 676 02dd B3050000 		.4byte	.LASF40
 677 02e1 01       		.byte	0x1
 678 02e2 2E       		.byte	0x2e
 679 02e3 76020000 		.4byte	0x276
 680 02e7 05       		.uleb128 0x5
 681 02e8 03       		.byte	0x3
 682 02e9 00000000 		.4byte	SMS_LIB_fingerThreshold
 683 02ed 10       		.uleb128 0x10
 684 02ee 02040000 		.4byte	.LASF41
 685 02f2 01       		.byte	0x1
 686 02f3 2F       		.byte	0x2f
 687 02f4 76020000 		.4byte	0x276
 688 02f8 05       		.uleb128 0x5
 689 02f9 03       		.byte	0x3
 690 02fa 00000000 		.4byte	SMS_LIB_idacSettings
 691 02fe 10       		.uleb128 0x10
 692 02ff 1E010000 		.4byte	.LASF42
 693 0303 01       		.byte	0x1
 694 0304 30       		.byte	0x30
 695 0305 76020000 		.4byte	0x276
 696 0309 05       		.uleb128 0x5
 697 030a 03       		.byte	0x3
 698 030b 00000000 		.4byte	SMS_LIB_prescaler
 699 030f 10       		.uleb128 0x10
 700 0310 34050000 		.4byte	.LASF43
 701 0314 01       		.byte	0x1
 702 0315 32       		.byte	0x32
 703 0316 20030000 		.4byte	0x320
 704 031a 05       		.uleb128 0x5
 705 031b 03       		.byte	0x3
 706 031c 00000000 		.4byte	SMS_LIB_SensorRaw
ARM GAS  C:\Users\JohnP\AppData\Local\Temp\ccueq9Zu.s 			page 17


 707 0320 11       		.uleb128 0x11
 708 0321 04       		.byte	0x4
 709 0322 76000000 		.4byte	0x76
 710 0326 10       		.uleb128 0x10
 711 0327 E1040000 		.4byte	.LASF44
 712 032b 01       		.byte	0x1
 713 032c 33       		.byte	0x33
 714 032d 20030000 		.4byte	0x320
 715 0331 05       		.uleb128 0x5
 716 0332 03       		.byte	0x3
 717 0333 00000000 		.4byte	SMS_LIB_SensorBaseline
 718 0337 10       		.uleb128 0x10
 719 0338 E4020000 		.4byte	.LASF45
 720 033c 01       		.byte	0x1
 721 033d 35       		.byte	0x35
 722 033e 48030000 		.4byte	0x348
 723 0342 05       		.uleb128 0x5
 724 0343 03       		.byte	0x3
 725 0344 00000000 		.4byte	SMS_LIB_SensorSensitivity
 726 0348 0E       		.uleb128 0xe
 727 0349 C6010000 		.4byte	0x1c6
 728 034d 0B       		.uleb128 0xb
 729 034e 6B000000 		.4byte	0x6b
 730 0352 5D030000 		.4byte	0x35d
 731 0356 0C       		.uleb128 0xc
 732 0357 96000000 		.4byte	0x96
 733 035b 1F       		.byte	0x1f
 734 035c 00       		.byte	0
 735 035d 10       		.uleb128 0x10
 736 035e A0020000 		.4byte	.LASF46
 737 0362 01       		.byte	0x1
 738 0363 3A       		.byte	0x3a
 739 0364 6E030000 		.4byte	0x36e
 740 0368 05       		.uleb128 0x5
 741 0369 03       		.byte	0x3
 742 036a 00000000 		.4byte	SMS_LIB_PrescalerTbl
 743 036e 0E       		.uleb128 0xe
 744 036f 4D030000 		.4byte	0x34d
 745 0373 10       		.uleb128 0x10
 746 0374 92040000 		.4byte	.LASF47
 747 0378 01       		.byte	0x1
 748 0379 40       		.byte	0x40
 749 037a C6010000 		.4byte	0x1c6
 750 037e 05       		.uleb128 0x5
 751 037f 03       		.byte	0x3
 752 0380 00000000 		.4byte	SMS_LIB_Table2
 753 0384 10       		.uleb128 0x10
 754 0385 07000000 		.4byte	.LASF48
 755 0389 01       		.byte	0x1
 756 038a 41       		.byte	0x41
 757 038b C6010000 		.4byte	0x1c6
 758 038f 05       		.uleb128 0x5
 759 0390 03       		.byte	0x3
 760 0391 00000000 		.4byte	SMS_LIB_Table3
 761 0395 10       		.uleb128 0x10
 762 0396 16000000 		.4byte	.LASF49
 763 039a 01       		.byte	0x1
ARM GAS  C:\Users\JohnP\AppData\Local\Temp\ccueq9Zu.s 			page 18


 764 039b 42       		.byte	0x42
 765 039c AA010000 		.4byte	0x1aa
 766 03a0 05       		.uleb128 0x5
 767 03a1 03       		.byte	0x3
 768 03a2 00000000 		.4byte	SMS_LIB_Table4
 769 03a6 10       		.uleb128 0x10
 770 03a7 25000000 		.4byte	.LASF50
 771 03ab 01       		.byte	0x1
 772 03ac 43       		.byte	0x43
 773 03ad AA010000 		.4byte	0x1aa
 774 03b1 05       		.uleb128 0x5
 775 03b2 03       		.byte	0x3
 776 03b3 00000000 		.4byte	SMS_LIB_Table5
 777 03b7 10       		.uleb128 0x10
 778 03b8 CD040000 		.4byte	.LASF51
 779 03bc 01       		.byte	0x1
 780 03bd 44       		.byte	0x44
 781 03be C6010000 		.4byte	0x1c6
 782 03c2 05       		.uleb128 0x5
 783 03c3 03       		.byte	0x3
 784 03c4 00000000 		.4byte	SMS_LIB_Table6
 785 03c8 10       		.uleb128 0x10
 786 03c9 48000000 		.4byte	.LASF52
 787 03cd 01       		.byte	0x1
 788 03ce 45       		.byte	0x45
 789 03cf C6010000 		.4byte	0x1c6
 790 03d3 05       		.uleb128 0x5
 791 03d4 03       		.byte	0x3
 792 03d5 00000000 		.4byte	SMS_LIB_Table7
 793 03d9 10       		.uleb128 0x10
 794 03da 57000000 		.4byte	.LASF53
 795 03de 01       		.byte	0x1
 796 03df 47       		.byte	0x47
 797 03e0 F3010000 		.4byte	0x1f3
 798 03e4 05       		.uleb128 0x5
 799 03e5 03       		.byte	0x3
 800 03e6 00000000 		.4byte	SMS_LIB_Table8
 801 03ea 10       		.uleb128 0x10
 802 03eb F8040000 		.4byte	.LASF54
 803 03ef 01       		.byte	0x1
 804 03f0 48       		.byte	0x48
 805 03f1 F3010000 		.4byte	0x1f3
 806 03f5 05       		.uleb128 0x5
 807 03f6 03       		.byte	0x3
 808 03f7 00000000 		.4byte	SMS_LIB_Table9
 809 03fb 10       		.uleb128 0x10
 810 03fc CB050000 		.4byte	.LASF55
 811 0400 01       		.byte	0x1
 812 0401 4A       		.byte	0x4a
 813 0402 6B000000 		.4byte	0x6b
 814 0406 05       		.uleb128 0x5
 815 0407 03       		.byte	0x3
 816 0408 00000000 		.4byte	SMS_LIB_Var1
 817 040c 10       		.uleb128 0x10
 818 040d D8050000 		.4byte	.LASF56
 819 0411 01       		.byte	0x1
 820 0412 4B       		.byte	0x4b
ARM GAS  C:\Users\JohnP\AppData\Local\Temp\ccueq9Zu.s 			page 19


 821 0413 76000000 		.4byte	0x76
 822 0417 05       		.uleb128 0x5
 823 0418 03       		.byte	0x3
 824 0419 00000000 		.4byte	SMS_LIB_Var2
 825 041d 10       		.uleb128 0x10
 826 041e A1040000 		.4byte	.LASF57
 827 0422 01       		.byte	0x1
 828 0423 4D       		.byte	0x4d
 829 0424 6B000000 		.4byte	0x6b
 830 0428 05       		.uleb128 0x5
 831 0429 03       		.byte	0x3
 832 042a 00000000 		.4byte	SMS_LIB_TotalSnsCnt
 833 042e 10       		.uleb128 0x10
 834 042f FF010000 		.4byte	.LASF58
 835 0433 01       		.byte	0x1
 836 0434 4E       		.byte	0x4e
 837 0435 6B000000 		.4byte	0x6b
 838 0439 05       		.uleb128 0x5
 839 043a 03       		.byte	0x3
 840 043b 00000000 		.4byte	SMS_LIB_TotalScanSlCnt
 841 043f 10       		.uleb128 0x10
 842 0440 76050000 		.4byte	.LASF59
 843 0444 01       		.byte	0x1
 844 0445 4F       		.byte	0x4f
 845 0446 6B000000 		.4byte	0x6b
 846 044a 05       		.uleb128 0x5
 847 044b 03       		.byte	0x3
 848 044c 00000000 		.4byte	SMS_LIB_EndOfWidgInd
 849 0450 10       		.uleb128 0x10
 850 0451 46050000 		.4byte	.LASF60
 851 0455 01       		.byte	0x1
 852 0456 55       		.byte	0x55
 853 0457 6B000000 		.4byte	0x6b
 854 045b 05       		.uleb128 0x5
 855 045c 03       		.byte	0x3
 856 045d 00000000 		.4byte	SMS_LIB_TotalSnsCnt_CH0
 857 0461 10       		.uleb128 0x10
 858 0462 5E050000 		.4byte	.LASF61
 859 0466 01       		.byte	0x1
 860 0467 56       		.byte	0x56
 861 0468 6B000000 		.4byte	0x6b
 862 046c 05       		.uleb128 0x5
 863 046d 03       		.byte	0x3
 864 046e 00000000 		.4byte	SMS_LIB_TotalSnsCnt_CH1
 865 0472 12       		.uleb128 0x12
 866 0473 5A020000 		.4byte	.LASF62
 867 0477 03       		.byte	0x3
 868 0478 9A       		.byte	0x9a
 869 0479 83040000 		.4byte	0x483
 870 047d 13       		.uleb128 0x13
 871 047e 6B000000 		.4byte	0x6b
 872 0482 00       		.byte	0
 873 0483 14       		.uleb128 0x14
 874 0484 E5050000 		.4byte	.LASF68
 875 0488 03       		.byte	0x3
 876 0489 99       		.byte	0x99
 877 048a 6B000000 		.4byte	0x6b
ARM GAS  C:\Users\JohnP\AppData\Local\Temp\ccueq9Zu.s 			page 20


 878 048e 12       		.uleb128 0x12
 879 048f 5D040000 		.4byte	.LASF63
 880 0493 01       		.byte	0x1
 881 0494 21       		.byte	0x21
 882 0495 9F040000 		.4byte	0x49f
 883 0499 13       		.uleb128 0x13
 884 049a 6B000000 		.4byte	0x6b
 885 049e 00       		.byte	0
 886 049f 15       		.uleb128 0x15
 887 04a0 68030000 		.4byte	.LASF69
 888 04a4 01       		.byte	0x1
 889 04a5 22       		.byte	0x22
 890 04a6 16       		.uleb128 0x16
 891 04a7 A5010000 		.4byte	.LASF70
 892 04ab 03       		.byte	0x3
 893 04ac A2       		.byte	0xa2
 894 04ad 13       		.uleb128 0x13
 895 04ae 6B000000 		.4byte	0x6b
 896 04b2 00       		.byte	0
 897 04b3 00       		.byte	0
 898              		.section	.debug_abbrev,"",%progbits
 899              	.Ldebug_abbrev0:
 900 0000 01       		.uleb128 0x1
 901 0001 11       		.uleb128 0x11
 902 0002 01       		.byte	0x1
 903 0003 25       		.uleb128 0x25
 904 0004 0E       		.uleb128 0xe
 905 0005 13       		.uleb128 0x13
 906 0006 0B       		.uleb128 0xb
 907 0007 03       		.uleb128 0x3
 908 0008 0E       		.uleb128 0xe
 909 0009 1B       		.uleb128 0x1b
 910 000a 0E       		.uleb128 0xe
 911 000b 55       		.uleb128 0x55
 912 000c 17       		.uleb128 0x17
 913 000d 11       		.uleb128 0x11
 914 000e 01       		.uleb128 0x1
 915 000f 10       		.uleb128 0x10
 916 0010 17       		.uleb128 0x17
 917 0011 00       		.byte	0
 918 0012 00       		.byte	0
 919 0013 02       		.uleb128 0x2
 920 0014 24       		.uleb128 0x24
 921 0015 00       		.byte	0
 922 0016 0B       		.uleb128 0xb
 923 0017 0B       		.uleb128 0xb
 924 0018 3E       		.uleb128 0x3e
 925 0019 0B       		.uleb128 0xb
 926 001a 03       		.uleb128 0x3
 927 001b 0E       		.uleb128 0xe
 928 001c 00       		.byte	0
 929 001d 00       		.byte	0
 930 001e 03       		.uleb128 0x3
 931 001f 24       		.uleb128 0x24
 932 0020 00       		.byte	0
 933 0021 0B       		.uleb128 0xb
 934 0022 0B       		.uleb128 0xb
ARM GAS  C:\Users\JohnP\AppData\Local\Temp\ccueq9Zu.s 			page 21


 935 0023 3E       		.uleb128 0x3e
 936 0024 0B       		.uleb128 0xb
 937 0025 03       		.uleb128 0x3
 938 0026 08       		.uleb128 0x8
 939 0027 00       		.byte	0
 940 0028 00       		.byte	0
 941 0029 04       		.uleb128 0x4
 942 002a 16       		.uleb128 0x16
 943 002b 00       		.byte	0
 944 002c 03       		.uleb128 0x3
 945 002d 0E       		.uleb128 0xe
 946 002e 3A       		.uleb128 0x3a
 947 002f 0B       		.uleb128 0xb
 948 0030 3B       		.uleb128 0x3b
 949 0031 0B       		.uleb128 0xb
 950 0032 49       		.uleb128 0x49
 951 0033 13       		.uleb128 0x13
 952 0034 00       		.byte	0
 953 0035 00       		.byte	0
 954 0036 05       		.uleb128 0x5
 955 0037 2E       		.uleb128 0x2e
 956 0038 01       		.byte	0x1
 957 0039 3F       		.uleb128 0x3f
 958 003a 19       		.uleb128 0x19
 959 003b 03       		.uleb128 0x3
 960 003c 0E       		.uleb128 0xe
 961 003d 3A       		.uleb128 0x3a
 962 003e 0B       		.uleb128 0xb
 963 003f 3B       		.uleb128 0x3b
 964 0040 0B       		.uleb128 0xb
 965 0041 27       		.uleb128 0x27
 966 0042 19       		.uleb128 0x19
 967 0043 11       		.uleb128 0x11
 968 0044 01       		.uleb128 0x1
 969 0045 12       		.uleb128 0x12
 970 0046 06       		.uleb128 0x6
 971 0047 40       		.uleb128 0x40
 972 0048 18       		.uleb128 0x18
 973 0049 9742     		.uleb128 0x2117
 974 004b 19       		.uleb128 0x19
 975 004c 01       		.uleb128 0x1
 976 004d 13       		.uleb128 0x13
 977 004e 00       		.byte	0
 978 004f 00       		.byte	0
 979 0050 06       		.uleb128 0x6
 980 0051 05       		.uleb128 0x5
 981 0052 00       		.byte	0
 982 0053 03       		.uleb128 0x3
 983 0054 0E       		.uleb128 0xe
 984 0055 3A       		.uleb128 0x3a
 985 0056 0B       		.uleb128 0xb
 986 0057 3B       		.uleb128 0x3b
 987 0058 0B       		.uleb128 0xb
 988 0059 49       		.uleb128 0x49
 989 005a 13       		.uleb128 0x13
 990 005b 02       		.uleb128 0x2
 991 005c 17       		.uleb128 0x17
ARM GAS  C:\Users\JohnP\AppData\Local\Temp\ccueq9Zu.s 			page 22


 992 005d 00       		.byte	0
 993 005e 00       		.byte	0
 994 005f 07       		.uleb128 0x7
 995 0060 898201   		.uleb128 0x4109
 996 0063 00       		.byte	0
 997 0064 11       		.uleb128 0x11
 998 0065 01       		.uleb128 0x1
 999 0066 31       		.uleb128 0x31
 1000 0067 13       		.uleb128 0x13
 1001 0068 00       		.byte	0
 1002 0069 00       		.byte	0
 1003 006a 08       		.uleb128 0x8
 1004 006b 2E       		.uleb128 0x2e
 1005 006c 01       		.byte	0x1
 1006 006d 3F       		.uleb128 0x3f
 1007 006e 19       		.uleb128 0x19
 1008 006f 03       		.uleb128 0x3
 1009 0070 0E       		.uleb128 0xe
 1010 0071 3A       		.uleb128 0x3a
 1011 0072 0B       		.uleb128 0xb
 1012 0073 3B       		.uleb128 0x3b
 1013 0074 0B       		.uleb128 0xb
 1014 0075 27       		.uleb128 0x27
 1015 0076 19       		.uleb128 0x19
 1016 0077 49       		.uleb128 0x49
 1017 0078 13       		.uleb128 0x13
 1018 0079 11       		.uleb128 0x11
 1019 007a 01       		.uleb128 0x1
 1020 007b 12       		.uleb128 0x12
 1021 007c 06       		.uleb128 0x6
 1022 007d 40       		.uleb128 0x40
 1023 007e 18       		.uleb128 0x18
 1024 007f 9742     		.uleb128 0x2117
 1025 0081 19       		.uleb128 0x19
 1026 0082 01       		.uleb128 0x1
 1027 0083 13       		.uleb128 0x13
 1028 0084 00       		.byte	0
 1029 0085 00       		.byte	0
 1030 0086 09       		.uleb128 0x9
 1031 0087 898201   		.uleb128 0x4109
 1032 008a 01       		.byte	0x1
 1033 008b 11       		.uleb128 0x11
 1034 008c 01       		.uleb128 0x1
 1035 008d 31       		.uleb128 0x31
 1036 008e 13       		.uleb128 0x13
 1037 008f 00       		.byte	0
 1038 0090 00       		.byte	0
 1039 0091 0A       		.uleb128 0xa
 1040 0092 8A8201   		.uleb128 0x410a
 1041 0095 00       		.byte	0
 1042 0096 02       		.uleb128 0x2
 1043 0097 18       		.uleb128 0x18
 1044 0098 9142     		.uleb128 0x2111
 1045 009a 18       		.uleb128 0x18
 1046 009b 00       		.byte	0
 1047 009c 00       		.byte	0
 1048 009d 0B       		.uleb128 0xb
ARM GAS  C:\Users\JohnP\AppData\Local\Temp\ccueq9Zu.s 			page 23


 1049 009e 01       		.uleb128 0x1
 1050 009f 01       		.byte	0x1
 1051 00a0 49       		.uleb128 0x49
 1052 00a1 13       		.uleb128 0x13
 1053 00a2 01       		.uleb128 0x1
 1054 00a3 13       		.uleb128 0x13
 1055 00a4 00       		.byte	0
 1056 00a5 00       		.byte	0
 1057 00a6 0C       		.uleb128 0xc
 1058 00a7 21       		.uleb128 0x21
 1059 00a8 00       		.byte	0
 1060 00a9 49       		.uleb128 0x49
 1061 00aa 13       		.uleb128 0x13
 1062 00ab 2F       		.uleb128 0x2f
 1063 00ac 0B       		.uleb128 0xb
 1064 00ad 00       		.byte	0
 1065 00ae 00       		.byte	0
 1066 00af 0D       		.uleb128 0xd
 1067 00b0 34       		.uleb128 0x34
 1068 00b1 00       		.byte	0
 1069 00b2 03       		.uleb128 0x3
 1070 00b3 0E       		.uleb128 0xe
 1071 00b4 3A       		.uleb128 0x3a
 1072 00b5 0B       		.uleb128 0xb
 1073 00b6 3B       		.uleb128 0x3b
 1074 00b7 05       		.uleb128 0x5
 1075 00b8 49       		.uleb128 0x49
 1076 00b9 13       		.uleb128 0x13
 1077 00ba 3F       		.uleb128 0x3f
 1078 00bb 19       		.uleb128 0x19
 1079 00bc 3C       		.uleb128 0x3c
 1080 00bd 19       		.uleb128 0x19
 1081 00be 00       		.byte	0
 1082 00bf 00       		.byte	0
 1083 00c0 0E       		.uleb128 0xe
 1084 00c1 26       		.uleb128 0x26
 1085 00c2 00       		.byte	0
 1086 00c3 49       		.uleb128 0x49
 1087 00c4 13       		.uleb128 0x13
 1088 00c5 00       		.byte	0
 1089 00c6 00       		.byte	0
 1090 00c7 0F       		.uleb128 0xf
 1091 00c8 34       		.uleb128 0x34
 1092 00c9 00       		.byte	0
 1093 00ca 03       		.uleb128 0x3
 1094 00cb 0E       		.uleb128 0xe
 1095 00cc 3A       		.uleb128 0x3a
 1096 00cd 0B       		.uleb128 0xb
 1097 00ce 3B       		.uleb128 0x3b
 1098 00cf 0B       		.uleb128 0xb
 1099 00d0 49       		.uleb128 0x49
 1100 00d1 13       		.uleb128 0x13
 1101 00d2 3F       		.uleb128 0x3f
 1102 00d3 19       		.uleb128 0x19
 1103 00d4 3C       		.uleb128 0x3c
 1104 00d5 19       		.uleb128 0x19
 1105 00d6 00       		.byte	0
ARM GAS  C:\Users\JohnP\AppData\Local\Temp\ccueq9Zu.s 			page 24


 1106 00d7 00       		.byte	0
 1107 00d8 10       		.uleb128 0x10
 1108 00d9 34       		.uleb128 0x34
 1109 00da 00       		.byte	0
 1110 00db 03       		.uleb128 0x3
 1111 00dc 0E       		.uleb128 0xe
 1112 00dd 3A       		.uleb128 0x3a
 1113 00de 0B       		.uleb128 0xb
 1114 00df 3B       		.uleb128 0x3b
 1115 00e0 0B       		.uleb128 0xb
 1116 00e1 49       		.uleb128 0x49
 1117 00e2 13       		.uleb128 0x13
 1118 00e3 3F       		.uleb128 0x3f
 1119 00e4 19       		.uleb128 0x19
 1120 00e5 02       		.uleb128 0x2
 1121 00e6 18       		.uleb128 0x18
 1122 00e7 00       		.byte	0
 1123 00e8 00       		.byte	0
 1124 00e9 11       		.uleb128 0x11
 1125 00ea 0F       		.uleb128 0xf
 1126 00eb 00       		.byte	0
 1127 00ec 0B       		.uleb128 0xb
 1128 00ed 0B       		.uleb128 0xb
 1129 00ee 49       		.uleb128 0x49
 1130 00ef 13       		.uleb128 0x13
 1131 00f0 00       		.byte	0
 1132 00f1 00       		.byte	0
 1133 00f2 12       		.uleb128 0x12
 1134 00f3 2E       		.uleb128 0x2e
 1135 00f4 01       		.byte	0x1
 1136 00f5 3F       		.uleb128 0x3f
 1137 00f6 19       		.uleb128 0x19
 1138 00f7 03       		.uleb128 0x3
 1139 00f8 0E       		.uleb128 0xe
 1140 00f9 3A       		.uleb128 0x3a
 1141 00fa 0B       		.uleb128 0xb
 1142 00fb 3B       		.uleb128 0x3b
 1143 00fc 0B       		.uleb128 0xb
 1144 00fd 27       		.uleb128 0x27
 1145 00fe 19       		.uleb128 0x19
 1146 00ff 3C       		.uleb128 0x3c
 1147 0100 19       		.uleb128 0x19
 1148 0101 01       		.uleb128 0x1
 1149 0102 13       		.uleb128 0x13
 1150 0103 00       		.byte	0
 1151 0104 00       		.byte	0
 1152 0105 13       		.uleb128 0x13
 1153 0106 05       		.uleb128 0x5
 1154 0107 00       		.byte	0
 1155 0108 49       		.uleb128 0x49
 1156 0109 13       		.uleb128 0x13
 1157 010a 00       		.byte	0
 1158 010b 00       		.byte	0
 1159 010c 14       		.uleb128 0x14
 1160 010d 2E       		.uleb128 0x2e
 1161 010e 00       		.byte	0
 1162 010f 3F       		.uleb128 0x3f
ARM GAS  C:\Users\JohnP\AppData\Local\Temp\ccueq9Zu.s 			page 25


 1163 0110 19       		.uleb128 0x19
 1164 0111 03       		.uleb128 0x3
 1165 0112 0E       		.uleb128 0xe
 1166 0113 3A       		.uleb128 0x3a
 1167 0114 0B       		.uleb128 0xb
 1168 0115 3B       		.uleb128 0x3b
 1169 0116 0B       		.uleb128 0xb
 1170 0117 27       		.uleb128 0x27
 1171 0118 19       		.uleb128 0x19
 1172 0119 49       		.uleb128 0x49
 1173 011a 13       		.uleb128 0x13
 1174 011b 3C       		.uleb128 0x3c
 1175 011c 19       		.uleb128 0x19
 1176 011d 00       		.byte	0
 1177 011e 00       		.byte	0
 1178 011f 15       		.uleb128 0x15
 1179 0120 2E       		.uleb128 0x2e
 1180 0121 00       		.byte	0
 1181 0122 3F       		.uleb128 0x3f
 1182 0123 19       		.uleb128 0x19
 1183 0124 03       		.uleb128 0x3
 1184 0125 0E       		.uleb128 0xe
 1185 0126 3A       		.uleb128 0x3a
 1186 0127 0B       		.uleb128 0xb
 1187 0128 3B       		.uleb128 0x3b
 1188 0129 0B       		.uleb128 0xb
 1189 012a 27       		.uleb128 0x27
 1190 012b 19       		.uleb128 0x19
 1191 012c 3C       		.uleb128 0x3c
 1192 012d 19       		.uleb128 0x19
 1193 012e 00       		.byte	0
 1194 012f 00       		.byte	0
 1195 0130 16       		.uleb128 0x16
 1196 0131 2E       		.uleb128 0x2e
 1197 0132 01       		.byte	0x1
 1198 0133 3F       		.uleb128 0x3f
 1199 0134 19       		.uleb128 0x19
 1200 0135 03       		.uleb128 0x3
 1201 0136 0E       		.uleb128 0xe
 1202 0137 3A       		.uleb128 0x3a
 1203 0138 0B       		.uleb128 0xb
 1204 0139 3B       		.uleb128 0x3b
 1205 013a 0B       		.uleb128 0xb
 1206 013b 27       		.uleb128 0x27
 1207 013c 19       		.uleb128 0x19
 1208 013d 3C       		.uleb128 0x3c
 1209 013e 19       		.uleb128 0x19
 1210 013f 00       		.byte	0
 1211 0140 00       		.byte	0
 1212 0141 00       		.byte	0
 1213              		.section	.debug_loc,"",%progbits
 1214              	.Ldebug_loc0:
 1215              	.LLST0:
 1216 0000 00000000 		.4byte	.LVL0
 1217 0004 05000000 		.4byte	.LVL1-1
 1218 0008 0100     		.2byte	0x1
 1219 000a 50       		.byte	0x50
ARM GAS  C:\Users\JohnP\AppData\Local\Temp\ccueq9Zu.s 			page 26


 1220 000b 05000000 		.4byte	.LVL1-1
 1221 000f 08000000 		.4byte	.LFE0
 1222 0013 0400     		.2byte	0x4
 1223 0015 F3       		.byte	0xf3
 1224 0016 01       		.uleb128 0x1
 1225 0017 50       		.byte	0x50
 1226 0018 9F       		.byte	0x9f
 1227 0019 00000000 		.4byte	0
 1228 001d 00000000 		.4byte	0
 1229              	.LLST1:
 1230 0021 00000000 		.4byte	.LVL3
 1231 0025 05000000 		.4byte	.LVL4-1
 1232 0029 0100     		.2byte	0x1
 1233 002b 50       		.byte	0x50
 1234 002c 05000000 		.4byte	.LVL4-1
 1235 0030 08000000 		.4byte	.LFE2
 1236 0034 0400     		.2byte	0x4
 1237 0036 F3       		.byte	0xf3
 1238 0037 01       		.uleb128 0x1
 1239 0038 50       		.byte	0x50
 1240 0039 9F       		.byte	0x9f
 1241 003a 00000000 		.4byte	0
 1242 003e 00000000 		.4byte	0
 1243              	.LLST2:
 1244 0042 00000000 		.4byte	.LVL6
 1245 0046 00000000 		.4byte	.LVL6
 1246 004a 0100     		.2byte	0x1
 1247 004c 50       		.byte	0x50
 1248 004d 00000000 		.4byte	.LVL6
 1249 0051 02000000 		.4byte	.LFE4
 1250 0055 0400     		.2byte	0x4
 1251 0057 F3       		.byte	0xf3
 1252 0058 01       		.uleb128 0x1
 1253 0059 50       		.byte	0x50
 1254 005a 9F       		.byte	0x9f
 1255 005b 00000000 		.4byte	0
 1256 005f 00000000 		.4byte	0
 1257              		.section	.debug_aranges,"",%progbits
 1258 0000 4C000000 		.4byte	0x4c
 1259 0004 0200     		.2byte	0x2
 1260 0006 00000000 		.4byte	.Ldebug_info0
 1261 000a 04       		.byte	0x4
 1262 000b 00       		.byte	0
 1263 000c 0000     		.2byte	0
 1264 000e 0000     		.2byte	0
 1265 0010 00000000 		.4byte	.LFB0
 1266 0014 08000000 		.4byte	.LFE0-.LFB0
 1267 0018 00000000 		.4byte	.LFB1
 1268 001c 08000000 		.4byte	.LFE1-.LFB1
 1269 0020 00000000 		.4byte	.LFB2
 1270 0024 08000000 		.4byte	.LFE2-.LFB2
 1271 0028 00000000 		.4byte	.LFB3
 1272 002c 08000000 		.4byte	.LFE3-.LFB3
 1273 0030 00000000 		.4byte	.LFB4
 1274 0034 02000000 		.4byte	.LFE4-.LFB4
 1275 0038 00000000 		.4byte	.LFB5
 1276 003c 0A000000 		.4byte	.LFE5-.LFB5
ARM GAS  C:\Users\JohnP\AppData\Local\Temp\ccueq9Zu.s 			page 27


 1277 0040 00000000 		.4byte	.LFB6
 1278 0044 0A000000 		.4byte	.LFE6-.LFB6
 1279 0048 00000000 		.4byte	0
 1280 004c 00000000 		.4byte	0
 1281              		.section	.debug_ranges,"",%progbits
 1282              	.Ldebug_ranges0:
 1283 0000 00000000 		.4byte	.LFB0
 1284 0004 08000000 		.4byte	.LFE0
 1285 0008 00000000 		.4byte	.LFB1
 1286 000c 08000000 		.4byte	.LFE1
 1287 0010 00000000 		.4byte	.LFB2
 1288 0014 08000000 		.4byte	.LFE2
 1289 0018 00000000 		.4byte	.LFB3
 1290 001c 08000000 		.4byte	.LFE3
 1291 0020 00000000 		.4byte	.LFB4
 1292 0024 02000000 		.4byte	.LFE4
 1293 0028 00000000 		.4byte	.LFB5
 1294 002c 0A000000 		.4byte	.LFE5
 1295 0030 00000000 		.4byte	.LFB6
 1296 0034 0A000000 		.4byte	.LFE6
 1297 0038 00000000 		.4byte	0
 1298 003c 00000000 		.4byte	0
 1299              		.section	.debug_line,"",%progbits
 1300              	.Ldebug_line0:
 1301 0000 F2000000 		.section	.debug_str,"MS",%progbits,1
 1301      02007400 
 1301      00000201 
 1301      FB0E0D00 
 1301      01010101 
 1302              	.LASF10:
 1303 0000 75696E74 		.ascii	"uint16\000"
 1303      313600
 1304              	.LASF48:
 1305 0007 534D535F 		.ascii	"SMS_LIB_Table3\000"
 1305      4C49425F 
 1305      5461626C 
 1305      653300
 1306              	.LASF49:
 1307 0016 534D535F 		.ascii	"SMS_LIB_Table4\000"
 1307      4C49425F 
 1307      5461626C 
 1307      653400
 1308              	.LASF50:
 1309 0025 534D535F 		.ascii	"SMS_LIB_Table5\000"
 1309      4C49425F 
 1309      5461626C 
 1309      653500
 1310              	.LASF27:
 1311 0034 43617053 		.ascii	"CapSense_hysteresis\000"
 1311      656E7365 
 1311      5F687973 
 1311      74657265 
 1311      73697300 
 1312              	.LASF52:
 1313 0048 534D535F 		.ascii	"SMS_LIB_Table7\000"
 1313      4C49425F 
 1313      5461626C 
ARM GAS  C:\Users\JohnP\AppData\Local\Temp\ccueq9Zu.s 			page 28


 1313      653700
 1314              	.LASF53:
 1315 0057 534D535F 		.ascii	"SMS_LIB_Table8\000"
 1315      4C49425F 
 1315      5461626C 
 1315      653800
 1316              	.LASF64:
 1317 0066 474E5520 		.ascii	"GNU C 4.8.4 20140526 (release) [ARM/embedded-4_8-br"
 1317      4320342E 
 1317      382E3420 
 1317      32303134 
 1317      30353236 
 1318 0099 616E6368 		.ascii	"anch revision 211358] -mcpu=cortex-m3 -mthumb -g -O"
 1318      20726576 
 1318      6973696F 
 1318      6E203231 
 1318      31333538 
 1319 00cc 67202D66 		.ascii	"g -ffunction-sections\000"
 1319      66756E63 
 1319      74696F6E 
 1319      2D736563 
 1319      74696F6E 
 1320              	.LASF21:
 1321 00e2 534D535F 		.ascii	"SMS_LIB_V3_50_SetAnalogSwitchesSrc_PRS\000"
 1321      4C49425F 
 1321      56335F35 
 1321      305F5365 
 1321      74416E61 
 1322              	.LASF37:
 1323 0109 534D535F 		.ascii	"SMS_LIB_widgetNumber\000"
 1323      4C49425F 
 1323      77696467 
 1323      65744E75 
 1323      6D626572 
 1324              	.LASF42:
 1325 011e 534D535F 		.ascii	"SMS_LIB_prescaler\000"
 1325      4C49425F 
 1325      70726573 
 1325      63616C65 
 1325      7200
 1326              	.LASF36:
 1327 0130 534D535F 		.ascii	"SMS_LIB_widgetResolution\000"
 1327      4C49425F 
 1327      77696467 
 1327      65745265 
 1327      736F6C75 
 1328              	.LASF38:
 1329 0149 534D535F 		.ascii	"SMS_LIB_numberOfSensors\000"
 1329      4C49425F 
 1329      6E756D62 
 1329      65724F66 
 1329      53656E73 
 1330              	.LASF7:
 1331 0161 6C6F6E67 		.ascii	"long long unsigned int\000"
 1331      206C6F6E 
 1331      6720756E 
 1331      7369676E 
ARM GAS  C:\Users\JohnP\AppData\Local\Temp\ccueq9Zu.s 			page 29


 1331      65642069 
 1332              	.LASF35:
 1333 0178 534D535F 		.ascii	"SMS_LIB_hysteresis\000"
 1333      4C49425F 
 1333      68797374 
 1333      65726573 
 1333      697300
 1334              	.LASF6:
 1335 018b 6C6F6E67 		.ascii	"long long int\000"
 1335      206C6F6E 
 1335      6720696E 
 1335      7400
 1336              	.LASF0:
 1337 0199 7369676E 		.ascii	"signed char\000"
 1337      65642063 
 1337      68617200 
 1338              	.LASF70:
 1339 01a5 43617053 		.ascii	"CapSense_SetAnalogSwitchesSource\000"
 1339      656E7365 
 1339      5F536574 
 1339      416E616C 
 1339      6F675377 
 1340              	.LASF17:
 1341 01c6 53656E73 		.ascii	"SensorNumber\000"
 1341      6F724E75 
 1341      6D626572 
 1341      00
 1342              	.LASF4:
 1343 01d3 6C6F6E67 		.ascii	"long int\000"
 1343      20696E74 
 1343      00
 1344              	.LASF9:
 1345 01dc 75696E74 		.ascii	"uint8\000"
 1345      3800
 1346              	.LASF12:
 1347 01e2 646F7562 		.ascii	"double\000"
 1347      6C6500
 1348              	.LASF24:
 1349 01e9 43617053 		.ascii	"CapSense_widgetNumber\000"
 1349      656E7365 
 1349      5F776964 
 1349      6765744E 
 1349      756D6265 
 1350              	.LASF58:
 1351 01ff 534D535F 		.ascii	"SMS_LIB_TotalScanSlCnt\000"
 1351      4C49425F 
 1351      546F7461 
 1351      6C536361 
 1351      6E536C43 
 1352              	.LASF66:
 1353 0216 433A5C55 		.ascii	"C:\\Users\\JohnP\\Desktop\\embedded\\trunk\\CE4920P"
 1353      73657273 
 1353      5C4A6F68 
 1353      6E505C44 
 1353      65736B74 
 1354 0243 726F6A65 		.ascii	"roject1\\Design01.cydsn\000"
 1354      6374315C 
ARM GAS  C:\Users\JohnP\AppData\Local\Temp\ccueq9Zu.s 			page 30


 1354      44657369 
 1354      676E3031 
 1354      2E637964 
 1355              	.LASF62:
 1356 025a 43617053 		.ascii	"CapSense_ScanSensor\000"
 1356      656E7365 
 1356      5F536361 
 1356      6E53656E 
 1356      736F7200 
 1357              	.LASF8:
 1358 026e 756E7369 		.ascii	"unsigned int\000"
 1358      676E6564 
 1358      20696E74 
 1358      00
 1359              	.LASF5:
 1360 027b 6C6F6E67 		.ascii	"long unsigned int\000"
 1360      20756E73 
 1360      69676E65 
 1360      6420696E 
 1360      7400
 1361              	.LASF3:
 1362 028d 73686F72 		.ascii	"short unsigned int\000"
 1362      7420756E 
 1362      7369676E 
 1362      65642069 
 1362      6E7400
 1363              	.LASF46:
 1364 02a0 534D535F 		.ascii	"SMS_LIB_PrescalerTbl\000"
 1364      4C49425F 
 1364      50726573 
 1364      63616C65 
 1364      7254626C 
 1365              	.LASF16:
 1366 02b5 43617053 		.ascii	"CapSense_CalculateThresholds\000"
 1366      656E7365 
 1366      5F43616C 
 1366      63756C61 
 1366      74655468 
 1367              	.LASF18:
 1368 02d2 43617053 		.ascii	"CapSense_AutoTune\000"
 1368      656E7365 
 1368      5F417574 
 1368      6F54756E 
 1368      6500
 1369              	.LASF45:
 1370 02e4 534D535F 		.ascii	"SMS_LIB_SensorSensitivity\000"
 1370      4C49425F 
 1370      53656E73 
 1370      6F725365 
 1370      6E736974 
 1371              	.LASF33:
 1372 02fe 43617053 		.ascii	"CapSense_analogSwitchDivider\000"
 1372      656E7365 
 1372      5F616E61 
 1372      6C6F6753 
 1372      77697463 
 1373              	.LASF34:
ARM GAS  C:\Users\JohnP\AppData\Local\Temp\ccueq9Zu.s 			page 31


 1374 031b 534D535F 		.ascii	"SMS_LIB_noiseThreshold\000"
 1374      4C49425F 
 1374      6E6F6973 
 1374      65546872 
 1374      6573686F 
 1375              	.LASF14:
 1376 0332 73697A65 		.ascii	"sizetype\000"
 1376      74797065 
 1376      00
 1377              	.LASF26:
 1378 033b 43617053 		.ascii	"CapSense_noiseThreshold\000"
 1378      656E7365 
 1378      5F6E6F69 
 1378      73655468 
 1378      72657368 
 1379              	.LASF39:
 1380 0353 534D535F 		.ascii	"SMS_LIB_rawDataIndex\000"
 1380      4C49425F 
 1380      72617744 
 1380      61746149 
 1380      6E646578 
 1381              	.LASF69:
 1382 0368 534D535F 		.ascii	"SMS_LIB_V3_50_AutoTune1Ch\000"
 1382      4C49425F 
 1382      56335F35 
 1382      305F4175 
 1382      746F5475 
 1383              	.LASF31:
 1384 0382 43617053 		.ascii	"CapSense_fingerThreshold\000"
 1384      656E7365 
 1384      5F66696E 
 1384      67657254 
 1384      68726573 
 1385              	.LASF32:
 1386 039b 43617053 		.ascii	"CapSense_idacSettings\000"
 1386      656E7365 
 1386      5F696461 
 1386      63536574 
 1386      74696E67 
 1387              	.LASF11:
 1388 03b1 666C6F61 		.ascii	"float\000"
 1388      7400
 1389              	.LASF20:
 1390 03b7 70726573 		.ascii	"prescaler\000"
 1390      63616C65 
 1390      7200
 1391              	.LASF1:
 1392 03c1 756E7369 		.ascii	"unsigned char\000"
 1392      676E6564 
 1392      20636861 
 1392      7200
 1393              	.LASF67:
 1394 03cf 534D535F 		.ascii	"SMS_LIB_IsBusy\000"
 1394      4C49425F 
 1394      49734275 
 1394      737900
 1395              	.LASF28:
ARM GAS  C:\Users\JohnP\AppData\Local\Temp\ccueq9Zu.s 			page 32


 1396 03de 43617053 		.ascii	"CapSense_widgetResolution\000"
 1396      656E7365 
 1396      5F776964 
 1396      67657452 
 1396      65736F6C 
 1397              	.LASF2:
 1398 03f8 73686F72 		.ascii	"short int\000"
 1398      7420696E 
 1398      7400
 1399              	.LASF41:
 1400 0402 534D535F 		.ascii	"SMS_LIB_idacSettings\000"
 1400      4C49425F 
 1400      69646163 
 1400      53657474 
 1400      696E6773 
 1401              	.LASF30:
 1402 0417 43617053 		.ascii	"CapSense_rawDataIndex\000"
 1402      656E7365 
 1402      5F726177 
 1402      44617461 
 1402      496E6465 
 1403              	.LASF65:
 1404 042d 2E5C4765 		.ascii	".\\Generated_Source\\PSoC5\\CapSense_SMS_Wrapper.c\000"
 1404      6E657261 
 1404      7465645F 
 1404      536F7572 
 1404      63655C50 
 1405              	.LASF63:
 1406 045d 534D535F 		.ascii	"SMS_LIB_V3_50_CalculateThresholds\000"
 1406      4C49425F 
 1406      56335F35 
 1406      305F4361 
 1406      6C63756C 
 1407              	.LASF15:
 1408 047f 534D535F 		.ascii	"SMS_LIB_ScanSensor\000"
 1408      4C49425F 
 1408      5363616E 
 1408      53656E73 
 1408      6F7200
 1409              	.LASF47:
 1410 0492 534D535F 		.ascii	"SMS_LIB_Table2\000"
 1410      4C49425F 
 1410      5461626C 
 1410      653200
 1411              	.LASF57:
 1412 04a1 534D535F 		.ascii	"SMS_LIB_TotalSnsCnt\000"
 1412      4C49425F 
 1412      546F7461 
 1412      6C536E73 
 1412      436E7400 
 1413              	.LASF25:
 1414 04b5 43617053 		.ascii	"CapSense_sensorBaseline\000"
 1414      656E7365 
 1414      5F73656E 
 1414      736F7242 
 1414      6173656C 
 1415              	.LASF51:
ARM GAS  C:\Users\JohnP\AppData\Local\Temp\ccueq9Zu.s 			page 33


 1416 04cd 534D535F 		.ascii	"SMS_LIB_Table6\000"
 1416      4C49425F 
 1416      5461626C 
 1416      653600
 1417              	.LASF13:
 1418 04dc 63686172 		.ascii	"char\000"
 1418      00
 1419              	.LASF44:
 1420 04e1 534D535F 		.ascii	"SMS_LIB_SensorBaseline\000"
 1420      4C49425F 
 1420      53656E73 
 1420      6F724261 
 1420      73656C69 
 1421              	.LASF54:
 1422 04f8 534D535F 		.ascii	"SMS_LIB_Table9\000"
 1422      4C49425F 
 1422      5461626C 
 1422      653900
 1423              	.LASF22:
 1424 0507 534D535F 		.ascii	"SMS_LIB_V3_50_SetAnalogSwitchesSrc_Prescaler\000"
 1424      4C49425F 
 1424      56335F35 
 1424      305F5365 
 1424      74416E61 
 1425              	.LASF43:
 1426 0534 534D535F 		.ascii	"SMS_LIB_SensorRaw\000"
 1426      4C49425F 
 1426      53656E73 
 1426      6F725261 
 1426      7700
 1427              	.LASF60:
 1428 0546 534D535F 		.ascii	"SMS_LIB_TotalSnsCnt_CH0\000"
 1428      4C49425F 
 1428      546F7461 
 1428      6C536E73 
 1428      436E745F 
 1429              	.LASF61:
 1430 055e 534D535F 		.ascii	"SMS_LIB_TotalSnsCnt_CH1\000"
 1430      4C49425F 
 1430      546F7461 
 1430      6C536E73 
 1430      436E745F 
 1431              	.LASF59:
 1432 0576 534D535F 		.ascii	"SMS_LIB_EndOfWidgInd\000"
 1432      4C49425F 
 1432      456E644F 
 1432      66576964 
 1432      67496E64 
 1433              	.LASF23:
 1434 058b 43617053 		.ascii	"CapSense_sensorRaw\000"
 1434      656E7365 
 1434      5F73656E 
 1434      736F7252 
 1434      617700
 1435              	.LASF19:
 1436 059e 534D535F 		.ascii	"SMS_LIB_SetPrescaler\000"
 1436      4C49425F 
ARM GAS  C:\Users\JohnP\AppData\Local\Temp\ccueq9Zu.s 			page 34


 1436      53657450 
 1436      72657363 
 1436      616C6572 
 1437              	.LASF40:
 1438 05b3 534D535F 		.ascii	"SMS_LIB_fingerThreshold\000"
 1438      4C49425F 
 1438      66696E67 
 1438      65725468 
 1438      72657368 
 1439              	.LASF55:
 1440 05cb 534D535F 		.ascii	"SMS_LIB_Var1\000"
 1440      4C49425F 
 1440      56617231 
 1440      00
 1441              	.LASF56:
 1442 05d8 534D535F 		.ascii	"SMS_LIB_Var2\000"
 1442      4C49425F 
 1442      56617232 
 1442      00
 1443              	.LASF68:
 1444 05e5 43617053 		.ascii	"CapSense_IsBusy\000"
 1444      656E7365 
 1444      5F497342 
 1444      75737900 
 1445              	.LASF29:
 1446 05f5 43617053 		.ascii	"CapSense_numberOfSensors\000"
 1446      656E7365 
 1446      5F6E756D 
 1446      6265724F 
 1446      6653656E 
 1447              		.ident	"GCC: (GNU Tools for ARM Embedded Processors) 4.8.4 20140526 (release) [ARM/embedded-4_8-br
