ARM GAS  C:\Users\JohnP\AppData\Local\Temp\cceDXFeS.s 			page 1


   1              		.syntax unified
   2              		.cpu cortex-m3
   3              		.fpu softvfp
   4              		.eabi_attribute 20, 1
   5              		.eabi_attribute 21, 1
   6              		.eabi_attribute 23, 3
   7              		.eabi_attribute 24, 1
   8              		.eabi_attribute 25, 1
   9              		.eabi_attribute 26, 1
  10              		.eabi_attribute 30, 1
  11              		.eabi_attribute 34, 1
  12              		.eabi_attribute 18, 4
  13              		.thumb
  14              		.file	"CapSense_Pins.c"
  15              		.text
  16              	.Ltext0:
  17              		.cfi_sections	.debug_frame
  18              		.section	.text.CapSense_SetAllSensorsDriveMode,"ax",%progbits
  19              		.align	2
  20              		.global	CapSense_SetAllSensorsDriveMode
  21              		.thumb
  22              		.thumb_func
  23              		.type	CapSense_SetAllSensorsDriveMode, %function
  24              	CapSense_SetAllSensorsDriveMode:
  25              	.LFB0:
  26              		.file 1 ".\\Generated_Source\\PSoC5\\CapSense_Pins.c"
   1:.\Generated_Source\PSoC5/CapSense_Pins.c **** /*******************************************************************************
   2:.\Generated_Source\PSoC5/CapSense_Pins.c **** * File Name: CapSense_Pins.c
   3:.\Generated_Source\PSoC5/CapSense_Pins.c **** * Version 3.50
   4:.\Generated_Source\PSoC5/CapSense_Pins.c **** *
   5:.\Generated_Source\PSoC5/CapSense_Pins.c **** * Description:
   6:.\Generated_Source\PSoC5/CapSense_Pins.c **** *  This file contains API to enable firmware control of a Pins component.
   7:.\Generated_Source\PSoC5/CapSense_Pins.c **** *
   8:.\Generated_Source\PSoC5/CapSense_Pins.c **** * Note:
   9:.\Generated_Source\PSoC5/CapSense_Pins.c **** *
  10:.\Generated_Source\PSoC5/CapSense_Pins.c **** ********************************************************************************
  11:.\Generated_Source\PSoC5/CapSense_Pins.c **** * Copyright 2008-2013, Cypress Semiconductor Corporation.  All rights reserved.
  12:.\Generated_Source\PSoC5/CapSense_Pins.c **** * You may use this file only in accordance with the license, terms, conditions,
  13:.\Generated_Source\PSoC5/CapSense_Pins.c **** * disclaimers, and limitations in the end user license agreement accompanying
  14:.\Generated_Source\PSoC5/CapSense_Pins.c **** * the software package with which this file was provided.
  15:.\Generated_Source\PSoC5/CapSense_Pins.c **** *******************************************************************************/
  16:.\Generated_Source\PSoC5/CapSense_Pins.c **** 
  17:.\Generated_Source\PSoC5/CapSense_Pins.c **** #include "CapSense_Pins.h"
  18:.\Generated_Source\PSoC5/CapSense_Pins.c **** 
  19:.\Generated_Source\PSoC5/CapSense_Pins.c **** 
  20:.\Generated_Source\PSoC5/CapSense_Pins.c **** /*******************************************************************************
  21:.\Generated_Source\PSoC5/CapSense_Pins.c **** * Function Name: CapSense_SetAllSensorsDriveMode
  22:.\Generated_Source\PSoC5/CapSense_Pins.c **** ********************************************************************************
  23:.\Generated_Source\PSoC5/CapSense_Pins.c **** *
  24:.\Generated_Source\PSoC5/CapSense_Pins.c **** * Summary:
  25:.\Generated_Source\PSoC5/CapSense_Pins.c **** *  Sets the drive mode for the all pins used by capacitive sensors within 
  26:.\Generated_Source\PSoC5/CapSense_Pins.c **** *  CapSense component.
  27:.\Generated_Source\PSoC5/CapSense_Pins.c **** * 
  28:.\Generated_Source\PSoC5/CapSense_Pins.c **** * Parameters:  
  29:.\Generated_Source\PSoC5/CapSense_Pins.c **** *  mode: Desired drive mode.
  30:.\Generated_Source\PSoC5/CapSense_Pins.c **** *
  31:.\Generated_Source\PSoC5/CapSense_Pins.c **** * Return: 
ARM GAS  C:\Users\JohnP\AppData\Local\Temp\cceDXFeS.s 			page 2


  32:.\Generated_Source\PSoC5/CapSense_Pins.c **** *  None
  33:.\Generated_Source\PSoC5/CapSense_Pins.c **** *
  34:.\Generated_Source\PSoC5/CapSense_Pins.c **** *******************************************************************************/
  35:.\Generated_Source\PSoC5/CapSense_Pins.c **** void CapSense_SetAllSensorsDriveMode(uint8 mode) 
  36:.\Generated_Source\PSoC5/CapSense_Pins.c **** {
  27              		.loc 1 36 0
  28              		.cfi_startproc
  29              		@ args = 0, pretend = 0, frame = 0
  30              		@ frame_needed = 0, uses_anonymous_args = 0
  31              		@ link register save eliminated.
  32              	.LVL0:
  37:.\Generated_Source\PSoC5/CapSense_Pins.c ****     /* Set pins drive mode */
  38:.\Generated_Source\PSoC5/CapSense_Pins.c ****     CyPins_SetPinDriveMode(CapSense_PortCH0__Button0__BTN, mode);
  33              		.loc 1 38 0
  34 0000 164B     		ldr	r3, .L2
  35 0002 1A78     		ldrb	r2, [r3]	@ zero_extendqisi2
  36 0004 00F00E00 		and	r0, r0, #14
  37              	.LVL1:
  38 0008 02F0F102 		and	r2, r2, #241
  39 000c 0243     		orrs	r2, r2, r0
  40 000e 1A70     		strb	r2, [r3]
  39:.\Generated_Source\PSoC5/CapSense_Pins.c ****     CyPins_SetPinDriveMode(CapSense_PortCH0__Button1__BTN, mode);
  41              		.loc 1 39 0
  42 0010 0133     		adds	r3, r3, #1
  43 0012 1A78     		ldrb	r2, [r3]	@ zero_extendqisi2
  44 0014 02F0F102 		and	r2, r2, #241
  45 0018 0243     		orrs	r2, r2, r0
  46 001a 1A70     		strb	r2, [r3]
  40:.\Generated_Source\PSoC5/CapSense_Pins.c ****     CyPins_SetPinDriveMode(CapSense_PortCH0__LinearSlider0_e0__LS, mode);
  47              		.loc 1 40 0
  48 001c 063B     		subs	r3, r3, #6
  49 001e 1A78     		ldrb	r2, [r3]	@ zero_extendqisi2
  50 0020 02F0F102 		and	r2, r2, #241
  51 0024 0243     		orrs	r2, r2, r0
  52 0026 1A70     		strb	r2, [r3]
  41:.\Generated_Source\PSoC5/CapSense_Pins.c ****     CyPins_SetPinDriveMode(CapSense_PortCH0__LinearSlider0_e1__LS, mode);
  53              		.loc 1 41 0
  54 0028 0133     		adds	r3, r3, #1
  55 002a 1A78     		ldrb	r2, [r3]	@ zero_extendqisi2
  56 002c 02F0F102 		and	r2, r2, #241
  57 0030 0243     		orrs	r2, r2, r0
  58 0032 1A70     		strb	r2, [r3]
  42:.\Generated_Source\PSoC5/CapSense_Pins.c ****     CyPins_SetPinDriveMode(CapSense_PortCH0__LinearSlider0_e2__LS, mode);
  59              		.loc 1 42 0
  60 0034 0133     		adds	r3, r3, #1
  61 0036 1A78     		ldrb	r2, [r3]	@ zero_extendqisi2
  62 0038 02F0F102 		and	r2, r2, #241
  63 003c 0243     		orrs	r2, r2, r0
  64 003e 1A70     		strb	r2, [r3]
  43:.\Generated_Source\PSoC5/CapSense_Pins.c ****     CyPins_SetPinDriveMode(CapSense_PortCH0__LinearSlider0_e3__LS, mode);
  65              		.loc 1 43 0
  66 0040 0133     		adds	r3, r3, #1
  67 0042 1A78     		ldrb	r2, [r3]	@ zero_extendqisi2
  68 0044 02F0F102 		and	r2, r2, #241
  69 0048 0243     		orrs	r2, r2, r0
  70 004a 1A70     		strb	r2, [r3]
  44:.\Generated_Source\PSoC5/CapSense_Pins.c ****     CyPins_SetPinDriveMode(CapSense_PortCH0__LinearSlider0_e4__LS, mode);
ARM GAS  C:\Users\JohnP\AppData\Local\Temp\cceDXFeS.s 			page 3


  71              		.loc 1 44 0
  72 004c 0133     		adds	r3, r3, #1
  73 004e 1A78     		ldrb	r2, [r3]	@ zero_extendqisi2
  74 0050 02F0F102 		and	r2, r2, #241
  75 0054 1043     		orrs	r0, r0, r2
  76 0056 1870     		strb	r0, [r3]
  77 0058 7047     		bx	lr
  78              	.L3:
  79 005a 00BF     		.align	2
  80              	.L2:
  81 005c 2D500040 		.word	1073762349
  82              		.cfi_endproc
  83              	.LFE0:
  84              		.size	CapSense_SetAllSensorsDriveMode, .-CapSense_SetAllSensorsDriveMode
  85              		.section	.text.CapSense_SetAllCmodsDriveMode,"ax",%progbits
  86              		.align	2
  87              		.global	CapSense_SetAllCmodsDriveMode
  88              		.thumb
  89              		.thumb_func
  90              		.type	CapSense_SetAllCmodsDriveMode, %function
  91              	CapSense_SetAllCmodsDriveMode:
  92              	.LFB1:
  45:.\Generated_Source\PSoC5/CapSense_Pins.c **** 
  46:.\Generated_Source\PSoC5/CapSense_Pins.c **** }
  47:.\Generated_Source\PSoC5/CapSense_Pins.c **** 
  48:.\Generated_Source\PSoC5/CapSense_Pins.c **** 
  49:.\Generated_Source\PSoC5/CapSense_Pins.c **** 
  50:.\Generated_Source\PSoC5/CapSense_Pins.c **** /*******************************************************************************
  51:.\Generated_Source\PSoC5/CapSense_Pins.c **** * Function Name: CapSense_SetAllCmodsDriveMode
  52:.\Generated_Source\PSoC5/CapSense_Pins.c **** ********************************************************************************
  53:.\Generated_Source\PSoC5/CapSense_Pins.c **** *
  54:.\Generated_Source\PSoC5/CapSense_Pins.c **** * Summary:
  55:.\Generated_Source\PSoC5/CapSense_Pins.c **** *  Sets the drive mode for the all pins used by Cmod capacitors within CapSense 
  56:.\Generated_Source\PSoC5/CapSense_Pins.c **** *  component.
  57:.\Generated_Source\PSoC5/CapSense_Pins.c **** * 
  58:.\Generated_Source\PSoC5/CapSense_Pins.c **** * Parameters:  
  59:.\Generated_Source\PSoC5/CapSense_Pins.c **** *  mode: Desired drive mode.
  60:.\Generated_Source\PSoC5/CapSense_Pins.c **** *
  61:.\Generated_Source\PSoC5/CapSense_Pins.c **** * Return: 
  62:.\Generated_Source\PSoC5/CapSense_Pins.c **** *  None
  63:.\Generated_Source\PSoC5/CapSense_Pins.c **** *
  64:.\Generated_Source\PSoC5/CapSense_Pins.c **** *******************************************************************************/
  65:.\Generated_Source\PSoC5/CapSense_Pins.c **** void CapSense_SetAllCmodsDriveMode(uint8 mode) 
  66:.\Generated_Source\PSoC5/CapSense_Pins.c **** {
  93              		.loc 1 66 0
  94              		.cfi_startproc
  95              		@ args = 0, pretend = 0, frame = 0
  96              		@ frame_needed = 0, uses_anonymous_args = 0
  97              		@ link register save eliminated.
  98              	.LVL2:
  67:.\Generated_Source\PSoC5/CapSense_Pins.c ****    /* Set pins drive mode */
  68:.\Generated_Source\PSoC5/CapSense_Pins.c ****     CyPins_SetPinDriveMode(CapSense_CmodCH0_Cmod_CH0, mode);
  99              		.loc 1 68 0
 100 0000 044B     		ldr	r3, .L5
 101 0002 1A78     		ldrb	r2, [r3]	@ zero_extendqisi2
 102 0004 02F0F102 		and	r2, r2, #241
 103 0008 00F00E00 		and	r0, r0, #14
ARM GAS  C:\Users\JohnP\AppData\Local\Temp\cceDXFeS.s 			page 4


 104              	.LVL3:
 105 000c 0243     		orrs	r2, r2, r0
 106 000e 1A70     		strb	r2, [r3]
 107 0010 7047     		bx	lr
 108              	.L6:
 109 0012 00BF     		.align	2
 110              	.L5:
 111 0014 34500040 		.word	1073762356
 112              		.cfi_endproc
 113              	.LFE1:
 114              		.size	CapSense_SetAllCmodsDriveMode, .-CapSense_SetAllCmodsDriveMode
 115              		.text
 116              	.Letext0:
 117              		.file 2 ".\\Generated_Source\\PSoC5\\cytypes.h"
 118              		.section	.debug_info,"",%progbits
 119              	.Ldebug_info0:
 120 0000 E6000000 		.4byte	0xe6
 121 0004 0400     		.2byte	0x4
 122 0006 00000000 		.4byte	.Ldebug_abbrev0
 123 000a 04       		.byte	0x4
 124 000b 01       		.uleb128 0x1
 125 000c D1000000 		.4byte	.LASF16
 126 0010 01       		.byte	0x1
 127 0011 83000000 		.4byte	.LASF17
 128 0015 52010000 		.4byte	.LASF18
 129 0019 00000000 		.4byte	.Ldebug_ranges0+0
 130 001d 00000000 		.4byte	0
 131 0021 00000000 		.4byte	.Ldebug_line0
 132 0025 02       		.uleb128 0x2
 133 0026 01       		.byte	0x1
 134 0027 06       		.byte	0x6
 135 0028 AC010000 		.4byte	.LASF0
 136 002c 02       		.uleb128 0x2
 137 002d 01       		.byte	0x1
 138 002e 08       		.byte	0x8
 139 002f C3000000 		.4byte	.LASF1
 140 0033 02       		.uleb128 0x2
 141 0034 02       		.byte	0x2
 142 0035 05       		.byte	0x5
 143 0036 BE010000 		.4byte	.LASF2
 144 003a 02       		.uleb128 0x2
 145 003b 02       		.byte	0x2
 146 003c 07       		.byte	0x7
 147 003d 0E000000 		.4byte	.LASF3
 148 0041 02       		.uleb128 0x2
 149 0042 04       		.byte	0x4
 150 0043 05       		.byte	0x5
 151 0044 96010000 		.4byte	.LASF4
 152 0048 02       		.uleb128 0x2
 153 0049 04       		.byte	0x4
 154 004a 07       		.byte	0x7
 155 004b 71000000 		.4byte	.LASF5
 156 004f 02       		.uleb128 0x2
 157 0050 08       		.byte	0x8
 158 0051 05       		.byte	0x5
 159 0052 00000000 		.4byte	.LASF6
 160 0056 02       		.uleb128 0x2
ARM GAS  C:\Users\JohnP\AppData\Local\Temp\cceDXFeS.s 			page 5


 161 0057 08       		.byte	0x8
 162 0058 07       		.byte	0x7
 163 0059 AC000000 		.4byte	.LASF7
 164 005d 03       		.uleb128 0x3
 165 005e 04       		.byte	0x4
 166 005f 05       		.byte	0x5
 167 0060 696E7400 		.ascii	"int\000"
 168 0064 02       		.uleb128 0x2
 169 0065 04       		.byte	0x4
 170 0066 07       		.byte	0x7
 171 0067 21000000 		.4byte	.LASF8
 172 006b 04       		.uleb128 0x4
 173 006c A6010000 		.4byte	.LASF12
 174 0070 02       		.byte	0x2
 175 0071 B4       		.byte	0xb4
 176 0072 2C000000 		.4byte	0x2c
 177 0076 02       		.uleb128 0x2
 178 0077 04       		.byte	0x4
 179 0078 04       		.byte	0x4
 180 0079 B8010000 		.4byte	.LASF9
 181 007d 02       		.uleb128 0x2
 182 007e 08       		.byte	0x8
 183 007f 04       		.byte	0x4
 184 0080 9F010000 		.4byte	.LASF10
 185 0084 02       		.uleb128 0x2
 186 0085 01       		.byte	0x1
 187 0086 08       		.byte	0x8
 188 0087 4D010000 		.4byte	.LASF11
 189 008b 05       		.uleb128 0x5
 190 008c C8010000 		.4byte	.LASF13
 191 0090 02       		.byte	0x2
 192 0091 5E01     		.2byte	0x15e
 193 0093 97000000 		.4byte	0x97
 194 0097 06       		.uleb128 0x6
 195 0098 6B000000 		.4byte	0x6b
 196 009c 02       		.uleb128 0x2
 197 009d 04       		.byte	0x4
 198 009e 07       		.byte	0x7
 199 009f CD010000 		.4byte	.LASF14
 200 00a3 07       		.uleb128 0x7
 201 00a4 2E000000 		.4byte	.LASF19
 202 00a8 01       		.byte	0x1
 203 00a9 23       		.byte	0x23
 204 00aa 00000000 		.4byte	.LFB0
 205 00ae 60000000 		.4byte	.LFE0-.LFB0
 206 00b2 01       		.uleb128 0x1
 207 00b3 9C       		.byte	0x9c
 208 00b4 C8000000 		.4byte	0xc8
 209 00b8 08       		.uleb128 0x8
 210 00b9 4E000000 		.4byte	.LASF15
 211 00bd 01       		.byte	0x1
 212 00be 23       		.byte	0x23
 213 00bf 6B000000 		.4byte	0x6b
 214 00c3 00000000 		.4byte	.LLST0
 215 00c7 00       		.byte	0
 216 00c8 09       		.uleb128 0x9
 217 00c9 53000000 		.4byte	.LASF20
ARM GAS  C:\Users\JohnP\AppData\Local\Temp\cceDXFeS.s 			page 6


 218 00cd 01       		.byte	0x1
 219 00ce 41       		.byte	0x41
 220 00cf 00000000 		.4byte	.LFB1
 221 00d3 18000000 		.4byte	.LFE1-.LFB1
 222 00d7 01       		.uleb128 0x1
 223 00d8 9C       		.byte	0x9c
 224 00d9 08       		.uleb128 0x8
 225 00da 4E000000 		.4byte	.LASF15
 226 00de 01       		.byte	0x1
 227 00df 41       		.byte	0x41
 228 00e0 6B000000 		.4byte	0x6b
 229 00e4 21000000 		.4byte	.LLST1
 230 00e8 00       		.byte	0
 231 00e9 00       		.byte	0
 232              		.section	.debug_abbrev,"",%progbits
 233              	.Ldebug_abbrev0:
 234 0000 01       		.uleb128 0x1
 235 0001 11       		.uleb128 0x11
 236 0002 01       		.byte	0x1
 237 0003 25       		.uleb128 0x25
 238 0004 0E       		.uleb128 0xe
 239 0005 13       		.uleb128 0x13
 240 0006 0B       		.uleb128 0xb
 241 0007 03       		.uleb128 0x3
 242 0008 0E       		.uleb128 0xe
 243 0009 1B       		.uleb128 0x1b
 244 000a 0E       		.uleb128 0xe
 245 000b 55       		.uleb128 0x55
 246 000c 17       		.uleb128 0x17
 247 000d 11       		.uleb128 0x11
 248 000e 01       		.uleb128 0x1
 249 000f 10       		.uleb128 0x10
 250 0010 17       		.uleb128 0x17
 251 0011 00       		.byte	0
 252 0012 00       		.byte	0
 253 0013 02       		.uleb128 0x2
 254 0014 24       		.uleb128 0x24
 255 0015 00       		.byte	0
 256 0016 0B       		.uleb128 0xb
 257 0017 0B       		.uleb128 0xb
 258 0018 3E       		.uleb128 0x3e
 259 0019 0B       		.uleb128 0xb
 260 001a 03       		.uleb128 0x3
 261 001b 0E       		.uleb128 0xe
 262 001c 00       		.byte	0
 263 001d 00       		.byte	0
 264 001e 03       		.uleb128 0x3
 265 001f 24       		.uleb128 0x24
 266 0020 00       		.byte	0
 267 0021 0B       		.uleb128 0xb
 268 0022 0B       		.uleb128 0xb
 269 0023 3E       		.uleb128 0x3e
 270 0024 0B       		.uleb128 0xb
 271 0025 03       		.uleb128 0x3
 272 0026 08       		.uleb128 0x8
 273 0027 00       		.byte	0
 274 0028 00       		.byte	0
ARM GAS  C:\Users\JohnP\AppData\Local\Temp\cceDXFeS.s 			page 7


 275 0029 04       		.uleb128 0x4
 276 002a 16       		.uleb128 0x16
 277 002b 00       		.byte	0
 278 002c 03       		.uleb128 0x3
 279 002d 0E       		.uleb128 0xe
 280 002e 3A       		.uleb128 0x3a
 281 002f 0B       		.uleb128 0xb
 282 0030 3B       		.uleb128 0x3b
 283 0031 0B       		.uleb128 0xb
 284 0032 49       		.uleb128 0x49
 285 0033 13       		.uleb128 0x13
 286 0034 00       		.byte	0
 287 0035 00       		.byte	0
 288 0036 05       		.uleb128 0x5
 289 0037 16       		.uleb128 0x16
 290 0038 00       		.byte	0
 291 0039 03       		.uleb128 0x3
 292 003a 0E       		.uleb128 0xe
 293 003b 3A       		.uleb128 0x3a
 294 003c 0B       		.uleb128 0xb
 295 003d 3B       		.uleb128 0x3b
 296 003e 05       		.uleb128 0x5
 297 003f 49       		.uleb128 0x49
 298 0040 13       		.uleb128 0x13
 299 0041 00       		.byte	0
 300 0042 00       		.byte	0
 301 0043 06       		.uleb128 0x6
 302 0044 35       		.uleb128 0x35
 303 0045 00       		.byte	0
 304 0046 49       		.uleb128 0x49
 305 0047 13       		.uleb128 0x13
 306 0048 00       		.byte	0
 307 0049 00       		.byte	0
 308 004a 07       		.uleb128 0x7
 309 004b 2E       		.uleb128 0x2e
 310 004c 01       		.byte	0x1
 311 004d 3F       		.uleb128 0x3f
 312 004e 19       		.uleb128 0x19
 313 004f 03       		.uleb128 0x3
 314 0050 0E       		.uleb128 0xe
 315 0051 3A       		.uleb128 0x3a
 316 0052 0B       		.uleb128 0xb
 317 0053 3B       		.uleb128 0x3b
 318 0054 0B       		.uleb128 0xb
 319 0055 27       		.uleb128 0x27
 320 0056 19       		.uleb128 0x19
 321 0057 11       		.uleb128 0x11
 322 0058 01       		.uleb128 0x1
 323 0059 12       		.uleb128 0x12
 324 005a 06       		.uleb128 0x6
 325 005b 40       		.uleb128 0x40
 326 005c 18       		.uleb128 0x18
 327 005d 9742     		.uleb128 0x2117
 328 005f 19       		.uleb128 0x19
 329 0060 01       		.uleb128 0x1
 330 0061 13       		.uleb128 0x13
 331 0062 00       		.byte	0
ARM GAS  C:\Users\JohnP\AppData\Local\Temp\cceDXFeS.s 			page 8


 332 0063 00       		.byte	0
 333 0064 08       		.uleb128 0x8
 334 0065 05       		.uleb128 0x5
 335 0066 00       		.byte	0
 336 0067 03       		.uleb128 0x3
 337 0068 0E       		.uleb128 0xe
 338 0069 3A       		.uleb128 0x3a
 339 006a 0B       		.uleb128 0xb
 340 006b 3B       		.uleb128 0x3b
 341 006c 0B       		.uleb128 0xb
 342 006d 49       		.uleb128 0x49
 343 006e 13       		.uleb128 0x13
 344 006f 02       		.uleb128 0x2
 345 0070 17       		.uleb128 0x17
 346 0071 00       		.byte	0
 347 0072 00       		.byte	0
 348 0073 09       		.uleb128 0x9
 349 0074 2E       		.uleb128 0x2e
 350 0075 01       		.byte	0x1
 351 0076 3F       		.uleb128 0x3f
 352 0077 19       		.uleb128 0x19
 353 0078 03       		.uleb128 0x3
 354 0079 0E       		.uleb128 0xe
 355 007a 3A       		.uleb128 0x3a
 356 007b 0B       		.uleb128 0xb
 357 007c 3B       		.uleb128 0x3b
 358 007d 0B       		.uleb128 0xb
 359 007e 27       		.uleb128 0x27
 360 007f 19       		.uleb128 0x19
 361 0080 11       		.uleb128 0x11
 362 0081 01       		.uleb128 0x1
 363 0082 12       		.uleb128 0x12
 364 0083 06       		.uleb128 0x6
 365 0084 40       		.uleb128 0x40
 366 0085 18       		.uleb128 0x18
 367 0086 9742     		.uleb128 0x2117
 368 0088 19       		.uleb128 0x19
 369 0089 00       		.byte	0
 370 008a 00       		.byte	0
 371 008b 00       		.byte	0
 372              		.section	.debug_loc,"",%progbits
 373              	.Ldebug_loc0:
 374              	.LLST0:
 375 0000 00000000 		.4byte	.LVL0
 376 0004 08000000 		.4byte	.LVL1
 377 0008 0100     		.2byte	0x1
 378 000a 50       		.byte	0x50
 379 000b 08000000 		.4byte	.LVL1
 380 000f 60000000 		.4byte	.LFE0
 381 0013 0400     		.2byte	0x4
 382 0015 F3       		.byte	0xf3
 383 0016 01       		.uleb128 0x1
 384 0017 50       		.byte	0x50
 385 0018 9F       		.byte	0x9f
 386 0019 00000000 		.4byte	0
 387 001d 00000000 		.4byte	0
 388              	.LLST1:
ARM GAS  C:\Users\JohnP\AppData\Local\Temp\cceDXFeS.s 			page 9


 389 0021 00000000 		.4byte	.LVL2
 390 0025 0C000000 		.4byte	.LVL3
 391 0029 0100     		.2byte	0x1
 392 002b 50       		.byte	0x50
 393 002c 0C000000 		.4byte	.LVL3
 394 0030 18000000 		.4byte	.LFE1
 395 0034 0400     		.2byte	0x4
 396 0036 F3       		.byte	0xf3
 397 0037 01       		.uleb128 0x1
 398 0038 50       		.byte	0x50
 399 0039 9F       		.byte	0x9f
 400 003a 00000000 		.4byte	0
 401 003e 00000000 		.4byte	0
 402              		.section	.debug_aranges,"",%progbits
 403 0000 24000000 		.4byte	0x24
 404 0004 0200     		.2byte	0x2
 405 0006 00000000 		.4byte	.Ldebug_info0
 406 000a 04       		.byte	0x4
 407 000b 00       		.byte	0
 408 000c 0000     		.2byte	0
 409 000e 0000     		.2byte	0
 410 0010 00000000 		.4byte	.LFB0
 411 0014 60000000 		.4byte	.LFE0-.LFB0
 412 0018 00000000 		.4byte	.LFB1
 413 001c 18000000 		.4byte	.LFE1-.LFB1
 414 0020 00000000 		.4byte	0
 415 0024 00000000 		.4byte	0
 416              		.section	.debug_ranges,"",%progbits
 417              	.Ldebug_ranges0:
 418 0000 00000000 		.4byte	.LFB0
 419 0004 60000000 		.4byte	.LFE0
 420 0008 00000000 		.4byte	.LFB1
 421 000c 18000000 		.4byte	.LFE1
 422 0010 00000000 		.4byte	0
 423 0014 00000000 		.4byte	0
 424              		.section	.debug_line,"",%progbits
 425              	.Ldebug_line0:
 426 0000 79000000 		.section	.debug_str,"MS",%progbits,1
 426      02004C00 
 426      00000201 
 426      FB0E0D00 
 426      01010101 
 427              	.LASF6:
 428 0000 6C6F6E67 		.ascii	"long long int\000"
 428      206C6F6E 
 428      6720696E 
 428      7400
 429              	.LASF3:
 430 000e 73686F72 		.ascii	"short unsigned int\000"
 430      7420756E 
 430      7369676E 
 430      65642069 
 430      6E7400
 431              	.LASF8:
 432 0021 756E7369 		.ascii	"unsigned int\000"
 432      676E6564 
 432      20696E74 
ARM GAS  C:\Users\JohnP\AppData\Local\Temp\cceDXFeS.s 			page 10


 432      00
 433              	.LASF19:
 434 002e 43617053 		.ascii	"CapSense_SetAllSensorsDriveMode\000"
 434      656E7365 
 434      5F536574 
 434      416C6C53 
 434      656E736F 
 435              	.LASF15:
 436 004e 6D6F6465 		.ascii	"mode\000"
 436      00
 437              	.LASF20:
 438 0053 43617053 		.ascii	"CapSense_SetAllCmodsDriveMode\000"
 438      656E7365 
 438      5F536574 
 438      416C6C43 
 438      6D6F6473 
 439              	.LASF5:
 440 0071 6C6F6E67 		.ascii	"long unsigned int\000"
 440      20756E73 
 440      69676E65 
 440      6420696E 
 440      7400
 441              	.LASF17:
 442 0083 2E5C4765 		.ascii	".\\Generated_Source\\PSoC5\\CapSense_Pins.c\000"
 442      6E657261 
 442      7465645F 
 442      536F7572 
 442      63655C50 
 443              	.LASF7:
 444 00ac 6C6F6E67 		.ascii	"long long unsigned int\000"
 444      206C6F6E 
 444      6720756E 
 444      7369676E 
 444      65642069 
 445              	.LASF1:
 446 00c3 756E7369 		.ascii	"unsigned char\000"
 446      676E6564 
 446      20636861 
 446      7200
 447              	.LASF16:
 448 00d1 474E5520 		.ascii	"GNU C 4.8.4 20140526 (release) [ARM/embedded-4_8-br"
 448      4320342E 
 448      382E3420 
 448      32303134 
 448      30353236 
 449 0104 616E6368 		.ascii	"anch revision 211358] -mcpu=cortex-m3 -mthumb -g -O"
 449      20726576 
 449      6973696F 
 449      6E203231 
 449      31333538 
 450 0137 67202D66 		.ascii	"g -ffunction-sections\000"
 450      66756E63 
 450      74696F6E 
 450      2D736563 
 450      74696F6E 
 451              	.LASF11:
 452 014d 63686172 		.ascii	"char\000"
ARM GAS  C:\Users\JohnP\AppData\Local\Temp\cceDXFeS.s 			page 11


 452      00
 453              	.LASF18:
 454 0152 433A5C55 		.ascii	"C:\\Users\\JohnP\\Desktop\\embedded\\trunk\\CE4920P"
 454      73657273 
 454      5C4A6F68 
 454      6E505C44 
 454      65736B74 
 455 017f 726F6A65 		.ascii	"roject1\\Design01.cydsn\000"
 455      6374315C 
 455      44657369 
 455      676E3031 
 455      2E637964 
 456              	.LASF4:
 457 0196 6C6F6E67 		.ascii	"long int\000"
 457      20696E74 
 457      00
 458              	.LASF10:
 459 019f 646F7562 		.ascii	"double\000"
 459      6C6500
 460              	.LASF12:
 461 01a6 75696E74 		.ascii	"uint8\000"
 461      3800
 462              	.LASF0:
 463 01ac 7369676E 		.ascii	"signed char\000"
 463      65642063 
 463      68617200 
 464              	.LASF9:
 465 01b8 666C6F61 		.ascii	"float\000"
 465      7400
 466              	.LASF2:
 467 01be 73686F72 		.ascii	"short int\000"
 467      7420696E 
 467      7400
 468              	.LASF13:
 469 01c8 72656738 		.ascii	"reg8\000"
 469      00
 470              	.LASF14:
 471 01cd 73697A65 		.ascii	"sizetype\000"
 471      74797065 
 471      00
 472              		.ident	"GCC: (GNU Tools for ARM Embedded Processors) 4.8.4 20140526 (release) [ARM/embedded-4_8-br
