ARM GAS  C:\Users\JohnP\AppData\Local\Temp\ccehW2Qc.s 			page 1


   1              		.syntax unified
   2              		.cpu cortex-m3
   3              		.fpu softvfp
   4              		.eabi_attribute 20, 1
   5              		.eabi_attribute 21, 1
   6              		.eabi_attribute 23, 3
   7              		.eabi_attribute 24, 1
   8              		.eabi_attribute 25, 1
   9              		.eabi_attribute 26, 1
  10              		.eabi_attribute 30, 1
  11              		.eabi_attribute 34, 1
  12              		.eabi_attribute 18, 4
  13              		.thumb
  14              		.file	"CapSense_1_TunerHelper.c"
  15              		.text
  16              	.Ltext0:
  17              		.cfi_sections	.debug_frame
  18              		.section	.text.CapSense_1_TunerStart,"ax",%progbits
  19              		.align	2
  20              		.global	CapSense_1_TunerStart
  21              		.thumb
  22              		.thumb_func
  23              		.type	CapSense_1_TunerStart, %function
  24              	CapSense_1_TunerStart:
  25              	.LFB0:
  26              		.file 1 ".\\Generated_Source\\PSoC5\\CapSense_1_TunerHelper.c"
   1:.\Generated_Source\PSoC5/CapSense_1_TunerHelper.c **** /*******************************************************************************
   2:.\Generated_Source\PSoC5/CapSense_1_TunerHelper.c **** * File Name: CapSense_1_TunerHelper.c
   3:.\Generated_Source\PSoC5/CapSense_1_TunerHelper.c **** * Version 3.50
   4:.\Generated_Source\PSoC5/CapSense_1_TunerHelper.c **** *
   5:.\Generated_Source\PSoC5/CapSense_1_TunerHelper.c **** * Description:
   6:.\Generated_Source\PSoC5/CapSense_1_TunerHelper.c **** *  This file provides the source code of Tuner helper APIs for the CapSense CSD 
   7:.\Generated_Source\PSoC5/CapSense_1_TunerHelper.c **** *  component.
   8:.\Generated_Source\PSoC5/CapSense_1_TunerHelper.c **** *
   9:.\Generated_Source\PSoC5/CapSense_1_TunerHelper.c **** * Note:
  10:.\Generated_Source\PSoC5/CapSense_1_TunerHelper.c **** *
  11:.\Generated_Source\PSoC5/CapSense_1_TunerHelper.c **** ********************************************************************************
  12:.\Generated_Source\PSoC5/CapSense_1_TunerHelper.c **** * Copyright 2008-2013, Cypress Semiconductor Corporation.  All rights reserved.
  13:.\Generated_Source\PSoC5/CapSense_1_TunerHelper.c **** * You may use this file only in accordance with the license, terms, conditions,
  14:.\Generated_Source\PSoC5/CapSense_1_TunerHelper.c **** * disclaimers, and limitations in the end user license agreement accompanying
  15:.\Generated_Source\PSoC5/CapSense_1_TunerHelper.c **** * the software package with which this file was provided.
  16:.\Generated_Source\PSoC5/CapSense_1_TunerHelper.c **** *******************************************************************************/
  17:.\Generated_Source\PSoC5/CapSense_1_TunerHelper.c **** 
  18:.\Generated_Source\PSoC5/CapSense_1_TunerHelper.c **** #include "CapSense_1_TunerHelper.h"
  19:.\Generated_Source\PSoC5/CapSense_1_TunerHelper.c **** 
  20:.\Generated_Source\PSoC5/CapSense_1_TunerHelper.c **** #if (CapSense_1_TUNER_API_GENERATE)
  21:.\Generated_Source\PSoC5/CapSense_1_TunerHelper.c ****     volatile CapSense_1_MAILBOXES CapSense_1_mailboxesComm;
  22:.\Generated_Source\PSoC5/CapSense_1_TunerHelper.c **** #endif  /* (CapSense_1_TUNER_API_GENERATE) */
  23:.\Generated_Source\PSoC5/CapSense_1_TunerHelper.c **** 
  24:.\Generated_Source\PSoC5/CapSense_1_TunerHelper.c **** 
  25:.\Generated_Source\PSoC5/CapSense_1_TunerHelper.c **** /*******************************************************************************
  26:.\Generated_Source\PSoC5/CapSense_1_TunerHelper.c **** * Function Name: CapSense_1_TunerStart
  27:.\Generated_Source\PSoC5/CapSense_1_TunerHelper.c **** ********************************************************************************
  28:.\Generated_Source\PSoC5/CapSense_1_TunerHelper.c **** *
  29:.\Generated_Source\PSoC5/CapSense_1_TunerHelper.c **** * Summary:
  30:.\Generated_Source\PSoC5/CapSense_1_TunerHelper.c **** *  Initializes CapSense CSD component and EzI2C communication componenet to use
  31:.\Generated_Source\PSoC5/CapSense_1_TunerHelper.c **** *  mailbox data structure for communication with Tuner GUI.
ARM GAS  C:\Users\JohnP\AppData\Local\Temp\ccehW2Qc.s 			page 2


  32:.\Generated_Source\PSoC5/CapSense_1_TunerHelper.c **** *  Start the scanning, after initialization complete.
  33:.\Generated_Source\PSoC5/CapSense_1_TunerHelper.c **** *
  34:.\Generated_Source\PSoC5/CapSense_1_TunerHelper.c **** * Parameters:
  35:.\Generated_Source\PSoC5/CapSense_1_TunerHelper.c **** *  None
  36:.\Generated_Source\PSoC5/CapSense_1_TunerHelper.c **** *
  37:.\Generated_Source\PSoC5/CapSense_1_TunerHelper.c **** * Return:
  38:.\Generated_Source\PSoC5/CapSense_1_TunerHelper.c **** *  None
  39:.\Generated_Source\PSoC5/CapSense_1_TunerHelper.c **** *
  40:.\Generated_Source\PSoC5/CapSense_1_TunerHelper.c **** * Reentrant:
  41:.\Generated_Source\PSoC5/CapSense_1_TunerHelper.c **** *  No
  42:.\Generated_Source\PSoC5/CapSense_1_TunerHelper.c **** *
  43:.\Generated_Source\PSoC5/CapSense_1_TunerHelper.c **** * Note:
  44:.\Generated_Source\PSoC5/CapSense_1_TunerHelper.c **** *  All widgets are enabled by default except proximity widgets. Proximity widgets 
  45:.\Generated_Source\PSoC5/CapSense_1_TunerHelper.c **** *  must be manually enabled as their long scan time is incompatible 
  46:.\Generated_Source\PSoC5/CapSense_1_TunerHelper.c **** *  with the fast response required of other widget types. 
  47:.\Generated_Source\PSoC5/CapSense_1_TunerHelper.c **** *
  48:.\Generated_Source\PSoC5/CapSense_1_TunerHelper.c **** *******************************************************************************/
  49:.\Generated_Source\PSoC5/CapSense_1_TunerHelper.c **** void CapSense_1_TunerStart(void) 
  50:.\Generated_Source\PSoC5/CapSense_1_TunerHelper.c **** {
  27              		.loc 1 50 0
  28              		.cfi_startproc
  29              		@ args = 0, pretend = 0, frame = 0
  30              		@ frame_needed = 0, uses_anonymous_args = 0
  31              		@ link register save eliminated.
  32 0000 7047     		bx	lr
  33              		.cfi_endproc
  34              	.LFE0:
  35              		.size	CapSense_1_TunerStart, .-CapSense_1_TunerStart
  36 0002 00BF     		.section	.text.CapSense_1_TunerComm,"ax",%progbits
  37              		.align	2
  38              		.global	CapSense_1_TunerComm
  39              		.thumb
  40              		.thumb_func
  41              		.type	CapSense_1_TunerComm, %function
  42              	CapSense_1_TunerComm:
  43              	.LFB1:
  51:.\Generated_Source\PSoC5/CapSense_1_TunerHelper.c ****     #if (CapSense_1_TUNER_API_GENERATE)
  52:.\Generated_Source\PSoC5/CapSense_1_TunerHelper.c ****         
  53:.\Generated_Source\PSoC5/CapSense_1_TunerHelper.c ****         /* Init mbx and quick check */
  54:.\Generated_Source\PSoC5/CapSense_1_TunerHelper.c ****         CapSense_1_InitMailbox(&CapSense_1_mailboxesComm.csdMailbox);
  55:.\Generated_Source\PSoC5/CapSense_1_TunerHelper.c ****         CapSense_1_mailboxesComm.numMailBoxes = CapSense_1_DEFAULT_MAILBOXES_NUMBER;
  56:.\Generated_Source\PSoC5/CapSense_1_TunerHelper.c ****         
  57:.\Generated_Source\PSoC5/CapSense_1_TunerHelper.c ****         /* Start CapSense and baselines */
  58:.\Generated_Source\PSoC5/CapSense_1_TunerHelper.c ****         CapSense_1_Start();
  59:.\Generated_Source\PSoC5/CapSense_1_TunerHelper.c ****         
  60:.\Generated_Source\PSoC5/CapSense_1_TunerHelper.c ****         /* Initialize baselines */ 
  61:.\Generated_Source\PSoC5/CapSense_1_TunerHelper.c ****         CapSense_1_InitializeAllBaselines();
  62:.\Generated_Source\PSoC5/CapSense_1_TunerHelper.c ****         CapSense_1_InitializeAllBaselines();
  63:.\Generated_Source\PSoC5/CapSense_1_TunerHelper.c ****         
  64:.\Generated_Source\PSoC5/CapSense_1_TunerHelper.c ****         /* Start EzI2C, clears buf pointers */
  65:.\Generated_Source\PSoC5/CapSense_1_TunerHelper.c ****         EZI2C_Start();
  66:.\Generated_Source\PSoC5/CapSense_1_TunerHelper.c ****         
  67:.\Generated_Source\PSoC5/CapSense_1_TunerHelper.c ****         /* Setup EzI2C buffers */
  68:.\Generated_Source\PSoC5/CapSense_1_TunerHelper.c ****         EZI2C_SetBuffer1(sizeof(CapSense_1_mailboxesComm), sizeof(CapSense_1_mailboxesComm),
  69:.\Generated_Source\PSoC5/CapSense_1_TunerHelper.c ****                                         (void *) &CapSense_1_mailboxesComm);
  70:.\Generated_Source\PSoC5/CapSense_1_TunerHelper.c ****         
  71:.\Generated_Source\PSoC5/CapSense_1_TunerHelper.c ****         /* Starts scan all enabled sensors */
ARM GAS  C:\Users\JohnP\AppData\Local\Temp\ccehW2Qc.s 			page 3


  72:.\Generated_Source\PSoC5/CapSense_1_TunerHelper.c ****         CapSense_1_ScanEnabledWidgets();
  73:.\Generated_Source\PSoC5/CapSense_1_TunerHelper.c ****     
  74:.\Generated_Source\PSoC5/CapSense_1_TunerHelper.c ****     #endif  /* (CapSense_1_TUNER_API_GENERATE) */
  75:.\Generated_Source\PSoC5/CapSense_1_TunerHelper.c **** }
  76:.\Generated_Source\PSoC5/CapSense_1_TunerHelper.c **** 
  77:.\Generated_Source\PSoC5/CapSense_1_TunerHelper.c **** 
  78:.\Generated_Source\PSoC5/CapSense_1_TunerHelper.c **** /*******************************************************************************
  79:.\Generated_Source\PSoC5/CapSense_1_TunerHelper.c **** * Function Name: CapSense_1_TunerComm
  80:.\Generated_Source\PSoC5/CapSense_1_TunerHelper.c **** ********************************************************************************
  81:.\Generated_Source\PSoC5/CapSense_1_TunerHelper.c **** *
  82:.\Generated_Source\PSoC5/CapSense_1_TunerHelper.c **** * Summary:
  83:.\Generated_Source\PSoC5/CapSense_1_TunerHelper.c **** *  This function is blocking. It waits till scaning loop is completed and apply
  84:.\Generated_Source\PSoC5/CapSense_1_TunerHelper.c **** *  new parameters from Tuner GUI if available (manual tuning mode only). Updates
  85:.\Generated_Source\PSoC5/CapSense_1_TunerHelper.c **** *  enabled baselines and state of widgets. Waits while Tuner GUI reports that 
  86:.\Generated_Source\PSoC5/CapSense_1_TunerHelper.c **** *  content of mailbox could be modified. Then loads the report data into outbox 
  87:.\Generated_Source\PSoC5/CapSense_1_TunerHelper.c **** *  and sets the busy flag. Starts new scanning loop.
  88:.\Generated_Source\PSoC5/CapSense_1_TunerHelper.c **** *  
  89:.\Generated_Source\PSoC5/CapSense_1_TunerHelper.c **** * Parameters:
  90:.\Generated_Source\PSoC5/CapSense_1_TunerHelper.c **** *  None
  91:.\Generated_Source\PSoC5/CapSense_1_TunerHelper.c **** *
  92:.\Generated_Source\PSoC5/CapSense_1_TunerHelper.c **** * Return:
  93:.\Generated_Source\PSoC5/CapSense_1_TunerHelper.c **** *  None
  94:.\Generated_Source\PSoC5/CapSense_1_TunerHelper.c **** *
  95:.\Generated_Source\PSoC5/CapSense_1_TunerHelper.c **** * Reentrant:
  96:.\Generated_Source\PSoC5/CapSense_1_TunerHelper.c **** *  No
  97:.\Generated_Source\PSoC5/CapSense_1_TunerHelper.c **** *
  98:.\Generated_Source\PSoC5/CapSense_1_TunerHelper.c **** *******************************************************************************/
  99:.\Generated_Source\PSoC5/CapSense_1_TunerHelper.c **** void CapSense_1_TunerComm(void) 
 100:.\Generated_Source\PSoC5/CapSense_1_TunerHelper.c **** {
  44              		.loc 1 100 0
  45              		.cfi_startproc
  46              		@ args = 0, pretend = 0, frame = 0
  47              		@ frame_needed = 0, uses_anonymous_args = 0
  48              		@ link register save eliminated.
  49 0000 7047     		bx	lr
  50              		.cfi_endproc
  51              	.LFE1:
  52              		.size	CapSense_1_TunerComm, .-CapSense_1_TunerComm
  53 0002 00BF     		.text
  54              	.Letext0:
  55              		.section	.debug_info,"",%progbits
  56              	.Ldebug_info0:
  57 0000 A6000000 		.4byte	0xa6
  58 0004 0400     		.2byte	0x4
  59 0006 00000000 		.4byte	.Ldebug_abbrev0
  60 000a 04       		.byte	0x4
  61 000b 01       		.uleb128 0x1
  62 000c 10010000 		.4byte	.LASF15
  63 0010 01       		.byte	0x1
  64 0011 D0000000 		.4byte	.LASF16
  65 0015 1B000000 		.4byte	.LASF17
  66 0019 00000000 		.4byte	.Ldebug_ranges0+0
  67 001d 00000000 		.4byte	0
  68 0021 00000000 		.4byte	.Ldebug_line0
  69 0025 02       		.uleb128 0x2
  70 0026 01       		.byte	0x1
  71 0027 06       		.byte	0x6
ARM GAS  C:\Users\JohnP\AppData\Local\Temp\ccehW2Qc.s 			page 4


  72 0028 C9010000 		.4byte	.LASF0
  73 002c 02       		.uleb128 0x2
  74 002d 01       		.byte	0x1
  75 002e 08       		.byte	0x8
  76 002f 02010000 		.4byte	.LASF1
  77 0033 02       		.uleb128 0x2
  78 0034 02       		.byte	0x2
  79 0035 05       		.byte	0x5
  80 0036 DB010000 		.4byte	.LASF2
  81 003a 02       		.uleb128 0x2
  82 003b 02       		.byte	0x2
  83 003c 07       		.byte	0x7
  84 003d B6010000 		.4byte	.LASF3
  85 0041 02       		.uleb128 0x2
  86 0042 04       		.byte	0x4
  87 0043 05       		.byte	0x5
  88 0044 91010000 		.4byte	.LASF4
  89 0048 02       		.uleb128 0x2
  90 0049 04       		.byte	0x4
  91 004a 07       		.byte	0x7
  92 004b 91000000 		.4byte	.LASF5
  93 004f 02       		.uleb128 0x2
  94 0050 08       		.byte	0x8
  95 0051 05       		.byte	0x5
  96 0052 00000000 		.4byte	.LASF6
  97 0056 02       		.uleb128 0x2
  98 0057 08       		.byte	0x8
  99 0058 07       		.byte	0x7
 100 0059 A3000000 		.4byte	.LASF7
 101 005d 03       		.uleb128 0x3
 102 005e 04       		.byte	0x4
 103 005f 05       		.byte	0x5
 104 0060 696E7400 		.ascii	"int\000"
 105 0064 02       		.uleb128 0x2
 106 0065 04       		.byte	0x4
 107 0066 07       		.byte	0x7
 108 0067 0E000000 		.4byte	.LASF8
 109 006b 02       		.uleb128 0x2
 110 006c 04       		.byte	0x4
 111 006d 04       		.byte	0x4
 112 006e D5010000 		.4byte	.LASF9
 113 0072 02       		.uleb128 0x2
 114 0073 08       		.byte	0x8
 115 0074 04       		.byte	0x4
 116 0075 AF010000 		.4byte	.LASF10
 117 0079 02       		.uleb128 0x2
 118 007a 01       		.byte	0x1
 119 007b 08       		.byte	0x8
 120 007c 8C010000 		.4byte	.LASF11
 121 0080 02       		.uleb128 0x2
 122 0081 04       		.byte	0x4
 123 0082 07       		.byte	0x7
 124 0083 E5010000 		.4byte	.LASF12
 125 0087 04       		.uleb128 0x4
 126 0088 BA000000 		.4byte	.LASF13
 127 008c 01       		.byte	0x1
 128 008d 31       		.byte	0x31
ARM GAS  C:\Users\JohnP\AppData\Local\Temp\ccehW2Qc.s 			page 5


 129 008e 00000000 		.4byte	.LFB0
 130 0092 02000000 		.4byte	.LFE0-.LFB0
 131 0096 01       		.uleb128 0x1
 132 0097 9C       		.byte	0x9c
 133 0098 04       		.uleb128 0x4
 134 0099 9A010000 		.4byte	.LASF14
 135 009d 01       		.byte	0x1
 136 009e 63       		.byte	0x63
 137 009f 00000000 		.4byte	.LFB1
 138 00a3 02000000 		.4byte	.LFE1-.LFB1
 139 00a7 01       		.uleb128 0x1
 140 00a8 9C       		.byte	0x9c
 141 00a9 00       		.byte	0
 142              		.section	.debug_abbrev,"",%progbits
 143              	.Ldebug_abbrev0:
 144 0000 01       		.uleb128 0x1
 145 0001 11       		.uleb128 0x11
 146 0002 01       		.byte	0x1
 147 0003 25       		.uleb128 0x25
 148 0004 0E       		.uleb128 0xe
 149 0005 13       		.uleb128 0x13
 150 0006 0B       		.uleb128 0xb
 151 0007 03       		.uleb128 0x3
 152 0008 0E       		.uleb128 0xe
 153 0009 1B       		.uleb128 0x1b
 154 000a 0E       		.uleb128 0xe
 155 000b 55       		.uleb128 0x55
 156 000c 17       		.uleb128 0x17
 157 000d 11       		.uleb128 0x11
 158 000e 01       		.uleb128 0x1
 159 000f 10       		.uleb128 0x10
 160 0010 17       		.uleb128 0x17
 161 0011 00       		.byte	0
 162 0012 00       		.byte	0
 163 0013 02       		.uleb128 0x2
 164 0014 24       		.uleb128 0x24
 165 0015 00       		.byte	0
 166 0016 0B       		.uleb128 0xb
 167 0017 0B       		.uleb128 0xb
 168 0018 3E       		.uleb128 0x3e
 169 0019 0B       		.uleb128 0xb
 170 001a 03       		.uleb128 0x3
 171 001b 0E       		.uleb128 0xe
 172 001c 00       		.byte	0
 173 001d 00       		.byte	0
 174 001e 03       		.uleb128 0x3
 175 001f 24       		.uleb128 0x24
 176 0020 00       		.byte	0
 177 0021 0B       		.uleb128 0xb
 178 0022 0B       		.uleb128 0xb
 179 0023 3E       		.uleb128 0x3e
 180 0024 0B       		.uleb128 0xb
 181 0025 03       		.uleb128 0x3
 182 0026 08       		.uleb128 0x8
 183 0027 00       		.byte	0
 184 0028 00       		.byte	0
 185 0029 04       		.uleb128 0x4
ARM GAS  C:\Users\JohnP\AppData\Local\Temp\ccehW2Qc.s 			page 6


 186 002a 2E       		.uleb128 0x2e
 187 002b 00       		.byte	0
 188 002c 3F       		.uleb128 0x3f
 189 002d 19       		.uleb128 0x19
 190 002e 03       		.uleb128 0x3
 191 002f 0E       		.uleb128 0xe
 192 0030 3A       		.uleb128 0x3a
 193 0031 0B       		.uleb128 0xb
 194 0032 3B       		.uleb128 0x3b
 195 0033 0B       		.uleb128 0xb
 196 0034 27       		.uleb128 0x27
 197 0035 19       		.uleb128 0x19
 198 0036 11       		.uleb128 0x11
 199 0037 01       		.uleb128 0x1
 200 0038 12       		.uleb128 0x12
 201 0039 06       		.uleb128 0x6
 202 003a 40       		.uleb128 0x40
 203 003b 18       		.uleb128 0x18
 204 003c 9742     		.uleb128 0x2117
 205 003e 19       		.uleb128 0x19
 206 003f 00       		.byte	0
 207 0040 00       		.byte	0
 208 0041 00       		.byte	0
 209              		.section	.debug_aranges,"",%progbits
 210 0000 24000000 		.4byte	0x24
 211 0004 0200     		.2byte	0x2
 212 0006 00000000 		.4byte	.Ldebug_info0
 213 000a 04       		.byte	0x4
 214 000b 00       		.byte	0
 215 000c 0000     		.2byte	0
 216 000e 0000     		.2byte	0
 217 0010 00000000 		.4byte	.LFB0
 218 0014 02000000 		.4byte	.LFE0-.LFB0
 219 0018 00000000 		.4byte	.LFB1
 220 001c 02000000 		.4byte	.LFE1-.LFB1
 221 0020 00000000 		.4byte	0
 222 0024 00000000 		.4byte	0
 223              		.section	.debug_ranges,"",%progbits
 224              	.Ldebug_ranges0:
 225 0000 00000000 		.4byte	.LFB0
 226 0004 02000000 		.4byte	.LFE0
 227 0008 00000000 		.4byte	.LFB1
 228 000c 02000000 		.4byte	.LFE1
 229 0010 00000000 		.4byte	0
 230 0014 00000000 		.4byte	0
 231              		.section	.debug_line,"",%progbits
 232              	.Ldebug_line0:
 233 0000 6D000000 		.section	.debug_str,"MS",%progbits,1
 233      02004800 
 233      00000201 
 233      FB0E0D00 
 233      01010101 
 234              	.LASF6:
 235 0000 6C6F6E67 		.ascii	"long long int\000"
 235      206C6F6E 
 235      6720696E 
 235      7400
ARM GAS  C:\Users\JohnP\AppData\Local\Temp\ccehW2Qc.s 			page 7


 236              	.LASF8:
 237 000e 756E7369 		.ascii	"unsigned int\000"
 237      676E6564 
 237      20696E74 
 237      00
 238              	.LASF17:
 239 001b 433A5C55 		.ascii	"C:\\Users\\JohnP\\OneDrive\\College\\2015-2016 Seni"
 239      73657273 
 239      5C4A6F68 
 239      6E505C4F 
 239      6E654472 
 240 0049 6F722059 		.ascii	"or Year\\0 Fall Quarter\\CE4920\\Lab\\project\\CE49"
 240      6561725C 
 240      30204661 
 240      6C6C2051 
 240      75617274 
 241 0077 32305072 		.ascii	"20Project1\\Design01.cydsn\000"
 241      6F6A6563 
 241      74315C44 
 241      65736967 
 241      6E30312E 
 242              	.LASF5:
 243 0091 6C6F6E67 		.ascii	"long unsigned int\000"
 243      20756E73 
 243      69676E65 
 243      6420696E 
 243      7400
 244              	.LASF7:
 245 00a3 6C6F6E67 		.ascii	"long long unsigned int\000"
 245      206C6F6E 
 245      6720756E 
 245      7369676E 
 245      65642069 
 246              	.LASF13:
 247 00ba 43617053 		.ascii	"CapSense_1_TunerStart\000"
 247      656E7365 
 247      5F315F54 
 247      756E6572 
 247      53746172 
 248              	.LASF16:
 249 00d0 2E5C4765 		.ascii	".\\Generated_Source\\PSoC5\\CapSense_1_TunerHelper."
 249      6E657261 
 249      7465645F 
 249      536F7572 
 249      63655C50 
 250 0100 6300     		.ascii	"c\000"
 251              	.LASF1:
 252 0102 756E7369 		.ascii	"unsigned char\000"
 252      676E6564 
 252      20636861 
 252      7200
 253              	.LASF15:
 254 0110 474E5520 		.ascii	"GNU C 4.8.4 20140526 (release) [ARM/embedded-4_8-br"
 254      4320342E 
 254      382E3420 
 254      32303134 
 254      30353236 
ARM GAS  C:\Users\JohnP\AppData\Local\Temp\ccehW2Qc.s 			page 8


 255 0143 616E6368 		.ascii	"anch revision 211358] -mcpu=cortex-m3 -mthumb -g -O"
 255      20726576 
 255      6973696F 
 255      6E203231 
 255      31333538 
 256 0176 67202D66 		.ascii	"g -ffunction-sections\000"
 256      66756E63 
 256      74696F6E 
 256      2D736563 
 256      74696F6E 
 257              	.LASF11:
 258 018c 63686172 		.ascii	"char\000"
 258      00
 259              	.LASF4:
 260 0191 6C6F6E67 		.ascii	"long int\000"
 260      20696E74 
 260      00
 261              	.LASF14:
 262 019a 43617053 		.ascii	"CapSense_1_TunerComm\000"
 262      656E7365 
 262      5F315F54 
 262      756E6572 
 262      436F6D6D 
 263              	.LASF10:
 264 01af 646F7562 		.ascii	"double\000"
 264      6C6500
 265              	.LASF3:
 266 01b6 73686F72 		.ascii	"short unsigned int\000"
 266      7420756E 
 266      7369676E 
 266      65642069 
 266      6E7400
 267              	.LASF0:
 268 01c9 7369676E 		.ascii	"signed char\000"
 268      65642063 
 268      68617200 
 269              	.LASF9:
 270 01d5 666C6F61 		.ascii	"float\000"
 270      7400
 271              	.LASF2:
 272 01db 73686F72 		.ascii	"short int\000"
 272      7420696E 
 272      7400
 273              	.LASF12:
 274 01e5 73697A65 		.ascii	"sizetype\000"
 274      74797065 
 274      00
 275              		.ident	"GCC: (GNU Tools for ARM Embedded Processors) 4.8.4 20140526 (release) [ARM/embedded-4_8-br
