ARM GAS  C:\Users\JohnP\AppData\Local\Temp\ccrB68fe.s 			page 1


   1              		.syntax unified
   2              		.cpu cortex-m3
   3              		.fpu softvfp
   4              		.eabi_attribute 20, 1
   5              		.eabi_attribute 21, 1
   6              		.eabi_attribute 23, 3
   7              		.eabi_attribute 24, 1
   8              		.eabi_attribute 25, 1
   9              		.eabi_attribute 26, 1
  10              		.eabi_attribute 30, 1
  11              		.eabi_attribute 34, 1
  12              		.eabi_attribute 18, 4
  13              		.thumb
  14              		.file	"CapSense_INT.c"
  15              		.text
  16              	.Ltext0:
  17              		.cfi_sections	.debug_frame
  18              		.section	.text.CapSense_IsrCH0_ISR,"ax",%progbits
  19              		.align	2
  20              		.global	CapSense_IsrCH0_ISR
  21              		.thumb
  22              		.thumb_func
  23              		.type	CapSense_IsrCH0_ISR, %function
  24              	CapSense_IsrCH0_ISR:
  25              	.LFB0:
  26              		.file 1 ".\\Generated_Source\\PSoC5\\CapSense_INT.c"
   1:.\Generated_Source\PSoC5/CapSense_INT.c **** /*******************************************************************************
   2:.\Generated_Source\PSoC5/CapSense_INT.c **** * File Name: CapSense_INT.c
   3:.\Generated_Source\PSoC5/CapSense_INT.c **** * Version 3.50
   4:.\Generated_Source\PSoC5/CapSense_INT.c **** *
   5:.\Generated_Source\PSoC5/CapSense_INT.c **** * Description:
   6:.\Generated_Source\PSoC5/CapSense_INT.c **** *  This file provides the source code of Interrupt Service Routine (ISR)
   7:.\Generated_Source\PSoC5/CapSense_INT.c **** *  for CapSense CSD component.
   8:.\Generated_Source\PSoC5/CapSense_INT.c **** *
   9:.\Generated_Source\PSoC5/CapSense_INT.c **** * Note:
  10:.\Generated_Source\PSoC5/CapSense_INT.c **** *
  11:.\Generated_Source\PSoC5/CapSense_INT.c **** ********************************************************************************
  12:.\Generated_Source\PSoC5/CapSense_INT.c **** * Copyright 2008-2013, Cypress Semiconductor Corporation.  All rights reserved.
  13:.\Generated_Source\PSoC5/CapSense_INT.c **** * You may use this file only in accordance with the license, terms, conditions,
  14:.\Generated_Source\PSoC5/CapSense_INT.c **** * disclaimers, and limitations in the end user license agreement accompanying
  15:.\Generated_Source\PSoC5/CapSense_INT.c **** * the software package with which this file was provided.
  16:.\Generated_Source\PSoC5/CapSense_INT.c **** *******************************************************************************/
  17:.\Generated_Source\PSoC5/CapSense_INT.c **** 
  18:.\Generated_Source\PSoC5/CapSense_INT.c **** #include "CapSense.h"
  19:.\Generated_Source\PSoC5/CapSense_INT.c **** 
  20:.\Generated_Source\PSoC5/CapSense_INT.c **** /*******************************************************************************
  21:.\Generated_Source\PSoC5/CapSense_INT.c **** *  Place your includes, defines and code here 
  22:.\Generated_Source\PSoC5/CapSense_INT.c **** ********************************************************************************/
  23:.\Generated_Source\PSoC5/CapSense_INT.c **** /* `#START CapSense_IsrCH_ISR_intc` */
  24:.\Generated_Source\PSoC5/CapSense_INT.c **** #include "Display.h"
  25:.\Generated_Source\PSoC5/CapSense_INT.c **** #include "CapSense_CSHL.h"
  26:.\Generated_Source\PSoC5/CapSense_INT.c **** #include "CapSense.h"
  27:.\Generated_Source\PSoC5/CapSense_INT.c **** #include "states.h"
  28:.\Generated_Source\PSoC5/CapSense_INT.c **** #include "speaker.h"
  29:.\Generated_Source\PSoC5/CapSense_INT.c **** #include "LED2.h"
  30:.\Generated_Source\PSoC5/CapSense_INT.c **** /* `#END` */
  31:.\Generated_Source\PSoC5/CapSense_INT.c **** 
ARM GAS  C:\Users\JohnP\AppData\Local\Temp\ccrB68fe.s 			page 2


  32:.\Generated_Source\PSoC5/CapSense_INT.c **** 
  33:.\Generated_Source\PSoC5/CapSense_INT.c **** #if (CapSense_DESIGN_TYPE == CapSense_ONE_CHANNEL_DESIGN)
  34:.\Generated_Source\PSoC5/CapSense_INT.c ****     /*******************************************************************************
  35:.\Generated_Source\PSoC5/CapSense_INT.c ****     * Function Name: CapSense_IsrCH0_ISR
  36:.\Generated_Source\PSoC5/CapSense_INT.c ****     ********************************************************************************
  37:.\Generated_Source\PSoC5/CapSense_INT.c ****     *
  38:.\Generated_Source\PSoC5/CapSense_INT.c ****     * Summary:
  39:.\Generated_Source\PSoC5/CapSense_INT.c ****     *  This ISR is executed when measure window is closed. The measure window 
  40:.\Generated_Source\PSoC5/CapSense_INT.c ****     *  depends on scan resolution parameter of sensor. 
  41:.\Generated_Source\PSoC5/CapSense_INT.c ****     *  The ISR has two modes: 
  42:.\Generated_Source\PSoC5/CapSense_INT.c ****     *   1. Scans single sensor and stores measure result.
  43:.\Generated_Source\PSoC5/CapSense_INT.c ****     *   2. Stores result of current measure and starts next scan till all 
  44:.\Generated_Source\PSoC5/CapSense_INT.c ****     *      enabled sensors will be scanned.
  45:.\Generated_Source\PSoC5/CapSense_INT.c ****     *  This interrupt handler only used in one channel designs.
  46:.\Generated_Source\PSoC5/CapSense_INT.c ****     *
  47:.\Generated_Source\PSoC5/CapSense_INT.c ****     * Parameters:
  48:.\Generated_Source\PSoC5/CapSense_INT.c ****     *  None
  49:.\Generated_Source\PSoC5/CapSense_INT.c ****     *
  50:.\Generated_Source\PSoC5/CapSense_INT.c ****     * Return:
  51:.\Generated_Source\PSoC5/CapSense_INT.c ****     *  None
  52:.\Generated_Source\PSoC5/CapSense_INT.c ****     *
  53:.\Generated_Source\PSoC5/CapSense_INT.c ****     * Global Variables:
  54:.\Generated_Source\PSoC5/CapSense_INT.c ****     *  CapSense_csv - used to provide status and mode of scanning process.
  55:.\Generated_Source\PSoC5/CapSense_INT.c ****     *   Mode - single scan or scan of all enabled sensors.
  56:.\Generated_Source\PSoC5/CapSense_INT.c ****     *   Status - scan in progress or ready for new scan.
  57:.\Generated_Source\PSoC5/CapSense_INT.c ****     *  CapSense_sensorIndex - used to store sensor scanning sensor number.
  58:.\Generated_Source\PSoC5/CapSense_INT.c ****     *
  59:.\Generated_Source\PSoC5/CapSense_INT.c ****     * Reentrant:
  60:.\Generated_Source\PSoC5/CapSense_INT.c ****     *  No
  61:.\Generated_Source\PSoC5/CapSense_INT.c ****     *
  62:.\Generated_Source\PSoC5/CapSense_INT.c ****     *******************************************************************************/
  63:.\Generated_Source\PSoC5/CapSense_INT.c ****     CY_ISR(CapSense_IsrCH0_ISR)
  64:.\Generated_Source\PSoC5/CapSense_INT.c ****     {
  27              		.loc 1 64 0
  28              		.cfi_startproc
  29              		@ args = 0, pretend = 0, frame = 0
  30              		@ frame_needed = 0, uses_anonymous_args = 0
  31 0000 10B5     		push	{r4, lr}
  32              		.cfi_def_cfa_offset 8
  33              		.cfi_offset 4, -8
  34              		.cfi_offset 14, -4
  65:.\Generated_Source\PSoC5/CapSense_INT.c ****         /*  Place your Interrupt code here. */
  66:.\Generated_Source\PSoC5/CapSense_INT.c ****         /* `#START CapSense_ONE_CHANNEL_IsrCH0_ISR_ENTER` */
  67:.\Generated_Source\PSoC5/CapSense_INT.c **** 
  68:.\Generated_Source\PSoC5/CapSense_INT.c ****         /* `#END` */
  69:.\Generated_Source\PSoC5/CapSense_INT.c ****     
  70:.\Generated_Source\PSoC5/CapSense_INT.c ****         /* Save results and disable sensor */
  71:.\Generated_Source\PSoC5/CapSense_INT.c ****         CapSense_PostScan(CapSense_sensorIndex);
  35              		.loc 1 71 0
  36 0002 114B     		ldr	r3, .L5
  37 0004 1878     		ldrb	r0, [r3]	@ zero_extendqisi2
  38 0006 FFF7FEFF 		bl	CapSense_PostScan
  39              	.LVL0:
  72:.\Generated_Source\PSoC5/CapSense_INT.c ****                 
  73:.\Generated_Source\PSoC5/CapSense_INT.c ****         if ((CapSense_csv & CapSense_SW_CTRL_SINGLE_SCAN) != 0u)
  40              		.loc 1 73 0
  41 000a 104B     		ldr	r3, .L5+4
ARM GAS  C:\Users\JohnP\AppData\Local\Temp\ccrB68fe.s 			page 3


  42 000c 1B78     		ldrb	r3, [r3]	@ zero_extendqisi2
  43 000e 13F0800F 		tst	r3, #128
  44 0012 05D0     		beq	.L2
  74:.\Generated_Source\PSoC5/CapSense_INT.c ****         {
  75:.\Generated_Source\PSoC5/CapSense_INT.c ****             CapSense_csv &= (uint8)~CapSense_SW_STS_BUSY;
  45              		.loc 1 75 0
  46 0014 0D4B     		ldr	r3, .L5+4
  47 0016 1A78     		ldrb	r2, [r3]	@ zero_extendqisi2
  48 0018 02F0FE02 		and	r2, r2, #254
  49 001c 1A70     		strb	r2, [r3]
  50 001e 10BD     		pop	{r4, pc}
  51              	.L2:
  76:.\Generated_Source\PSoC5/CapSense_INT.c ****         }
  77:.\Generated_Source\PSoC5/CapSense_INT.c ****         else
  78:.\Generated_Source\PSoC5/CapSense_INT.c ****         {
  79:.\Generated_Source\PSoC5/CapSense_INT.c ****             /* Proceed the scanning */
  80:.\Generated_Source\PSoC5/CapSense_INT.c ****             CapSense_sensorIndex = CapSense_FindNextSensor(CapSense_sensorIndex);
  52              		.loc 1 80 0
  53 0020 094C     		ldr	r4, .L5
  54 0022 2078     		ldrb	r0, [r4]	@ zero_extendqisi2
  55 0024 FFF7FEFF 		bl	CapSense_FindNextSensor
  56              	.LVL1:
  57 0028 2070     		strb	r0, [r4]
  81:.\Generated_Source\PSoC5/CapSense_INT.c ****             
  82:.\Generated_Source\PSoC5/CapSense_INT.c ****             /* Check end of scan */
  83:.\Generated_Source\PSoC5/CapSense_INT.c ****             if(CapSense_sensorIndex < CapSense_TOTAL_SENSOR_COUNT)
  58              		.loc 1 83 0
  59 002a 2378     		ldrb	r3, [r4]	@ zero_extendqisi2
  60 002c DBB2     		uxtb	r3, r3
  61 002e 062B     		cmp	r3, #6
  62 0030 03D8     		bhi	.L4
  84:.\Generated_Source\PSoC5/CapSense_INT.c ****             {
  85:.\Generated_Source\PSoC5/CapSense_INT.c ****                 CapSense_PreScan(CapSense_sensorIndex);
  63              		.loc 1 85 0
  64 0032 2078     		ldrb	r0, [r4]	@ zero_extendqisi2
  65 0034 FFF7FEFF 		bl	CapSense_PreScan
  66              	.LVL2:
  67 0038 10BD     		pop	{r4, pc}
  68              	.L4:
  86:.\Generated_Source\PSoC5/CapSense_INT.c ****             }
  87:.\Generated_Source\PSoC5/CapSense_INT.c ****             else
  88:.\Generated_Source\PSoC5/CapSense_INT.c ****             {
  89:.\Generated_Source\PSoC5/CapSense_INT.c ****                 CapSense_csv &= (uint8)~CapSense_SW_STS_BUSY;
  69              		.loc 1 89 0
  70 003a 044B     		ldr	r3, .L5+4
  71 003c 1A78     		ldrb	r2, [r3]	@ zero_extendqisi2
  72 003e 02F0FE02 		and	r2, r2, #254
  73 0042 1A70     		strb	r2, [r3]
  74 0044 10BD     		pop	{r4, pc}
  75              	.L6:
  76 0046 00BF     		.align	2
  77              	.L5:
  78 0048 00000000 		.word	CapSense_sensorIndex
  79 004c 00000000 		.word	CapSense_csv
  80              		.cfi_endproc
  81              	.LFE0:
  82              		.size	CapSense_IsrCH0_ISR, .-CapSense_IsrCH0_ISR
ARM GAS  C:\Users\JohnP\AppData\Local\Temp\ccrB68fe.s 			page 4


  83              		.comm	Prev_state,4,4
  84              		.comm	currentState,4,4
  85              		.comm	PROFILE,4,4
  86              		.comm	increasingHr,4,4
  87              		.comm	average,4,4
  88              		.comm	timer_value,4,4
  89              		.comm	timer_status,4,4
  90              		.comm	heartbeatCounter,4,4
  91              		.comm	heartrate,4,4
  92              		.comm	speed,4,4
  93              		.text
  94              	.Letext0:
  95              		.file 2 ".\\Generated_Source\\PSoC5\\cytypes.h"
  96              		.file 3 "./states.h"
  97              		.file 4 ".\\Generated_Source\\PSoC5\\CapSense.h"
  98              		.file 5 "./motor.h"
  99              		.file 6 "./heartrate.h"
 100              		.section	.debug_info,"",%progbits
 101              	.Ldebug_info0:
 102 0000 C8010000 		.4byte	0x1c8
 103 0004 0400     		.2byte	0x4
 104 0006 00000000 		.4byte	.Ldebug_abbrev0
 105 000a 04       		.byte	0x4
 106 000b 01       		.uleb128 0x1
 107 000c BA000000 		.4byte	.LASF27
 108 0010 01       		.byte	0x1
 109 0011 5C010000 		.4byte	.LASF28
 110 0015 22020000 		.4byte	.LASF29
 111 0019 00000000 		.4byte	.Ldebug_ranges0+0
 112 001d 00000000 		.4byte	0
 113 0021 00000000 		.4byte	.Ldebug_line0
 114 0025 02       		.uleb128 0x2
 115 0026 01       		.byte	0x1
 116 0027 06       		.byte	0x6
 117 0028 16020000 		.4byte	.LASF0
 118 002c 02       		.uleb128 0x2
 119 002d 01       		.byte	0x1
 120 002e 08       		.byte	0x8
 121 002f 9A000000 		.4byte	.LASF1
 122 0033 02       		.uleb128 0x2
 123 0034 02       		.byte	0x2
 124 0035 05       		.byte	0x5
 125 0036 EE010000 		.4byte	.LASF2
 126 003a 02       		.uleb128 0x2
 127 003b 02       		.byte	0x2
 128 003c 07       		.byte	0x7
 129 003d 36010000 		.4byte	.LASF3
 130 0041 02       		.uleb128 0x2
 131 0042 04       		.byte	0x4
 132 0043 05       		.byte	0x5
 133 0044 33000000 		.4byte	.LASF4
 134 0048 02       		.uleb128 0x2
 135 0049 04       		.byte	0x4
 136 004a 07       		.byte	0x7
 137 004b A8000000 		.4byte	.LASF5
 138 004f 02       		.uleb128 0x2
 139 0050 08       		.byte	0x8
ARM GAS  C:\Users\JohnP\AppData\Local\Temp\ccrB68fe.s 			page 5


 140 0051 05       		.byte	0x5
 141 0052 00000000 		.4byte	.LASF6
 142 0056 02       		.uleb128 0x2
 143 0057 08       		.byte	0x8
 144 0058 07       		.byte	0x7
 145 0059 9E010000 		.4byte	.LASF7
 146 005d 03       		.uleb128 0x3
 147 005e 04       		.byte	0x4
 148 005f 05       		.byte	0x5
 149 0060 696E7400 		.ascii	"int\000"
 150 0064 02       		.uleb128 0x2
 151 0065 04       		.byte	0x4
 152 0066 07       		.byte	0x7
 153 0067 91010000 		.4byte	.LASF8
 154 006b 04       		.uleb128 0x4
 155 006c F8010000 		.4byte	.LASF13
 156 0070 02       		.byte	0x2
 157 0071 B4       		.byte	0xb4
 158 0072 2C000000 		.4byte	0x2c
 159 0076 02       		.uleb128 0x2
 160 0077 04       		.byte	0x4
 161 0078 04       		.byte	0x4
 162 0079 87000000 		.4byte	.LASF9
 163 007d 02       		.uleb128 0x2
 164 007e 08       		.byte	0x8
 165 007f 04       		.byte	0x4
 166 0080 49010000 		.4byte	.LASF10
 167 0084 02       		.uleb128 0x2
 168 0085 01       		.byte	0x1
 169 0086 08       		.byte	0x8
 170 0087 E9010000 		.4byte	.LASF11
 171 008b 05       		.uleb128 0x5
 172 008c 6B000000 		.4byte	0x6b
 173 0090 02       		.uleb128 0x2
 174 0091 04       		.byte	0x4
 175 0092 07       		.byte	0x7
 176 0093 D6010000 		.4byte	.LASF12
 177 0097 04       		.uleb128 0x4
 178 0098 CA010000 		.4byte	.LASF14
 179 009c 03       		.byte	0x3
 180 009d 11       		.byte	0x11
 181 009e 5D000000 		.4byte	0x5d
 182 00a2 06       		.uleb128 0x6
 183 00a3 3C000000 		.4byte	.LASF30
 184 00a7 01       		.byte	0x1
 185 00a8 3F       		.byte	0x3f
 186 00a9 00000000 		.4byte	.LFB0
 187 00ad 50000000 		.4byte	.LFE0-.LFB0
 188 00b1 01       		.uleb128 0x1
 189 00b2 9C       		.byte	0x9c
 190 00b3 D3000000 		.4byte	0xd3
 191 00b7 07       		.uleb128 0x7
 192 00b8 0A000000 		.4byte	.LVL0
 193 00bc 95010000 		.4byte	0x195
 194 00c0 07       		.uleb128 0x7
 195 00c1 28000000 		.4byte	.LVL1
 196 00c5 A7010000 		.4byte	0x1a7
ARM GAS  C:\Users\JohnP\AppData\Local\Temp\ccrB68fe.s 			page 6


 197 00c9 07       		.uleb128 0x7
 198 00ca 38000000 		.4byte	.LVL2
 199 00ce BD010000 		.4byte	0x1bd
 200 00d2 00       		.byte	0
 201 00d3 08       		.uleb128 0x8
 202 00d4 8D000000 		.4byte	.LASF15
 203 00d8 04       		.byte	0x4
 204 00d9 B402     		.2byte	0x2b4
 205 00db 8B000000 		.4byte	0x8b
 206 00df 08       		.uleb128 0x8
 207 00e0 B5010000 		.4byte	.LASF16
 208 00e4 04       		.byte	0x4
 209 00e5 B502     		.2byte	0x2b5
 210 00e7 8B000000 		.4byte	0x8b
 211 00eb 09       		.uleb128 0x9
 212 00ec D0010000 		.4byte	.LASF17
 213 00f0 05       		.byte	0x5
 214 00f1 12       		.byte	0x12
 215 00f2 5D000000 		.4byte	0x5d
 216 00f6 05       		.uleb128 0x5
 217 00f7 03       		.byte	0x3
 218 00f8 00000000 		.4byte	speed
 219 00fc 09       		.uleb128 0x9
 220 00fd DF010000 		.4byte	.LASF18
 221 0101 03       		.byte	0x3
 222 0102 14       		.byte	0x14
 223 0103 76000000 		.4byte	0x76
 224 0107 05       		.uleb128 0x5
 225 0108 03       		.byte	0x3
 226 0109 00000000 		.4byte	heartrate
 227 010d 09       		.uleb128 0x9
 228 010e 76000000 		.4byte	.LASF19
 229 0112 06       		.byte	0x6
 230 0113 14       		.byte	0x14
 231 0114 76000000 		.4byte	0x76
 232 0118 05       		.uleb128 0x5
 233 0119 03       		.byte	0x3
 234 011a 00000000 		.4byte	heartbeatCounter
 235 011e 09       		.uleb128 0x9
 236 011f 50000000 		.4byte	.LASF20
 237 0123 06       		.byte	0x6
 238 0124 15       		.byte	0x15
 239 0125 5D000000 		.4byte	0x5d
 240 0129 05       		.uleb128 0x5
 241 012a 03       		.byte	0x3
 242 012b 00000000 		.4byte	timer_status
 243 012f 09       		.uleb128 0x9
 244 0130 50010000 		.4byte	.LASF21
 245 0134 06       		.byte	0x6
 246 0135 16       		.byte	0x16
 247 0136 5D000000 		.4byte	0x5d
 248 013a 05       		.uleb128 0x5
 249 013b 03       		.byte	0x3
 250 013c 00000000 		.4byte	timer_value
 251 0140 09       		.uleb128 0x9
 252 0141 2B000000 		.4byte	.LASF22
 253 0145 03       		.byte	0x3
ARM GAS  C:\Users\JohnP\AppData\Local\Temp\ccrB68fe.s 			page 7


 254 0146 15       		.byte	0x15
 255 0147 76000000 		.4byte	0x76
 256 014b 05       		.uleb128 0x5
 257 014c 03       		.byte	0x3
 258 014d 00000000 		.4byte	average
 259 0151 09       		.uleb128 0x9
 260 0152 84010000 		.4byte	.LASF23
 261 0156 03       		.byte	0x3
 262 0157 16       		.byte	0x16
 263 0158 5D000000 		.4byte	0x5d
 264 015c 05       		.uleb128 0x5
 265 015d 03       		.byte	0x3
 266 015e 00000000 		.4byte	increasingHr
 267 0162 09       		.uleb128 0x9
 268 0163 6E000000 		.4byte	.LASF24
 269 0167 03       		.byte	0x3
 270 0168 18       		.byte	0x18
 271 0169 5D000000 		.4byte	0x5d
 272 016d 05       		.uleb128 0x5
 273 016e 03       		.byte	0x3
 274 016f 00000000 		.4byte	PROFILE
 275 0173 09       		.uleb128 0x9
 276 0174 5F020000 		.4byte	.LASF25
 277 0178 03       		.byte	0x3
 278 0179 35       		.byte	0x35
 279 017a 97000000 		.4byte	0x97
 280 017e 05       		.uleb128 0x5
 281 017f 03       		.byte	0x3
 282 0180 00000000 		.4byte	currentState
 283 0184 09       		.uleb128 0x9
 284 0185 20000000 		.4byte	.LASF26
 285 0189 03       		.byte	0x3
 286 018a 37       		.byte	0x37
 287 018b 97000000 		.4byte	0x97
 288 018f 05       		.uleb128 0x5
 289 0190 03       		.byte	0x3
 290 0191 00000000 		.4byte	Prev_state
 291 0195 0A       		.uleb128 0xa
 292 0196 0E000000 		.4byte	.LASF31
 293 019a 04       		.byte	0x4
 294 019b A102     		.2byte	0x2a1
 295 019d A7010000 		.4byte	0x1a7
 296 01a1 0B       		.uleb128 0xb
 297 01a2 6B000000 		.4byte	0x6b
 298 01a6 00       		.byte	0
 299 01a7 0C       		.uleb128 0xc
 300 01a8 FE010000 		.4byte	.LASF32
 301 01ac 04       		.byte	0x4
 302 01ad 9602     		.2byte	0x296
 303 01af 6B000000 		.4byte	0x6b
 304 01b3 BD010000 		.4byte	0x1bd
 305 01b7 0B       		.uleb128 0xb
 306 01b8 6B000000 		.4byte	0x6b
 307 01bc 00       		.byte	0
 308 01bd 0D       		.uleb128 0xd
 309 01be 5D000000 		.4byte	.LASF33
 310 01c2 04       		.byte	0x4
ARM GAS  C:\Users\JohnP\AppData\Local\Temp\ccrB68fe.s 			page 8


 311 01c3 9F02     		.2byte	0x29f
 312 01c5 0B       		.uleb128 0xb
 313 01c6 6B000000 		.4byte	0x6b
 314 01ca 00       		.byte	0
 315 01cb 00       		.byte	0
 316              		.section	.debug_abbrev,"",%progbits
 317              	.Ldebug_abbrev0:
 318 0000 01       		.uleb128 0x1
 319 0001 11       		.uleb128 0x11
 320 0002 01       		.byte	0x1
 321 0003 25       		.uleb128 0x25
 322 0004 0E       		.uleb128 0xe
 323 0005 13       		.uleb128 0x13
 324 0006 0B       		.uleb128 0xb
 325 0007 03       		.uleb128 0x3
 326 0008 0E       		.uleb128 0xe
 327 0009 1B       		.uleb128 0x1b
 328 000a 0E       		.uleb128 0xe
 329 000b 55       		.uleb128 0x55
 330 000c 17       		.uleb128 0x17
 331 000d 11       		.uleb128 0x11
 332 000e 01       		.uleb128 0x1
 333 000f 10       		.uleb128 0x10
 334 0010 17       		.uleb128 0x17
 335 0011 00       		.byte	0
 336 0012 00       		.byte	0
 337 0013 02       		.uleb128 0x2
 338 0014 24       		.uleb128 0x24
 339 0015 00       		.byte	0
 340 0016 0B       		.uleb128 0xb
 341 0017 0B       		.uleb128 0xb
 342 0018 3E       		.uleb128 0x3e
 343 0019 0B       		.uleb128 0xb
 344 001a 03       		.uleb128 0x3
 345 001b 0E       		.uleb128 0xe
 346 001c 00       		.byte	0
 347 001d 00       		.byte	0
 348 001e 03       		.uleb128 0x3
 349 001f 24       		.uleb128 0x24
 350 0020 00       		.byte	0
 351 0021 0B       		.uleb128 0xb
 352 0022 0B       		.uleb128 0xb
 353 0023 3E       		.uleb128 0x3e
 354 0024 0B       		.uleb128 0xb
 355 0025 03       		.uleb128 0x3
 356 0026 08       		.uleb128 0x8
 357 0027 00       		.byte	0
 358 0028 00       		.byte	0
 359 0029 04       		.uleb128 0x4
 360 002a 16       		.uleb128 0x16
 361 002b 00       		.byte	0
 362 002c 03       		.uleb128 0x3
 363 002d 0E       		.uleb128 0xe
 364 002e 3A       		.uleb128 0x3a
 365 002f 0B       		.uleb128 0xb
 366 0030 3B       		.uleb128 0x3b
 367 0031 0B       		.uleb128 0xb
ARM GAS  C:\Users\JohnP\AppData\Local\Temp\ccrB68fe.s 			page 9


 368 0032 49       		.uleb128 0x49
 369 0033 13       		.uleb128 0x13
 370 0034 00       		.byte	0
 371 0035 00       		.byte	0
 372 0036 05       		.uleb128 0x5
 373 0037 35       		.uleb128 0x35
 374 0038 00       		.byte	0
 375 0039 49       		.uleb128 0x49
 376 003a 13       		.uleb128 0x13
 377 003b 00       		.byte	0
 378 003c 00       		.byte	0
 379 003d 06       		.uleb128 0x6
 380 003e 2E       		.uleb128 0x2e
 381 003f 01       		.byte	0x1
 382 0040 3F       		.uleb128 0x3f
 383 0041 19       		.uleb128 0x19
 384 0042 03       		.uleb128 0x3
 385 0043 0E       		.uleb128 0xe
 386 0044 3A       		.uleb128 0x3a
 387 0045 0B       		.uleb128 0xb
 388 0046 3B       		.uleb128 0x3b
 389 0047 0B       		.uleb128 0xb
 390 0048 27       		.uleb128 0x27
 391 0049 19       		.uleb128 0x19
 392 004a 11       		.uleb128 0x11
 393 004b 01       		.uleb128 0x1
 394 004c 12       		.uleb128 0x12
 395 004d 06       		.uleb128 0x6
 396 004e 40       		.uleb128 0x40
 397 004f 18       		.uleb128 0x18
 398 0050 9742     		.uleb128 0x2117
 399 0052 19       		.uleb128 0x19
 400 0053 01       		.uleb128 0x1
 401 0054 13       		.uleb128 0x13
 402 0055 00       		.byte	0
 403 0056 00       		.byte	0
 404 0057 07       		.uleb128 0x7
 405 0058 898201   		.uleb128 0x4109
 406 005b 00       		.byte	0
 407 005c 11       		.uleb128 0x11
 408 005d 01       		.uleb128 0x1
 409 005e 31       		.uleb128 0x31
 410 005f 13       		.uleb128 0x13
 411 0060 00       		.byte	0
 412 0061 00       		.byte	0
 413 0062 08       		.uleb128 0x8
 414 0063 34       		.uleb128 0x34
 415 0064 00       		.byte	0
 416 0065 03       		.uleb128 0x3
 417 0066 0E       		.uleb128 0xe
 418 0067 3A       		.uleb128 0x3a
 419 0068 0B       		.uleb128 0xb
 420 0069 3B       		.uleb128 0x3b
 421 006a 05       		.uleb128 0x5
 422 006b 49       		.uleb128 0x49
 423 006c 13       		.uleb128 0x13
 424 006d 3F       		.uleb128 0x3f
ARM GAS  C:\Users\JohnP\AppData\Local\Temp\ccrB68fe.s 			page 10


 425 006e 19       		.uleb128 0x19
 426 006f 3C       		.uleb128 0x3c
 427 0070 19       		.uleb128 0x19
 428 0071 00       		.byte	0
 429 0072 00       		.byte	0
 430 0073 09       		.uleb128 0x9
 431 0074 34       		.uleb128 0x34
 432 0075 00       		.byte	0
 433 0076 03       		.uleb128 0x3
 434 0077 0E       		.uleb128 0xe
 435 0078 3A       		.uleb128 0x3a
 436 0079 0B       		.uleb128 0xb
 437 007a 3B       		.uleb128 0x3b
 438 007b 0B       		.uleb128 0xb
 439 007c 49       		.uleb128 0x49
 440 007d 13       		.uleb128 0x13
 441 007e 3F       		.uleb128 0x3f
 442 007f 19       		.uleb128 0x19
 443 0080 02       		.uleb128 0x2
 444 0081 18       		.uleb128 0x18
 445 0082 00       		.byte	0
 446 0083 00       		.byte	0
 447 0084 0A       		.uleb128 0xa
 448 0085 2E       		.uleb128 0x2e
 449 0086 01       		.byte	0x1
 450 0087 3F       		.uleb128 0x3f
 451 0088 19       		.uleb128 0x19
 452 0089 03       		.uleb128 0x3
 453 008a 0E       		.uleb128 0xe
 454 008b 3A       		.uleb128 0x3a
 455 008c 0B       		.uleb128 0xb
 456 008d 3B       		.uleb128 0x3b
 457 008e 05       		.uleb128 0x5
 458 008f 27       		.uleb128 0x27
 459 0090 19       		.uleb128 0x19
 460 0091 3C       		.uleb128 0x3c
 461 0092 19       		.uleb128 0x19
 462 0093 01       		.uleb128 0x1
 463 0094 13       		.uleb128 0x13
 464 0095 00       		.byte	0
 465 0096 00       		.byte	0
 466 0097 0B       		.uleb128 0xb
 467 0098 05       		.uleb128 0x5
 468 0099 00       		.byte	0
 469 009a 49       		.uleb128 0x49
 470 009b 13       		.uleb128 0x13
 471 009c 00       		.byte	0
 472 009d 00       		.byte	0
 473 009e 0C       		.uleb128 0xc
 474 009f 2E       		.uleb128 0x2e
 475 00a0 01       		.byte	0x1
 476 00a1 3F       		.uleb128 0x3f
 477 00a2 19       		.uleb128 0x19
 478 00a3 03       		.uleb128 0x3
 479 00a4 0E       		.uleb128 0xe
 480 00a5 3A       		.uleb128 0x3a
 481 00a6 0B       		.uleb128 0xb
ARM GAS  C:\Users\JohnP\AppData\Local\Temp\ccrB68fe.s 			page 11


 482 00a7 3B       		.uleb128 0x3b
 483 00a8 05       		.uleb128 0x5
 484 00a9 27       		.uleb128 0x27
 485 00aa 19       		.uleb128 0x19
 486 00ab 49       		.uleb128 0x49
 487 00ac 13       		.uleb128 0x13
 488 00ad 3C       		.uleb128 0x3c
 489 00ae 19       		.uleb128 0x19
 490 00af 01       		.uleb128 0x1
 491 00b0 13       		.uleb128 0x13
 492 00b1 00       		.byte	0
 493 00b2 00       		.byte	0
 494 00b3 0D       		.uleb128 0xd
 495 00b4 2E       		.uleb128 0x2e
 496 00b5 01       		.byte	0x1
 497 00b6 3F       		.uleb128 0x3f
 498 00b7 19       		.uleb128 0x19
 499 00b8 03       		.uleb128 0x3
 500 00b9 0E       		.uleb128 0xe
 501 00ba 3A       		.uleb128 0x3a
 502 00bb 0B       		.uleb128 0xb
 503 00bc 3B       		.uleb128 0x3b
 504 00bd 05       		.uleb128 0x5
 505 00be 27       		.uleb128 0x27
 506 00bf 19       		.uleb128 0x19
 507 00c0 3C       		.uleb128 0x3c
 508 00c1 19       		.uleb128 0x19
 509 00c2 00       		.byte	0
 510 00c3 00       		.byte	0
 511 00c4 00       		.byte	0
 512              		.section	.debug_aranges,"",%progbits
 513 0000 1C000000 		.4byte	0x1c
 514 0004 0200     		.2byte	0x2
 515 0006 00000000 		.4byte	.Ldebug_info0
 516 000a 04       		.byte	0x4
 517 000b 00       		.byte	0
 518 000c 0000     		.2byte	0
 519 000e 0000     		.2byte	0
 520 0010 00000000 		.4byte	.LFB0
 521 0014 50000000 		.4byte	.LFE0-.LFB0
 522 0018 00000000 		.4byte	0
 523 001c 00000000 		.4byte	0
 524              		.section	.debug_ranges,"",%progbits
 525              	.Ldebug_ranges0:
 526 0000 00000000 		.4byte	.LFB0
 527 0004 50000000 		.4byte	.LFE0
 528 0008 00000000 		.4byte	0
 529 000c 00000000 		.4byte	0
 530              		.section	.debug_line,"",%progbits
 531              	.Ldebug_line0:
 532 0000 A1000000 		.section	.debug_str,"MS",%progbits,1
 532      02008500 
 532      00000201 
 532      FB0E0D00 
 532      01010101 
 533              	.LASF6:
 534 0000 6C6F6E67 		.ascii	"long long int\000"
ARM GAS  C:\Users\JohnP\AppData\Local\Temp\ccrB68fe.s 			page 12


 534      206C6F6E 
 534      6720696E 
 534      7400
 535              	.LASF31:
 536 000e 43617053 		.ascii	"CapSense_PostScan\000"
 536      656E7365 
 536      5F506F73 
 536      74536361 
 536      6E00
 537              	.LASF26:
 538 0020 50726576 		.ascii	"Prev_state\000"
 538      5F737461 
 538      746500
 539              	.LASF22:
 540 002b 61766572 		.ascii	"average\000"
 540      61676500 
 541              	.LASF4:
 542 0033 6C6F6E67 		.ascii	"long int\000"
 542      20696E74 
 542      00
 543              	.LASF30:
 544 003c 43617053 		.ascii	"CapSense_IsrCH0_ISR\000"
 544      656E7365 
 544      5F497372 
 544      4348305F 
 544      49535200 
 545              	.LASF20:
 546 0050 74696D65 		.ascii	"timer_status\000"
 546      725F7374 
 546      61747573 
 546      00
 547              	.LASF33:
 548 005d 43617053 		.ascii	"CapSense_PreScan\000"
 548      656E7365 
 548      5F507265 
 548      5363616E 
 548      00
 549              	.LASF24:
 550 006e 50524F46 		.ascii	"PROFILE\000"
 550      494C4500 
 551              	.LASF19:
 552 0076 68656172 		.ascii	"heartbeatCounter\000"
 552      74626561 
 552      74436F75 
 552      6E746572 
 552      00
 553              	.LASF9:
 554 0087 666C6F61 		.ascii	"float\000"
 554      7400
 555              	.LASF15:
 556 008d 43617053 		.ascii	"CapSense_csv\000"
 556      656E7365 
 556      5F637376 
 556      00
 557              	.LASF1:
 558 009a 756E7369 		.ascii	"unsigned char\000"
 558      676E6564 
ARM GAS  C:\Users\JohnP\AppData\Local\Temp\ccrB68fe.s 			page 13


 558      20636861 
 558      7200
 559              	.LASF5:
 560 00a8 6C6F6E67 		.ascii	"long unsigned int\000"
 560      20756E73 
 560      69676E65 
 560      6420696E 
 560      7400
 561              	.LASF27:
 562 00ba 474E5520 		.ascii	"GNU C 4.8.4 20140526 (release) [ARM/embedded-4_8-br"
 562      4320342E 
 562      382E3420 
 562      32303134 
 562      30353236 
 563 00ed 616E6368 		.ascii	"anch revision 211358] -mcpu=cortex-m3 -mthumb -g -O"
 563      20726576 
 563      6973696F 
 563      6E203231 
 563      31333538 
 564 0120 67202D66 		.ascii	"g -ffunction-sections\000"
 564      66756E63 
 564      74696F6E 
 564      2D736563 
 564      74696F6E 
 565              	.LASF3:
 566 0136 73686F72 		.ascii	"short unsigned int\000"
 566      7420756E 
 566      7369676E 
 566      65642069 
 566      6E7400
 567              	.LASF10:
 568 0149 646F7562 		.ascii	"double\000"
 568      6C6500
 569              	.LASF21:
 570 0150 74696D65 		.ascii	"timer_value\000"
 570      725F7661 
 570      6C756500 
 571              	.LASF28:
 572 015c 2E5C4765 		.ascii	".\\Generated_Source\\PSoC5\\CapSense_INT.c\000"
 572      6E657261 
 572      7465645F 
 572      536F7572 
 572      63655C50 
 573              	.LASF23:
 574 0184 696E6372 		.ascii	"increasingHr\000"
 574      65617369 
 574      6E674872 
 574      00
 575              	.LASF8:
 576 0191 756E7369 		.ascii	"unsigned int\000"
 576      676E6564 
 576      20696E74 
 576      00
 577              	.LASF7:
 578 019e 6C6F6E67 		.ascii	"long long unsigned int\000"
 578      206C6F6E 
 578      6720756E 
ARM GAS  C:\Users\JohnP\AppData\Local\Temp\ccrB68fe.s 			page 14


 578      7369676E 
 578      65642069 
 579              	.LASF16:
 580 01b5 43617053 		.ascii	"CapSense_sensorIndex\000"
 580      656E7365 
 580      5F73656E 
 580      736F7249 
 580      6E646578 
 581              	.LASF14:
 582 01ca 53544154 		.ascii	"STATE\000"
 582      4500
 583              	.LASF17:
 584 01d0 73706565 		.ascii	"speed\000"
 584      6400
 585              	.LASF12:
 586 01d6 73697A65 		.ascii	"sizetype\000"
 586      74797065 
 586      00
 587              	.LASF18:
 588 01df 68656172 		.ascii	"heartrate\000"
 588      74726174 
 588      6500
 589              	.LASF11:
 590 01e9 63686172 		.ascii	"char\000"
 590      00
 591              	.LASF2:
 592 01ee 73686F72 		.ascii	"short int\000"
 592      7420696E 
 592      7400
 593              	.LASF13:
 594 01f8 75696E74 		.ascii	"uint8\000"
 594      3800
 595              	.LASF32:
 596 01fe 43617053 		.ascii	"CapSense_FindNextSensor\000"
 596      656E7365 
 596      5F46696E 
 596      644E6578 
 596      7453656E 
 597              	.LASF0:
 598 0216 7369676E 		.ascii	"signed char\000"
 598      65642063 
 598      68617200 
 599              	.LASF29:
 600 0222 433A5C72 		.ascii	"C:\\repositories\\embedded\\trunk\\CE4920Project1\\"
 600      65706F73 
 600      69746F72 
 600      6965735C 
 600      656D6265 
 601 0250 44657369 		.ascii	"Design01.cydsn\000"
 601      676E3031 
 601      2E637964 
 601      736E00
 602              	.LASF25:
 603 025f 63757272 		.ascii	"currentState\000"
 603      656E7453 
 603      74617465 
 603      00
ARM GAS  C:\Users\JohnP\AppData\Local\Temp\ccrB68fe.s 			page 15


 604              		.ident	"GCC: (GNU Tools for ARM Embedded Processors) 4.8.4 20140526 (release) [ARM/embedded-4_8-br
