ARM GAS  C:\Users\JohnP\AppData\Local\Temp\ccEBQtg0.s 			page 1


   1              		.syntax unified
   2              		.cpu cortex-m3
   3              		.fpu softvfp
   4              		.eabi_attribute 20, 1
   5              		.eabi_attribute 21, 1
   6              		.eabi_attribute 23, 3
   7              		.eabi_attribute 24, 1
   8              		.eabi_attribute 25, 1
   9              		.eabi_attribute 26, 1
  10              		.eabi_attribute 30, 1
  11              		.eabi_attribute 34, 1
  12              		.eabi_attribute 18, 4
  13              		.thumb
  14              		.file	"CapSense_PM.c"
  15              		.text
  16              	.Ltext0:
  17              		.cfi_sections	.debug_frame
  18              		.section	.text.CapSense_SaveConfig,"ax",%progbits
  19              		.align	2
  20              		.global	CapSense_SaveConfig
  21              		.thumb
  22              		.thumb_func
  23              		.type	CapSense_SaveConfig, %function
  24              	CapSense_SaveConfig:
  25              	.LFB0:
  26              		.file 1 ".\\Generated_Source\\PSoC5\\CapSense_PM.c"
   1:.\Generated_Source\PSoC5/CapSense_PM.c **** /*******************************************************************************
   2:.\Generated_Source\PSoC5/CapSense_PM.c **** * File Name: CapSense_PM.c
   3:.\Generated_Source\PSoC5/CapSense_PM.c **** * Version 3.50
   4:.\Generated_Source\PSoC5/CapSense_PM.c **** *
   5:.\Generated_Source\PSoC5/CapSense_PM.c **** * Description:
   6:.\Generated_Source\PSoC5/CapSense_PM.c **** *  This file provides Sleep APIs for CapSense CSD Component.
   7:.\Generated_Source\PSoC5/CapSense_PM.c **** *
   8:.\Generated_Source\PSoC5/CapSense_PM.c **** * Note:
   9:.\Generated_Source\PSoC5/CapSense_PM.c **** *
  10:.\Generated_Source\PSoC5/CapSense_PM.c **** ********************************************************************************
  11:.\Generated_Source\PSoC5/CapSense_PM.c **** * Copyright 2008-2013, Cypress Semiconductor Corporation.  All rights reserved.
  12:.\Generated_Source\PSoC5/CapSense_PM.c **** * You may use this file only in accordance with the license, terms, conditions, 
  13:.\Generated_Source\PSoC5/CapSense_PM.c **** * disclaimers, and limitations in the end user license agreement accompanying 
  14:.\Generated_Source\PSoC5/CapSense_PM.c **** * the software package with which this file was provided.
  15:.\Generated_Source\PSoC5/CapSense_PM.c **** *******************************************************************************/
  16:.\Generated_Source\PSoC5/CapSense_PM.c **** 
  17:.\Generated_Source\PSoC5/CapSense_PM.c **** #include "CapSense.h"
  18:.\Generated_Source\PSoC5/CapSense_PM.c **** 
  19:.\Generated_Source\PSoC5/CapSense_PM.c **** CapSense_BACKUP_STRUCT CapSense_backup =
  20:.\Generated_Source\PSoC5/CapSense_PM.c **** {   
  21:.\Generated_Source\PSoC5/CapSense_PM.c ****     0x00u, /* enableState; */
  22:.\Generated_Source\PSoC5/CapSense_PM.c ****     
  23:.\Generated_Source\PSoC5/CapSense_PM.c **** };
  24:.\Generated_Source\PSoC5/CapSense_PM.c **** 
  25:.\Generated_Source\PSoC5/CapSense_PM.c **** 
  26:.\Generated_Source\PSoC5/CapSense_PM.c **** /*******************************************************************************
  27:.\Generated_Source\PSoC5/CapSense_PM.c **** * Function Name: CapSense_SaveConfig
  28:.\Generated_Source\PSoC5/CapSense_PM.c **** ********************************************************************************
  29:.\Generated_Source\PSoC5/CapSense_PM.c **** *
  30:.\Generated_Source\PSoC5/CapSense_PM.c **** * Summary:
  31:.\Generated_Source\PSoC5/CapSense_PM.c **** *  Saves customer configuration of CapSense none-retention registers. Resets 
ARM GAS  C:\Users\JohnP\AppData\Local\Temp\ccEBQtg0.s 			page 2


  32:.\Generated_Source\PSoC5/CapSense_PM.c **** *  all sensors to an inactive state.
  33:.\Generated_Source\PSoC5/CapSense_PM.c **** *
  34:.\Generated_Source\PSoC5/CapSense_PM.c **** * Parameters:
  35:.\Generated_Source\PSoC5/CapSense_PM.c **** *  None
  36:.\Generated_Source\PSoC5/CapSense_PM.c **** *
  37:.\Generated_Source\PSoC5/CapSense_PM.c **** * Return:
  38:.\Generated_Source\PSoC5/CapSense_PM.c **** *  None
  39:.\Generated_Source\PSoC5/CapSense_PM.c **** *
  40:.\Generated_Source\PSoC5/CapSense_PM.c **** * Side Effects:
  41:.\Generated_Source\PSoC5/CapSense_PM.c **** *  Function CapSense_SaveConfig disconnects all sensors from the
  42:.\Generated_Source\PSoC5/CapSense_PM.c **** *  Analog MUX Bus and puts them into inactive state. Call this function
  43:.\Generated_Source\PSoC5/CapSense_PM.c **** *  during the active scan can cause unpredictable component behavior.
  44:.\Generated_Source\PSoC5/CapSense_PM.c **** *
  45:.\Generated_Source\PSoC5/CapSense_PM.c **** * Note:
  46:.\Generated_Source\PSoC5/CapSense_PM.c **** *  This function should be called after completion of all scans.
  47:.\Generated_Source\PSoC5/CapSense_PM.c **** *
  48:.\Generated_Source\PSoC5/CapSense_PM.c **** * Global Variables:
  49:.\Generated_Source\PSoC5/CapSense_PM.c **** *  CapSense_backup - used to save component state before enter sleep 
  50:.\Generated_Source\PSoC5/CapSense_PM.c **** *  mode and none-retention registers.
  51:.\Generated_Source\PSoC5/CapSense_PM.c **** *
  52:.\Generated_Source\PSoC5/CapSense_PM.c **** * Reentrant:
  53:.\Generated_Source\PSoC5/CapSense_PM.c **** *  Yes.
  54:.\Generated_Source\PSoC5/CapSense_PM.c **** *
  55:.\Generated_Source\PSoC5/CapSense_PM.c **** *******************************************************************************/
  56:.\Generated_Source\PSoC5/CapSense_PM.c **** void CapSense_SaveConfig(void) 
  57:.\Generated_Source\PSoC5/CapSense_PM.c **** {    
  27              		.loc 1 57 0
  28              		.cfi_startproc
  29              		@ args = 0, pretend = 0, frame = 0
  30              		@ frame_needed = 0, uses_anonymous_args = 0
  31 0000 08B5     		push	{r3, lr}
  32              		.cfi_def_cfa_offset 8
  33              		.cfi_offset 3, -8
  34              		.cfi_offset 14, -4
  58:.\Generated_Source\PSoC5/CapSense_PM.c **** 
  59:.\Generated_Source\PSoC5/CapSense_PM.c ****     /* Set CONTROL_REG */
  60:.\Generated_Source\PSoC5/CapSense_PM.c ****     CapSense_backup.ctrlReg = CapSense_CONTROL_REG;
  35              		.loc 1 60 0
  36 0002 034B     		ldr	r3, .L2
  37 0004 1A78     		ldrb	r2, [r3]	@ zero_extendqisi2
  38 0006 034B     		ldr	r3, .L2+4
  39 0008 5A70     		strb	r2, [r3, #1]
  61:.\Generated_Source\PSoC5/CapSense_PM.c **** 
  62:.\Generated_Source\PSoC5/CapSense_PM.c ****     /* Clear all sensors */
  63:.\Generated_Source\PSoC5/CapSense_PM.c ****     CapSense_ClearSensors();
  40              		.loc 1 63 0
  41 000a FFF7FEFF 		bl	CapSense_ClearSensors
  42              	.LVL0:
  43 000e 08BD     		pop	{r3, pc}
  44              	.L3:
  45              		.align	2
  46              	.L2:
  47 0010 7D640040 		.word	1073767549
  48 0014 00000000 		.word	.LANCHOR0
  49              		.cfi_endproc
  50              	.LFE0:
  51              		.size	CapSense_SaveConfig, .-CapSense_SaveConfig
ARM GAS  C:\Users\JohnP\AppData\Local\Temp\ccEBQtg0.s 			page 3


  52              		.section	.text.CapSense_Sleep,"ax",%progbits
  53              		.align	2
  54              		.global	CapSense_Sleep
  55              		.thumb
  56              		.thumb_func
  57              		.type	CapSense_Sleep, %function
  58              	CapSense_Sleep:
  59              	.LFB1:
  64:.\Generated_Source\PSoC5/CapSense_PM.c ****     
  65:.\Generated_Source\PSoC5/CapSense_PM.c ****     /* The pins disable is customer concern: Cmod and Rb */
  66:.\Generated_Source\PSoC5/CapSense_PM.c **** }
  67:.\Generated_Source\PSoC5/CapSense_PM.c **** 
  68:.\Generated_Source\PSoC5/CapSense_PM.c **** 
  69:.\Generated_Source\PSoC5/CapSense_PM.c **** /*******************************************************************************
  70:.\Generated_Source\PSoC5/CapSense_PM.c **** * Function Name: CapSense_Sleep
  71:.\Generated_Source\PSoC5/CapSense_PM.c **** ********************************************************************************
  72:.\Generated_Source\PSoC5/CapSense_PM.c **** *
  73:.\Generated_Source\PSoC5/CapSense_PM.c **** * Summary:
  74:.\Generated_Source\PSoC5/CapSense_PM.c **** *  Disables Active mode power template bits for number of component used within 
  75:.\Generated_Source\PSoC5/CapSense_PM.c **** *  CapSense. Calls CapSense_SaveConfig() function to save customer 
  76:.\Generated_Source\PSoC5/CapSense_PM.c **** *  configuration of CapSense none-retention registers and resets all sensors 
  77:.\Generated_Source\PSoC5/CapSense_PM.c **** *  to an inactive state.
  78:.\Generated_Source\PSoC5/CapSense_PM.c **** *
  79:.\Generated_Source\PSoC5/CapSense_PM.c **** * Parameters:
  80:.\Generated_Source\PSoC5/CapSense_PM.c **** *  None
  81:.\Generated_Source\PSoC5/CapSense_PM.c **** *
  82:.\Generated_Source\PSoC5/CapSense_PM.c **** * Return:
  83:.\Generated_Source\PSoC5/CapSense_PM.c **** *  None
  84:.\Generated_Source\PSoC5/CapSense_PM.c **** *
  85:.\Generated_Source\PSoC5/CapSense_PM.c **** * Side Effects:
  86:.\Generated_Source\PSoC5/CapSense_PM.c **** *  Function CapSense_Sleep disconnects all sensors from the
  87:.\Generated_Source\PSoC5/CapSense_PM.c **** *  Analog MUX Bus and puts them into inactive state. Call this function
  88:.\Generated_Source\PSoC5/CapSense_PM.c **** *  during the active scan can cause unpredictable component behavior.
  89:.\Generated_Source\PSoC5/CapSense_PM.c **** *
  90:.\Generated_Source\PSoC5/CapSense_PM.c **** * Note:
  91:.\Generated_Source\PSoC5/CapSense_PM.c **** *  This function should be called after completion of all scans.
  92:.\Generated_Source\PSoC5/CapSense_PM.c **** *
  93:.\Generated_Source\PSoC5/CapSense_PM.c **** * Global Variables:
  94:.\Generated_Source\PSoC5/CapSense_PM.c **** *  CapSense_backup - used to save component state before enter sleep 
  95:.\Generated_Source\PSoC5/CapSense_PM.c **** *  mode and none-retention registers.
  96:.\Generated_Source\PSoC5/CapSense_PM.c **** *
  97:.\Generated_Source\PSoC5/CapSense_PM.c **** * Reentrant:
  98:.\Generated_Source\PSoC5/CapSense_PM.c **** *  No
  99:.\Generated_Source\PSoC5/CapSense_PM.c **** *
 100:.\Generated_Source\PSoC5/CapSense_PM.c **** *******************************************************************************/
 101:.\Generated_Source\PSoC5/CapSense_PM.c **** void CapSense_Sleep(void) 
 102:.\Generated_Source\PSoC5/CapSense_PM.c **** {
  60              		.loc 1 102 0
  61              		.cfi_startproc
  62              		@ args = 0, pretend = 0, frame = 0
  63              		@ frame_needed = 0, uses_anonymous_args = 0
  64 0000 08B5     		push	{r3, lr}
  65              		.cfi_def_cfa_offset 8
  66              		.cfi_offset 3, -8
  67              		.cfi_offset 14, -4
 103:.\Generated_Source\PSoC5/CapSense_PM.c ****     /* Check and save enable state */
 104:.\Generated_Source\PSoC5/CapSense_PM.c ****     if(CapSense_IS_CAPSENSE_ENABLE(CapSense_CONTROL_REG))
ARM GAS  C:\Users\JohnP\AppData\Local\Temp\ccEBQtg0.s 			page 4


  68              		.loc 1 104 0
  69 0002 084B     		ldr	r3, .L7
  70 0004 1B78     		ldrb	r3, [r3]	@ zero_extendqisi2
  71 0006 13F0800F 		tst	r3, #128
  72 000a 05D0     		beq	.L5
 105:.\Generated_Source\PSoC5/CapSense_PM.c ****     {
 106:.\Generated_Source\PSoC5/CapSense_PM.c ****         CapSense_backup.enableState = 1u;
  73              		.loc 1 106 0
  74 000c 0122     		movs	r2, #1
  75 000e 064B     		ldr	r3, .L7+4
  76 0010 1A70     		strb	r2, [r3]
 107:.\Generated_Source\PSoC5/CapSense_PM.c ****         CapSense_Stop();
  77              		.loc 1 107 0
  78 0012 FFF7FEFF 		bl	CapSense_Stop
  79              	.LVL1:
  80 0016 02E0     		b	.L6
  81              	.L5:
 108:.\Generated_Source\PSoC5/CapSense_PM.c ****     }
 109:.\Generated_Source\PSoC5/CapSense_PM.c ****     else
 110:.\Generated_Source\PSoC5/CapSense_PM.c ****     {
 111:.\Generated_Source\PSoC5/CapSense_PM.c ****         CapSense_backup.enableState = 0u;
  82              		.loc 1 111 0
  83 0018 0022     		movs	r2, #0
  84 001a 034B     		ldr	r3, .L7+4
  85 001c 1A70     		strb	r2, [r3]
  86              	.L6:
 112:.\Generated_Source\PSoC5/CapSense_PM.c ****     }
 113:.\Generated_Source\PSoC5/CapSense_PM.c ****     
 114:.\Generated_Source\PSoC5/CapSense_PM.c ****     CapSense_SaveConfig();
  87              		.loc 1 114 0
  88 001e FFF7FEFF 		bl	CapSense_SaveConfig
  89              	.LVL2:
  90 0022 08BD     		pop	{r3, pc}
  91              	.L8:
  92              		.align	2
  93              	.L7:
  94 0024 7D640040 		.word	1073767549
  95 0028 00000000 		.word	.LANCHOR0
  96              		.cfi_endproc
  97              	.LFE1:
  98              		.size	CapSense_Sleep, .-CapSense_Sleep
  99              		.section	.text.CapSense_RestoreConfig,"ax",%progbits
 100              		.align	2
 101              		.global	CapSense_RestoreConfig
 102              		.thumb
 103              		.thumb_func
 104              		.type	CapSense_RestoreConfig, %function
 105              	CapSense_RestoreConfig:
 106              	.LFB2:
 115:.\Generated_Source\PSoC5/CapSense_PM.c **** }
 116:.\Generated_Source\PSoC5/CapSense_PM.c **** 
 117:.\Generated_Source\PSoC5/CapSense_PM.c **** 
 118:.\Generated_Source\PSoC5/CapSense_PM.c **** /*******************************************************************************
 119:.\Generated_Source\PSoC5/CapSense_PM.c **** * Function Name: CapSense_RestoreConfig
 120:.\Generated_Source\PSoC5/CapSense_PM.c **** ********************************************************************************
 121:.\Generated_Source\PSoC5/CapSense_PM.c **** *
 122:.\Generated_Source\PSoC5/CapSense_PM.c **** * Summary:
ARM GAS  C:\Users\JohnP\AppData\Local\Temp\ccEBQtg0.s 			page 5


 123:.\Generated_Source\PSoC5/CapSense_PM.c **** *  Restores CapSense configuration and non-retention register values.
 124:.\Generated_Source\PSoC5/CapSense_PM.c **** *
 125:.\Generated_Source\PSoC5/CapSense_PM.c **** * Parameters:
 126:.\Generated_Source\PSoC5/CapSense_PM.c **** *  None
 127:.\Generated_Source\PSoC5/CapSense_PM.c **** *
 128:.\Generated_Source\PSoC5/CapSense_PM.c **** * Return:
 129:.\Generated_Source\PSoC5/CapSense_PM.c **** *  None
 130:.\Generated_Source\PSoC5/CapSense_PM.c **** *
 131:.\Generated_Source\PSoC5/CapSense_PM.c **** * Side Effects:
 132:.\Generated_Source\PSoC5/CapSense_PM.c **** *  Must be called only after CapSense_SaveConfig() routine. Otherwise 
 133:.\Generated_Source\PSoC5/CapSense_PM.c **** *  the component configuration will be overwritten with its initial setting.
 134:.\Generated_Source\PSoC5/CapSense_PM.c **** *  This finction modifies the CONTROL_REG register. 
 135:.\Generated_Source\PSoC5/CapSense_PM.c **** *
 136:.\Generated_Source\PSoC5/CapSense_PM.c **** * Note:
 137:.\Generated_Source\PSoC5/CapSense_PM.c **** *  This function should be called after completion of all scans.
 138:.\Generated_Source\PSoC5/CapSense_PM.c **** *
 139:.\Generated_Source\PSoC5/CapSense_PM.c **** * Global Variables:
 140:.\Generated_Source\PSoC5/CapSense_PM.c **** *  CapSense_backup - used to save component state before enter sleep 
 141:.\Generated_Source\PSoC5/CapSense_PM.c **** *  mode and none-retention registers.
 142:.\Generated_Source\PSoC5/CapSense_PM.c **** *
 143:.\Generated_Source\PSoC5/CapSense_PM.c **** *******************************************************************************/
 144:.\Generated_Source\PSoC5/CapSense_PM.c **** void CapSense_RestoreConfig(void) 
 145:.\Generated_Source\PSoC5/CapSense_PM.c **** {       
 107              		.loc 1 145 0
 108              		.cfi_startproc
 109              		@ args = 0, pretend = 0, frame = 0
 110              		@ frame_needed = 0, uses_anonymous_args = 0
 111              		@ link register save eliminated.
 146:.\Generated_Source\PSoC5/CapSense_PM.c ****     /* Set PRS */
 147:.\Generated_Source\PSoC5/CapSense_PM.c ****     #if (CapSense_PRS_OPTIONS == CapSense_PRS_8BITS)        
 148:.\Generated_Source\PSoC5/CapSense_PM.c ****         /* Write FIFO with seed */
 149:.\Generated_Source\PSoC5/CapSense_PM.c ****         CapSense_SEED_COPY_REG = CapSense_MEASURE_FULL_RANGE_LOW;               /* F0 register */
 150:.\Generated_Source\PSoC5/CapSense_PM.c ****     
 151:.\Generated_Source\PSoC5/CapSense_PM.c ****     #elif (CapSense_PRS_OPTIONS == CapSense_PRS_16BITS)
 152:.\Generated_Source\PSoC5/CapSense_PM.c ****         /* Write FIFO with seed */
 153:.\Generated_Source\PSoC5/CapSense_PM.c ****         CY_SET_REG16(CapSense_SEED_COPY_PTR, CapSense_MEASURE_FULL_RANGE);      /* F0 register */
 112              		.loc 1 153 0
 113 0000 4FF6FF72 		movw	r2, #65535
 114 0004 084B     		ldr	r3, .L10
 115 0006 1A80     		strh	r2, [r3]	@ movhi
 154:.\Generated_Source\PSoC5/CapSense_PM.c ****                 
 155:.\Generated_Source\PSoC5/CapSense_PM.c ****     #elif (CapSense_PRS_OPTIONS == CapSense_PRS_16BITS_4X)
 156:.\Generated_Source\PSoC5/CapSense_PM.c ****         
 157:.\Generated_Source\PSoC5/CapSense_PM.c ****         /* Write FIFO with seed */
 158:.\Generated_Source\PSoC5/CapSense_PM.c ****         CapSense_SEED_COPY_A__F1_REG = CapSense_MEASURE_FULL_RANGE_LOW;         /* F0 register */
 159:.\Generated_Source\PSoC5/CapSense_PM.c ****         CapSense_SEED_COPY_A__F0_REG =CapSense_MEASURE_FULL_RANGE_LOW;          /* F1 register */
 160:.\Generated_Source\PSoC5/CapSense_PM.c ****         
 161:.\Generated_Source\PSoC5/CapSense_PM.c ****     #else
 162:.\Generated_Source\PSoC5/CapSense_PM.c ****         /* Do nothing = config without PRS */
 163:.\Generated_Source\PSoC5/CapSense_PM.c ****     #endif  /* (CapSense_PRS_OPTIONS == CapSense_PRS_8BITS) */
 164:.\Generated_Source\PSoC5/CapSense_PM.c ****     
 165:.\Generated_Source\PSoC5/CapSense_PM.c ****     /* Set the Measure */
 166:.\Generated_Source\PSoC5/CapSense_PM.c ****     #if (CapSense_IMPLEMENTATION_CH0 == CapSense_MEASURE_IMPLEMENTATION_FF)
 167:.\Generated_Source\PSoC5/CapSense_PM.c ****         /* Window PWM  - FF Timer register are retention */
 168:.\Generated_Source\PSoC5/CapSense_PM.c ****         /* Raw Counter - FF Timer register are retention */
 169:.\Generated_Source\PSoC5/CapSense_PM.c ****     #else
 170:.\Generated_Source\PSoC5/CapSense_PM.c ****         
ARM GAS  C:\Users\JohnP\AppData\Local\Temp\ccEBQtg0.s 			page 6


 171:.\Generated_Source\PSoC5/CapSense_PM.c ****         /* Window PWM */
 172:.\Generated_Source\PSoC5/CapSense_PM.c ****         CapSense_PWM_CH0_PERIOD_LO_REG    = CapSense_MEASURE_FULL_RANGE_LOW;        /* F0 register 
 116              		.loc 1 172 0
 117 0008 FF23     		movs	r3, #255
 118 000a 0849     		ldr	r1, .L10+4
 119 000c 0A70     		strb	r2, [r1]
 173:.\Generated_Source\PSoC5/CapSense_PM.c ****         
 174:.\Generated_Source\PSoC5/CapSense_PM.c ****         /* Raw Counter */
 175:.\Generated_Source\PSoC5/CapSense_PM.c ****         CapSense_RAW_CH0_PERIOD_HI_REG    = CapSense_MEASURE_FULL_RANGE_LOW;        /* F1 register 
 120              		.loc 1 175 0
 121 000e 084A     		ldr	r2, .L10+8
 122 0010 1370     		strb	r3, [r2]
 176:.\Generated_Source\PSoC5/CapSense_PM.c ****         CapSense_RAW_CH0_PERIOD_LO_REG    = CapSense_MEASURE_FULL_RANGE_LOW;        /* F0 register 
 123              		.loc 1 176 0
 124 0012 103A     		subs	r2, r2, #16
 125 0014 1370     		strb	r3, [r2]
 177:.\Generated_Source\PSoC5/CapSense_PM.c ****     
 178:.\Generated_Source\PSoC5/CapSense_PM.c ****     #endif  /* (CapSense_IMPLEMENTATION_CH0 == CapSense_MEASURE_IMPLEMENTATION_FF) */ 
 179:.\Generated_Source\PSoC5/CapSense_PM.c ****     
 180:.\Generated_Source\PSoC5/CapSense_PM.c ****     #if (CapSense_DESIGN_TYPE == CapSense_TWO_CHANNELS_DESIGN)
 181:.\Generated_Source\PSoC5/CapSense_PM.c ****         #if (CapSense_IMPLEMENTATION_CH1 == CapSense_MEASURE_IMPLEMENTATION_FF)
 182:.\Generated_Source\PSoC5/CapSense_PM.c ****             /* Window PWM  - FF Timer register are retention */
 183:.\Generated_Source\PSoC5/CapSense_PM.c ****             /* Raw Counter - FF Timer register are retention */
 184:.\Generated_Source\PSoC5/CapSense_PM.c ****         #else
 185:.\Generated_Source\PSoC5/CapSense_PM.c ****             
 186:.\Generated_Source\PSoC5/CapSense_PM.c ****             /* Window PWM */
 187:.\Generated_Source\PSoC5/CapSense_PM.c ****             CapSense_PWM_CH1_PERIOD_LO_REG    = CapSense_MEASURE_FULL_RANGE_LOW;       /* F0 regist
 188:.\Generated_Source\PSoC5/CapSense_PM.c ****             
 189:.\Generated_Source\PSoC5/CapSense_PM.c ****             /* Raw Counter */
 190:.\Generated_Source\PSoC5/CapSense_PM.c ****             CapSense_RAW_CH1_PERIOD_HI_REG    = CapSense_MEASURE_FULL_RANGE_LOW;       /* F1 regist
 191:.\Generated_Source\PSoC5/CapSense_PM.c ****             CapSense_RAW_CH1_PERIOD_LO_REG    = CapSense_MEASURE_FULL_RANGE_LOW;       /* F0 regist
 192:.\Generated_Source\PSoC5/CapSense_PM.c ****             
 193:.\Generated_Source\PSoC5/CapSense_PM.c ****         #endif  /* (CapSense_IMPLEMENTATION_CH1 == CapSense_MEASURE_IMPLEMENTATION_FF) */
 194:.\Generated_Source\PSoC5/CapSense_PM.c ****     
 195:.\Generated_Source\PSoC5/CapSense_PM.c ****     #endif  /* (CapSense_DESIGN_TYPE == TWO_CHANNELS_DESIGN)*/
 196:.\Generated_Source\PSoC5/CapSense_PM.c **** 
 197:.\Generated_Source\PSoC5/CapSense_PM.c ****     /* Set CONTROL_REG */
 198:.\Generated_Source\PSoC5/CapSense_PM.c ****     CapSense_CONTROL_REG = CapSense_backup.ctrlReg;
 126              		.loc 1 198 0
 127 0016 074B     		ldr	r3, .L10+12
 128 0018 5A78     		ldrb	r2, [r3, #1]	@ zero_extendqisi2
 129 001a 074B     		ldr	r3, .L10+16
 130 001c 1A70     		strb	r2, [r3]
 199:.\Generated_Source\PSoC5/CapSense_PM.c **** 
 200:.\Generated_Source\PSoC5/CapSense_PM.c ****     /* Enable window generation */
 201:.\Generated_Source\PSoC5/CapSense_PM.c ****     #if (CapSense_DESIGN_TYPE == CapSense_ONE_CHANNEL_DESIGN)
 202:.\Generated_Source\PSoC5/CapSense_PM.c ****         CapSense_CONTROL_REG |= CapSense_CTRL_WINDOW_EN__CH0;
 131              		.loc 1 202 0
 132 001e 1A78     		ldrb	r2, [r3]	@ zero_extendqisi2
 133 0020 42F00402 		orr	r2, r2, #4
 134 0024 1A70     		strb	r2, [r3]
 135 0026 7047     		bx	lr
 136              	.L11:
 137              		.align	2
 138              	.L10:
 139 0028 4C640040 		.word	1073767500
 140 002c 43640040 		.word	1073767491
ARM GAS  C:\Users\JohnP\AppData\Local\Temp\ccEBQtg0.s 			page 7


 141 0030 57640040 		.word	1073767511
 142 0034 00000000 		.word	.LANCHOR0
 143 0038 7D640040 		.word	1073767549
 144              		.cfi_endproc
 145              	.LFE2:
 146              		.size	CapSense_RestoreConfig, .-CapSense_RestoreConfig
 147              		.section	.text.CapSense_Wakeup,"ax",%progbits
 148              		.align	2
 149              		.global	CapSense_Wakeup
 150              		.thumb
 151              		.thumb_func
 152              		.type	CapSense_Wakeup, %function
 153              	CapSense_Wakeup:
 154              	.LFB3:
 203:.\Generated_Source\PSoC5/CapSense_PM.c ****     #elif (CapSense_DESIGN_TYPE == CapSense_TWO_CHANNELS_DESIGN) 
 204:.\Generated_Source\PSoC5/CapSense_PM.c ****         CapSense_CONTROL_REG |= (CapSense_CTRL_WINDOW_EN__CH0 | CapSense_CTRL_WINDOW_EN__CH1); 
 205:.\Generated_Source\PSoC5/CapSense_PM.c ****     #endif  /* CapSense_DESIGN_TYPE */
 206:.\Generated_Source\PSoC5/CapSense_PM.c ****  
 207:.\Generated_Source\PSoC5/CapSense_PM.c ****     /* The pins enable are customer concern: Cmod and Rb */
 208:.\Generated_Source\PSoC5/CapSense_PM.c ****  }
 209:.\Generated_Source\PSoC5/CapSense_PM.c ****  
 210:.\Generated_Source\PSoC5/CapSense_PM.c **** 
 211:.\Generated_Source\PSoC5/CapSense_PM.c **** /*******************************************************************************
 212:.\Generated_Source\PSoC5/CapSense_PM.c **** * Function Name: CapSense_Wakeup
 213:.\Generated_Source\PSoC5/CapSense_PM.c **** ********************************************************************************
 214:.\Generated_Source\PSoC5/CapSense_PM.c **** *
 215:.\Generated_Source\PSoC5/CapSense_PM.c **** * Summary:
 216:.\Generated_Source\PSoC5/CapSense_PM.c **** *  Restores CapSense configuration and non-retention register values. 
 217:.\Generated_Source\PSoC5/CapSense_PM.c **** *  Restores enabled state of component by setting Active mode power template 
 218:.\Generated_Source\PSoC5/CapSense_PM.c **** *  bits for number of component used within CapSense.
 219:.\Generated_Source\PSoC5/CapSense_PM.c **** *
 220:.\Generated_Source\PSoC5/CapSense_PM.c **** * Parameters:
 221:.\Generated_Source\PSoC5/CapSense_PM.c **** *  None
 222:.\Generated_Source\PSoC5/CapSense_PM.c **** *
 223:.\Generated_Source\PSoC5/CapSense_PM.c **** * Return:
 224:.\Generated_Source\PSoC5/CapSense_PM.c **** *  None
 225:.\Generated_Source\PSoC5/CapSense_PM.c **** *
 226:.\Generated_Source\PSoC5/CapSense_PM.c **** * Side Effects:
 227:.\Generated_Source\PSoC5/CapSense_PM.c **** *  Must be called only after CapSense_SaveConfig() routine. Otherwise 
 228:.\Generated_Source\PSoC5/CapSense_PM.c **** *  the component configuration will be overwritten with its initial setting.
 229:.\Generated_Source\PSoC5/CapSense_PM.c **** *  This finction modifies the CONTROL_REG register. 
 230:.\Generated_Source\PSoC5/CapSense_PM.c **** *
 231:.\Generated_Source\PSoC5/CapSense_PM.c **** * Note:
 232:.\Generated_Source\PSoC5/CapSense_PM.c **** *  This function should be called after completion of all scans.
 233:.\Generated_Source\PSoC5/CapSense_PM.c **** *
 234:.\Generated_Source\PSoC5/CapSense_PM.c **** * Global Variables:
 235:.\Generated_Source\PSoC5/CapSense_PM.c **** *  CapSense_backup - used to save component state before enter sleep 
 236:.\Generated_Source\PSoC5/CapSense_PM.c **** *  mode and none-retention registers.
 237:.\Generated_Source\PSoC5/CapSense_PM.c **** *
 238:.\Generated_Source\PSoC5/CapSense_PM.c **** *******************************************************************************/
 239:.\Generated_Source\PSoC5/CapSense_PM.c **** void CapSense_Wakeup(void) 
 240:.\Generated_Source\PSoC5/CapSense_PM.c **** {
 155              		.loc 1 240 0
 156              		.cfi_startproc
 157              		@ args = 0, pretend = 0, frame = 0
 158              		@ frame_needed = 0, uses_anonymous_args = 0
 159 0000 08B5     		push	{r3, lr}
ARM GAS  C:\Users\JohnP\AppData\Local\Temp\ccEBQtg0.s 			page 8


 160              		.cfi_def_cfa_offset 8
 161              		.cfi_offset 3, -8
 162              		.cfi_offset 14, -4
 241:.\Generated_Source\PSoC5/CapSense_PM.c ****     CapSense_RestoreConfig();
 163              		.loc 1 241 0
 164 0002 FFF7FEFF 		bl	CapSense_RestoreConfig
 165              	.LVL3:
 242:.\Generated_Source\PSoC5/CapSense_PM.c ****     
 243:.\Generated_Source\PSoC5/CapSense_PM.c ****     /* Restore CapSense Enable state */
 244:.\Generated_Source\PSoC5/CapSense_PM.c ****     if (CapSense_backup.enableState != 0u)
 166              		.loc 1 244 0
 167 0006 034B     		ldr	r3, .L14
 168 0008 1B78     		ldrb	r3, [r3]	@ zero_extendqisi2
 169 000a 0BB1     		cbz	r3, .L12
 245:.\Generated_Source\PSoC5/CapSense_PM.c ****     {
 246:.\Generated_Source\PSoC5/CapSense_PM.c ****         CapSense_Enable();
 170              		.loc 1 246 0
 171 000c FFF7FEFF 		bl	CapSense_Enable
 172              	.LVL4:
 173              	.L12:
 174 0010 08BD     		pop	{r3, pc}
 175              	.L15:
 176 0012 00BF     		.align	2
 177              	.L14:
 178 0014 00000000 		.word	.LANCHOR0
 179              		.cfi_endproc
 180              	.LFE3:
 181              		.size	CapSense_Wakeup, .-CapSense_Wakeup
 182              		.global	CapSense_backup
 183              		.bss
 184              		.align	2
 185              		.set	.LANCHOR0,. + 0
 186              		.type	CapSense_backup, %object
 187              		.size	CapSense_backup, 2
 188              	CapSense_backup:
 189 0000 0000     		.space	2
 190 0002 0000     		.text
 191              	.Letext0:
 192              		.file 2 ".\\Generated_Source\\PSoC5\\cytypes.h"
 193              		.file 3 ".\\Generated_Source\\PSoC5\\CapSense.h"
 194              		.section	.debug_info,"",%progbits
 195              	.Ldebug_info0:
 196 0000 8E010000 		.4byte	0x18e
 197 0004 0400     		.2byte	0x4
 198 0006 00000000 		.4byte	.Ldebug_abbrev0
 199 000a 04       		.byte	0x4
 200 000b 01       		.uleb128 0x1
 201 000c 15010000 		.4byte	.LASF26
 202 0010 01       		.byte	0x1
 203 0011 5D000000 		.4byte	.LASF27
 204 0015 06000000 		.4byte	.LASF28
 205 0019 00000000 		.4byte	.Ldebug_ranges0+0
 206 001d 00000000 		.4byte	0
 207 0021 00000000 		.4byte	.Ldebug_line0
 208 0025 02       		.uleb128 0x2
 209 0026 01       		.byte	0x1
 210 0027 06       		.byte	0x6
ARM GAS  C:\Users\JohnP\AppData\Local\Temp\ccEBQtg0.s 			page 9


 211 0028 24020000 		.4byte	.LASF0
 212 002c 02       		.uleb128 0x2
 213 002d 01       		.byte	0x1
 214 002e 08       		.byte	0x8
 215 002f 8A000000 		.4byte	.LASF1
 216 0033 02       		.uleb128 0x2
 217 0034 02       		.byte	0x2
 218 0035 05       		.byte	0x5
 219 0036 C4010000 		.4byte	.LASF2
 220 003a 02       		.uleb128 0x2
 221 003b 02       		.byte	0x2
 222 003c 07       		.byte	0x7
 223 003d 4A000000 		.4byte	.LASF3
 224 0041 02       		.uleb128 0x2
 225 0042 04       		.byte	0x4
 226 0043 05       		.byte	0x5
 227 0044 F9010000 		.4byte	.LASF4
 228 0048 02       		.uleb128 0x2
 229 0049 04       		.byte	0x4
 230 004a 07       		.byte	0x7
 231 004b AD000000 		.4byte	.LASF5
 232 004f 02       		.uleb128 0x2
 233 0050 08       		.byte	0x8
 234 0051 05       		.byte	0x5
 235 0052 9A010000 		.4byte	.LASF6
 236 0056 02       		.uleb128 0x2
 237 0057 08       		.byte	0x8
 238 0058 07       		.byte	0x7
 239 0059 F0000000 		.4byte	.LASF7
 240 005d 03       		.uleb128 0x3
 241 005e 04       		.byte	0x4
 242 005f 05       		.byte	0x5
 243 0060 696E7400 		.ascii	"int\000"
 244 0064 02       		.uleb128 0x2
 245 0065 04       		.byte	0x4
 246 0066 07       		.byte	0x7
 247 0067 E3000000 		.4byte	.LASF8
 248 006b 04       		.uleb128 0x4
 249 006c BF000000 		.4byte	.LASF9
 250 0070 02       		.byte	0x2
 251 0071 B4       		.byte	0xb4
 252 0072 2C000000 		.4byte	0x2c
 253 0076 04       		.uleb128 0x4
 254 0077 CC000000 		.4byte	.LASF10
 255 007b 02       		.byte	0x2
 256 007c B5       		.byte	0xb5
 257 007d 3A000000 		.4byte	0x3a
 258 0081 02       		.uleb128 0x2
 259 0082 04       		.byte	0x4
 260 0083 04       		.byte	0x4
 261 0084 84000000 		.4byte	.LASF11
 262 0088 02       		.uleb128 0x2
 263 0089 08       		.byte	0x8
 264 008a 04       		.byte	0x4
 265 008b C5000000 		.4byte	.LASF12
 266 008f 02       		.uleb128 0x2
 267 0090 01       		.byte	0x1
ARM GAS  C:\Users\JohnP\AppData\Local\Temp\ccEBQtg0.s 			page 10


 268 0091 08       		.byte	0x8
 269 0092 A8010000 		.4byte	.LASF13
 270 0096 05       		.uleb128 0x5
 271 0097 A8000000 		.4byte	.LASF14
 272 009b 02       		.byte	0x2
 273 009c 5E01     		.2byte	0x15e
 274 009e A2000000 		.4byte	0xa2
 275 00a2 06       		.uleb128 0x6
 276 00a3 6B000000 		.4byte	0x6b
 277 00a7 05       		.uleb128 0x5
 278 00a8 00000000 		.4byte	.LASF15
 279 00ac 02       		.byte	0x2
 280 00ad 5F01     		.2byte	0x15f
 281 00af B3000000 		.4byte	0xb3
 282 00b3 06       		.uleb128 0x6
 283 00b4 76000000 		.4byte	0x76
 284 00b8 02       		.uleb128 0x2
 285 00b9 04       		.byte	0x4
 286 00ba 07       		.byte	0x7
 287 00bb 91010000 		.4byte	.LASF16
 288 00bf 07       		.uleb128 0x7
 289 00c0 02       		.byte	0x2
 290 00c1 03       		.byte	0x3
 291 00c2 84       		.byte	0x84
 292 00c3 E0000000 		.4byte	0xe0
 293 00c7 08       		.uleb128 0x8
 294 00c8 02020000 		.4byte	.LASF17
 295 00cc 03       		.byte	0x3
 296 00cd 86       		.byte	0x86
 297 00ce 6B000000 		.4byte	0x6b
 298 00d2 00       		.byte	0
 299 00d3 08       		.uleb128 0x8
 300 00d4 BC010000 		.4byte	.LASF18
 301 00d8 03       		.byte	0x3
 302 00d9 89       		.byte	0x89
 303 00da 6B000000 		.4byte	0x6b
 304 00de 01       		.byte	0x1
 305 00df 00       		.byte	0
 306 00e0 04       		.uleb128 0x4
 307 00e1 CE010000 		.4byte	.LASF19
 308 00e5 03       		.byte	0x3
 309 00e6 8A       		.byte	0x8a
 310 00e7 BF000000 		.4byte	0xbf
 311 00eb 09       		.uleb128 0x9
 312 00ec E5010000 		.4byte	.LASF20
 313 00f0 01       		.byte	0x1
 314 00f1 38       		.byte	0x38
 315 00f2 00000000 		.4byte	.LFB0
 316 00f6 18000000 		.4byte	.LFE0-.LFB0
 317 00fa 01       		.uleb128 0x1
 318 00fb 9C       		.byte	0x9c
 319 00fc 0A010000 		.4byte	0x10a
 320 0100 0A       		.uleb128 0xa
 321 0101 0E000000 		.4byte	.LVL0
 322 0105 7C010000 		.4byte	0x17c
 323 0109 00       		.byte	0
 324 010a 09       		.uleb128 0x9
ARM GAS  C:\Users\JohnP\AppData\Local\Temp\ccEBQtg0.s 			page 11


 325 010b AD010000 		.4byte	.LASF21
 326 010f 01       		.byte	0x1
 327 0110 65       		.byte	0x65
 328 0111 00000000 		.4byte	.LFB1
 329 0115 2C000000 		.4byte	.LFE1-.LFB1
 330 0119 01       		.uleb128 0x1
 331 011a 9C       		.byte	0x9c
 332 011b 32010000 		.4byte	0x132
 333 011f 0A       		.uleb128 0xa
 334 0120 16000000 		.4byte	.LVL1
 335 0124 83010000 		.4byte	0x183
 336 0128 0A       		.uleb128 0xa
 337 0129 22000000 		.4byte	.LVL2
 338 012d EB000000 		.4byte	0xeb
 339 0131 00       		.byte	0
 340 0132 0B       		.uleb128 0xb
 341 0133 40020000 		.4byte	.LASF29
 342 0137 01       		.byte	0x1
 343 0138 90       		.byte	0x90
 344 0139 00000000 		.4byte	.LFB2
 345 013d 3C000000 		.4byte	.LFE2-.LFB2
 346 0141 01       		.uleb128 0x1
 347 0142 9C       		.byte	0x9c
 348 0143 09       		.uleb128 0x9
 349 0144 D3000000 		.4byte	.LASF22
 350 0148 01       		.byte	0x1
 351 0149 EF       		.byte	0xef
 352 014a 00000000 		.4byte	.LFB3
 353 014e 18000000 		.4byte	.LFE3-.LFB3
 354 0152 01       		.uleb128 0x1
 355 0153 9C       		.byte	0x9c
 356 0154 6B010000 		.4byte	0x16b
 357 0158 0A       		.uleb128 0xa
 358 0159 06000000 		.4byte	.LVL3
 359 015d 32010000 		.4byte	0x132
 360 0161 0A       		.uleb128 0xa
 361 0162 10000000 		.4byte	.LVL4
 362 0166 8A010000 		.4byte	0x18a
 363 016a 00       		.byte	0
 364 016b 0C       		.uleb128 0xc
 365 016c 98000000 		.4byte	.LASF30
 366 0170 01       		.byte	0x1
 367 0171 13       		.byte	0x13
 368 0172 E0000000 		.4byte	0xe0
 369 0176 05       		.uleb128 0x5
 370 0177 03       		.byte	0x3
 371 0178 00000000 		.4byte	CapSense_backup
 372 017c 0D       		.uleb128 0xd
 373 017d 0E020000 		.4byte	.LASF23
 374 0181 03       		.byte	0x3
 375 0182 9E       		.byte	0x9e
 376 0183 0D       		.uleb128 0xd
 377 0184 07010000 		.4byte	.LASF24
 378 0188 03       		.byte	0x3
 379 0189 94       		.byte	0x94
 380 018a 0D       		.uleb128 0xd
 381 018b 30020000 		.4byte	.LASF25
ARM GAS  C:\Users\JohnP\AppData\Local\Temp\ccEBQtg0.s 			page 12


 382 018f 03       		.byte	0x3
 383 0190 92       		.byte	0x92
 384 0191 00       		.byte	0
 385              		.section	.debug_abbrev,"",%progbits
 386              	.Ldebug_abbrev0:
 387 0000 01       		.uleb128 0x1
 388 0001 11       		.uleb128 0x11
 389 0002 01       		.byte	0x1
 390 0003 25       		.uleb128 0x25
 391 0004 0E       		.uleb128 0xe
 392 0005 13       		.uleb128 0x13
 393 0006 0B       		.uleb128 0xb
 394 0007 03       		.uleb128 0x3
 395 0008 0E       		.uleb128 0xe
 396 0009 1B       		.uleb128 0x1b
 397 000a 0E       		.uleb128 0xe
 398 000b 55       		.uleb128 0x55
 399 000c 17       		.uleb128 0x17
 400 000d 11       		.uleb128 0x11
 401 000e 01       		.uleb128 0x1
 402 000f 10       		.uleb128 0x10
 403 0010 17       		.uleb128 0x17
 404 0011 00       		.byte	0
 405 0012 00       		.byte	0
 406 0013 02       		.uleb128 0x2
 407 0014 24       		.uleb128 0x24
 408 0015 00       		.byte	0
 409 0016 0B       		.uleb128 0xb
 410 0017 0B       		.uleb128 0xb
 411 0018 3E       		.uleb128 0x3e
 412 0019 0B       		.uleb128 0xb
 413 001a 03       		.uleb128 0x3
 414 001b 0E       		.uleb128 0xe
 415 001c 00       		.byte	0
 416 001d 00       		.byte	0
 417 001e 03       		.uleb128 0x3
 418 001f 24       		.uleb128 0x24
 419 0020 00       		.byte	0
 420 0021 0B       		.uleb128 0xb
 421 0022 0B       		.uleb128 0xb
 422 0023 3E       		.uleb128 0x3e
 423 0024 0B       		.uleb128 0xb
 424 0025 03       		.uleb128 0x3
 425 0026 08       		.uleb128 0x8
 426 0027 00       		.byte	0
 427 0028 00       		.byte	0
 428 0029 04       		.uleb128 0x4
 429 002a 16       		.uleb128 0x16
 430 002b 00       		.byte	0
 431 002c 03       		.uleb128 0x3
 432 002d 0E       		.uleb128 0xe
 433 002e 3A       		.uleb128 0x3a
 434 002f 0B       		.uleb128 0xb
 435 0030 3B       		.uleb128 0x3b
 436 0031 0B       		.uleb128 0xb
 437 0032 49       		.uleb128 0x49
 438 0033 13       		.uleb128 0x13
ARM GAS  C:\Users\JohnP\AppData\Local\Temp\ccEBQtg0.s 			page 13


 439 0034 00       		.byte	0
 440 0035 00       		.byte	0
 441 0036 05       		.uleb128 0x5
 442 0037 16       		.uleb128 0x16
 443 0038 00       		.byte	0
 444 0039 03       		.uleb128 0x3
 445 003a 0E       		.uleb128 0xe
 446 003b 3A       		.uleb128 0x3a
 447 003c 0B       		.uleb128 0xb
 448 003d 3B       		.uleb128 0x3b
 449 003e 05       		.uleb128 0x5
 450 003f 49       		.uleb128 0x49
 451 0040 13       		.uleb128 0x13
 452 0041 00       		.byte	0
 453 0042 00       		.byte	0
 454 0043 06       		.uleb128 0x6
 455 0044 35       		.uleb128 0x35
 456 0045 00       		.byte	0
 457 0046 49       		.uleb128 0x49
 458 0047 13       		.uleb128 0x13
 459 0048 00       		.byte	0
 460 0049 00       		.byte	0
 461 004a 07       		.uleb128 0x7
 462 004b 13       		.uleb128 0x13
 463 004c 01       		.byte	0x1
 464 004d 0B       		.uleb128 0xb
 465 004e 0B       		.uleb128 0xb
 466 004f 3A       		.uleb128 0x3a
 467 0050 0B       		.uleb128 0xb
 468 0051 3B       		.uleb128 0x3b
 469 0052 0B       		.uleb128 0xb
 470 0053 01       		.uleb128 0x1
 471 0054 13       		.uleb128 0x13
 472 0055 00       		.byte	0
 473 0056 00       		.byte	0
 474 0057 08       		.uleb128 0x8
 475 0058 0D       		.uleb128 0xd
 476 0059 00       		.byte	0
 477 005a 03       		.uleb128 0x3
 478 005b 0E       		.uleb128 0xe
 479 005c 3A       		.uleb128 0x3a
 480 005d 0B       		.uleb128 0xb
 481 005e 3B       		.uleb128 0x3b
 482 005f 0B       		.uleb128 0xb
 483 0060 49       		.uleb128 0x49
 484 0061 13       		.uleb128 0x13
 485 0062 38       		.uleb128 0x38
 486 0063 0B       		.uleb128 0xb
 487 0064 00       		.byte	0
 488 0065 00       		.byte	0
 489 0066 09       		.uleb128 0x9
 490 0067 2E       		.uleb128 0x2e
 491 0068 01       		.byte	0x1
 492 0069 3F       		.uleb128 0x3f
 493 006a 19       		.uleb128 0x19
 494 006b 03       		.uleb128 0x3
 495 006c 0E       		.uleb128 0xe
ARM GAS  C:\Users\JohnP\AppData\Local\Temp\ccEBQtg0.s 			page 14


 496 006d 3A       		.uleb128 0x3a
 497 006e 0B       		.uleb128 0xb
 498 006f 3B       		.uleb128 0x3b
 499 0070 0B       		.uleb128 0xb
 500 0071 27       		.uleb128 0x27
 501 0072 19       		.uleb128 0x19
 502 0073 11       		.uleb128 0x11
 503 0074 01       		.uleb128 0x1
 504 0075 12       		.uleb128 0x12
 505 0076 06       		.uleb128 0x6
 506 0077 40       		.uleb128 0x40
 507 0078 18       		.uleb128 0x18
 508 0079 9742     		.uleb128 0x2117
 509 007b 19       		.uleb128 0x19
 510 007c 01       		.uleb128 0x1
 511 007d 13       		.uleb128 0x13
 512 007e 00       		.byte	0
 513 007f 00       		.byte	0
 514 0080 0A       		.uleb128 0xa
 515 0081 898201   		.uleb128 0x4109
 516 0084 00       		.byte	0
 517 0085 11       		.uleb128 0x11
 518 0086 01       		.uleb128 0x1
 519 0087 31       		.uleb128 0x31
 520 0088 13       		.uleb128 0x13
 521 0089 00       		.byte	0
 522 008a 00       		.byte	0
 523 008b 0B       		.uleb128 0xb
 524 008c 2E       		.uleb128 0x2e
 525 008d 00       		.byte	0
 526 008e 3F       		.uleb128 0x3f
 527 008f 19       		.uleb128 0x19
 528 0090 03       		.uleb128 0x3
 529 0091 0E       		.uleb128 0xe
 530 0092 3A       		.uleb128 0x3a
 531 0093 0B       		.uleb128 0xb
 532 0094 3B       		.uleb128 0x3b
 533 0095 0B       		.uleb128 0xb
 534 0096 27       		.uleb128 0x27
 535 0097 19       		.uleb128 0x19
 536 0098 11       		.uleb128 0x11
 537 0099 01       		.uleb128 0x1
 538 009a 12       		.uleb128 0x12
 539 009b 06       		.uleb128 0x6
 540 009c 40       		.uleb128 0x40
 541 009d 18       		.uleb128 0x18
 542 009e 9742     		.uleb128 0x2117
 543 00a0 19       		.uleb128 0x19
 544 00a1 00       		.byte	0
 545 00a2 00       		.byte	0
 546 00a3 0C       		.uleb128 0xc
 547 00a4 34       		.uleb128 0x34
 548 00a5 00       		.byte	0
 549 00a6 03       		.uleb128 0x3
 550 00a7 0E       		.uleb128 0xe
 551 00a8 3A       		.uleb128 0x3a
 552 00a9 0B       		.uleb128 0xb
ARM GAS  C:\Users\JohnP\AppData\Local\Temp\ccEBQtg0.s 			page 15


 553 00aa 3B       		.uleb128 0x3b
 554 00ab 0B       		.uleb128 0xb
 555 00ac 49       		.uleb128 0x49
 556 00ad 13       		.uleb128 0x13
 557 00ae 3F       		.uleb128 0x3f
 558 00af 19       		.uleb128 0x19
 559 00b0 02       		.uleb128 0x2
 560 00b1 18       		.uleb128 0x18
 561 00b2 00       		.byte	0
 562 00b3 00       		.byte	0
 563 00b4 0D       		.uleb128 0xd
 564 00b5 2E       		.uleb128 0x2e
 565 00b6 00       		.byte	0
 566 00b7 3F       		.uleb128 0x3f
 567 00b8 19       		.uleb128 0x19
 568 00b9 03       		.uleb128 0x3
 569 00ba 0E       		.uleb128 0xe
 570 00bb 3A       		.uleb128 0x3a
 571 00bc 0B       		.uleb128 0xb
 572 00bd 3B       		.uleb128 0x3b
 573 00be 0B       		.uleb128 0xb
 574 00bf 27       		.uleb128 0x27
 575 00c0 19       		.uleb128 0x19
 576 00c1 3C       		.uleb128 0x3c
 577 00c2 19       		.uleb128 0x19
 578 00c3 00       		.byte	0
 579 00c4 00       		.byte	0
 580 00c5 00       		.byte	0
 581              		.section	.debug_aranges,"",%progbits
 582 0000 34000000 		.4byte	0x34
 583 0004 0200     		.2byte	0x2
 584 0006 00000000 		.4byte	.Ldebug_info0
 585 000a 04       		.byte	0x4
 586 000b 00       		.byte	0
 587 000c 0000     		.2byte	0
 588 000e 0000     		.2byte	0
 589 0010 00000000 		.4byte	.LFB0
 590 0014 18000000 		.4byte	.LFE0-.LFB0
 591 0018 00000000 		.4byte	.LFB1
 592 001c 2C000000 		.4byte	.LFE1-.LFB1
 593 0020 00000000 		.4byte	.LFB2
 594 0024 3C000000 		.4byte	.LFE2-.LFB2
 595 0028 00000000 		.4byte	.LFB3
 596 002c 18000000 		.4byte	.LFE3-.LFB3
 597 0030 00000000 		.4byte	0
 598 0034 00000000 		.4byte	0
 599              		.section	.debug_ranges,"",%progbits
 600              	.Ldebug_ranges0:
 601 0000 00000000 		.4byte	.LFB0
 602 0004 18000000 		.4byte	.LFE0
 603 0008 00000000 		.4byte	.LFB1
 604 000c 2C000000 		.4byte	.LFE1
 605 0010 00000000 		.4byte	.LFB2
 606 0014 3C000000 		.4byte	.LFE2
 607 0018 00000000 		.4byte	.LFB3
 608 001c 18000000 		.4byte	.LFE3
 609 0020 00000000 		.4byte	0
ARM GAS  C:\Users\JohnP\AppData\Local\Temp\ccEBQtg0.s 			page 16


 610 0024 00000000 		.4byte	0
 611              		.section	.debug_line,"",%progbits
 612              	.Ldebug_line0:
 613 0000 B1000000 		.section	.debug_str,"MS",%progbits,1
 613      02005800 
 613      00000201 
 613      FB0E0D00 
 613      01010101 
 614              	.LASF15:
 615 0000 72656731 		.ascii	"reg16\000"
 615      3600
 616              	.LASF28:
 617 0006 433A5C55 		.ascii	"C:\\Users\\JohnP\\Desktop\\embedded\\trunk\\CE4920P"
 617      73657273 
 617      5C4A6F68 
 617      6E505C44 
 617      65736B74 
 618 0033 726F6A65 		.ascii	"roject1\\Design01.cydsn\000"
 618      6374315C 
 618      44657369 
 618      676E3031 
 618      2E637964 
 619              	.LASF3:
 620 004a 73686F72 		.ascii	"short unsigned int\000"
 620      7420756E 
 620      7369676E 
 620      65642069 
 620      6E7400
 621              	.LASF27:
 622 005d 2E5C4765 		.ascii	".\\Generated_Source\\PSoC5\\CapSense_PM.c\000"
 622      6E657261 
 622      7465645F 
 622      536F7572 
 622      63655C50 
 623              	.LASF11:
 624 0084 666C6F61 		.ascii	"float\000"
 624      7400
 625              	.LASF1:
 626 008a 756E7369 		.ascii	"unsigned char\000"
 626      676E6564 
 626      20636861 
 626      7200
 627              	.LASF30:
 628 0098 43617053 		.ascii	"CapSense_backup\000"
 628      656E7365 
 628      5F626163 
 628      6B757000 
 629              	.LASF14:
 630 00a8 72656738 		.ascii	"reg8\000"
 630      00
 631              	.LASF5:
 632 00ad 6C6F6E67 		.ascii	"long unsigned int\000"
 632      20756E73 
 632      69676E65 
 632      6420696E 
 632      7400
 633              	.LASF9:
ARM GAS  C:\Users\JohnP\AppData\Local\Temp\ccEBQtg0.s 			page 17


 634 00bf 75696E74 		.ascii	"uint8\000"
 634      3800
 635              	.LASF12:
 636 00c5 646F7562 		.ascii	"double\000"
 636      6C6500
 637              	.LASF10:
 638 00cc 75696E74 		.ascii	"uint16\000"
 638      313600
 639              	.LASF22:
 640 00d3 43617053 		.ascii	"CapSense_Wakeup\000"
 640      656E7365 
 640      5F57616B 
 640      65757000 
 641              	.LASF8:
 642 00e3 756E7369 		.ascii	"unsigned int\000"
 642      676E6564 
 642      20696E74 
 642      00
 643              	.LASF7:
 644 00f0 6C6F6E67 		.ascii	"long long unsigned int\000"
 644      206C6F6E 
 644      6720756E 
 644      7369676E 
 644      65642069 
 645              	.LASF24:
 646 0107 43617053 		.ascii	"CapSense_Stop\000"
 646      656E7365 
 646      5F53746F 
 646      7000
 647              	.LASF26:
 648 0115 474E5520 		.ascii	"GNU C 4.8.4 20140526 (release) [ARM/embedded-4_8-br"
 648      4320342E 
 648      382E3420 
 648      32303134 
 648      30353236 
 649 0148 616E6368 		.ascii	"anch revision 211358] -mcpu=cortex-m3 -mthumb -g -O"
 649      20726576 
 649      6973696F 
 649      6E203231 
 649      31333538 
 650 017b 67202D66 		.ascii	"g -ffunction-sections\000"
 650      66756E63 
 650      74696F6E 
 650      2D736563 
 650      74696F6E 
 651              	.LASF16:
 652 0191 73697A65 		.ascii	"sizetype\000"
 652      74797065 
 652      00
 653              	.LASF6:
 654 019a 6C6F6E67 		.ascii	"long long int\000"
 654      206C6F6E 
 654      6720696E 
 654      7400
 655              	.LASF13:
 656 01a8 63686172 		.ascii	"char\000"
 656      00
ARM GAS  C:\Users\JohnP\AppData\Local\Temp\ccEBQtg0.s 			page 18


 657              	.LASF21:
 658 01ad 43617053 		.ascii	"CapSense_Sleep\000"
 658      656E7365 
 658      5F536C65 
 658      657000
 659              	.LASF18:
 660 01bc 6374726C 		.ascii	"ctrlReg\000"
 660      52656700 
 661              	.LASF2:
 662 01c4 73686F72 		.ascii	"short int\000"
 662      7420696E 
 662      7400
 663              	.LASF19:
 664 01ce 43617053 		.ascii	"CapSense_BACKUP_STRUCT\000"
 664      656E7365 
 664      5F424143 
 664      4B55505F 
 664      53545255 
 665              	.LASF20:
 666 01e5 43617053 		.ascii	"CapSense_SaveConfig\000"
 666      656E7365 
 666      5F536176 
 666      65436F6E 
 666      66696700 
 667              	.LASF4:
 668 01f9 6C6F6E67 		.ascii	"long int\000"
 668      20696E74 
 668      00
 669              	.LASF17:
 670 0202 656E6162 		.ascii	"enableState\000"
 670      6C655374 
 670      61746500 
 671              	.LASF23:
 672 020e 43617053 		.ascii	"CapSense_ClearSensors\000"
 672      656E7365 
 672      5F436C65 
 672      61725365 
 672      6E736F72 
 673              	.LASF0:
 674 0224 7369676E 		.ascii	"signed char\000"
 674      65642063 
 674      68617200 
 675              	.LASF25:
 676 0230 43617053 		.ascii	"CapSense_Enable\000"
 676      656E7365 
 676      5F456E61 
 676      626C6500 
 677              	.LASF29:
 678 0240 43617053 		.ascii	"CapSense_RestoreConfig\000"
 678      656E7365 
 678      5F526573 
 678      746F7265 
 678      436F6E66 
 679              		.ident	"GCC: (GNU Tools for ARM Embedded Processors) 4.8.4 20140526 (release) [ARM/embedded-4_8-br
