ARM GAS  C:\Users\JohnP\AppData\Local\Temp\ccspA4sa.s 			page 1


   1              		.syntax unified
   2              		.cpu cortex-m3
   3              		.fpu softvfp
   4              		.eabi_attribute 20, 1
   5              		.eabi_attribute 21, 1
   6              		.eabi_attribute 23, 3
   7              		.eabi_attribute 24, 1
   8              		.eabi_attribute 25, 1
   9              		.eabi_attribute 26, 1
  10              		.eabi_attribute 30, 1
  11              		.eabi_attribute 34, 1
  12              		.eabi_attribute 18, 4
  13              		.thumb
  14              		.file	"cymetadata.c"
  15              		.text
  16              	.Ltext0:
  17              		.cfi_sections	.debug_frame
  18              		.global	cy_metadata
  19              		.global	cy_meta_flashprotect
  20              		.global	cy_meta_wonvl
  21              		.global	cy_meta_custnvl
  22              		.global	cy_meta_configecc
  23              		.section	.cyconfigecc,"a",%progbits
  24              		.align	2
  25              		.type	cy_meta_configecc, %object
  26              		.size	cy_meta_configecc, 2476
  27              	cy_meta_configecc:
  28 0000 01       		.byte	1
  29 0001 45       		.byte	69
  30 0002 00       		.byte	0
  31 0003 40       		.byte	64
  32 0004 08       		.byte	8
  33 0005 52       		.byte	82
  34 0006 00       		.byte	0
  35 0007 40       		.byte	64
  36 0008 02       		.byte	2
  37 0009 5A       		.byte	90
  38 000a 00       		.byte	0
  39 000b 40       		.byte	64
  40 000c 09       		.byte	9
  41 000d 64       		.byte	100
  42 000e 00       		.byte	0
  43 000f 40       		.byte	64
  44 0010 01       		.byte	1
  45 0011 65       		.byte	101
  46 0012 00       		.byte	0
  47 0013 40       		.byte	64
  48 0014 58       		.byte	88
  49 0015 00       		.byte	0
  50 0016 01       		.byte	1
  51 0017 40       		.byte	64
  52 0018 30       		.byte	48
  53 0019 01       		.byte	1
  54 001a 01       		.byte	1
  55 001b 40       		.byte	64
  56 001c 47       		.byte	71
  57 001d 02       		.byte	2
ARM GAS  C:\Users\JohnP\AppData\Local\Temp\ccspA4sa.s 			page 2


  58 001e 01       		.byte	1
  59 001f 40       		.byte	64
  60 0020 3B       		.byte	59
  61 0021 03       		.byte	3
  62 0022 01       		.byte	1
  63 0023 40       		.byte	64
  64 0024 4D       		.byte	77
  65 0025 04       		.byte	4
  66 0026 01       		.byte	1
  67 0027 40       		.byte	64
  68 0028 3B       		.byte	59
  69 0029 05       		.byte	5
  70 002a 01       		.byte	1
  71 002b 40       		.byte	64
  72 002c 49       		.byte	73
  73 002d 06       		.byte	6
  74 002e 01       		.byte	1
  75 002f 40       		.byte	64
  76 0030 38       		.byte	56
  77 0031 07       		.byte	7
  78 0032 01       		.byte	1
  79 0033 40       		.byte	64
  80 0034 05       		.byte	5
  81 0035 09       		.byte	9
  82 0036 01       		.byte	1
  83 0037 40       		.byte	64
  84 0038 07       		.byte	7
  85 0039 0B       		.byte	11
  86 003a 01       		.byte	1
  87 003b 40       		.byte	64
  88 003c 44       		.byte	68
  89 003d 0C       		.byte	12
  90 003e 01       		.byte	1
  91 003f 40       		.byte	64
  92 0040 33       		.byte	51
  93 0041 0D       		.byte	13
  94 0042 01       		.byte	1
  95 0043 40       		.byte	64
  96 0044 33       		.byte	51
  97 0045 0E       		.byte	14
  98 0046 01       		.byte	1
  99 0047 40       		.byte	64
 100 0048 25       		.byte	37
 101 0049 0F       		.byte	15
 102 004a 01       		.byte	1
 103 004b 40       		.byte	64
 104 004c 43       		.byte	67
 105 004d 14       		.byte	20
 106 004e 01       		.byte	1
 107 004f 40       		.byte	64
 108 0050 25       		.byte	37
 109 0051 15       		.byte	21
 110 0052 01       		.byte	1
 111 0053 40       		.byte	64
 112 0054 4C       		.byte	76
 113 0055 16       		.byte	22
 114 0056 01       		.byte	1
ARM GAS  C:\Users\JohnP\AppData\Local\Temp\ccspA4sa.s 			page 3


 115 0057 40       		.byte	64
 116 0058 32       		.byte	50
 117 0059 17       		.byte	23
 118 005a 01       		.byte	1
 119 005b 40       		.byte	64
 120 005c 03       		.byte	3
 121 005d 18       		.byte	24
 122 005e 01       		.byte	1
 123 005f 40       		.byte	64
 124 0060 08       		.byte	8
 125 0061 19       		.byte	25
 126 0062 01       		.byte	1
 127 0063 40       		.byte	64
 128 0064 02       		.byte	2
 129 0065 1B       		.byte	27
 130 0066 01       		.byte	1
 131 0067 40       		.byte	64
 132 0068 0E       		.byte	14
 133 0069 40       		.byte	64
 134 006a 01       		.byte	1
 135 006b 40       		.byte	64
 136 006c 0D       		.byte	13
 137 006d 41       		.byte	65
 138 006e 01       		.byte	1
 139 006f 40       		.byte	64
 140 0070 06       		.byte	6
 141 0071 42       		.byte	66
 142 0072 01       		.byte	1
 143 0073 40       		.byte	64
 144 0074 0B       		.byte	11
 145 0075 43       		.byte	67
 146 0076 01       		.byte	1
 147 0077 40       		.byte	64
 148 0078 0A       		.byte	10
 149 0079 44       		.byte	68
 150 007a 01       		.byte	1
 151 007b 40       		.byte	64
 152 007c 04       		.byte	4
 153 007d 45       		.byte	69
 154 007e 01       		.byte	1
 155 007f 40       		.byte	64
 156 0080 10       		.byte	16
 157 0081 46       		.byte	70
 158 0082 01       		.byte	1
 159 0083 40       		.byte	64
 160 0084 09       		.byte	9
 161 0085 47       		.byte	71
 162 0086 01       		.byte	1
 163 0087 40       		.byte	64
 164 0088 06       		.byte	6
 165 0089 48       		.byte	72
 166 008a 01       		.byte	1
 167 008b 40       		.byte	64
 168 008c 09       		.byte	9
 169 008d 49       		.byte	73
 170 008e 01       		.byte	1
 171 008f 40       		.byte	64
ARM GAS  C:\Users\JohnP\AppData\Local\Temp\ccspA4sa.s 			page 4


 172 0090 02       		.byte	2
 173 0091 4C       		.byte	76
 174 0092 01       		.byte	1
 175 0093 40       		.byte	64
 176 0094 05       		.byte	5
 177 0095 4D       		.byte	77
 178 0096 01       		.byte	1
 179 0097 40       		.byte	64
 180 0098 09       		.byte	9
 181 0099 50       		.byte	80
 182 009a 01       		.byte	1
 183 009b 40       		.byte	64
 184 009c 03       		.byte	3
 185 009d 51       		.byte	81
 186 009e 01       		.byte	1
 187 009f 40       		.byte	64
 188 00a0 7E       		.byte	126
 189 00a1 02       		.byte	2
 190 00a2 20       		.byte	32
 191 00a3 20       		.byte	32
 192 00a4 28       		.byte	40
 193 00a5 0F       		.byte	15
 194 00a6 29       		.byte	41
 195 00a7 70       		.byte	112
 196 00a8 2E       		.byte	46
 197 00a9 7F       		.byte	127
 198 00aa 30       		.byte	48
 199 00ab 08       		.byte	8
 200 00ac 34       		.byte	52
 201 00ad 40       		.byte	64
 202 00ae 64       		.byte	100
 203 00af C0       		.byte	-64
 204 00b0 7C       		.byte	124
 205 00b1 60       		.byte	96
 206 00b2 0B       		.byte	11
 207 00b3 20       		.byte	32
 208 00b4 97       		.byte	-105
 209 00b5 01       		.byte	1
 210 00b6 03       		.byte	3
 211 00b7 FF       		.byte	-1
 212 00b8 07       		.byte	7
 213 00b9 FF       		.byte	-1
 214 00ba 0E       		.byte	14
 215 00bb FF       		.byte	-1
 216 00bc 13       		.byte	19
 217 00bd FF       		.byte	-1
 218 00be 17       		.byte	23
 219 00bf FF       		.byte	-1
 220 00c0 23       		.byte	35
 221 00c1 FF       		.byte	-1
 222 00c2 27       		.byte	39
 223 00c3 FF       		.byte	-1
 224 00c4 86       		.byte	-122
 225 00c5 7F       		.byte	127
 226 00c6 8F       		.byte	-113
 227 00c7 1F       		.byte	31
 228 00c8 87       		.byte	-121
ARM GAS  C:\Users\JohnP\AppData\Local\Temp\ccspA4sa.s 			page 5


 229 00c9 7F       		.byte	127
 230 00ca 03       		.byte	3
 231 00cb 02       		.byte	2
 232 00cc 04       		.byte	4
 233 00cd 01       		.byte	1
 234 00ce 09       		.byte	9
 235 00cf 02       		.byte	2
 236 00d0 14       		.byte	20
 237 00d1 01       		.byte	1
 238 00d2 15       		.byte	21
 239 00d3 02       		.byte	2
 240 00d4 19       		.byte	25
 241 00d5 02       		.byte	2
 242 00d6 1A       		.byte	26
 243 00d7 02       		.byte	2
 244 00d8 1D       		.byte	29
 245 00d9 02       		.byte	2
 246 00da 1E       		.byte	30
 247 00db 01       		.byte	1
 248 00dc 20       		.byte	32
 249 00dd 01       		.byte	1
 250 00de 23       		.byte	35
 251 00df 01       		.byte	1
 252 00e0 24       		.byte	36
 253 00e1 01       		.byte	1
 254 00e2 28       		.byte	40
 255 00e3 01       		.byte	1
 256 00e4 2B       		.byte	43
 257 00e5 02       		.byte	2
 258 00e6 30       		.byte	48
 259 00e7 01       		.byte	1
 260 00e8 32       		.byte	50
 261 00e9 02       		.byte	2
 262 00ea 33       		.byte	51
 263 00eb 02       		.byte	2
 264 00ec 35       		.byte	53
 265 00ed 01       		.byte	1
 266 00ee 3E       		.byte	62
 267 00ef 01       		.byte	1
 268 00f0 3F       		.byte	63
 269 00f1 04       		.byte	4
 270 00f2 40       		.byte	64
 271 00f3 20       		.byte	32
 272 00f4 41       		.byte	65
 273 00f5 06       		.byte	6
 274 00f6 49       		.byte	73
 275 00f7 FF       		.byte	-1
 276 00f8 4A       		.byte	74
 277 00f9 FF       		.byte	-1
 278 00fa 4B       		.byte	75
 279 00fb FF       		.byte	-1
 280 00fc 4D       		.byte	77
 281 00fd A0       		.byte	-96
 282 00fe 4F       		.byte	79
 283 00ff 04       		.byte	4
 284 0100 50       		.byte	80
 285 0101 18       		.byte	24
ARM GAS  C:\Users\JohnP\AppData\Local\Temp\ccspA4sa.s 			page 6


 286 0102 58       		.byte	88
 287 0103 04       		.byte	4
 288 0104 59       		.byte	89
 289 0105 04       		.byte	4
 290 0106 5A       		.byte	90
 291 0107 0B       		.byte	11
 292 0108 5D       		.byte	93
 293 0109 09       		.byte	9
 294 010a 5F       		.byte	95
 295 010b 01       		.byte	1
 296 010c 60       		.byte	96
 297 010d 40       		.byte	64
 298 010e 62       		.byte	98
 299 010f C0       		.byte	-64
 300 0110 64       		.byte	100
 301 0111 40       		.byte	64
 302 0112 65       		.byte	101
 303 0113 40       		.byte	64
 304 0114 66       		.byte	102
 305 0115 C0       		.byte	-64
 306 0116 68       		.byte	104
 307 0117 C0       		.byte	-64
 308 0118 6A       		.byte	106
 309 0119 C0       		.byte	-64
 310 011a 6C       		.byte	108
 311 011b C0       		.byte	-64
 312 011c 6E       		.byte	110
 313 011d C0       		.byte	-64
 314 011e 82       		.byte	-126
 315 011f 02       		.byte	2
 316 0120 86       		.byte	-122
 317 0121 04       		.byte	4
 318 0122 87       		.byte	-121
 319 0123 02       		.byte	2
 320 0124 8B       		.byte	-117
 321 0125 01       		.byte	1
 322 0126 8E       		.byte	-114
 323 0127 01       		.byte	1
 324 0128 96       		.byte	-106
 325 0129 08       		.byte	8
 326 012a AA       		.byte	-86
 327 012b 04       		.byte	4
 328 012c B0       		.byte	-80
 329 012d 02       		.byte	2
 330 012e B2       		.byte	-78
 331 012f 04       		.byte	4
 332 0130 B3       		.byte	-77
 333 0131 01       		.byte	1
 334 0132 B4       		.byte	-76
 335 0133 01       		.byte	1
 336 0134 B6       		.byte	-74
 337 0135 08       		.byte	8
 338 0136 B7       		.byte	-73
 339 0137 02       		.byte	2
 340 0138 B9       		.byte	-71
 341 0139 80       		.byte	-128
 342 013a BE       		.byte	-66
ARM GAS  C:\Users\JohnP\AppData\Local\Temp\ccspA4sa.s 			page 7


 343 013b 05       		.byte	5
 344 013c BF       		.byte	-65
 345 013d 44       		.byte	68
 346 013e C0       		.byte	-64
 347 013f 20       		.byte	32
 348 0140 C1       		.byte	-63
 349 0141 06       		.byte	6
 350 0142 C5       		.byte	-59
 351 0143 02       		.byte	2
 352 0144 C6       		.byte	-58
 353 0145 10       		.byte	16
 354 0146 C7       		.byte	-57
 355 0147 02       		.byte	2
 356 0148 C8       		.byte	-56
 357 0149 19       		.byte	25
 358 014a C9       		.byte	-55
 359 014b FF       		.byte	-1
 360 014c CA       		.byte	-54
 361 014d FF       		.byte	-1
 362 014e CB       		.byte	-53
 363 014f FF       		.byte	-1
 364 0150 CD       		.byte	-51
 365 0151 AF       		.byte	-81
 366 0152 CE       		.byte	-50
 367 0153 0F       		.byte	15
 368 0154 CF       		.byte	-49
 369 0155 04       		.byte	4
 370 0156 D0       		.byte	-48
 371 0157 18       		.byte	24
 372 0158 D2       		.byte	-46
 373 0159 80       		.byte	-128
 374 015a D8       		.byte	-40
 375 015b 0B       		.byte	11
 376 015c D9       		.byte	-39
 377 015d 0B       		.byte	11
 378 015e DA       		.byte	-38
 379 015f 0B       		.byte	11
 380 0160 DB       		.byte	-37
 381 0161 0B       		.byte	11
 382 0162 DC       		.byte	-36
 383 0163 99       		.byte	-103
 384 0164 DD       		.byte	-35
 385 0165 99       		.byte	-103
 386 0166 DF       		.byte	-33
 387 0167 01       		.byte	1
 388 0168 E0       		.byte	-32
 389 0169 40       		.byte	64
 390 016a E2       		.byte	-30
 391 016b C0       		.byte	-64
 392 016c E4       		.byte	-28
 393 016d 40       		.byte	64
 394 016e E5       		.byte	-27
 395 016f 40       		.byte	64
 396 0170 E6       		.byte	-26
 397 0171 C0       		.byte	-64
 398 0172 E8       		.byte	-24
 399 0173 C0       		.byte	-64
ARM GAS  C:\Users\JohnP\AppData\Local\Temp\ccspA4sa.s 			page 8


 400 0174 EA       		.byte	-22
 401 0175 C0       		.byte	-64
 402 0176 EC       		.byte	-20
 403 0177 C0       		.byte	-64
 404 0178 EE       		.byte	-18
 405 0179 C0       		.byte	-64
 406 017a 00       		.byte	0
 407 017b 08       		.byte	8
 408 017c 04       		.byte	4
 409 017d 44       		.byte	68
 410 017e 07       		.byte	7
 411 017f 40       		.byte	64
 412 0180 0A       		.byte	10
 413 0181 16       		.byte	22
 414 0182 0E       		.byte	14
 415 0183 20       		.byte	32
 416 0184 10       		.byte	16
 417 0185 90       		.byte	-112
 418 0186 12       		.byte	18
 419 0187 08       		.byte	8
 420 0188 17       		.byte	23
 421 0189 20       		.byte	32
 422 018a 19       		.byte	25
 423 018b 01       		.byte	1
 424 018c 1A       		.byte	26
 425 018d 10       		.byte	16
 426 018e 1B       		.byte	27
 427 018f 08       		.byte	8
 428 0190 1C       		.byte	28
 429 0191 44       		.byte	68
 430 0192 1D       		.byte	29
 431 0193 20       		.byte	32
 432 0194 1E       		.byte	30
 433 0195 20       		.byte	32
 434 0196 1F       		.byte	31
 435 0197 90       		.byte	-112
 436 0198 20       		.byte	32
 437 0199 08       		.byte	8
 438 019a 21       		.byte	33
 439 019b 14       		.byte	20
 440 019c 27       		.byte	39
 441 019d 22       		.byte	34
 442 019e 29       		.byte	41
 443 019f 01       		.byte	1
 444 01a0 2B       		.byte	43
 445 01a1 08       		.byte	8
 446 01a2 30       		.byte	48
 447 01a3 90       		.byte	-112
 448 01a4 32       		.byte	50
 449 01a5 18       		.byte	24
 450 01a6 37       		.byte	55
 451 01a7 02       		.byte	2
 452 01a8 39       		.byte	57
 453 01a9 20       		.byte	32
 454 01aa 3A       		.byte	58
 455 01ab 02       		.byte	2
 456 01ac 3F       		.byte	63
ARM GAS  C:\Users\JohnP\AppData\Local\Temp\ccspA4sa.s 			page 9


 457 01ad 28       		.byte	40
 458 01ae 40       		.byte	64
 459 01af 04       		.byte	4
 460 01b0 45       		.byte	69
 461 01b1 20       		.byte	32
 462 01b2 48       		.byte	72
 463 01b3 08       		.byte	8
 464 01b4 4C       		.byte	76
 465 01b5 08       		.byte	8
 466 01b6 4F       		.byte	79
 467 01b7 08       		.byte	8
 468 01b8 54       		.byte	84
 469 01b9 08       		.byte	8
 470 01ba 57       		.byte	87
 471 01bb 10       		.byte	16
 472 01bc 77       		.byte	119
 473 01bd 40       		.byte	64
 474 01be 7A       		.byte	122
 475 01bf 80       		.byte	-128
 476 01c0 7E       		.byte	126
 477 01c1 80       		.byte	-128
 478 01c2 88       		.byte	-120
 479 01c3 20       		.byte	32
 480 01c4 8A       		.byte	-118
 481 01c5 02       		.byte	2
 482 01c6 C0       		.byte	-64
 483 01c7 B4       		.byte	-76
 484 01c8 C2       		.byte	-62
 485 01c9 27       		.byte	39
 486 01ca C4       		.byte	-60
 487 01cb 4E       		.byte	78
 488 01cc CA       		.byte	-54
 489 01cd 05       		.byte	5
 490 01ce CC       		.byte	-52
 491 01cf 8E       		.byte	-114
 492 01d0 CE       		.byte	-50
 493 01d1 65       		.byte	101
 494 01d2 D0       		.byte	-48
 495 01d3 24       		.byte	36
 496 01d4 D2       		.byte	-46
 497 01d5 24       		.byte	36
 498 01d6 DE       		.byte	-34
 499 01d7 81       		.byte	-127
 500 01d8 E2       		.byte	-30
 501 01d9 48       		.byte	72
 502 01da 02       		.byte	2
 503 01db 02       		.byte	2
 504 01dc 03       		.byte	3
 505 01dd 08       		.byte	8
 506 01de 05       		.byte	5
 507 01df 01       		.byte	1
 508 01e0 07       		.byte	7
 509 01e1 02       		.byte	2
 510 01e2 0C       		.byte	12
 511 01e3 10       		.byte	16
 512 01e4 0E       		.byte	14
 513 01e5 20       		.byte	32
ARM GAS  C:\Users\JohnP\AppData\Local\Temp\ccspA4sa.s 			page 10


 514 01e6 13       		.byte	19
 515 01e7 01       		.byte	1
 516 01e8 14       		.byte	20
 517 01e9 20       		.byte	32
 518 01ea 16       		.byte	22
 519 01eb 10       		.byte	16
 520 01ec 18       		.byte	24
 521 01ed 01       		.byte	1
 522 01ee 1A       		.byte	26
 523 01ef 02       		.byte	2
 524 01f0 1B       		.byte	27
 525 01f1 04       		.byte	4
 526 01f2 27       		.byte	39
 527 01f3 02       		.byte	2
 528 01f4 28       		.byte	40
 529 01f5 04       		.byte	4
 530 01f6 2A       		.byte	42
 531 01f7 09       		.byte	9
 532 01f8 30       		.byte	48
 533 01f9 04       		.byte	4
 534 01fa 32       		.byte	50
 535 01fb 08       		.byte	8
 536 01fc 33       		.byte	51
 537 01fd 08       		.byte	8
 538 01fe 34       		.byte	52
 539 01ff 30       		.byte	48
 540 0200 35       		.byte	53
 541 0201 03       		.byte	3
 542 0202 36       		.byte	54
 543 0203 03       		.byte	3
 544 0204 37       		.byte	55
 545 0205 04       		.byte	4
 546 0206 3E       		.byte	62
 547 0207 55       		.byte	85
 548 0208 3F       		.byte	63
 549 0209 10       		.byte	16
 550 020a 58       		.byte	88
 551 020b 04       		.byte	4
 552 020c 59       		.byte	89
 553 020d 0B       		.byte	11
 554 020e 5C       		.byte	92
 555 020f 90       		.byte	-112
 556 0210 5F       		.byte	95
 557 0211 01       		.byte	1
 558 0212 84       		.byte	-124
 559 0213 0E       		.byte	14
 560 0214 86       		.byte	-122
 561 0215 10       		.byte	16
 562 0216 89       		.byte	-119
 563 0217 03       		.byte	3
 564 0218 8D       		.byte	-115
 565 0219 02       		.byte	2
 566 021a 8E       		.byte	-114
 567 021b 0E       		.byte	14
 568 021c 8F       		.byte	-113
 569 021d 01       		.byte	1
 570 021e 93       		.byte	-109
ARM GAS  C:\Users\JohnP\AppData\Local\Temp\ccspA4sa.s 			page 11


 571 021f 01       		.byte	1
 572 0220 95       		.byte	-107
 573 0221 01       		.byte	1
 574 0222 97       		.byte	-105
 575 0223 02       		.byte	2
 576 0224 99       		.byte	-103
 577 0225 03       		.byte	3
 578 0226 A6       		.byte	-90
 579 0227 09       		.byte	9
 580 0228 A7       		.byte	-89
 581 0229 02       		.byte	2
 582 022a A9       		.byte	-87
 583 022b 03       		.byte	3
 584 022c AE       		.byte	-82
 585 022d 05       		.byte	5
 586 022e B0       		.byte	-80
 587 022f 04       		.byte	4
 588 0230 B1       		.byte	-79
 589 0231 03       		.byte	3
 590 0232 B2       		.byte	-78
 591 0233 01       		.byte	1
 592 0234 B4       		.byte	-76
 593 0235 18       		.byte	24
 594 0236 B6       		.byte	-74
 595 0237 02       		.byte	2
 596 0238 BE       		.byte	-66
 597 0239 55       		.byte	85
 598 023a BF       		.byte	-65
 599 023b 01       		.byte	1
 600 023c C0       		.byte	-64
 601 023d 42       		.byte	66
 602 023e C1       		.byte	-63
 603 023f 05       		.byte	5
 604 0240 C5       		.byte	-59
 605 0241 06       		.byte	6
 606 0242 C7       		.byte	-57
 607 0243 20       		.byte	32
 608 0244 C8       		.byte	-56
 609 0245 21       		.byte	33
 610 0246 D8       		.byte	-40
 611 0247 04       		.byte	4
 612 0248 D9       		.byte	-39
 613 0249 0B       		.byte	11
 614 024a DA       		.byte	-38
 615 024b 04       		.byte	4
 616 024c DC       		.byte	-36
 617 024d 90       		.byte	-112
 618 024e DF       		.byte	-33
 619 024f 01       		.byte	1
 620 0250 E1       		.byte	-31
 621 0251 0C       		.byte	12
 622 0252 E2       		.byte	-30
 623 0253 F0       		.byte	-16
 624 0254 E3       		.byte	-29
 625 0255 0C       		.byte	12
 626 0256 E5       		.byte	-27
 627 0257 0C       		.byte	12
ARM GAS  C:\Users\JohnP\AppData\Local\Temp\ccspA4sa.s 			page 12


 628 0258 E7       		.byte	-25
 629 0259 0C       		.byte	12
 630 025a E8       		.byte	-24
 631 025b 40       		.byte	64
 632 025c E9       		.byte	-23
 633 025d 4C       		.byte	76
 634 025e EA       		.byte	-22
 635 025f 40       		.byte	64
 636 0260 EB       		.byte	-21
 637 0261 4C       		.byte	76
 638 0262 EC       		.byte	-20
 639 0263 90       		.byte	-112
 640 0264 ED       		.byte	-19
 641 0265 58       		.byte	88
 642 0266 EF       		.byte	-17
 643 0267 0C       		.byte	12
 644 0268 00       		.byte	0
 645 0269 08       		.byte	8
 646 026a 03       		.byte	3
 647 026b 02       		.byte	2
 648 026c 05       		.byte	5
 649 026d 01       		.byte	1
 650 026e 06       		.byte	6
 651 026f 01       		.byte	1
 652 0270 07       		.byte	7
 653 0271 02       		.byte	2
 654 0272 0E       		.byte	14
 655 0273 20       		.byte	32
 656 0274 0F       		.byte	15
 657 0275 08       		.byte	8
 658 0276 10       		.byte	16
 659 0277 22       		.byte	34
 660 0278 17       		.byte	23
 661 0279 20       		.byte	32
 662 027a 18       		.byte	24
 663 027b 54       		.byte	84
 664 027c 19       		.byte	25
 665 027d 84       		.byte	-124
 666 027e 1D       		.byte	29
 667 027f 01       		.byte	1
 668 0280 1E       		.byte	30
 669 0281 21       		.byte	33
 670 0282 1F       		.byte	31
 671 0283 24       		.byte	36
 672 0284 20       		.byte	32
 673 0285 80       		.byte	-128
 674 0286 26       		.byte	38
 675 0287 20       		.byte	32
 676 0288 27       		.byte	39
 677 0289 22       		.byte	34
 678 028a 29       		.byte	41
 679 028b 04       		.byte	4
 680 028c 2A       		.byte	42
 681 028d 01       		.byte	1
 682 028e 2B       		.byte	43
 683 028f 08       		.byte	8
 684 0290 2F       		.byte	47
ARM GAS  C:\Users\JohnP\AppData\Local\Temp\ccspA4sa.s 			page 13


 685 0291 20       		.byte	32
 686 0292 31       		.byte	49
 687 0293 20       		.byte	32
 688 0294 32       		.byte	50
 689 0295 49       		.byte	73
 690 0296 36       		.byte	54
 691 0297 20       		.byte	32
 692 0298 37       		.byte	55
 693 0299 02       		.byte	2
 694 029a 39       		.byte	57
 695 029b 60       		.byte	96
 696 029c 3B       		.byte	59
 697 029d 08       		.byte	8
 698 029e 3E       		.byte	62
 699 029f 01       		.byte	1
 700 02a0 3F       		.byte	63
 701 02a1 08       		.byte	8
 702 02a2 40       		.byte	64
 703 02a3 44       		.byte	68
 704 02a4 48       		.byte	72
 705 02a5 20       		.byte	32
 706 02a6 49       		.byte	73
 707 02a7 80       		.byte	-128
 708 02a8 50       		.byte	80
 709 02a9 02       		.byte	2
 710 02aa 7A       		.byte	122
 711 02ab 80       		.byte	-128
 712 02ac 7E       		.byte	126
 713 02ad 80       		.byte	-128
 714 02ae 81       		.byte	-127
 715 02af 40       		.byte	64
 716 02b0 82       		.byte	-126
 717 02b1 10       		.byte	16
 718 02b2 8A       		.byte	-118
 719 02b3 01       		.byte	1
 720 02b4 91       		.byte	-111
 721 02b5 28       		.byte	40
 722 02b6 92       		.byte	-110
 723 02b7 10       		.byte	16
 724 02b8 93       		.byte	-109
 725 02b9 20       		.byte	32
 726 02ba 96       		.byte	-106
 727 02bb 26       		.byte	38
 728 02bc 98       		.byte	-104
 729 02bd 20       		.byte	32
 730 02be A0       		.byte	-96
 731 02bf 04       		.byte	4
 732 02c0 A3       		.byte	-93
 733 02c1 0C       		.byte	12
 734 02c2 A4       		.byte	-92
 735 02c3 80       		.byte	-128
 736 02c4 A6       		.byte	-90
 737 02c5 88       		.byte	-120
 738 02c6 AB       		.byte	-85
 739 02c7 80       		.byte	-128
 740 02c8 C0       		.byte	-64
 741 02c9 95       		.byte	-107
ARM GAS  C:\Users\JohnP\AppData\Local\Temp\ccspA4sa.s 			page 14


 742 02ca C2       		.byte	-62
 743 02cb 60       		.byte	96
 744 02cc C4       		.byte	-60
 745 02cd 45       		.byte	69
 746 02ce CA       		.byte	-54
 747 02cf 47       		.byte	71
 748 02d0 CC       		.byte	-52
 749 02d1 AF       		.byte	-81
 750 02d2 CE       		.byte	-50
 751 02d3 CE       		.byte	-50
 752 02d4 D0       		.byte	-48
 753 02d5 05       		.byte	5
 754 02d6 D2       		.byte	-46
 755 02d7 08       		.byte	8
 756 02d8 DE       		.byte	-34
 757 02d9 81       		.byte	-127
 758 02da EA       		.byte	-22
 759 02db 04       		.byte	4
 760 02dc EE       		.byte	-18
 761 02dd 02       		.byte	2
 762 02de 04       		.byte	4
 763 02df 0A       		.byte	10
 764 02e0 06       		.byte	6
 765 02e1 04       		.byte	4
 766 02e2 07       		.byte	7
 767 02e3 01       		.byte	1
 768 02e4 08       		.byte	8
 769 02e5 18       		.byte	24
 770 02e6 0E       		.byte	14
 771 02e7 01       		.byte	1
 772 02e8 14       		.byte	20
 773 02e9 0C       		.byte	12
 774 02ea 16       		.byte	22
 775 02eb 02       		.byte	2
 776 02ec 18       		.byte	24
 777 02ed 02       		.byte	2
 778 02ee 20       		.byte	32
 779 02ef 0E       		.byte	14
 780 02f0 24       		.byte	36
 781 02f1 0E       		.byte	14
 782 02f2 28       		.byte	40
 783 02f3 06       		.byte	6
 784 02f4 2A       		.byte	42
 785 02f5 18       		.byte	24
 786 02f6 30       		.byte	48
 787 02f7 10       		.byte	16
 788 02f8 32       		.byte	50
 789 02f9 01       		.byte	1
 790 02fa 33       		.byte	51
 791 02fb 01       		.byte	1
 792 02fc 34       		.byte	52
 793 02fd 0E       		.byte	14
 794 02fe 39       		.byte	57
 795 02ff 80       		.byte	-128
 796 0300 3E       		.byte	62
 797 0301 11       		.byte	17
 798 0302 3F       		.byte	63
ARM GAS  C:\Users\JohnP\AppData\Local\Temp\ccspA4sa.s 			page 15


 799 0303 40       		.byte	64
 800 0304 40       		.byte	64
 801 0305 34       		.byte	52
 802 0306 42       		.byte	66
 803 0307 05       		.byte	5
 804 0308 49       		.byte	73
 805 0309 FF       		.byte	-1
 806 030a 4A       		.byte	74
 807 030b FF       		.byte	-1
 808 030c 4B       		.byte	75
 809 030d FF       		.byte	-1
 810 030e 4F       		.byte	79
 811 030f 01       		.byte	1
 812 0310 50       		.byte	80
 813 0311 18       		.byte	24
 814 0312 56       		.byte	86
 815 0313 08       		.byte	8
 816 0314 58       		.byte	88
 817 0315 04       		.byte	4
 818 0316 59       		.byte	89
 819 0317 04       		.byte	4
 820 0318 5A       		.byte	90
 821 0319 08       		.byte	8
 822 031a 5B       		.byte	91
 823 031b 0D       		.byte	13
 824 031c 5D       		.byte	93
 825 031d 09       		.byte	9
 826 031e 5F       		.byte	95
 827 031f 01       		.byte	1
 828 0320 60       		.byte	96
 829 0321 40       		.byte	64
 830 0322 62       		.byte	98
 831 0323 40       		.byte	64
 832 0324 64       		.byte	100
 833 0325 40       		.byte	64
 834 0326 65       		.byte	101
 835 0327 40       		.byte	64
 836 0328 66       		.byte	102
 837 0329 80       		.byte	-128
 838 032a 68       		.byte	104
 839 032b 80       		.byte	-128
 840 032c 6A       		.byte	106
 841 032d 80       		.byte	-128
 842 032e 6C       		.byte	108
 843 032f 80       		.byte	-128
 844 0330 6E       		.byte	110
 845 0331 80       		.byte	-128
 846 0332 87       		.byte	-121
 847 0333 01       		.byte	1
 848 0334 9A       		.byte	-102
 849 0335 01       		.byte	1
 850 0336 A7       		.byte	-89
 851 0337 01       		.byte	1
 852 0338 AE       		.byte	-82
 853 0339 02       		.byte	2
 854 033a B2       		.byte	-78
 855 033b 01       		.byte	1
ARM GAS  C:\Users\JohnP\AppData\Local\Temp\ccspA4sa.s 			page 16


 856 033c B3       		.byte	-77
 857 033d 01       		.byte	1
 858 033e B4       		.byte	-76
 859 033f 02       		.byte	2
 860 0340 BE       		.byte	-66
 861 0341 14       		.byte	20
 862 0342 BF       		.byte	-65
 863 0343 04       		.byte	4
 864 0344 C0       		.byte	-64
 865 0345 34       		.byte	52
 866 0346 C2       		.byte	-62
 867 0347 02       		.byte	2
 868 0348 C9       		.byte	-55
 869 0349 FF       		.byte	-1
 870 034a CA       		.byte	-54
 871 034b FF       		.byte	-1
 872 034c CB       		.byte	-53
 873 034d FF       		.byte	-1
 874 034e CD       		.byte	-51
 875 034f 83       		.byte	-125
 876 0350 CE       		.byte	-50
 877 0351 03       		.byte	3
 878 0352 CF       		.byte	-49
 879 0353 01       		.byte	1
 880 0354 D0       		.byte	-48
 881 0355 18       		.byte	24
 882 0356 D2       		.byte	-46
 883 0357 80       		.byte	-128
 884 0358 D8       		.byte	-40
 885 0359 04       		.byte	4
 886 035a D9       		.byte	-39
 887 035b 0B       		.byte	11
 888 035c DA       		.byte	-38
 889 035d 08       		.byte	8
 890 035e DB       		.byte	-37
 891 035f 09       		.byte	9
 892 0360 DC       		.byte	-36
 893 0361 90       		.byte	-112
 894 0362 DD       		.byte	-35
 895 0363 99       		.byte	-103
 896 0364 DF       		.byte	-33
 897 0365 01       		.byte	1
 898 0366 E0       		.byte	-32
 899 0367 40       		.byte	64
 900 0368 E2       		.byte	-30
 901 0369 40       		.byte	64
 902 036a E4       		.byte	-28
 903 036b 40       		.byte	64
 904 036c E5       		.byte	-27
 905 036d 40       		.byte	64
 906 036e E6       		.byte	-26
 907 036f 80       		.byte	-128
 908 0370 E8       		.byte	-24
 909 0371 80       		.byte	-128
 910 0372 EA       		.byte	-22
 911 0373 80       		.byte	-128
 912 0374 EC       		.byte	-20
ARM GAS  C:\Users\JohnP\AppData\Local\Temp\ccspA4sa.s 			page 17


 913 0375 80       		.byte	-128
 914 0376 EE       		.byte	-18
 915 0377 80       		.byte	-128
 916 0378 00       		.byte	0
 917 0379 98       		.byte	-104
 918 037a 08       		.byte	8
 919 037b 20       		.byte	32
 920 037c 0A       		.byte	10
 921 037d 10       		.byte	16
 922 037e 0E       		.byte	14
 923 037f 08       		.byte	8
 924 0380 10       		.byte	16
 925 0381 90       		.byte	-112
 926 0382 12       		.byte	18
 927 0383 08       		.byte	8
 928 0384 17       		.byte	23
 929 0385 40       		.byte	64
 930 0386 18       		.byte	24
 931 0387 40       		.byte	64
 932 0388 1A       		.byte	26
 933 0389 24       		.byte	36
 934 038a 1B       		.byte	27
 935 038b 02       		.byte	2
 936 038c 1D       		.byte	29
 937 038d 08       		.byte	8
 938 038e 1E       		.byte	30
 939 038f 08       		.byte	8
 940 0390 22       		.byte	34
 941 0391 48       		.byte	72
 942 0392 27       		.byte	39
 943 0393 20       		.byte	32
 944 0394 2F       		.byte	47
 945 0395 10       		.byte	16
 946 0396 30       		.byte	48
 947 0397 10       		.byte	16
 948 0398 32       		.byte	50
 949 0399 10       		.byte	16
 950 039a 37       		.byte	55
 951 039b 20       		.byte	32
 952 039c 39       		.byte	57
 953 039d 08       		.byte	8
 954 039e 3F       		.byte	63
 955 039f 08       		.byte	8
 956 03a0 41       		.byte	65
 957 03a1 08       		.byte	8
 958 03a2 42       		.byte	66
 959 03a3 80       		.byte	-128
 960 03a4 44       		.byte	68
 961 03a5 04       		.byte	4
 962 03a6 45       		.byte	69
 963 03a7 08       		.byte	8
 964 03a8 46       		.byte	70
 965 03a9 80       		.byte	-128
 966 03aa 49       		.byte	73
 967 03ab 40       		.byte	64
 968 03ac 58       		.byte	88
 969 03ad 40       		.byte	64
ARM GAS  C:\Users\JohnP\AppData\Local\Temp\ccspA4sa.s 			page 18


 970 03ae 62       		.byte	98
 971 03af 40       		.byte	64
 972 03b0 77       		.byte	119
 973 03b1 40       		.byte	64
 974 03b2 78       		.byte	120
 975 03b3 A0       		.byte	-96
 976 03b4 7C       		.byte	124
 977 03b5 80       		.byte	-128
 978 03b6 7E       		.byte	126
 979 03b7 80       		.byte	-128
 980 03b8 7F       		.byte	127
 981 03b9 05       		.byte	5
 982 03ba 89       		.byte	-119
 983 03bb 20       		.byte	32
 984 03bc 90       		.byte	-112
 985 03bd 10       		.byte	16
 986 03be 91       		.byte	-111
 987 03bf 28       		.byte	40
 988 03c0 92       		.byte	-110
 989 03c1 10       		.byte	16
 990 03c2 93       		.byte	-109
 991 03c3 20       		.byte	32
 992 03c4 96       		.byte	-106
 993 03c5 A4       		.byte	-92
 994 03c6 98       		.byte	-104
 995 03c7 20       		.byte	32
 996 03c8 A0       		.byte	-96
 997 03c9 C4       		.byte	-60
 998 03ca A3       		.byte	-93
 999 03cb 04       		.byte	4
 1000 03cc A6       		.byte	-90
 1001 03cd 88       		.byte	-120
 1002 03ce A7       		.byte	-89
 1003 03cf 02       		.byte	2
 1004 03d0 AC       		.byte	-84
 1005 03d1 80       		.byte	-128
 1006 03d2 AD       		.byte	-83
 1007 03d3 20       		.byte	32
 1008 03d4 C0       		.byte	-64
 1009 03d5 07       		.byte	7
 1010 03d6 C2       		.byte	-62
 1011 03d7 46       		.byte	70
 1012 03d8 C4       		.byte	-60
 1013 03d9 8E       		.byte	-114
 1014 03da CA       		.byte	-54
 1015 03db 40       		.byte	64
 1016 03dc CC       		.byte	-52
 1017 03dd 20       		.byte	32
 1018 03de CE       		.byte	-50
 1019 03df 42       		.byte	66
 1020 03e0 D0       		.byte	-48
 1021 03e1 E3       		.byte	-29
 1022 03e2 D2       		.byte	-46
 1023 03e3 08       		.byte	8
 1024 03e4 D6       		.byte	-42
 1025 03e5 08       		.byte	8
 1026 03e6 D8       		.byte	-40
ARM GAS  C:\Users\JohnP\AppData\Local\Temp\ccspA4sa.s 			page 19


 1027 03e7 08       		.byte	8
 1028 03e8 DE       		.byte	-34
 1029 03e9 BC       		.byte	-68
 1030 03ea EA       		.byte	-22
 1031 03eb 08       		.byte	8
 1032 03ec EE       		.byte	-18
 1033 03ed 01       		.byte	1
 1034 03ee 02       		.byte	2
 1035 03ef 01       		.byte	1
 1036 03f0 23       		.byte	35
 1037 03f1 01       		.byte	1
 1038 03f2 2E       		.byte	46
 1039 03f3 01       		.byte	1
 1040 03f4 30       		.byte	48
 1041 03f5 01       		.byte	1
 1042 03f6 36       		.byte	54
 1043 03f7 01       		.byte	1
 1044 03f8 37       		.byte	55
 1045 03f9 01       		.byte	1
 1046 03fa 3E       		.byte	62
 1047 03fb 41       		.byte	65
 1048 03fc 40       		.byte	64
 1049 03fd 34       		.byte	52
 1050 03fe 42       		.byte	66
 1051 03ff 02       		.byte	2
 1052 0400 45       		.byte	69
 1053 0401 EC       		.byte	-20
 1054 0402 46       		.byte	70
 1055 0403 02       		.byte	2
 1056 0404 48       		.byte	72
 1057 0405 07       		.byte	7
 1058 0406 49       		.byte	73
 1059 0407 FF       		.byte	-1
 1060 0408 4A       		.byte	74
 1061 0409 FF       		.byte	-1
 1062 040a 4B       		.byte	75
 1063 040b FF       		.byte	-1
 1064 040c 4D       		.byte	77
 1065 040d 83       		.byte	-125
 1066 040e 4E       		.byte	78
 1067 040f 03       		.byte	3
 1068 0410 4F       		.byte	79
 1069 0411 01       		.byte	1
 1070 0412 50       		.byte	80
 1071 0413 18       		.byte	24
 1072 0414 54       		.byte	84
 1073 0415 03       		.byte	3
 1074 0416 58       		.byte	88
 1075 0417 08       		.byte	8
 1076 0418 59       		.byte	89
 1077 0419 08       		.byte	8
 1078 041a 5A       		.byte	90
 1079 041b 08       		.byte	8
 1080 041c 5B       		.byte	91
 1081 041d 08       		.byte	8
 1082 041e 5C       		.byte	92
 1083 041f 99       		.byte	-103
ARM GAS  C:\Users\JohnP\AppData\Local\Temp\ccspA4sa.s 			page 20


 1084 0420 5D       		.byte	93
 1085 0421 99       		.byte	-103
 1086 0422 5F       		.byte	95
 1087 0423 01       		.byte	1
 1088 0424 60       		.byte	96
 1089 0425 40       		.byte	64
 1090 0426 62       		.byte	98
 1091 0427 40       		.byte	64
 1092 0428 64       		.byte	100
 1093 0429 40       		.byte	64
 1094 042a 65       		.byte	101
 1095 042b 40       		.byte	64
 1096 042c 66       		.byte	102
 1097 042d 80       		.byte	-128
 1098 042e 68       		.byte	104
 1099 042f 80       		.byte	-128
 1100 0430 6A       		.byte	106
 1101 0431 80       		.byte	-128
 1102 0432 6C       		.byte	108
 1103 0433 80       		.byte	-128
 1104 0434 6E       		.byte	110
 1105 0435 80       		.byte	-128
 1106 0436 80       		.byte	-128
 1107 0437 01       		.byte	1
 1108 0438 87       		.byte	-121
 1109 0439 08       		.byte	8
 1110 043a 89       		.byte	-119
 1111 043b 0B       		.byte	11
 1112 043c 8B       		.byte	-117
 1113 043d 04       		.byte	4
 1114 043e 8E       		.byte	-114
 1115 043f 01       		.byte	1
 1116 0440 9B       		.byte	-101
 1117 0441 02       		.byte	2
 1118 0442 A7       		.byte	-89
 1119 0443 0B       		.byte	11
 1120 0444 B2       		.byte	-78
 1121 0445 01       		.byte	1
 1122 0446 B3       		.byte	-77
 1123 0447 08       		.byte	8
 1124 0448 B5       		.byte	-75
 1125 0449 06       		.byte	6
 1126 044a B7       		.byte	-73
 1127 044b 01       		.byte	1
 1128 044c BE       		.byte	-66
 1129 044d 04       		.byte	4
 1130 044e BF       		.byte	-65
 1131 044f 54       		.byte	84
 1132 0450 C0       		.byte	-64
 1133 0451 32       		.byte	50
 1134 0452 C1       		.byte	-63
 1135 0453 01       		.byte	1
 1136 0454 C5       		.byte	-59
 1137 0455 06       		.byte	6
 1138 0456 C7       		.byte	-57
 1139 0457 02       		.byte	2
 1140 0458 C8       		.byte	-56
ARM GAS  C:\Users\JohnP\AppData\Local\Temp\ccspA4sa.s 			page 21


 1141 0459 11       		.byte	17
 1142 045a D6       		.byte	-42
 1143 045b 08       		.byte	8
 1144 045c D8       		.byte	-40
 1145 045d 04       		.byte	4
 1146 045e D9       		.byte	-39
 1147 045f 04       		.byte	4
 1148 0460 DA       		.byte	-38
 1149 0461 04       		.byte	4
 1150 0462 DB       		.byte	-37
 1151 0463 04       		.byte	4
 1152 0464 DD       		.byte	-35
 1153 0465 90       		.byte	-112
 1154 0466 DF       		.byte	-33
 1155 0467 01       		.byte	1
 1156 0468 E1       		.byte	-31
 1157 0469 0C       		.byte	12
 1158 046a E2       		.byte	-30
 1159 046b F0       		.byte	-16
 1160 046c E3       		.byte	-29
 1161 046d 0C       		.byte	12
 1162 046e E5       		.byte	-27
 1163 046f 0C       		.byte	12
 1164 0470 E7       		.byte	-25
 1165 0471 0C       		.byte	12
 1166 0472 E8       		.byte	-24
 1167 0473 40       		.byte	64
 1168 0474 E9       		.byte	-23
 1169 0475 4C       		.byte	76
 1170 0476 EA       		.byte	-22
 1171 0477 40       		.byte	64
 1172 0478 EB       		.byte	-21
 1173 0479 4C       		.byte	76
 1174 047a EC       		.byte	-20
 1175 047b 90       		.byte	-112
 1176 047c ED       		.byte	-19
 1177 047d 58       		.byte	88
 1178 047e EF       		.byte	-17
 1179 047f 0C       		.byte	12
 1180 0480 00       		.byte	0
 1181 0481 40       		.byte	64
 1182 0482 02       		.byte	2
 1183 0483 40       		.byte	64
 1184 0484 06       		.byte	6
 1185 0485 80       		.byte	-128
 1186 0486 17       		.byte	23
 1187 0487 40       		.byte	64
 1188 0488 19       		.byte	25
 1189 0489 04       		.byte	4
 1190 048a 1E       		.byte	30
 1191 048b 80       		.byte	-128
 1192 048c 1F       		.byte	31
 1193 048d 80       		.byte	-128
 1194 048e 20       		.byte	32
 1195 048f 15       		.byte	21
 1196 0490 25       		.byte	37
 1197 0491 40       		.byte	64
ARM GAS  C:\Users\JohnP\AppData\Local\Temp\ccspA4sa.s 			page 22


 1198 0492 29       		.byte	41
 1199 0493 04       		.byte	4
 1200 0494 2F       		.byte	47
 1201 0495 80       		.byte	-128
 1202 0496 30       		.byte	48
 1203 0497 20       		.byte	32
 1204 0498 34       		.byte	52
 1205 0499 04       		.byte	4
 1206 049a 35       		.byte	53
 1207 049b 08       		.byte	8
 1208 049c 38       		.byte	56
 1209 049d 08       		.byte	8
 1210 049e 39       		.byte	57
 1211 049f 20       		.byte	32
 1212 04a0 40       		.byte	64
 1213 04a1 15       		.byte	21
 1214 04a2 44       		.byte	68
 1215 04a3 04       		.byte	4
 1216 04a4 45       		.byte	69
 1217 04a5 08       		.byte	8
 1218 04a6 46       		.byte	70
 1219 04a7 80       		.byte	-128
 1220 04a8 48       		.byte	72
 1221 04a9 20       		.byte	32
 1222 04aa 4D       		.byte	77
 1223 04ab 05       		.byte	5
 1224 04ac 50       		.byte	80
 1225 04ad 04       		.byte	4
 1226 04ae 56       		.byte	86
 1227 04af 80       		.byte	-128
 1228 04b0 59       		.byte	89
 1229 04b1 80       		.byte	-128
 1230 04b2 5C       		.byte	92
 1231 04b3 20       		.byte	32
 1232 04b4 5D       		.byte	93
 1233 04b5 05       		.byte	5
 1234 04b6 5E       		.byte	94
 1235 04b7 80       		.byte	-128
 1236 04b8 62       		.byte	98
 1237 04b9 80       		.byte	-128
 1238 04ba 64       		.byte	100
 1239 04bb 04       		.byte	4
 1240 04bc 65       		.byte	101
 1241 04bd 48       		.byte	72
 1242 04be 7F       		.byte	127
 1243 04bf 01       		.byte	1
 1244 04c0 89       		.byte	-119
 1245 04c1 40       		.byte	64
 1246 04c2 90       		.byte	-112
 1247 04c3 40       		.byte	64
 1248 04c4 91       		.byte	-111
 1249 04c5 20       		.byte	32
 1250 04c6 97       		.byte	-105
 1251 04c7 0A       		.byte	10
 1252 04c8 9A       		.byte	-102
 1253 04c9 40       		.byte	64
 1254 04ca 9B       		.byte	-101
ARM GAS  C:\Users\JohnP\AppData\Local\Temp\ccspA4sa.s 			page 23


 1255 04cb 40       		.byte	64
 1256 04cc 9C       		.byte	-100
 1257 04cd 04       		.byte	4
 1258 04ce 9D       		.byte	-99
 1259 04cf 60       		.byte	96
 1260 04d0 9E       		.byte	-98
 1261 04d1 80       		.byte	-128
 1262 04d2 A1       		.byte	-95
 1263 04d3 08       		.byte	8
 1264 04d4 A6       		.byte	-90
 1265 04d5 80       		.byte	-128
 1266 04d6 B0       		.byte	-80
 1267 04d7 40       		.byte	64
 1268 04d8 C0       		.byte	-64
 1269 04d9 19       		.byte	25
 1270 04da C4       		.byte	-60
 1271 04db 80       		.byte	-128
 1272 04dc CA       		.byte	-54
 1273 04dd 82       		.byte	-126
 1274 04de CC       		.byte	-52
 1275 04df 04       		.byte	4
 1276 04e0 CE       		.byte	-50
 1277 04e1 06       		.byte	6
 1278 04e2 D0       		.byte	-48
 1279 04e3 EE       		.byte	-18
 1280 04e4 D6       		.byte	-42
 1281 04e5 F8       		.byte	-8
 1282 04e6 D8       		.byte	-40
 1283 04e7 78       		.byte	120
 1284 04e8 DE       		.byte	-34
 1285 04e9 10       		.byte	16
 1286 04ea E2       		.byte	-30
 1287 04eb 04       		.byte	4
 1288 04ec E6       		.byte	-26
 1289 04ed 28       		.byte	40
 1290 04ee EA       		.byte	-22
 1291 04ef 02       		.byte	2
 1292 04f0 9F       		.byte	-97
 1293 04f1 01       		.byte	1
 1294 04f2 A6       		.byte	-90
 1295 04f3 04       		.byte	4
 1296 04f4 E2       		.byte	-30
 1297 04f5 04       		.byte	4
 1298 04f6 E6       		.byte	-26
 1299 04f7 08       		.byte	8
 1300 04f8 EA       		.byte	-22
 1301 04f9 82       		.byte	-126
 1302 04fa 87       		.byte	-121
 1303 04fb 01       		.byte	1
 1304 04fc 8E       		.byte	-114
 1305 04fd 04       		.byte	4
 1306 04fe 9F       		.byte	-97
 1307 04ff 01       		.byte	1
 1308 0500 A6       		.byte	-90
 1309 0501 04       		.byte	4
 1310 0502 AA       		.byte	-86
 1311 0503 40       		.byte	64
ARM GAS  C:\Users\JohnP\AppData\Local\Temp\ccspA4sa.s 			page 24


 1312 0504 AD       		.byte	-83
 1313 0505 04       		.byte	4
 1314 0506 E0       		.byte	-32
 1315 0507 22       		.byte	34
 1316 0508 1E       		.byte	30
 1317 0509 01       		.byte	1
 1318 050a 2A       		.byte	42
 1319 050b 01       		.byte	1
 1320 050c 34       		.byte	52
 1321 050d 01       		.byte	1
 1322 050e 3E       		.byte	62
 1323 050f 10       		.byte	16
 1324 0510 40       		.byte	64
 1325 0511 03       		.byte	3
 1326 0512 41       		.byte	65
 1327 0513 06       		.byte	6
 1328 0514 49       		.byte	73
 1329 0515 FF       		.byte	-1
 1330 0516 4A       		.byte	74
 1331 0517 FF       		.byte	-1
 1332 0518 4B       		.byte	75
 1333 0519 FF       		.byte	-1
 1334 051a 4C       		.byte	76
 1335 051b 02       		.byte	2
 1336 051c 4D       		.byte	77
 1337 051d 0C       		.byte	12
 1338 051e 4E       		.byte	78
 1339 051f F8       		.byte	-8
 1340 0520 58       		.byte	88
 1341 0521 04       		.byte	4
 1342 0522 5A       		.byte	90
 1343 0523 04       		.byte	4
 1344 0524 5F       		.byte	95
 1345 0525 01       		.byte	1
 1346 0526 62       		.byte	98
 1347 0527 48       		.byte	72
 1348 0528 63       		.byte	99
 1349 0529 A1       		.byte	-95
 1350 052a 68       		.byte	104
 1351 052b F0       		.byte	-16
 1352 052c 6A       		.byte	106
 1353 052d F0       		.byte	-16
 1354 052e 6C       		.byte	108
 1355 052f F0       		.byte	-16
 1356 0530 6E       		.byte	110
 1357 0531 F0       		.byte	-16
 1358 0532 85       		.byte	-123
 1359 0533 01       		.byte	1
 1360 0534 86       		.byte	-122
 1361 0535 04       		.byte	4
 1362 0536 87       		.byte	-121
 1363 0537 02       		.byte	2
 1364 0538 88       		.byte	-120
 1365 0539 01       		.byte	1
 1366 053a 89       		.byte	-119
 1367 053b 02       		.byte	2
 1368 053c 8A       		.byte	-118
ARM GAS  C:\Users\JohnP\AppData\Local\Temp\ccspA4sa.s 			page 25


 1369 053d 02       		.byte	2
 1370 053e 8C       		.byte	-116
 1371 053f 02       		.byte	2
 1372 0540 8E       		.byte	-114
 1373 0541 01       		.byte	1
 1374 0542 92       		.byte	-110
 1375 0543 01       		.byte	1
 1376 0544 94       		.byte	-108
 1377 0545 03       		.byte	3
 1378 0546 95       		.byte	-107
 1379 0547 02       		.byte	2
 1380 0548 97       		.byte	-105
 1381 0549 01       		.byte	1
 1382 054a 9A       		.byte	-102
 1383 054b 10       		.byte	16
 1384 054c 9B       		.byte	-101
 1385 054d 04       		.byte	4
 1386 054e A0       		.byte	-96
 1387 054f 04       		.byte	4
 1388 0550 A2       		.byte	-94
 1389 0551 08       		.byte	8
 1390 0552 A6       		.byte	-90
 1391 0553 08       		.byte	8
 1392 0554 AA       		.byte	-86
 1393 0555 02       		.byte	2
 1394 0556 AD       		.byte	-83
 1395 0557 03       		.byte	3
 1396 0558 B0       		.byte	-80
 1397 0559 0C       		.byte	12
 1398 055a B3       		.byte	-77
 1399 055b 04       		.byte	4
 1400 055c B4       		.byte	-76
 1401 055d 03       		.byte	3
 1402 055e B5       		.byte	-75
 1403 055f 03       		.byte	3
 1404 0560 B6       		.byte	-74
 1405 0561 10       		.byte	16
 1406 0562 BE       		.byte	-66
 1407 0563 11       		.byte	17
 1408 0564 BF       		.byte	-65
 1409 0565 10       		.byte	16
 1410 0566 C0       		.byte	-64
 1411 0567 03       		.byte	3
 1412 0568 C1       		.byte	-63
 1413 0569 06       		.byte	6
 1414 056a C5       		.byte	-59
 1415 056b 0A       		.byte	10
 1416 056c C9       		.byte	-55
 1417 056d FF       		.byte	-1
 1418 056e CA       		.byte	-54
 1419 056f FF       		.byte	-1
 1420 0570 CB       		.byte	-53
 1421 0571 FF       		.byte	-1
 1422 0572 CC       		.byte	-52
 1423 0573 03       		.byte	3
 1424 0574 CD       		.byte	-51
 1425 0575 0C       		.byte	12
ARM GAS  C:\Users\JohnP\AppData\Local\Temp\ccspA4sa.s 			page 26


 1426 0576 CE       		.byte	-50
 1427 0577 F4       		.byte	-12
 1428 0578 D2       		.byte	-46
 1429 0579 17       		.byte	23
 1430 057a D8       		.byte	-40
 1431 057b 04       		.byte	4
 1432 057c D9       		.byte	-39
 1433 057d 04       		.byte	4
 1434 057e DA       		.byte	-38
 1435 057f 04       		.byte	4
 1436 0580 DB       		.byte	-37
 1437 0581 04       		.byte	4
 1438 0582 DF       		.byte	-33
 1439 0583 01       		.byte	1
 1440 0584 E2       		.byte	-30
 1441 0585 48       		.byte	72
 1442 0586 E3       		.byte	-29
 1443 0587 A1       		.byte	-95
 1444 0588 E8       		.byte	-24
 1445 0589 F0       		.byte	-16
 1446 058a EA       		.byte	-22
 1447 058b F0       		.byte	-16
 1448 058c EC       		.byte	-20
 1449 058d F0       		.byte	-16
 1450 058e EE       		.byte	-18
 1451 058f F0       		.byte	-16
 1452 0590 00       		.byte	0
 1453 0591 20       		.byte	32
 1454 0592 01       		.byte	1
 1455 0593 80       		.byte	-128
 1456 0594 03       		.byte	3
 1457 0595 20       		.byte	32
 1458 0596 0A       		.byte	10
 1459 0597 44       		.byte	68
 1460 0598 0B       		.byte	11
 1461 0599 10       		.byte	16
 1462 059a 0E       		.byte	14
 1463 059b 01       		.byte	1
 1464 059c 10       		.byte	16
 1465 059d A8       		.byte	-88
 1466 059e 17       		.byte	23
 1467 059f 20       		.byte	32
 1468 05a0 19       		.byte	25
 1469 05a1 80       		.byte	-128
 1470 05a2 1A       		.byte	26
 1471 05a3 85       		.byte	-123
 1472 05a4 1F       		.byte	31
 1473 05a5 10       		.byte	16
 1474 05a6 20       		.byte	32
 1475 05a7 20       		.byte	32
 1476 05a8 21       		.byte	33
 1477 05a9 2C       		.byte	44
 1478 05aa 29       		.byte	41
 1479 05ab 80       		.byte	-128
 1480 05ac 31       		.byte	49
 1481 05ad 20       		.byte	32
 1482 05ae 32       		.byte	50
ARM GAS  C:\Users\JohnP\AppData\Local\Temp\ccspA4sa.s 			page 27


 1483 05af 04       		.byte	4
 1484 05b0 39       		.byte	57
 1485 05b1 18       		.byte	24
 1486 05b2 40       		.byte	64
 1487 05b3 20       		.byte	32
 1488 05b4 44       		.byte	68
 1489 05b5 20       		.byte	32
 1490 05b6 47       		.byte	71
 1491 05b7 08       		.byte	8
 1492 05b8 48       		.byte	72
 1493 05b9 20       		.byte	32
 1494 05ba 4B       		.byte	75
 1495 05bb 10       		.byte	16
 1496 05bc 4F       		.byte	79
 1497 05bd 10       		.byte	16
 1498 05be 68       		.byte	104
 1499 05bf 08       		.byte	8
 1500 05c0 69       		.byte	105
 1501 05c1 10       		.byte	16
 1502 05c2 6A       		.byte	106
 1503 05c3 40       		.byte	64
 1504 05c4 6B       		.byte	107
 1505 05c5 20       		.byte	32
 1506 05c6 70       		.byte	112
 1507 05c7 80       		.byte	-128
 1508 05c8 8B       		.byte	-117
 1509 05c9 10       		.byte	16
 1510 05ca 92       		.byte	-110
 1511 05cb 08       		.byte	8
 1512 05cc 93       		.byte	-109
 1513 05cd 10       		.byte	16
 1514 05ce 96       		.byte	-106
 1515 05cf 40       		.byte	64
 1516 05d0 9B       		.byte	-101
 1517 05d1 08       		.byte	8
 1518 05d2 9D       		.byte	-99
 1519 05d3 80       		.byte	-128
 1520 05d4 9F       		.byte	-97
 1521 05d5 01       		.byte	1
 1522 05d6 A3       		.byte	-93
 1523 05d7 20       		.byte	32
 1524 05d8 A5       		.byte	-91
 1525 05d9 08       		.byte	8
 1526 05da A6       		.byte	-90
 1527 05db 04       		.byte	4
 1528 05dc AA       		.byte	-86
 1529 05dd 04       		.byte	4
 1530 05de AF       		.byte	-81
 1531 05df 08       		.byte	8
 1532 05e0 C0       		.byte	-64
 1533 05e1 07       		.byte	7
 1534 05e2 C2       		.byte	-62
 1535 05e3 8E       		.byte	-114
 1536 05e4 C4       		.byte	-60
 1537 05e5 4E       		.byte	78
 1538 05e6 CA       		.byte	-54
 1539 05e7 08       		.byte	8
ARM GAS  C:\Users\JohnP\AppData\Local\Temp\ccspA4sa.s 			page 28


 1540 05e8 CC       		.byte	-52
 1541 05e9 06       		.byte	6
 1542 05ea CE       		.byte	-50
 1543 05eb 06       		.byte	6
 1544 05ec D0       		.byte	-48
 1545 05ed 42       		.byte	66
 1546 05ee D2       		.byte	-46
 1547 05ef 24       		.byte	36
 1548 05f0 E2       		.byte	-30
 1549 05f1 20       		.byte	32
 1550 05f2 EA       		.byte	-22
 1551 05f3 04       		.byte	4
 1552 05f4 EC       		.byte	-20
 1553 05f5 04       		.byte	4
 1554 05f6 04       		.byte	4
 1555 05f7 04       		.byte	4
 1556 05f8 05       		.byte	5
 1557 05f9 01       		.byte	1
 1558 05fa 0C       		.byte	12
 1559 05fb 01       		.byte	1
 1560 05fc 11       		.byte	17
 1561 05fd 01       		.byte	1
 1562 05fe 12       		.byte	18
 1563 05ff 01       		.byte	1
 1564 0600 14       		.byte	20
 1565 0601 01       		.byte	1
 1566 0602 1A       		.byte	26
 1567 0603 06       		.byte	6
 1568 0604 1F       		.byte	31
 1569 0605 02       		.byte	2
 1570 0606 28       		.byte	40
 1571 0607 01       		.byte	1
 1572 0608 2E       		.byte	46
 1573 0609 08       		.byte	8
 1574 060a 2F       		.byte	47
 1575 060b 04       		.byte	4
 1576 060c 30       		.byte	48
 1577 060d 04       		.byte	4
 1578 060e 31       		.byte	49
 1579 060f 01       		.byte	1
 1580 0610 32       		.byte	50
 1581 0611 02       		.byte	2
 1582 0612 33       		.byte	51
 1583 0613 04       		.byte	4
 1584 0614 34       		.byte	52
 1585 0615 08       		.byte	8
 1586 0616 35       		.byte	53
 1587 0617 02       		.byte	2
 1588 0618 36       		.byte	54
 1589 0619 01       		.byte	1
 1590 061a 39       		.byte	57
 1591 061b 02       		.byte	2
 1592 061c 3E       		.byte	62
 1593 061d 41       		.byte	65
 1594 061e 3F       		.byte	63
 1595 061f 01       		.byte	1
 1596 0620 40       		.byte	64
ARM GAS  C:\Users\JohnP\AppData\Local\Temp\ccspA4sa.s 			page 29


 1597 0621 26       		.byte	38
 1598 0622 45       		.byte	69
 1599 0623 50       		.byte	80
 1600 0624 46       		.byte	70
 1601 0625 20       		.byte	32
 1602 0626 47       		.byte	71
 1603 0627 04       		.byte	4
 1604 0628 48       		.byte	72
 1605 0629 1A       		.byte	26
 1606 062a 49       		.byte	73
 1607 062b FF       		.byte	-1
 1608 062c 4A       		.byte	74
 1609 062d FF       		.byte	-1
 1610 062e 4B       		.byte	75
 1611 062f FF       		.byte	-1
 1612 0630 4C       		.byte	76
 1613 0631 02       		.byte	2
 1614 0632 4D       		.byte	77
 1615 0633 20       		.byte	32
 1616 0634 4F       		.byte	79
 1617 0635 05       		.byte	5
 1618 0636 51       		.byte	81
 1619 0637 10       		.byte	16
 1620 0638 58       		.byte	88
 1621 0639 04       		.byte	4
 1622 063a 59       		.byte	89
 1623 063b 04       		.byte	4
 1624 063c 5A       		.byte	90
 1625 063d 04       		.byte	4
 1626 063e 5F       		.byte	95
 1627 063f 01       		.byte	1
 1628 0640 60       		.byte	96
 1629 0641 40       		.byte	64
 1630 0642 61       		.byte	97
 1631 0643 40       		.byte	64
 1632 0644 62       		.byte	98
 1633 0645 80       		.byte	-128
 1634 0646 64       		.byte	100
 1635 0647 80       		.byte	-128
 1636 0648 66       		.byte	102
 1637 0649 80       		.byte	-128
 1638 064a 8E       		.byte	-114
 1639 064b 01       		.byte	1
 1640 064c B2       		.byte	-78
 1641 064d 01       		.byte	1
 1642 064e BE       		.byte	-66
 1643 064f 04       		.byte	4
 1644 0650 D6       		.byte	-42
 1645 0651 02       		.byte	2
 1646 0652 D7       		.byte	-41
 1647 0653 12       		.byte	18
 1648 0654 D8       		.byte	-40
 1649 0655 04       		.byte	4
 1650 0656 DB       		.byte	-37
 1651 0657 04       		.byte	4
 1652 0658 DE       		.byte	-34
 1653 0659 08       		.byte	8
ARM GAS  C:\Users\JohnP\AppData\Local\Temp\ccspA4sa.s 			page 30


 1654 065a DF       		.byte	-33
 1655 065b 01       		.byte	1
 1656 065c 01       		.byte	1
 1657 065d 88       		.byte	-120
 1658 065e 07       		.byte	7
 1659 065f 01       		.byte	1
 1660 0660 09       		.byte	9
 1661 0661 08       		.byte	8
 1662 0662 0A       		.byte	10
 1663 0663 44       		.byte	68
 1664 0664 12       		.byte	18
 1665 0665 02       		.byte	2
 1666 0666 13       		.byte	19
 1667 0667 10       		.byte	16
 1668 0668 19       		.byte	25
 1669 0669 48       		.byte	72
 1670 066a 1A       		.byte	26
 1671 066b 84       		.byte	-124
 1672 066c 1B       		.byte	27
 1673 066d 20       		.byte	32
 1674 066e 1F       		.byte	31
 1675 066f 08       		.byte	8
 1676 0670 22       		.byte	34
 1677 0671 06       		.byte	6
 1678 0672 23       		.byte	35
 1679 0673 18       		.byte	24
 1680 0674 29       		.byte	41
 1681 0675 40       		.byte	64
 1682 0676 31       		.byte	49
 1683 0677 01       		.byte	1
 1684 0678 32       		.byte	50
 1685 0679 40       		.byte	64
 1686 067a 38       		.byte	56
 1687 067b 08       		.byte	8
 1688 067c 41       		.byte	65
 1689 067d 10       		.byte	16
 1690 067e 49       		.byte	73
 1691 067f 01       		.byte	1
 1692 0680 4B       		.byte	75
 1693 0681 10       		.byte	16
 1694 0682 50       		.byte	80
 1695 0683 04       		.byte	4
 1696 0684 51       		.byte	81
 1697 0685 10       		.byte	16
 1698 0686 5E       		.byte	94
 1699 0687 08       		.byte	8
 1700 0688 75       		.byte	117
 1701 0689 02       		.byte	2
 1702 068a 7E       		.byte	126
 1703 068b 04       		.byte	4
 1704 068c 89       		.byte	-119
 1705 068d 02       		.byte	2
 1706 068e 8E       		.byte	-114
 1707 068f 04       		.byte	4
 1708 0690 C0       		.byte	-64
 1709 0691 85       		.byte	-123
 1710 0692 C2       		.byte	-62
ARM GAS  C:\Users\JohnP\AppData\Local\Temp\ccspA4sa.s 			page 31


 1711 0693 0E       		.byte	14
 1712 0694 C4       		.byte	-60
 1713 0695 03       		.byte	3
 1714 0696 CA       		.byte	-54
 1715 0697 08       		.byte	8
 1716 0698 CC       		.byte	-52
 1717 0699 09       		.byte	9
 1718 069a CE       		.byte	-50
 1719 069b 02       		.byte	2
 1720 069c D0       		.byte	-48
 1721 069d 04       		.byte	4
 1722 069e D2       		.byte	-46
 1723 069f 04       		.byte	4
 1724 06a0 D6       		.byte	-42
 1725 06a1 40       		.byte	64
 1726 06a2 DE       		.byte	-34
 1727 06a3 20       		.byte	32
 1728 06a4 E2       		.byte	-30
 1729 06a5 C8       		.byte	-56
 1730 06a6 02       		.byte	2
 1731 06a7 01       		.byte	1
 1732 06a8 09       		.byte	9
 1733 06a9 04       		.byte	4
 1734 06aa 0A       		.byte	10
 1735 06ab 02       		.byte	2
 1736 06ac 0F       		.byte	15
 1737 06ad 04       		.byte	4
 1738 06ae 13       		.byte	19
 1739 06af 01       		.byte	1
 1740 06b0 1E       		.byte	30
 1741 06b1 04       		.byte	4
 1742 06b2 26       		.byte	38
 1743 06b3 04       		.byte	4
 1744 06b4 28       		.byte	40
 1745 06b5 04       		.byte	4
 1746 06b6 2F       		.byte	47
 1747 06b7 02       		.byte	2
 1748 06b8 31       		.byte	49
 1749 06b9 01       		.byte	1
 1750 06ba 32       		.byte	50
 1751 06bb 01       		.byte	1
 1752 06bc 33       		.byte	51
 1753 06bd 02       		.byte	2
 1754 06be 34       		.byte	52
 1755 06bf 02       		.byte	2
 1756 06c0 36       		.byte	54
 1757 06c1 04       		.byte	4
 1758 06c2 37       		.byte	55
 1759 06c3 04       		.byte	4
 1760 06c4 3E       		.byte	62
 1761 06c5 50       		.byte	80
 1762 06c6 3F       		.byte	63
 1763 06c7 41       		.byte	65
 1764 06c8 40       		.byte	64
 1765 06c9 52       		.byte	82
 1766 06ca 49       		.byte	73
 1767 06cb FF       		.byte	-1
ARM GAS  C:\Users\JohnP\AppData\Local\Temp\ccspA4sa.s 			page 32


 1768 06cc 4A       		.byte	74
 1769 06cd FF       		.byte	-1
 1770 06ce 4B       		.byte	75
 1771 06cf FF       		.byte	-1
 1772 06d0 4D       		.byte	77
 1773 06d1 A0       		.byte	-96
 1774 06d2 4F       		.byte	79
 1775 06d3 01       		.byte	1
 1776 06d4 50       		.byte	80
 1777 06d5 18       		.byte	24
 1778 06d6 52       		.byte	82
 1779 06d7 80       		.byte	-128
 1780 06d8 58       		.byte	88
 1781 06d9 04       		.byte	4
 1782 06da 59       		.byte	89
 1783 06db 04       		.byte	4
 1784 06dc 5A       		.byte	90
 1785 06dd 04       		.byte	4
 1786 06de 5B       		.byte	91
 1787 06df 04       		.byte	4
 1788 06e0 5C       		.byte	92
 1789 06e1 99       		.byte	-103
 1790 06e2 5D       		.byte	93
 1791 06e3 99       		.byte	-103
 1792 06e4 5F       		.byte	95
 1793 06e5 01       		.byte	1
 1794 06e6 60       		.byte	96
 1795 06e7 40       		.byte	64
 1796 06e8 62       		.byte	98
 1797 06e9 80       		.byte	-128
 1798 06ea 64       		.byte	100
 1799 06eb 40       		.byte	64
 1800 06ec 65       		.byte	101
 1801 06ed 40       		.byte	64
 1802 06ee 66       		.byte	102
 1803 06ef 80       		.byte	-128
 1804 06f0 68       		.byte	104
 1805 06f1 40       		.byte	64
 1806 06f2 6A       		.byte	106
 1807 06f3 50       		.byte	80
 1808 06f4 6B       		.byte	107
 1809 06f5 A8       		.byte	-88
 1810 06f6 6C       		.byte	108
 1811 06f7 40       		.byte	64
 1812 06f8 6D       		.byte	109
 1813 06f9 20       		.byte	32
 1814 06fa 6E       		.byte	110
 1815 06fb 50       		.byte	80
 1816 06fc 6F       		.byte	111
 1817 06fd A8       		.byte	-88
 1818 06fe C0       		.byte	-64
 1819 06ff 56       		.byte	86
 1820 0700 C9       		.byte	-55
 1821 0701 FF       		.byte	-1
 1822 0702 CA       		.byte	-54
 1823 0703 FF       		.byte	-1
 1824 0704 CB       		.byte	-53
ARM GAS  C:\Users\JohnP\AppData\Local\Temp\ccspA4sa.s 			page 33


 1825 0705 FF       		.byte	-1
 1826 0706 CD       		.byte	-51
 1827 0707 AF       		.byte	-81
 1828 0708 CE       		.byte	-50
 1829 0709 07       		.byte	7
 1830 070a CF       		.byte	-49
 1831 070b 01       		.byte	1
 1832 070c D0       		.byte	-48
 1833 070d 18       		.byte	24
 1834 070e DA       		.byte	-38
 1835 070f 04       		.byte	4
 1836 0710 DD       		.byte	-35
 1837 0711 09       		.byte	9
 1838 0712 DF       		.byte	-33
 1839 0713 01       		.byte	1
 1840 0714 E0       		.byte	-32
 1841 0715 40       		.byte	64
 1842 0716 E2       		.byte	-30
 1843 0717 80       		.byte	-128
 1844 0718 E4       		.byte	-28
 1845 0719 40       		.byte	64
 1846 071a E5       		.byte	-27
 1847 071b 40       		.byte	64
 1848 071c E6       		.byte	-26
 1849 071d 80       		.byte	-128
 1850 071e E8       		.byte	-24
 1851 071f 40       		.byte	64
 1852 0720 EA       		.byte	-22
 1853 0721 50       		.byte	80
 1854 0722 EB       		.byte	-21
 1855 0723 A8       		.byte	-88
 1856 0724 EC       		.byte	-20
 1857 0725 40       		.byte	64
 1858 0726 ED       		.byte	-19
 1859 0727 20       		.byte	32
 1860 0728 EE       		.byte	-18
 1861 0729 50       		.byte	80
 1862 072a EF       		.byte	-17
 1863 072b A8       		.byte	-88
 1864 072c 00       		.byte	0
 1865 072d 10       		.byte	16
 1866 072e 02       		.byte	2
 1867 072f 40       		.byte	64
 1868 0730 0A       		.byte	10
 1869 0731 02       		.byte	2
 1870 0732 12       		.byte	18
 1871 0733 08       		.byte	8
 1872 0734 13       		.byte	19
 1873 0735 08       		.byte	8
 1874 0736 18       		.byte	24
 1875 0737 14       		.byte	20
 1876 0738 19       		.byte	25
 1877 0739 40       		.byte	64
 1878 073a 1A       		.byte	26
 1879 073b 08       		.byte	8
 1880 073c 1B       		.byte	27
 1881 073d 40       		.byte	64
ARM GAS  C:\Users\JohnP\AppData\Local\Temp\ccspA4sa.s 			page 34


 1882 073e 22       		.byte	34
 1883 073f 49       		.byte	73
 1884 0740 29       		.byte	41
 1885 0741 80       		.byte	-128
 1886 0742 31       		.byte	49
 1887 0743 02       		.byte	2
 1888 0744 38       		.byte	56
 1889 0745 90       		.byte	-112
 1890 0746 3A       		.byte	58
 1891 0747 40       		.byte	64
 1892 0748 40       		.byte	64
 1893 0749 04       		.byte	4
 1894 074a 49       		.byte	73
 1895 074b 40       		.byte	64
 1896 074c 4E       		.byte	78
 1897 074d 04       		.byte	4
 1898 074e 4F       		.byte	79
 1899 074f 80       		.byte	-128
 1900 0750 71       		.byte	113
 1901 0751 02       		.byte	2
 1902 0752 85       		.byte	-123
 1903 0753 80       		.byte	-128
 1904 0754 87       		.byte	-121
 1905 0755 08       		.byte	8
 1906 0756 90       		.byte	-112
 1907 0757 80       		.byte	-128
 1908 0758 94       		.byte	-108
 1909 0759 04       		.byte	4
 1910 075a 96       		.byte	-106
 1911 075b 88       		.byte	-120
 1912 075c 9D       		.byte	-99
 1913 075d 40       		.byte	64
 1914 075e A7       		.byte	-89
 1915 075f 40       		.byte	64
 1916 0760 A9       		.byte	-87
 1917 0761 80       		.byte	-128
 1918 0762 AB       		.byte	-85
 1919 0763 08       		.byte	8
 1920 0764 C0       		.byte	-64
 1921 0765 0A       		.byte	10
 1922 0766 C2       		.byte	-62
 1923 0767 01       		.byte	1
 1924 0768 C4       		.byte	-60
 1925 0769 06       		.byte	6
 1926 076a CA       		.byte	-54
 1927 076b 08       		.byte	8
 1928 076c CC       		.byte	-52
 1929 076d 01       		.byte	1
 1930 076e CE       		.byte	-50
 1931 076f 0C       		.byte	12
 1932 0770 D0       		.byte	-48
 1933 0771 04       		.byte	4
 1934 0772 D2       		.byte	-46
 1935 0773 38       		.byte	56
 1936 0774 EC       		.byte	-20
 1937 0775 20       		.byte	32
 1938 0776 2B       		.byte	43
ARM GAS  C:\Users\JohnP\AppData\Local\Temp\ccspA4sa.s 			page 35


 1939 0777 01       		.byte	1
 1940 0778 31       		.byte	49
 1941 0779 01       		.byte	1
 1942 077a 3F       		.byte	63
 1943 077b 01       		.byte	1
 1944 077c 40       		.byte	64
 1945 077d 56       		.byte	86
 1946 077e 49       		.byte	73
 1947 077f FF       		.byte	-1
 1948 0780 4A       		.byte	74
 1949 0781 FF       		.byte	-1
 1950 0782 4B       		.byte	75
 1951 0783 FF       		.byte	-1
 1952 0784 4D       		.byte	77
 1953 0785 AF       		.byte	-81
 1954 0786 4E       		.byte	78
 1955 0787 07       		.byte	7
 1956 0788 4F       		.byte	79
 1957 0789 01       		.byte	1
 1958 078a 50       		.byte	80
 1959 078b 18       		.byte	24
 1960 078c 56       		.byte	86
 1961 078d 08       		.byte	8
 1962 078e 58       		.byte	88
 1963 078f 08       		.byte	8
 1964 0790 59       		.byte	89
 1965 0791 04       		.byte	4
 1966 0792 5A       		.byte	90
 1967 0793 04       		.byte	4
 1968 0794 5B       		.byte	91
 1969 0795 04       		.byte	4
 1970 0796 5C       		.byte	92
 1971 0797 99       		.byte	-103
 1972 0798 5D       		.byte	93
 1973 0799 99       		.byte	-103
 1974 079a 5F       		.byte	95
 1975 079b 01       		.byte	1
 1976 079c 60       		.byte	96
 1977 079d 40       		.byte	64
 1978 079e 62       		.byte	98
 1979 079f 80       		.byte	-128
 1980 07a0 64       		.byte	100
 1981 07a1 40       		.byte	64
 1982 07a2 65       		.byte	101
 1983 07a3 40       		.byte	64
 1984 07a4 66       		.byte	102
 1985 07a5 80       		.byte	-128
 1986 07a6 68       		.byte	104
 1987 07a7 40       		.byte	64
 1988 07a8 6A       		.byte	106
 1989 07a9 50       		.byte	80
 1990 07aa 6B       		.byte	107
 1991 07ab A8       		.byte	-88
 1992 07ac 6C       		.byte	108
 1993 07ad 40       		.byte	64
 1994 07ae 6D       		.byte	109
 1995 07af 20       		.byte	32
ARM GAS  C:\Users\JohnP\AppData\Local\Temp\ccspA4sa.s 			page 36


 1996 07b0 6E       		.byte	110
 1997 07b1 50       		.byte	80
 1998 07b2 6F       		.byte	111
 1999 07b3 A8       		.byte	-88
 2000 07b4 84       		.byte	-124
 2001 07b5 04       		.byte	4
 2002 07b6 8A       		.byte	-118
 2003 07b7 04       		.byte	4
 2004 07b8 8D       		.byte	-115
 2005 07b9 01       		.byte	1
 2006 07ba A6       		.byte	-90
 2007 07bb 02       		.byte	2
 2008 07bc A8       		.byte	-88
 2009 07bd 01       		.byte	1
 2010 07be AB       		.byte	-85
 2011 07bf 02       		.byte	2
 2012 07c0 B0       		.byte	-80
 2013 07c1 04       		.byte	4
 2014 07c2 B2       		.byte	-78
 2015 07c3 02       		.byte	2
 2016 07c4 B3       		.byte	-77
 2017 07c5 01       		.byte	1
 2018 07c6 B4       		.byte	-76
 2019 07c7 01       		.byte	1
 2020 07c8 B5       		.byte	-75
 2021 07c9 02       		.byte	2
 2022 07ca BE       		.byte	-66
 2023 07cb 15       		.byte	21
 2024 07cc BF       		.byte	-65
 2025 07cd 04       		.byte	4
 2026 07ce C0       		.byte	-64
 2027 07cf 52       		.byte	82
 2028 07d0 C5       		.byte	-59
 2029 07d1 02       		.byte	2
 2030 07d2 C6       		.byte	-58
 2031 07d3 C5       		.byte	-59
 2032 07d4 C7       		.byte	-57
 2033 07d5 0E       		.byte	14
 2034 07d6 C8       		.byte	-56
 2035 07d7 1D       		.byte	29
 2036 07d8 C9       		.byte	-55
 2037 07d9 FF       		.byte	-1
 2038 07da CA       		.byte	-54
 2039 07db FF       		.byte	-1
 2040 07dc CB       		.byte	-53
 2041 07dd FF       		.byte	-1
 2042 07de CD       		.byte	-51
 2043 07df AF       		.byte	-81
 2044 07e0 CE       		.byte	-50
 2045 07e1 07       		.byte	7
 2046 07e2 CF       		.byte	-49
 2047 07e3 01       		.byte	1
 2048 07e4 D0       		.byte	-48
 2049 07e5 18       		.byte	24
 2050 07e6 D4       		.byte	-44
 2051 07e7 1F       		.byte	31
 2052 07e8 D8       		.byte	-40
ARM GAS  C:\Users\JohnP\AppData\Local\Temp\ccspA4sa.s 			page 37


 2053 07e9 04       		.byte	4
 2054 07ea D9       		.byte	-39
 2055 07eb 04       		.byte	4
 2056 07ec DA       		.byte	-38
 2057 07ed 04       		.byte	4
 2058 07ee DB       		.byte	-37
 2059 07ef 04       		.byte	4
 2060 07f0 DC       		.byte	-36
 2061 07f1 90       		.byte	-112
 2062 07f2 DD       		.byte	-35
 2063 07f3 99       		.byte	-103
 2064 07f4 DF       		.byte	-33
 2065 07f5 01       		.byte	1
 2066 07f6 E0       		.byte	-32
 2067 07f7 40       		.byte	64
 2068 07f8 E2       		.byte	-30
 2069 07f9 80       		.byte	-128
 2070 07fa E4       		.byte	-28
 2071 07fb 40       		.byte	64
 2072 07fc E5       		.byte	-27
 2073 07fd 40       		.byte	64
 2074 07fe E6       		.byte	-26
 2075 07ff 80       		.byte	-128
 2076 0800 E8       		.byte	-24
 2077 0801 40       		.byte	64
 2078 0802 EA       		.byte	-22
 2079 0803 50       		.byte	80
 2080 0804 EB       		.byte	-21
 2081 0805 A8       		.byte	-88
 2082 0806 EC       		.byte	-20
 2083 0807 40       		.byte	64
 2084 0808 ED       		.byte	-19
 2085 0809 20       		.byte	32
 2086 080a EE       		.byte	-18
 2087 080b 50       		.byte	80
 2088 080c EF       		.byte	-17
 2089 080d A8       		.byte	-88
 2090 080e 00       		.byte	0
 2091 080f 08       		.byte	8
 2092 0810 03       		.byte	3
 2093 0811 08       		.byte	8
 2094 0812 10       		.byte	16
 2095 0813 30       		.byte	48
 2096 0814 12       		.byte	18
 2097 0815 08       		.byte	8
 2098 0816 19       		.byte	25
 2099 0817 22       		.byte	34
 2100 0818 1B       		.byte	27
 2101 0819 08       		.byte	8
 2102 081a 20       		.byte	32
 2103 081b 08       		.byte	8
 2104 081c 22       		.byte	34
 2105 081d 08       		.byte	8
 2106 081e 27       		.byte	39
 2107 081f 40       		.byte	64
 2108 0820 2B       		.byte	43
 2109 0821 08       		.byte	8
ARM GAS  C:\Users\JohnP\AppData\Local\Temp\ccspA4sa.s 			page 38


 2110 0822 2F       		.byte	47
 2111 0823 08       		.byte	8
 2112 0824 37       		.byte	55
 2113 0825 40       		.byte	64
 2114 0826 3A       		.byte	58
 2115 0827 40       		.byte	64
 2116 0828 40       		.byte	64
 2117 0829 04       		.byte	4
 2118 082a 44       		.byte	68
 2119 082b 20       		.byte	32
 2120 082c 47       		.byte	71
 2121 082d 08       		.byte	8
 2122 082e 48       		.byte	72
 2123 082f 20       		.byte	32
 2124 0830 49       		.byte	73
 2125 0831 40       		.byte	64
 2126 0832 4E       		.byte	78
 2127 0833 04       		.byte	4
 2128 0834 4F       		.byte	79
 2129 0835 80       		.byte	-128
 2130 0836 50       		.byte	80
 2131 0837 40       		.byte	64
 2132 0838 51       		.byte	81
 2133 0839 08       		.byte	8
 2134 083a 52       		.byte	82
 2135 083b 10       		.byte	16
 2136 083c 58       		.byte	88
 2137 083d 10       		.byte	16
 2138 083e 59       		.byte	89
 2139 083f 0A       		.byte	10
 2140 0840 5A       		.byte	90
 2141 0841 80       		.byte	-128
 2142 0842 5C       		.byte	92
 2143 0843 20       		.byte	32
 2144 0844 5D       		.byte	93
 2145 0845 80       		.byte	-128
 2146 0846 61       		.byte	97
 2147 0847 08       		.byte	8
 2148 0848 62       		.byte	98
 2149 0849 10       		.byte	16
 2150 084a 63       		.byte	99
 2151 084b 01       		.byte	1
 2152 084c 67       		.byte	103
 2153 084d 0A       		.byte	10
 2154 084e 7F       		.byte	127
 2155 084f 01       		.byte	1
 2156 0850 8D       		.byte	-115
 2157 0851 08       		.byte	8
 2158 0852 8F       		.byte	-113
 2159 0853 01       		.byte	1
 2160 0854 97       		.byte	-105
 2161 0855 0A       		.byte	10
 2162 0856 9A       		.byte	-102
 2163 0857 40       		.byte	64
 2164 0858 9D       		.byte	-99
 2165 0859 A8       		.byte	-88
 2166 085a B0       		.byte	-80
ARM GAS  C:\Users\JohnP\AppData\Local\Temp\ccspA4sa.s 			page 39


 2167 085b 20       		.byte	32
 2168 085c B1       		.byte	-79
 2169 085d 48       		.byte	72
 2170 085e C0       		.byte	-64
 2171 085f 06       		.byte	6
 2172 0860 C4       		.byte	-60
 2173 0861 06       		.byte	6
 2174 0862 CA       		.byte	-54
 2175 0863 24       		.byte	36
 2176 0864 CC       		.byte	-52
 2177 0865 10       		.byte	16
 2178 0866 CE       		.byte	-50
 2179 0867 08       		.byte	8
 2180 0868 D0       		.byte	-48
 2181 0869 04       		.byte	4
 2182 086a D2       		.byte	-46
 2183 086b 38       		.byte	56
 2184 086c D6       		.byte	-42
 2185 086d 3F       		.byte	63
 2186 086e D8       		.byte	-40
 2187 086f 3E       		.byte	62
 2188 0870 DE       		.byte	-34
 2189 0871 10       		.byte	16
 2190 0872 3F       		.byte	63
 2191 0873 04       		.byte	4
 2192 0874 59       		.byte	89
 2193 0875 04       		.byte	4
 2194 0876 5F       		.byte	95
 2195 0877 01       		.byte	1
 2196 0878 25       		.byte	37
 2197 0879 08       		.byte	8
 2198 087a 26       		.byte	38
 2199 087b 04       		.byte	4
 2200 087c 8D       		.byte	-115
 2201 087d 08       		.byte	8
 2202 087e 8E       		.byte	-114
 2203 087f 04       		.byte	4
 2204 0880 9F       		.byte	-97
 2205 0881 01       		.byte	1
 2206 0882 A6       		.byte	-90
 2207 0883 04       		.byte	4
 2208 0884 E2       		.byte	-30
 2209 0885 40       		.byte	64
 2210 0886 E6       		.byte	-26
 2211 0887 10       		.byte	16
 2212 0888 B3       		.byte	-77
 2213 0889 01       		.byte	1
 2214 088a EC       		.byte	-20
 2215 088b 20       		.byte	32
 2216 088c 31       		.byte	49
 2217 088d 02       		.byte	2
 2218 088e 33       		.byte	51
 2219 088f 10       		.byte	16
 2220 0890 34       		.byte	52
 2221 0891 08       		.byte	8
 2222 0892 37       		.byte	55
 2223 0893 80       		.byte	-128
ARM GAS  C:\Users\JohnP\AppData\Local\Temp\ccspA4sa.s 			page 40


 2224 0894 3A       		.byte	58
 2225 0895 20       		.byte	32
 2226 0896 3B       		.byte	59
 2227 0897 02       		.byte	2
 2228 0898 3F       		.byte	63
 2229 0899 40       		.byte	64
 2230 089a 5D       		.byte	93
 2231 089b 02       		.byte	2
 2232 089c 86       		.byte	-122
 2233 089d 20       		.byte	32
 2234 089e 8F       		.byte	-113
 2235 089f 01       		.byte	1
 2236 08a0 CC       		.byte	-52
 2237 08a1 F0       		.byte	-16
 2238 08a2 CE       		.byte	-50
 2239 08a3 70       		.byte	112
 2240 08a4 D6       		.byte	-42
 2241 08a5 80       		.byte	-128
 2242 08a6 E2       		.byte	-30
 2243 08a7 10       		.byte	16
 2244 08a8 33       		.byte	51
 2245 08a9 10       		.byte	16
 2246 08aa 34       		.byte	52
 2247 08ab 40       		.byte	64
 2248 08ac 80       		.byte	-128
 2249 08ad 08       		.byte	8
 2250 08ae 9C       		.byte	-100
 2251 08af 08       		.byte	8
 2252 08b0 9F       		.byte	-97
 2253 08b1 80       		.byte	-128
 2254 08b2 A5       		.byte	-91
 2255 08b3 02       		.byte	2
 2256 08b4 A9       		.byte	-87
 2257 08b5 02       		.byte	2
 2258 08b6 AB       		.byte	-85
 2259 08b7 10       		.byte	16
 2260 08b8 AF       		.byte	-81
 2261 08b9 40       		.byte	64
 2262 08ba CC       		.byte	-52
 2263 08bb 30       		.byte	48
 2264 08bc E6       		.byte	-26
 2265 08bd 20       		.byte	32
 2266 08be EA       		.byte	-22
 2267 08bf 20       		.byte	32
 2268 08c0 EE       		.byte	-18
 2269 08c1 60       		.byte	96
 2270 08c2 9C       		.byte	-100
 2271 08c3 40       		.byte	64
 2272 08c4 9F       		.byte	-97
 2273 08c5 90       		.byte	-112
 2274 08c6 A3       		.byte	-93
 2275 08c7 10       		.byte	16
 2276 08c8 A5       		.byte	-91
 2277 08c9 02       		.byte	2
 2278 08ca AB       		.byte	-85
 2279 08cb 10       		.byte	16
 2280 08cc EE       		.byte	-18
ARM GAS  C:\Users\JohnP\AppData\Local\Temp\ccspA4sa.s 			page 41


 2281 08cd 80       		.byte	-128
 2282 08ce 83       		.byte	-125
 2283 08cf 10       		.byte	16
 2284 08d0 84       		.byte	-124
 2285 08d1 40       		.byte	64
 2286 08d2 89       		.byte	-119
 2287 08d3 02       		.byte	2
 2288 08d4 9C       		.byte	-100
 2289 08d5 40       		.byte	64
 2290 08d6 9F       		.byte	-97
 2291 08d7 10       		.byte	16
 2292 08d8 A3       		.byte	-93
 2293 08d9 10       		.byte	16
 2294 08da A5       		.byte	-91
 2295 08db 02       		.byte	2
 2296 08dc AF       		.byte	-81
 2297 08dd 80       		.byte	-128
 2298 08de E2       		.byte	-30
 2299 08df 20       		.byte	32
 2300 08e0 E6       		.byte	-26
 2301 08e1 10       		.byte	16
 2302 08e2 EA       		.byte	-22
 2303 08e3 40       		.byte	64
 2304 08e4 2A       		.byte	42
 2305 08e5 20       		.byte	32
 2306 08e6 34       		.byte	52
 2307 08e7 20       		.byte	32
 2308 08e8 35       		.byte	53
 2309 08e9 08       		.byte	8
 2310 08ea 3B       		.byte	59
 2311 08eb 20       		.byte	32
 2312 08ec 56       		.byte	86
 2313 08ed 20       		.byte	32
 2314 08ee 87       		.byte	-121
 2315 08ef 10       		.byte	16
 2316 08f0 CA       		.byte	-54
 2317 08f1 08       		.byte	8
 2318 08f2 CC       		.byte	-52
 2319 08f3 05       		.byte	5
 2320 08f4 CE       		.byte	-50
 2321 08f5 08       		.byte	8
 2322 08f6 D4       		.byte	-44
 2323 08f7 02       		.byte	2
 2324 08f8 97       		.byte	-105
 2325 08f9 30       		.byte	48
 2326 08fa A8       		.byte	-88
 2327 08fb 20       		.byte	32
 2328 08fc A9       		.byte	-87
 2329 08fd 08       		.byte	8
 2330 08fe AA       		.byte	-86
 2331 08ff 20       		.byte	32
 2332 0900 01       		.byte	1
 2333 0901 10       		.byte	16
 2334 0902 07       		.byte	7
 2335 0903 20       		.byte	32
 2336 0904 30       		.byte	48
 2337 0905 20       		.byte	32
ARM GAS  C:\Users\JohnP\AppData\Local\Temp\ccspA4sa.s 			page 42


 2338 0906 34       		.byte	52
 2339 0907 20       		.byte	32
 2340 0908 35       		.byte	53
 2341 0909 08       		.byte	8
 2342 090a 39       		.byte	57
 2343 090b 40       		.byte	64
 2344 090c 3D       		.byte	61
 2345 090d 40       		.byte	64
 2346 090e 84       		.byte	-124
 2347 090f 20       		.byte	32
 2348 0910 8B       		.byte	-117
 2349 0911 10       		.byte	16
 2350 0912 8C       		.byte	-116
 2351 0913 20       		.byte	32
 2352 0914 8D       		.byte	-115
 2353 0915 48       		.byte	72
 2354 0916 97       		.byte	-105
 2355 0917 30       		.byte	48
 2356 0918 C0       		.byte	-64
 2357 0919 06       		.byte	6
 2358 091a CC       		.byte	-52
 2359 091b 0D       		.byte	13
 2360 091c CE       		.byte	-50
 2361 091d 0C       		.byte	12
 2362 091e E0       		.byte	-32
 2363 091f 06       		.byte	6
 2364 0920 0B       		.byte	11
 2365 0921 18       		.byte	24
 2366 0922 0F       		.byte	15
 2367 0923 80       		.byte	-128
 2368 0924 83       		.byte	-125
 2369 0925 40       		.byte	64
 2370 0926 87       		.byte	-121
 2371 0927 04       		.byte	4
 2372 0928 97       		.byte	-105
 2373 0929 10       		.byte	16
 2374 092a AF       		.byte	-81
 2375 092b 20       		.byte	32
 2376 092c B1       		.byte	-79
 2377 092d 10       		.byte	16
 2378 092e C2       		.byte	-62
 2379 092f 0E       		.byte	14
 2380 0930 EA       		.byte	-22
 2381 0931 01       		.byte	1
 2382 0932 23       		.byte	35
 2383 0933 10       		.byte	16
 2384 0934 27       		.byte	39
 2385 0935 20       		.byte	32
 2386 0936 2B       		.byte	43
 2387 0937 02       		.byte	2
 2388 0938 A3       		.byte	-93
 2389 0939 10       		.byte	16
 2390 093a C8       		.byte	-56
 2391 093b C0       		.byte	-64
 2392 093c CA       		.byte	-54
 2393 093d 10       		.byte	16
 2394 093e 7B       		.byte	123
ARM GAS  C:\Users\JohnP\AppData\Local\Temp\ccspA4sa.s 			page 43


 2395 093f 10       		.byte	16
 2396 0940 87       		.byte	-121
 2397 0941 10       		.byte	16
 2398 0942 93       		.byte	-109
 2399 0943 10       		.byte	16
 2400 0944 A3       		.byte	-93
 2401 0945 10       		.byte	16
 2402 0946 AB       		.byte	-85
 2403 0947 02       		.byte	2
 2404 0948 B3       		.byte	-77
 2405 0949 20       		.byte	32
 2406 094a DE       		.byte	-34
 2407 094b 40       		.byte	64
 2408 094c E0       		.byte	-32
 2409 094d 10       		.byte	16
 2410 094e E8       		.byte	-24
 2411 094f 20       		.byte	32
 2412 0950 8F       		.byte	-113
 2413 0951 04       		.byte	4
 2414 0952 E0       		.byte	-32
 2415 0953 02       		.byte	2
 2416 0954 57       		.byte	87
 2417 0955 04       		.byte	4
 2418 0956 63       		.byte	99
 2419 0957 08       		.byte	8
 2420 0958 A3       		.byte	-93
 2421 0959 04       		.byte	4
 2422 095a D4       		.byte	-44
 2423 095b 02       		.byte	2
 2424 095c D8       		.byte	-40
 2425 095d 02       		.byte	2
 2426 095e 00       		.byte	0
 2427 095f 01       		.byte	1
 2428 0960 01       		.byte	1
 2429 0961 01       		.byte	1
 2430 0962 08       		.byte	8
 2431 0963 01       		.byte	1
 2432 0964 09       		.byte	9
 2433 0965 01       		.byte	1
 2434 0966 0A       		.byte	10
 2435 0967 01       		.byte	1
 2436 0968 0B       		.byte	11
 2437 0969 01       		.byte	1
 2438 096a 0E       		.byte	14
 2439 096b 01       		.byte	1
 2440 096c 11       		.byte	17
 2441 096d 01       		.byte	1
 2442 096e 1B       		.byte	27
 2443 096f 01       		.byte	1
 2444 0970 00       		.byte	0
 2445 0971 FF       		.byte	-1
 2446 0972 01       		.byte	1
 2447 0973 2A       		.byte	42
 2448 0974 10       		.byte	16
 2449 0975 0A       		.byte	10
 2450 0976 00       		.byte	0
 2451 0977 00       		.byte	0
ARM GAS  C:\Users\JohnP\AppData\Local\Temp\ccspA4sa.s 			page 44


 2452 0978 C0       		.byte	-64
 2453 0979 C0       		.byte	-64
 2454 097a 00       		.byte	0
 2455 097b 00       		.byte	0
 2456 097c 00       		.byte	0
 2457 097d 00       		.byte	0
 2458 097e 00       		.byte	0
 2459 097f 00       		.byte	0
 2460 0980 20       		.byte	32
 2461 0981 00       		.byte	0
 2462 0982 00       		.byte	0
 2463 0983 20       		.byte	32
 2464 0984 00       		.byte	0
 2465 0985 00       		.byte	0
 2466 0986 00       		.byte	0
 2467 0987 00       		.byte	0
 2468 0988 C0       		.byte	-64
 2469 0989 00       		.byte	0
 2470 098a 00       		.byte	0
 2471 098b 00       		.byte	0
 2472 098c 00       		.byte	0
 2473 098d 7F       		.byte	127
 2474 098e 7F       		.byte	127
 2475 098f 00       		.byte	0
 2476 0990 00       		.byte	0
 2477 0991 00       		.byte	0
 2478 0992 00       		.byte	0
 2479 0993 00       		.byte	0
 2480 0994 20       		.byte	32
 2481 0995 20       		.byte	32
 2482 0996 00       		.byte	0
 2483 0997 00       		.byte	0
 2484 0998 20       		.byte	32
 2485 0999 00       		.byte	0
 2486 099a 0A       		.byte	10
 2487 099b 00       		.byte	0
 2488 099c 00       		.byte	0
 2489 099d 00       		.byte	0
 2490 099e 7F       		.byte	127
 2491 099f 00       		.byte	0
 2492 09a0 00       		.byte	0
 2493 09a1 00       		.byte	0
 2494 09a2 00       		.byte	0
 2495 09a3 00       		.byte	0
 2496 09a4 49       		.byte	73
 2497 09a5 49       		.byte	73
 2498 09a6 00       		.byte	0
 2499 09a7 00       		.byte	0
 2500 09a8 08       		.byte	8
 2501 09a9 00       		.byte	0
 2502 09aa 10       		.byte	16
 2503 09ab 00       		.byte	0
 2504              		.section	.cywolatch,"a",%progbits
 2505              		.align	2
 2506              		.type	cy_meta_wonvl, %object
 2507              		.size	cy_meta_wonvl, 4
 2508              	cy_meta_wonvl:
ARM GAS  C:\Users\JohnP\AppData\Local\Temp\ccspA4sa.s 			page 45


 2509 0000 BC       		.byte	-68
 2510 0001 90       		.byte	-112
 2511 0002 AC       		.byte	-84
 2512 0003 AF       		.byte	-81
 2513              		.section	.cycustnvl,"a",%progbits
 2514              		.align	2
 2515              		.type	cy_meta_custnvl, %object
 2516              		.size	cy_meta_custnvl, 4
 2517              	cy_meta_custnvl:
 2518 0000 00       		.byte	0
 2519 0001 00       		.byte	0
 2520 0002 40       		.byte	64
 2521 0003 05       		.byte	5
 2522              		.section	.cymeta,"a",%progbits
 2523              		.align	2
 2524              		.type	cy_metadata, %object
 2525              		.size	cy_metadata, 12
 2526              	cy_metadata:
 2527 0000 00       		.byte	0
 2528 0001 01       		.byte	1
 2529 0002 2E       		.byte	46
 2530 0003 12       		.byte	18
 2531 0004 30       		.byte	48
 2532 0005 69       		.byte	105
 2533 0006 00       		.byte	0
 2534 0007 01       		.byte	1
 2535 0008 00       		.byte	0
 2536 0009 00       		.byte	0
 2537 000a 00       		.byte	0
 2538 000b 00       		.byte	0
 2539              		.section	.cyflashprotect,"a",%progbits
 2540              		.align	2
 2541              		.type	cy_meta_flashprotect, %object
 2542              		.size	cy_meta_flashprotect, 256
 2543              	cy_meta_flashprotect:
 2544 0000 00000000 		.space	256
 2544      00000000 
 2544      00000000 
 2544      00000000 
 2544      00000000 
 2545              		.text
 2546              	.Letext0:
 2547              		.file 1 ".\\Generated_Source\\PSoC5\\cymetadata.c"
 2548              		.file 2 ".\\Generated_Source\\PSoC5\\cytypes.h"
 2549              		.section	.debug_info,"",%progbits
 2550              	.Ldebug_info0:
 2551 0000 3A010000 		.4byte	0x13a
 2552 0004 0400     		.2byte	0x4
 2553 0006 00000000 		.4byte	.Ldebug_abbrev0
 2554 000a 04       		.byte	0x4
 2555 000b 01       		.uleb128 0x1
 2556 000c DB000000 		.4byte	.LASF18
 2557 0010 01       		.byte	0x1
 2558 0011 00000000 		.4byte	.LASF19
 2559 0015 98010000 		.4byte	.LASF20
 2560 0019 00000000 		.4byte	.Ldebug_line0
 2561 001d 02       		.uleb128 0x2
ARM GAS  C:\Users\JohnP\AppData\Local\Temp\ccspA4sa.s 			page 46


 2562 001e 01       		.byte	0x1
 2563 001f 06       		.byte	0x6
 2564 0020 8C010000 		.4byte	.LASF0
 2565 0024 02       		.uleb128 0x2
 2566 0025 01       		.byte	0x1
 2567 0026 08       		.byte	0x8
 2568 0027 38000000 		.4byte	.LASF1
 2569 002b 02       		.uleb128 0x2
 2570 002c 02       		.byte	0x2
 2571 002d 05       		.byte	0x5
 2572 002e 73010000 		.4byte	.LASF2
 2573 0032 02       		.uleb128 0x2
 2574 0033 02       		.byte	0x2
 2575 0034 07       		.byte	0x7
 2576 0035 58000000 		.4byte	.LASF3
 2577 0039 02       		.uleb128 0x2
 2578 003a 04       		.byte	0x4
 2579 003b 05       		.byte	0x5
 2580 003c 83010000 		.4byte	.LASF4
 2581 0040 02       		.uleb128 0x2
 2582 0041 04       		.byte	0x4
 2583 0042 07       		.byte	0x7
 2584 0043 46000000 		.4byte	.LASF5
 2585 0047 02       		.uleb128 0x2
 2586 0048 08       		.byte	0x8
 2587 0049 05       		.byte	0x5
 2588 004a 60010000 		.4byte	.LASF6
 2589 004e 02       		.uleb128 0x2
 2590 004f 08       		.byte	0x8
 2591 0050 07       		.byte	0x7
 2592 0051 A1000000 		.4byte	.LASF7
 2593 0055 03       		.uleb128 0x3
 2594 0056 04       		.byte	0x4
 2595 0057 05       		.byte	0x5
 2596 0058 696E7400 		.ascii	"int\000"
 2597 005c 02       		.uleb128 0x2
 2598 005d 04       		.byte	0x4
 2599 005e 07       		.byte	0x7
 2600 005f 94000000 		.4byte	.LASF8
 2601 0063 04       		.uleb128 0x4
 2602 0064 7D010000 		.4byte	.LASF21
 2603 0068 02       		.byte	0x2
 2604 0069 B4       		.byte	0xb4
 2605 006a 24000000 		.4byte	0x24
 2606 006e 02       		.uleb128 0x2
 2607 006f 04       		.byte	0x4
 2608 0070 04       		.byte	0x4
 2609 0071 32000000 		.4byte	.LASF9
 2610 0075 02       		.uleb128 0x2
 2611 0076 08       		.byte	0x8
 2612 0077 04       		.byte	0x4
 2613 0078 6B000000 		.4byte	.LASF10
 2614 007c 02       		.uleb128 0x2
 2615 007d 01       		.byte	0x1
 2616 007e 08       		.byte	0x8
 2617 007f 6E010000 		.4byte	.LASF11
 2618 0083 05       		.uleb128 0x5
ARM GAS  C:\Users\JohnP\AppData\Local\Temp\ccspA4sa.s 			page 47


 2619 0084 63000000 		.4byte	0x63
 2620 0088 94000000 		.4byte	0x94
 2621 008c 06       		.uleb128 0x6
 2622 008d 94000000 		.4byte	0x94
 2623 0091 AB09     		.2byte	0x9ab
 2624 0093 00       		.byte	0
 2625 0094 02       		.uleb128 0x2
 2626 0095 04       		.byte	0x4
 2627 0096 07       		.byte	0x7
 2628 0097 57010000 		.4byte	.LASF12
 2629 009b 07       		.uleb128 0x7
 2630 009c 82000000 		.4byte	.LASF13
 2631 00a0 01       		.byte	0x1
 2632 00a1 1C       		.byte	0x1c
 2633 00a2 AC000000 		.4byte	0xac
 2634 00a6 05       		.uleb128 0x5
 2635 00a7 03       		.byte	0x3
 2636 00a8 00000000 		.4byte	cy_meta_configecc
 2637 00ac 08       		.uleb128 0x8
 2638 00ad 83000000 		.4byte	0x83
 2639 00b1 05       		.uleb128 0x5
 2640 00b2 63000000 		.4byte	0x63
 2641 00b6 C1000000 		.4byte	0xc1
 2642 00ba 09       		.uleb128 0x9
 2643 00bb 94000000 		.4byte	0x94
 2644 00bf 03       		.byte	0x3
 2645 00c0 00       		.byte	0
 2646 00c1 0A       		.uleb128 0xa
 2647 00c2 72000000 		.4byte	.LASF14
 2648 00c6 01       		.byte	0x1
 2649 00c7 5C01     		.2byte	0x15c
 2650 00c9 D3000000 		.4byte	0xd3
 2651 00cd 05       		.uleb128 0x5
 2652 00ce 03       		.byte	0x3
 2653 00cf 00000000 		.4byte	cy_meta_custnvl
 2654 00d3 08       		.uleb128 0x8
 2655 00d4 B1000000 		.4byte	0xb1
 2656 00d8 0A       		.uleb128 0xa
 2657 00d9 CD000000 		.4byte	.LASF15
 2658 00dd 01       		.byte	0x1
 2659 00de 6701     		.2byte	0x167
 2660 00e0 EA000000 		.4byte	0xea
 2661 00e4 05       		.uleb128 0x5
 2662 00e5 03       		.byte	0x3
 2663 00e6 00000000 		.4byte	cy_meta_wonvl
 2664 00ea 08       		.uleb128 0x8
 2665 00eb B1000000 		.4byte	0xb1
 2666 00ef 05       		.uleb128 0x5
 2667 00f0 63000000 		.4byte	0x63
 2668 00f4 FF000000 		.4byte	0xff
 2669 00f8 09       		.uleb128 0x9
 2670 00f9 94000000 		.4byte	0x94
 2671 00fd FF       		.byte	0xff
 2672 00fe 00       		.byte	0
 2673 00ff 0A       		.uleb128 0xa
 2674 0100 B8000000 		.4byte	.LASF16
 2675 0104 01       		.byte	0x1
ARM GAS  C:\Users\JohnP\AppData\Local\Temp\ccspA4sa.s 			page 48


 2676 0105 7201     		.2byte	0x172
 2677 0107 11010000 		.4byte	0x111
 2678 010b 05       		.uleb128 0x5
 2679 010c 03       		.byte	0x3
 2680 010d 00000000 		.4byte	cy_meta_flashprotect
 2681 0111 08       		.uleb128 0x8
 2682 0112 EF000000 		.4byte	0xef
 2683 0116 05       		.uleb128 0x5
 2684 0117 63000000 		.4byte	0x63
 2685 011b 26010000 		.4byte	0x126
 2686 011f 09       		.uleb128 0x9
 2687 0120 94000000 		.4byte	0x94
 2688 0124 0B       		.byte	0xb
 2689 0125 00       		.byte	0
 2690 0126 0A       		.uleb128 0xa
 2691 0127 26000000 		.4byte	.LASF17
 2692 012b 01       		.byte	0x1
 2693 012c 9C01     		.2byte	0x19c
 2694 012e 38010000 		.4byte	0x138
 2695 0132 05       		.uleb128 0x5
 2696 0133 03       		.byte	0x3
 2697 0134 00000000 		.4byte	cy_metadata
 2698 0138 08       		.uleb128 0x8
 2699 0139 16010000 		.4byte	0x116
 2700 013d 00       		.byte	0
 2701              		.section	.debug_abbrev,"",%progbits
 2702              	.Ldebug_abbrev0:
 2703 0000 01       		.uleb128 0x1
 2704 0001 11       		.uleb128 0x11
 2705 0002 01       		.byte	0x1
 2706 0003 25       		.uleb128 0x25
 2707 0004 0E       		.uleb128 0xe
 2708 0005 13       		.uleb128 0x13
 2709 0006 0B       		.uleb128 0xb
 2710 0007 03       		.uleb128 0x3
 2711 0008 0E       		.uleb128 0xe
 2712 0009 1B       		.uleb128 0x1b
 2713 000a 0E       		.uleb128 0xe
 2714 000b 10       		.uleb128 0x10
 2715 000c 17       		.uleb128 0x17
 2716 000d 00       		.byte	0
 2717 000e 00       		.byte	0
 2718 000f 02       		.uleb128 0x2
 2719 0010 24       		.uleb128 0x24
 2720 0011 00       		.byte	0
 2721 0012 0B       		.uleb128 0xb
 2722 0013 0B       		.uleb128 0xb
 2723 0014 3E       		.uleb128 0x3e
 2724 0015 0B       		.uleb128 0xb
 2725 0016 03       		.uleb128 0x3
 2726 0017 0E       		.uleb128 0xe
 2727 0018 00       		.byte	0
 2728 0019 00       		.byte	0
 2729 001a 03       		.uleb128 0x3
 2730 001b 24       		.uleb128 0x24
 2731 001c 00       		.byte	0
 2732 001d 0B       		.uleb128 0xb
ARM GAS  C:\Users\JohnP\AppData\Local\Temp\ccspA4sa.s 			page 49


 2733 001e 0B       		.uleb128 0xb
 2734 001f 3E       		.uleb128 0x3e
 2735 0020 0B       		.uleb128 0xb
 2736 0021 03       		.uleb128 0x3
 2737 0022 08       		.uleb128 0x8
 2738 0023 00       		.byte	0
 2739 0024 00       		.byte	0
 2740 0025 04       		.uleb128 0x4
 2741 0026 16       		.uleb128 0x16
 2742 0027 00       		.byte	0
 2743 0028 03       		.uleb128 0x3
 2744 0029 0E       		.uleb128 0xe
 2745 002a 3A       		.uleb128 0x3a
 2746 002b 0B       		.uleb128 0xb
 2747 002c 3B       		.uleb128 0x3b
 2748 002d 0B       		.uleb128 0xb
 2749 002e 49       		.uleb128 0x49
 2750 002f 13       		.uleb128 0x13
 2751 0030 00       		.byte	0
 2752 0031 00       		.byte	0
 2753 0032 05       		.uleb128 0x5
 2754 0033 01       		.uleb128 0x1
 2755 0034 01       		.byte	0x1
 2756 0035 49       		.uleb128 0x49
 2757 0036 13       		.uleb128 0x13
 2758 0037 01       		.uleb128 0x1
 2759 0038 13       		.uleb128 0x13
 2760 0039 00       		.byte	0
 2761 003a 00       		.byte	0
 2762 003b 06       		.uleb128 0x6
 2763 003c 21       		.uleb128 0x21
 2764 003d 00       		.byte	0
 2765 003e 49       		.uleb128 0x49
 2766 003f 13       		.uleb128 0x13
 2767 0040 2F       		.uleb128 0x2f
 2768 0041 05       		.uleb128 0x5
 2769 0042 00       		.byte	0
 2770 0043 00       		.byte	0
 2771 0044 07       		.uleb128 0x7
 2772 0045 34       		.uleb128 0x34
 2773 0046 00       		.byte	0
 2774 0047 03       		.uleb128 0x3
 2775 0048 0E       		.uleb128 0xe
 2776 0049 3A       		.uleb128 0x3a
 2777 004a 0B       		.uleb128 0xb
 2778 004b 3B       		.uleb128 0x3b
 2779 004c 0B       		.uleb128 0xb
 2780 004d 49       		.uleb128 0x49
 2781 004e 13       		.uleb128 0x13
 2782 004f 3F       		.uleb128 0x3f
 2783 0050 19       		.uleb128 0x19
 2784 0051 02       		.uleb128 0x2
 2785 0052 18       		.uleb128 0x18
 2786 0053 00       		.byte	0
 2787 0054 00       		.byte	0
 2788 0055 08       		.uleb128 0x8
 2789 0056 26       		.uleb128 0x26
ARM GAS  C:\Users\JohnP\AppData\Local\Temp\ccspA4sa.s 			page 50


 2790 0057 00       		.byte	0
 2791 0058 49       		.uleb128 0x49
 2792 0059 13       		.uleb128 0x13
 2793 005a 00       		.byte	0
 2794 005b 00       		.byte	0
 2795 005c 09       		.uleb128 0x9
 2796 005d 21       		.uleb128 0x21
 2797 005e 00       		.byte	0
 2798 005f 49       		.uleb128 0x49
 2799 0060 13       		.uleb128 0x13
 2800 0061 2F       		.uleb128 0x2f
 2801 0062 0B       		.uleb128 0xb
 2802 0063 00       		.byte	0
 2803 0064 00       		.byte	0
 2804 0065 0A       		.uleb128 0xa
 2805 0066 34       		.uleb128 0x34
 2806 0067 00       		.byte	0
 2807 0068 03       		.uleb128 0x3
 2808 0069 0E       		.uleb128 0xe
 2809 006a 3A       		.uleb128 0x3a
 2810 006b 0B       		.uleb128 0xb
 2811 006c 3B       		.uleb128 0x3b
 2812 006d 05       		.uleb128 0x5
 2813 006e 49       		.uleb128 0x49
 2814 006f 13       		.uleb128 0x13
 2815 0070 3F       		.uleb128 0x3f
 2816 0071 19       		.uleb128 0x19
 2817 0072 02       		.uleb128 0x2
 2818 0073 18       		.uleb128 0x18
 2819 0074 00       		.byte	0
 2820 0075 00       		.byte	0
 2821 0076 00       		.byte	0
 2822              		.section	.debug_aranges,"",%progbits
 2823 0000 14000000 		.4byte	0x14
 2824 0004 0200     		.2byte	0x2
 2825 0006 00000000 		.4byte	.Ldebug_info0
 2826 000a 04       		.byte	0x4
 2827 000b 00       		.byte	0
 2828 000c 0000     		.2byte	0
 2829 000e 0000     		.2byte	0
 2830 0010 00000000 		.4byte	0
 2831 0014 00000000 		.4byte	0
 2832              		.section	.debug_line,"",%progbits
 2833              	.Ldebug_line0:
 2834 0000 4F000000 		.section	.debug_str,"MS",%progbits,1
 2834      02004900 
 2834      00000201 
 2834      FB0E0D00 
 2834      01010101 
 2835              	.LASF19:
 2836 0000 2E5C4765 		.ascii	".\\Generated_Source\\PSoC5\\cymetadata.c\000"
 2836      6E657261 
 2836      7465645F 
 2836      536F7572 
 2836      63655C50 
 2837              	.LASF17:
 2838 0026 63795F6D 		.ascii	"cy_metadata\000"
ARM GAS  C:\Users\JohnP\AppData\Local\Temp\ccspA4sa.s 			page 51


 2838      65746164 
 2838      61746100 
 2839              	.LASF9:
 2840 0032 666C6F61 		.ascii	"float\000"
 2840      7400
 2841              	.LASF1:
 2842 0038 756E7369 		.ascii	"unsigned char\000"
 2842      676E6564 
 2842      20636861 
 2842      7200
 2843              	.LASF5:
 2844 0046 6C6F6E67 		.ascii	"long unsigned int\000"
 2844      20756E73 
 2844      69676E65 
 2844      6420696E 
 2844      7400
 2845              	.LASF3:
 2846 0058 73686F72 		.ascii	"short unsigned int\000"
 2846      7420756E 
 2846      7369676E 
 2846      65642069 
 2846      6E7400
 2847              	.LASF10:
 2848 006b 646F7562 		.ascii	"double\000"
 2848      6C6500
 2849              	.LASF14:
 2850 0072 63795F6D 		.ascii	"cy_meta_custnvl\000"
 2850      6574615F 
 2850      63757374 
 2850      6E766C00 
 2851              	.LASF13:
 2852 0082 63795F6D 		.ascii	"cy_meta_configecc\000"
 2852      6574615F 
 2852      636F6E66 
 2852      69676563 
 2852      6300
 2853              	.LASF8:
 2854 0094 756E7369 		.ascii	"unsigned int\000"
 2854      676E6564 
 2854      20696E74 
 2854      00
 2855              	.LASF7:
 2856 00a1 6C6F6E67 		.ascii	"long long unsigned int\000"
 2856      206C6F6E 
 2856      6720756E 
 2856      7369676E 
 2856      65642069 
 2857              	.LASF16:
 2858 00b8 63795F6D 		.ascii	"cy_meta_flashprotect\000"
 2858      6574615F 
 2858      666C6173 
 2858      6870726F 
 2858      74656374 
 2859              	.LASF15:
 2860 00cd 63795F6D 		.ascii	"cy_meta_wonvl\000"
 2860      6574615F 
 2860      776F6E76 
ARM GAS  C:\Users\JohnP\AppData\Local\Temp\ccspA4sa.s 			page 52


 2860      6C00
 2861              	.LASF18:
 2862 00db 474E5520 		.ascii	"GNU C 4.8.4 20140526 (release) [ARM/embedded-4_8-br"
 2862      4320342E 
 2862      382E3420 
 2862      32303134 
 2862      30353236 
 2863 010e 616E6368 		.ascii	"anch revision 211358] -mcpu=cortex-m3 -mthumb -g -O"
 2863      20726576 
 2863      6973696F 
 2863      6E203231 
 2863      31333538 
 2864 0141 67202D66 		.ascii	"g -ffunction-sections\000"
 2864      66756E63 
 2864      74696F6E 
 2864      2D736563 
 2864      74696F6E 
 2865              	.LASF12:
 2866 0157 73697A65 		.ascii	"sizetype\000"
 2866      74797065 
 2866      00
 2867              	.LASF6:
 2868 0160 6C6F6E67 		.ascii	"long long int\000"
 2868      206C6F6E 
 2868      6720696E 
 2868      7400
 2869              	.LASF11:
 2870 016e 63686172 		.ascii	"char\000"
 2870      00
 2871              	.LASF2:
 2872 0173 73686F72 		.ascii	"short int\000"
 2872      7420696E 
 2872      7400
 2873              	.LASF21:
 2874 017d 75696E74 		.ascii	"uint8\000"
 2874      3800
 2875              	.LASF4:
 2876 0183 6C6F6E67 		.ascii	"long int\000"
 2876      20696E74 
 2876      00
 2877              	.LASF0:
 2878 018c 7369676E 		.ascii	"signed char\000"
 2878      65642063 
 2878      68617200 
 2879              	.LASF20:
 2880 0198 433A5C72 		.ascii	"C:\\repositories\\embedded\\trunk\\CE4920Project1\\"
 2880      65706F73 
 2880      69746F72 
 2880      6965735C 
 2880      656D6265 
 2881 01c6 44657369 		.ascii	"Design01.cydsn\000"
 2881      676E3031 
 2881      2E637964 
 2881      736E00
 2882              		.ident	"GCC: (GNU Tools for ARM Embedded Processors) 4.8.4 20140526 (release) [ARM/embedded-4_8-br
