ARM GAS  C:\Users\JohnP\AppData\Local\Temp\ccdsYIVc.s 			page 1


   1              		.syntax unified
   2              		.cpu cortex-m3
   3              		.fpu softvfp
   4              		.eabi_attribute 20, 1
   5              		.eabi_attribute 21, 1
   6              		.eabi_attribute 23, 3
   7              		.eabi_attribute 24, 1
   8              		.eabi_attribute 25, 1
   9              		.eabi_attribute 26, 1
  10              		.eabi_attribute 30, 1
  11              		.eabi_attribute 34, 1
  12              		.eabi_attribute 18, 4
  13              		.thumb
  14              		.file	"display.c"
  15              		.text
  16              	.Ltext0:
  17              		.cfi_sections	.debug_frame
  18              		.section	.text.Display_welcome_message,"ax",%progbits
  19              		.align	2
  20              		.global	Display_welcome_message
  21              		.thumb
  22              		.thumb_func
  23              		.type	Display_welcome_message, %function
  24              	Display_welcome_message:
  25              	.LFB0:
  26              		.file 1 ".\\display.c"
   1:.\display.c   **** /* ========================================
   2:.\display.c   ****  *
   3:.\display.c   ****  * Copyright YOUR COMPANY, THE YEAR
   4:.\display.c   ****  * All Rights Reserved
   5:.\display.c   ****  * UNPUBLISHED, LICENSED SOFTWARE.
   6:.\display.c   ****  *
   7:.\display.c   ****  * CONFIDENTIAL AND PROPRIETARY INFORMATION
   8:.\display.c   ****  * WHICH IS THE PROPERTY OF your company.
   9:.\display.c   ****  *
  10:.\display.c   ****  * ========================================
  11:.\display.c   **** */
  12:.\display.c   **** 
  13:.\display.c   **** #include "display.h"
  14:.\display.c   **** 
  15:.\display.c   **** int loading_bar_speed_ms = 100;
  16:.\display.c   **** 
  17:.\display.c   **** 
  18:.\display.c   **** void Display_welcome_message(){
  27              		.loc 1 18 0
  28              		.cfi_startproc
  29              		@ args = 0, pretend = 0, frame = 0
  30              		@ frame_needed = 0, uses_anonymous_args = 0
  31 0000 F8B5     		push	{r3, r4, r5, r6, r7, lr}
  32              		.cfi_def_cfa_offset 24
  33              		.cfi_offset 3, -24
  34              		.cfi_offset 4, -20
  35              		.cfi_offset 5, -16
  36              		.cfi_offset 6, -12
  37              		.cfi_offset 7, -8
  38              		.cfi_offset 14, -4
  19:.\display.c   ****     LCD_ClearDisplay();
ARM GAS  C:\Users\JohnP\AppData\Local\Temp\ccdsYIVc.s 			page 2


  39              		.loc 1 19 0
  40 0002 0120     		movs	r0, #1
  41 0004 FFF7FEFF 		bl	LCD_WriteControl
  42              	.LVL0:
  20:.\display.c   ****     int i;
  21:.\display.c   ****     for (i=0; i<16; i++){
  43              		.loc 1 21 0
  44 0008 0024     		movs	r4, #0
  22:.\display.c   ****         LCD_Position(0,i);
  45              		.loc 1 22 0
  46 000a 2746     		mov	r7, r4
  23:.\display.c   ****         LCD_PutChar(LCD_CUSTOM_5);
  47              		.loc 1 23 0
  48 000c 0526     		movs	r6, #5
  24:.\display.c   ****         CyDelay(loading_bar_speed_ms);
  49              		.loc 1 24 0
  50 000e 104D     		ldr	r5, .L4
  21:.\display.c   ****     for (i=0; i<16; i++){
  51              		.loc 1 21 0
  52 0010 0AE0     		b	.L2
  53              	.LVL1:
  54              	.L3:
  22:.\display.c   ****         LCD_Position(0,i);
  55              		.loc 1 22 0 discriminator 2
  56 0012 3846     		mov	r0, r7
  57 0014 E1B2     		uxtb	r1, r4
  58 0016 FFF7FEFF 		bl	LCD_Position
  59              	.LVL2:
  23:.\display.c   ****         LCD_PutChar(LCD_CUSTOM_5);
  60              		.loc 1 23 0 discriminator 2
  61 001a 3046     		mov	r0, r6
  62 001c FFF7FEFF 		bl	LCD_PutChar
  63              	.LVL3:
  64              		.loc 1 24 0 discriminator 2
  65 0020 2868     		ldr	r0, [r5]
  66 0022 FFF7FEFF 		bl	CyDelay
  67              	.LVL4:
  21:.\display.c   ****     for (i=0; i<16; i++){
  68              		.loc 1 21 0 discriminator 2
  69 0026 0134     		adds	r4, r4, #1
  70              	.LVL5:
  71              	.L2:
  21:.\display.c   ****     for (i=0; i<16; i++){
  72              		.loc 1 21 0 is_stmt 0 discriminator 1
  73 0028 0F2C     		cmp	r4, #15
  74 002a F2DD     		ble	.L3
  25:.\display.c   ****     }
  26:.\display.c   ****     LCD_ClearDisplay();
  75              		.loc 1 26 0 is_stmt 1
  76 002c 0120     		movs	r0, #1
  77 002e FFF7FEFF 		bl	LCD_WriteControl
  78              	.LVL6:
  27:.\display.c   ****     LCD_Position(0,3);
  79              		.loc 1 27 0
  80 0032 0020     		movs	r0, #0
  81 0034 0321     		movs	r1, #3
  82 0036 FFF7FEFF 		bl	LCD_Position
ARM GAS  C:\Users\JohnP\AppData\Local\Temp\ccdsYIVc.s 			page 3


  83              	.LVL7:
  28:.\display.c   ****     LCD_PrintString("Welcome to ");
  84              		.loc 1 28 0
  85 003a 0648     		ldr	r0, .L4+4
  86 003c FFF7FEFF 		bl	LCD_PrintString
  87              	.LVL8:
  29:.\display.c   ****     LCD_Position(1,2);
  88              		.loc 1 29 0
  89 0040 0120     		movs	r0, #1
  90 0042 0221     		movs	r1, #2
  91 0044 FFF7FEFF 		bl	LCD_Position
  92              	.LVL9:
  30:.\display.c   ****     LCD_PrintString("My Treadmill");
  93              		.loc 1 30 0
  94 0048 0348     		ldr	r0, .L4+8
  95 004a FFF7FEFF 		bl	LCD_PrintString
  96              	.LVL10:
  97 004e F8BD     		pop	{r3, r4, r5, r6, r7, pc}
  98              	.LVL11:
  99              	.L5:
 100              		.align	2
 101              	.L4:
 102 0050 00000000 		.word	.LANCHOR0
 103 0054 00000000 		.word	.LC0
 104 0058 0C000000 		.word	.LC1
 105              		.cfi_endproc
 106              	.LFE0:
 107              		.size	Display_welcome_message, .-Display_welcome_message
 108              		.section	.text.Display_fault_message,"ax",%progbits
 109              		.align	2
 110              		.global	Display_fault_message
 111              		.thumb
 112              		.thumb_func
 113              		.type	Display_fault_message, %function
 114              	Display_fault_message:
 115              	.LFB1:
  31:.\display.c   **** }   
  32:.\display.c   **** 
  33:.\display.c   **** void Display_fault_message(){
 116              		.loc 1 33 0
 117              		.cfi_startproc
 118              		@ args = 0, pretend = 0, frame = 0
 119              		@ frame_needed = 0, uses_anonymous_args = 0
 120 0000 F8B5     		push	{r3, r4, r5, r6, r7, lr}
 121              		.cfi_def_cfa_offset 24
 122              		.cfi_offset 3, -24
 123              		.cfi_offset 4, -20
 124              		.cfi_offset 5, -16
 125              		.cfi_offset 6, -12
 126              		.cfi_offset 7, -8
 127              		.cfi_offset 14, -4
  34:.\display.c   ****     LCD_ClearDisplay();
 128              		.loc 1 34 0
 129 0002 0120     		movs	r0, #1
 130 0004 FFF7FEFF 		bl	LCD_WriteControl
 131              	.LVL12:
  35:.\display.c   ****     int i;
ARM GAS  C:\Users\JohnP\AppData\Local\Temp\ccdsYIVc.s 			page 4


  36:.\display.c   ****     for (i=0; i<16; i++){
 132              		.loc 1 36 0
 133 0008 0024     		movs	r4, #0
  37:.\display.c   ****         LCD_Position(0,i);
 134              		.loc 1 37 0
 135 000a 2746     		mov	r7, r4
  38:.\display.c   ****         LCD_PutChar(LCD_CUSTOM_5);
 136              		.loc 1 38 0
 137 000c 0526     		movs	r6, #5
  39:.\display.c   ****         CyDelay(loading_bar_speed_ms);
 138              		.loc 1 39 0
 139 000e 104D     		ldr	r5, .L9
  36:.\display.c   ****     for (i=0; i<16; i++){
 140              		.loc 1 36 0
 141 0010 0AE0     		b	.L7
 142              	.LVL13:
 143              	.L8:
  37:.\display.c   ****         LCD_Position(0,i);
 144              		.loc 1 37 0 discriminator 2
 145 0012 3846     		mov	r0, r7
 146 0014 E1B2     		uxtb	r1, r4
 147 0016 FFF7FEFF 		bl	LCD_Position
 148              	.LVL14:
  38:.\display.c   ****         LCD_PutChar(LCD_CUSTOM_5);
 149              		.loc 1 38 0 discriminator 2
 150 001a 3046     		mov	r0, r6
 151 001c FFF7FEFF 		bl	LCD_PutChar
 152              	.LVL15:
 153              		.loc 1 39 0 discriminator 2
 154 0020 2868     		ldr	r0, [r5]
 155 0022 FFF7FEFF 		bl	CyDelay
 156              	.LVL16:
  36:.\display.c   ****     for (i=0; i<16; i++){
 157              		.loc 1 36 0 discriminator 2
 158 0026 0134     		adds	r4, r4, #1
 159              	.LVL17:
 160              	.L7:
  36:.\display.c   ****     for (i=0; i<16; i++){
 161              		.loc 1 36 0 is_stmt 0 discriminator 1
 162 0028 0F2C     		cmp	r4, #15
 163 002a F2DD     		ble	.L8
  40:.\display.c   ****     }
  41:.\display.c   ****     LCD_ClearDisplay();
 164              		.loc 1 41 0 is_stmt 1
 165 002c 0120     		movs	r0, #1
 166 002e FFF7FEFF 		bl	LCD_WriteControl
 167              	.LVL18:
  42:.\display.c   ****     LCD_Position(0,0);
 168              		.loc 1 42 0
 169 0032 0020     		movs	r0, #0
 170 0034 0146     		mov	r1, r0
 171 0036 FFF7FEFF 		bl	LCD_Position
 172              	.LVL19:
  43:.\display.c   ****     LCD_PrintString("COMPONENT FAILED");
 173              		.loc 1 43 0
 174 003a 0648     		ldr	r0, .L9+4
 175 003c FFF7FEFF 		bl	LCD_PrintString
ARM GAS  C:\Users\JohnP\AppData\Local\Temp\ccdsYIVc.s 			page 5


 176              	.LVL20:
  44:.\display.c   ****     LCD_Position(1,0);
 177              		.loc 1 44 0
 178 0040 0120     		movs	r0, #1
 179 0042 0021     		movs	r1, #0
 180 0044 FFF7FEFF 		bl	LCD_Position
 181              	.LVL21:
  45:.\display.c   ****     LCD_PrintString("  DO NOT USE!!  ");
 182              		.loc 1 45 0
 183 0048 0348     		ldr	r0, .L9+8
 184 004a FFF7FEFF 		bl	LCD_PrintString
 185              	.LVL22:
 186 004e F8BD     		pop	{r3, r4, r5, r6, r7, pc}
 187              	.LVL23:
 188              	.L10:
 189              		.align	2
 190              	.L9:
 191 0050 00000000 		.word	.LANCHOR0
 192 0054 1C000000 		.word	.LC2
 193 0058 30000000 		.word	.LC3
 194              		.cfi_endproc
 195              	.LFE1:
 196              		.size	Display_fault_message, .-Display_fault_message
 197              		.section	.text.Display_sleep,"ax",%progbits
 198              		.align	2
 199              		.global	Display_sleep
 200              		.thumb
 201              		.thumb_func
 202              		.type	Display_sleep, %function
 203              	Display_sleep:
 204              	.LFB2:
  46:.\display.c   **** }   
  47:.\display.c   **** 
  48:.\display.c   **** 
  49:.\display.c   **** 
  50:.\display.c   **** /*
  51:.\display.c   **** void Display_welcome_message(){
  52:.\display.c   ****     LCD_ClearDisplay();
  53:.\display.c   ****     LCD_Position(0,0);
  54:.\display.c   ****     LCD_PrintString("8");
  55:.\display.c   ****     int i;
  56:.\display.c   ****     for (i=0; i<14; i++){
  57:.\display.c   ****         LCD_PrintString("=");
  58:.\display.c   ****         CyDelay(loading_bar_speed_ms);
  59:.\display.c   ****     }
  60:.\display.c   ****     LCD_PrintString("D");
  61:.\display.c   **** }   
  62:.\display.c   **** */
  63:.\display.c   **** void Display_sleep(){    
 205              		.loc 1 63 0
 206              		.cfi_startproc
 207              		@ args = 0, pretend = 0, frame = 0
 208              		@ frame_needed = 0, uses_anonymous_args = 0
 209 0000 08B5     		push	{r3, lr}
 210              		.cfi_def_cfa_offset 8
 211              		.cfi_offset 3, -8
 212              		.cfi_offset 14, -4
ARM GAS  C:\Users\JohnP\AppData\Local\Temp\ccdsYIVc.s 			page 6


  64:.\display.c   ****     LCD_Position(0,0);
 213              		.loc 1 64 0
 214 0002 0020     		movs	r0, #0
 215 0004 0146     		mov	r1, r0
 216 0006 FFF7FEFF 		bl	LCD_Position
 217              	.LVL24:
  65:.\display.c   ****     LCD_PrintString("Sleeping...");
 218              		.loc 1 65 0
 219 000a 0248     		ldr	r0, .L12
 220 000c FFF7FEFF 		bl	LCD_PrintString
 221              	.LVL25:
 222 0010 08BD     		pop	{r3, pc}
 223              	.L13:
 224 0012 00BF     		.align	2
 225              	.L12:
 226 0014 44000000 		.word	.LC4
 227              		.cfi_endproc
 228              	.LFE2:
 229              		.size	Display_sleep, .-Display_sleep
 230              		.section	.text.Display_profile_selection,"ax",%progbits
 231              		.align	2
 232              		.global	Display_profile_selection
 233              		.thumb
 234              		.thumb_func
 235              		.type	Display_profile_selection, %function
 236              	Display_profile_selection:
 237              	.LFB3:
  66:.\display.c   **** //        LCD_DrawHorizontalBG(0,0,8,i);
  67:.\display.c   **** //        LCD_PrintString("zzzzzz");
  68:.\display.c   **** //        CyDelay(1000);
  69:.\display.c   ****     
  70:.\display.c   **** }
  71:.\display.c   **** 
  72:.\display.c   **** void Display_profile_selection(int profile){
 238              		.loc 1 72 0
 239              		.cfi_startproc
 240              		@ args = 0, pretend = 0, frame = 0
 241              		@ frame_needed = 0, uses_anonymous_args = 0
 242              	.LVL26:
 243 0000 2DE9F041 		push	{r4, r5, r6, r7, r8, lr}
 244              		.cfi_def_cfa_offset 24
 245              		.cfi_offset 4, -24
 246              		.cfi_offset 5, -20
 247              		.cfi_offset 6, -16
 248              		.cfi_offset 7, -12
 249              		.cfi_offset 8, -8
 250              		.cfi_offset 14, -4
 251 0004 0546     		mov	r5, r0
 252              	.LVL27:
  73:.\display.c   ****     int i;
  74:.\display.c   ****     for (i=4;i>0;i--){
 253              		.loc 1 74 0
 254 0006 0424     		movs	r4, #4
  75:.\display.c   ****         LCD_ClearDisplay();
  76:.\display.c   ****         CyDelay(100);
  77:.\display.c   ****         switch (profile){
  78:.\display.c   ****             case PROFILE_REGULAR:
ARM GAS  C:\Users\JohnP\AppData\Local\Temp\ccdsYIVc.s 			page 7


  79:.\display.c   ****                 LCD_Position(1,0);
  80:.\display.c   ****                 LCD_PrintString("Regular   ");
  81:.\display.c   ****                 break;
  82:.\display.c   ****             case PROFILE_CARDIO:
  83:.\display.c   ****                 LCD_Position(1,0);
  84:.\display.c   ****                 LCD_PrintString("Cardio    ");
  85:.\display.c   ****                 break;
  86:.\display.c   ****             case PROFILE_FATBURN:
  87:.\display.c   ****                 LCD_Position(1,0);
  88:.\display.c   ****                 LCD_PrintString("Fat Burn  ");
 255              		.loc 1 88 0
 256 0008 DFF86480 		ldr	r8, .L21+8
  84:.\display.c   ****                 LCD_PrintString("Cardio    ");
 257              		.loc 1 84 0
 258 000c 164F     		ldr	r7, .L21
  80:.\display.c   ****                 LCD_PrintString("Regular   ");
 259              		.loc 1 80 0
 260 000e 174E     		ldr	r6, .L21+4
  74:.\display.c   ****     for (i=4;i>0;i--){
 261              		.loc 1 74 0
 262 0010 25E0     		b	.L15
 263              	.LVL28:
 264              	.L20:
  75:.\display.c   ****         LCD_ClearDisplay();
 265              		.loc 1 75 0
 266 0012 0120     		movs	r0, #1
 267 0014 FFF7FEFF 		bl	LCD_WriteControl
 268              	.LVL29:
  76:.\display.c   ****         CyDelay(100);
 269              		.loc 1 76 0
 270 0018 6420     		movs	r0, #100
 271 001a FFF7FEFF 		bl	CyDelay
 272              	.LVL30:
  77:.\display.c   ****         switch (profile){
 273              		.loc 1 77 0
 274 001e 012D     		cmp	r5, #1
 275 0020 12D0     		beq	.L17
 276 0022 022D     		cmp	r5, #2
 277 0024 08D0     		beq	.L18
 278 0026 B5B9     		cbnz	r5, .L16
  79:.\display.c   ****                 LCD_Position(1,0);
 279              		.loc 1 79 0
 280 0028 0120     		movs	r0, #1
 281 002a 0021     		movs	r1, #0
 282 002c FFF7FEFF 		bl	LCD_Position
 283              	.LVL31:
  80:.\display.c   ****                 LCD_PrintString("Regular   ");
 284              		.loc 1 80 0
 285 0030 3046     		mov	r0, r6
 286 0032 FFF7FEFF 		bl	LCD_PrintString
 287              	.LVL32:
  81:.\display.c   ****                 break;
 288              		.loc 1 81 0
 289 0036 0EE0     		b	.L16
 290              	.L18:
  83:.\display.c   ****                 LCD_Position(1,0);
 291              		.loc 1 83 0
ARM GAS  C:\Users\JohnP\AppData\Local\Temp\ccdsYIVc.s 			page 8


 292 0038 0120     		movs	r0, #1
 293 003a 0021     		movs	r1, #0
 294 003c FFF7FEFF 		bl	LCD_Position
 295              	.LVL33:
  84:.\display.c   ****                 LCD_PrintString("Cardio    ");
 296              		.loc 1 84 0
 297 0040 3846     		mov	r0, r7
 298 0042 FFF7FEFF 		bl	LCD_PrintString
 299              	.LVL34:
  85:.\display.c   ****                 break;
 300              		.loc 1 85 0
 301 0046 06E0     		b	.L16
 302              	.L17:
  87:.\display.c   ****                 LCD_Position(1,0);
 303              		.loc 1 87 0
 304 0048 0120     		movs	r0, #1
 305 004a 0021     		movs	r1, #0
 306 004c FFF7FEFF 		bl	LCD_Position
 307              	.LVL35:
 308              		.loc 1 88 0
 309 0050 4046     		mov	r0, r8
 310 0052 FFF7FEFF 		bl	LCD_PrintString
 311              	.LVL36:
 312              	.L16:
  89:.\display.c   ****                 break;
  90:.\display.c   ****             default:
  91:.\display.c   ****                 break;
  92:.\display.c   ****         }
  93:.\display.c   ****         CyDelay(100);
 313              		.loc 1 93 0
 314 0056 6420     		movs	r0, #100
 315 0058 FFF7FEFF 		bl	CyDelay
 316              	.LVL37:
  74:.\display.c   ****     for (i=4;i>0;i--){
 317              		.loc 1 74 0
 318 005c 013C     		subs	r4, r4, #1
 319              	.LVL38:
 320              	.L15:
  74:.\display.c   ****     for (i=4;i>0;i--){
 321              		.loc 1 74 0 is_stmt 0 discriminator 1
 322 005e 002C     		cmp	r4, #0
 323 0060 D7DC     		bgt	.L20
  94:.\display.c   ****     }
  95:.\display.c   **** }
 324              		.loc 1 95 0 is_stmt 1
 325 0062 BDE8F081 		pop	{r4, r5, r6, r7, r8, pc}
 326              	.LVL39:
 327              	.L22:
 328 0066 00BF     		.align	2
 329              	.L21:
 330 0068 5C000000 		.word	.LC6
 331 006c 50000000 		.word	.LC5
 332 0070 68000000 		.word	.LC7
 333              		.cfi_endproc
 334              	.LFE3:
 335              		.size	Display_profile_selection, .-Display_profile_selection
 336              		.global	loading_bar_speed_ms
ARM GAS  C:\Users\JohnP\AppData\Local\Temp\ccdsYIVc.s 			page 9


 337              		.comm	Prev_state,4,4
 338              		.comm	currentState,4,4
 339              		.comm	RESET_CAUSE,4,4
 340              		.comm	PROFILE,4,4
 341              		.comm	increasingHr,4,4
 342              		.comm	average,4,4
 343              		.comm	timer_value,4,4
 344              		.comm	timer_status,4,4
 345              		.comm	heartbeatCounter,4,4
 346              		.comm	heartrate,4,4
 347              		.comm	speed,4,4
 348              		.data
 349              		.align	2
 350              		.set	.LANCHOR0,. + 0
 351              		.type	loading_bar_speed_ms, %object
 352              		.size	loading_bar_speed_ms, 4
 353              	loading_bar_speed_ms:
 354 0000 64000000 		.word	100
 355              		.section	.rodata.str1.4,"aMS",%progbits,1
 356              		.align	2
 357              	.LC0:
 358 0000 57656C63 		.ascii	"Welcome to \000"
 358      6F6D6520 
 358      746F2000 
 359              	.LC1:
 360 000c 4D792054 		.ascii	"My Treadmill\000"
 360      72656164 
 360      6D696C6C 
 360      00
 361 0019 000000   		.space	3
 362              	.LC2:
 363 001c 434F4D50 		.ascii	"COMPONENT FAILED\000"
 363      4F4E454E 
 363      54204641 
 363      494C4544 
 363      00
 364 002d 000000   		.space	3
 365              	.LC3:
 366 0030 2020444F 		.ascii	"  DO NOT USE!!  \000"
 366      204E4F54 
 366      20555345 
 366      21212020 
 366      00
 367 0041 000000   		.space	3
 368              	.LC4:
 369 0044 536C6565 		.ascii	"Sleeping...\000"
 369      70696E67 
 369      2E2E2E00 
 370              	.LC5:
 371 0050 52656775 		.ascii	"Regular   \000"
 371      6C617220 
 371      202000
 372 005b 00       		.space	1
 373              	.LC6:
 374 005c 43617264 		.ascii	"Cardio    \000"
 374      696F2020 
 374      202000
ARM GAS  C:\Users\JohnP\AppData\Local\Temp\ccdsYIVc.s 			page 10


 375 0067 00       		.space	1
 376              	.LC7:
 377 0068 46617420 		.ascii	"Fat Burn  \000"
 377      4275726E 
 377      202000
 378 0073 00       		.text
 379              	.Letext0:
 380              		.file 2 "Generated_Source\\PSoC5/cytypes.h"
 381              		.file 3 ".\\states.h"
 382              		.file 4 ".\\motor.h"
 383              		.file 5 ".\\heartrate.h"
 384              		.file 6 "Generated_Source\\PSoC5/LCD.h"
 385              		.file 7 "Generated_Source\\PSoC5/CyLib.h"
 386              		.section	.debug_info,"",%progbits
 387              	.Ldebug_info0:
 388 0000 C7040000 		.4byte	0x4c7
 389 0004 0400     		.2byte	0x4
 390 0006 00000000 		.4byte	.Ldebug_abbrev0
 391 000a 04       		.byte	0x4
 392 000b 01       		.uleb128 0x1
 393 000c BB000000 		.4byte	.LASF37
 394 0010 01       		.byte	0x1
 395 0011 DB010000 		.4byte	.LASF38
 396 0015 19000000 		.4byte	.LASF39
 397 0019 00000000 		.4byte	.Ldebug_ranges0+0
 398 001d 00000000 		.4byte	0
 399 0021 00000000 		.4byte	.Ldebug_line0
 400 0025 02       		.uleb128 0x2
 401 0026 01       		.byte	0x1
 402 0027 06       		.byte	0x6
 403 0028 8B020000 		.4byte	.LASF0
 404 002c 02       		.uleb128 0x2
 405 002d 01       		.byte	0x1
 406 002e 08       		.byte	0x8
 407 002f 95000000 		.4byte	.LASF1
 408 0033 02       		.uleb128 0x2
 409 0034 02       		.byte	0x2
 410 0035 05       		.byte	0x5
 411 0036 56020000 		.4byte	.LASF2
 412 003a 02       		.uleb128 0x2
 413 003b 02       		.byte	0x2
 414 003c 07       		.byte	0x7
 415 003d 37010000 		.4byte	.LASF3
 416 0041 02       		.uleb128 0x2
 417 0042 04       		.byte	0x4
 418 0043 05       		.byte	0x5
 419 0044 72020000 		.4byte	.LASF4
 420 0048 02       		.uleb128 0x2
 421 0049 04       		.byte	0x4
 422 004a 07       		.byte	0x7
 423 004b A9000000 		.4byte	.LASF5
 424 004f 02       		.uleb128 0x2
 425 0050 08       		.byte	0x8
 426 0051 05       		.byte	0x5
 427 0052 00000000 		.4byte	.LASF6
 428 0056 02       		.uleb128 0x2
 429 0057 08       		.byte	0x8
ARM GAS  C:\Users\JohnP\AppData\Local\Temp\ccdsYIVc.s 			page 11


 430 0058 07       		.byte	0x7
 431 0059 B7010000 		.4byte	.LASF7
 432 005d 03       		.uleb128 0x3
 433 005e 04       		.byte	0x4
 434 005f 05       		.byte	0x5
 435 0060 696E7400 		.ascii	"int\000"
 436 0064 02       		.uleb128 0x2
 437 0065 04       		.byte	0x4
 438 0066 07       		.byte	0x7
 439 0067 AA010000 		.4byte	.LASF8
 440 006b 04       		.uleb128 0x4
 441 006c 60020000 		.4byte	.LASF9
 442 0070 02       		.byte	0x2
 443 0071 B4       		.byte	0xb4
 444 0072 2C000000 		.4byte	0x2c
 445 0076 04       		.uleb128 0x4
 446 0077 96010000 		.4byte	.LASF10
 447 007b 02       		.byte	0x2
 448 007c B6       		.byte	0xb6
 449 007d 48000000 		.4byte	0x48
 450 0081 02       		.uleb128 0x2
 451 0082 04       		.byte	0x4
 452 0083 04       		.byte	0x4
 453 0084 8F000000 		.4byte	.LASF11
 454 0088 02       		.uleb128 0x2
 455 0089 08       		.byte	0x8
 456 008a 04       		.byte	0x4
 457 008b 60010000 		.4byte	.LASF12
 458 008f 04       		.uleb128 0x4
 459 0090 A3000000 		.4byte	.LASF13
 460 0094 02       		.byte	0x2
 461 0095 C5       		.byte	0xc5
 462 0096 9A000000 		.4byte	0x9a
 463 009a 02       		.uleb128 0x2
 464 009b 01       		.byte	0x1
 465 009c 08       		.byte	0x8
 466 009d 28020000 		.4byte	.LASF14
 467 00a1 02       		.uleb128 0x2
 468 00a2 04       		.byte	0x4
 469 00a3 07       		.byte	0x7
 470 00a4 15020000 		.4byte	.LASF15
 471 00a8 04       		.uleb128 0x4
 472 00a9 EF010000 		.4byte	.LASF16
 473 00ad 03       		.byte	0x3
 474 00ae 11       		.byte	0x11
 475 00af 5D000000 		.4byte	0x5d
 476 00b3 05       		.uleb128 0x5
 477 00b4 3E020000 		.4byte	.LASF17
 478 00b8 01       		.byte	0x1
 479 00b9 12       		.byte	0x12
 480 00ba 00000000 		.4byte	.LFB0
 481 00be 5C000000 		.4byte	.LFE0-.LFB0
 482 00c2 01       		.uleb128 0x1
 483 00c3 9C       		.byte	0x9c
 484 00c4 8E010000 		.4byte	0x18e
 485 00c8 06       		.uleb128 0x6
 486 00c9 6900     		.ascii	"i\000"
ARM GAS  C:\Users\JohnP\AppData\Local\Temp\ccdsYIVc.s 			page 12


 487 00cb 01       		.byte	0x1
 488 00cc 14       		.byte	0x14
 489 00cd 5D000000 		.4byte	0x5d
 490 00d1 00000000 		.4byte	.LLST0
 491 00d5 07       		.uleb128 0x7
 492 00d6 08000000 		.4byte	.LVL0
 493 00da 65040000 		.4byte	0x465
 494 00de E8000000 		.4byte	0xe8
 495 00e2 08       		.uleb128 0x8
 496 00e3 01       		.uleb128 0x1
 497 00e4 50       		.byte	0x50
 498 00e5 01       		.uleb128 0x1
 499 00e6 31       		.byte	0x31
 500 00e7 00       		.byte	0
 501 00e8 07       		.uleb128 0x7
 502 00e9 1A000000 		.4byte	.LVL2
 503 00ed 76040000 		.4byte	0x476
 504 00f1 02010000 		.4byte	0x102
 505 00f5 08       		.uleb128 0x8
 506 00f6 01       		.uleb128 0x1
 507 00f7 51       		.byte	0x51
 508 00f8 02       		.uleb128 0x2
 509 00f9 74       		.byte	0x74
 510 00fa 00       		.sleb128 0
 511 00fb 08       		.uleb128 0x8
 512 00fc 01       		.uleb128 0x1
 513 00fd 50       		.byte	0x50
 514 00fe 02       		.uleb128 0x2
 515 00ff 77       		.byte	0x77
 516 0100 00       		.sleb128 0
 517 0101 00       		.byte	0
 518 0102 07       		.uleb128 0x7
 519 0103 20000000 		.4byte	.LVL3
 520 0107 8C040000 		.4byte	0x48c
 521 010b 16010000 		.4byte	0x116
 522 010f 08       		.uleb128 0x8
 523 0110 01       		.uleb128 0x1
 524 0111 50       		.byte	0x50
 525 0112 02       		.uleb128 0x2
 526 0113 76       		.byte	0x76
 527 0114 00       		.sleb128 0
 528 0115 00       		.byte	0
 529 0116 09       		.uleb128 0x9
 530 0117 26000000 		.4byte	.LVL4
 531 011b 9D040000 		.4byte	0x49d
 532 011f 07       		.uleb128 0x7
 533 0120 32000000 		.4byte	.LVL6
 534 0124 65040000 		.4byte	0x465
 535 0128 32010000 		.4byte	0x132
 536 012c 08       		.uleb128 0x8
 537 012d 01       		.uleb128 0x1
 538 012e 50       		.byte	0x50
 539 012f 01       		.uleb128 0x1
 540 0130 31       		.byte	0x31
 541 0131 00       		.byte	0
 542 0132 07       		.uleb128 0x7
 543 0133 3A000000 		.4byte	.LVL7
ARM GAS  C:\Users\JohnP\AppData\Local\Temp\ccdsYIVc.s 			page 13


 544 0137 76040000 		.4byte	0x476
 545 013b 4B010000 		.4byte	0x14b
 546 013f 08       		.uleb128 0x8
 547 0140 01       		.uleb128 0x1
 548 0141 51       		.byte	0x51
 549 0142 01       		.uleb128 0x1
 550 0143 33       		.byte	0x33
 551 0144 08       		.uleb128 0x8
 552 0145 01       		.uleb128 0x1
 553 0146 50       		.byte	0x50
 554 0147 02       		.uleb128 0x2
 555 0148 77       		.byte	0x77
 556 0149 00       		.sleb128 0
 557 014a 00       		.byte	0
 558 014b 07       		.uleb128 0x7
 559 014c 40000000 		.4byte	.LVL8
 560 0150 AE040000 		.4byte	0x4ae
 561 0154 62010000 		.4byte	0x162
 562 0158 08       		.uleb128 0x8
 563 0159 01       		.uleb128 0x1
 564 015a 50       		.byte	0x50
 565 015b 05       		.uleb128 0x5
 566 015c 03       		.byte	0x3
 567 015d 00000000 		.4byte	.LC0
 568 0161 00       		.byte	0
 569 0162 07       		.uleb128 0x7
 570 0163 48000000 		.4byte	.LVL9
 571 0167 76040000 		.4byte	0x476
 572 016b 7A010000 		.4byte	0x17a
 573 016f 08       		.uleb128 0x8
 574 0170 01       		.uleb128 0x1
 575 0171 51       		.byte	0x51
 576 0172 01       		.uleb128 0x1
 577 0173 32       		.byte	0x32
 578 0174 08       		.uleb128 0x8
 579 0175 01       		.uleb128 0x1
 580 0176 50       		.byte	0x50
 581 0177 01       		.uleb128 0x1
 582 0178 31       		.byte	0x31
 583 0179 00       		.byte	0
 584 017a 0A       		.uleb128 0xa
 585 017b 4E000000 		.4byte	.LVL10
 586 017f AE040000 		.4byte	0x4ae
 587 0183 08       		.uleb128 0x8
 588 0184 01       		.uleb128 0x1
 589 0185 50       		.byte	0x50
 590 0186 05       		.uleb128 0x5
 591 0187 03       		.byte	0x3
 592 0188 0C000000 		.4byte	.LC1
 593 018c 00       		.byte	0
 594 018d 00       		.byte	0
 595 018e 05       		.uleb128 0x5
 596 018f 4A010000 		.4byte	.LASF18
 597 0193 01       		.byte	0x1
 598 0194 21       		.byte	0x21
 599 0195 00000000 		.4byte	.LFB1
 600 0199 5C000000 		.4byte	.LFE1-.LFB1
ARM GAS  C:\Users\JohnP\AppData\Local\Temp\ccdsYIVc.s 			page 14


 601 019d 01       		.uleb128 0x1
 602 019e 9C       		.byte	0x9c
 603 019f 6B020000 		.4byte	0x26b
 604 01a3 06       		.uleb128 0x6
 605 01a4 6900     		.ascii	"i\000"
 606 01a6 01       		.byte	0x1
 607 01a7 23       		.byte	0x23
 608 01a8 5D000000 		.4byte	0x5d
 609 01ac 1F000000 		.4byte	.LLST1
 610 01b0 07       		.uleb128 0x7
 611 01b1 08000000 		.4byte	.LVL12
 612 01b5 65040000 		.4byte	0x465
 613 01b9 C3010000 		.4byte	0x1c3
 614 01bd 08       		.uleb128 0x8
 615 01be 01       		.uleb128 0x1
 616 01bf 50       		.byte	0x50
 617 01c0 01       		.uleb128 0x1
 618 01c1 31       		.byte	0x31
 619 01c2 00       		.byte	0
 620 01c3 07       		.uleb128 0x7
 621 01c4 1A000000 		.4byte	.LVL14
 622 01c8 76040000 		.4byte	0x476
 623 01cc DD010000 		.4byte	0x1dd
 624 01d0 08       		.uleb128 0x8
 625 01d1 01       		.uleb128 0x1
 626 01d2 51       		.byte	0x51
 627 01d3 02       		.uleb128 0x2
 628 01d4 74       		.byte	0x74
 629 01d5 00       		.sleb128 0
 630 01d6 08       		.uleb128 0x8
 631 01d7 01       		.uleb128 0x1
 632 01d8 50       		.byte	0x50
 633 01d9 02       		.uleb128 0x2
 634 01da 77       		.byte	0x77
 635 01db 00       		.sleb128 0
 636 01dc 00       		.byte	0
 637 01dd 07       		.uleb128 0x7
 638 01de 20000000 		.4byte	.LVL15
 639 01e2 8C040000 		.4byte	0x48c
 640 01e6 F1010000 		.4byte	0x1f1
 641 01ea 08       		.uleb128 0x8
 642 01eb 01       		.uleb128 0x1
 643 01ec 50       		.byte	0x50
 644 01ed 02       		.uleb128 0x2
 645 01ee 76       		.byte	0x76
 646 01ef 00       		.sleb128 0
 647 01f0 00       		.byte	0
 648 01f1 09       		.uleb128 0x9
 649 01f2 26000000 		.4byte	.LVL16
 650 01f6 9D040000 		.4byte	0x49d
 651 01fa 07       		.uleb128 0x7
 652 01fb 32000000 		.4byte	.LVL18
 653 01ff 65040000 		.4byte	0x465
 654 0203 0D020000 		.4byte	0x20d
 655 0207 08       		.uleb128 0x8
 656 0208 01       		.uleb128 0x1
 657 0209 50       		.byte	0x50
ARM GAS  C:\Users\JohnP\AppData\Local\Temp\ccdsYIVc.s 			page 15


 658 020a 01       		.uleb128 0x1
 659 020b 31       		.byte	0x31
 660 020c 00       		.byte	0
 661 020d 07       		.uleb128 0x7
 662 020e 3A000000 		.4byte	.LVL19
 663 0212 76040000 		.4byte	0x476
 664 0216 27020000 		.4byte	0x227
 665 021a 08       		.uleb128 0x8
 666 021b 01       		.uleb128 0x1
 667 021c 51       		.byte	0x51
 668 021d 02       		.uleb128 0x2
 669 021e 77       		.byte	0x77
 670 021f 00       		.sleb128 0
 671 0220 08       		.uleb128 0x8
 672 0221 01       		.uleb128 0x1
 673 0222 50       		.byte	0x50
 674 0223 02       		.uleb128 0x2
 675 0224 77       		.byte	0x77
 676 0225 00       		.sleb128 0
 677 0226 00       		.byte	0
 678 0227 07       		.uleb128 0x7
 679 0228 40000000 		.4byte	.LVL20
 680 022c AE040000 		.4byte	0x4ae
 681 0230 3E020000 		.4byte	0x23e
 682 0234 08       		.uleb128 0x8
 683 0235 01       		.uleb128 0x1
 684 0236 50       		.byte	0x50
 685 0237 05       		.uleb128 0x5
 686 0238 03       		.byte	0x3
 687 0239 1C000000 		.4byte	.LC2
 688 023d 00       		.byte	0
 689 023e 07       		.uleb128 0x7
 690 023f 48000000 		.4byte	.LVL21
 691 0243 76040000 		.4byte	0x476
 692 0247 57020000 		.4byte	0x257
 693 024b 08       		.uleb128 0x8
 694 024c 01       		.uleb128 0x1
 695 024d 51       		.byte	0x51
 696 024e 02       		.uleb128 0x2
 697 024f 77       		.byte	0x77
 698 0250 00       		.sleb128 0
 699 0251 08       		.uleb128 0x8
 700 0252 01       		.uleb128 0x1
 701 0253 50       		.byte	0x50
 702 0254 01       		.uleb128 0x1
 703 0255 31       		.byte	0x31
 704 0256 00       		.byte	0
 705 0257 0A       		.uleb128 0xa
 706 0258 4E000000 		.4byte	.LVL22
 707 025c AE040000 		.4byte	0x4ae
 708 0260 08       		.uleb128 0x8
 709 0261 01       		.uleb128 0x1
 710 0262 50       		.byte	0x50
 711 0263 05       		.uleb128 0x5
 712 0264 03       		.byte	0x3
 713 0265 30000000 		.4byte	.LC3
 714 0269 00       		.byte	0
ARM GAS  C:\Users\JohnP\AppData\Local\Temp\ccdsYIVc.s 			page 16


 715 026a 00       		.byte	0
 716 026b 05       		.uleb128 0x5
 717 026c 67010000 		.4byte	.LASF19
 718 0270 01       		.byte	0x1
 719 0271 3F       		.byte	0x3f
 720 0272 00000000 		.4byte	.LFB2
 721 0276 18000000 		.4byte	.LFE2-.LFB2
 722 027a 01       		.uleb128 0x1
 723 027b 9C       		.byte	0x9c
 724 027c AC020000 		.4byte	0x2ac
 725 0280 07       		.uleb128 0x7
 726 0281 0A000000 		.4byte	.LVL24
 727 0285 76040000 		.4byte	0x476
 728 0289 98020000 		.4byte	0x298
 729 028d 08       		.uleb128 0x8
 730 028e 01       		.uleb128 0x1
 731 028f 51       		.byte	0x51
 732 0290 01       		.uleb128 0x1
 733 0291 30       		.byte	0x30
 734 0292 08       		.uleb128 0x8
 735 0293 01       		.uleb128 0x1
 736 0294 50       		.byte	0x50
 737 0295 01       		.uleb128 0x1
 738 0296 30       		.byte	0x30
 739 0297 00       		.byte	0
 740 0298 0A       		.uleb128 0xa
 741 0299 10000000 		.4byte	.LVL25
 742 029d AE040000 		.4byte	0x4ae
 743 02a1 08       		.uleb128 0x8
 744 02a2 01       		.uleb128 0x1
 745 02a3 50       		.byte	0x50
 746 02a4 05       		.uleb128 0x5
 747 02a5 03       		.byte	0x3
 748 02a6 44000000 		.4byte	.LC4
 749 02aa 00       		.byte	0
 750 02ab 00       		.byte	0
 751 02ac 0B       		.uleb128 0xb
 752 02ad F5010000 		.4byte	.LASF40
 753 02b1 01       		.byte	0x1
 754 02b2 48       		.byte	0x48
 755 02b3 00000000 		.4byte	.LFB3
 756 02b7 74000000 		.4byte	.LFE3-.LFB3
 757 02bb 01       		.uleb128 0x1
 758 02bc 9C       		.byte	0x9c
 759 02bd 99030000 		.4byte	0x399
 760 02c1 0C       		.uleb128 0xc
 761 02c2 97020000 		.4byte	.LASF41
 762 02c6 01       		.byte	0x1
 763 02c7 48       		.byte	0x48
 764 02c8 5D000000 		.4byte	0x5d
 765 02cc 3E000000 		.4byte	.LLST2
 766 02d0 06       		.uleb128 0x6
 767 02d1 6900     		.ascii	"i\000"
 768 02d3 01       		.byte	0x1
 769 02d4 49       		.byte	0x49
 770 02d5 5D000000 		.4byte	0x5d
 771 02d9 6A000000 		.4byte	.LLST3
ARM GAS  C:\Users\JohnP\AppData\Local\Temp\ccdsYIVc.s 			page 17


 772 02dd 07       		.uleb128 0x7
 773 02de 18000000 		.4byte	.LVL29
 774 02e2 65040000 		.4byte	0x465
 775 02e6 F0020000 		.4byte	0x2f0
 776 02ea 08       		.uleb128 0x8
 777 02eb 01       		.uleb128 0x1
 778 02ec 50       		.byte	0x50
 779 02ed 01       		.uleb128 0x1
 780 02ee 31       		.byte	0x31
 781 02ef 00       		.byte	0
 782 02f0 07       		.uleb128 0x7
 783 02f1 1E000000 		.4byte	.LVL30
 784 02f5 9D040000 		.4byte	0x49d
 785 02f9 04030000 		.4byte	0x304
 786 02fd 08       		.uleb128 0x8
 787 02fe 01       		.uleb128 0x1
 788 02ff 50       		.byte	0x50
 789 0300 02       		.uleb128 0x2
 790 0301 08       		.byte	0x8
 791 0302 64       		.byte	0x64
 792 0303 00       		.byte	0
 793 0304 07       		.uleb128 0x7
 794 0305 30000000 		.4byte	.LVL31
 795 0309 76040000 		.4byte	0x476
 796 030d 1C030000 		.4byte	0x31c
 797 0311 08       		.uleb128 0x8
 798 0312 01       		.uleb128 0x1
 799 0313 51       		.byte	0x51
 800 0314 01       		.uleb128 0x1
 801 0315 30       		.byte	0x30
 802 0316 08       		.uleb128 0x8
 803 0317 01       		.uleb128 0x1
 804 0318 50       		.byte	0x50
 805 0319 01       		.uleb128 0x1
 806 031a 31       		.byte	0x31
 807 031b 00       		.byte	0
 808 031c 07       		.uleb128 0x7
 809 031d 36000000 		.4byte	.LVL32
 810 0321 AE040000 		.4byte	0x4ae
 811 0325 30030000 		.4byte	0x330
 812 0329 08       		.uleb128 0x8
 813 032a 01       		.uleb128 0x1
 814 032b 50       		.byte	0x50
 815 032c 02       		.uleb128 0x2
 816 032d 76       		.byte	0x76
 817 032e 00       		.sleb128 0
 818 032f 00       		.byte	0
 819 0330 07       		.uleb128 0x7
 820 0331 40000000 		.4byte	.LVL33
 821 0335 76040000 		.4byte	0x476
 822 0339 48030000 		.4byte	0x348
 823 033d 08       		.uleb128 0x8
 824 033e 01       		.uleb128 0x1
 825 033f 51       		.byte	0x51
 826 0340 01       		.uleb128 0x1
 827 0341 30       		.byte	0x30
 828 0342 08       		.uleb128 0x8
ARM GAS  C:\Users\JohnP\AppData\Local\Temp\ccdsYIVc.s 			page 18


 829 0343 01       		.uleb128 0x1
 830 0344 50       		.byte	0x50
 831 0345 01       		.uleb128 0x1
 832 0346 31       		.byte	0x31
 833 0347 00       		.byte	0
 834 0348 07       		.uleb128 0x7
 835 0349 46000000 		.4byte	.LVL34
 836 034d AE040000 		.4byte	0x4ae
 837 0351 5C030000 		.4byte	0x35c
 838 0355 08       		.uleb128 0x8
 839 0356 01       		.uleb128 0x1
 840 0357 50       		.byte	0x50
 841 0358 02       		.uleb128 0x2
 842 0359 77       		.byte	0x77
 843 035a 00       		.sleb128 0
 844 035b 00       		.byte	0
 845 035c 07       		.uleb128 0x7
 846 035d 50000000 		.4byte	.LVL35
 847 0361 76040000 		.4byte	0x476
 848 0365 74030000 		.4byte	0x374
 849 0369 08       		.uleb128 0x8
 850 036a 01       		.uleb128 0x1
 851 036b 51       		.byte	0x51
 852 036c 01       		.uleb128 0x1
 853 036d 30       		.byte	0x30
 854 036e 08       		.uleb128 0x8
 855 036f 01       		.uleb128 0x1
 856 0370 50       		.byte	0x50
 857 0371 01       		.uleb128 0x1
 858 0372 31       		.byte	0x31
 859 0373 00       		.byte	0
 860 0374 07       		.uleb128 0x7
 861 0375 56000000 		.4byte	.LVL36
 862 0379 AE040000 		.4byte	0x4ae
 863 037d 88030000 		.4byte	0x388
 864 0381 08       		.uleb128 0x8
 865 0382 01       		.uleb128 0x1
 866 0383 50       		.byte	0x50
 867 0384 02       		.uleb128 0x2
 868 0385 78       		.byte	0x78
 869 0386 00       		.sleb128 0
 870 0387 00       		.byte	0
 871 0388 0A       		.uleb128 0xa
 872 0389 5C000000 		.4byte	.LVL37
 873 038d 9D040000 		.4byte	0x49d
 874 0391 08       		.uleb128 0x8
 875 0392 01       		.uleb128 0x1
 876 0393 50       		.byte	0x50
 877 0394 02       		.uleb128 0x2
 878 0395 08       		.byte	0x8
 879 0396 64       		.byte	0x64
 880 0397 00       		.byte	0
 881 0398 00       		.byte	0
 882 0399 0D       		.uleb128 0xd
 883 039a 0F020000 		.4byte	.LASF20
 884 039e 04       		.byte	0x4
 885 039f 12       		.byte	0x12
ARM GAS  C:\Users\JohnP\AppData\Local\Temp\ccdsYIVc.s 			page 19


 886 03a0 5D000000 		.4byte	0x5d
 887 03a4 05       		.uleb128 0x5
 888 03a5 03       		.byte	0x3
 889 03a6 00000000 		.4byte	speed
 890 03aa 0D       		.uleb128 0xd
 891 03ab 1E020000 		.4byte	.LASF21
 892 03af 03       		.byte	0x3
 893 03b0 14       		.byte	0x14
 894 03b1 81000000 		.4byte	0x81
 895 03b5 05       		.uleb128 0x5
 896 03b6 03       		.byte	0x3
 897 03b7 00000000 		.4byte	heartrate
 898 03bb 0D       		.uleb128 0xd
 899 03bc 7E000000 		.4byte	.LASF22
 900 03c0 05       		.byte	0x5
 901 03c1 14       		.byte	0x14
 902 03c2 81000000 		.4byte	0x81
 903 03c6 05       		.uleb128 0x5
 904 03c7 03       		.byte	0x3
 905 03c8 00000000 		.4byte	heartbeatCounter
 906 03cc 0D       		.uleb128 0xd
 907 03cd 69000000 		.4byte	.LASF23
 908 03d1 05       		.byte	0x5
 909 03d2 15       		.byte	0x15
 910 03d3 5D000000 		.4byte	0x5d
 911 03d7 05       		.uleb128 0x5
 912 03d8 03       		.byte	0x3
 913 03d9 00000000 		.4byte	timer_status
 914 03dd 0D       		.uleb128 0xd
 915 03de 8A010000 		.4byte	.LASF24
 916 03e2 05       		.byte	0x5
 917 03e3 16       		.byte	0x16
 918 03e4 5D000000 		.4byte	0x5d
 919 03e8 05       		.uleb128 0x5
 920 03e9 03       		.byte	0x3
 921 03ea 00000000 		.4byte	timer_value
 922 03ee 0D       		.uleb128 0xd
 923 03ef 66020000 		.4byte	.LASF25
 924 03f3 03       		.byte	0x3
 925 03f4 28       		.byte	0x28
 926 03f5 5D000000 		.4byte	0x5d
 927 03f9 05       		.uleb128 0x5
 928 03fa 03       		.byte	0x3
 929 03fb 00000000 		.4byte	RESET_CAUSE
 930 03ff 0D       		.uleb128 0xd
 931 0400 E7010000 		.4byte	.LASF26
 932 0404 03       		.byte	0x3
 933 0405 16       		.byte	0x16
 934 0406 81000000 		.4byte	0x81
 935 040a 05       		.uleb128 0x5
 936 040b 03       		.byte	0x3
 937 040c 00000000 		.4byte	average
 938 0410 0D       		.uleb128 0xd
 939 0411 9D010000 		.4byte	.LASF27
 940 0415 03       		.byte	0x3
 941 0416 17       		.byte	0x17
 942 0417 5D000000 		.4byte	0x5d
ARM GAS  C:\Users\JohnP\AppData\Local\Temp\ccdsYIVc.s 			page 20


 943 041b 05       		.uleb128 0x5
 944 041c 03       		.byte	0x3
 945 041d 00000000 		.4byte	increasingHr
 946 0421 0D       		.uleb128 0xd
 947 0422 76000000 		.4byte	.LASF28
 948 0426 03       		.byte	0x3
 949 0427 19       		.byte	0x19
 950 0428 5D000000 		.4byte	0x5d
 951 042c 05       		.uleb128 0x5
 952 042d 03       		.byte	0x3
 953 042e 00000000 		.4byte	PROFILE
 954 0432 0D       		.uleb128 0xd
 955 0433 A7020000 		.4byte	.LASF29
 956 0437 03       		.byte	0x3
 957 0438 3D       		.byte	0x3d
 958 0439 A8000000 		.4byte	0xa8
 959 043d 05       		.uleb128 0x5
 960 043e 03       		.byte	0x3
 961 043f 00000000 		.4byte	currentState
 962 0443 0D       		.uleb128 0xd
 963 0444 0E000000 		.4byte	.LASF30
 964 0448 03       		.byte	0x3
 965 0449 3F       		.byte	0x3f
 966 044a A8000000 		.4byte	0xa8
 967 044e 05       		.uleb128 0x5
 968 044f 03       		.byte	0x3
 969 0450 00000000 		.4byte	Prev_state
 970 0454 0D       		.uleb128 0xd
 971 0455 75010000 		.4byte	.LASF31
 972 0459 01       		.byte	0x1
 973 045a 0F       		.byte	0xf
 974 045b 5D000000 		.4byte	0x5d
 975 045f 05       		.uleb128 0x5
 976 0460 03       		.byte	0x3
 977 0461 00000000 		.4byte	loading_bar_speed_ms
 978 0465 0E       		.uleb128 0xe
 979 0466 2D020000 		.4byte	.LASF32
 980 046a 06       		.byte	0x6
 981 046b 3A       		.byte	0x3a
 982 046c 76040000 		.4byte	0x476
 983 0470 0F       		.uleb128 0xf
 984 0471 6B000000 		.4byte	0x6b
 985 0475 00       		.byte	0
 986 0476 0E       		.uleb128 0xe
 987 0477 CE010000 		.4byte	.LASF33
 988 047b 06       		.byte	0x6
 989 047c 3D       		.byte	0x3d
 990 047d 8C040000 		.4byte	0x48c
 991 0481 0F       		.uleb128 0xf
 992 0482 6B000000 		.4byte	0x6b
 993 0486 0F       		.uleb128 0xf
 994 0487 6B000000 		.4byte	0x6b
 995 048b 00       		.byte	0
 996 048c 0E       		.uleb128 0xe
 997 048d 5D000000 		.4byte	.LASF34
 998 0491 06       		.byte	0x6
 999 0492 3E       		.byte	0x3e
ARM GAS  C:\Users\JohnP\AppData\Local\Temp\ccdsYIVc.s 			page 21


 1000 0493 9D040000 		.4byte	0x49d
 1001 0497 0F       		.uleb128 0xf
 1002 0498 8F000000 		.4byte	0x8f
 1003 049c 00       		.byte	0
 1004 049d 0E       		.uleb128 0xe
 1005 049e 9F020000 		.4byte	.LASF35
 1006 04a2 07       		.byte	0x7
 1007 04a3 77       		.byte	0x77
 1008 04a4 AE040000 		.4byte	0x4ae
 1009 04a8 0F       		.uleb128 0xf
 1010 04a9 76000000 		.4byte	0x76
 1011 04ad 00       		.byte	0
 1012 04ae 0E       		.uleb128 0xe
 1013 04af 7B020000 		.4byte	.LASF36
 1014 04b3 06       		.byte	0x6
 1015 04b4 3C       		.byte	0x3c
 1016 04b5 BF040000 		.4byte	0x4bf
 1017 04b9 0F       		.uleb128 0xf
 1018 04ba BF040000 		.4byte	0x4bf
 1019 04be 00       		.byte	0
 1020 04bf 10       		.uleb128 0x10
 1021 04c0 04       		.byte	0x4
 1022 04c1 C5040000 		.4byte	0x4c5
 1023 04c5 11       		.uleb128 0x11
 1024 04c6 8F000000 		.4byte	0x8f
 1025 04ca 00       		.byte	0
 1026              		.section	.debug_abbrev,"",%progbits
 1027              	.Ldebug_abbrev0:
 1028 0000 01       		.uleb128 0x1
 1029 0001 11       		.uleb128 0x11
 1030 0002 01       		.byte	0x1
 1031 0003 25       		.uleb128 0x25
 1032 0004 0E       		.uleb128 0xe
 1033 0005 13       		.uleb128 0x13
 1034 0006 0B       		.uleb128 0xb
 1035 0007 03       		.uleb128 0x3
 1036 0008 0E       		.uleb128 0xe
 1037 0009 1B       		.uleb128 0x1b
 1038 000a 0E       		.uleb128 0xe
 1039 000b 55       		.uleb128 0x55
 1040 000c 17       		.uleb128 0x17
 1041 000d 11       		.uleb128 0x11
 1042 000e 01       		.uleb128 0x1
 1043 000f 10       		.uleb128 0x10
 1044 0010 17       		.uleb128 0x17
 1045 0011 00       		.byte	0
 1046 0012 00       		.byte	0
 1047 0013 02       		.uleb128 0x2
 1048 0014 24       		.uleb128 0x24
 1049 0015 00       		.byte	0
 1050 0016 0B       		.uleb128 0xb
 1051 0017 0B       		.uleb128 0xb
 1052 0018 3E       		.uleb128 0x3e
 1053 0019 0B       		.uleb128 0xb
 1054 001a 03       		.uleb128 0x3
 1055 001b 0E       		.uleb128 0xe
 1056 001c 00       		.byte	0
ARM GAS  C:\Users\JohnP\AppData\Local\Temp\ccdsYIVc.s 			page 22


 1057 001d 00       		.byte	0
 1058 001e 03       		.uleb128 0x3
 1059 001f 24       		.uleb128 0x24
 1060 0020 00       		.byte	0
 1061 0021 0B       		.uleb128 0xb
 1062 0022 0B       		.uleb128 0xb
 1063 0023 3E       		.uleb128 0x3e
 1064 0024 0B       		.uleb128 0xb
 1065 0025 03       		.uleb128 0x3
 1066 0026 08       		.uleb128 0x8
 1067 0027 00       		.byte	0
 1068 0028 00       		.byte	0
 1069 0029 04       		.uleb128 0x4
 1070 002a 16       		.uleb128 0x16
 1071 002b 00       		.byte	0
 1072 002c 03       		.uleb128 0x3
 1073 002d 0E       		.uleb128 0xe
 1074 002e 3A       		.uleb128 0x3a
 1075 002f 0B       		.uleb128 0xb
 1076 0030 3B       		.uleb128 0x3b
 1077 0031 0B       		.uleb128 0xb
 1078 0032 49       		.uleb128 0x49
 1079 0033 13       		.uleb128 0x13
 1080 0034 00       		.byte	0
 1081 0035 00       		.byte	0
 1082 0036 05       		.uleb128 0x5
 1083 0037 2E       		.uleb128 0x2e
 1084 0038 01       		.byte	0x1
 1085 0039 3F       		.uleb128 0x3f
 1086 003a 19       		.uleb128 0x19
 1087 003b 03       		.uleb128 0x3
 1088 003c 0E       		.uleb128 0xe
 1089 003d 3A       		.uleb128 0x3a
 1090 003e 0B       		.uleb128 0xb
 1091 003f 3B       		.uleb128 0x3b
 1092 0040 0B       		.uleb128 0xb
 1093 0041 11       		.uleb128 0x11
 1094 0042 01       		.uleb128 0x1
 1095 0043 12       		.uleb128 0x12
 1096 0044 06       		.uleb128 0x6
 1097 0045 40       		.uleb128 0x40
 1098 0046 18       		.uleb128 0x18
 1099 0047 9742     		.uleb128 0x2117
 1100 0049 19       		.uleb128 0x19
 1101 004a 01       		.uleb128 0x1
 1102 004b 13       		.uleb128 0x13
 1103 004c 00       		.byte	0
 1104 004d 00       		.byte	0
 1105 004e 06       		.uleb128 0x6
 1106 004f 34       		.uleb128 0x34
 1107 0050 00       		.byte	0
 1108 0051 03       		.uleb128 0x3
 1109 0052 08       		.uleb128 0x8
 1110 0053 3A       		.uleb128 0x3a
 1111 0054 0B       		.uleb128 0xb
 1112 0055 3B       		.uleb128 0x3b
 1113 0056 0B       		.uleb128 0xb
ARM GAS  C:\Users\JohnP\AppData\Local\Temp\ccdsYIVc.s 			page 23


 1114 0057 49       		.uleb128 0x49
 1115 0058 13       		.uleb128 0x13
 1116 0059 02       		.uleb128 0x2
 1117 005a 17       		.uleb128 0x17
 1118 005b 00       		.byte	0
 1119 005c 00       		.byte	0
 1120 005d 07       		.uleb128 0x7
 1121 005e 898201   		.uleb128 0x4109
 1122 0061 01       		.byte	0x1
 1123 0062 11       		.uleb128 0x11
 1124 0063 01       		.uleb128 0x1
 1125 0064 31       		.uleb128 0x31
 1126 0065 13       		.uleb128 0x13
 1127 0066 01       		.uleb128 0x1
 1128 0067 13       		.uleb128 0x13
 1129 0068 00       		.byte	0
 1130 0069 00       		.byte	0
 1131 006a 08       		.uleb128 0x8
 1132 006b 8A8201   		.uleb128 0x410a
 1133 006e 00       		.byte	0
 1134 006f 02       		.uleb128 0x2
 1135 0070 18       		.uleb128 0x18
 1136 0071 9142     		.uleb128 0x2111
 1137 0073 18       		.uleb128 0x18
 1138 0074 00       		.byte	0
 1139 0075 00       		.byte	0
 1140 0076 09       		.uleb128 0x9
 1141 0077 898201   		.uleb128 0x4109
 1142 007a 00       		.byte	0
 1143 007b 11       		.uleb128 0x11
 1144 007c 01       		.uleb128 0x1
 1145 007d 31       		.uleb128 0x31
 1146 007e 13       		.uleb128 0x13
 1147 007f 00       		.byte	0
 1148 0080 00       		.byte	0
 1149 0081 0A       		.uleb128 0xa
 1150 0082 898201   		.uleb128 0x4109
 1151 0085 01       		.byte	0x1
 1152 0086 11       		.uleb128 0x11
 1153 0087 01       		.uleb128 0x1
 1154 0088 31       		.uleb128 0x31
 1155 0089 13       		.uleb128 0x13
 1156 008a 00       		.byte	0
 1157 008b 00       		.byte	0
 1158 008c 0B       		.uleb128 0xb
 1159 008d 2E       		.uleb128 0x2e
 1160 008e 01       		.byte	0x1
 1161 008f 3F       		.uleb128 0x3f
 1162 0090 19       		.uleb128 0x19
 1163 0091 03       		.uleb128 0x3
 1164 0092 0E       		.uleb128 0xe
 1165 0093 3A       		.uleb128 0x3a
 1166 0094 0B       		.uleb128 0xb
 1167 0095 3B       		.uleb128 0x3b
 1168 0096 0B       		.uleb128 0xb
 1169 0097 27       		.uleb128 0x27
 1170 0098 19       		.uleb128 0x19
ARM GAS  C:\Users\JohnP\AppData\Local\Temp\ccdsYIVc.s 			page 24


 1171 0099 11       		.uleb128 0x11
 1172 009a 01       		.uleb128 0x1
 1173 009b 12       		.uleb128 0x12
 1174 009c 06       		.uleb128 0x6
 1175 009d 40       		.uleb128 0x40
 1176 009e 18       		.uleb128 0x18
 1177 009f 9742     		.uleb128 0x2117
 1178 00a1 19       		.uleb128 0x19
 1179 00a2 01       		.uleb128 0x1
 1180 00a3 13       		.uleb128 0x13
 1181 00a4 00       		.byte	0
 1182 00a5 00       		.byte	0
 1183 00a6 0C       		.uleb128 0xc
 1184 00a7 05       		.uleb128 0x5
 1185 00a8 00       		.byte	0
 1186 00a9 03       		.uleb128 0x3
 1187 00aa 0E       		.uleb128 0xe
 1188 00ab 3A       		.uleb128 0x3a
 1189 00ac 0B       		.uleb128 0xb
 1190 00ad 3B       		.uleb128 0x3b
 1191 00ae 0B       		.uleb128 0xb
 1192 00af 49       		.uleb128 0x49
 1193 00b0 13       		.uleb128 0x13
 1194 00b1 02       		.uleb128 0x2
 1195 00b2 17       		.uleb128 0x17
 1196 00b3 00       		.byte	0
 1197 00b4 00       		.byte	0
 1198 00b5 0D       		.uleb128 0xd
 1199 00b6 34       		.uleb128 0x34
 1200 00b7 00       		.byte	0
 1201 00b8 03       		.uleb128 0x3
 1202 00b9 0E       		.uleb128 0xe
 1203 00ba 3A       		.uleb128 0x3a
 1204 00bb 0B       		.uleb128 0xb
 1205 00bc 3B       		.uleb128 0x3b
 1206 00bd 0B       		.uleb128 0xb
 1207 00be 49       		.uleb128 0x49
 1208 00bf 13       		.uleb128 0x13
 1209 00c0 3F       		.uleb128 0x3f
 1210 00c1 19       		.uleb128 0x19
 1211 00c2 02       		.uleb128 0x2
 1212 00c3 18       		.uleb128 0x18
 1213 00c4 00       		.byte	0
 1214 00c5 00       		.byte	0
 1215 00c6 0E       		.uleb128 0xe
 1216 00c7 2E       		.uleb128 0x2e
 1217 00c8 01       		.byte	0x1
 1218 00c9 3F       		.uleb128 0x3f
 1219 00ca 19       		.uleb128 0x19
 1220 00cb 03       		.uleb128 0x3
 1221 00cc 0E       		.uleb128 0xe
 1222 00cd 3A       		.uleb128 0x3a
 1223 00ce 0B       		.uleb128 0xb
 1224 00cf 3B       		.uleb128 0x3b
 1225 00d0 0B       		.uleb128 0xb
 1226 00d1 27       		.uleb128 0x27
 1227 00d2 19       		.uleb128 0x19
ARM GAS  C:\Users\JohnP\AppData\Local\Temp\ccdsYIVc.s 			page 25


 1228 00d3 3C       		.uleb128 0x3c
 1229 00d4 19       		.uleb128 0x19
 1230 00d5 01       		.uleb128 0x1
 1231 00d6 13       		.uleb128 0x13
 1232 00d7 00       		.byte	0
 1233 00d8 00       		.byte	0
 1234 00d9 0F       		.uleb128 0xf
 1235 00da 05       		.uleb128 0x5
 1236 00db 00       		.byte	0
 1237 00dc 49       		.uleb128 0x49
 1238 00dd 13       		.uleb128 0x13
 1239 00de 00       		.byte	0
 1240 00df 00       		.byte	0
 1241 00e0 10       		.uleb128 0x10
 1242 00e1 0F       		.uleb128 0xf
 1243 00e2 00       		.byte	0
 1244 00e3 0B       		.uleb128 0xb
 1245 00e4 0B       		.uleb128 0xb
 1246 00e5 49       		.uleb128 0x49
 1247 00e6 13       		.uleb128 0x13
 1248 00e7 00       		.byte	0
 1249 00e8 00       		.byte	0
 1250 00e9 11       		.uleb128 0x11
 1251 00ea 26       		.uleb128 0x26
 1252 00eb 00       		.byte	0
 1253 00ec 49       		.uleb128 0x49
 1254 00ed 13       		.uleb128 0x13
 1255 00ee 00       		.byte	0
 1256 00ef 00       		.byte	0
 1257 00f0 00       		.byte	0
 1258              		.section	.debug_loc,"",%progbits
 1259              	.Ldebug_loc0:
 1260              	.LLST0:
 1261 0000 08000000 		.4byte	.LVL0
 1262 0004 12000000 		.4byte	.LVL1
 1263 0008 0200     		.2byte	0x2
 1264 000a 30       		.byte	0x30
 1265 000b 9F       		.byte	0x9f
 1266 000c 12000000 		.4byte	.LVL1
 1267 0010 50000000 		.4byte	.LVL11
 1268 0014 0100     		.2byte	0x1
 1269 0016 54       		.byte	0x54
 1270 0017 00000000 		.4byte	0
 1271 001b 00000000 		.4byte	0
 1272              	.LLST1:
 1273 001f 08000000 		.4byte	.LVL12
 1274 0023 12000000 		.4byte	.LVL13
 1275 0027 0200     		.2byte	0x2
 1276 0029 30       		.byte	0x30
 1277 002a 9F       		.byte	0x9f
 1278 002b 12000000 		.4byte	.LVL13
 1279 002f 50000000 		.4byte	.LVL23
 1280 0033 0100     		.2byte	0x1
 1281 0035 54       		.byte	0x54
 1282 0036 00000000 		.4byte	0
 1283 003a 00000000 		.4byte	0
 1284              	.LLST2:
ARM GAS  C:\Users\JohnP\AppData\Local\Temp\ccdsYIVc.s 			page 26


 1285 003e 00000000 		.4byte	.LVL26
 1286 0042 12000000 		.4byte	.LVL28
 1287 0046 0100     		.2byte	0x1
 1288 0048 50       		.byte	0x50
 1289 0049 12000000 		.4byte	.LVL28
 1290 004d 66000000 		.4byte	.LVL39
 1291 0051 0100     		.2byte	0x1
 1292 0053 55       		.byte	0x55
 1293 0054 66000000 		.4byte	.LVL39
 1294 0058 74000000 		.4byte	.LFE3
 1295 005c 0400     		.2byte	0x4
 1296 005e F3       		.byte	0xf3
 1297 005f 01       		.uleb128 0x1
 1298 0060 50       		.byte	0x50
 1299 0061 9F       		.byte	0x9f
 1300 0062 00000000 		.4byte	0
 1301 0066 00000000 		.4byte	0
 1302              	.LLST3:
 1303 006a 06000000 		.4byte	.LVL27
 1304 006e 12000000 		.4byte	.LVL28
 1305 0072 0200     		.2byte	0x2
 1306 0074 34       		.byte	0x34
 1307 0075 9F       		.byte	0x9f
 1308 0076 12000000 		.4byte	.LVL28
 1309 007a 66000000 		.4byte	.LVL39
 1310 007e 0100     		.2byte	0x1
 1311 0080 54       		.byte	0x54
 1312 0081 00000000 		.4byte	0
 1313 0085 00000000 		.4byte	0
 1314              		.section	.debug_aranges,"",%progbits
 1315 0000 34000000 		.4byte	0x34
 1316 0004 0200     		.2byte	0x2
 1317 0006 00000000 		.4byte	.Ldebug_info0
 1318 000a 04       		.byte	0x4
 1319 000b 00       		.byte	0
 1320 000c 0000     		.2byte	0
 1321 000e 0000     		.2byte	0
 1322 0010 00000000 		.4byte	.LFB0
 1323 0014 5C000000 		.4byte	.LFE0-.LFB0
 1324 0018 00000000 		.4byte	.LFB1
 1325 001c 5C000000 		.4byte	.LFE1-.LFB1
 1326 0020 00000000 		.4byte	.LFB2
 1327 0024 18000000 		.4byte	.LFE2-.LFB2
 1328 0028 00000000 		.4byte	.LFB3
 1329 002c 74000000 		.4byte	.LFE3-.LFB3
 1330 0030 00000000 		.4byte	0
 1331 0034 00000000 		.4byte	0
 1332              		.section	.debug_ranges,"",%progbits
 1333              	.Ldebug_ranges0:
 1334 0000 00000000 		.4byte	.LFB0
 1335 0004 5C000000 		.4byte	.LFE0
 1336 0008 00000000 		.4byte	.LFB1
 1337 000c 5C000000 		.4byte	.LFE1
 1338 0010 00000000 		.4byte	.LFB2
 1339 0014 18000000 		.4byte	.LFE2
 1340 0018 00000000 		.4byte	.LFB3
 1341 001c 74000000 		.4byte	.LFE3
ARM GAS  C:\Users\JohnP\AppData\Local\Temp\ccdsYIVc.s 			page 27


 1342 0020 00000000 		.4byte	0
 1343 0024 00000000 		.4byte	0
 1344              		.section	.debug_line,"",%progbits
 1345              	.Ldebug_line0:
 1346 0000 39010000 		.section	.debug_str,"MS",%progbits,1
 1346      02008600 
 1346      00000201 
 1346      FB0E0D00 
 1346      01010101 
 1347              	.LASF6:
 1348 0000 6C6F6E67 		.ascii	"long long int\000"
 1348      206C6F6E 
 1348      6720696E 
 1348      7400
 1349              	.LASF30:
 1350 000e 50726576 		.ascii	"Prev_state\000"
 1350      5F737461 
 1350      746500
 1351              	.LASF39:
 1352 0019 433A5C55 		.ascii	"C:\\Users\\JohnP\\Desktop\\embedded\\trunk\\CE4920P"
 1352      73657273 
 1352      5C4A6F68 
 1352      6E505C44 
 1352      65736B74 
 1353 0046 726F6A65 		.ascii	"roject1\\Design01.cydsn\000"
 1353      6374315C 
 1353      44657369 
 1353      676E3031 
 1353      2E637964 
 1354              	.LASF34:
 1355 005d 4C43445F 		.ascii	"LCD_PutChar\000"
 1355      50757443 
 1355      68617200 
 1356              	.LASF23:
 1357 0069 74696D65 		.ascii	"timer_status\000"
 1357      725F7374 
 1357      61747573 
 1357      00
 1358              	.LASF28:
 1359 0076 50524F46 		.ascii	"PROFILE\000"
 1359      494C4500 
 1360              	.LASF22:
 1361 007e 68656172 		.ascii	"heartbeatCounter\000"
 1361      74626561 
 1361      74436F75 
 1361      6E746572 
 1361      00
 1362              	.LASF11:
 1363 008f 666C6F61 		.ascii	"float\000"
 1363      7400
 1364              	.LASF1:
 1365 0095 756E7369 		.ascii	"unsigned char\000"
 1365      676E6564 
 1365      20636861 
 1365      7200
 1366              	.LASF13:
 1367 00a3 63686172 		.ascii	"char8\000"
ARM GAS  C:\Users\JohnP\AppData\Local\Temp\ccdsYIVc.s 			page 28


 1367      3800
 1368              	.LASF5:
 1369 00a9 6C6F6E67 		.ascii	"long unsigned int\000"
 1369      20756E73 
 1369      69676E65 
 1369      6420696E 
 1369      7400
 1370              	.LASF37:
 1371 00bb 474E5520 		.ascii	"GNU C 4.8.4 20140526 (release) [ARM/embedded-4_8-br"
 1371      4320342E 
 1371      382E3420 
 1371      32303134 
 1371      30353236 
 1372 00ee 616E6368 		.ascii	"anch revision 211358] -mcpu=cortex-m3 -mthumb -g -O"
 1372      20726576 
 1372      6973696F 
 1372      6E203231 
 1372      31333538 
 1373 0121 67202D66 		.ascii	"g -ffunction-sections\000"
 1373      66756E63 
 1373      74696F6E 
 1373      2D736563 
 1373      74696F6E 
 1374              	.LASF3:
 1375 0137 73686F72 		.ascii	"short unsigned int\000"
 1375      7420756E 
 1375      7369676E 
 1375      65642069 
 1375      6E7400
 1376              	.LASF18:
 1377 014a 44697370 		.ascii	"Display_fault_message\000"
 1377      6C61795F 
 1377      6661756C 
 1377      745F6D65 
 1377      73736167 
 1378              	.LASF12:
 1379 0160 646F7562 		.ascii	"double\000"
 1379      6C6500
 1380              	.LASF19:
 1381 0167 44697370 		.ascii	"Display_sleep\000"
 1381      6C61795F 
 1381      736C6565 
 1381      7000
 1382              	.LASF31:
 1383 0175 6C6F6164 		.ascii	"loading_bar_speed_ms\000"
 1383      696E675F 
 1383      6261725F 
 1383      73706565 
 1383      645F6D73 
 1384              	.LASF24:
 1385 018a 74696D65 		.ascii	"timer_value\000"
 1385      725F7661 
 1385      6C756500 
 1386              	.LASF10:
 1387 0196 75696E74 		.ascii	"uint32\000"
 1387      333200
 1388              	.LASF27:
ARM GAS  C:\Users\JohnP\AppData\Local\Temp\ccdsYIVc.s 			page 29


 1389 019d 696E6372 		.ascii	"increasingHr\000"
 1389      65617369 
 1389      6E674872 
 1389      00
 1390              	.LASF8:
 1391 01aa 756E7369 		.ascii	"unsigned int\000"
 1391      676E6564 
 1391      20696E74 
 1391      00
 1392              	.LASF7:
 1393 01b7 6C6F6E67 		.ascii	"long long unsigned int\000"
 1393      206C6F6E 
 1393      6720756E 
 1393      7369676E 
 1393      65642069 
 1394              	.LASF33:
 1395 01ce 4C43445F 		.ascii	"LCD_Position\000"
 1395      506F7369 
 1395      74696F6E 
 1395      00
 1396              	.LASF38:
 1397 01db 2E5C6469 		.ascii	".\\display.c\000"
 1397      73706C61 
 1397      792E6300 
 1398              	.LASF26:
 1399 01e7 61766572 		.ascii	"average\000"
 1399      61676500 
 1400              	.LASF16:
 1401 01ef 53544154 		.ascii	"STATE\000"
 1401      4500
 1402              	.LASF40:
 1403 01f5 44697370 		.ascii	"Display_profile_selection\000"
 1403      6C61795F 
 1403      70726F66 
 1403      696C655F 
 1403      73656C65 
 1404              	.LASF20:
 1405 020f 73706565 		.ascii	"speed\000"
 1405      6400
 1406              	.LASF15:
 1407 0215 73697A65 		.ascii	"sizetype\000"
 1407      74797065 
 1407      00
 1408              	.LASF21:
 1409 021e 68656172 		.ascii	"heartrate\000"
 1409      74726174 
 1409      6500
 1410              	.LASF14:
 1411 0228 63686172 		.ascii	"char\000"
 1411      00
 1412              	.LASF32:
 1413 022d 4C43445F 		.ascii	"LCD_WriteControl\000"
 1413      57726974 
 1413      65436F6E 
 1413      74726F6C 
 1413      00
 1414              	.LASF17:
ARM GAS  C:\Users\JohnP\AppData\Local\Temp\ccdsYIVc.s 			page 30


 1415 023e 44697370 		.ascii	"Display_welcome_message\000"
 1415      6C61795F 
 1415      77656C63 
 1415      6F6D655F 
 1415      6D657373 
 1416              	.LASF2:
 1417 0256 73686F72 		.ascii	"short int\000"
 1417      7420696E 
 1417      7400
 1418              	.LASF9:
 1419 0260 75696E74 		.ascii	"uint8\000"
 1419      3800
 1420              	.LASF25:
 1421 0266 52455345 		.ascii	"RESET_CAUSE\000"
 1421      545F4341 
 1421      55534500 
 1422              	.LASF4:
 1423 0272 6C6F6E67 		.ascii	"long int\000"
 1423      20696E74 
 1423      00
 1424              	.LASF36:
 1425 027b 4C43445F 		.ascii	"LCD_PrintString\000"
 1425      5072696E 
 1425      74537472 
 1425      696E6700 
 1426              	.LASF0:
 1427 028b 7369676E 		.ascii	"signed char\000"
 1427      65642063 
 1427      68617200 
 1428              	.LASF41:
 1429 0297 70726F66 		.ascii	"profile\000"
 1429      696C6500 
 1430              	.LASF35:
 1431 029f 43794465 		.ascii	"CyDelay\000"
 1431      6C617900 
 1432              	.LASF29:
 1433 02a7 63757272 		.ascii	"currentState\000"
 1433      656E7453 
 1433      74617465 
 1433      00
 1434              		.ident	"GCC: (GNU Tools for ARM Embedded Processors) 4.8.4 20140526 (release) [ARM/embedded-4_8-br
