ARM GAS  C:\Users\JohnP\AppData\Local\Temp\ccIP00Gp.s 			page 1


   1              		.syntax unified
   2              		.cpu cortex-m3
   3              		.fpu softvfp
   4              		.eabi_attribute 20, 1
   5              		.eabi_attribute 21, 1
   6              		.eabi_attribute 23, 3
   7              		.eabi_attribute 24, 1
   8              		.eabi_attribute 25, 1
   9              		.eabi_attribute 26, 1
  10              		.eabi_attribute 30, 1
  11              		.eabi_attribute 34, 1
  12              		.eabi_attribute 18, 4
  13              		.thumb
  14              		.file	"HEARTRATE_ANALOG_IN.c"
  15              		.text
  16              	.Ltext0:
  17              		.cfi_sections	.debug_frame
  18              		.section	.text.HEARTRATE_ANALOG_IN_Write,"ax",%progbits
  19              		.align	2
  20              		.global	HEARTRATE_ANALOG_IN_Write
  21              		.thumb
  22              		.thumb_func
  23              		.type	HEARTRATE_ANALOG_IN_Write, %function
  24              	HEARTRATE_ANALOG_IN_Write:
  25              	.LFB0:
  26              		.file 1 ".\\Generated_Source\\PSoC5\\HEARTRATE_ANALOG_IN.c"
   1:.\Generated_Source\PSoC5/HEARTRATE_ANALOG_IN.c **** /*******************************************************************************
   2:.\Generated_Source\PSoC5/HEARTRATE_ANALOG_IN.c **** * File Name: HEARTRATE_ANALOG_IN.c  
   3:.\Generated_Source\PSoC5/HEARTRATE_ANALOG_IN.c **** * Version 2.10
   4:.\Generated_Source\PSoC5/HEARTRATE_ANALOG_IN.c **** *
   5:.\Generated_Source\PSoC5/HEARTRATE_ANALOG_IN.c **** * Description:
   6:.\Generated_Source\PSoC5/HEARTRATE_ANALOG_IN.c **** *  This file contains API to enable firmware control of a Pins component.
   7:.\Generated_Source\PSoC5/HEARTRATE_ANALOG_IN.c **** *
   8:.\Generated_Source\PSoC5/HEARTRATE_ANALOG_IN.c **** * Note:
   9:.\Generated_Source\PSoC5/HEARTRATE_ANALOG_IN.c **** *
  10:.\Generated_Source\PSoC5/HEARTRATE_ANALOG_IN.c **** ********************************************************************************
  11:.\Generated_Source\PSoC5/HEARTRATE_ANALOG_IN.c **** * Copyright 2008-2014, Cypress Semiconductor Corporation.  All rights reserved.
  12:.\Generated_Source\PSoC5/HEARTRATE_ANALOG_IN.c **** * You may use this file only in accordance with the license, terms, conditions, 
  13:.\Generated_Source\PSoC5/HEARTRATE_ANALOG_IN.c **** * disclaimers, and limitations in the end user license agreement accompanying 
  14:.\Generated_Source\PSoC5/HEARTRATE_ANALOG_IN.c **** * the software package with which this file was provided.
  15:.\Generated_Source\PSoC5/HEARTRATE_ANALOG_IN.c **** *******************************************************************************/
  16:.\Generated_Source\PSoC5/HEARTRATE_ANALOG_IN.c **** 
  17:.\Generated_Source\PSoC5/HEARTRATE_ANALOG_IN.c **** #include "cytypes.h"
  18:.\Generated_Source\PSoC5/HEARTRATE_ANALOG_IN.c **** #include "HEARTRATE_ANALOG_IN.h"
  19:.\Generated_Source\PSoC5/HEARTRATE_ANALOG_IN.c **** 
  20:.\Generated_Source\PSoC5/HEARTRATE_ANALOG_IN.c **** /* APIs are not generated for P15[7:6] on PSoC 5 */
  21:.\Generated_Source\PSoC5/HEARTRATE_ANALOG_IN.c **** #if !(CY_PSOC5A &&\
  22:.\Generated_Source\PSoC5/HEARTRATE_ANALOG_IN.c **** 	 HEARTRATE_ANALOG_IN__PORT == 15 && ((HEARTRATE_ANALOG_IN__MASK & 0xC0) != 0))
  23:.\Generated_Source\PSoC5/HEARTRATE_ANALOG_IN.c **** 
  24:.\Generated_Source\PSoC5/HEARTRATE_ANALOG_IN.c **** 
  25:.\Generated_Source\PSoC5/HEARTRATE_ANALOG_IN.c **** /*******************************************************************************
  26:.\Generated_Source\PSoC5/HEARTRATE_ANALOG_IN.c **** * Function Name: HEARTRATE_ANALOG_IN_Write
  27:.\Generated_Source\PSoC5/HEARTRATE_ANALOG_IN.c **** ********************************************************************************
  28:.\Generated_Source\PSoC5/HEARTRATE_ANALOG_IN.c **** *
  29:.\Generated_Source\PSoC5/HEARTRATE_ANALOG_IN.c **** * Summary:
  30:.\Generated_Source\PSoC5/HEARTRATE_ANALOG_IN.c **** *  Assign a new value to the digital port's data output register.  
  31:.\Generated_Source\PSoC5/HEARTRATE_ANALOG_IN.c **** *
ARM GAS  C:\Users\JohnP\AppData\Local\Temp\ccIP00Gp.s 			page 2


  32:.\Generated_Source\PSoC5/HEARTRATE_ANALOG_IN.c **** * Parameters:  
  33:.\Generated_Source\PSoC5/HEARTRATE_ANALOG_IN.c **** *  prtValue:  The value to be assigned to the Digital Port. 
  34:.\Generated_Source\PSoC5/HEARTRATE_ANALOG_IN.c **** *
  35:.\Generated_Source\PSoC5/HEARTRATE_ANALOG_IN.c **** * Return: 
  36:.\Generated_Source\PSoC5/HEARTRATE_ANALOG_IN.c **** *  None
  37:.\Generated_Source\PSoC5/HEARTRATE_ANALOG_IN.c **** *  
  38:.\Generated_Source\PSoC5/HEARTRATE_ANALOG_IN.c **** *******************************************************************************/
  39:.\Generated_Source\PSoC5/HEARTRATE_ANALOG_IN.c **** void HEARTRATE_ANALOG_IN_Write(uint8 value) 
  40:.\Generated_Source\PSoC5/HEARTRATE_ANALOG_IN.c **** {
  27              		.loc 1 40 0
  28              		.cfi_startproc
  29              		@ args = 0, pretend = 0, frame = 0
  30              		@ frame_needed = 0, uses_anonymous_args = 0
  31              		@ link register save eliminated.
  32              	.LVL0:
  41:.\Generated_Source\PSoC5/HEARTRATE_ANALOG_IN.c ****     uint8 staticBits = (HEARTRATE_ANALOG_IN_DR & (uint8)(~HEARTRATE_ANALOG_IN_MASK));
  33              		.loc 1 41 0
  34 0000 044B     		ldr	r3, .L2
  35 0002 1A78     		ldrb	r2, [r3]	@ zero_extendqisi2
  36 0004 02F0F702 		and	r2, r2, #247
  37              	.LVL1:
  42:.\Generated_Source\PSoC5/HEARTRATE_ANALOG_IN.c ****     HEARTRATE_ANALOG_IN_DR = staticBits | ((uint8)(value << HEARTRATE_ANALOG_IN_SHIFT) & HEARTRATE_
  38              		.loc 1 42 0
  39 0008 C000     		lsls	r0, r0, #3
  40              	.LVL2:
  41 000a 00F00800 		and	r0, r0, #8
  42 000e 0243     		orrs	r2, r2, r0
  43              	.LVL3:
  44 0010 1A70     		strb	r2, [r3]
  45 0012 7047     		bx	lr
  46              	.L3:
  47              		.align	2
  48              	.L2:
  49 0014 40510040 		.word	1073762624
  50              		.cfi_endproc
  51              	.LFE0:
  52              		.size	HEARTRATE_ANALOG_IN_Write, .-HEARTRATE_ANALOG_IN_Write
  53              		.section	.text.HEARTRATE_ANALOG_IN_SetDriveMode,"ax",%progbits
  54              		.align	2
  55              		.global	HEARTRATE_ANALOG_IN_SetDriveMode
  56              		.thumb
  57              		.thumb_func
  58              		.type	HEARTRATE_ANALOG_IN_SetDriveMode, %function
  59              	HEARTRATE_ANALOG_IN_SetDriveMode:
  60              	.LFB1:
  43:.\Generated_Source\PSoC5/HEARTRATE_ANALOG_IN.c **** }
  44:.\Generated_Source\PSoC5/HEARTRATE_ANALOG_IN.c **** 
  45:.\Generated_Source\PSoC5/HEARTRATE_ANALOG_IN.c **** 
  46:.\Generated_Source\PSoC5/HEARTRATE_ANALOG_IN.c **** /*******************************************************************************
  47:.\Generated_Source\PSoC5/HEARTRATE_ANALOG_IN.c **** * Function Name: HEARTRATE_ANALOG_IN_SetDriveMode
  48:.\Generated_Source\PSoC5/HEARTRATE_ANALOG_IN.c **** ********************************************************************************
  49:.\Generated_Source\PSoC5/HEARTRATE_ANALOG_IN.c **** *
  50:.\Generated_Source\PSoC5/HEARTRATE_ANALOG_IN.c **** * Summary:
  51:.\Generated_Source\PSoC5/HEARTRATE_ANALOG_IN.c **** *  Change the drive mode on the pins of the port.
  52:.\Generated_Source\PSoC5/HEARTRATE_ANALOG_IN.c **** * 
  53:.\Generated_Source\PSoC5/HEARTRATE_ANALOG_IN.c **** * Parameters:  
  54:.\Generated_Source\PSoC5/HEARTRATE_ANALOG_IN.c **** *  mode:  Change the pins to one of the following drive modes.
ARM GAS  C:\Users\JohnP\AppData\Local\Temp\ccIP00Gp.s 			page 3


  55:.\Generated_Source\PSoC5/HEARTRATE_ANALOG_IN.c **** *
  56:.\Generated_Source\PSoC5/HEARTRATE_ANALOG_IN.c **** *  HEARTRATE_ANALOG_IN_DM_STRONG     Strong Drive 
  57:.\Generated_Source\PSoC5/HEARTRATE_ANALOG_IN.c **** *  HEARTRATE_ANALOG_IN_DM_OD_HI      Open Drain, Drives High 
  58:.\Generated_Source\PSoC5/HEARTRATE_ANALOG_IN.c **** *  HEARTRATE_ANALOG_IN_DM_OD_LO      Open Drain, Drives Low 
  59:.\Generated_Source\PSoC5/HEARTRATE_ANALOG_IN.c **** *  HEARTRATE_ANALOG_IN_DM_RES_UP     Resistive Pull Up 
  60:.\Generated_Source\PSoC5/HEARTRATE_ANALOG_IN.c **** *  HEARTRATE_ANALOG_IN_DM_RES_DWN    Resistive Pull Down 
  61:.\Generated_Source\PSoC5/HEARTRATE_ANALOG_IN.c **** *  HEARTRATE_ANALOG_IN_DM_RES_UPDWN  Resistive Pull Up/Down 
  62:.\Generated_Source\PSoC5/HEARTRATE_ANALOG_IN.c **** *  HEARTRATE_ANALOG_IN_DM_DIG_HIZ    High Impedance Digital 
  63:.\Generated_Source\PSoC5/HEARTRATE_ANALOG_IN.c **** *  HEARTRATE_ANALOG_IN_DM_ALG_HIZ    High Impedance Analog 
  64:.\Generated_Source\PSoC5/HEARTRATE_ANALOG_IN.c **** *
  65:.\Generated_Source\PSoC5/HEARTRATE_ANALOG_IN.c **** * Return: 
  66:.\Generated_Source\PSoC5/HEARTRATE_ANALOG_IN.c **** *  None
  67:.\Generated_Source\PSoC5/HEARTRATE_ANALOG_IN.c **** *
  68:.\Generated_Source\PSoC5/HEARTRATE_ANALOG_IN.c **** *******************************************************************************/
  69:.\Generated_Source\PSoC5/HEARTRATE_ANALOG_IN.c **** void HEARTRATE_ANALOG_IN_SetDriveMode(uint8 mode) 
  70:.\Generated_Source\PSoC5/HEARTRATE_ANALOG_IN.c **** {
  61              		.loc 1 70 0
  62              		.cfi_startproc
  63              		@ args = 0, pretend = 0, frame = 0
  64              		@ frame_needed = 0, uses_anonymous_args = 0
  65              		@ link register save eliminated.
  66              	.LVL4:
  71:.\Generated_Source\PSoC5/HEARTRATE_ANALOG_IN.c **** 	CyPins_SetPinDriveMode(HEARTRATE_ANALOG_IN_0, mode);
  67              		.loc 1 71 0
  68 0000 044B     		ldr	r3, .L5
  69 0002 1A78     		ldrb	r2, [r3]	@ zero_extendqisi2
  70 0004 02F0F102 		and	r2, r2, #241
  71 0008 00F00E00 		and	r0, r0, #14
  72              	.LVL5:
  73 000c 0243     		orrs	r2, r2, r0
  74 000e 1A70     		strb	r2, [r3]
  75 0010 7047     		bx	lr
  76              	.L6:
  77 0012 00BF     		.align	2
  78              	.L5:
  79 0014 23500040 		.word	1073762339
  80              		.cfi_endproc
  81              	.LFE1:
  82              		.size	HEARTRATE_ANALOG_IN_SetDriveMode, .-HEARTRATE_ANALOG_IN_SetDriveMode
  83              		.section	.text.HEARTRATE_ANALOG_IN_Read,"ax",%progbits
  84              		.align	2
  85              		.global	HEARTRATE_ANALOG_IN_Read
  86              		.thumb
  87              		.thumb_func
  88              		.type	HEARTRATE_ANALOG_IN_Read, %function
  89              	HEARTRATE_ANALOG_IN_Read:
  90              	.LFB2:
  72:.\Generated_Source\PSoC5/HEARTRATE_ANALOG_IN.c **** }
  73:.\Generated_Source\PSoC5/HEARTRATE_ANALOG_IN.c **** 
  74:.\Generated_Source\PSoC5/HEARTRATE_ANALOG_IN.c **** 
  75:.\Generated_Source\PSoC5/HEARTRATE_ANALOG_IN.c **** /*******************************************************************************
  76:.\Generated_Source\PSoC5/HEARTRATE_ANALOG_IN.c **** * Function Name: HEARTRATE_ANALOG_IN_Read
  77:.\Generated_Source\PSoC5/HEARTRATE_ANALOG_IN.c **** ********************************************************************************
  78:.\Generated_Source\PSoC5/HEARTRATE_ANALOG_IN.c **** *
  79:.\Generated_Source\PSoC5/HEARTRATE_ANALOG_IN.c **** * Summary:
  80:.\Generated_Source\PSoC5/HEARTRATE_ANALOG_IN.c **** *  Read the current value on the pins of the Digital Port in right justified 
  81:.\Generated_Source\PSoC5/HEARTRATE_ANALOG_IN.c **** *  form.
ARM GAS  C:\Users\JohnP\AppData\Local\Temp\ccIP00Gp.s 			page 4


  82:.\Generated_Source\PSoC5/HEARTRATE_ANALOG_IN.c **** *
  83:.\Generated_Source\PSoC5/HEARTRATE_ANALOG_IN.c **** * Parameters:  
  84:.\Generated_Source\PSoC5/HEARTRATE_ANALOG_IN.c **** *  None
  85:.\Generated_Source\PSoC5/HEARTRATE_ANALOG_IN.c **** *
  86:.\Generated_Source\PSoC5/HEARTRATE_ANALOG_IN.c **** * Return: 
  87:.\Generated_Source\PSoC5/HEARTRATE_ANALOG_IN.c **** *  Returns the current value of the Digital Port as a right justified number
  88:.\Generated_Source\PSoC5/HEARTRATE_ANALOG_IN.c **** *  
  89:.\Generated_Source\PSoC5/HEARTRATE_ANALOG_IN.c **** * Note:
  90:.\Generated_Source\PSoC5/HEARTRATE_ANALOG_IN.c **** *  Macro HEARTRATE_ANALOG_IN_ReadPS calls this function. 
  91:.\Generated_Source\PSoC5/HEARTRATE_ANALOG_IN.c **** *  
  92:.\Generated_Source\PSoC5/HEARTRATE_ANALOG_IN.c **** *******************************************************************************/
  93:.\Generated_Source\PSoC5/HEARTRATE_ANALOG_IN.c **** uint8 HEARTRATE_ANALOG_IN_Read(void) 
  94:.\Generated_Source\PSoC5/HEARTRATE_ANALOG_IN.c **** {
  91              		.loc 1 94 0
  92              		.cfi_startproc
  93              		@ args = 0, pretend = 0, frame = 0
  94              		@ frame_needed = 0, uses_anonymous_args = 0
  95              		@ link register save eliminated.
  95:.\Generated_Source\PSoC5/HEARTRATE_ANALOG_IN.c ****     return (HEARTRATE_ANALOG_IN_PS & HEARTRATE_ANALOG_IN_MASK) >> HEARTRATE_ANALOG_IN_SHIFT;
  96              		.loc 1 95 0
  97 0000 024B     		ldr	r3, .L8
  98 0002 1878     		ldrb	r0, [r3]	@ zero_extendqisi2
  96:.\Generated_Source\PSoC5/HEARTRATE_ANALOG_IN.c **** }
  99              		.loc 1 96 0
 100 0004 C0F3C000 		ubfx	r0, r0, #3, #1
 101 0008 7047     		bx	lr
 102              	.L9:
 103 000a 00BF     		.align	2
 104              	.L8:
 105 000c 41510040 		.word	1073762625
 106              		.cfi_endproc
 107              	.LFE2:
 108              		.size	HEARTRATE_ANALOG_IN_Read, .-HEARTRATE_ANALOG_IN_Read
 109              		.section	.text.HEARTRATE_ANALOG_IN_ReadDataReg,"ax",%progbits
 110              		.align	2
 111              		.global	HEARTRATE_ANALOG_IN_ReadDataReg
 112              		.thumb
 113              		.thumb_func
 114              		.type	HEARTRATE_ANALOG_IN_ReadDataReg, %function
 115              	HEARTRATE_ANALOG_IN_ReadDataReg:
 116              	.LFB3:
  97:.\Generated_Source\PSoC5/HEARTRATE_ANALOG_IN.c **** 
  98:.\Generated_Source\PSoC5/HEARTRATE_ANALOG_IN.c **** 
  99:.\Generated_Source\PSoC5/HEARTRATE_ANALOG_IN.c **** /*******************************************************************************
 100:.\Generated_Source\PSoC5/HEARTRATE_ANALOG_IN.c **** * Function Name: HEARTRATE_ANALOG_IN_ReadDataReg
 101:.\Generated_Source\PSoC5/HEARTRATE_ANALOG_IN.c **** ********************************************************************************
 102:.\Generated_Source\PSoC5/HEARTRATE_ANALOG_IN.c **** *
 103:.\Generated_Source\PSoC5/HEARTRATE_ANALOG_IN.c **** * Summary:
 104:.\Generated_Source\PSoC5/HEARTRATE_ANALOG_IN.c **** *  Read the current value assigned to a Digital Port's data output register
 105:.\Generated_Source\PSoC5/HEARTRATE_ANALOG_IN.c **** *
 106:.\Generated_Source\PSoC5/HEARTRATE_ANALOG_IN.c **** * Parameters:  
 107:.\Generated_Source\PSoC5/HEARTRATE_ANALOG_IN.c **** *  None 
 108:.\Generated_Source\PSoC5/HEARTRATE_ANALOG_IN.c **** *
 109:.\Generated_Source\PSoC5/HEARTRATE_ANALOG_IN.c **** * Return: 
 110:.\Generated_Source\PSoC5/HEARTRATE_ANALOG_IN.c **** *  Returns the current value assigned to the Digital Port's data output register
 111:.\Generated_Source\PSoC5/HEARTRATE_ANALOG_IN.c **** *  
 112:.\Generated_Source\PSoC5/HEARTRATE_ANALOG_IN.c **** *******************************************************************************/
ARM GAS  C:\Users\JohnP\AppData\Local\Temp\ccIP00Gp.s 			page 5


 113:.\Generated_Source\PSoC5/HEARTRATE_ANALOG_IN.c **** uint8 HEARTRATE_ANALOG_IN_ReadDataReg(void) 
 114:.\Generated_Source\PSoC5/HEARTRATE_ANALOG_IN.c **** {
 117              		.loc 1 114 0
 118              		.cfi_startproc
 119              		@ args = 0, pretend = 0, frame = 0
 120              		@ frame_needed = 0, uses_anonymous_args = 0
 121              		@ link register save eliminated.
 115:.\Generated_Source\PSoC5/HEARTRATE_ANALOG_IN.c ****     return (HEARTRATE_ANALOG_IN_DR & HEARTRATE_ANALOG_IN_MASK) >> HEARTRATE_ANALOG_IN_SHIFT;
 122              		.loc 1 115 0
 123 0000 024B     		ldr	r3, .L11
 124 0002 1878     		ldrb	r0, [r3]	@ zero_extendqisi2
 116:.\Generated_Source\PSoC5/HEARTRATE_ANALOG_IN.c **** }
 125              		.loc 1 116 0
 126 0004 C0F3C000 		ubfx	r0, r0, #3, #1
 127 0008 7047     		bx	lr
 128              	.L12:
 129 000a 00BF     		.align	2
 130              	.L11:
 131 000c 40510040 		.word	1073762624
 132              		.cfi_endproc
 133              	.LFE3:
 134              		.size	HEARTRATE_ANALOG_IN_ReadDataReg, .-HEARTRATE_ANALOG_IN_ReadDataReg
 135              		.text
 136              	.Letext0:
 137              		.file 2 ".\\Generated_Source\\PSoC5\\cytypes.h"
 138              		.section	.debug_info,"",%progbits
 139              	.Ldebug_info0:
 140 0000 1C010000 		.4byte	0x11c
 141 0004 0400     		.2byte	0x4
 142 0006 00000000 		.4byte	.Ldebug_abbrev0
 143 000a 04       		.byte	0x4
 144 000b 01       		.uleb128 0x1
 145 000c E7000000 		.4byte	.LASF20
 146 0010 01       		.byte	0x1
 147 0011 B8000000 		.4byte	.LASF21
 148 0015 D6010000 		.4byte	.LASF22
 149 0019 00000000 		.4byte	.Ldebug_ranges0+0
 150 001d 00000000 		.4byte	0
 151 0021 00000000 		.4byte	.Ldebug_line0
 152 0025 02       		.uleb128 0x2
 153 0026 01       		.byte	0x1
 154 0027 06       		.byte	0x6
 155 0028 CA010000 		.4byte	.LASF0
 156 002c 02       		.uleb128 0x2
 157 002d 01       		.byte	0x1
 158 002e 08       		.byte	0x8
 159 002f 30000000 		.4byte	.LASF1
 160 0033 02       		.uleb128 0x2
 161 0034 02       		.byte	0x2
 162 0035 05       		.byte	0x5
 163 0036 97010000 		.4byte	.LASF2
 164 003a 02       		.uleb128 0x2
 165 003b 02       		.byte	0x2
 166 003c 07       		.byte	0x7
 167 003d 55000000 		.4byte	.LASF3
 168 0041 02       		.uleb128 0x2
 169 0042 04       		.byte	0x4
ARM GAS  C:\Users\JohnP\AppData\Local\Temp\ccIP00Gp.s 			page 6


 170 0043 05       		.byte	0x5
 171 0044 A7010000 		.4byte	.LASF4
 172 0048 02       		.uleb128 0x2
 173 0049 04       		.byte	0x4
 174 004a 07       		.byte	0x7
 175 004b 43000000 		.4byte	.LASF5
 176 004f 02       		.uleb128 0x2
 177 0050 08       		.byte	0x8
 178 0051 05       		.byte	0x5
 179 0052 63010000 		.4byte	.LASF6
 180 0056 02       		.uleb128 0x2
 181 0057 08       		.byte	0x8
 182 0058 07       		.byte	0x7
 183 0059 9C000000 		.4byte	.LASF7
 184 005d 03       		.uleb128 0x3
 185 005e 04       		.byte	0x4
 186 005f 05       		.byte	0x5
 187 0060 696E7400 		.ascii	"int\000"
 188 0064 02       		.uleb128 0x2
 189 0065 04       		.byte	0x4
 190 0066 07       		.byte	0x7
 191 0067 8F000000 		.4byte	.LASF8
 192 006b 04       		.uleb128 0x4
 193 006c A1010000 		.4byte	.LASF12
 194 0070 02       		.byte	0x2
 195 0071 B4       		.byte	0xb4
 196 0072 2C000000 		.4byte	0x2c
 197 0076 02       		.uleb128 0x2
 198 0077 04       		.byte	0x4
 199 0078 04       		.byte	0x4
 200 0079 2A000000 		.4byte	.LASF9
 201 007d 02       		.uleb128 0x2
 202 007e 08       		.byte	0x8
 203 007f 04       		.byte	0x4
 204 0080 68000000 		.4byte	.LASF10
 205 0084 02       		.uleb128 0x2
 206 0085 01       		.byte	0x1
 207 0086 08       		.byte	0x8
 208 0087 92010000 		.4byte	.LASF11
 209 008b 05       		.uleb128 0x5
 210 008c 3E000000 		.4byte	.LASF13
 211 0090 02       		.byte	0x2
 212 0091 5E01     		.2byte	0x15e
 213 0093 97000000 		.4byte	0x97
 214 0097 06       		.uleb128 0x6
 215 0098 6B000000 		.4byte	0x6b
 216 009c 07       		.uleb128 0x7
 217 009d B0010000 		.4byte	.LASF14
 218 00a1 01       		.byte	0x1
 219 00a2 27       		.byte	0x27
 220 00a3 00000000 		.4byte	.LFB0
 221 00a7 18000000 		.4byte	.LFE0-.LFB0
 222 00ab 01       		.uleb128 0x1
 223 00ac 9C       		.byte	0x9c
 224 00ad D0000000 		.4byte	0xd0
 225 00b1 08       		.uleb128 0x8
 226 00b2 00000000 		.4byte	.LASF16
ARM GAS  C:\Users\JohnP\AppData\Local\Temp\ccIP00Gp.s 			page 7


 227 00b6 01       		.byte	0x1
 228 00b7 27       		.byte	0x27
 229 00b8 6B000000 		.4byte	0x6b
 230 00bc 00000000 		.4byte	.LLST0
 231 00c0 09       		.uleb128 0x9
 232 00c1 06000000 		.4byte	.LASF23
 233 00c5 01       		.byte	0x1
 234 00c6 29       		.byte	0x29
 235 00c7 6B000000 		.4byte	0x6b
 236 00cb 21000000 		.4byte	.LLST1
 237 00cf 00       		.byte	0
 238 00d0 07       		.uleb128 0x7
 239 00d1 71010000 		.4byte	.LASF15
 240 00d5 01       		.byte	0x1
 241 00d6 45       		.byte	0x45
 242 00d7 00000000 		.4byte	.LFB1
 243 00db 18000000 		.4byte	.LFE1-.LFB1
 244 00df 01       		.uleb128 0x1
 245 00e0 9C       		.byte	0x9c
 246 00e1 F5000000 		.4byte	0xf5
 247 00e5 08       		.uleb128 0x8
 248 00e6 B3000000 		.4byte	.LASF17
 249 00ea 01       		.byte	0x1
 250 00eb 45       		.byte	0x45
 251 00ec 6B000000 		.4byte	0x6b
 252 00f0 34000000 		.4byte	.LLST2
 253 00f4 00       		.byte	0
 254 00f5 0A       		.uleb128 0xa
 255 00f6 11000000 		.4byte	.LASF18
 256 00fa 01       		.byte	0x1
 257 00fb 5D       		.byte	0x5d
 258 00fc 6B000000 		.4byte	0x6b
 259 0100 00000000 		.4byte	.LFB2
 260 0104 10000000 		.4byte	.LFE2-.LFB2
 261 0108 01       		.uleb128 0x1
 262 0109 9C       		.byte	0x9c
 263 010a 0A       		.uleb128 0xa
 264 010b 6F000000 		.4byte	.LASF19
 265 010f 01       		.byte	0x1
 266 0110 71       		.byte	0x71
 267 0111 6B000000 		.4byte	0x6b
 268 0115 00000000 		.4byte	.LFB3
 269 0119 10000000 		.4byte	.LFE3-.LFB3
 270 011d 01       		.uleb128 0x1
 271 011e 9C       		.byte	0x9c
 272 011f 00       		.byte	0
 273              		.section	.debug_abbrev,"",%progbits
 274              	.Ldebug_abbrev0:
 275 0000 01       		.uleb128 0x1
 276 0001 11       		.uleb128 0x11
 277 0002 01       		.byte	0x1
 278 0003 25       		.uleb128 0x25
 279 0004 0E       		.uleb128 0xe
 280 0005 13       		.uleb128 0x13
 281 0006 0B       		.uleb128 0xb
 282 0007 03       		.uleb128 0x3
 283 0008 0E       		.uleb128 0xe
ARM GAS  C:\Users\JohnP\AppData\Local\Temp\ccIP00Gp.s 			page 8


 284 0009 1B       		.uleb128 0x1b
 285 000a 0E       		.uleb128 0xe
 286 000b 55       		.uleb128 0x55
 287 000c 17       		.uleb128 0x17
 288 000d 11       		.uleb128 0x11
 289 000e 01       		.uleb128 0x1
 290 000f 10       		.uleb128 0x10
 291 0010 17       		.uleb128 0x17
 292 0011 00       		.byte	0
 293 0012 00       		.byte	0
 294 0013 02       		.uleb128 0x2
 295 0014 24       		.uleb128 0x24
 296 0015 00       		.byte	0
 297 0016 0B       		.uleb128 0xb
 298 0017 0B       		.uleb128 0xb
 299 0018 3E       		.uleb128 0x3e
 300 0019 0B       		.uleb128 0xb
 301 001a 03       		.uleb128 0x3
 302 001b 0E       		.uleb128 0xe
 303 001c 00       		.byte	0
 304 001d 00       		.byte	0
 305 001e 03       		.uleb128 0x3
 306 001f 24       		.uleb128 0x24
 307 0020 00       		.byte	0
 308 0021 0B       		.uleb128 0xb
 309 0022 0B       		.uleb128 0xb
 310 0023 3E       		.uleb128 0x3e
 311 0024 0B       		.uleb128 0xb
 312 0025 03       		.uleb128 0x3
 313 0026 08       		.uleb128 0x8
 314 0027 00       		.byte	0
 315 0028 00       		.byte	0
 316 0029 04       		.uleb128 0x4
 317 002a 16       		.uleb128 0x16
 318 002b 00       		.byte	0
 319 002c 03       		.uleb128 0x3
 320 002d 0E       		.uleb128 0xe
 321 002e 3A       		.uleb128 0x3a
 322 002f 0B       		.uleb128 0xb
 323 0030 3B       		.uleb128 0x3b
 324 0031 0B       		.uleb128 0xb
 325 0032 49       		.uleb128 0x49
 326 0033 13       		.uleb128 0x13
 327 0034 00       		.byte	0
 328 0035 00       		.byte	0
 329 0036 05       		.uleb128 0x5
 330 0037 16       		.uleb128 0x16
 331 0038 00       		.byte	0
 332 0039 03       		.uleb128 0x3
 333 003a 0E       		.uleb128 0xe
 334 003b 3A       		.uleb128 0x3a
 335 003c 0B       		.uleb128 0xb
 336 003d 3B       		.uleb128 0x3b
 337 003e 05       		.uleb128 0x5
 338 003f 49       		.uleb128 0x49
 339 0040 13       		.uleb128 0x13
 340 0041 00       		.byte	0
ARM GAS  C:\Users\JohnP\AppData\Local\Temp\ccIP00Gp.s 			page 9


 341 0042 00       		.byte	0
 342 0043 06       		.uleb128 0x6
 343 0044 35       		.uleb128 0x35
 344 0045 00       		.byte	0
 345 0046 49       		.uleb128 0x49
 346 0047 13       		.uleb128 0x13
 347 0048 00       		.byte	0
 348 0049 00       		.byte	0
 349 004a 07       		.uleb128 0x7
 350 004b 2E       		.uleb128 0x2e
 351 004c 01       		.byte	0x1
 352 004d 3F       		.uleb128 0x3f
 353 004e 19       		.uleb128 0x19
 354 004f 03       		.uleb128 0x3
 355 0050 0E       		.uleb128 0xe
 356 0051 3A       		.uleb128 0x3a
 357 0052 0B       		.uleb128 0xb
 358 0053 3B       		.uleb128 0x3b
 359 0054 0B       		.uleb128 0xb
 360 0055 27       		.uleb128 0x27
 361 0056 19       		.uleb128 0x19
 362 0057 11       		.uleb128 0x11
 363 0058 01       		.uleb128 0x1
 364 0059 12       		.uleb128 0x12
 365 005a 06       		.uleb128 0x6
 366 005b 40       		.uleb128 0x40
 367 005c 18       		.uleb128 0x18
 368 005d 9742     		.uleb128 0x2117
 369 005f 19       		.uleb128 0x19
 370 0060 01       		.uleb128 0x1
 371 0061 13       		.uleb128 0x13
 372 0062 00       		.byte	0
 373 0063 00       		.byte	0
 374 0064 08       		.uleb128 0x8
 375 0065 05       		.uleb128 0x5
 376 0066 00       		.byte	0
 377 0067 03       		.uleb128 0x3
 378 0068 0E       		.uleb128 0xe
 379 0069 3A       		.uleb128 0x3a
 380 006a 0B       		.uleb128 0xb
 381 006b 3B       		.uleb128 0x3b
 382 006c 0B       		.uleb128 0xb
 383 006d 49       		.uleb128 0x49
 384 006e 13       		.uleb128 0x13
 385 006f 02       		.uleb128 0x2
 386 0070 17       		.uleb128 0x17
 387 0071 00       		.byte	0
 388 0072 00       		.byte	0
 389 0073 09       		.uleb128 0x9
 390 0074 34       		.uleb128 0x34
 391 0075 00       		.byte	0
 392 0076 03       		.uleb128 0x3
 393 0077 0E       		.uleb128 0xe
 394 0078 3A       		.uleb128 0x3a
 395 0079 0B       		.uleb128 0xb
 396 007a 3B       		.uleb128 0x3b
 397 007b 0B       		.uleb128 0xb
ARM GAS  C:\Users\JohnP\AppData\Local\Temp\ccIP00Gp.s 			page 10


 398 007c 49       		.uleb128 0x49
 399 007d 13       		.uleb128 0x13
 400 007e 02       		.uleb128 0x2
 401 007f 17       		.uleb128 0x17
 402 0080 00       		.byte	0
 403 0081 00       		.byte	0
 404 0082 0A       		.uleb128 0xa
 405 0083 2E       		.uleb128 0x2e
 406 0084 00       		.byte	0
 407 0085 3F       		.uleb128 0x3f
 408 0086 19       		.uleb128 0x19
 409 0087 03       		.uleb128 0x3
 410 0088 0E       		.uleb128 0xe
 411 0089 3A       		.uleb128 0x3a
 412 008a 0B       		.uleb128 0xb
 413 008b 3B       		.uleb128 0x3b
 414 008c 0B       		.uleb128 0xb
 415 008d 27       		.uleb128 0x27
 416 008e 19       		.uleb128 0x19
 417 008f 49       		.uleb128 0x49
 418 0090 13       		.uleb128 0x13
 419 0091 11       		.uleb128 0x11
 420 0092 01       		.uleb128 0x1
 421 0093 12       		.uleb128 0x12
 422 0094 06       		.uleb128 0x6
 423 0095 40       		.uleb128 0x40
 424 0096 18       		.uleb128 0x18
 425 0097 9742     		.uleb128 0x2117
 426 0099 19       		.uleb128 0x19
 427 009a 00       		.byte	0
 428 009b 00       		.byte	0
 429 009c 00       		.byte	0
 430              		.section	.debug_loc,"",%progbits
 431              	.Ldebug_loc0:
 432              	.LLST0:
 433 0000 00000000 		.4byte	.LVL0
 434 0004 0A000000 		.4byte	.LVL2
 435 0008 0100     		.2byte	0x1
 436 000a 50       		.byte	0x50
 437 000b 0A000000 		.4byte	.LVL2
 438 000f 18000000 		.4byte	.LFE0
 439 0013 0400     		.2byte	0x4
 440 0015 F3       		.byte	0xf3
 441 0016 01       		.uleb128 0x1
 442 0017 50       		.byte	0x50
 443 0018 9F       		.byte	0x9f
 444 0019 00000000 		.4byte	0
 445 001d 00000000 		.4byte	0
 446              	.LLST1:
 447 0021 08000000 		.4byte	.LVL1
 448 0025 10000000 		.4byte	.LVL3
 449 0029 0100     		.2byte	0x1
 450 002b 52       		.byte	0x52
 451 002c 00000000 		.4byte	0
 452 0030 00000000 		.4byte	0
 453              	.LLST2:
 454 0034 00000000 		.4byte	.LVL4
ARM GAS  C:\Users\JohnP\AppData\Local\Temp\ccIP00Gp.s 			page 11


 455 0038 0C000000 		.4byte	.LVL5
 456 003c 0100     		.2byte	0x1
 457 003e 50       		.byte	0x50
 458 003f 0C000000 		.4byte	.LVL5
 459 0043 18000000 		.4byte	.LFE1
 460 0047 0400     		.2byte	0x4
 461 0049 F3       		.byte	0xf3
 462 004a 01       		.uleb128 0x1
 463 004b 50       		.byte	0x50
 464 004c 9F       		.byte	0x9f
 465 004d 00000000 		.4byte	0
 466 0051 00000000 		.4byte	0
 467              		.section	.debug_aranges,"",%progbits
 468 0000 34000000 		.4byte	0x34
 469 0004 0200     		.2byte	0x2
 470 0006 00000000 		.4byte	.Ldebug_info0
 471 000a 04       		.byte	0x4
 472 000b 00       		.byte	0
 473 000c 0000     		.2byte	0
 474 000e 0000     		.2byte	0
 475 0010 00000000 		.4byte	.LFB0
 476 0014 18000000 		.4byte	.LFE0-.LFB0
 477 0018 00000000 		.4byte	.LFB1
 478 001c 18000000 		.4byte	.LFE1-.LFB1
 479 0020 00000000 		.4byte	.LFB2
 480 0024 10000000 		.4byte	.LFE2-.LFB2
 481 0028 00000000 		.4byte	.LFB3
 482 002c 10000000 		.4byte	.LFE3-.LFB3
 483 0030 00000000 		.4byte	0
 484 0034 00000000 		.4byte	0
 485              		.section	.debug_ranges,"",%progbits
 486              	.Ldebug_ranges0:
 487 0000 00000000 		.4byte	.LFB0
 488 0004 18000000 		.4byte	.LFE0
 489 0008 00000000 		.4byte	.LFB1
 490 000c 18000000 		.4byte	.LFE1
 491 0010 00000000 		.4byte	.LFB2
 492 0014 10000000 		.4byte	.LFE2
 493 0018 00000000 		.4byte	.LFB3
 494 001c 10000000 		.4byte	.LFE3
 495 0020 00000000 		.4byte	0
 496 0024 00000000 		.4byte	0
 497              		.section	.debug_line,"",%progbits
 498              	.Ldebug_line0:
 499 0000 9E000000 		.section	.debug_str,"MS",%progbits,1
 499      02005200 
 499      00000201 
 499      FB0E0D00 
 499      01010101 
 500              	.LASF16:
 501 0000 76616C75 		.ascii	"value\000"
 501      6500
 502              	.LASF23:
 503 0006 73746174 		.ascii	"staticBits\000"
 503      69634269 
 503      747300
 504              	.LASF18:
ARM GAS  C:\Users\JohnP\AppData\Local\Temp\ccIP00Gp.s 			page 12


 505 0011 48454152 		.ascii	"HEARTRATE_ANALOG_IN_Read\000"
 505      54524154 
 505      455F414E 
 505      414C4F47 
 505      5F494E5F 
 506              	.LASF9:
 507 002a 666C6F61 		.ascii	"float\000"
 507      7400
 508              	.LASF1:
 509 0030 756E7369 		.ascii	"unsigned char\000"
 509      676E6564 
 509      20636861 
 509      7200
 510              	.LASF13:
 511 003e 72656738 		.ascii	"reg8\000"
 511      00
 512              	.LASF5:
 513 0043 6C6F6E67 		.ascii	"long unsigned int\000"
 513      20756E73 
 513      69676E65 
 513      6420696E 
 513      7400
 514              	.LASF3:
 515 0055 73686F72 		.ascii	"short unsigned int\000"
 515      7420756E 
 515      7369676E 
 515      65642069 
 515      6E7400
 516              	.LASF10:
 517 0068 646F7562 		.ascii	"double\000"
 517      6C6500
 518              	.LASF19:
 519 006f 48454152 		.ascii	"HEARTRATE_ANALOG_IN_ReadDataReg\000"
 519      54524154 
 519      455F414E 
 519      414C4F47 
 519      5F494E5F 
 520              	.LASF8:
 521 008f 756E7369 		.ascii	"unsigned int\000"
 521      676E6564 
 521      20696E74 
 521      00
 522              	.LASF7:
 523 009c 6C6F6E67 		.ascii	"long long unsigned int\000"
 523      206C6F6E 
 523      6720756E 
 523      7369676E 
 523      65642069 
 524              	.LASF17:
 525 00b3 6D6F6465 		.ascii	"mode\000"
 525      00
 526              	.LASF21:
 527 00b8 2E5C4765 		.ascii	".\\Generated_Source\\PSoC5\\HEARTRATE_ANALOG_IN.c\000"
 527      6E657261 
 527      7465645F 
 527      536F7572 
 527      63655C50 
ARM GAS  C:\Users\JohnP\AppData\Local\Temp\ccIP00Gp.s 			page 13


 528              	.LASF20:
 529 00e7 474E5520 		.ascii	"GNU C 4.8.4 20140526 (release) [ARM/embedded-4_8-br"
 529      4320342E 
 529      382E3420 
 529      32303134 
 529      30353236 
 530 011a 616E6368 		.ascii	"anch revision 211358] -mcpu=cortex-m3 -mthumb -g -O"
 530      20726576 
 530      6973696F 
 530      6E203231 
 530      31333538 
 531 014d 67202D66 		.ascii	"g -ffunction-sections\000"
 531      66756E63 
 531      74696F6E 
 531      2D736563 
 531      74696F6E 
 532              	.LASF6:
 533 0163 6C6F6E67 		.ascii	"long long int\000"
 533      206C6F6E 
 533      6720696E 
 533      7400
 534              	.LASF15:
 535 0171 48454152 		.ascii	"HEARTRATE_ANALOG_IN_SetDriveMode\000"
 535      54524154 
 535      455F414E 
 535      414C4F47 
 535      5F494E5F 
 536              	.LASF11:
 537 0192 63686172 		.ascii	"char\000"
 537      00
 538              	.LASF2:
 539 0197 73686F72 		.ascii	"short int\000"
 539      7420696E 
 539      7400
 540              	.LASF12:
 541 01a1 75696E74 		.ascii	"uint8\000"
 541      3800
 542              	.LASF4:
 543 01a7 6C6F6E67 		.ascii	"long int\000"
 543      20696E74 
 543      00
 544              	.LASF14:
 545 01b0 48454152 		.ascii	"HEARTRATE_ANALOG_IN_Write\000"
 545      54524154 
 545      455F414E 
 545      414C4F47 
 545      5F494E5F 
 546              	.LASF0:
 547 01ca 7369676E 		.ascii	"signed char\000"
 547      65642063 
 547      68617200 
 548              	.LASF22:
 549 01d6 433A5C72 		.ascii	"C:\\repositories\\embedded\\trunk\\CE4920Project1\\"
 549      65706F73 
 549      69746F72 
 549      6965735C 
 549      656D6265 
ARM GAS  C:\Users\JohnP\AppData\Local\Temp\ccIP00Gp.s 			page 14


 550 0204 44657369 		.ascii	"Design01.cydsn\000"
 550      676E3031 
 550      2E637964 
 550      736E00
 551              		.ident	"GCC: (GNU Tools for ARM Embedded Processors) 4.8.4 20140526 (release) [ARM/embedded-4_8-br
