ARM GAS  C:\Users\JohnP\AppData\Local\Temp\ccDDlOGa.s 			page 1


   1              		.syntax unified
   2              		.cpu cortex-m3
   3              		.fpu softvfp
   4              		.eabi_attribute 20, 1
   5              		.eabi_attribute 21, 1
   6              		.eabi_attribute 23, 3
   7              		.eabi_attribute 24, 1
   8              		.eabi_attribute 25, 1
   9              		.eabi_attribute 26, 1
  10              		.eabi_attribute 30, 1
  11              		.eabi_attribute 34, 1
  12              		.eabi_attribute 18, 4
  13              		.thumb
  14              		.file	"motor.c"
  15              		.text
  16              	.Ltext0:
  17              		.cfi_sections	.debug_frame
  18              		.section	.text.Move_motor,"ax",%progbits
  19              		.align	2
  20              		.global	Move_motor
  21              		.thumb
  22              		.thumb_func
  23              		.type	Move_motor, %function
  24              	Move_motor:
  25              	.LFB3:
  26              		.file 1 ".\\motor.c"
   1:.\motor.c     **** /* ========================================
   2:.\motor.c     ****  *
   3:.\motor.c     ****  * Copyright YOUR COMPANY, THE YEAR
   4:.\motor.c     ****  * All Rights Reserved
   5:.\motor.c     ****  * UNPUBLISHED, LICENSED SOFTWARE.
   6:.\motor.c     ****  *
   7:.\motor.c     ****  * CONFIDENTIAL AND PROPRIETARY INFORMATION
   8:.\motor.c     ****  * WHICH IS THE PROPERTY OF your company.
   9:.\motor.c     ****  *
  10:.\motor.c     ****  * ========================================
  11:.\motor.c     **** */
  12:.\motor.c     **** 
  13:.\motor.c     **** #include "motor.h"
  14:.\motor.c     **** 
  15:.\motor.c     **** void Start_motor(){
  16:.\motor.c     ****     PWM_Start();
  17:.\motor.c     ****     Move_motor(100);
  18:.\motor.c     **** }
  19:.\motor.c     **** 
  20:.\motor.c     **** void Motor_rampUp(int topSpeed){
  21:.\motor.c     ****     int i;
  22:.\motor.c     ****     if (speed < topSpeed){
  23:.\motor.c     ****         for(i=speed; i<topSpeed; i++){
  24:.\motor.c     ****             Move_motor(i);
  25:.\motor.c     ****             CyDelay(10);
  26:.\motor.c     ****         }
  27:.\motor.c     ****     } else {
  28:.\motor.c     ****         for(i=speed; i>topSpeed; i--){
  29:.\motor.c     ****             Move_motor(i);
  30:.\motor.c     ****             CyDelay(10);
  31:.\motor.c     ****         }   
ARM GAS  C:\Users\JohnP\AppData\Local\Temp\ccDDlOGa.s 			page 2


  32:.\motor.c     ****     }
  33:.\motor.c     **** }
  34:.\motor.c     **** 
  35:.\motor.c     **** /*
  36:.\motor.c     ****     stops motor over 2 seconds
  37:.\motor.c     **** */
  38:.\motor.c     **** void Motor_stop(){    
  39:.\motor.c     ****     int delay = 100;        // 100ms delay between each decrement
  40:.\motor.c     ****     int time = 2000;        // 2 seconds total motor stop time
  41:.\motor.c     ****     int decrementer = speed/(time/delay);
  42:.\motor.c     ****     int i;
  43:.\motor.c     ****     for (i=speed; i>0; (i-=decrementer)){
  44:.\motor.c     ****         Move_motor(i);
  45:.\motor.c     ****         CyDelay(delay);
  46:.\motor.c     ****     }
  47:.\motor.c     ****     Move_motor(0);          // just to ensure it's stopped
  48:.\motor.c     ****     LCD_Position(1,0);
  49:.\motor.c     **** }
  50:.\motor.c     **** 
  51:.\motor.c     **** void Move_motor(int motorSpeed){
  27              		.loc 1 51 0
  28              		.cfi_startproc
  29              		@ args = 0, pretend = 0, frame = 0
  30              		@ frame_needed = 0, uses_anonymous_args = 0
  31              	.LVL0:
  32 0000 08B5     		push	{r3, lr}
  33              		.cfi_def_cfa_offset 8
  34              		.cfi_offset 3, -8
  35              		.cfi_offset 14, -4
  52:.\motor.c     ****     speed = motorSpeed;
  36              		.loc 1 52 0
  37 0002 034B     		ldr	r3, .L2
  38 0004 1860     		str	r0, [r3]
  53:.\motor.c     ****     PWM_WriteCompare(motorSpeed);
  39              		.loc 1 53 0
  40 0006 80B2     		uxth	r0, r0
  41              	.LVL1:
  42 0008 FFF7FEFF 		bl	PWM_WriteCompare
  43              	.LVL2:
  44 000c 08BD     		pop	{r3, pc}
  45              	.L3:
  46 000e 00BF     		.align	2
  47              	.L2:
  48 0010 00000000 		.word	speed
  49              		.cfi_endproc
  50              	.LFE3:
  51              		.size	Move_motor, .-Move_motor
  52              		.section	.text.Start_motor,"ax",%progbits
  53              		.align	2
  54              		.global	Start_motor
  55              		.thumb
  56              		.thumb_func
  57              		.type	Start_motor, %function
  58              	Start_motor:
  59              	.LFB0:
  15:.\motor.c     **** void Start_motor(){
  60              		.loc 1 15 0
ARM GAS  C:\Users\JohnP\AppData\Local\Temp\ccDDlOGa.s 			page 3


  61              		.cfi_startproc
  62              		@ args = 0, pretend = 0, frame = 0
  63              		@ frame_needed = 0, uses_anonymous_args = 0
  64 0000 08B5     		push	{r3, lr}
  65              		.cfi_def_cfa_offset 8
  66              		.cfi_offset 3, -8
  67              		.cfi_offset 14, -4
  16:.\motor.c     ****     PWM_Start();
  68              		.loc 1 16 0
  69 0002 FFF7FEFF 		bl	PWM_Start
  70              	.LVL3:
  17:.\motor.c     ****     Move_motor(100);
  71              		.loc 1 17 0
  72 0006 6420     		movs	r0, #100
  73 0008 FFF7FEFF 		bl	Move_motor
  74              	.LVL4:
  75 000c 08BD     		pop	{r3, pc}
  76              		.cfi_endproc
  77              	.LFE0:
  78              		.size	Start_motor, .-Start_motor
  79 000e 00BF     		.section	.text.Motor_rampUp,"ax",%progbits
  80              		.align	2
  81              		.global	Motor_rampUp
  82              		.thumb
  83              		.thumb_func
  84              		.type	Motor_rampUp, %function
  85              	Motor_rampUp:
  86              	.LFB1:
  20:.\motor.c     **** void Motor_rampUp(int topSpeed){
  87              		.loc 1 20 0
  88              		.cfi_startproc
  89              		@ args = 0, pretend = 0, frame = 0
  90              		@ frame_needed = 0, uses_anonymous_args = 0
  91              	.LVL5:
  92 0000 70B5     		push	{r4, r5, r6, lr}
  93              		.cfi_def_cfa_offset 16
  94              		.cfi_offset 4, -16
  95              		.cfi_offset 5, -12
  96              		.cfi_offset 6, -8
  97              		.cfi_offset 14, -4
  98 0002 0546     		mov	r5, r0
  22:.\motor.c     ****     if (speed < topSpeed){
  99              		.loc 1 22 0
 100 0004 0E4B     		ldr	r3, .L14
 101 0006 1C68     		ldr	r4, [r3]
 102 0008 8442     		cmp	r4, r0
 103 000a 08DB     		blt	.L6
 104 000c 13E0     		b	.L11
 105              	.LVL6:
 106              	.L8:
  24:.\motor.c     ****             Move_motor(i);
 107              		.loc 1 24 0 discriminator 2
 108 000e 2046     		mov	r0, r4
 109 0010 FFF7FEFF 		bl	Move_motor
 110              	.LVL7:
  25:.\motor.c     ****             CyDelay(10);
 111              		.loc 1 25 0 discriminator 2
ARM GAS  C:\Users\JohnP\AppData\Local\Temp\ccDDlOGa.s 			page 4


 112 0014 3046     		mov	r0, r6
 113 0016 FFF7FEFF 		bl	CyDelay
 114              	.LVL8:
  23:.\motor.c     ****         for(i=speed; i<topSpeed; i++){
 115              		.loc 1 23 0 discriminator 2
 116 001a 0134     		adds	r4, r4, #1
 117              	.LVL9:
 118 001c 00E0     		b	.L12
 119              	.LVL10:
 120              	.L6:
  25:.\motor.c     ****             CyDelay(10);
 121              		.loc 1 25 0 discriminator 1
 122 001e 0A26     		movs	r6, #10
 123              	.LVL11:
 124              	.L12:
  23:.\motor.c     ****         for(i=speed; i<topSpeed; i++){
 125              		.loc 1 23 0 discriminator 1
 126 0020 AC42     		cmp	r4, r5
 127 0022 F4DB     		blt	.L8
 128 0024 70BD     		pop	{r4, r5, r6, pc}
 129              	.LVL12:
 130              	.L10:
  29:.\motor.c     ****             Move_motor(i);
 131              		.loc 1 29 0 discriminator 2
 132 0026 2046     		mov	r0, r4
 133 0028 FFF7FEFF 		bl	Move_motor
 134              	.LVL13:
  30:.\motor.c     ****             CyDelay(10);
 135              		.loc 1 30 0 discriminator 2
 136 002c 3046     		mov	r0, r6
 137 002e FFF7FEFF 		bl	CyDelay
 138              	.LVL14:
  28:.\motor.c     ****         for(i=speed; i>topSpeed; i--){
 139              		.loc 1 28 0 discriminator 2
 140 0032 013C     		subs	r4, r4, #1
 141              	.LVL15:
 142 0034 00E0     		b	.L13
 143              	.LVL16:
 144              	.L11:
  30:.\motor.c     ****             CyDelay(10);
 145              		.loc 1 30 0 discriminator 1
 146 0036 0A26     		movs	r6, #10
 147              	.LVL17:
 148              	.L13:
  28:.\motor.c     ****         for(i=speed; i>topSpeed; i--){
 149              		.loc 1 28 0 discriminator 1
 150 0038 AC42     		cmp	r4, r5
 151 003a F4DC     		bgt	.L10
 152 003c 70BD     		pop	{r4, r5, r6, pc}
 153              	.LVL18:
 154              	.L15:
 155 003e 00BF     		.align	2
 156              	.L14:
 157 0040 00000000 		.word	speed
 158              		.cfi_endproc
 159              	.LFE1:
 160              		.size	Motor_rampUp, .-Motor_rampUp
ARM GAS  C:\Users\JohnP\AppData\Local\Temp\ccDDlOGa.s 			page 5


 161              		.section	.text.Motor_stop,"ax",%progbits
 162              		.align	2
 163              		.global	Motor_stop
 164              		.thumb
 165              		.thumb_func
 166              		.type	Motor_stop, %function
 167              	Motor_stop:
 168              	.LFB2:
  38:.\motor.c     **** void Motor_stop(){    
 169              		.loc 1 38 0
 170              		.cfi_startproc
 171              		@ args = 0, pretend = 0, frame = 0
 172              		@ frame_needed = 0, uses_anonymous_args = 0
 173 0000 70B5     		push	{r4, r5, r6, lr}
 174              		.cfi_def_cfa_offset 16
 175              		.cfi_offset 4, -16
 176              		.cfi_offset 5, -12
 177              		.cfi_offset 6, -8
 178              		.cfi_offset 14, -4
 179              	.LVL19:
  41:.\motor.c     ****     int decrementer = speed/(time/delay);
 180              		.loc 1 41 0
 181 0002 0D4B     		ldr	r3, .L19
 182 0004 1C68     		ldr	r4, [r3]
 183 0006 0D4E     		ldr	r6, .L19+4
 184 0008 86FB0436 		smull	r3, r6, r6, r4
 185 000c E317     		asrs	r3, r4, #31
 186 000e C3EBE606 		rsb	r6, r3, r6, asr #3
 187              	.LVL20:
  45:.\motor.c     ****         CyDelay(delay);
 188              		.loc 1 45 0
 189 0012 6425     		movs	r5, #100
  43:.\motor.c     ****     for (i=speed; i>0; (i-=decrementer)){
 190              		.loc 1 43 0
 191 0014 06E0     		b	.L17
 192              	.L18:
  44:.\motor.c     ****         Move_motor(i);
 193              		.loc 1 44 0 discriminator 2
 194 0016 2046     		mov	r0, r4
 195 0018 FFF7FEFF 		bl	Move_motor
 196              	.LVL21:
  45:.\motor.c     ****         CyDelay(delay);
 197              		.loc 1 45 0 discriminator 2
 198 001c 2846     		mov	r0, r5
 199 001e FFF7FEFF 		bl	CyDelay
 200              	.LVL22:
  43:.\motor.c     ****     for (i=speed; i>0; (i-=decrementer)){
 201              		.loc 1 43 0 discriminator 2
 202 0022 A41B     		subs	r4, r4, r6
 203              	.LVL23:
 204              	.L17:
  43:.\motor.c     ****     for (i=speed; i>0; (i-=decrementer)){
 205              		.loc 1 43 0 is_stmt 0 discriminator 1
 206 0024 002C     		cmp	r4, #0
 207 0026 F6DC     		bgt	.L18
  47:.\motor.c     ****     Move_motor(0);          // just to ensure it's stopped
 208              		.loc 1 47 0 is_stmt 1
ARM GAS  C:\Users\JohnP\AppData\Local\Temp\ccDDlOGa.s 			page 6


 209 0028 0020     		movs	r0, #0
 210 002a FFF7FEFF 		bl	Move_motor
 211              	.LVL24:
  48:.\motor.c     ****     LCD_Position(1,0);
 212              		.loc 1 48 0
 213 002e 0120     		movs	r0, #1
 214 0030 0021     		movs	r1, #0
 215 0032 FFF7FEFF 		bl	LCD_Position
 216              	.LVL25:
 217 0036 70BD     		pop	{r4, r5, r6, pc}
 218              	.LVL26:
 219              	.L20:
 220              		.align	2
 221              	.L19:
 222 0038 00000000 		.word	speed
 223 003c 67666666 		.word	1717986919
 224              		.cfi_endproc
 225              	.LFE2:
 226              		.size	Motor_stop, .-Motor_stop
 227              		.comm	speed,4,4
 228              		.comm	timer_value,4,4
 229              		.comm	timer_status,4,4
 230              		.comm	heartbeatCounter,4,4
 231              		.comm	heartrate,4,4
 232              		.comm	Prev_state,4,4
 233              		.comm	currentState,4,4
 234              		.comm	PROFILE,4,4
 235              		.comm	increasingHr,4,4
 236              		.comm	average,4,4
 237              		.text
 238              	.Letext0:
 239              		.file 2 "Generated_Source\\PSoC5/cytypes.h"
 240              		.file 3 ".\\states.h"
 241              		.file 4 ".\\heartrate.h"
 242              		.file 5 ".\\motor.h"
 243              		.file 6 "Generated_Source\\PSoC5/PWM.h"
 244              		.file 7 "Generated_Source\\PSoC5/CyLib.h"
 245              		.file 8 "Generated_Source\\PSoC5/LCD.h"
 246              		.section	.debug_info,"",%progbits
 247              	.Ldebug_info0:
 248 0000 12030000 		.4byte	0x312
 249 0004 0400     		.2byte	0x4
 250 0006 00000000 		.4byte	.Ldebug_abbrev0
 251 000a 04       		.byte	0x4
 252 000b 01       		.uleb128 0x1
 253 000c CB000000 		.4byte	.LASF38
 254 0010 01       		.byte	0x1
 255 0011 5A010000 		.4byte	.LASF39
 256 0015 19000000 		.4byte	.LASF40
 257 0019 00000000 		.4byte	.Ldebug_ranges0+0
 258 001d 00000000 		.4byte	0
 259 0021 00000000 		.4byte	.Ldebug_line0
 260 0025 02       		.uleb128 0x2
 261 0026 01       		.byte	0x1
 262 0027 06       		.byte	0x6
 263 0028 46020000 		.4byte	.LASF0
 264 002c 02       		.uleb128 0x2
ARM GAS  C:\Users\JohnP\AppData\Local\Temp\ccDDlOGa.s 			page 7


 265 002d 01       		.byte	0x1
 266 002e 08       		.byte	0x8
 267 002f A0000000 		.4byte	.LASF1
 268 0033 02       		.uleb128 0x2
 269 0034 02       		.byte	0x2
 270 0035 05       		.byte	0x5
 271 0036 1E020000 		.4byte	.LASF2
 272 003a 02       		.uleb128 0x2
 273 003b 02       		.byte	0x2
 274 003c 07       		.byte	0x7
 275 003d 47010000 		.4byte	.LASF3
 276 0041 02       		.uleb128 0x2
 277 0042 04       		.byte	0x4
 278 0043 05       		.byte	0x5
 279 0044 32020000 		.4byte	.LASF4
 280 0048 02       		.uleb128 0x2
 281 0049 04       		.byte	0x4
 282 004a 07       		.byte	0x7
 283 004b B9000000 		.4byte	.LASF5
 284 004f 02       		.uleb128 0x2
 285 0050 08       		.byte	0x8
 286 0051 05       		.byte	0x5
 287 0052 00000000 		.4byte	.LASF6
 288 0056 02       		.uleb128 0x2
 289 0057 08       		.byte	0x8
 290 0058 07       		.byte	0x7
 291 0059 BD010000 		.4byte	.LASF7
 292 005d 03       		.uleb128 0x3
 293 005e 04       		.byte	0x4
 294 005f 05       		.byte	0x5
 295 0060 696E7400 		.ascii	"int\000"
 296 0064 02       		.uleb128 0x2
 297 0065 04       		.byte	0x4
 298 0066 07       		.byte	0x7
 299 0067 B0010000 		.4byte	.LASF8
 300 006b 04       		.uleb128 0x4
 301 006c 94000000 		.4byte	.LASF9
 302 0070 02       		.byte	0x2
 303 0071 B4       		.byte	0xb4
 304 0072 2C000000 		.4byte	0x2c
 305 0076 04       		.uleb128 0x4
 306 0077 95010000 		.4byte	.LASF10
 307 007b 02       		.byte	0x2
 308 007c B5       		.byte	0xb5
 309 007d 3A000000 		.4byte	0x3a
 310 0081 04       		.uleb128 0x4
 311 0082 9C010000 		.4byte	.LASF11
 312 0086 02       		.byte	0x2
 313 0087 B6       		.byte	0xb6
 314 0088 48000000 		.4byte	0x48
 315 008c 02       		.uleb128 0x2
 316 008d 04       		.byte	0x4
 317 008e 04       		.byte	0x4
 318 008f 8E000000 		.4byte	.LASF12
 319 0093 02       		.uleb128 0x2
 320 0094 08       		.byte	0x8
 321 0095 04       		.byte	0x4
ARM GAS  C:\Users\JohnP\AppData\Local\Temp\ccDDlOGa.s 			page 8


 322 0096 71010000 		.4byte	.LASF13
 323 009a 02       		.uleb128 0x2
 324 009b 01       		.byte	0x1
 325 009c 08       		.byte	0x8
 326 009d 19020000 		.4byte	.LASF14
 327 00a1 02       		.uleb128 0x2
 328 00a2 04       		.byte	0x4
 329 00a3 07       		.byte	0x7
 330 00a4 06020000 		.4byte	.LASF15
 331 00a8 04       		.uleb128 0x4
 332 00a9 F5010000 		.4byte	.LASF16
 333 00ad 03       		.byte	0x3
 334 00ae 11       		.byte	0x11
 335 00af 5D000000 		.4byte	0x5d
 336 00b3 05       		.uleb128 0x5
 337 00b4 6A000000 		.4byte	.LASF17
 338 00b8 01       		.byte	0x1
 339 00b9 33       		.byte	0x33
 340 00ba 00000000 		.4byte	.LFB3
 341 00be 14000000 		.4byte	.LFE3-.LFB3
 342 00c2 01       		.uleb128 0x1
 343 00c3 9C       		.byte	0x9c
 344 00c4 E9000000 		.4byte	0xe9
 345 00c8 06       		.uleb128 0x6
 346 00c9 AE000000 		.4byte	.LASF19
 347 00cd 01       		.byte	0x1
 348 00ce 33       		.byte	0x33
 349 00cf 5D000000 		.4byte	0x5d
 350 00d3 00000000 		.4byte	.LLST0
 351 00d7 07       		.uleb128 0x7
 352 00d8 0C000000 		.4byte	.LVL2
 353 00dc DA020000 		.4byte	0x2da
 354 00e0 08       		.uleb128 0x8
 355 00e1 01       		.uleb128 0x1
 356 00e2 50       		.byte	0x50
 357 00e3 03       		.uleb128 0x3
 358 00e4 F3       		.byte	0xf3
 359 00e5 01       		.uleb128 0x1
 360 00e6 50       		.byte	0x50
 361 00e7 00       		.byte	0
 362 00e8 00       		.byte	0
 363 00e9 09       		.uleb128 0x9
 364 00ea E1010000 		.4byte	.LASF21
 365 00ee 01       		.byte	0x1
 366 00ef 0F       		.byte	0xf
 367 00f0 00000000 		.4byte	.LFB0
 368 00f4 0E000000 		.4byte	.LFE0-.LFB0
 369 00f8 01       		.uleb128 0x1
 370 00f9 9C       		.byte	0x9c
 371 00fa 18010000 		.4byte	0x118
 372 00fe 0A       		.uleb128 0xa
 373 00ff 06000000 		.4byte	.LVL3
 374 0103 EB020000 		.4byte	0x2eb
 375 0107 07       		.uleb128 0x7
 376 0108 0C000000 		.4byte	.LVL4
 377 010c B3000000 		.4byte	0xb3
 378 0110 08       		.uleb128 0x8
ARM GAS  C:\Users\JohnP\AppData\Local\Temp\ccDDlOGa.s 			page 9


 379 0111 01       		.uleb128 0x1
 380 0112 50       		.byte	0x50
 381 0113 02       		.uleb128 0x2
 382 0114 08       		.byte	0x8
 383 0115 64       		.byte	0x64
 384 0116 00       		.byte	0
 385 0117 00       		.byte	0
 386 0118 05       		.uleb128 0x5
 387 0119 64010000 		.4byte	.LASF18
 388 011d 01       		.byte	0x1
 389 011e 14       		.byte	0x14
 390 011f 00000000 		.4byte	.LFB1
 391 0123 44000000 		.4byte	.LFE1-.LFB1
 392 0127 01       		.uleb128 0x1
 393 0128 9C       		.byte	0x9c
 394 0129 96010000 		.4byte	0x196
 395 012d 06       		.uleb128 0x6
 396 012e 5E020000 		.4byte	.LASF20
 397 0132 01       		.byte	0x1
 398 0133 14       		.byte	0x14
 399 0134 5D000000 		.4byte	0x5d
 400 0138 30000000 		.4byte	.LLST1
 401 013c 0B       		.uleb128 0xb
 402 013d 6900     		.ascii	"i\000"
 403 013f 01       		.byte	0x1
 404 0140 15       		.byte	0x15
 405 0141 5D000000 		.4byte	0x5d
 406 0145 88000000 		.4byte	.LLST2
 407 0149 0C       		.uleb128 0xc
 408 014a 14000000 		.4byte	.LVL7
 409 014e B3000000 		.4byte	0xb3
 410 0152 5D010000 		.4byte	0x15d
 411 0156 08       		.uleb128 0x8
 412 0157 01       		.uleb128 0x1
 413 0158 50       		.byte	0x50
 414 0159 02       		.uleb128 0x2
 415 015a 74       		.byte	0x74
 416 015b 00       		.sleb128 0
 417 015c 00       		.byte	0
 418 015d 0C       		.uleb128 0xc
 419 015e 1A000000 		.4byte	.LVL8
 420 0162 F2020000 		.4byte	0x2f2
 421 0166 71010000 		.4byte	0x171
 422 016a 08       		.uleb128 0x8
 423 016b 01       		.uleb128 0x1
 424 016c 50       		.byte	0x50
 425 016d 02       		.uleb128 0x2
 426 016e 76       		.byte	0x76
 427 016f 00       		.sleb128 0
 428 0170 00       		.byte	0
 429 0171 0C       		.uleb128 0xc
 430 0172 2C000000 		.4byte	.LVL13
 431 0176 B3000000 		.4byte	0xb3
 432 017a 85010000 		.4byte	0x185
 433 017e 08       		.uleb128 0x8
 434 017f 01       		.uleb128 0x1
 435 0180 50       		.byte	0x50
ARM GAS  C:\Users\JohnP\AppData\Local\Temp\ccDDlOGa.s 			page 10


 436 0181 02       		.uleb128 0x2
 437 0182 74       		.byte	0x74
 438 0183 00       		.sleb128 0
 439 0184 00       		.byte	0
 440 0185 07       		.uleb128 0x7
 441 0186 32000000 		.4byte	.LVL14
 442 018a F2020000 		.4byte	0x2f2
 443 018e 08       		.uleb128 0x8
 444 018f 01       		.uleb128 0x1
 445 0190 50       		.byte	0x50
 446 0191 02       		.uleb128 0x2
 447 0192 76       		.byte	0x76
 448 0193 00       		.sleb128 0
 449 0194 00       		.byte	0
 450 0195 00       		.byte	0
 451 0196 09       		.uleb128 0x9
 452 0197 3B020000 		.4byte	.LASF22
 453 019b 01       		.byte	0x1
 454 019c 26       		.byte	0x26
 455 019d 00000000 		.4byte	.LFB2
 456 01a1 40000000 		.4byte	.LFE2-.LFB2
 457 01a5 01       		.uleb128 0x1
 458 01a6 9C       		.byte	0x9c
 459 01a7 30020000 		.4byte	0x230
 460 01ab 0D       		.uleb128 0xd
 461 01ac 9A000000 		.4byte	.LASF23
 462 01b0 01       		.byte	0x1
 463 01b1 27       		.byte	0x27
 464 01b2 5D000000 		.4byte	0x5d
 465 01b6 64       		.byte	0x64
 466 01b7 0E       		.uleb128 0xe
 467 01b8 FB010000 		.4byte	.LASF24
 468 01bc 01       		.byte	0x1
 469 01bd 28       		.byte	0x28
 470 01be 5D000000 		.4byte	0x5d
 471 01c2 D007     		.2byte	0x7d0
 472 01c4 0F       		.uleb128 0xf
 473 01c5 52020000 		.4byte	.LASF25
 474 01c9 01       		.byte	0x1
 475 01ca 29       		.byte	0x29
 476 01cb 5D000000 		.4byte	0x5d
 477 01cf B1000000 		.4byte	.LLST3
 478 01d3 0B       		.uleb128 0xb
 479 01d4 6900     		.ascii	"i\000"
 480 01d6 01       		.byte	0x1
 481 01d7 2A       		.byte	0x2a
 482 01d8 5D000000 		.4byte	0x5d
 483 01dc C4000000 		.4byte	.LLST4
 484 01e0 0C       		.uleb128 0xc
 485 01e1 1C000000 		.4byte	.LVL21
 486 01e5 B3000000 		.4byte	0xb3
 487 01e9 F4010000 		.4byte	0x1f4
 488 01ed 08       		.uleb128 0x8
 489 01ee 01       		.uleb128 0x1
 490 01ef 50       		.byte	0x50
 491 01f0 02       		.uleb128 0x2
 492 01f1 74       		.byte	0x74
ARM GAS  C:\Users\JohnP\AppData\Local\Temp\ccDDlOGa.s 			page 11


 493 01f2 00       		.sleb128 0
 494 01f3 00       		.byte	0
 495 01f4 0C       		.uleb128 0xc
 496 01f5 22000000 		.4byte	.LVL22
 497 01f9 F2020000 		.4byte	0x2f2
 498 01fd 08020000 		.4byte	0x208
 499 0201 08       		.uleb128 0x8
 500 0202 01       		.uleb128 0x1
 501 0203 50       		.byte	0x50
 502 0204 02       		.uleb128 0x2
 503 0205 75       		.byte	0x75
 504 0206 00       		.sleb128 0
 505 0207 00       		.byte	0
 506 0208 0C       		.uleb128 0xc
 507 0209 2E000000 		.4byte	.LVL24
 508 020d B3000000 		.4byte	0xb3
 509 0211 1B020000 		.4byte	0x21b
 510 0215 08       		.uleb128 0x8
 511 0216 01       		.uleb128 0x1
 512 0217 50       		.byte	0x50
 513 0218 01       		.uleb128 0x1
 514 0219 30       		.byte	0x30
 515 021a 00       		.byte	0
 516 021b 07       		.uleb128 0x7
 517 021c 36000000 		.4byte	.LVL25
 518 0220 03030000 		.4byte	0x303
 519 0224 08       		.uleb128 0x8
 520 0225 01       		.uleb128 0x1
 521 0226 51       		.byte	0x51
 522 0227 01       		.uleb128 0x1
 523 0228 30       		.byte	0x30
 524 0229 08       		.uleb128 0x8
 525 022a 01       		.uleb128 0x1
 526 022b 50       		.byte	0x50
 527 022c 01       		.uleb128 0x1
 528 022d 31       		.byte	0x31
 529 022e 00       		.byte	0
 530 022f 00       		.byte	0
 531 0230 10       		.uleb128 0x10
 532 0231 0F020000 		.4byte	.LASF26
 533 0235 04       		.byte	0x4
 534 0236 13       		.byte	0x13
 535 0237 8C000000 		.4byte	0x8c
 536 023b 05       		.uleb128 0x5
 537 023c 03       		.byte	0x3
 538 023d 00000000 		.4byte	heartrate
 539 0241 10       		.uleb128 0x10
 540 0242 ED010000 		.4byte	.LASF27
 541 0246 03       		.byte	0x3
 542 0247 15       		.byte	0x15
 543 0248 8C000000 		.4byte	0x8c
 544 024c 05       		.uleb128 0x5
 545 024d 03       		.byte	0x3
 546 024e 00000000 		.4byte	average
 547 0252 10       		.uleb128 0x10
 548 0253 A3010000 		.4byte	.LASF28
 549 0257 03       		.byte	0x3
ARM GAS  C:\Users\JohnP\AppData\Local\Temp\ccDDlOGa.s 			page 12


 550 0258 16       		.byte	0x16
 551 0259 5D000000 		.4byte	0x5d
 552 025d 05       		.uleb128 0x5
 553 025e 03       		.byte	0x3
 554 025f 00000000 		.4byte	increasingHr
 555 0263 10       		.uleb128 0x10
 556 0264 75000000 		.4byte	.LASF29
 557 0268 03       		.byte	0x3
 558 0269 18       		.byte	0x18
 559 026a 5D000000 		.4byte	0x5d
 560 026e 05       		.uleb128 0x5
 561 026f 03       		.byte	0x3
 562 0270 00000000 		.4byte	PROFILE
 563 0274 10       		.uleb128 0x10
 564 0275 6F020000 		.4byte	.LASF30
 565 0279 03       		.byte	0x3
 566 027a 35       		.byte	0x35
 567 027b A8000000 		.4byte	0xa8
 568 027f 05       		.uleb128 0x5
 569 0280 03       		.byte	0x3
 570 0281 00000000 		.4byte	currentState
 571 0285 10       		.uleb128 0x10
 572 0286 0E000000 		.4byte	.LASF31
 573 028a 03       		.byte	0x3
 574 028b 37       		.byte	0x37
 575 028c A8000000 		.4byte	0xa8
 576 0290 05       		.uleb128 0x5
 577 0291 03       		.byte	0x3
 578 0292 00000000 		.4byte	Prev_state
 579 0296 10       		.uleb128 0x10
 580 0297 7D000000 		.4byte	.LASF32
 581 029b 04       		.byte	0x4
 582 029c 14       		.byte	0x14
 583 029d 8C000000 		.4byte	0x8c
 584 02a1 05       		.uleb128 0x5
 585 02a2 03       		.byte	0x3
 586 02a3 00000000 		.4byte	heartbeatCounter
 587 02a7 10       		.uleb128 0x10
 588 02a8 5D000000 		.4byte	.LASF33
 589 02ac 04       		.byte	0x4
 590 02ad 15       		.byte	0x15
 591 02ae 5D000000 		.4byte	0x5d
 592 02b2 05       		.uleb128 0x5
 593 02b3 03       		.byte	0x3
 594 02b4 00000000 		.4byte	timer_status
 595 02b8 10       		.uleb128 0x10
 596 02b9 89010000 		.4byte	.LASF34
 597 02bd 04       		.byte	0x4
 598 02be 16       		.byte	0x16
 599 02bf 5D000000 		.4byte	0x5d
 600 02c3 05       		.uleb128 0x5
 601 02c4 03       		.byte	0x3
 602 02c5 00000000 		.4byte	timer_value
 603 02c9 10       		.uleb128 0x10
 604 02ca 00020000 		.4byte	.LASF35
 605 02ce 05       		.byte	0x5
 606 02cf 12       		.byte	0x12
ARM GAS  C:\Users\JohnP\AppData\Local\Temp\ccDDlOGa.s 			page 13


 607 02d0 5D000000 		.4byte	0x5d
 608 02d4 05       		.uleb128 0x5
 609 02d5 03       		.byte	0x3
 610 02d6 00000000 		.4byte	speed
 611 02da 11       		.uleb128 0x11
 612 02db 78010000 		.4byte	.LASF36
 613 02df 06       		.byte	0x6
 614 02e0 C3       		.byte	0xc3
 615 02e1 EB020000 		.4byte	0x2eb
 616 02e5 12       		.uleb128 0x12
 617 02e6 76000000 		.4byte	0x76
 618 02ea 00       		.byte	0
 619 02eb 13       		.uleb128 0x13
 620 02ec 28020000 		.4byte	.LASF41
 621 02f0 06       		.byte	0x6
 622 02f1 92       		.byte	0x92
 623 02f2 11       		.uleb128 0x11
 624 02f3 67020000 		.4byte	.LASF37
 625 02f7 07       		.byte	0x7
 626 02f8 77       		.byte	0x77
 627 02f9 03030000 		.4byte	0x303
 628 02fd 12       		.uleb128 0x12
 629 02fe 81000000 		.4byte	0x81
 630 0302 00       		.byte	0
 631 0303 14       		.uleb128 0x14
 632 0304 D4010000 		.4byte	.LASF42
 633 0308 08       		.byte	0x8
 634 0309 3D       		.byte	0x3d
 635 030a 12       		.uleb128 0x12
 636 030b 6B000000 		.4byte	0x6b
 637 030f 12       		.uleb128 0x12
 638 0310 6B000000 		.4byte	0x6b
 639 0314 00       		.byte	0
 640 0315 00       		.byte	0
 641              		.section	.debug_abbrev,"",%progbits
 642              	.Ldebug_abbrev0:
 643 0000 01       		.uleb128 0x1
 644 0001 11       		.uleb128 0x11
 645 0002 01       		.byte	0x1
 646 0003 25       		.uleb128 0x25
 647 0004 0E       		.uleb128 0xe
 648 0005 13       		.uleb128 0x13
 649 0006 0B       		.uleb128 0xb
 650 0007 03       		.uleb128 0x3
 651 0008 0E       		.uleb128 0xe
 652 0009 1B       		.uleb128 0x1b
 653 000a 0E       		.uleb128 0xe
 654 000b 55       		.uleb128 0x55
 655 000c 17       		.uleb128 0x17
 656 000d 11       		.uleb128 0x11
 657 000e 01       		.uleb128 0x1
 658 000f 10       		.uleb128 0x10
 659 0010 17       		.uleb128 0x17
 660 0011 00       		.byte	0
 661 0012 00       		.byte	0
 662 0013 02       		.uleb128 0x2
 663 0014 24       		.uleb128 0x24
ARM GAS  C:\Users\JohnP\AppData\Local\Temp\ccDDlOGa.s 			page 14


 664 0015 00       		.byte	0
 665 0016 0B       		.uleb128 0xb
 666 0017 0B       		.uleb128 0xb
 667 0018 3E       		.uleb128 0x3e
 668 0019 0B       		.uleb128 0xb
 669 001a 03       		.uleb128 0x3
 670 001b 0E       		.uleb128 0xe
 671 001c 00       		.byte	0
 672 001d 00       		.byte	0
 673 001e 03       		.uleb128 0x3
 674 001f 24       		.uleb128 0x24
 675 0020 00       		.byte	0
 676 0021 0B       		.uleb128 0xb
 677 0022 0B       		.uleb128 0xb
 678 0023 3E       		.uleb128 0x3e
 679 0024 0B       		.uleb128 0xb
 680 0025 03       		.uleb128 0x3
 681 0026 08       		.uleb128 0x8
 682 0027 00       		.byte	0
 683 0028 00       		.byte	0
 684 0029 04       		.uleb128 0x4
 685 002a 16       		.uleb128 0x16
 686 002b 00       		.byte	0
 687 002c 03       		.uleb128 0x3
 688 002d 0E       		.uleb128 0xe
 689 002e 3A       		.uleb128 0x3a
 690 002f 0B       		.uleb128 0xb
 691 0030 3B       		.uleb128 0x3b
 692 0031 0B       		.uleb128 0xb
 693 0032 49       		.uleb128 0x49
 694 0033 13       		.uleb128 0x13
 695 0034 00       		.byte	0
 696 0035 00       		.byte	0
 697 0036 05       		.uleb128 0x5
 698 0037 2E       		.uleb128 0x2e
 699 0038 01       		.byte	0x1
 700 0039 3F       		.uleb128 0x3f
 701 003a 19       		.uleb128 0x19
 702 003b 03       		.uleb128 0x3
 703 003c 0E       		.uleb128 0xe
 704 003d 3A       		.uleb128 0x3a
 705 003e 0B       		.uleb128 0xb
 706 003f 3B       		.uleb128 0x3b
 707 0040 0B       		.uleb128 0xb
 708 0041 27       		.uleb128 0x27
 709 0042 19       		.uleb128 0x19
 710 0043 11       		.uleb128 0x11
 711 0044 01       		.uleb128 0x1
 712 0045 12       		.uleb128 0x12
 713 0046 06       		.uleb128 0x6
 714 0047 40       		.uleb128 0x40
 715 0048 18       		.uleb128 0x18
 716 0049 9742     		.uleb128 0x2117
 717 004b 19       		.uleb128 0x19
 718 004c 01       		.uleb128 0x1
 719 004d 13       		.uleb128 0x13
 720 004e 00       		.byte	0
ARM GAS  C:\Users\JohnP\AppData\Local\Temp\ccDDlOGa.s 			page 15


 721 004f 00       		.byte	0
 722 0050 06       		.uleb128 0x6
 723 0051 05       		.uleb128 0x5
 724 0052 00       		.byte	0
 725 0053 03       		.uleb128 0x3
 726 0054 0E       		.uleb128 0xe
 727 0055 3A       		.uleb128 0x3a
 728 0056 0B       		.uleb128 0xb
 729 0057 3B       		.uleb128 0x3b
 730 0058 0B       		.uleb128 0xb
 731 0059 49       		.uleb128 0x49
 732 005a 13       		.uleb128 0x13
 733 005b 02       		.uleb128 0x2
 734 005c 17       		.uleb128 0x17
 735 005d 00       		.byte	0
 736 005e 00       		.byte	0
 737 005f 07       		.uleb128 0x7
 738 0060 898201   		.uleb128 0x4109
 739 0063 01       		.byte	0x1
 740 0064 11       		.uleb128 0x11
 741 0065 01       		.uleb128 0x1
 742 0066 31       		.uleb128 0x31
 743 0067 13       		.uleb128 0x13
 744 0068 00       		.byte	0
 745 0069 00       		.byte	0
 746 006a 08       		.uleb128 0x8
 747 006b 8A8201   		.uleb128 0x410a
 748 006e 00       		.byte	0
 749 006f 02       		.uleb128 0x2
 750 0070 18       		.uleb128 0x18
 751 0071 9142     		.uleb128 0x2111
 752 0073 18       		.uleb128 0x18
 753 0074 00       		.byte	0
 754 0075 00       		.byte	0
 755 0076 09       		.uleb128 0x9
 756 0077 2E       		.uleb128 0x2e
 757 0078 01       		.byte	0x1
 758 0079 3F       		.uleb128 0x3f
 759 007a 19       		.uleb128 0x19
 760 007b 03       		.uleb128 0x3
 761 007c 0E       		.uleb128 0xe
 762 007d 3A       		.uleb128 0x3a
 763 007e 0B       		.uleb128 0xb
 764 007f 3B       		.uleb128 0x3b
 765 0080 0B       		.uleb128 0xb
 766 0081 11       		.uleb128 0x11
 767 0082 01       		.uleb128 0x1
 768 0083 12       		.uleb128 0x12
 769 0084 06       		.uleb128 0x6
 770 0085 40       		.uleb128 0x40
 771 0086 18       		.uleb128 0x18
 772 0087 9742     		.uleb128 0x2117
 773 0089 19       		.uleb128 0x19
 774 008a 01       		.uleb128 0x1
 775 008b 13       		.uleb128 0x13
 776 008c 00       		.byte	0
 777 008d 00       		.byte	0
ARM GAS  C:\Users\JohnP\AppData\Local\Temp\ccDDlOGa.s 			page 16


 778 008e 0A       		.uleb128 0xa
 779 008f 898201   		.uleb128 0x4109
 780 0092 00       		.byte	0
 781 0093 11       		.uleb128 0x11
 782 0094 01       		.uleb128 0x1
 783 0095 31       		.uleb128 0x31
 784 0096 13       		.uleb128 0x13
 785 0097 00       		.byte	0
 786 0098 00       		.byte	0
 787 0099 0B       		.uleb128 0xb
 788 009a 34       		.uleb128 0x34
 789 009b 00       		.byte	0
 790 009c 03       		.uleb128 0x3
 791 009d 08       		.uleb128 0x8
 792 009e 3A       		.uleb128 0x3a
 793 009f 0B       		.uleb128 0xb
 794 00a0 3B       		.uleb128 0x3b
 795 00a1 0B       		.uleb128 0xb
 796 00a2 49       		.uleb128 0x49
 797 00a3 13       		.uleb128 0x13
 798 00a4 02       		.uleb128 0x2
 799 00a5 17       		.uleb128 0x17
 800 00a6 00       		.byte	0
 801 00a7 00       		.byte	0
 802 00a8 0C       		.uleb128 0xc
 803 00a9 898201   		.uleb128 0x4109
 804 00ac 01       		.byte	0x1
 805 00ad 11       		.uleb128 0x11
 806 00ae 01       		.uleb128 0x1
 807 00af 31       		.uleb128 0x31
 808 00b0 13       		.uleb128 0x13
 809 00b1 01       		.uleb128 0x1
 810 00b2 13       		.uleb128 0x13
 811 00b3 00       		.byte	0
 812 00b4 00       		.byte	0
 813 00b5 0D       		.uleb128 0xd
 814 00b6 34       		.uleb128 0x34
 815 00b7 00       		.byte	0
 816 00b8 03       		.uleb128 0x3
 817 00b9 0E       		.uleb128 0xe
 818 00ba 3A       		.uleb128 0x3a
 819 00bb 0B       		.uleb128 0xb
 820 00bc 3B       		.uleb128 0x3b
 821 00bd 0B       		.uleb128 0xb
 822 00be 49       		.uleb128 0x49
 823 00bf 13       		.uleb128 0x13
 824 00c0 1C       		.uleb128 0x1c
 825 00c1 0B       		.uleb128 0xb
 826 00c2 00       		.byte	0
 827 00c3 00       		.byte	0
 828 00c4 0E       		.uleb128 0xe
 829 00c5 34       		.uleb128 0x34
 830 00c6 00       		.byte	0
 831 00c7 03       		.uleb128 0x3
 832 00c8 0E       		.uleb128 0xe
 833 00c9 3A       		.uleb128 0x3a
 834 00ca 0B       		.uleb128 0xb
ARM GAS  C:\Users\JohnP\AppData\Local\Temp\ccDDlOGa.s 			page 17


 835 00cb 3B       		.uleb128 0x3b
 836 00cc 0B       		.uleb128 0xb
 837 00cd 49       		.uleb128 0x49
 838 00ce 13       		.uleb128 0x13
 839 00cf 1C       		.uleb128 0x1c
 840 00d0 05       		.uleb128 0x5
 841 00d1 00       		.byte	0
 842 00d2 00       		.byte	0
 843 00d3 0F       		.uleb128 0xf
 844 00d4 34       		.uleb128 0x34
 845 00d5 00       		.byte	0
 846 00d6 03       		.uleb128 0x3
 847 00d7 0E       		.uleb128 0xe
 848 00d8 3A       		.uleb128 0x3a
 849 00d9 0B       		.uleb128 0xb
 850 00da 3B       		.uleb128 0x3b
 851 00db 0B       		.uleb128 0xb
 852 00dc 49       		.uleb128 0x49
 853 00dd 13       		.uleb128 0x13
 854 00de 02       		.uleb128 0x2
 855 00df 17       		.uleb128 0x17
 856 00e0 00       		.byte	0
 857 00e1 00       		.byte	0
 858 00e2 10       		.uleb128 0x10
 859 00e3 34       		.uleb128 0x34
 860 00e4 00       		.byte	0
 861 00e5 03       		.uleb128 0x3
 862 00e6 0E       		.uleb128 0xe
 863 00e7 3A       		.uleb128 0x3a
 864 00e8 0B       		.uleb128 0xb
 865 00e9 3B       		.uleb128 0x3b
 866 00ea 0B       		.uleb128 0xb
 867 00eb 49       		.uleb128 0x49
 868 00ec 13       		.uleb128 0x13
 869 00ed 3F       		.uleb128 0x3f
 870 00ee 19       		.uleb128 0x19
 871 00ef 02       		.uleb128 0x2
 872 00f0 18       		.uleb128 0x18
 873 00f1 00       		.byte	0
 874 00f2 00       		.byte	0
 875 00f3 11       		.uleb128 0x11
 876 00f4 2E       		.uleb128 0x2e
 877 00f5 01       		.byte	0x1
 878 00f6 3F       		.uleb128 0x3f
 879 00f7 19       		.uleb128 0x19
 880 00f8 03       		.uleb128 0x3
 881 00f9 0E       		.uleb128 0xe
 882 00fa 3A       		.uleb128 0x3a
 883 00fb 0B       		.uleb128 0xb
 884 00fc 3B       		.uleb128 0x3b
 885 00fd 0B       		.uleb128 0xb
 886 00fe 27       		.uleb128 0x27
 887 00ff 19       		.uleb128 0x19
 888 0100 3C       		.uleb128 0x3c
 889 0101 19       		.uleb128 0x19
 890 0102 01       		.uleb128 0x1
 891 0103 13       		.uleb128 0x13
ARM GAS  C:\Users\JohnP\AppData\Local\Temp\ccDDlOGa.s 			page 18


 892 0104 00       		.byte	0
 893 0105 00       		.byte	0
 894 0106 12       		.uleb128 0x12
 895 0107 05       		.uleb128 0x5
 896 0108 00       		.byte	0
 897 0109 49       		.uleb128 0x49
 898 010a 13       		.uleb128 0x13
 899 010b 00       		.byte	0
 900 010c 00       		.byte	0
 901 010d 13       		.uleb128 0x13
 902 010e 2E       		.uleb128 0x2e
 903 010f 00       		.byte	0
 904 0110 3F       		.uleb128 0x3f
 905 0111 19       		.uleb128 0x19
 906 0112 03       		.uleb128 0x3
 907 0113 0E       		.uleb128 0xe
 908 0114 3A       		.uleb128 0x3a
 909 0115 0B       		.uleb128 0xb
 910 0116 3B       		.uleb128 0x3b
 911 0117 0B       		.uleb128 0xb
 912 0118 27       		.uleb128 0x27
 913 0119 19       		.uleb128 0x19
 914 011a 3C       		.uleb128 0x3c
 915 011b 19       		.uleb128 0x19
 916 011c 00       		.byte	0
 917 011d 00       		.byte	0
 918 011e 14       		.uleb128 0x14
 919 011f 2E       		.uleb128 0x2e
 920 0120 01       		.byte	0x1
 921 0121 3F       		.uleb128 0x3f
 922 0122 19       		.uleb128 0x19
 923 0123 03       		.uleb128 0x3
 924 0124 0E       		.uleb128 0xe
 925 0125 3A       		.uleb128 0x3a
 926 0126 0B       		.uleb128 0xb
 927 0127 3B       		.uleb128 0x3b
 928 0128 0B       		.uleb128 0xb
 929 0129 27       		.uleb128 0x27
 930 012a 19       		.uleb128 0x19
 931 012b 3C       		.uleb128 0x3c
 932 012c 19       		.uleb128 0x19
 933 012d 00       		.byte	0
 934 012e 00       		.byte	0
 935 012f 00       		.byte	0
 936              		.section	.debug_loc,"",%progbits
 937              	.Ldebug_loc0:
 938              	.LLST0:
 939 0000 00000000 		.4byte	.LVL0
 940 0004 08000000 		.4byte	.LVL1
 941 0008 0100     		.2byte	0x1
 942 000a 50       		.byte	0x50
 943 000b 08000000 		.4byte	.LVL1
 944 000f 0B000000 		.4byte	.LVL2-1
 945 0013 0500     		.2byte	0x5
 946 0015 03       		.byte	0x3
 947 0016 00000000 		.4byte	speed
 948 001a 0B000000 		.4byte	.LVL2-1
ARM GAS  C:\Users\JohnP\AppData\Local\Temp\ccDDlOGa.s 			page 19


 949 001e 14000000 		.4byte	.LFE3
 950 0022 0400     		.2byte	0x4
 951 0024 F3       		.byte	0xf3
 952 0025 01       		.uleb128 0x1
 953 0026 50       		.byte	0x50
 954 0027 9F       		.byte	0x9f
 955 0028 00000000 		.4byte	0
 956 002c 00000000 		.4byte	0
 957              	.LLST1:
 958 0030 00000000 		.4byte	.LVL5
 959 0034 0E000000 		.4byte	.LVL6
 960 0038 0100     		.2byte	0x1
 961 003a 50       		.byte	0x50
 962 003b 0E000000 		.4byte	.LVL6
 963 003f 1E000000 		.4byte	.LVL10
 964 0043 0100     		.2byte	0x1
 965 0045 55       		.byte	0x55
 966 0046 1E000000 		.4byte	.LVL10
 967 004a 20000000 		.4byte	.LVL11
 968 004e 0100     		.2byte	0x1
 969 0050 50       		.byte	0x50
 970 0051 20000000 		.4byte	.LVL11
 971 0055 36000000 		.4byte	.LVL16
 972 0059 0100     		.2byte	0x1
 973 005b 55       		.byte	0x55
 974 005c 36000000 		.4byte	.LVL16
 975 0060 38000000 		.4byte	.LVL17
 976 0064 0100     		.2byte	0x1
 977 0066 50       		.byte	0x50
 978 0067 38000000 		.4byte	.LVL17
 979 006b 3E000000 		.4byte	.LVL18
 980 006f 0100     		.2byte	0x1
 981 0071 55       		.byte	0x55
 982 0072 3E000000 		.4byte	.LVL18
 983 0076 44000000 		.4byte	.LFE1
 984 007a 0400     		.2byte	0x4
 985 007c F3       		.byte	0xf3
 986 007d 01       		.uleb128 0x1
 987 007e 50       		.byte	0x50
 988 007f 9F       		.byte	0x9f
 989 0080 00000000 		.4byte	0
 990 0084 00000000 		.4byte	0
 991              	.LLST2:
 992 0088 0E000000 		.4byte	.LVL6
 993 008c 1E000000 		.4byte	.LVL10
 994 0090 0100     		.2byte	0x1
 995 0092 54       		.byte	0x54
 996 0093 20000000 		.4byte	.LVL11
 997 0097 36000000 		.4byte	.LVL16
 998 009b 0100     		.2byte	0x1
 999 009d 54       		.byte	0x54
 1000 009e 38000000 		.4byte	.LVL17
 1001 00a2 3E000000 		.4byte	.LVL18
 1002 00a6 0100     		.2byte	0x1
 1003 00a8 54       		.byte	0x54
 1004 00a9 00000000 		.4byte	0
 1005 00ad 00000000 		.4byte	0
ARM GAS  C:\Users\JohnP\AppData\Local\Temp\ccDDlOGa.s 			page 20


 1006              	.LLST3:
 1007 00b1 12000000 		.4byte	.LVL20
 1008 00b5 38000000 		.4byte	.LVL26
 1009 00b9 0100     		.2byte	0x1
 1010 00bb 56       		.byte	0x56
 1011 00bc 00000000 		.4byte	0
 1012 00c0 00000000 		.4byte	0
 1013              	.LLST4:
 1014 00c4 12000000 		.4byte	.LVL20
 1015 00c8 38000000 		.4byte	.LVL26
 1016 00cc 0100     		.2byte	0x1
 1017 00ce 54       		.byte	0x54
 1018 00cf 00000000 		.4byte	0
 1019 00d3 00000000 		.4byte	0
 1020              		.section	.debug_aranges,"",%progbits
 1021 0000 34000000 		.4byte	0x34
 1022 0004 0200     		.2byte	0x2
 1023 0006 00000000 		.4byte	.Ldebug_info0
 1024 000a 04       		.byte	0x4
 1025 000b 00       		.byte	0
 1026 000c 0000     		.2byte	0
 1027 000e 0000     		.2byte	0
 1028 0010 00000000 		.4byte	.LFB3
 1029 0014 14000000 		.4byte	.LFE3-.LFB3
 1030 0018 00000000 		.4byte	.LFB0
 1031 001c 0E000000 		.4byte	.LFE0-.LFB0
 1032 0020 00000000 		.4byte	.LFB1
 1033 0024 44000000 		.4byte	.LFE1-.LFB1
 1034 0028 00000000 		.4byte	.LFB2
 1035 002c 40000000 		.4byte	.LFE2-.LFB2
 1036 0030 00000000 		.4byte	0
 1037 0034 00000000 		.4byte	0
 1038              		.section	.debug_ranges,"",%progbits
 1039              	.Ldebug_ranges0:
 1040 0000 00000000 		.4byte	.LFB3
 1041 0004 14000000 		.4byte	.LFE3
 1042 0008 00000000 		.4byte	.LFB0
 1043 000c 0E000000 		.4byte	.LFE0
 1044 0010 00000000 		.4byte	.LFB1
 1045 0014 44000000 		.4byte	.LFE1
 1046 0018 00000000 		.4byte	.LFB2
 1047 001c 40000000 		.4byte	.LFE2
 1048 0020 00000000 		.4byte	0
 1049 0024 00000000 		.4byte	0
 1050              		.section	.debug_line,"",%progbits
 1051              	.Ldebug_line0:
 1052 0000 21010000 		.section	.debug_str,"MS",%progbits,1
 1052      02008D00 
 1052      00000201 
 1052      FB0E0D00 
 1052      01010101 
 1053              	.LASF6:
 1054 0000 6C6F6E67 		.ascii	"long long int\000"
 1054      206C6F6E 
 1054      6720696E 
 1054      7400
 1055              	.LASF31:
ARM GAS  C:\Users\JohnP\AppData\Local\Temp\ccDDlOGa.s 			page 21


 1056 000e 50726576 		.ascii	"Prev_state\000"
 1056      5F737461 
 1056      746500
 1057              	.LASF40:
 1058 0019 433A5C55 		.ascii	"C:\\Users\\JohnP\\Desktop\\embedded\\trunk\\CE4920P"
 1058      73657273 
 1058      5C4A6F68 
 1058      6E505C44 
 1058      65736B74 
 1059 0046 726F6A65 		.ascii	"roject1\\Design01.cydsn\000"
 1059      6374315C 
 1059      44657369 
 1059      676E3031 
 1059      2E637964 
 1060              	.LASF33:
 1061 005d 74696D65 		.ascii	"timer_status\000"
 1061      725F7374 
 1061      61747573 
 1061      00
 1062              	.LASF17:
 1063 006a 4D6F7665 		.ascii	"Move_motor\000"
 1063      5F6D6F74 
 1063      6F7200
 1064              	.LASF29:
 1065 0075 50524F46 		.ascii	"PROFILE\000"
 1065      494C4500 
 1066              	.LASF32:
 1067 007d 68656172 		.ascii	"heartbeatCounter\000"
 1067      74626561 
 1067      74436F75 
 1067      6E746572 
 1067      00
 1068              	.LASF12:
 1069 008e 666C6F61 		.ascii	"float\000"
 1069      7400
 1070              	.LASF9:
 1071 0094 75696E74 		.ascii	"uint8\000"
 1071      3800
 1072              	.LASF23:
 1073 009a 64656C61 		.ascii	"delay\000"
 1073      7900
 1074              	.LASF1:
 1075 00a0 756E7369 		.ascii	"unsigned char\000"
 1075      676E6564 
 1075      20636861 
 1075      7200
 1076              	.LASF19:
 1077 00ae 6D6F746F 		.ascii	"motorSpeed\000"
 1077      72537065 
 1077      656400
 1078              	.LASF5:
 1079 00b9 6C6F6E67 		.ascii	"long unsigned int\000"
 1079      20756E73 
 1079      69676E65 
 1079      6420696E 
 1079      7400
 1080              	.LASF38:
ARM GAS  C:\Users\JohnP\AppData\Local\Temp\ccDDlOGa.s 			page 22


 1081 00cb 474E5520 		.ascii	"GNU C 4.8.4 20140526 (release) [ARM/embedded-4_8-br"
 1081      4320342E 
 1081      382E3420 
 1081      32303134 
 1081      30353236 
 1082 00fe 616E6368 		.ascii	"anch revision 211358] -mcpu=cortex-m3 -mthumb -g -O"
 1082      20726576 
 1082      6973696F 
 1082      6E203231 
 1082      31333538 
 1083 0131 67202D66 		.ascii	"g -ffunction-sections\000"
 1083      66756E63 
 1083      74696F6E 
 1083      2D736563 
 1083      74696F6E 
 1084              	.LASF3:
 1085 0147 73686F72 		.ascii	"short unsigned int\000"
 1085      7420756E 
 1085      7369676E 
 1085      65642069 
 1085      6E7400
 1086              	.LASF39:
 1087 015a 2E5C6D6F 		.ascii	".\\motor.c\000"
 1087      746F722E 
 1087      6300
 1088              	.LASF18:
 1089 0164 4D6F746F 		.ascii	"Motor_rampUp\000"
 1089      725F7261 
 1089      6D705570 
 1089      00
 1090              	.LASF13:
 1091 0171 646F7562 		.ascii	"double\000"
 1091      6C6500
 1092              	.LASF36:
 1093 0178 50574D5F 		.ascii	"PWM_WriteCompare\000"
 1093      57726974 
 1093      65436F6D 
 1093      70617265 
 1093      00
 1094              	.LASF34:
 1095 0189 74696D65 		.ascii	"timer_value\000"
 1095      725F7661 
 1095      6C756500 
 1096              	.LASF10:
 1097 0195 75696E74 		.ascii	"uint16\000"
 1097      313600
 1098              	.LASF11:
 1099 019c 75696E74 		.ascii	"uint32\000"
 1099      333200
 1100              	.LASF28:
 1101 01a3 696E6372 		.ascii	"increasingHr\000"
 1101      65617369 
 1101      6E674872 
 1101      00
 1102              	.LASF8:
 1103 01b0 756E7369 		.ascii	"unsigned int\000"
 1103      676E6564 
ARM GAS  C:\Users\JohnP\AppData\Local\Temp\ccDDlOGa.s 			page 23


 1103      20696E74 
 1103      00
 1104              	.LASF7:
 1105 01bd 6C6F6E67 		.ascii	"long long unsigned int\000"
 1105      206C6F6E 
 1105      6720756E 
 1105      7369676E 
 1105      65642069 
 1106              	.LASF42:
 1107 01d4 4C43445F 		.ascii	"LCD_Position\000"
 1107      506F7369 
 1107      74696F6E 
 1107      00
 1108              	.LASF21:
 1109 01e1 53746172 		.ascii	"Start_motor\000"
 1109      745F6D6F 
 1109      746F7200 
 1110              	.LASF27:
 1111 01ed 61766572 		.ascii	"average\000"
 1111      61676500 
 1112              	.LASF16:
 1113 01f5 53544154 		.ascii	"STATE\000"
 1113      4500
 1114              	.LASF24:
 1115 01fb 74696D65 		.ascii	"time\000"
 1115      00
 1116              	.LASF35:
 1117 0200 73706565 		.ascii	"speed\000"
 1117      6400
 1118              	.LASF15:
 1119 0206 73697A65 		.ascii	"sizetype\000"
 1119      74797065 
 1119      00
 1120              	.LASF26:
 1121 020f 68656172 		.ascii	"heartrate\000"
 1121      74726174 
 1121      6500
 1122              	.LASF14:
 1123 0219 63686172 		.ascii	"char\000"
 1123      00
 1124              	.LASF2:
 1125 021e 73686F72 		.ascii	"short int\000"
 1125      7420696E 
 1125      7400
 1126              	.LASF41:
 1127 0228 50574D5F 		.ascii	"PWM_Start\000"
 1127      53746172 
 1127      7400
 1128              	.LASF4:
 1129 0232 6C6F6E67 		.ascii	"long int\000"
 1129      20696E74 
 1129      00
 1130              	.LASF22:
 1131 023b 4D6F746F 		.ascii	"Motor_stop\000"
 1131      725F7374 
 1131      6F7000
 1132              	.LASF0:
ARM GAS  C:\Users\JohnP\AppData\Local\Temp\ccDDlOGa.s 			page 24


 1133 0246 7369676E 		.ascii	"signed char\000"
 1133      65642063 
 1133      68617200 
 1134              	.LASF25:
 1135 0252 64656372 		.ascii	"decrementer\000"
 1135      656D656E 
 1135      74657200 
 1136              	.LASF20:
 1137 025e 746F7053 		.ascii	"topSpeed\000"
 1137      70656564 
 1137      00
 1138              	.LASF37:
 1139 0267 43794465 		.ascii	"CyDelay\000"
 1139      6C617900 
 1140              	.LASF30:
 1141 026f 63757272 		.ascii	"currentState\000"
 1141      656E7453 
 1141      74617465 
 1141      00
 1142              		.ident	"GCC: (GNU Tools for ARM Embedded Processors) 4.8.4 20140526 (release) [ARM/embedded-4_8-br
