ARM GAS  C:\Users\JohnP\AppData\Local\Temp\ccFIgx8V.s 			page 1


   1              		.syntax unified
   2              		.cpu cortex-m3
   3              		.fpu softvfp
   4              		.eabi_attribute 20, 1
   5              		.eabi_attribute 21, 1
   6              		.eabi_attribute 23, 3
   7              		.eabi_attribute 24, 1
   8              		.eabi_attribute 25, 1
   9              		.eabi_attribute 26, 1
  10              		.eabi_attribute 30, 1
  11              		.eabi_attribute 34, 1
  12              		.eabi_attribute 18, 4
  13              		.thumb
  14              		.file	"pushbutton_isr.c"
  15              		.text
  16              	.Ltext0:
  17              		.cfi_sections	.debug_frame
  18              		.section	.text.pushbutton_isr_SetVector,"ax",%progbits
  19              		.align	2
  20              		.global	pushbutton_isr_SetVector
  21              		.thumb
  22              		.thumb_func
  23              		.type	pushbutton_isr_SetVector, %function
  24              	pushbutton_isr_SetVector:
  25              	.LFB4:
  26              		.file 1 ".\\Generated_Source\\PSoC5\\pushbutton_isr.c"
   1:.\Generated_Source\PSoC5/pushbutton_isr.c **** /*******************************************************************************
   2:.\Generated_Source\PSoC5/pushbutton_isr.c **** * File Name: pushbutton_isr.c  
   3:.\Generated_Source\PSoC5/pushbutton_isr.c **** * Version 1.70
   4:.\Generated_Source\PSoC5/pushbutton_isr.c **** *
   5:.\Generated_Source\PSoC5/pushbutton_isr.c **** *  Description:
   6:.\Generated_Source\PSoC5/pushbutton_isr.c **** *   API for controlling the state of an interrupt.
   7:.\Generated_Source\PSoC5/pushbutton_isr.c **** *
   8:.\Generated_Source\PSoC5/pushbutton_isr.c **** *
   9:.\Generated_Source\PSoC5/pushbutton_isr.c **** *  Note:
  10:.\Generated_Source\PSoC5/pushbutton_isr.c **** *
  11:.\Generated_Source\PSoC5/pushbutton_isr.c **** ********************************************************************************
  12:.\Generated_Source\PSoC5/pushbutton_isr.c **** * Copyright 2008-2015, Cypress Semiconductor Corporation.  All rights reserved.
  13:.\Generated_Source\PSoC5/pushbutton_isr.c **** * You may use this file only in accordance with the license, terms, conditions, 
  14:.\Generated_Source\PSoC5/pushbutton_isr.c **** * disclaimers, and limitations in the end user license agreement accompanying 
  15:.\Generated_Source\PSoC5/pushbutton_isr.c **** * the software package with which this file was provided.
  16:.\Generated_Source\PSoC5/pushbutton_isr.c **** *******************************************************************************/
  17:.\Generated_Source\PSoC5/pushbutton_isr.c **** 
  18:.\Generated_Source\PSoC5/pushbutton_isr.c **** 
  19:.\Generated_Source\PSoC5/pushbutton_isr.c **** #include <cydevice_trm.h>
  20:.\Generated_Source\PSoC5/pushbutton_isr.c **** #include <CyLib.h>
  21:.\Generated_Source\PSoC5/pushbutton_isr.c **** #include <pushbutton_isr.h>
  22:.\Generated_Source\PSoC5/pushbutton_isr.c **** 
  23:.\Generated_Source\PSoC5/pushbutton_isr.c **** #if !defined(pushbutton_isr__REMOVED) /* Check for removal by optimization */
  24:.\Generated_Source\PSoC5/pushbutton_isr.c **** 
  25:.\Generated_Source\PSoC5/pushbutton_isr.c **** /*******************************************************************************
  26:.\Generated_Source\PSoC5/pushbutton_isr.c **** *  Place your includes, defines and code here 
  27:.\Generated_Source\PSoC5/pushbutton_isr.c **** ********************************************************************************/
  28:.\Generated_Source\PSoC5/pushbutton_isr.c **** /* `#START pushbutton_isr_intc` */
  29:.\Generated_Source\PSoC5/pushbutton_isr.c **** #include "states.h"
  30:.\Generated_Source\PSoC5/pushbutton_isr.c **** #include "LCD.h"
  31:.\Generated_Source\PSoC5/pushbutton_isr.c **** #include "Pushbutton.h"
ARM GAS  C:\Users\JohnP\AppData\Local\Temp\ccFIgx8V.s 			page 2


  32:.\Generated_Source\PSoC5/pushbutton_isr.c **** #include "CyLib.h"
  33:.\Generated_Source\PSoC5/pushbutton_isr.c **** extern STATE currentState;
  34:.\Generated_Source\PSoC5/pushbutton_isr.c **** /* `#END` */
  35:.\Generated_Source\PSoC5/pushbutton_isr.c **** 
  36:.\Generated_Source\PSoC5/pushbutton_isr.c **** #ifndef CYINT_IRQ_BASE
  37:.\Generated_Source\PSoC5/pushbutton_isr.c **** #define CYINT_IRQ_BASE      16
  38:.\Generated_Source\PSoC5/pushbutton_isr.c **** #endif /* CYINT_IRQ_BASE */
  39:.\Generated_Source\PSoC5/pushbutton_isr.c **** #ifndef CYINT_VECT_TABLE
  40:.\Generated_Source\PSoC5/pushbutton_isr.c **** #define CYINT_VECT_TABLE    ((cyisraddress **) CYREG_NVIC_VECT_OFFSET)
  41:.\Generated_Source\PSoC5/pushbutton_isr.c **** #endif /* CYINT_VECT_TABLE */
  42:.\Generated_Source\PSoC5/pushbutton_isr.c **** 
  43:.\Generated_Source\PSoC5/pushbutton_isr.c **** /* Declared in startup, used to set unused interrupts to. */
  44:.\Generated_Source\PSoC5/pushbutton_isr.c **** CY_ISR_PROTO(IntDefaultHandler);
  45:.\Generated_Source\PSoC5/pushbutton_isr.c **** 
  46:.\Generated_Source\PSoC5/pushbutton_isr.c **** 
  47:.\Generated_Source\PSoC5/pushbutton_isr.c **** /*******************************************************************************
  48:.\Generated_Source\PSoC5/pushbutton_isr.c **** * Function Name: pushbutton_isr_Start
  49:.\Generated_Source\PSoC5/pushbutton_isr.c **** ********************************************************************************
  50:.\Generated_Source\PSoC5/pushbutton_isr.c **** *
  51:.\Generated_Source\PSoC5/pushbutton_isr.c **** * Summary:
  52:.\Generated_Source\PSoC5/pushbutton_isr.c **** *  Set up the interrupt and enable it. This function disables the interrupt, 
  53:.\Generated_Source\PSoC5/pushbutton_isr.c **** *  sets the default interrupt vector, sets the priority from the value in the
  54:.\Generated_Source\PSoC5/pushbutton_isr.c **** *  Design Wide Resources Interrupt Editor, then enables the interrupt to the 
  55:.\Generated_Source\PSoC5/pushbutton_isr.c **** *  interrupt controller.
  56:.\Generated_Source\PSoC5/pushbutton_isr.c **** *
  57:.\Generated_Source\PSoC5/pushbutton_isr.c **** * Parameters:  
  58:.\Generated_Source\PSoC5/pushbutton_isr.c **** *   None
  59:.\Generated_Source\PSoC5/pushbutton_isr.c **** *
  60:.\Generated_Source\PSoC5/pushbutton_isr.c **** * Return:
  61:.\Generated_Source\PSoC5/pushbutton_isr.c **** *   None
  62:.\Generated_Source\PSoC5/pushbutton_isr.c **** *
  63:.\Generated_Source\PSoC5/pushbutton_isr.c **** *******************************************************************************/
  64:.\Generated_Source\PSoC5/pushbutton_isr.c **** void pushbutton_isr_Start(void)
  65:.\Generated_Source\PSoC5/pushbutton_isr.c **** {
  66:.\Generated_Source\PSoC5/pushbutton_isr.c ****     /* For all we know the interrupt is active. */
  67:.\Generated_Source\PSoC5/pushbutton_isr.c ****     pushbutton_isr_Disable();
  68:.\Generated_Source\PSoC5/pushbutton_isr.c **** 
  69:.\Generated_Source\PSoC5/pushbutton_isr.c ****     /* Set the ISR to point to the pushbutton_isr Interrupt. */
  70:.\Generated_Source\PSoC5/pushbutton_isr.c ****     pushbutton_isr_SetVector(&pushbutton_isr_Interrupt);
  71:.\Generated_Source\PSoC5/pushbutton_isr.c **** 
  72:.\Generated_Source\PSoC5/pushbutton_isr.c ****     /* Set the priority. */
  73:.\Generated_Source\PSoC5/pushbutton_isr.c ****     pushbutton_isr_SetPriority((uint8)pushbutton_isr_INTC_PRIOR_NUMBER);
  74:.\Generated_Source\PSoC5/pushbutton_isr.c **** 
  75:.\Generated_Source\PSoC5/pushbutton_isr.c ****     /* Enable it. */
  76:.\Generated_Source\PSoC5/pushbutton_isr.c ****     pushbutton_isr_Enable();
  77:.\Generated_Source\PSoC5/pushbutton_isr.c **** }
  78:.\Generated_Source\PSoC5/pushbutton_isr.c **** 
  79:.\Generated_Source\PSoC5/pushbutton_isr.c **** 
  80:.\Generated_Source\PSoC5/pushbutton_isr.c **** /*******************************************************************************
  81:.\Generated_Source\PSoC5/pushbutton_isr.c **** * Function Name: pushbutton_isr_StartEx
  82:.\Generated_Source\PSoC5/pushbutton_isr.c **** ********************************************************************************
  83:.\Generated_Source\PSoC5/pushbutton_isr.c **** *
  84:.\Generated_Source\PSoC5/pushbutton_isr.c **** * Summary:
  85:.\Generated_Source\PSoC5/pushbutton_isr.c **** *  Sets up the interrupt and enables it. This function disables the interrupt,
  86:.\Generated_Source\PSoC5/pushbutton_isr.c **** *  sets the interrupt vector based on the address passed in, sets the priority 
  87:.\Generated_Source\PSoC5/pushbutton_isr.c **** *  from the value in the Design Wide Resources Interrupt Editor, then enables 
  88:.\Generated_Source\PSoC5/pushbutton_isr.c **** *  the interrupt to the interrupt controller.
ARM GAS  C:\Users\JohnP\AppData\Local\Temp\ccFIgx8V.s 			page 3


  89:.\Generated_Source\PSoC5/pushbutton_isr.c **** *  
  90:.\Generated_Source\PSoC5/pushbutton_isr.c **** *  When defining ISR functions, the CY_ISR and CY_ISR_PROTO macros should be 
  91:.\Generated_Source\PSoC5/pushbutton_isr.c **** *  used to provide consistent definition across compilers:
  92:.\Generated_Source\PSoC5/pushbutton_isr.c **** *  
  93:.\Generated_Source\PSoC5/pushbutton_isr.c **** *  Function definition example:
  94:.\Generated_Source\PSoC5/pushbutton_isr.c **** *   CY_ISR(MyISR)
  95:.\Generated_Source\PSoC5/pushbutton_isr.c **** *   {
  96:.\Generated_Source\PSoC5/pushbutton_isr.c **** *   }
  97:.\Generated_Source\PSoC5/pushbutton_isr.c **** *   Function prototype example:
  98:.\Generated_Source\PSoC5/pushbutton_isr.c **** *   CY_ISR_PROTO(MyISR);
  99:.\Generated_Source\PSoC5/pushbutton_isr.c **** *
 100:.\Generated_Source\PSoC5/pushbutton_isr.c **** * Parameters:  
 101:.\Generated_Source\PSoC5/pushbutton_isr.c **** *   address: Address of the ISR to set in the interrupt vector table.
 102:.\Generated_Source\PSoC5/pushbutton_isr.c **** *
 103:.\Generated_Source\PSoC5/pushbutton_isr.c **** * Return:
 104:.\Generated_Source\PSoC5/pushbutton_isr.c **** *   None
 105:.\Generated_Source\PSoC5/pushbutton_isr.c **** *
 106:.\Generated_Source\PSoC5/pushbutton_isr.c **** *******************************************************************************/
 107:.\Generated_Source\PSoC5/pushbutton_isr.c **** void pushbutton_isr_StartEx(cyisraddress address)
 108:.\Generated_Source\PSoC5/pushbutton_isr.c **** {
 109:.\Generated_Source\PSoC5/pushbutton_isr.c ****     /* For all we know the interrupt is active. */
 110:.\Generated_Source\PSoC5/pushbutton_isr.c ****     pushbutton_isr_Disable();
 111:.\Generated_Source\PSoC5/pushbutton_isr.c **** 
 112:.\Generated_Source\PSoC5/pushbutton_isr.c ****     /* Set the ISR to point to the pushbutton_isr Interrupt. */
 113:.\Generated_Source\PSoC5/pushbutton_isr.c ****     pushbutton_isr_SetVector(address);
 114:.\Generated_Source\PSoC5/pushbutton_isr.c **** 
 115:.\Generated_Source\PSoC5/pushbutton_isr.c ****     /* Set the priority. */
 116:.\Generated_Source\PSoC5/pushbutton_isr.c ****     pushbutton_isr_SetPriority((uint8)pushbutton_isr_INTC_PRIOR_NUMBER);
 117:.\Generated_Source\PSoC5/pushbutton_isr.c **** 
 118:.\Generated_Source\PSoC5/pushbutton_isr.c ****     /* Enable it. */
 119:.\Generated_Source\PSoC5/pushbutton_isr.c ****     pushbutton_isr_Enable();
 120:.\Generated_Source\PSoC5/pushbutton_isr.c **** }
 121:.\Generated_Source\PSoC5/pushbutton_isr.c **** 
 122:.\Generated_Source\PSoC5/pushbutton_isr.c **** 
 123:.\Generated_Source\PSoC5/pushbutton_isr.c **** /*******************************************************************************
 124:.\Generated_Source\PSoC5/pushbutton_isr.c **** * Function Name: pushbutton_isr_Stop
 125:.\Generated_Source\PSoC5/pushbutton_isr.c **** ********************************************************************************
 126:.\Generated_Source\PSoC5/pushbutton_isr.c **** *
 127:.\Generated_Source\PSoC5/pushbutton_isr.c **** * Summary:
 128:.\Generated_Source\PSoC5/pushbutton_isr.c **** *   Disables and removes the interrupt.
 129:.\Generated_Source\PSoC5/pushbutton_isr.c **** *
 130:.\Generated_Source\PSoC5/pushbutton_isr.c **** * Parameters:  
 131:.\Generated_Source\PSoC5/pushbutton_isr.c **** *   None
 132:.\Generated_Source\PSoC5/pushbutton_isr.c **** *
 133:.\Generated_Source\PSoC5/pushbutton_isr.c **** * Return:
 134:.\Generated_Source\PSoC5/pushbutton_isr.c **** *   None
 135:.\Generated_Source\PSoC5/pushbutton_isr.c **** *
 136:.\Generated_Source\PSoC5/pushbutton_isr.c **** *******************************************************************************/
 137:.\Generated_Source\PSoC5/pushbutton_isr.c **** void pushbutton_isr_Stop(void)
 138:.\Generated_Source\PSoC5/pushbutton_isr.c **** {
 139:.\Generated_Source\PSoC5/pushbutton_isr.c ****     /* Disable this interrupt. */
 140:.\Generated_Source\PSoC5/pushbutton_isr.c ****     pushbutton_isr_Disable();
 141:.\Generated_Source\PSoC5/pushbutton_isr.c **** 
 142:.\Generated_Source\PSoC5/pushbutton_isr.c ****     /* Set the ISR to point to the passive one. */
 143:.\Generated_Source\PSoC5/pushbutton_isr.c ****     pushbutton_isr_SetVector(&IntDefaultHandler);
 144:.\Generated_Source\PSoC5/pushbutton_isr.c **** }
 145:.\Generated_Source\PSoC5/pushbutton_isr.c **** 
ARM GAS  C:\Users\JohnP\AppData\Local\Temp\ccFIgx8V.s 			page 4


 146:.\Generated_Source\PSoC5/pushbutton_isr.c **** 
 147:.\Generated_Source\PSoC5/pushbutton_isr.c **** /*******************************************************************************
 148:.\Generated_Source\PSoC5/pushbutton_isr.c **** * Function Name: pushbutton_isr_Interrupt
 149:.\Generated_Source\PSoC5/pushbutton_isr.c **** ********************************************************************************
 150:.\Generated_Source\PSoC5/pushbutton_isr.c **** *
 151:.\Generated_Source\PSoC5/pushbutton_isr.c **** * Summary:
 152:.\Generated_Source\PSoC5/pushbutton_isr.c **** *   The default Interrupt Service Routine for pushbutton_isr.
 153:.\Generated_Source\PSoC5/pushbutton_isr.c **** *
 154:.\Generated_Source\PSoC5/pushbutton_isr.c **** *   Add custom code between the coments to keep the next version of this file
 155:.\Generated_Source\PSoC5/pushbutton_isr.c **** *   from over writting your code.
 156:.\Generated_Source\PSoC5/pushbutton_isr.c **** *
 157:.\Generated_Source\PSoC5/pushbutton_isr.c **** * Parameters:  
 158:.\Generated_Source\PSoC5/pushbutton_isr.c **** *
 159:.\Generated_Source\PSoC5/pushbutton_isr.c **** * Return:
 160:.\Generated_Source\PSoC5/pushbutton_isr.c **** *   None
 161:.\Generated_Source\PSoC5/pushbutton_isr.c **** *
 162:.\Generated_Source\PSoC5/pushbutton_isr.c **** *******************************************************************************/
 163:.\Generated_Source\PSoC5/pushbutton_isr.c **** CY_ISR(pushbutton_isr_Interrupt)
 164:.\Generated_Source\PSoC5/pushbutton_isr.c **** {
 165:.\Generated_Source\PSoC5/pushbutton_isr.c ****     /*  Place your Interrupt code here. */
 166:.\Generated_Source\PSoC5/pushbutton_isr.c ****     /* `#START pushbutton_isr_Interrupt` */
 167:.\Generated_Source\PSoC5/pushbutton_isr.c ****     currentState = STATE_RESET;
 168:.\Generated_Source\PSoC5/pushbutton_isr.c ****     pushbutton_isr_ClearPending();
 169:.\Generated_Source\PSoC5/pushbutton_isr.c ****     /* `#END` */
 170:.\Generated_Source\PSoC5/pushbutton_isr.c **** }
 171:.\Generated_Source\PSoC5/pushbutton_isr.c **** 
 172:.\Generated_Source\PSoC5/pushbutton_isr.c **** 
 173:.\Generated_Source\PSoC5/pushbutton_isr.c **** /*******************************************************************************
 174:.\Generated_Source\PSoC5/pushbutton_isr.c **** * Function Name: pushbutton_isr_SetVector
 175:.\Generated_Source\PSoC5/pushbutton_isr.c **** ********************************************************************************
 176:.\Generated_Source\PSoC5/pushbutton_isr.c **** *
 177:.\Generated_Source\PSoC5/pushbutton_isr.c **** * Summary:
 178:.\Generated_Source\PSoC5/pushbutton_isr.c **** *   Change the ISR vector for the Interrupt. Note calling pushbutton_isr_Start
 179:.\Generated_Source\PSoC5/pushbutton_isr.c **** *   will override any effect this method would have had. To set the vector 
 180:.\Generated_Source\PSoC5/pushbutton_isr.c **** *   before the component has been started use pushbutton_isr_StartEx instead.
 181:.\Generated_Source\PSoC5/pushbutton_isr.c **** * 
 182:.\Generated_Source\PSoC5/pushbutton_isr.c **** *   When defining ISR functions, the CY_ISR and CY_ISR_PROTO macros should be 
 183:.\Generated_Source\PSoC5/pushbutton_isr.c **** *   used to provide consistent definition across compilers:
 184:.\Generated_Source\PSoC5/pushbutton_isr.c **** *
 185:.\Generated_Source\PSoC5/pushbutton_isr.c **** *   Function definition example:
 186:.\Generated_Source\PSoC5/pushbutton_isr.c **** *   CY_ISR(MyISR)
 187:.\Generated_Source\PSoC5/pushbutton_isr.c **** *   {
 188:.\Generated_Source\PSoC5/pushbutton_isr.c **** *   }
 189:.\Generated_Source\PSoC5/pushbutton_isr.c **** *
 190:.\Generated_Source\PSoC5/pushbutton_isr.c **** *   Function prototype example:
 191:.\Generated_Source\PSoC5/pushbutton_isr.c **** *     CY_ISR_PROTO(MyISR);
 192:.\Generated_Source\PSoC5/pushbutton_isr.c **** *
 193:.\Generated_Source\PSoC5/pushbutton_isr.c **** * Parameters:
 194:.\Generated_Source\PSoC5/pushbutton_isr.c **** *   address: Address of the ISR to set in the interrupt vector table.
 195:.\Generated_Source\PSoC5/pushbutton_isr.c **** *
 196:.\Generated_Source\PSoC5/pushbutton_isr.c **** * Return:
 197:.\Generated_Source\PSoC5/pushbutton_isr.c **** *   None
 198:.\Generated_Source\PSoC5/pushbutton_isr.c **** *
 199:.\Generated_Source\PSoC5/pushbutton_isr.c **** *******************************************************************************/
 200:.\Generated_Source\PSoC5/pushbutton_isr.c **** void pushbutton_isr_SetVector(cyisraddress address)
 201:.\Generated_Source\PSoC5/pushbutton_isr.c **** {
  27              		.loc 1 201 0
ARM GAS  C:\Users\JohnP\AppData\Local\Temp\ccFIgx8V.s 			page 5


  28              		.cfi_startproc
  29              		@ args = 0, pretend = 0, frame = 0
  30              		@ frame_needed = 0, uses_anonymous_args = 0
  31              		@ link register save eliminated.
  32              	.LVL0:
 202:.\Generated_Source\PSoC5/pushbutton_isr.c ****     cyisraddress * ramVectorTable;
 203:.\Generated_Source\PSoC5/pushbutton_isr.c **** 
 204:.\Generated_Source\PSoC5/pushbutton_isr.c ****     ramVectorTable = (cyisraddress *) *CYINT_VECT_TABLE;
  33              		.loc 1 204 0
  34 0000 014B     		ldr	r3, .L2
  35 0002 1B68     		ldr	r3, [r3]
  36              	.LVL1:
 205:.\Generated_Source\PSoC5/pushbutton_isr.c **** 
 206:.\Generated_Source\PSoC5/pushbutton_isr.c ****     ramVectorTable[CYINT_IRQ_BASE + (uint32)pushbutton_isr__INTC_NUMBER] = address;
  37              		.loc 1 206 0
  38 0004 9864     		str	r0, [r3, #72]
  39 0006 7047     		bx	lr
  40              	.L3:
  41              		.align	2
  42              	.L2:
  43 0008 08ED00E0 		.word	-536810232
  44              		.cfi_endproc
  45              	.LFE4:
  46              		.size	pushbutton_isr_SetVector, .-pushbutton_isr_SetVector
  47              		.section	.text.pushbutton_isr_GetVector,"ax",%progbits
  48              		.align	2
  49              		.global	pushbutton_isr_GetVector
  50              		.thumb
  51              		.thumb_func
  52              		.type	pushbutton_isr_GetVector, %function
  53              	pushbutton_isr_GetVector:
  54              	.LFB5:
 207:.\Generated_Source\PSoC5/pushbutton_isr.c **** }
 208:.\Generated_Source\PSoC5/pushbutton_isr.c **** 
 209:.\Generated_Source\PSoC5/pushbutton_isr.c **** 
 210:.\Generated_Source\PSoC5/pushbutton_isr.c **** /*******************************************************************************
 211:.\Generated_Source\PSoC5/pushbutton_isr.c **** * Function Name: pushbutton_isr_GetVector
 212:.\Generated_Source\PSoC5/pushbutton_isr.c **** ********************************************************************************
 213:.\Generated_Source\PSoC5/pushbutton_isr.c **** *
 214:.\Generated_Source\PSoC5/pushbutton_isr.c **** * Summary:
 215:.\Generated_Source\PSoC5/pushbutton_isr.c **** *   Gets the "address" of the current ISR vector for the Interrupt.
 216:.\Generated_Source\PSoC5/pushbutton_isr.c **** *
 217:.\Generated_Source\PSoC5/pushbutton_isr.c **** * Parameters:
 218:.\Generated_Source\PSoC5/pushbutton_isr.c **** *   None
 219:.\Generated_Source\PSoC5/pushbutton_isr.c **** *
 220:.\Generated_Source\PSoC5/pushbutton_isr.c **** * Return:
 221:.\Generated_Source\PSoC5/pushbutton_isr.c **** *   Address of the ISR in the interrupt vector table.
 222:.\Generated_Source\PSoC5/pushbutton_isr.c **** *
 223:.\Generated_Source\PSoC5/pushbutton_isr.c **** *******************************************************************************/
 224:.\Generated_Source\PSoC5/pushbutton_isr.c **** cyisraddress pushbutton_isr_GetVector(void)
 225:.\Generated_Source\PSoC5/pushbutton_isr.c **** {
  55              		.loc 1 225 0
  56              		.cfi_startproc
  57              		@ args = 0, pretend = 0, frame = 0
  58              		@ frame_needed = 0, uses_anonymous_args = 0
  59              		@ link register save eliminated.
 226:.\Generated_Source\PSoC5/pushbutton_isr.c ****     cyisraddress * ramVectorTable;
ARM GAS  C:\Users\JohnP\AppData\Local\Temp\ccFIgx8V.s 			page 6


 227:.\Generated_Source\PSoC5/pushbutton_isr.c **** 
 228:.\Generated_Source\PSoC5/pushbutton_isr.c ****     ramVectorTable = (cyisraddress *) *CYINT_VECT_TABLE;
  60              		.loc 1 228 0
  61 0000 014B     		ldr	r3, .L5
  62 0002 1B68     		ldr	r3, [r3]
  63              	.LVL2:
 229:.\Generated_Source\PSoC5/pushbutton_isr.c **** 
 230:.\Generated_Source\PSoC5/pushbutton_isr.c ****     return ramVectorTable[CYINT_IRQ_BASE + (uint32)pushbutton_isr__INTC_NUMBER];
 231:.\Generated_Source\PSoC5/pushbutton_isr.c **** }
  64              		.loc 1 231 0
  65 0004 986C     		ldr	r0, [r3, #72]
  66 0006 7047     		bx	lr
  67              	.L6:
  68              		.align	2
  69              	.L5:
  70 0008 08ED00E0 		.word	-536810232
  71              		.cfi_endproc
  72              	.LFE5:
  73              		.size	pushbutton_isr_GetVector, .-pushbutton_isr_GetVector
  74              		.section	.text.pushbutton_isr_SetPriority,"ax",%progbits
  75              		.align	2
  76              		.global	pushbutton_isr_SetPriority
  77              		.thumb
  78              		.thumb_func
  79              		.type	pushbutton_isr_SetPriority, %function
  80              	pushbutton_isr_SetPriority:
  81              	.LFB6:
 232:.\Generated_Source\PSoC5/pushbutton_isr.c **** 
 233:.\Generated_Source\PSoC5/pushbutton_isr.c **** 
 234:.\Generated_Source\PSoC5/pushbutton_isr.c **** /*******************************************************************************
 235:.\Generated_Source\PSoC5/pushbutton_isr.c **** * Function Name: pushbutton_isr_SetPriority
 236:.\Generated_Source\PSoC5/pushbutton_isr.c **** ********************************************************************************
 237:.\Generated_Source\PSoC5/pushbutton_isr.c **** *
 238:.\Generated_Source\PSoC5/pushbutton_isr.c **** * Summary:
 239:.\Generated_Source\PSoC5/pushbutton_isr.c **** *   Sets the Priority of the Interrupt. 
 240:.\Generated_Source\PSoC5/pushbutton_isr.c **** *
 241:.\Generated_Source\PSoC5/pushbutton_isr.c **** *   Note calling pushbutton_isr_Start or pushbutton_isr_StartEx will 
 242:.\Generated_Source\PSoC5/pushbutton_isr.c **** *   override any effect this API would have had. This API should only be called
 243:.\Generated_Source\PSoC5/pushbutton_isr.c **** *   after pushbutton_isr_Start or pushbutton_isr_StartEx has been called. 
 244:.\Generated_Source\PSoC5/pushbutton_isr.c **** *   To set the initial priority for the component, use the Design-Wide Resources
 245:.\Generated_Source\PSoC5/pushbutton_isr.c **** *   Interrupt Editor.
 246:.\Generated_Source\PSoC5/pushbutton_isr.c **** *
 247:.\Generated_Source\PSoC5/pushbutton_isr.c **** *   Note This API has no effect on Non-maskable interrupt NMI).
 248:.\Generated_Source\PSoC5/pushbutton_isr.c **** *
 249:.\Generated_Source\PSoC5/pushbutton_isr.c **** * Parameters:
 250:.\Generated_Source\PSoC5/pushbutton_isr.c **** *   priority: Priority of the interrupt, 0 being the highest priority
 251:.\Generated_Source\PSoC5/pushbutton_isr.c **** *             PSoC 3 and PSoC 5LP: Priority is from 0 to 7.
 252:.\Generated_Source\PSoC5/pushbutton_isr.c **** *             PSoC 4: Priority is from 0 to 3.
 253:.\Generated_Source\PSoC5/pushbutton_isr.c **** *
 254:.\Generated_Source\PSoC5/pushbutton_isr.c **** * Return:
 255:.\Generated_Source\PSoC5/pushbutton_isr.c **** *   None
 256:.\Generated_Source\PSoC5/pushbutton_isr.c **** *
 257:.\Generated_Source\PSoC5/pushbutton_isr.c **** *******************************************************************************/
 258:.\Generated_Source\PSoC5/pushbutton_isr.c **** void pushbutton_isr_SetPriority(uint8 priority)
 259:.\Generated_Source\PSoC5/pushbutton_isr.c **** {
  82              		.loc 1 259 0
  83              		.cfi_startproc
ARM GAS  C:\Users\JohnP\AppData\Local\Temp\ccFIgx8V.s 			page 7


  84              		@ args = 0, pretend = 0, frame = 0
  85              		@ frame_needed = 0, uses_anonymous_args = 0
  86              		@ link register save eliminated.
  87              	.LVL3:
 260:.\Generated_Source\PSoC5/pushbutton_isr.c ****     *pushbutton_isr_INTC_PRIOR = priority << 5;
  88              		.loc 1 260 0
  89 0000 4001     		lsls	r0, r0, #5
  90              	.LVL4:
  91 0002 C0B2     		uxtb	r0, r0
  92 0004 014B     		ldr	r3, .L8
  93 0006 1870     		strb	r0, [r3]
  94 0008 7047     		bx	lr
  95              	.L9:
  96 000a 00BF     		.align	2
  97              	.L8:
  98 000c 02E400E0 		.word	-536812542
  99              		.cfi_endproc
 100              	.LFE6:
 101              		.size	pushbutton_isr_SetPriority, .-pushbutton_isr_SetPriority
 102              		.section	.text.pushbutton_isr_GetPriority,"ax",%progbits
 103              		.align	2
 104              		.global	pushbutton_isr_GetPriority
 105              		.thumb
 106              		.thumb_func
 107              		.type	pushbutton_isr_GetPriority, %function
 108              	pushbutton_isr_GetPriority:
 109              	.LFB7:
 261:.\Generated_Source\PSoC5/pushbutton_isr.c **** }
 262:.\Generated_Source\PSoC5/pushbutton_isr.c **** 
 263:.\Generated_Source\PSoC5/pushbutton_isr.c **** 
 264:.\Generated_Source\PSoC5/pushbutton_isr.c **** /*******************************************************************************
 265:.\Generated_Source\PSoC5/pushbutton_isr.c **** * Function Name: pushbutton_isr_GetPriority
 266:.\Generated_Source\PSoC5/pushbutton_isr.c **** ********************************************************************************
 267:.\Generated_Source\PSoC5/pushbutton_isr.c **** *
 268:.\Generated_Source\PSoC5/pushbutton_isr.c **** * Summary:
 269:.\Generated_Source\PSoC5/pushbutton_isr.c **** *   Gets the Priority of the Interrupt.
 270:.\Generated_Source\PSoC5/pushbutton_isr.c **** *
 271:.\Generated_Source\PSoC5/pushbutton_isr.c **** * Parameters:
 272:.\Generated_Source\PSoC5/pushbutton_isr.c **** *   None
 273:.\Generated_Source\PSoC5/pushbutton_isr.c **** *
 274:.\Generated_Source\PSoC5/pushbutton_isr.c **** * Return:
 275:.\Generated_Source\PSoC5/pushbutton_isr.c **** *   Priority of the interrupt, 0 being the highest priority
 276:.\Generated_Source\PSoC5/pushbutton_isr.c **** *    PSoC 3 and PSoC 5LP: Priority is from 0 to 7.
 277:.\Generated_Source\PSoC5/pushbutton_isr.c **** *    PSoC 4: Priority is from 0 to 3.
 278:.\Generated_Source\PSoC5/pushbutton_isr.c **** *
 279:.\Generated_Source\PSoC5/pushbutton_isr.c **** *******************************************************************************/
 280:.\Generated_Source\PSoC5/pushbutton_isr.c **** uint8 pushbutton_isr_GetPriority(void)
 281:.\Generated_Source\PSoC5/pushbutton_isr.c **** {
 110              		.loc 1 281 0
 111              		.cfi_startproc
 112              		@ args = 0, pretend = 0, frame = 0
 113              		@ frame_needed = 0, uses_anonymous_args = 0
 114              		@ link register save eliminated.
 282:.\Generated_Source\PSoC5/pushbutton_isr.c ****     uint8 priority;
 283:.\Generated_Source\PSoC5/pushbutton_isr.c **** 
 284:.\Generated_Source\PSoC5/pushbutton_isr.c **** 
 285:.\Generated_Source\PSoC5/pushbutton_isr.c ****     priority = *pushbutton_isr_INTC_PRIOR >> 5;
ARM GAS  C:\Users\JohnP\AppData\Local\Temp\ccFIgx8V.s 			page 8


 115              		.loc 1 285 0
 116 0000 014B     		ldr	r3, .L11
 117 0002 1878     		ldrb	r0, [r3]	@ zero_extendqisi2
 118              	.LVL5:
 286:.\Generated_Source\PSoC5/pushbutton_isr.c **** 
 287:.\Generated_Source\PSoC5/pushbutton_isr.c ****     return priority;
 288:.\Generated_Source\PSoC5/pushbutton_isr.c **** }
 119              		.loc 1 288 0
 120 0004 4009     		lsrs	r0, r0, #5
 121              	.LVL6:
 122 0006 7047     		bx	lr
 123              	.L12:
 124              		.align	2
 125              	.L11:
 126 0008 02E400E0 		.word	-536812542
 127              		.cfi_endproc
 128              	.LFE7:
 129              		.size	pushbutton_isr_GetPriority, .-pushbutton_isr_GetPriority
 130              		.section	.text.pushbutton_isr_Enable,"ax",%progbits
 131              		.align	2
 132              		.global	pushbutton_isr_Enable
 133              		.thumb
 134              		.thumb_func
 135              		.type	pushbutton_isr_Enable, %function
 136              	pushbutton_isr_Enable:
 137              	.LFB8:
 289:.\Generated_Source\PSoC5/pushbutton_isr.c **** 
 290:.\Generated_Source\PSoC5/pushbutton_isr.c **** 
 291:.\Generated_Source\PSoC5/pushbutton_isr.c **** /*******************************************************************************
 292:.\Generated_Source\PSoC5/pushbutton_isr.c **** * Function Name: pushbutton_isr_Enable
 293:.\Generated_Source\PSoC5/pushbutton_isr.c **** ********************************************************************************
 294:.\Generated_Source\PSoC5/pushbutton_isr.c **** *
 295:.\Generated_Source\PSoC5/pushbutton_isr.c **** * Summary:
 296:.\Generated_Source\PSoC5/pushbutton_isr.c **** *   Enables the interrupt to the interrupt controller. Do not call this function
 297:.\Generated_Source\PSoC5/pushbutton_isr.c **** *   unless ISR_Start() has been called or the functionality of the ISR_Start() 
 298:.\Generated_Source\PSoC5/pushbutton_isr.c **** *   function, which sets the vector and the priority, has been called.
 299:.\Generated_Source\PSoC5/pushbutton_isr.c **** *
 300:.\Generated_Source\PSoC5/pushbutton_isr.c **** * Parameters:
 301:.\Generated_Source\PSoC5/pushbutton_isr.c **** *   None
 302:.\Generated_Source\PSoC5/pushbutton_isr.c **** *
 303:.\Generated_Source\PSoC5/pushbutton_isr.c **** * Return:
 304:.\Generated_Source\PSoC5/pushbutton_isr.c **** *   None
 305:.\Generated_Source\PSoC5/pushbutton_isr.c **** *
 306:.\Generated_Source\PSoC5/pushbutton_isr.c **** *******************************************************************************/
 307:.\Generated_Source\PSoC5/pushbutton_isr.c **** void pushbutton_isr_Enable(void)
 308:.\Generated_Source\PSoC5/pushbutton_isr.c **** {
 138              		.loc 1 308 0
 139              		.cfi_startproc
 140              		@ args = 0, pretend = 0, frame = 0
 141              		@ frame_needed = 0, uses_anonymous_args = 0
 142              		@ link register save eliminated.
 309:.\Generated_Source\PSoC5/pushbutton_isr.c ****     /* Enable the general interrupt. */
 310:.\Generated_Source\PSoC5/pushbutton_isr.c ****     *pushbutton_isr_INTC_SET_EN = pushbutton_isr__INTC_MASK;
 143              		.loc 1 310 0
 144 0000 0422     		movs	r2, #4
 145 0002 014B     		ldr	r3, .L14
 146 0004 1A60     		str	r2, [r3]
ARM GAS  C:\Users\JohnP\AppData\Local\Temp\ccFIgx8V.s 			page 9


 147 0006 7047     		bx	lr
 148              	.L15:
 149              		.align	2
 150              	.L14:
 151 0008 00E100E0 		.word	-536813312
 152              		.cfi_endproc
 153              	.LFE8:
 154              		.size	pushbutton_isr_Enable, .-pushbutton_isr_Enable
 155              		.section	.text.pushbutton_isr_GetState,"ax",%progbits
 156              		.align	2
 157              		.global	pushbutton_isr_GetState
 158              		.thumb
 159              		.thumb_func
 160              		.type	pushbutton_isr_GetState, %function
 161              	pushbutton_isr_GetState:
 162              	.LFB9:
 311:.\Generated_Source\PSoC5/pushbutton_isr.c **** }
 312:.\Generated_Source\PSoC5/pushbutton_isr.c **** 
 313:.\Generated_Source\PSoC5/pushbutton_isr.c **** 
 314:.\Generated_Source\PSoC5/pushbutton_isr.c **** /*******************************************************************************
 315:.\Generated_Source\PSoC5/pushbutton_isr.c **** * Function Name: pushbutton_isr_GetState
 316:.\Generated_Source\PSoC5/pushbutton_isr.c **** ********************************************************************************
 317:.\Generated_Source\PSoC5/pushbutton_isr.c **** *
 318:.\Generated_Source\PSoC5/pushbutton_isr.c **** * Summary:
 319:.\Generated_Source\PSoC5/pushbutton_isr.c **** *   Gets the state (enabled, disabled) of the Interrupt.
 320:.\Generated_Source\PSoC5/pushbutton_isr.c **** *
 321:.\Generated_Source\PSoC5/pushbutton_isr.c **** * Parameters:
 322:.\Generated_Source\PSoC5/pushbutton_isr.c **** *   None
 323:.\Generated_Source\PSoC5/pushbutton_isr.c **** *
 324:.\Generated_Source\PSoC5/pushbutton_isr.c **** * Return:
 325:.\Generated_Source\PSoC5/pushbutton_isr.c **** *   1 if enabled, 0 if disabled.
 326:.\Generated_Source\PSoC5/pushbutton_isr.c **** *
 327:.\Generated_Source\PSoC5/pushbutton_isr.c **** *******************************************************************************/
 328:.\Generated_Source\PSoC5/pushbutton_isr.c **** uint8 pushbutton_isr_GetState(void)
 329:.\Generated_Source\PSoC5/pushbutton_isr.c **** {
 163              		.loc 1 329 0
 164              		.cfi_startproc
 165              		@ args = 0, pretend = 0, frame = 0
 166              		@ frame_needed = 0, uses_anonymous_args = 0
 167              		@ link register save eliminated.
 330:.\Generated_Source\PSoC5/pushbutton_isr.c ****     /* Get the state of the general interrupt. */
 331:.\Generated_Source\PSoC5/pushbutton_isr.c ****     return ((*pushbutton_isr_INTC_SET_EN & (uint32)pushbutton_isr__INTC_MASK) != 0u) ? 1u:0u;
 168              		.loc 1 331 0
 169 0000 044B     		ldr	r3, .L19
 170 0002 1B68     		ldr	r3, [r3]
 171 0004 13F0040F 		tst	r3, #4
 172 0008 01D0     		beq	.L18
 173 000a 0120     		movs	r0, #1
 174 000c 7047     		bx	lr
 175              	.L18:
 176 000e 0020     		movs	r0, #0
 332:.\Generated_Source\PSoC5/pushbutton_isr.c **** }
 177              		.loc 1 332 0
 178 0010 7047     		bx	lr
 179              	.L20:
 180 0012 00BF     		.align	2
 181              	.L19:
ARM GAS  C:\Users\JohnP\AppData\Local\Temp\ccFIgx8V.s 			page 10


 182 0014 00E100E0 		.word	-536813312
 183              		.cfi_endproc
 184              	.LFE9:
 185              		.size	pushbutton_isr_GetState, .-pushbutton_isr_GetState
 186              		.section	.text.pushbutton_isr_Disable,"ax",%progbits
 187              		.align	2
 188              		.global	pushbutton_isr_Disable
 189              		.thumb
 190              		.thumb_func
 191              		.type	pushbutton_isr_Disable, %function
 192              	pushbutton_isr_Disable:
 193              	.LFB10:
 333:.\Generated_Source\PSoC5/pushbutton_isr.c **** 
 334:.\Generated_Source\PSoC5/pushbutton_isr.c **** 
 335:.\Generated_Source\PSoC5/pushbutton_isr.c **** /*******************************************************************************
 336:.\Generated_Source\PSoC5/pushbutton_isr.c **** * Function Name: pushbutton_isr_Disable
 337:.\Generated_Source\PSoC5/pushbutton_isr.c **** ********************************************************************************
 338:.\Generated_Source\PSoC5/pushbutton_isr.c **** *
 339:.\Generated_Source\PSoC5/pushbutton_isr.c **** * Summary:
 340:.\Generated_Source\PSoC5/pushbutton_isr.c **** *   Disables the Interrupt in the interrupt controller.
 341:.\Generated_Source\PSoC5/pushbutton_isr.c **** *
 342:.\Generated_Source\PSoC5/pushbutton_isr.c **** * Parameters:
 343:.\Generated_Source\PSoC5/pushbutton_isr.c **** *   None
 344:.\Generated_Source\PSoC5/pushbutton_isr.c **** *
 345:.\Generated_Source\PSoC5/pushbutton_isr.c **** * Return:
 346:.\Generated_Source\PSoC5/pushbutton_isr.c **** *   None
 347:.\Generated_Source\PSoC5/pushbutton_isr.c **** *
 348:.\Generated_Source\PSoC5/pushbutton_isr.c **** *******************************************************************************/
 349:.\Generated_Source\PSoC5/pushbutton_isr.c **** void pushbutton_isr_Disable(void)
 350:.\Generated_Source\PSoC5/pushbutton_isr.c **** {
 194              		.loc 1 350 0
 195              		.cfi_startproc
 196              		@ args = 0, pretend = 0, frame = 0
 197              		@ frame_needed = 0, uses_anonymous_args = 0
 198              		@ link register save eliminated.
 351:.\Generated_Source\PSoC5/pushbutton_isr.c ****     /* Disable the general interrupt. */
 352:.\Generated_Source\PSoC5/pushbutton_isr.c ****     *pushbutton_isr_INTC_CLR_EN = pushbutton_isr__INTC_MASK;
 199              		.loc 1 352 0
 200 0000 0422     		movs	r2, #4
 201 0002 014B     		ldr	r3, .L22
 202 0004 1A60     		str	r2, [r3]
 203 0006 7047     		bx	lr
 204              	.L23:
 205              		.align	2
 206              	.L22:
 207 0008 80E100E0 		.word	-536813184
 208              		.cfi_endproc
 209              	.LFE10:
 210              		.size	pushbutton_isr_Disable, .-pushbutton_isr_Disable
 211              		.section	.text.pushbutton_isr_Start,"ax",%progbits
 212              		.align	2
 213              		.global	pushbutton_isr_Start
 214              		.thumb
 215              		.thumb_func
 216              		.type	pushbutton_isr_Start, %function
 217              	pushbutton_isr_Start:
 218              	.LFB0:
ARM GAS  C:\Users\JohnP\AppData\Local\Temp\ccFIgx8V.s 			page 11


  65:.\Generated_Source\PSoC5/pushbutton_isr.c **** {
 219              		.loc 1 65 0
 220              		.cfi_startproc
 221              		@ args = 0, pretend = 0, frame = 0
 222              		@ frame_needed = 0, uses_anonymous_args = 0
 223 0000 08B5     		push	{r3, lr}
 224              		.cfi_def_cfa_offset 8
 225              		.cfi_offset 3, -8
 226              		.cfi_offset 14, -4
  67:.\Generated_Source\PSoC5/pushbutton_isr.c ****     pushbutton_isr_Disable();
 227              		.loc 1 67 0
 228 0002 FFF7FEFF 		bl	pushbutton_isr_Disable
 229              	.LVL7:
  70:.\Generated_Source\PSoC5/pushbutton_isr.c ****     pushbutton_isr_SetVector(&pushbutton_isr_Interrupt);
 230              		.loc 1 70 0
 231 0006 0448     		ldr	r0, .L25
 232 0008 FFF7FEFF 		bl	pushbutton_isr_SetVector
 233              	.LVL8:
  73:.\Generated_Source\PSoC5/pushbutton_isr.c ****     pushbutton_isr_SetPriority((uint8)pushbutton_isr_INTC_PRIOR_NUMBER);
 234              		.loc 1 73 0
 235 000c 0720     		movs	r0, #7
 236 000e FFF7FEFF 		bl	pushbutton_isr_SetPriority
 237              	.LVL9:
  76:.\Generated_Source\PSoC5/pushbutton_isr.c ****     pushbutton_isr_Enable();
 238              		.loc 1 76 0
 239 0012 FFF7FEFF 		bl	pushbutton_isr_Enable
 240              	.LVL10:
 241 0016 08BD     		pop	{r3, pc}
 242              	.L26:
 243              		.align	2
 244              	.L25:
 245 0018 00000000 		.word	pushbutton_isr_Interrupt
 246              		.cfi_endproc
 247              	.LFE0:
 248              		.size	pushbutton_isr_Start, .-pushbutton_isr_Start
 249              		.section	.text.pushbutton_isr_StartEx,"ax",%progbits
 250              		.align	2
 251              		.global	pushbutton_isr_StartEx
 252              		.thumb
 253              		.thumb_func
 254              		.type	pushbutton_isr_StartEx, %function
 255              	pushbutton_isr_StartEx:
 256              	.LFB1:
 108:.\Generated_Source\PSoC5/pushbutton_isr.c **** {
 257              		.loc 1 108 0
 258              		.cfi_startproc
 259              		@ args = 0, pretend = 0, frame = 0
 260              		@ frame_needed = 0, uses_anonymous_args = 0
 261              	.LVL11:
 262 0000 10B5     		push	{r4, lr}
 263              		.cfi_def_cfa_offset 8
 264              		.cfi_offset 4, -8
 265              		.cfi_offset 14, -4
 266 0002 0446     		mov	r4, r0
 110:.\Generated_Source\PSoC5/pushbutton_isr.c ****     pushbutton_isr_Disable();
 267              		.loc 1 110 0
 268 0004 FFF7FEFF 		bl	pushbutton_isr_Disable
ARM GAS  C:\Users\JohnP\AppData\Local\Temp\ccFIgx8V.s 			page 12


 269              	.LVL12:
 113:.\Generated_Source\PSoC5/pushbutton_isr.c ****     pushbutton_isr_SetVector(address);
 270              		.loc 1 113 0
 271 0008 2046     		mov	r0, r4
 272 000a FFF7FEFF 		bl	pushbutton_isr_SetVector
 273              	.LVL13:
 116:.\Generated_Source\PSoC5/pushbutton_isr.c ****     pushbutton_isr_SetPriority((uint8)pushbutton_isr_INTC_PRIOR_NUMBER);
 274              		.loc 1 116 0
 275 000e 0720     		movs	r0, #7
 276 0010 FFF7FEFF 		bl	pushbutton_isr_SetPriority
 277              	.LVL14:
 119:.\Generated_Source\PSoC5/pushbutton_isr.c ****     pushbutton_isr_Enable();
 278              		.loc 1 119 0
 279 0014 FFF7FEFF 		bl	pushbutton_isr_Enable
 280              	.LVL15:
 281 0018 10BD     		pop	{r4, pc}
 282              		.cfi_endproc
 283              	.LFE1:
 284              		.size	pushbutton_isr_StartEx, .-pushbutton_isr_StartEx
 285 001a 00BF     		.section	.text.pushbutton_isr_Stop,"ax",%progbits
 286              		.align	2
 287              		.global	pushbutton_isr_Stop
 288              		.thumb
 289              		.thumb_func
 290              		.type	pushbutton_isr_Stop, %function
 291              	pushbutton_isr_Stop:
 292              	.LFB2:
 138:.\Generated_Source\PSoC5/pushbutton_isr.c **** {
 293              		.loc 1 138 0
 294              		.cfi_startproc
 295              		@ args = 0, pretend = 0, frame = 0
 296              		@ frame_needed = 0, uses_anonymous_args = 0
 297 0000 08B5     		push	{r3, lr}
 298              		.cfi_def_cfa_offset 8
 299              		.cfi_offset 3, -8
 300              		.cfi_offset 14, -4
 140:.\Generated_Source\PSoC5/pushbutton_isr.c ****     pushbutton_isr_Disable();
 301              		.loc 1 140 0
 302 0002 FFF7FEFF 		bl	pushbutton_isr_Disable
 303              	.LVL16:
 143:.\Generated_Source\PSoC5/pushbutton_isr.c ****     pushbutton_isr_SetVector(&IntDefaultHandler);
 304              		.loc 1 143 0
 305 0006 0248     		ldr	r0, .L29
 306 0008 FFF7FEFF 		bl	pushbutton_isr_SetVector
 307              	.LVL17:
 308 000c 08BD     		pop	{r3, pc}
 309              	.L30:
 310 000e 00BF     		.align	2
 311              	.L29:
 312 0010 00000000 		.word	IntDefaultHandler
 313              		.cfi_endproc
 314              	.LFE2:
 315              		.size	pushbutton_isr_Stop, .-pushbutton_isr_Stop
 316              		.section	.text.pushbutton_isr_SetPending,"ax",%progbits
 317              		.align	2
 318              		.global	pushbutton_isr_SetPending
 319              		.thumb
ARM GAS  C:\Users\JohnP\AppData\Local\Temp\ccFIgx8V.s 			page 13


 320              		.thumb_func
 321              		.type	pushbutton_isr_SetPending, %function
 322              	pushbutton_isr_SetPending:
 323              	.LFB11:
 353:.\Generated_Source\PSoC5/pushbutton_isr.c **** }
 354:.\Generated_Source\PSoC5/pushbutton_isr.c **** 
 355:.\Generated_Source\PSoC5/pushbutton_isr.c **** 
 356:.\Generated_Source\PSoC5/pushbutton_isr.c **** /*******************************************************************************
 357:.\Generated_Source\PSoC5/pushbutton_isr.c **** * Function Name: pushbutton_isr_SetPending
 358:.\Generated_Source\PSoC5/pushbutton_isr.c **** ********************************************************************************
 359:.\Generated_Source\PSoC5/pushbutton_isr.c **** *
 360:.\Generated_Source\PSoC5/pushbutton_isr.c **** * Summary:
 361:.\Generated_Source\PSoC5/pushbutton_isr.c **** *   Causes the Interrupt to enter the pending state, a software method of
 362:.\Generated_Source\PSoC5/pushbutton_isr.c **** *   generating the interrupt.
 363:.\Generated_Source\PSoC5/pushbutton_isr.c **** *
 364:.\Generated_Source\PSoC5/pushbutton_isr.c **** * Parameters:
 365:.\Generated_Source\PSoC5/pushbutton_isr.c **** *   None
 366:.\Generated_Source\PSoC5/pushbutton_isr.c **** *
 367:.\Generated_Source\PSoC5/pushbutton_isr.c **** * Return:
 368:.\Generated_Source\PSoC5/pushbutton_isr.c **** *   None
 369:.\Generated_Source\PSoC5/pushbutton_isr.c **** *
 370:.\Generated_Source\PSoC5/pushbutton_isr.c **** * Side Effects:
 371:.\Generated_Source\PSoC5/pushbutton_isr.c **** *   If interrupts are enabled and the interrupt is set up properly, the ISR is
 372:.\Generated_Source\PSoC5/pushbutton_isr.c **** *   entered (depending on the priority of this interrupt and other pending 
 373:.\Generated_Source\PSoC5/pushbutton_isr.c **** *   interrupts).
 374:.\Generated_Source\PSoC5/pushbutton_isr.c **** *
 375:.\Generated_Source\PSoC5/pushbutton_isr.c **** *******************************************************************************/
 376:.\Generated_Source\PSoC5/pushbutton_isr.c **** void pushbutton_isr_SetPending(void)
 377:.\Generated_Source\PSoC5/pushbutton_isr.c **** {
 324              		.loc 1 377 0
 325              		.cfi_startproc
 326              		@ args = 0, pretend = 0, frame = 0
 327              		@ frame_needed = 0, uses_anonymous_args = 0
 328              		@ link register save eliminated.
 378:.\Generated_Source\PSoC5/pushbutton_isr.c ****     *pushbutton_isr_INTC_SET_PD = pushbutton_isr__INTC_MASK;
 329              		.loc 1 378 0
 330 0000 0422     		movs	r2, #4
 331 0002 014B     		ldr	r3, .L32
 332 0004 1A60     		str	r2, [r3]
 333 0006 7047     		bx	lr
 334              	.L33:
 335              		.align	2
 336              	.L32:
 337 0008 00E200E0 		.word	-536813056
 338              		.cfi_endproc
 339              	.LFE11:
 340              		.size	pushbutton_isr_SetPending, .-pushbutton_isr_SetPending
 341              		.section	.text.pushbutton_isr_ClearPending,"ax",%progbits
 342              		.align	2
 343              		.global	pushbutton_isr_ClearPending
 344              		.thumb
 345              		.thumb_func
 346              		.type	pushbutton_isr_ClearPending, %function
 347              	pushbutton_isr_ClearPending:
 348              	.LFB12:
 379:.\Generated_Source\PSoC5/pushbutton_isr.c **** }
 380:.\Generated_Source\PSoC5/pushbutton_isr.c **** 
ARM GAS  C:\Users\JohnP\AppData\Local\Temp\ccFIgx8V.s 			page 14


 381:.\Generated_Source\PSoC5/pushbutton_isr.c **** 
 382:.\Generated_Source\PSoC5/pushbutton_isr.c **** /*******************************************************************************
 383:.\Generated_Source\PSoC5/pushbutton_isr.c **** * Function Name: pushbutton_isr_ClearPending
 384:.\Generated_Source\PSoC5/pushbutton_isr.c **** ********************************************************************************
 385:.\Generated_Source\PSoC5/pushbutton_isr.c **** *
 386:.\Generated_Source\PSoC5/pushbutton_isr.c **** * Summary:
 387:.\Generated_Source\PSoC5/pushbutton_isr.c **** *   Clears a pending interrupt in the interrupt controller.
 388:.\Generated_Source\PSoC5/pushbutton_isr.c **** *
 389:.\Generated_Source\PSoC5/pushbutton_isr.c **** *   Note Some interrupt sources are clear-on-read and require the block 
 390:.\Generated_Source\PSoC5/pushbutton_isr.c **** *   interrupt/status register to be read/cleared with the appropriate block API 
 391:.\Generated_Source\PSoC5/pushbutton_isr.c **** *   (GPIO, UART, and so on). Otherwise the ISR will continue to remain in 
 392:.\Generated_Source\PSoC5/pushbutton_isr.c **** *   pending state even though the interrupt itself is cleared using this API.
 393:.\Generated_Source\PSoC5/pushbutton_isr.c **** *
 394:.\Generated_Source\PSoC5/pushbutton_isr.c **** * Parameters:
 395:.\Generated_Source\PSoC5/pushbutton_isr.c **** *   None
 396:.\Generated_Source\PSoC5/pushbutton_isr.c **** *
 397:.\Generated_Source\PSoC5/pushbutton_isr.c **** * Return:
 398:.\Generated_Source\PSoC5/pushbutton_isr.c **** *   None
 399:.\Generated_Source\PSoC5/pushbutton_isr.c **** *
 400:.\Generated_Source\PSoC5/pushbutton_isr.c **** *******************************************************************************/
 401:.\Generated_Source\PSoC5/pushbutton_isr.c **** void pushbutton_isr_ClearPending(void)
 402:.\Generated_Source\PSoC5/pushbutton_isr.c **** {
 349              		.loc 1 402 0
 350              		.cfi_startproc
 351              		@ args = 0, pretend = 0, frame = 0
 352              		@ frame_needed = 0, uses_anonymous_args = 0
 353              		@ link register save eliminated.
 403:.\Generated_Source\PSoC5/pushbutton_isr.c ****     *pushbutton_isr_INTC_CLR_PD = pushbutton_isr__INTC_MASK;
 354              		.loc 1 403 0
 355 0000 0422     		movs	r2, #4
 356 0002 014B     		ldr	r3, .L35
 357 0004 1A60     		str	r2, [r3]
 358 0006 7047     		bx	lr
 359              	.L36:
 360              		.align	2
 361              	.L35:
 362 0008 80E200E0 		.word	-536812928
 363              		.cfi_endproc
 364              	.LFE12:
 365              		.size	pushbutton_isr_ClearPending, .-pushbutton_isr_ClearPending
 366              		.section	.text.pushbutton_isr_Interrupt,"ax",%progbits
 367              		.align	2
 368              		.global	pushbutton_isr_Interrupt
 369              		.thumb
 370              		.thumb_func
 371              		.type	pushbutton_isr_Interrupt, %function
 372              	pushbutton_isr_Interrupt:
 373              	.LFB3:
 164:.\Generated_Source\PSoC5/pushbutton_isr.c **** {
 374              		.loc 1 164 0
 375              		.cfi_startproc
 376              		@ args = 0, pretend = 0, frame = 0
 377              		@ frame_needed = 0, uses_anonymous_args = 0
 378 0000 08B5     		push	{r3, lr}
 379              		.cfi_def_cfa_offset 8
 380              		.cfi_offset 3, -8
 381              		.cfi_offset 14, -4
ARM GAS  C:\Users\JohnP\AppData\Local\Temp\ccFIgx8V.s 			page 15


 167:.\Generated_Source\PSoC5/pushbutton_isr.c ****     currentState = STATE_RESET;
 382              		.loc 1 167 0
 383 0002 0122     		movs	r2, #1
 384 0004 024B     		ldr	r3, .L38
 385 0006 1A60     		str	r2, [r3]
 168:.\Generated_Source\PSoC5/pushbutton_isr.c ****     pushbutton_isr_ClearPending();
 386              		.loc 1 168 0
 387 0008 FFF7FEFF 		bl	pushbutton_isr_ClearPending
 388              	.LVL18:
 389 000c 08BD     		pop	{r3, pc}
 390              	.L39:
 391 000e 00BF     		.align	2
 392              	.L38:
 393 0010 00000000 		.word	currentState
 394              		.cfi_endproc
 395              	.LFE3:
 396              		.size	pushbutton_isr_Interrupt, .-pushbutton_isr_Interrupt
 397              		.comm	Prev_state,4,4
 398              		.comm	currentState,4,4
 399              		.text
 400              	.Letext0:
 401              		.file 2 "Generated_Source\\PSoC5/cytypes.h"
 402              		.file 3 "./states.h"
 403              		.section	.debug_info,"",%progbits
 404              	.Ldebug_info0:
 405 0000 00030000 		.4byte	0x300
 406 0004 0400     		.2byte	0x4
 407 0006 00000000 		.4byte	.Ldebug_abbrev0
 408 000a 04       		.byte	0x4
 409 000b 01       		.uleb128 0x1
 410 000c 36020000 		.4byte	.LASF36
 411 0010 01       		.byte	0x1
 412 0011 30030000 		.4byte	.LASF37
 413 0015 29010000 		.4byte	.LASF38
 414 0019 00000000 		.4byte	.Ldebug_ranges0+0
 415 001d 00000000 		.4byte	0
 416 0021 00000000 		.4byte	.Ldebug_line0
 417 0025 02       		.uleb128 0x2
 418 0026 04       		.byte	0x4
 419 0027 05       		.byte	0x5
 420 0028 696E7400 		.ascii	"int\000"
 421 002c 03       		.uleb128 0x3
 422 002d 04       		.byte	0x4
 423 002e 07       		.byte	0x7
 424 002f CA010000 		.4byte	.LASF0
 425 0033 03       		.uleb128 0x3
 426 0034 01       		.byte	0x1
 427 0035 06       		.byte	0x6
 428 0036 24030000 		.4byte	.LASF1
 429 003a 03       		.uleb128 0x3
 430 003b 01       		.byte	0x1
 431 003c 08       		.byte	0x8
 432 003d E3000000 		.4byte	.LASF2
 433 0041 03       		.uleb128 0x3
 434 0042 02       		.byte	0x2
 435 0043 05       		.byte	0x5
 436 0044 F6020000 		.4byte	.LASF3
ARM GAS  C:\Users\JohnP\AppData\Local\Temp\ccFIgx8V.s 			page 16


 437 0048 03       		.uleb128 0x3
 438 0049 02       		.byte	0x2
 439 004a 07       		.byte	0x7
 440 004b 98000000 		.4byte	.LASF4
 441 004f 03       		.uleb128 0x3
 442 0050 04       		.byte	0x4
 443 0051 05       		.byte	0x5
 444 0052 1B030000 		.4byte	.LASF5
 445 0056 03       		.uleb128 0x3
 446 0057 04       		.byte	0x4
 447 0058 07       		.byte	0x7
 448 0059 0B010000 		.4byte	.LASF6
 449 005d 03       		.uleb128 0x3
 450 005e 08       		.byte	0x8
 451 005f 05       		.byte	0x5
 452 0060 BB020000 		.4byte	.LASF7
 453 0064 03       		.uleb128 0x3
 454 0065 08       		.byte	0x8
 455 0066 07       		.byte	0x7
 456 0067 F8010000 		.4byte	.LASF8
 457 006b 03       		.uleb128 0x3
 458 006c 04       		.byte	0x4
 459 006d 07       		.byte	0x7
 460 006e B2020000 		.4byte	.LASF9
 461 0072 04       		.uleb128 0x4
 462 0073 04       		.byte	0x4
 463 0074 78000000 		.4byte	0x78
 464 0078 05       		.uleb128 0x5
 465 0079 03       		.uleb128 0x3
 466 007a 01       		.byte	0x1
 467 007b 08       		.byte	0x8
 468 007c C9020000 		.4byte	.LASF10
 469 0080 06       		.uleb128 0x6
 470 0081 23010000 		.4byte	.LASF11
 471 0085 02       		.byte	0x2
 472 0086 B4       		.byte	0xb4
 473 0087 3A000000 		.4byte	0x3a
 474 008b 06       		.uleb128 0x6
 475 008c C3010000 		.4byte	.LASF12
 476 0090 02       		.byte	0x2
 477 0091 B6       		.byte	0xb6
 478 0092 56000000 		.4byte	0x56
 479 0096 03       		.uleb128 0x3
 480 0097 04       		.byte	0x4
 481 0098 04       		.byte	0x4
 482 0099 DD000000 		.4byte	.LASF13
 483 009d 03       		.uleb128 0x3
 484 009e 08       		.byte	0x8
 485 009f 04       		.byte	0x4
 486 00a0 BC010000 		.4byte	.LASF14
 487 00a4 07       		.uleb128 0x7
 488 00a5 06010000 		.4byte	.LASF15
 489 00a9 02       		.byte	0x2
 490 00aa 5E01     		.2byte	0x15e
 491 00ac B0000000 		.4byte	0xb0
 492 00b0 08       		.uleb128 0x8
 493 00b1 80000000 		.4byte	0x80
ARM GAS  C:\Users\JohnP\AppData\Local\Temp\ccFIgx8V.s 			page 17


 494 00b5 07       		.uleb128 0x7
 495 00b6 32000000 		.4byte	.LASF16
 496 00ba 02       		.byte	0x2
 497 00bb 6001     		.2byte	0x160
 498 00bd C1000000 		.4byte	0xc1
 499 00c1 08       		.uleb128 0x8
 500 00c2 8B000000 		.4byte	0x8b
 501 00c6 07       		.uleb128 0x7
 502 00c7 29020000 		.4byte	.LASF17
 503 00cb 02       		.byte	0x2
 504 00cc 7001     		.2byte	0x170
 505 00ce 72000000 		.4byte	0x72
 506 00d2 06       		.uleb128 0x6
 507 00d3 1D010000 		.4byte	.LASF18
 508 00d7 03       		.byte	0x3
 509 00d8 19       		.byte	0x19
 510 00d9 25000000 		.4byte	0x25
 511 00dd 09       		.uleb128 0x9
 512 00de D7010000 		.4byte	.LASF20
 513 00e2 01       		.byte	0x1
 514 00e3 C8       		.byte	0xc8
 515 00e4 00000000 		.4byte	.LFB4
 516 00e8 0C000000 		.4byte	.LFE4-.LFB4
 517 00ec 01       		.uleb128 0x1
 518 00ed 9C       		.byte	0x9c
 519 00ee 0D010000 		.4byte	0x10d
 520 00f2 0A       		.uleb128 0xa
 521 00f3 F0010000 		.4byte	.LASF22
 522 00f7 01       		.byte	0x1
 523 00f8 C8       		.byte	0xc8
 524 00f9 C6000000 		.4byte	0xc6
 525 00fd 01       		.uleb128 0x1
 526 00fe 50       		.byte	0x50
 527 00ff 0B       		.uleb128 0xb
 528 0100 CE020000 		.4byte	.LASF19
 529 0104 01       		.byte	0x1
 530 0105 CA       		.byte	0xca
 531 0106 0D010000 		.4byte	0x10d
 532 010a 01       		.uleb128 0x1
 533 010b 53       		.byte	0x53
 534 010c 00       		.byte	0
 535 010d 04       		.uleb128 0x4
 536 010e 04       		.byte	0x4
 537 010f C6000000 		.4byte	0xc6
 538 0113 0C       		.uleb128 0xc
 539 0114 7F000000 		.4byte	.LASF24
 540 0118 01       		.byte	0x1
 541 0119 E0       		.byte	0xe0
 542 011a C6000000 		.4byte	0xc6
 543 011e 00000000 		.4byte	.LFB5
 544 0122 0C000000 		.4byte	.LFE5-.LFB5
 545 0126 01       		.uleb128 0x1
 546 0127 9C       		.byte	0x9c
 547 0128 3A010000 		.4byte	0x13a
 548 012c 0B       		.uleb128 0xb
 549 012d CE020000 		.4byte	.LASF19
 550 0131 01       		.byte	0x1
ARM GAS  C:\Users\JohnP\AppData\Local\Temp\ccFIgx8V.s 			page 18


 551 0132 E2       		.byte	0xe2
 552 0133 0D010000 		.4byte	0x10d
 553 0137 01       		.uleb128 0x1
 554 0138 53       		.byte	0x53
 555 0139 00       		.byte	0
 556 013a 0D       		.uleb128 0xd
 557 013b C2000000 		.4byte	.LASF21
 558 013f 01       		.byte	0x1
 559 0140 0201     		.2byte	0x102
 560 0142 00000000 		.4byte	.LFB6
 561 0146 10000000 		.4byte	.LFE6-.LFB6
 562 014a 01       		.uleb128 0x1
 563 014b 9C       		.byte	0x9c
 564 014c 61010000 		.4byte	0x161
 565 0150 0E       		.uleb128 0xe
 566 0151 9F010000 		.4byte	.LASF23
 567 0155 01       		.byte	0x1
 568 0156 0201     		.2byte	0x102
 569 0158 80000000 		.4byte	0x80
 570 015c 00000000 		.4byte	.LLST0
 571 0160 00       		.byte	0
 572 0161 0F       		.uleb128 0xf
 573 0162 00030000 		.4byte	.LASF25
 574 0166 01       		.byte	0x1
 575 0167 1801     		.2byte	0x118
 576 0169 80000000 		.4byte	0x80
 577 016d 00000000 		.4byte	.LFB7
 578 0171 0C000000 		.4byte	.LFE7-.LFB7
 579 0175 01       		.uleb128 0x1
 580 0176 9C       		.byte	0x9c
 581 0177 8C010000 		.4byte	0x18c
 582 017b 10       		.uleb128 0x10
 583 017c 9F010000 		.4byte	.LASF23
 584 0180 01       		.byte	0x1
 585 0181 1A01     		.2byte	0x11a
 586 0183 80000000 		.4byte	0x80
 587 0187 21000000 		.4byte	.LLST1
 588 018b 00       		.byte	0
 589 018c 11       		.uleb128 0x11
 590 018d 1C000000 		.4byte	.LASF26
 591 0191 01       		.byte	0x1
 592 0192 3301     		.2byte	0x133
 593 0194 00000000 		.4byte	.LFB8
 594 0198 0C000000 		.4byte	.LFE8-.LFB8
 595 019c 01       		.uleb128 0x1
 596 019d 9C       		.byte	0x9c
 597 019e 12       		.uleb128 0x12
 598 019f 4F000000 		.4byte	.LASF39
 599 01a3 01       		.byte	0x1
 600 01a4 4801     		.2byte	0x148
 601 01a6 80000000 		.4byte	0x80
 602 01aa 00000000 		.4byte	.LFB9
 603 01ae 18000000 		.4byte	.LFE9-.LFB9
 604 01b2 01       		.uleb128 0x1
 605 01b3 9C       		.byte	0x9c
 606 01b4 11       		.uleb128 0x11
 607 01b5 AB000000 		.4byte	.LASF27
ARM GAS  C:\Users\JohnP\AppData\Local\Temp\ccFIgx8V.s 			page 19


 608 01b9 01       		.byte	0x1
 609 01ba 5D01     		.2byte	0x15d
 610 01bc 00000000 		.4byte	.LFB10
 611 01c0 0C000000 		.4byte	.LFE10-.LFB10
 612 01c4 01       		.uleb128 0x1
 613 01c5 9C       		.byte	0x9c
 614 01c6 09       		.uleb128 0x9
 615 01c7 F1000000 		.4byte	.LASF28
 616 01cb 01       		.byte	0x1
 617 01cc 40       		.byte	0x40
 618 01cd 00000000 		.4byte	.LFB0
 619 01d1 1C000000 		.4byte	.LFE0-.LFB0
 620 01d5 01       		.uleb128 0x1
 621 01d6 9C       		.byte	0x9c
 622 01d7 18020000 		.4byte	0x218
 623 01db 13       		.uleb128 0x13
 624 01dc 06000000 		.4byte	.LVL7
 625 01e0 B4010000 		.4byte	0x1b4
 626 01e4 14       		.uleb128 0x14
 627 01e5 0C000000 		.4byte	.LVL8
 628 01e9 DD000000 		.4byte	0xdd
 629 01ed FB010000 		.4byte	0x1fb
 630 01f1 15       		.uleb128 0x15
 631 01f2 01       		.uleb128 0x1
 632 01f3 50       		.byte	0x50
 633 01f4 05       		.uleb128 0x5
 634 01f5 03       		.byte	0x3
 635 01f6 00000000 		.4byte	pushbutton_isr_Interrupt
 636 01fa 00       		.byte	0
 637 01fb 14       		.uleb128 0x14
 638 01fc 12000000 		.4byte	.LVL9
 639 0200 3A010000 		.4byte	0x13a
 640 0204 0E020000 		.4byte	0x20e
 641 0208 15       		.uleb128 0x15
 642 0209 01       		.uleb128 0x1
 643 020a 50       		.byte	0x50
 644 020b 01       		.uleb128 0x1
 645 020c 37       		.byte	0x37
 646 020d 00       		.byte	0
 647 020e 13       		.uleb128 0x13
 648 020f 16000000 		.4byte	.LVL10
 649 0213 8C010000 		.4byte	0x18c
 650 0217 00       		.byte	0
 651 0218 09       		.uleb128 0x9
 652 0219 38000000 		.4byte	.LASF29
 653 021d 01       		.byte	0x1
 654 021e 6B       		.byte	0x6b
 655 021f 00000000 		.4byte	.LFB1
 656 0223 1A000000 		.4byte	.LFE1-.LFB1
 657 0227 01       		.uleb128 0x1
 658 0228 9C       		.byte	0x9c
 659 0229 76020000 		.4byte	0x276
 660 022d 16       		.uleb128 0x16
 661 022e F0010000 		.4byte	.LASF22
 662 0232 01       		.byte	0x1
 663 0233 6B       		.byte	0x6b
 664 0234 C6000000 		.4byte	0xc6
ARM GAS  C:\Users\JohnP\AppData\Local\Temp\ccFIgx8V.s 			page 20


 665 0238 38000000 		.4byte	.LLST2
 666 023c 13       		.uleb128 0x13
 667 023d 08000000 		.4byte	.LVL12
 668 0241 B4010000 		.4byte	0x1b4
 669 0245 14       		.uleb128 0x14
 670 0246 0E000000 		.4byte	.LVL13
 671 024a DD000000 		.4byte	0xdd
 672 024e 59020000 		.4byte	0x259
 673 0252 15       		.uleb128 0x15
 674 0253 01       		.uleb128 0x1
 675 0254 50       		.byte	0x50
 676 0255 02       		.uleb128 0x2
 677 0256 74       		.byte	0x74
 678 0257 00       		.sleb128 0
 679 0258 00       		.byte	0
 680 0259 14       		.uleb128 0x14
 681 025a 14000000 		.4byte	.LVL14
 682 025e 3A010000 		.4byte	0x13a
 683 0262 6C020000 		.4byte	0x26c
 684 0266 15       		.uleb128 0x15
 685 0267 01       		.uleb128 0x1
 686 0268 50       		.byte	0x50
 687 0269 01       		.uleb128 0x1
 688 026a 37       		.byte	0x37
 689 026b 00       		.byte	0
 690 026c 13       		.uleb128 0x13
 691 026d 18000000 		.4byte	.LVL15
 692 0271 8C010000 		.4byte	0x18c
 693 0275 00       		.byte	0
 694 0276 09       		.uleb128 0x9
 695 0277 A8010000 		.4byte	.LASF30
 696 027b 01       		.byte	0x1
 697 027c 89       		.byte	0x89
 698 027d 00000000 		.4byte	.LFB2
 699 0281 14000000 		.4byte	.LFE2-.LFB2
 700 0285 01       		.uleb128 0x1
 701 0286 9C       		.byte	0x9c
 702 0287 9E020000 		.4byte	0x29e
 703 028b 13       		.uleb128 0x13
 704 028c 06000000 		.4byte	.LVL16
 705 0290 B4010000 		.4byte	0x1b4
 706 0294 13       		.uleb128 0x13
 707 0295 0C000000 		.4byte	.LVL17
 708 0299 DD000000 		.4byte	0xdd
 709 029d 00       		.byte	0
 710 029e 11       		.uleb128 0x11
 711 029f 0F020000 		.4byte	.LASF31
 712 02a3 01       		.byte	0x1
 713 02a4 7801     		.2byte	0x178
 714 02a6 00000000 		.4byte	.LFB11
 715 02aa 0C000000 		.4byte	.LFE11-.LFB11
 716 02ae 01       		.uleb128 0x1
 717 02af 9C       		.byte	0x9c
 718 02b0 11       		.uleb128 0x11
 719 02b1 00000000 		.4byte	.LASF32
 720 02b5 01       		.byte	0x1
 721 02b6 9101     		.2byte	0x191
ARM GAS  C:\Users\JohnP\AppData\Local\Temp\ccFIgx8V.s 			page 21


 722 02b8 00000000 		.4byte	.LFB12
 723 02bc 0C000000 		.4byte	.LFE12-.LFB12
 724 02c0 01       		.uleb128 0x1
 725 02c1 9C       		.byte	0x9c
 726 02c2 09       		.uleb128 0x9
 727 02c3 DD020000 		.4byte	.LASF33
 728 02c7 01       		.byte	0x1
 729 02c8 A3       		.byte	0xa3
 730 02c9 00000000 		.4byte	.LFB3
 731 02cd 14000000 		.4byte	.LFE3-.LFB3
 732 02d1 01       		.uleb128 0x1
 733 02d2 9C       		.byte	0x9c
 734 02d3 E1020000 		.4byte	0x2e1
 735 02d7 13       		.uleb128 0x13
 736 02d8 0C000000 		.4byte	.LVL18
 737 02dc B0020000 		.4byte	0x2b0
 738 02e0 00       		.byte	0
 739 02e1 17       		.uleb128 0x17
 740 02e2 67000000 		.4byte	.LASF34
 741 02e6 01       		.byte	0x1
 742 02e7 21       		.byte	0x21
 743 02e8 D2000000 		.4byte	0xd2
 744 02ec 05       		.uleb128 0x5
 745 02ed 03       		.byte	0x3
 746 02ee 00000000 		.4byte	currentState
 747 02f2 17       		.uleb128 0x17
 748 02f3 74000000 		.4byte	.LASF35
 749 02f7 03       		.byte	0x3
 750 02f8 35       		.byte	0x35
 751 02f9 D2000000 		.4byte	0xd2
 752 02fd 05       		.uleb128 0x5
 753 02fe 03       		.byte	0x3
 754 02ff 00000000 		.4byte	Prev_state
 755 0303 00       		.byte	0
 756              		.section	.debug_abbrev,"",%progbits
 757              	.Ldebug_abbrev0:
 758 0000 01       		.uleb128 0x1
 759 0001 11       		.uleb128 0x11
 760 0002 01       		.byte	0x1
 761 0003 25       		.uleb128 0x25
 762 0004 0E       		.uleb128 0xe
 763 0005 13       		.uleb128 0x13
 764 0006 0B       		.uleb128 0xb
 765 0007 03       		.uleb128 0x3
 766 0008 0E       		.uleb128 0xe
 767 0009 1B       		.uleb128 0x1b
 768 000a 0E       		.uleb128 0xe
 769 000b 55       		.uleb128 0x55
 770 000c 17       		.uleb128 0x17
 771 000d 11       		.uleb128 0x11
 772 000e 01       		.uleb128 0x1
 773 000f 10       		.uleb128 0x10
 774 0010 17       		.uleb128 0x17
 775 0011 00       		.byte	0
 776 0012 00       		.byte	0
 777 0013 02       		.uleb128 0x2
 778 0014 24       		.uleb128 0x24
ARM GAS  C:\Users\JohnP\AppData\Local\Temp\ccFIgx8V.s 			page 22


 779 0015 00       		.byte	0
 780 0016 0B       		.uleb128 0xb
 781 0017 0B       		.uleb128 0xb
 782 0018 3E       		.uleb128 0x3e
 783 0019 0B       		.uleb128 0xb
 784 001a 03       		.uleb128 0x3
 785 001b 08       		.uleb128 0x8
 786 001c 00       		.byte	0
 787 001d 00       		.byte	0
 788 001e 03       		.uleb128 0x3
 789 001f 24       		.uleb128 0x24
 790 0020 00       		.byte	0
 791 0021 0B       		.uleb128 0xb
 792 0022 0B       		.uleb128 0xb
 793 0023 3E       		.uleb128 0x3e
 794 0024 0B       		.uleb128 0xb
 795 0025 03       		.uleb128 0x3
 796 0026 0E       		.uleb128 0xe
 797 0027 00       		.byte	0
 798 0028 00       		.byte	0
 799 0029 04       		.uleb128 0x4
 800 002a 0F       		.uleb128 0xf
 801 002b 00       		.byte	0
 802 002c 0B       		.uleb128 0xb
 803 002d 0B       		.uleb128 0xb
 804 002e 49       		.uleb128 0x49
 805 002f 13       		.uleb128 0x13
 806 0030 00       		.byte	0
 807 0031 00       		.byte	0
 808 0032 05       		.uleb128 0x5
 809 0033 15       		.uleb128 0x15
 810 0034 00       		.byte	0
 811 0035 27       		.uleb128 0x27
 812 0036 19       		.uleb128 0x19
 813 0037 00       		.byte	0
 814 0038 00       		.byte	0
 815 0039 06       		.uleb128 0x6
 816 003a 16       		.uleb128 0x16
 817 003b 00       		.byte	0
 818 003c 03       		.uleb128 0x3
 819 003d 0E       		.uleb128 0xe
 820 003e 3A       		.uleb128 0x3a
 821 003f 0B       		.uleb128 0xb
 822 0040 3B       		.uleb128 0x3b
 823 0041 0B       		.uleb128 0xb
 824 0042 49       		.uleb128 0x49
 825 0043 13       		.uleb128 0x13
 826 0044 00       		.byte	0
 827 0045 00       		.byte	0
 828 0046 07       		.uleb128 0x7
 829 0047 16       		.uleb128 0x16
 830 0048 00       		.byte	0
 831 0049 03       		.uleb128 0x3
 832 004a 0E       		.uleb128 0xe
 833 004b 3A       		.uleb128 0x3a
 834 004c 0B       		.uleb128 0xb
 835 004d 3B       		.uleb128 0x3b
ARM GAS  C:\Users\JohnP\AppData\Local\Temp\ccFIgx8V.s 			page 23


 836 004e 05       		.uleb128 0x5
 837 004f 49       		.uleb128 0x49
 838 0050 13       		.uleb128 0x13
 839 0051 00       		.byte	0
 840 0052 00       		.byte	0
 841 0053 08       		.uleb128 0x8
 842 0054 35       		.uleb128 0x35
 843 0055 00       		.byte	0
 844 0056 49       		.uleb128 0x49
 845 0057 13       		.uleb128 0x13
 846 0058 00       		.byte	0
 847 0059 00       		.byte	0
 848 005a 09       		.uleb128 0x9
 849 005b 2E       		.uleb128 0x2e
 850 005c 01       		.byte	0x1
 851 005d 3F       		.uleb128 0x3f
 852 005e 19       		.uleb128 0x19
 853 005f 03       		.uleb128 0x3
 854 0060 0E       		.uleb128 0xe
 855 0061 3A       		.uleb128 0x3a
 856 0062 0B       		.uleb128 0xb
 857 0063 3B       		.uleb128 0x3b
 858 0064 0B       		.uleb128 0xb
 859 0065 27       		.uleb128 0x27
 860 0066 19       		.uleb128 0x19
 861 0067 11       		.uleb128 0x11
 862 0068 01       		.uleb128 0x1
 863 0069 12       		.uleb128 0x12
 864 006a 06       		.uleb128 0x6
 865 006b 40       		.uleb128 0x40
 866 006c 18       		.uleb128 0x18
 867 006d 9742     		.uleb128 0x2117
 868 006f 19       		.uleb128 0x19
 869 0070 01       		.uleb128 0x1
 870 0071 13       		.uleb128 0x13
 871 0072 00       		.byte	0
 872 0073 00       		.byte	0
 873 0074 0A       		.uleb128 0xa
 874 0075 05       		.uleb128 0x5
 875 0076 00       		.byte	0
 876 0077 03       		.uleb128 0x3
 877 0078 0E       		.uleb128 0xe
 878 0079 3A       		.uleb128 0x3a
 879 007a 0B       		.uleb128 0xb
 880 007b 3B       		.uleb128 0x3b
 881 007c 0B       		.uleb128 0xb
 882 007d 49       		.uleb128 0x49
 883 007e 13       		.uleb128 0x13
 884 007f 02       		.uleb128 0x2
 885 0080 18       		.uleb128 0x18
 886 0081 00       		.byte	0
 887 0082 00       		.byte	0
 888 0083 0B       		.uleb128 0xb
 889 0084 34       		.uleb128 0x34
 890 0085 00       		.byte	0
 891 0086 03       		.uleb128 0x3
 892 0087 0E       		.uleb128 0xe
ARM GAS  C:\Users\JohnP\AppData\Local\Temp\ccFIgx8V.s 			page 24


 893 0088 3A       		.uleb128 0x3a
 894 0089 0B       		.uleb128 0xb
 895 008a 3B       		.uleb128 0x3b
 896 008b 0B       		.uleb128 0xb
 897 008c 49       		.uleb128 0x49
 898 008d 13       		.uleb128 0x13
 899 008e 02       		.uleb128 0x2
 900 008f 18       		.uleb128 0x18
 901 0090 00       		.byte	0
 902 0091 00       		.byte	0
 903 0092 0C       		.uleb128 0xc
 904 0093 2E       		.uleb128 0x2e
 905 0094 01       		.byte	0x1
 906 0095 3F       		.uleb128 0x3f
 907 0096 19       		.uleb128 0x19
 908 0097 03       		.uleb128 0x3
 909 0098 0E       		.uleb128 0xe
 910 0099 3A       		.uleb128 0x3a
 911 009a 0B       		.uleb128 0xb
 912 009b 3B       		.uleb128 0x3b
 913 009c 0B       		.uleb128 0xb
 914 009d 27       		.uleb128 0x27
 915 009e 19       		.uleb128 0x19
 916 009f 49       		.uleb128 0x49
 917 00a0 13       		.uleb128 0x13
 918 00a1 11       		.uleb128 0x11
 919 00a2 01       		.uleb128 0x1
 920 00a3 12       		.uleb128 0x12
 921 00a4 06       		.uleb128 0x6
 922 00a5 40       		.uleb128 0x40
 923 00a6 18       		.uleb128 0x18
 924 00a7 9742     		.uleb128 0x2117
 925 00a9 19       		.uleb128 0x19
 926 00aa 01       		.uleb128 0x1
 927 00ab 13       		.uleb128 0x13
 928 00ac 00       		.byte	0
 929 00ad 00       		.byte	0
 930 00ae 0D       		.uleb128 0xd
 931 00af 2E       		.uleb128 0x2e
 932 00b0 01       		.byte	0x1
 933 00b1 3F       		.uleb128 0x3f
 934 00b2 19       		.uleb128 0x19
 935 00b3 03       		.uleb128 0x3
 936 00b4 0E       		.uleb128 0xe
 937 00b5 3A       		.uleb128 0x3a
 938 00b6 0B       		.uleb128 0xb
 939 00b7 3B       		.uleb128 0x3b
 940 00b8 05       		.uleb128 0x5
 941 00b9 27       		.uleb128 0x27
 942 00ba 19       		.uleb128 0x19
 943 00bb 11       		.uleb128 0x11
 944 00bc 01       		.uleb128 0x1
 945 00bd 12       		.uleb128 0x12
 946 00be 06       		.uleb128 0x6
 947 00bf 40       		.uleb128 0x40
 948 00c0 18       		.uleb128 0x18
 949 00c1 9742     		.uleb128 0x2117
ARM GAS  C:\Users\JohnP\AppData\Local\Temp\ccFIgx8V.s 			page 25


 950 00c3 19       		.uleb128 0x19
 951 00c4 01       		.uleb128 0x1
 952 00c5 13       		.uleb128 0x13
 953 00c6 00       		.byte	0
 954 00c7 00       		.byte	0
 955 00c8 0E       		.uleb128 0xe
 956 00c9 05       		.uleb128 0x5
 957 00ca 00       		.byte	0
 958 00cb 03       		.uleb128 0x3
 959 00cc 0E       		.uleb128 0xe
 960 00cd 3A       		.uleb128 0x3a
 961 00ce 0B       		.uleb128 0xb
 962 00cf 3B       		.uleb128 0x3b
 963 00d0 05       		.uleb128 0x5
 964 00d1 49       		.uleb128 0x49
 965 00d2 13       		.uleb128 0x13
 966 00d3 02       		.uleb128 0x2
 967 00d4 17       		.uleb128 0x17
 968 00d5 00       		.byte	0
 969 00d6 00       		.byte	0
 970 00d7 0F       		.uleb128 0xf
 971 00d8 2E       		.uleb128 0x2e
 972 00d9 01       		.byte	0x1
 973 00da 3F       		.uleb128 0x3f
 974 00db 19       		.uleb128 0x19
 975 00dc 03       		.uleb128 0x3
 976 00dd 0E       		.uleb128 0xe
 977 00de 3A       		.uleb128 0x3a
 978 00df 0B       		.uleb128 0xb
 979 00e0 3B       		.uleb128 0x3b
 980 00e1 05       		.uleb128 0x5
 981 00e2 27       		.uleb128 0x27
 982 00e3 19       		.uleb128 0x19
 983 00e4 49       		.uleb128 0x49
 984 00e5 13       		.uleb128 0x13
 985 00e6 11       		.uleb128 0x11
 986 00e7 01       		.uleb128 0x1
 987 00e8 12       		.uleb128 0x12
 988 00e9 06       		.uleb128 0x6
 989 00ea 40       		.uleb128 0x40
 990 00eb 18       		.uleb128 0x18
 991 00ec 9742     		.uleb128 0x2117
 992 00ee 19       		.uleb128 0x19
 993 00ef 01       		.uleb128 0x1
 994 00f0 13       		.uleb128 0x13
 995 00f1 00       		.byte	0
 996 00f2 00       		.byte	0
 997 00f3 10       		.uleb128 0x10
 998 00f4 34       		.uleb128 0x34
 999 00f5 00       		.byte	0
 1000 00f6 03       		.uleb128 0x3
 1001 00f7 0E       		.uleb128 0xe
 1002 00f8 3A       		.uleb128 0x3a
 1003 00f9 0B       		.uleb128 0xb
 1004 00fa 3B       		.uleb128 0x3b
 1005 00fb 05       		.uleb128 0x5
 1006 00fc 49       		.uleb128 0x49
ARM GAS  C:\Users\JohnP\AppData\Local\Temp\ccFIgx8V.s 			page 26


 1007 00fd 13       		.uleb128 0x13
 1008 00fe 02       		.uleb128 0x2
 1009 00ff 17       		.uleb128 0x17
 1010 0100 00       		.byte	0
 1011 0101 00       		.byte	0
 1012 0102 11       		.uleb128 0x11
 1013 0103 2E       		.uleb128 0x2e
 1014 0104 00       		.byte	0
 1015 0105 3F       		.uleb128 0x3f
 1016 0106 19       		.uleb128 0x19
 1017 0107 03       		.uleb128 0x3
 1018 0108 0E       		.uleb128 0xe
 1019 0109 3A       		.uleb128 0x3a
 1020 010a 0B       		.uleb128 0xb
 1021 010b 3B       		.uleb128 0x3b
 1022 010c 05       		.uleb128 0x5
 1023 010d 27       		.uleb128 0x27
 1024 010e 19       		.uleb128 0x19
 1025 010f 11       		.uleb128 0x11
 1026 0110 01       		.uleb128 0x1
 1027 0111 12       		.uleb128 0x12
 1028 0112 06       		.uleb128 0x6
 1029 0113 40       		.uleb128 0x40
 1030 0114 18       		.uleb128 0x18
 1031 0115 9742     		.uleb128 0x2117
 1032 0117 19       		.uleb128 0x19
 1033 0118 00       		.byte	0
 1034 0119 00       		.byte	0
 1035 011a 12       		.uleb128 0x12
 1036 011b 2E       		.uleb128 0x2e
 1037 011c 00       		.byte	0
 1038 011d 3F       		.uleb128 0x3f
 1039 011e 19       		.uleb128 0x19
 1040 011f 03       		.uleb128 0x3
 1041 0120 0E       		.uleb128 0xe
 1042 0121 3A       		.uleb128 0x3a
 1043 0122 0B       		.uleb128 0xb
 1044 0123 3B       		.uleb128 0x3b
 1045 0124 05       		.uleb128 0x5
 1046 0125 27       		.uleb128 0x27
 1047 0126 19       		.uleb128 0x19
 1048 0127 49       		.uleb128 0x49
 1049 0128 13       		.uleb128 0x13
 1050 0129 11       		.uleb128 0x11
 1051 012a 01       		.uleb128 0x1
 1052 012b 12       		.uleb128 0x12
 1053 012c 06       		.uleb128 0x6
 1054 012d 40       		.uleb128 0x40
 1055 012e 18       		.uleb128 0x18
 1056 012f 9742     		.uleb128 0x2117
 1057 0131 19       		.uleb128 0x19
 1058 0132 00       		.byte	0
 1059 0133 00       		.byte	0
 1060 0134 13       		.uleb128 0x13
 1061 0135 898201   		.uleb128 0x4109
 1062 0138 00       		.byte	0
 1063 0139 11       		.uleb128 0x11
ARM GAS  C:\Users\JohnP\AppData\Local\Temp\ccFIgx8V.s 			page 27


 1064 013a 01       		.uleb128 0x1
 1065 013b 31       		.uleb128 0x31
 1066 013c 13       		.uleb128 0x13
 1067 013d 00       		.byte	0
 1068 013e 00       		.byte	0
 1069 013f 14       		.uleb128 0x14
 1070 0140 898201   		.uleb128 0x4109
 1071 0143 01       		.byte	0x1
 1072 0144 11       		.uleb128 0x11
 1073 0145 01       		.uleb128 0x1
 1074 0146 31       		.uleb128 0x31
 1075 0147 13       		.uleb128 0x13
 1076 0148 01       		.uleb128 0x1
 1077 0149 13       		.uleb128 0x13
 1078 014a 00       		.byte	0
 1079 014b 00       		.byte	0
 1080 014c 15       		.uleb128 0x15
 1081 014d 8A8201   		.uleb128 0x410a
 1082 0150 00       		.byte	0
 1083 0151 02       		.uleb128 0x2
 1084 0152 18       		.uleb128 0x18
 1085 0153 9142     		.uleb128 0x2111
 1086 0155 18       		.uleb128 0x18
 1087 0156 00       		.byte	0
 1088 0157 00       		.byte	0
 1089 0158 16       		.uleb128 0x16
 1090 0159 05       		.uleb128 0x5
 1091 015a 00       		.byte	0
 1092 015b 03       		.uleb128 0x3
 1093 015c 0E       		.uleb128 0xe
 1094 015d 3A       		.uleb128 0x3a
 1095 015e 0B       		.uleb128 0xb
 1096 015f 3B       		.uleb128 0x3b
 1097 0160 0B       		.uleb128 0xb
 1098 0161 49       		.uleb128 0x49
 1099 0162 13       		.uleb128 0x13
 1100 0163 02       		.uleb128 0x2
 1101 0164 17       		.uleb128 0x17
 1102 0165 00       		.byte	0
 1103 0166 00       		.byte	0
 1104 0167 17       		.uleb128 0x17
 1105 0168 34       		.uleb128 0x34
 1106 0169 00       		.byte	0
 1107 016a 03       		.uleb128 0x3
 1108 016b 0E       		.uleb128 0xe
 1109 016c 3A       		.uleb128 0x3a
 1110 016d 0B       		.uleb128 0xb
 1111 016e 3B       		.uleb128 0x3b
 1112 016f 0B       		.uleb128 0xb
 1113 0170 49       		.uleb128 0x49
 1114 0171 13       		.uleb128 0x13
 1115 0172 3F       		.uleb128 0x3f
 1116 0173 19       		.uleb128 0x19
 1117 0174 02       		.uleb128 0x2
 1118 0175 18       		.uleb128 0x18
 1119 0176 00       		.byte	0
 1120 0177 00       		.byte	0
ARM GAS  C:\Users\JohnP\AppData\Local\Temp\ccFIgx8V.s 			page 28


 1121 0178 00       		.byte	0
 1122              		.section	.debug_loc,"",%progbits
 1123              	.Ldebug_loc0:
 1124              	.LLST0:
 1125 0000 00000000 		.4byte	.LVL3
 1126 0004 02000000 		.4byte	.LVL4
 1127 0008 0100     		.2byte	0x1
 1128 000a 50       		.byte	0x50
 1129 000b 02000000 		.4byte	.LVL4
 1130 000f 10000000 		.4byte	.LFE6
 1131 0013 0400     		.2byte	0x4
 1132 0015 F3       		.byte	0xf3
 1133 0016 01       		.uleb128 0x1
 1134 0017 50       		.byte	0x50
 1135 0018 9F       		.byte	0x9f
 1136 0019 00000000 		.4byte	0
 1137 001d 00000000 		.4byte	0
 1138              	.LLST1:
 1139 0021 04000000 		.4byte	.LVL5
 1140 0025 06000000 		.4byte	.LVL6
 1141 0029 0500     		.2byte	0x5
 1142 002b 70       		.byte	0x70
 1143 002c 00       		.sleb128 0
 1144 002d 35       		.byte	0x35
 1145 002e 25       		.byte	0x25
 1146 002f 9F       		.byte	0x9f
 1147 0030 00000000 		.4byte	0
 1148 0034 00000000 		.4byte	0
 1149              	.LLST2:
 1150 0038 00000000 		.4byte	.LVL11
 1151 003c 07000000 		.4byte	.LVL12-1
 1152 0040 0100     		.2byte	0x1
 1153 0042 50       		.byte	0x50
 1154 0043 07000000 		.4byte	.LVL12-1
 1155 0047 1A000000 		.4byte	.LFE1
 1156 004b 0100     		.2byte	0x1
 1157 004d 54       		.byte	0x54
 1158 004e 00000000 		.4byte	0
 1159 0052 00000000 		.4byte	0
 1160              		.section	.debug_aranges,"",%progbits
 1161 0000 7C000000 		.4byte	0x7c
 1162 0004 0200     		.2byte	0x2
 1163 0006 00000000 		.4byte	.Ldebug_info0
 1164 000a 04       		.byte	0x4
 1165 000b 00       		.byte	0
 1166 000c 0000     		.2byte	0
 1167 000e 0000     		.2byte	0
 1168 0010 00000000 		.4byte	.LFB4
 1169 0014 0C000000 		.4byte	.LFE4-.LFB4
 1170 0018 00000000 		.4byte	.LFB5
 1171 001c 0C000000 		.4byte	.LFE5-.LFB5
 1172 0020 00000000 		.4byte	.LFB6
 1173 0024 10000000 		.4byte	.LFE6-.LFB6
 1174 0028 00000000 		.4byte	.LFB7
 1175 002c 0C000000 		.4byte	.LFE7-.LFB7
 1176 0030 00000000 		.4byte	.LFB8
 1177 0034 0C000000 		.4byte	.LFE8-.LFB8
ARM GAS  C:\Users\JohnP\AppData\Local\Temp\ccFIgx8V.s 			page 29


 1178 0038 00000000 		.4byte	.LFB9
 1179 003c 18000000 		.4byte	.LFE9-.LFB9
 1180 0040 00000000 		.4byte	.LFB10
 1181 0044 0C000000 		.4byte	.LFE10-.LFB10
 1182 0048 00000000 		.4byte	.LFB0
 1183 004c 1C000000 		.4byte	.LFE0-.LFB0
 1184 0050 00000000 		.4byte	.LFB1
 1185 0054 1A000000 		.4byte	.LFE1-.LFB1
 1186 0058 00000000 		.4byte	.LFB2
 1187 005c 14000000 		.4byte	.LFE2-.LFB2
 1188 0060 00000000 		.4byte	.LFB11
 1189 0064 0C000000 		.4byte	.LFE11-.LFB11
 1190 0068 00000000 		.4byte	.LFB12
 1191 006c 0C000000 		.4byte	.LFE12-.LFB12
 1192 0070 00000000 		.4byte	.LFB3
 1193 0074 14000000 		.4byte	.LFE3-.LFB3
 1194 0078 00000000 		.4byte	0
 1195 007c 00000000 		.4byte	0
 1196              		.section	.debug_ranges,"",%progbits
 1197              	.Ldebug_ranges0:
 1198 0000 00000000 		.4byte	.LFB4
 1199 0004 0C000000 		.4byte	.LFE4
 1200 0008 00000000 		.4byte	.LFB5
 1201 000c 0C000000 		.4byte	.LFE5
 1202 0010 00000000 		.4byte	.LFB6
 1203 0014 10000000 		.4byte	.LFE6
 1204 0018 00000000 		.4byte	.LFB7
 1205 001c 0C000000 		.4byte	.LFE7
 1206 0020 00000000 		.4byte	.LFB8
 1207 0024 0C000000 		.4byte	.LFE8
 1208 0028 00000000 		.4byte	.LFB9
 1209 002c 18000000 		.4byte	.LFE9
 1210 0030 00000000 		.4byte	.LFB10
 1211 0034 0C000000 		.4byte	.LFE10
 1212 0038 00000000 		.4byte	.LFB0
 1213 003c 1C000000 		.4byte	.LFE0
 1214 0040 00000000 		.4byte	.LFB1
 1215 0044 1A000000 		.4byte	.LFE1
 1216 0048 00000000 		.4byte	.LFB2
 1217 004c 14000000 		.4byte	.LFE2
 1218 0050 00000000 		.4byte	.LFB11
 1219 0054 0C000000 		.4byte	.LFE11
 1220 0058 00000000 		.4byte	.LFB12
 1221 005c 0C000000 		.4byte	.LFE12
 1222 0060 00000000 		.4byte	.LFB3
 1223 0064 14000000 		.4byte	.LFE3
 1224 0068 00000000 		.4byte	0
 1225 006c 00000000 		.4byte	0
 1226              		.section	.debug_line,"",%progbits
 1227              	.Ldebug_line0:
 1228 0000 61010000 		.section	.debug_str,"MS",%progbits,1
 1228      02007200 
 1228      00000201 
 1228      FB0E0D00 
 1228      01010101 
 1229              	.LASF32:
 1230 0000 70757368 		.ascii	"pushbutton_isr_ClearPending\000"
ARM GAS  C:\Users\JohnP\AppData\Local\Temp\ccFIgx8V.s 			page 30


 1230      62757474 
 1230      6F6E5F69 
 1230      73725F43 
 1230      6C656172 
 1231              	.LASF26:
 1232 001c 70757368 		.ascii	"pushbutton_isr_Enable\000"
 1232      62757474 
 1232      6F6E5F69 
 1232      73725F45 
 1232      6E61626C 
 1233              	.LASF16:
 1234 0032 72656733 		.ascii	"reg32\000"
 1234      3200
 1235              	.LASF29:
 1236 0038 70757368 		.ascii	"pushbutton_isr_StartEx\000"
 1236      62757474 
 1236      6F6E5F69 
 1236      73725F53 
 1236      74617274 
 1237              	.LASF39:
 1238 004f 70757368 		.ascii	"pushbutton_isr_GetState\000"
 1238      62757474 
 1238      6F6E5F69 
 1238      73725F47 
 1238      65745374 
 1239              	.LASF34:
 1240 0067 63757272 		.ascii	"currentState\000"
 1240      656E7453 
 1240      74617465 
 1240      00
 1241              	.LASF35:
 1242 0074 50726576 		.ascii	"Prev_state\000"
 1242      5F737461 
 1242      746500
 1243              	.LASF24:
 1244 007f 70757368 		.ascii	"pushbutton_isr_GetVector\000"
 1244      62757474 
 1244      6F6E5F69 
 1244      73725F47 
 1244      65745665 
 1245              	.LASF4:
 1246 0098 73686F72 		.ascii	"short unsigned int\000"
 1246      7420756E 
 1246      7369676E 
 1246      65642069 
 1246      6E7400
 1247              	.LASF27:
 1248 00ab 70757368 		.ascii	"pushbutton_isr_Disable\000"
 1248      62757474 
 1248      6F6E5F69 
 1248      73725F44 
 1248      69736162 
 1249              	.LASF21:
 1250 00c2 70757368 		.ascii	"pushbutton_isr_SetPriority\000"
 1250      62757474 
 1250      6F6E5F69 
 1250      73725F53 
ARM GAS  C:\Users\JohnP\AppData\Local\Temp\ccFIgx8V.s 			page 31


 1250      65745072 
 1251              	.LASF13:
 1252 00dd 666C6F61 		.ascii	"float\000"
 1252      7400
 1253              	.LASF2:
 1254 00e3 756E7369 		.ascii	"unsigned char\000"
 1254      676E6564 
 1254      20636861 
 1254      7200
 1255              	.LASF28:
 1256 00f1 70757368 		.ascii	"pushbutton_isr_Start\000"
 1256      62757474 
 1256      6F6E5F69 
 1256      73725F53 
 1256      74617274 
 1257              	.LASF15:
 1258 0106 72656738 		.ascii	"reg8\000"
 1258      00
 1259              	.LASF6:
 1260 010b 6C6F6E67 		.ascii	"long unsigned int\000"
 1260      20756E73 
 1260      69676E65 
 1260      6420696E 
 1260      7400
 1261              	.LASF18:
 1262 011d 53544154 		.ascii	"STATE\000"
 1262      4500
 1263              	.LASF11:
 1264 0123 75696E74 		.ascii	"uint8\000"
 1264      3800
 1265              	.LASF38:
 1266 0129 433A5C55 		.ascii	"C:\\Users\\JohnP\\OneDrive\\College\\2015-2016 Seni"
 1266      73657273 
 1266      5C4A6F68 
 1266      6E505C4F 
 1266      6E654472 
 1267 0157 6F722059 		.ascii	"or Year\\0 Fall Quarter\\CE4920\\Lab\\project\\CE49"
 1267      6561725C 
 1267      30204661 
 1267      6C6C2051 
 1267      75617274 
 1268 0185 32305072 		.ascii	"20Project1\\Design01.cydsn\000"
 1268      6F6A6563 
 1268      74315C44 
 1268      65736967 
 1268      6E30312E 
 1269              	.LASF23:
 1270 019f 7072696F 		.ascii	"priority\000"
 1270      72697479 
 1270      00
 1271              	.LASF30:
 1272 01a8 70757368 		.ascii	"pushbutton_isr_Stop\000"
 1272      62757474 
 1272      6F6E5F69 
 1272      73725F53 
 1272      746F7000 
 1273              	.LASF14:
ARM GAS  C:\Users\JohnP\AppData\Local\Temp\ccFIgx8V.s 			page 32


 1274 01bc 646F7562 		.ascii	"double\000"
 1274      6C6500
 1275              	.LASF12:
 1276 01c3 75696E74 		.ascii	"uint32\000"
 1276      333200
 1277              	.LASF0:
 1278 01ca 756E7369 		.ascii	"unsigned int\000"
 1278      676E6564 
 1278      20696E74 
 1278      00
 1279              	.LASF20:
 1280 01d7 70757368 		.ascii	"pushbutton_isr_SetVector\000"
 1280      62757474 
 1280      6F6E5F69 
 1280      73725F53 
 1280      65745665 
 1281              	.LASF22:
 1282 01f0 61646472 		.ascii	"address\000"
 1282      65737300 
 1283              	.LASF8:
 1284 01f8 6C6F6E67 		.ascii	"long long unsigned int\000"
 1284      206C6F6E 
 1284      6720756E 
 1284      7369676E 
 1284      65642069 
 1285              	.LASF31:
 1286 020f 70757368 		.ascii	"pushbutton_isr_SetPending\000"
 1286      62757474 
 1286      6F6E5F69 
 1286      73725F53 
 1286      65745065 
 1287              	.LASF17:
 1288 0229 63796973 		.ascii	"cyisraddress\000"
 1288      72616464 
 1288      72657373 
 1288      00
 1289              	.LASF36:
 1290 0236 474E5520 		.ascii	"GNU C 4.8.4 20140526 (release) [ARM/embedded-4_8-br"
 1290      4320342E 
 1290      382E3420 
 1290      32303134 
 1290      30353236 
 1291 0269 616E6368 		.ascii	"anch revision 211358] -mcpu=cortex-m3 -mthumb -g -O"
 1291      20726576 
 1291      6973696F 
 1291      6E203231 
 1291      31333538 
 1292 029c 67202D66 		.ascii	"g -ffunction-sections\000"
 1292      66756E63 
 1292      74696F6E 
 1292      2D736563 
 1292      74696F6E 
 1293              	.LASF9:
 1294 02b2 73697A65 		.ascii	"sizetype\000"
 1294      74797065 
 1294      00
 1295              	.LASF7:
ARM GAS  C:\Users\JohnP\AppData\Local\Temp\ccFIgx8V.s 			page 33


 1296 02bb 6C6F6E67 		.ascii	"long long int\000"
 1296      206C6F6E 
 1296      6720696E 
 1296      7400
 1297              	.LASF10:
 1298 02c9 63686172 		.ascii	"char\000"
 1298      00
 1299              	.LASF19:
 1300 02ce 72616D56 		.ascii	"ramVectorTable\000"
 1300      6563746F 
 1300      72546162 
 1300      6C6500
 1301              	.LASF33:
 1302 02dd 70757368 		.ascii	"pushbutton_isr_Interrupt\000"
 1302      62757474 
 1302      6F6E5F69 
 1302      73725F49 
 1302      6E746572 
 1303              	.LASF3:
 1304 02f6 73686F72 		.ascii	"short int\000"
 1304      7420696E 
 1304      7400
 1305              	.LASF25:
 1306 0300 70757368 		.ascii	"pushbutton_isr_GetPriority\000"
 1306      62757474 
 1306      6F6E5F69 
 1306      73725F47 
 1306      65745072 
 1307              	.LASF5:
 1308 031b 6C6F6E67 		.ascii	"long int\000"
 1308      20696E74 
 1308      00
 1309              	.LASF1:
 1310 0324 7369676E 		.ascii	"signed char\000"
 1310      65642063 
 1310      68617200 
 1311              	.LASF37:
 1312 0330 2E5C4765 		.ascii	".\\Generated_Source\\PSoC5\\pushbutton_isr.c\000"
 1312      6E657261 
 1312      7465645F 
 1312      536F7572 
 1312      63655C50 
 1313              		.ident	"GCC: (GNU Tools for ARM Embedded Processors) 4.8.4 20140526 (release) [ARM/embedded-4_8-br
