ARM GAS  C:\Users\JohnP\AppData\Local\Temp\ccsRmDDO.s 			page 1


   1              		.syntax unified
   2              		.cpu cortex-m3
   3              		.fpu softvfp
   4              		.eabi_attribute 20, 1
   5              		.eabi_attribute 21, 1
   6              		.eabi_attribute 23, 3
   7              		.eabi_attribute 24, 1
   8              		.eabi_attribute 25, 1
   9              		.eabi_attribute 26, 1
  10              		.eabi_attribute 30, 1
  11              		.eabi_attribute 34, 1
  12              		.eabi_attribute 18, 4
  13              		.thumb
  14              		.file	"system.c"
  15              		.text
  16              	.Ltext0:
  17              		.cfi_sections	.debug_frame
  18              		.section	.text.System_init,"ax",%progbits
  19              		.align	2
  20              		.global	System_init
  21              		.thumb
  22              		.thumb_func
  23              		.type	System_init, %function
  24              	System_init:
  25              	.LFB0:
  26              		.file 1 ".\\system.c"
   1:.\system.c    **** /* ========================================
   2:.\system.c    ****  *
   3:.\system.c    ****  * Copyright YOUR COMPANY, THE YEAR
   4:.\system.c    ****  * All Rights Reserved
   5:.\system.c    ****  * UNPUBLISHED, LICENSED SOFTWARE.
   6:.\system.c    ****  *
   7:.\system.c    ****  * CONFIDENTIAL AND PROPRIETARY INFORMATION
   8:.\system.c    ****  * WHICH IS THE PROPERTY OF your company.
   9:.\system.c    ****  *
  10:.\system.c    ****  * ========================================
  11:.\system.c    **** */
  12:.\system.c    **** 
  13:.\system.c    **** #include "system.h"
  14:.\system.c    **** 
  15:.\system.c    **** 
  16:.\system.c    **** void System_init(){
  27              		.loc 1 16 0
  28              		.cfi_startproc
  29              		@ args = 0, pretend = 0, frame = 0
  30              		@ frame_needed = 0, uses_anonymous_args = 0
  31 0000 08B5     		push	{r3, lr}
  32              		.cfi_def_cfa_offset 8
  33              		.cfi_offset 3, -8
  34              		.cfi_offset 14, -4
  17:.\system.c    ****     Comp_Start();
  35              		.loc 1 17 0
  36 0002 FFF7FEFF 		bl	Comp_Start
  37              	.LVL0:
  18:.\system.c    ****     Comp_ZeroCal(); 
  38              		.loc 1 18 0
  39 0006 FFF7FEFF 		bl	Comp_ZeroCal
ARM GAS  C:\Users\JohnP\AppData\Local\Temp\ccsRmDDO.s 			page 2


  40              	.LVL1:
  19:.\system.c    ****     LCD_Start();
  41              		.loc 1 19 0
  42 000a FFF7FEFF 		bl	LCD_Start
  43              	.LVL2:
  20:.\system.c    ****     CapSense_Start();
  44              		.loc 1 20 0
  45 000e FFF7FEFF 		bl	CapSense_Start
  46              	.LVL3:
  21:.\system.c    ****     CapSense_Enable();
  47              		.loc 1 21 0
  48 0012 FFF7FEFF 		bl	CapSense_Enable
  49              	.LVL4:
  22:.\system.c    ****     CapSense_ScanEnabledWidgets();
  50              		.loc 1 22 0
  51 0016 FFF7FEFF 		bl	CapSense_ScanEnabledWidgets
  52              	.LVL5:
  23:.\system.c    ****     CapSense_InitializeAllBaselines();
  53              		.loc 1 23 0
  54 001a FFF7FEFF 		bl	CapSense_InitializeAllBaselines
  55              	.LVL6:
  24:.\system.c    ****     WaveDAC8_1_Start();  
  56              		.loc 1 24 0
  57 001e FFF7FEFF 		bl	WaveDAC8_1_Start
  58              	.LVL7:
  25:.\system.c    ****     PGA_1_Start();
  59              		.loc 1 25 0
  60 0022 FFF7FEFF 		bl	PGA_1_Start
  61              	.LVL8:
  26:.\system.c    ****     Compint_Start();
  62              		.loc 1 26 0
  63 0026 FFF7FEFF 		bl	Compint_Start
  64              	.LVL9:
  27:.\system.c    ****     STOP_Start();
  65              		.loc 1 27 0
  66 002a FFF7FEFF 		bl	STOP_Start
  67              	.LVL10:
  28:.\system.c    ****     HeartbeatCounter_Start(); 
  68              		.loc 1 28 0
  69 002e FFF7FEFF 		bl	HeartbeatCounter_Start
  70              	.LVL11:
  29:.\system.c    ****     timer_clock_1_Start();
  71              		.loc 1 29 0
  72 0032 FFF7FEFF 		bl	timer_clock_1_Start
  73              	.LVL12:
  30:.\system.c    ****     Start_motor();
  74              		.loc 1 30 0
  75 0036 FFF7FEFF 		bl	Start_motor
  76              	.LVL13:
  77 003a 08BD     		pop	{r3, pc}
  78              		.cfi_endproc
  79              	.LFE0:
  80              		.size	System_init, .-System_init
  81              		.comm	timer_value,4,4
  82              		.comm	timer_status,4,4
  83              		.comm	heartbeatCounter,4,4
  84              		.comm	heartrate,4,4
ARM GAS  C:\Users\JohnP\AppData\Local\Temp\ccsRmDDO.s 			page 3


  85              		.comm	speed,4,4
  86              		.comm	Prev_state,4,4
  87              		.comm	currentState,4,4
  88              		.comm	PROFILE,4,4
  89              		.comm	increasingHr,4,4
  90              		.comm	average,4,4
  91              		.text
  92              	.Letext0:
  93              		.file 2 "Generated_Source\\PSoC5/cytypes.h"
  94              		.file 3 ".\\states.h"
  95              		.file 4 ".\\heartrate.h"
  96              		.file 5 ".\\motor.h"
  97              		.file 6 "Generated_Source\\PSoC5/Comp.h"
  98              		.file 7 "Generated_Source\\PSoC5/LCD.h"
  99              		.file 8 "Generated_Source\\PSoC5/CapSense.h"
 100              		.file 9 "Generated_Source\\PSoC5/CapSense_CSHL.h"
 101              		.file 10 "Generated_Source\\PSoC5/WaveDAC8_1.h"
 102              		.file 11 "Generated_Source\\PSoC5/PGA_1.h"
 103              		.file 12 "Generated_Source\\PSoC5/Compint.h"
 104              		.file 13 "Generated_Source\\PSoC5/STOP.h"
 105              		.file 14 "Generated_Source\\PSoC5/HeartbeatCounter.h"
 106              		.file 15 "Generated_Source\\PSoC5/timer_clock_1.h"
 107              		.section	.debug_info,"",%progbits
 108              	.Ldebug_info0:
 109 0000 40020000 		.4byte	0x240
 110 0004 0400     		.2byte	0x4
 111 0006 00000000 		.4byte	.Ldebug_abbrev0
 112 000a 04       		.byte	0x4
 113 000b 01       		.uleb128 0x1
 114 000c 07010000 		.4byte	.LASF37
 115 0010 01       		.byte	0x1
 116 0011 B9010000 		.4byte	.LASF38
 117 0015 3D000000 		.4byte	.LASF39
 118 0019 00000000 		.4byte	.Ldebug_ranges0+0
 119 001d 00000000 		.4byte	0
 120 0021 00000000 		.4byte	.Ldebug_line0
 121 0025 02       		.uleb128 0x2
 122 0026 01       		.byte	0x1
 123 0027 06       		.byte	0x6
 124 0028 A1020000 		.4byte	.LASF0
 125 002c 02       		.uleb128 0x2
 126 002d 01       		.byte	0x1
 127 002e 08       		.byte	0x8
 128 002f C8000000 		.4byte	.LASF1
 129 0033 02       		.uleb128 0x2
 130 0034 02       		.byte	0x2
 131 0035 05       		.byte	0x5
 132 0036 8E020000 		.4byte	.LASF2
 133 003a 02       		.uleb128 0x2
 134 003b 02       		.byte	0x2
 135 003c 07       		.byte	0x7
 136 003d 83010000 		.4byte	.LASF3
 137 0041 02       		.uleb128 0x2
 138 0042 04       		.byte	0x4
 139 0043 05       		.byte	0x5
 140 0044 98020000 		.4byte	.LASF4
 141 0048 02       		.uleb128 0x2
ARM GAS  C:\Users\JohnP\AppData\Local\Temp\ccsRmDDO.s 			page 4


 142 0049 04       		.byte	0x4
 143 004a 07       		.byte	0x7
 144 004b F5000000 		.4byte	.LASF5
 145 004f 02       		.uleb128 0x2
 146 0050 08       		.byte	0x8
 147 0051 05       		.byte	0x5
 148 0052 00000000 		.4byte	.LASF6
 149 0056 02       		.uleb128 0x2
 150 0057 08       		.byte	0x8
 151 0058 07       		.byte	0x7
 152 0059 15020000 		.4byte	.LASF7
 153 005d 03       		.uleb128 0x3
 154 005e 04       		.byte	0x4
 155 005f 05       		.byte	0x5
 156 0060 696E7400 		.ascii	"int\000"
 157 0064 02       		.uleb128 0x2
 158 0065 04       		.byte	0x4
 159 0066 07       		.byte	0x7
 160 0067 08020000 		.4byte	.LASF8
 161 006b 04       		.uleb128 0x4
 162 006c D0010000 		.4byte	.LASF13
 163 0070 02       		.byte	0x2
 164 0071 B5       		.byte	0xb5
 165 0072 3A000000 		.4byte	0x3a
 166 0076 02       		.uleb128 0x2
 167 0077 04       		.byte	0x4
 168 0078 04       		.byte	0x4
 169 0079 B8000000 		.4byte	.LASF9
 170 007d 02       		.uleb128 0x2
 171 007e 08       		.byte	0x8
 172 007f 04       		.byte	0x4
 173 0080 96010000 		.4byte	.LASF10
 174 0084 02       		.uleb128 0x2
 175 0085 01       		.byte	0x1
 176 0086 08       		.byte	0x8
 177 0087 6F020000 		.4byte	.LASF11
 178 008b 02       		.uleb128 0x2
 179 008c 04       		.byte	0x4
 180 008d 07       		.byte	0x7
 181 008e 5C020000 		.4byte	.LASF12
 182 0092 04       		.uleb128 0x4
 183 0093 50020000 		.4byte	.LASF14
 184 0097 03       		.byte	0x3
 185 0098 11       		.byte	0x11
 186 0099 5D000000 		.4byte	0x5d
 187 009d 05       		.uleb128 0x5
 188 009e 82020000 		.4byte	.LASF40
 189 00a2 01       		.byte	0x1
 190 00a3 10       		.byte	0x10
 191 00a4 00000000 		.4byte	.LFB0
 192 00a8 3C000000 		.4byte	.LFE0-.LFB0
 193 00ac 01       		.uleb128 0x1
 194 00ad 9C       		.byte	0x9c
 195 00ae 31010000 		.4byte	0x131
 196 00b2 06       		.uleb128 0x6
 197 00b3 06000000 		.4byte	.LVL0
 198 00b7 DB010000 		.4byte	0x1db
ARM GAS  C:\Users\JohnP\AppData\Local\Temp\ccsRmDDO.s 			page 5


 199 00bb 06       		.uleb128 0x6
 200 00bc 0A000000 		.4byte	.LVL1
 201 00c0 E2010000 		.4byte	0x1e2
 202 00c4 06       		.uleb128 0x6
 203 00c5 0E000000 		.4byte	.LVL2
 204 00c9 ED010000 		.4byte	0x1ed
 205 00cd 06       		.uleb128 0x6
 206 00ce 12000000 		.4byte	.LVL3
 207 00d2 F4010000 		.4byte	0x1f4
 208 00d6 06       		.uleb128 0x6
 209 00d7 16000000 		.4byte	.LVL4
 210 00db FB010000 		.4byte	0x1fb
 211 00df 06       		.uleb128 0x6
 212 00e0 1A000000 		.4byte	.LVL5
 213 00e4 02020000 		.4byte	0x202
 214 00e8 06       		.uleb128 0x6
 215 00e9 1E000000 		.4byte	.LVL6
 216 00ed 09020000 		.4byte	0x209
 217 00f1 06       		.uleb128 0x6
 218 00f2 22000000 		.4byte	.LVL7
 219 00f6 10020000 		.4byte	0x210
 220 00fa 06       		.uleb128 0x6
 221 00fb 26000000 		.4byte	.LVL8
 222 00ff 17020000 		.4byte	0x217
 223 0103 06       		.uleb128 0x6
 224 0104 2A000000 		.4byte	.LVL9
 225 0108 1E020000 		.4byte	0x21e
 226 010c 06       		.uleb128 0x6
 227 010d 2E000000 		.4byte	.LVL10
 228 0111 25020000 		.4byte	0x225
 229 0115 06       		.uleb128 0x6
 230 0116 32000000 		.4byte	.LVL11
 231 011a 2C020000 		.4byte	0x22c
 232 011e 06       		.uleb128 0x6
 233 011f 36000000 		.4byte	.LVL12
 234 0123 33020000 		.4byte	0x233
 235 0127 06       		.uleb128 0x6
 236 0128 3A000000 		.4byte	.LVL13
 237 012c 3A020000 		.4byte	0x23a
 238 0130 00       		.byte	0
 239 0131 07       		.uleb128 0x7
 240 0132 65020000 		.4byte	.LASF15
 241 0136 04       		.byte	0x4
 242 0137 13       		.byte	0x13
 243 0138 76000000 		.4byte	0x76
 244 013c 05       		.uleb128 0x5
 245 013d 03       		.byte	0x3
 246 013e 00000000 		.4byte	heartrate
 247 0142 07       		.uleb128 0x7
 248 0143 48020000 		.4byte	.LASF16
 249 0147 03       		.byte	0x3
 250 0148 15       		.byte	0x15
 251 0149 76000000 		.4byte	0x76
 252 014d 05       		.uleb128 0x5
 253 014e 03       		.byte	0x3
 254 014f 00000000 		.4byte	average
 255 0153 07       		.uleb128 0x7
ARM GAS  C:\Users\JohnP\AppData\Local\Temp\ccsRmDDO.s 			page 6


 256 0154 FB010000 		.4byte	.LASF17
 257 0158 03       		.byte	0x3
 258 0159 16       		.byte	0x16
 259 015a 5D000000 		.4byte	0x5d
 260 015e 05       		.uleb128 0x5
 261 015f 03       		.byte	0x3
 262 0160 00000000 		.4byte	increasingHr
 263 0164 07       		.uleb128 0x7
 264 0165 9F000000 		.4byte	.LASF18
 265 0169 03       		.byte	0x3
 266 016a 18       		.byte	0x18
 267 016b 5D000000 		.4byte	0x5d
 268 016f 05       		.uleb128 0x5
 269 0170 03       		.byte	0x3
 270 0171 00000000 		.4byte	PROFILE
 271 0175 07       		.uleb128 0x7
 272 0176 25000000 		.4byte	.LASF19
 273 017a 03       		.byte	0x3
 274 017b 35       		.byte	0x35
 275 017c 92000000 		.4byte	0x92
 276 0180 05       		.uleb128 0x5
 277 0181 03       		.byte	0x3
 278 0182 00000000 		.4byte	currentState
 279 0186 07       		.uleb128 0x7
 280 0187 32000000 		.4byte	.LASF20
 281 018b 03       		.byte	0x3
 282 018c 37       		.byte	0x37
 283 018d 92000000 		.4byte	0x92
 284 0191 05       		.uleb128 0x5
 285 0192 03       		.byte	0x3
 286 0193 00000000 		.4byte	Prev_state
 287 0197 07       		.uleb128 0x7
 288 0198 56020000 		.4byte	.LASF21
 289 019c 05       		.byte	0x5
 290 019d 12       		.byte	0x12
 291 019e 5D000000 		.4byte	0x5d
 292 01a2 05       		.uleb128 0x5
 293 01a3 03       		.byte	0x3
 294 01a4 00000000 		.4byte	speed
 295 01a8 07       		.uleb128 0x7
 296 01a9 A7000000 		.4byte	.LASF22
 297 01ad 04       		.byte	0x4
 298 01ae 14       		.byte	0x14
 299 01af 76000000 		.4byte	0x76
 300 01b3 05       		.uleb128 0x5
 301 01b4 03       		.byte	0x3
 302 01b5 00000000 		.4byte	heartbeatCounter
 303 01b9 07       		.uleb128 0x7
 304 01ba 92000000 		.4byte	.LASF23
 305 01be 04       		.byte	0x4
 306 01bf 15       		.byte	0x15
 307 01c0 5D000000 		.4byte	0x5d
 308 01c4 05       		.uleb128 0x5
 309 01c5 03       		.byte	0x3
 310 01c6 00000000 		.4byte	timer_status
 311 01ca 07       		.uleb128 0x7
 312 01cb C4010000 		.4byte	.LASF24
ARM GAS  C:\Users\JohnP\AppData\Local\Temp\ccsRmDDO.s 			page 7


 313 01cf 04       		.byte	0x4
 314 01d0 16       		.byte	0x16
 315 01d1 5D000000 		.4byte	0x5d
 316 01d5 05       		.uleb128 0x5
 317 01d6 03       		.byte	0x3
 318 01d7 00000000 		.4byte	timer_value
 319 01db 08       		.uleb128 0x8
 320 01dc 1A000000 		.4byte	.LASF25
 321 01e0 06       		.byte	0x6
 322 01e1 3F       		.byte	0x3f
 323 01e2 09       		.uleb128 0x9
 324 01e3 D7010000 		.4byte	.LASF41
 325 01e7 06       		.byte	0x6
 326 01e8 43       		.byte	0x43
 327 01e9 6B000000 		.4byte	0x6b
 328 01ed 08       		.uleb128 0x8
 329 01ee BE000000 		.4byte	.LASF26
 330 01f2 07       		.byte	0x7
 331 01f3 38       		.byte	0x38
 332 01f4 08       		.uleb128 0x8
 333 01f5 CD020000 		.4byte	.LASF27
 334 01f9 08       		.byte	0x8
 335 01fa 93       		.byte	0x93
 336 01fb 08       		.uleb128 0x8
 337 01fc 2C020000 		.4byte	.LASF28
 338 0200 08       		.byte	0x8
 339 0201 92       		.byte	0x92
 340 0202 08       		.uleb128 0x8
 341 0203 9D010000 		.4byte	.LASF29
 342 0207 08       		.byte	0x8
 343 0208 9B       		.byte	0x9b
 344 0209 08       		.uleb128 0x8
 345 020a AD020000 		.4byte	.LASF30
 346 020e 09       		.byte	0x9
 347 020f 97       		.byte	0x97
 348 0210 08       		.uleb128 0x8
 349 0211 81000000 		.4byte	.LASF31
 350 0215 0A       		.byte	0xa
 351 0216 67       		.byte	0x67
 352 0217 08       		.uleb128 0x8
 353 0218 0E000000 		.4byte	.LASF32
 354 021c 0B       		.byte	0xb
 355 021d 3E       		.byte	0x3e
 356 021e 08       		.uleb128 0x8
 357 021f 74020000 		.4byte	.LASF33
 358 0223 0C       		.byte	0xc
 359 0224 17       		.byte	0x17
 360 0225 08       		.uleb128 0x8
 361 0226 D6000000 		.4byte	.LASF34
 362 022a 0D       		.byte	0xd
 363 022b 17       		.byte	0x17
 364 022c 08       		.uleb128 0x8
 365 022d E4010000 		.4byte	.LASF35
 366 0231 0E       		.byte	0xe
 367 0232 4F       		.byte	0x4f
 368 0233 08       		.uleb128 0x8
 369 0234 E1000000 		.4byte	.LASF36
ARM GAS  C:\Users\JohnP\AppData\Local\Temp\ccsRmDDO.s 			page 8


 370 0238 0F       		.byte	0xf
 371 0239 27       		.byte	0x27
 372 023a 0A       		.uleb128 0xa
 373 023b 3C020000 		.4byte	.LASF42
 374 023f 05       		.byte	0x5
 375 0240 13       		.byte	0x13
 376 0241 0B       		.uleb128 0xb
 377 0242 00       		.byte	0
 378 0243 00       		.byte	0
 379              		.section	.debug_abbrev,"",%progbits
 380              	.Ldebug_abbrev0:
 381 0000 01       		.uleb128 0x1
 382 0001 11       		.uleb128 0x11
 383 0002 01       		.byte	0x1
 384 0003 25       		.uleb128 0x25
 385 0004 0E       		.uleb128 0xe
 386 0005 13       		.uleb128 0x13
 387 0006 0B       		.uleb128 0xb
 388 0007 03       		.uleb128 0x3
 389 0008 0E       		.uleb128 0xe
 390 0009 1B       		.uleb128 0x1b
 391 000a 0E       		.uleb128 0xe
 392 000b 55       		.uleb128 0x55
 393 000c 17       		.uleb128 0x17
 394 000d 11       		.uleb128 0x11
 395 000e 01       		.uleb128 0x1
 396 000f 10       		.uleb128 0x10
 397 0010 17       		.uleb128 0x17
 398 0011 00       		.byte	0
 399 0012 00       		.byte	0
 400 0013 02       		.uleb128 0x2
 401 0014 24       		.uleb128 0x24
 402 0015 00       		.byte	0
 403 0016 0B       		.uleb128 0xb
 404 0017 0B       		.uleb128 0xb
 405 0018 3E       		.uleb128 0x3e
 406 0019 0B       		.uleb128 0xb
 407 001a 03       		.uleb128 0x3
 408 001b 0E       		.uleb128 0xe
 409 001c 00       		.byte	0
 410 001d 00       		.byte	0
 411 001e 03       		.uleb128 0x3
 412 001f 24       		.uleb128 0x24
 413 0020 00       		.byte	0
 414 0021 0B       		.uleb128 0xb
 415 0022 0B       		.uleb128 0xb
 416 0023 3E       		.uleb128 0x3e
 417 0024 0B       		.uleb128 0xb
 418 0025 03       		.uleb128 0x3
 419 0026 08       		.uleb128 0x8
 420 0027 00       		.byte	0
 421 0028 00       		.byte	0
 422 0029 04       		.uleb128 0x4
 423 002a 16       		.uleb128 0x16
 424 002b 00       		.byte	0
 425 002c 03       		.uleb128 0x3
 426 002d 0E       		.uleb128 0xe
ARM GAS  C:\Users\JohnP\AppData\Local\Temp\ccsRmDDO.s 			page 9


 427 002e 3A       		.uleb128 0x3a
 428 002f 0B       		.uleb128 0xb
 429 0030 3B       		.uleb128 0x3b
 430 0031 0B       		.uleb128 0xb
 431 0032 49       		.uleb128 0x49
 432 0033 13       		.uleb128 0x13
 433 0034 00       		.byte	0
 434 0035 00       		.byte	0
 435 0036 05       		.uleb128 0x5
 436 0037 2E       		.uleb128 0x2e
 437 0038 01       		.byte	0x1
 438 0039 3F       		.uleb128 0x3f
 439 003a 19       		.uleb128 0x19
 440 003b 03       		.uleb128 0x3
 441 003c 0E       		.uleb128 0xe
 442 003d 3A       		.uleb128 0x3a
 443 003e 0B       		.uleb128 0xb
 444 003f 3B       		.uleb128 0x3b
 445 0040 0B       		.uleb128 0xb
 446 0041 11       		.uleb128 0x11
 447 0042 01       		.uleb128 0x1
 448 0043 12       		.uleb128 0x12
 449 0044 06       		.uleb128 0x6
 450 0045 40       		.uleb128 0x40
 451 0046 18       		.uleb128 0x18
 452 0047 9742     		.uleb128 0x2117
 453 0049 19       		.uleb128 0x19
 454 004a 01       		.uleb128 0x1
 455 004b 13       		.uleb128 0x13
 456 004c 00       		.byte	0
 457 004d 00       		.byte	0
 458 004e 06       		.uleb128 0x6
 459 004f 898201   		.uleb128 0x4109
 460 0052 00       		.byte	0
 461 0053 11       		.uleb128 0x11
 462 0054 01       		.uleb128 0x1
 463 0055 31       		.uleb128 0x31
 464 0056 13       		.uleb128 0x13
 465 0057 00       		.byte	0
 466 0058 00       		.byte	0
 467 0059 07       		.uleb128 0x7
 468 005a 34       		.uleb128 0x34
 469 005b 00       		.byte	0
 470 005c 03       		.uleb128 0x3
 471 005d 0E       		.uleb128 0xe
 472 005e 3A       		.uleb128 0x3a
 473 005f 0B       		.uleb128 0xb
 474 0060 3B       		.uleb128 0x3b
 475 0061 0B       		.uleb128 0xb
 476 0062 49       		.uleb128 0x49
 477 0063 13       		.uleb128 0x13
 478 0064 3F       		.uleb128 0x3f
 479 0065 19       		.uleb128 0x19
 480 0066 02       		.uleb128 0x2
 481 0067 18       		.uleb128 0x18
 482 0068 00       		.byte	0
 483 0069 00       		.byte	0
ARM GAS  C:\Users\JohnP\AppData\Local\Temp\ccsRmDDO.s 			page 10


 484 006a 08       		.uleb128 0x8
 485 006b 2E       		.uleb128 0x2e
 486 006c 00       		.byte	0
 487 006d 3F       		.uleb128 0x3f
 488 006e 19       		.uleb128 0x19
 489 006f 03       		.uleb128 0x3
 490 0070 0E       		.uleb128 0xe
 491 0071 3A       		.uleb128 0x3a
 492 0072 0B       		.uleb128 0xb
 493 0073 3B       		.uleb128 0x3b
 494 0074 0B       		.uleb128 0xb
 495 0075 27       		.uleb128 0x27
 496 0076 19       		.uleb128 0x19
 497 0077 3C       		.uleb128 0x3c
 498 0078 19       		.uleb128 0x19
 499 0079 00       		.byte	0
 500 007a 00       		.byte	0
 501 007b 09       		.uleb128 0x9
 502 007c 2E       		.uleb128 0x2e
 503 007d 00       		.byte	0
 504 007e 3F       		.uleb128 0x3f
 505 007f 19       		.uleb128 0x19
 506 0080 03       		.uleb128 0x3
 507 0081 0E       		.uleb128 0xe
 508 0082 3A       		.uleb128 0x3a
 509 0083 0B       		.uleb128 0xb
 510 0084 3B       		.uleb128 0x3b
 511 0085 0B       		.uleb128 0xb
 512 0086 27       		.uleb128 0x27
 513 0087 19       		.uleb128 0x19
 514 0088 49       		.uleb128 0x49
 515 0089 13       		.uleb128 0x13
 516 008a 3C       		.uleb128 0x3c
 517 008b 19       		.uleb128 0x19
 518 008c 00       		.byte	0
 519 008d 00       		.byte	0
 520 008e 0A       		.uleb128 0xa
 521 008f 2E       		.uleb128 0x2e
 522 0090 01       		.byte	0x1
 523 0091 3F       		.uleb128 0x3f
 524 0092 19       		.uleb128 0x19
 525 0093 03       		.uleb128 0x3
 526 0094 0E       		.uleb128 0xe
 527 0095 3A       		.uleb128 0x3a
 528 0096 0B       		.uleb128 0xb
 529 0097 3B       		.uleb128 0x3b
 530 0098 0B       		.uleb128 0xb
 531 0099 3C       		.uleb128 0x3c
 532 009a 19       		.uleb128 0x19
 533 009b 00       		.byte	0
 534 009c 00       		.byte	0
 535 009d 0B       		.uleb128 0xb
 536 009e 18       		.uleb128 0x18
 537 009f 00       		.byte	0
 538 00a0 00       		.byte	0
 539 00a1 00       		.byte	0
 540 00a2 00       		.byte	0
ARM GAS  C:\Users\JohnP\AppData\Local\Temp\ccsRmDDO.s 			page 11


 541              		.section	.debug_aranges,"",%progbits
 542 0000 1C000000 		.4byte	0x1c
 543 0004 0200     		.2byte	0x2
 544 0006 00000000 		.4byte	.Ldebug_info0
 545 000a 04       		.byte	0x4
 546 000b 00       		.byte	0
 547 000c 0000     		.2byte	0
 548 000e 0000     		.2byte	0
 549 0010 00000000 		.4byte	.LFB0
 550 0014 3C000000 		.4byte	.LFE0-.LFB0
 551 0018 00000000 		.4byte	0
 552 001c 00000000 		.4byte	0
 553              		.section	.debug_ranges,"",%progbits
 554              	.Ldebug_ranges0:
 555 0000 00000000 		.4byte	.LFB0
 556 0004 3C000000 		.4byte	.LFE0
 557 0008 00000000 		.4byte	0
 558 000c 00000000 		.4byte	0
 559              		.section	.debug_line,"",%progbits
 560              	.Ldebug_line0:
 561 0000 23010000 		.section	.debug_str,"MS",%progbits,1
 561      02000001 
 561      00000201 
 561      FB0E0D00 
 561      01010101 
 562              	.LASF6:
 563 0000 6C6F6E67 		.ascii	"long long int\000"
 563      206C6F6E 
 563      6720696E 
 563      7400
 564              	.LASF32:
 565 000e 5047415F 		.ascii	"PGA_1_Start\000"
 565      315F5374 
 565      61727400 
 566              	.LASF25:
 567 001a 436F6D70 		.ascii	"Comp_Start\000"
 567      5F537461 
 567      727400
 568              	.LASF19:
 569 0025 63757272 		.ascii	"currentState\000"
 569      656E7453 
 569      74617465 
 569      00
 570              	.LASF20:
 571 0032 50726576 		.ascii	"Prev_state\000"
 571      5F737461 
 571      746500
 572              	.LASF39:
 573 003d 433A5C55 		.ascii	"C:\\Users\\JohnP\\Desktop\\embedded\\trunk\\CE4920P"
 573      73657273 
 573      5C4A6F68 
 573      6E505C44 
 573      65736B74 
 574 006a 726F6A65 		.ascii	"roject1\\Design01.cydsn\000"
 574      6374315C 
 574      44657369 
 574      676E3031 
ARM GAS  C:\Users\JohnP\AppData\Local\Temp\ccsRmDDO.s 			page 12


 574      2E637964 
 575              	.LASF31:
 576 0081 57617665 		.ascii	"WaveDAC8_1_Start\000"
 576      44414338 
 576      5F315F53 
 576      74617274 
 576      00
 577              	.LASF23:
 578 0092 74696D65 		.ascii	"timer_status\000"
 578      725F7374 
 578      61747573 
 578      00
 579              	.LASF18:
 580 009f 50524F46 		.ascii	"PROFILE\000"
 580      494C4500 
 581              	.LASF22:
 582 00a7 68656172 		.ascii	"heartbeatCounter\000"
 582      74626561 
 582      74436F75 
 582      6E746572 
 582      00
 583              	.LASF9:
 584 00b8 666C6F61 		.ascii	"float\000"
 584      7400
 585              	.LASF26:
 586 00be 4C43445F 		.ascii	"LCD_Start\000"
 586      53746172 
 586      7400
 587              	.LASF1:
 588 00c8 756E7369 		.ascii	"unsigned char\000"
 588      676E6564 
 588      20636861 
 588      7200
 589              	.LASF34:
 590 00d6 53544F50 		.ascii	"STOP_Start\000"
 590      5F537461 
 590      727400
 591              	.LASF36:
 592 00e1 74696D65 		.ascii	"timer_clock_1_Start\000"
 592      725F636C 
 592      6F636B5F 
 592      315F5374 
 592      61727400 
 593              	.LASF5:
 594 00f5 6C6F6E67 		.ascii	"long unsigned int\000"
 594      20756E73 
 594      69676E65 
 594      6420696E 
 594      7400
 595              	.LASF37:
 596 0107 474E5520 		.ascii	"GNU C 4.8.4 20140526 (release) [ARM/embedded-4_8-br"
 596      4320342E 
 596      382E3420 
 596      32303134 
 596      30353236 
 597 013a 616E6368 		.ascii	"anch revision 211358] -mcpu=cortex-m3 -mthumb -g -O"
 597      20726576 
ARM GAS  C:\Users\JohnP\AppData\Local\Temp\ccsRmDDO.s 			page 13


 597      6973696F 
 597      6E203231 
 597      31333538 
 598 016d 67202D66 		.ascii	"g -ffunction-sections\000"
 598      66756E63 
 598      74696F6E 
 598      2D736563 
 598      74696F6E 
 599              	.LASF3:
 600 0183 73686F72 		.ascii	"short unsigned int\000"
 600      7420756E 
 600      7369676E 
 600      65642069 
 600      6E7400
 601              	.LASF10:
 602 0196 646F7562 		.ascii	"double\000"
 602      6C6500
 603              	.LASF29:
 604 019d 43617053 		.ascii	"CapSense_ScanEnabledWidgets\000"
 604      656E7365 
 604      5F536361 
 604      6E456E61 
 604      626C6564 
 605              	.LASF38:
 606 01b9 2E5C7379 		.ascii	".\\system.c\000"
 606      7374656D 
 606      2E6300
 607              	.LASF24:
 608 01c4 74696D65 		.ascii	"timer_value\000"
 608      725F7661 
 608      6C756500 
 609              	.LASF13:
 610 01d0 75696E74 		.ascii	"uint16\000"
 610      313600
 611              	.LASF41:
 612 01d7 436F6D70 		.ascii	"Comp_ZeroCal\000"
 612      5F5A6572 
 612      6F43616C 
 612      00
 613              	.LASF35:
 614 01e4 48656172 		.ascii	"HeartbeatCounter_Start\000"
 614      74626561 
 614      74436F75 
 614      6E746572 
 614      5F537461 
 615              	.LASF17:
 616 01fb 696E6372 		.ascii	"increasingHr\000"
 616      65617369 
 616      6E674872 
 616      00
 617              	.LASF8:
 618 0208 756E7369 		.ascii	"unsigned int\000"
 618      676E6564 
 618      20696E74 
 618      00
 619              	.LASF7:
 620 0215 6C6F6E67 		.ascii	"long long unsigned int\000"
ARM GAS  C:\Users\JohnP\AppData\Local\Temp\ccsRmDDO.s 			page 14


 620      206C6F6E 
 620      6720756E 
 620      7369676E 
 620      65642069 
 621              	.LASF28:
 622 022c 43617053 		.ascii	"CapSense_Enable\000"
 622      656E7365 
 622      5F456E61 
 622      626C6500 
 623              	.LASF42:
 624 023c 53746172 		.ascii	"Start_motor\000"
 624      745F6D6F 
 624      746F7200 
 625              	.LASF16:
 626 0248 61766572 		.ascii	"average\000"
 626      61676500 
 627              	.LASF14:
 628 0250 53544154 		.ascii	"STATE\000"
 628      4500
 629              	.LASF21:
 630 0256 73706565 		.ascii	"speed\000"
 630      6400
 631              	.LASF12:
 632 025c 73697A65 		.ascii	"sizetype\000"
 632      74797065 
 632      00
 633              	.LASF15:
 634 0265 68656172 		.ascii	"heartrate\000"
 634      74726174 
 634      6500
 635              	.LASF11:
 636 026f 63686172 		.ascii	"char\000"
 636      00
 637              	.LASF33:
 638 0274 436F6D70 		.ascii	"Compint_Start\000"
 638      696E745F 
 638      53746172 
 638      7400
 639              	.LASF40:
 640 0282 53797374 		.ascii	"System_init\000"
 640      656D5F69 
 640      6E697400 
 641              	.LASF2:
 642 028e 73686F72 		.ascii	"short int\000"
 642      7420696E 
 642      7400
 643              	.LASF4:
 644 0298 6C6F6E67 		.ascii	"long int\000"
 644      20696E74 
 644      00
 645              	.LASF0:
 646 02a1 7369676E 		.ascii	"signed char\000"
 646      65642063 
 646      68617200 
 647              	.LASF30:
 648 02ad 43617053 		.ascii	"CapSense_InitializeAllBaselines\000"
 648      656E7365 
ARM GAS  C:\Users\JohnP\AppData\Local\Temp\ccsRmDDO.s 			page 15


 648      5F496E69 
 648      7469616C 
 648      697A6541 
 649              	.LASF27:
 650 02cd 43617053 		.ascii	"CapSense_Start\000"
 650      656E7365 
 650      5F537461 
 650      727400
 651              		.ident	"GCC: (GNU Tools for ARM Embedded Processors) 4.8.4 20140526 (release) [ARM/embedded-4_8-br
