ARM GAS  C:\Users\JohnP\AppData\Local\Temp\ccKxb1I2.s 			page 1


   1              		.syntax unified
   2              		.cpu cortex-m3
   3              		.fpu softvfp
   4              		.eabi_attribute 20, 1
   5              		.eabi_attribute 21, 1
   6              		.eabi_attribute 23, 3
   7              		.eabi_attribute 24, 1
   8              		.eabi_attribute 25, 1
   9              		.eabi_attribute 26, 1
  10              		.eabi_attribute 30, 1
  11              		.eabi_attribute 34, 1
  12              		.eabi_attribute 18, 4
  13              		.thumb
  14              		.file	"WaveDAC8_1_VDAC8.c"
  15              		.text
  16              	.Ltext0:
  17              		.cfi_sections	.debug_frame
  18              		.section	.text.WaveDAC8_1_VDAC8_Enable,"ax",%progbits
  19              		.align	2
  20              		.global	WaveDAC8_1_VDAC8_Enable
  21              		.thumb
  22              		.thumb_func
  23              		.type	WaveDAC8_1_VDAC8_Enable, %function
  24              	WaveDAC8_1_VDAC8_Enable:
  25              	.LFB1:
  26              		.file 1 ".\\Generated_Source\\PSoC5\\WaveDAC8_1_VDAC8.c"
   1:.\Generated_Source\PSoC5/WaveDAC8_1_VDAC8.c **** /*******************************************************************************
   2:.\Generated_Source\PSoC5/WaveDAC8_1_VDAC8.c **** * File Name: WaveDAC8_1_VDAC8.c  
   3:.\Generated_Source\PSoC5/WaveDAC8_1_VDAC8.c **** * Version 1.90
   4:.\Generated_Source\PSoC5/WaveDAC8_1_VDAC8.c **** *
   5:.\Generated_Source\PSoC5/WaveDAC8_1_VDAC8.c **** * Description:
   6:.\Generated_Source\PSoC5/WaveDAC8_1_VDAC8.c **** *  This file provides the source code to the API for the 8-bit Voltage DAC 
   7:.\Generated_Source\PSoC5/WaveDAC8_1_VDAC8.c **** *  (VDAC8) User Module.
   8:.\Generated_Source\PSoC5/WaveDAC8_1_VDAC8.c **** *
   9:.\Generated_Source\PSoC5/WaveDAC8_1_VDAC8.c **** * Note:
  10:.\Generated_Source\PSoC5/WaveDAC8_1_VDAC8.c **** *  Any unusual or non-standard behavior should be noted here. Other-
  11:.\Generated_Source\PSoC5/WaveDAC8_1_VDAC8.c **** *  wise, this section should remain blank.
  12:.\Generated_Source\PSoC5/WaveDAC8_1_VDAC8.c **** *
  13:.\Generated_Source\PSoC5/WaveDAC8_1_VDAC8.c **** ********************************************************************************
  14:.\Generated_Source\PSoC5/WaveDAC8_1_VDAC8.c **** * Copyright 2008-2012, Cypress Semiconductor Corporation.  All rights reserved.
  15:.\Generated_Source\PSoC5/WaveDAC8_1_VDAC8.c **** * You may use this file only in accordance with the license, terms, conditions, 
  16:.\Generated_Source\PSoC5/WaveDAC8_1_VDAC8.c **** * disclaimers, and limitations in the end user license agreement accompanying 
  17:.\Generated_Source\PSoC5/WaveDAC8_1_VDAC8.c **** * the software package with which this file was provided.
  18:.\Generated_Source\PSoC5/WaveDAC8_1_VDAC8.c **** *******************************************************************************/
  19:.\Generated_Source\PSoC5/WaveDAC8_1_VDAC8.c **** 
  20:.\Generated_Source\PSoC5/WaveDAC8_1_VDAC8.c **** #include "cytypes.h"
  21:.\Generated_Source\PSoC5/WaveDAC8_1_VDAC8.c **** #include "WaveDAC8_1_VDAC8.h"
  22:.\Generated_Source\PSoC5/WaveDAC8_1_VDAC8.c **** 
  23:.\Generated_Source\PSoC5/WaveDAC8_1_VDAC8.c **** #if (CY_PSOC5A)
  24:.\Generated_Source\PSoC5/WaveDAC8_1_VDAC8.c **** #include <CyLib.h>
  25:.\Generated_Source\PSoC5/WaveDAC8_1_VDAC8.c **** #endif /* CY_PSOC5A */
  26:.\Generated_Source\PSoC5/WaveDAC8_1_VDAC8.c **** 
  27:.\Generated_Source\PSoC5/WaveDAC8_1_VDAC8.c **** uint8 WaveDAC8_1_VDAC8_initVar = 0u;
  28:.\Generated_Source\PSoC5/WaveDAC8_1_VDAC8.c **** 
  29:.\Generated_Source\PSoC5/WaveDAC8_1_VDAC8.c **** #if (CY_PSOC5A)
  30:.\Generated_Source\PSoC5/WaveDAC8_1_VDAC8.c ****     static uint8 WaveDAC8_1_VDAC8_restoreVal = 0u;
  31:.\Generated_Source\PSoC5/WaveDAC8_1_VDAC8.c **** #endif /* CY_PSOC5A */
ARM GAS  C:\Users\JohnP\AppData\Local\Temp\ccKxb1I2.s 			page 2


  32:.\Generated_Source\PSoC5/WaveDAC8_1_VDAC8.c **** 
  33:.\Generated_Source\PSoC5/WaveDAC8_1_VDAC8.c **** #if (CY_PSOC5A)
  34:.\Generated_Source\PSoC5/WaveDAC8_1_VDAC8.c ****     static WaveDAC8_1_VDAC8_backupStruct WaveDAC8_1_VDAC8_backup;
  35:.\Generated_Source\PSoC5/WaveDAC8_1_VDAC8.c **** #endif /* CY_PSOC5A */
  36:.\Generated_Source\PSoC5/WaveDAC8_1_VDAC8.c **** 
  37:.\Generated_Source\PSoC5/WaveDAC8_1_VDAC8.c **** 
  38:.\Generated_Source\PSoC5/WaveDAC8_1_VDAC8.c **** /*******************************************************************************
  39:.\Generated_Source\PSoC5/WaveDAC8_1_VDAC8.c **** * Function Name: WaveDAC8_1_VDAC8_Init
  40:.\Generated_Source\PSoC5/WaveDAC8_1_VDAC8.c **** ********************************************************************************
  41:.\Generated_Source\PSoC5/WaveDAC8_1_VDAC8.c **** * Summary:
  42:.\Generated_Source\PSoC5/WaveDAC8_1_VDAC8.c **** *  Initialize to the schematic state.
  43:.\Generated_Source\PSoC5/WaveDAC8_1_VDAC8.c **** * 
  44:.\Generated_Source\PSoC5/WaveDAC8_1_VDAC8.c **** * Parameters:
  45:.\Generated_Source\PSoC5/WaveDAC8_1_VDAC8.c **** *  void:
  46:.\Generated_Source\PSoC5/WaveDAC8_1_VDAC8.c **** *
  47:.\Generated_Source\PSoC5/WaveDAC8_1_VDAC8.c **** * Return:
  48:.\Generated_Source\PSoC5/WaveDAC8_1_VDAC8.c **** *  void
  49:.\Generated_Source\PSoC5/WaveDAC8_1_VDAC8.c **** *
  50:.\Generated_Source\PSoC5/WaveDAC8_1_VDAC8.c **** * Theory:
  51:.\Generated_Source\PSoC5/WaveDAC8_1_VDAC8.c **** *
  52:.\Generated_Source\PSoC5/WaveDAC8_1_VDAC8.c **** * Side Effects:
  53:.\Generated_Source\PSoC5/WaveDAC8_1_VDAC8.c **** *
  54:.\Generated_Source\PSoC5/WaveDAC8_1_VDAC8.c **** *******************************************************************************/
  55:.\Generated_Source\PSoC5/WaveDAC8_1_VDAC8.c **** void WaveDAC8_1_VDAC8_Init(void) 
  56:.\Generated_Source\PSoC5/WaveDAC8_1_VDAC8.c **** {
  57:.\Generated_Source\PSoC5/WaveDAC8_1_VDAC8.c ****     WaveDAC8_1_VDAC8_CR0 = (WaveDAC8_1_VDAC8_MODE_V );
  58:.\Generated_Source\PSoC5/WaveDAC8_1_VDAC8.c **** 
  59:.\Generated_Source\PSoC5/WaveDAC8_1_VDAC8.c ****     /* Set default data source */
  60:.\Generated_Source\PSoC5/WaveDAC8_1_VDAC8.c ****     #if(WaveDAC8_1_VDAC8_DEFAULT_DATA_SRC != 0 )
  61:.\Generated_Source\PSoC5/WaveDAC8_1_VDAC8.c ****         WaveDAC8_1_VDAC8_CR1 = (WaveDAC8_1_VDAC8_DEFAULT_CNTL | WaveDAC8_1_VDAC8_DACBUS_ENABLE) ;
  62:.\Generated_Source\PSoC5/WaveDAC8_1_VDAC8.c ****     #else
  63:.\Generated_Source\PSoC5/WaveDAC8_1_VDAC8.c ****         WaveDAC8_1_VDAC8_CR1 = (WaveDAC8_1_VDAC8_DEFAULT_CNTL | WaveDAC8_1_VDAC8_DACBUS_DISABLE) ;
  64:.\Generated_Source\PSoC5/WaveDAC8_1_VDAC8.c ****     #endif /* (WaveDAC8_1_VDAC8_DEFAULT_DATA_SRC != 0 ) */
  65:.\Generated_Source\PSoC5/WaveDAC8_1_VDAC8.c **** 
  66:.\Generated_Source\PSoC5/WaveDAC8_1_VDAC8.c ****     /* Set default strobe mode */
  67:.\Generated_Source\PSoC5/WaveDAC8_1_VDAC8.c ****     #if(WaveDAC8_1_VDAC8_DEFAULT_STRB != 0)
  68:.\Generated_Source\PSoC5/WaveDAC8_1_VDAC8.c ****         WaveDAC8_1_VDAC8_Strobe |= WaveDAC8_1_VDAC8_STRB_EN ;
  69:.\Generated_Source\PSoC5/WaveDAC8_1_VDAC8.c ****     #endif/* (WaveDAC8_1_VDAC8_DEFAULT_STRB != 0) */
  70:.\Generated_Source\PSoC5/WaveDAC8_1_VDAC8.c **** 
  71:.\Generated_Source\PSoC5/WaveDAC8_1_VDAC8.c ****     /* Set default range */
  72:.\Generated_Source\PSoC5/WaveDAC8_1_VDAC8.c ****     WaveDAC8_1_VDAC8_SetRange(WaveDAC8_1_VDAC8_DEFAULT_RANGE); 
  73:.\Generated_Source\PSoC5/WaveDAC8_1_VDAC8.c **** 
  74:.\Generated_Source\PSoC5/WaveDAC8_1_VDAC8.c ****     /* Set default speed */
  75:.\Generated_Source\PSoC5/WaveDAC8_1_VDAC8.c ****     WaveDAC8_1_VDAC8_SetSpeed(WaveDAC8_1_VDAC8_DEFAULT_SPEED);
  76:.\Generated_Source\PSoC5/WaveDAC8_1_VDAC8.c **** }
  77:.\Generated_Source\PSoC5/WaveDAC8_1_VDAC8.c **** 
  78:.\Generated_Source\PSoC5/WaveDAC8_1_VDAC8.c **** 
  79:.\Generated_Source\PSoC5/WaveDAC8_1_VDAC8.c **** /*******************************************************************************
  80:.\Generated_Source\PSoC5/WaveDAC8_1_VDAC8.c **** * Function Name: WaveDAC8_1_VDAC8_Enable
  81:.\Generated_Source\PSoC5/WaveDAC8_1_VDAC8.c **** ********************************************************************************
  82:.\Generated_Source\PSoC5/WaveDAC8_1_VDAC8.c **** * Summary:
  83:.\Generated_Source\PSoC5/WaveDAC8_1_VDAC8.c **** *  Enable the VDAC8
  84:.\Generated_Source\PSoC5/WaveDAC8_1_VDAC8.c **** * 
  85:.\Generated_Source\PSoC5/WaveDAC8_1_VDAC8.c **** * Parameters:
  86:.\Generated_Source\PSoC5/WaveDAC8_1_VDAC8.c **** *  void
  87:.\Generated_Source\PSoC5/WaveDAC8_1_VDAC8.c **** *
  88:.\Generated_Source\PSoC5/WaveDAC8_1_VDAC8.c **** * Return:
ARM GAS  C:\Users\JohnP\AppData\Local\Temp\ccKxb1I2.s 			page 3


  89:.\Generated_Source\PSoC5/WaveDAC8_1_VDAC8.c **** *  void
  90:.\Generated_Source\PSoC5/WaveDAC8_1_VDAC8.c **** *
  91:.\Generated_Source\PSoC5/WaveDAC8_1_VDAC8.c **** * Theory:
  92:.\Generated_Source\PSoC5/WaveDAC8_1_VDAC8.c **** *
  93:.\Generated_Source\PSoC5/WaveDAC8_1_VDAC8.c **** * Side Effects:
  94:.\Generated_Source\PSoC5/WaveDAC8_1_VDAC8.c **** *
  95:.\Generated_Source\PSoC5/WaveDAC8_1_VDAC8.c **** *******************************************************************************/
  96:.\Generated_Source\PSoC5/WaveDAC8_1_VDAC8.c **** void WaveDAC8_1_VDAC8_Enable(void) 
  97:.\Generated_Source\PSoC5/WaveDAC8_1_VDAC8.c **** {
  27              		.loc 1 97 0
  28              		.cfi_startproc
  29              		@ args = 0, pretend = 0, frame = 0
  30              		@ frame_needed = 0, uses_anonymous_args = 0
  31              		@ link register save eliminated.
  98:.\Generated_Source\PSoC5/WaveDAC8_1_VDAC8.c ****     WaveDAC8_1_VDAC8_PWRMGR |= WaveDAC8_1_VDAC8_ACT_PWR_EN;
  32              		.loc 1 98 0
  33 0000 054B     		ldr	r3, .L2
  34 0002 1A78     		ldrb	r2, [r3]	@ zero_extendqisi2
  35 0004 42F00402 		orr	r2, r2, #4
  36 0008 1A70     		strb	r2, [r3]
  99:.\Generated_Source\PSoC5/WaveDAC8_1_VDAC8.c ****     WaveDAC8_1_VDAC8_STBY_PWRMGR |= WaveDAC8_1_VDAC8_STBY_PWR_EN;
  37              		.loc 1 99 0
  38 000a 1033     		adds	r3, r3, #16
  39 000c 1A78     		ldrb	r2, [r3]	@ zero_extendqisi2
  40 000e 42F00402 		orr	r2, r2, #4
  41 0012 1A70     		strb	r2, [r3]
  42 0014 7047     		bx	lr
  43              	.L3:
  44 0016 00BF     		.align	2
  45              	.L2:
  46 0018 A8430040 		.word	1073759144
  47              		.cfi_endproc
  48              	.LFE1:
  49              		.size	WaveDAC8_1_VDAC8_Enable, .-WaveDAC8_1_VDAC8_Enable
  50              		.section	.text.WaveDAC8_1_VDAC8_Stop,"ax",%progbits
  51              		.align	2
  52              		.global	WaveDAC8_1_VDAC8_Stop
  53              		.thumb
  54              		.thumb_func
  55              		.type	WaveDAC8_1_VDAC8_Stop, %function
  56              	WaveDAC8_1_VDAC8_Stop:
  57              	.LFB3:
 100:.\Generated_Source\PSoC5/WaveDAC8_1_VDAC8.c **** 
 101:.\Generated_Source\PSoC5/WaveDAC8_1_VDAC8.c ****     /*This is to restore the value of register CR0 ,
 102:.\Generated_Source\PSoC5/WaveDAC8_1_VDAC8.c ****     which is modified  in Stop API , this prevents misbehaviour of VDAC */
 103:.\Generated_Source\PSoC5/WaveDAC8_1_VDAC8.c ****     #if (CY_PSOC5A)
 104:.\Generated_Source\PSoC5/WaveDAC8_1_VDAC8.c ****         if(WaveDAC8_1_VDAC8_restoreVal == 1u) 
 105:.\Generated_Source\PSoC5/WaveDAC8_1_VDAC8.c ****         {
 106:.\Generated_Source\PSoC5/WaveDAC8_1_VDAC8.c ****              WaveDAC8_1_VDAC8_CR0 = WaveDAC8_1_VDAC8_backup.data_value;
 107:.\Generated_Source\PSoC5/WaveDAC8_1_VDAC8.c ****              WaveDAC8_1_VDAC8_restoreVal = 0u;
 108:.\Generated_Source\PSoC5/WaveDAC8_1_VDAC8.c ****         }
 109:.\Generated_Source\PSoC5/WaveDAC8_1_VDAC8.c ****     #endif /* CY_PSOC5A */
 110:.\Generated_Source\PSoC5/WaveDAC8_1_VDAC8.c **** }
 111:.\Generated_Source\PSoC5/WaveDAC8_1_VDAC8.c **** 
 112:.\Generated_Source\PSoC5/WaveDAC8_1_VDAC8.c **** 
 113:.\Generated_Source\PSoC5/WaveDAC8_1_VDAC8.c **** /*******************************************************************************
 114:.\Generated_Source\PSoC5/WaveDAC8_1_VDAC8.c **** * Function Name: WaveDAC8_1_VDAC8_Start
ARM GAS  C:\Users\JohnP\AppData\Local\Temp\ccKxb1I2.s 			page 4


 115:.\Generated_Source\PSoC5/WaveDAC8_1_VDAC8.c **** ********************************************************************************
 116:.\Generated_Source\PSoC5/WaveDAC8_1_VDAC8.c **** *
 117:.\Generated_Source\PSoC5/WaveDAC8_1_VDAC8.c **** * Summary:
 118:.\Generated_Source\PSoC5/WaveDAC8_1_VDAC8.c **** *  The start function initializes the voltage DAC with the default values, 
 119:.\Generated_Source\PSoC5/WaveDAC8_1_VDAC8.c **** *  and sets the power to the given level.  A power level of 0, is the same as
 120:.\Generated_Source\PSoC5/WaveDAC8_1_VDAC8.c **** *  executing the stop function.
 121:.\Generated_Source\PSoC5/WaveDAC8_1_VDAC8.c **** *
 122:.\Generated_Source\PSoC5/WaveDAC8_1_VDAC8.c **** * Parameters:
 123:.\Generated_Source\PSoC5/WaveDAC8_1_VDAC8.c **** *  Power: Sets power level between off (0) and (3) high power
 124:.\Generated_Source\PSoC5/WaveDAC8_1_VDAC8.c **** *
 125:.\Generated_Source\PSoC5/WaveDAC8_1_VDAC8.c **** * Return:
 126:.\Generated_Source\PSoC5/WaveDAC8_1_VDAC8.c **** *  void 
 127:.\Generated_Source\PSoC5/WaveDAC8_1_VDAC8.c **** *
 128:.\Generated_Source\PSoC5/WaveDAC8_1_VDAC8.c **** * Global variables:
 129:.\Generated_Source\PSoC5/WaveDAC8_1_VDAC8.c **** *  WaveDAC8_1_VDAC8_initVar: Is modified when this function is called for the 
 130:.\Generated_Source\PSoC5/WaveDAC8_1_VDAC8.c **** *  first time. Is used to ensure that initialization happens only once.
 131:.\Generated_Source\PSoC5/WaveDAC8_1_VDAC8.c **** *
 132:.\Generated_Source\PSoC5/WaveDAC8_1_VDAC8.c **** *******************************************************************************/
 133:.\Generated_Source\PSoC5/WaveDAC8_1_VDAC8.c **** void WaveDAC8_1_VDAC8_Start(void)  
 134:.\Generated_Source\PSoC5/WaveDAC8_1_VDAC8.c **** {
 135:.\Generated_Source\PSoC5/WaveDAC8_1_VDAC8.c ****     /* Hardware initiazation only needs to occure the first time */
 136:.\Generated_Source\PSoC5/WaveDAC8_1_VDAC8.c ****     if(WaveDAC8_1_VDAC8_initVar == 0u)
 137:.\Generated_Source\PSoC5/WaveDAC8_1_VDAC8.c ****     { 
 138:.\Generated_Source\PSoC5/WaveDAC8_1_VDAC8.c ****         WaveDAC8_1_VDAC8_Init();
 139:.\Generated_Source\PSoC5/WaveDAC8_1_VDAC8.c ****         WaveDAC8_1_VDAC8_initVar = 1u;
 140:.\Generated_Source\PSoC5/WaveDAC8_1_VDAC8.c ****     }
 141:.\Generated_Source\PSoC5/WaveDAC8_1_VDAC8.c **** 
 142:.\Generated_Source\PSoC5/WaveDAC8_1_VDAC8.c ****     /* Enable power to DAC */
 143:.\Generated_Source\PSoC5/WaveDAC8_1_VDAC8.c ****     WaveDAC8_1_VDAC8_Enable();
 144:.\Generated_Source\PSoC5/WaveDAC8_1_VDAC8.c **** 
 145:.\Generated_Source\PSoC5/WaveDAC8_1_VDAC8.c ****     /* Set default value */
 146:.\Generated_Source\PSoC5/WaveDAC8_1_VDAC8.c ****     WaveDAC8_1_VDAC8_SetValue(WaveDAC8_1_VDAC8_DEFAULT_DATA); 
 147:.\Generated_Source\PSoC5/WaveDAC8_1_VDAC8.c **** }
 148:.\Generated_Source\PSoC5/WaveDAC8_1_VDAC8.c **** 
 149:.\Generated_Source\PSoC5/WaveDAC8_1_VDAC8.c **** 
 150:.\Generated_Source\PSoC5/WaveDAC8_1_VDAC8.c **** /*******************************************************************************
 151:.\Generated_Source\PSoC5/WaveDAC8_1_VDAC8.c **** * Function Name: WaveDAC8_1_VDAC8_Stop
 152:.\Generated_Source\PSoC5/WaveDAC8_1_VDAC8.c **** ********************************************************************************
 153:.\Generated_Source\PSoC5/WaveDAC8_1_VDAC8.c **** *
 154:.\Generated_Source\PSoC5/WaveDAC8_1_VDAC8.c **** * Summary:
 155:.\Generated_Source\PSoC5/WaveDAC8_1_VDAC8.c **** *  Powers down DAC to lowest power state.
 156:.\Generated_Source\PSoC5/WaveDAC8_1_VDAC8.c **** *
 157:.\Generated_Source\PSoC5/WaveDAC8_1_VDAC8.c **** * Parameters:
 158:.\Generated_Source\PSoC5/WaveDAC8_1_VDAC8.c **** *  void
 159:.\Generated_Source\PSoC5/WaveDAC8_1_VDAC8.c **** *
 160:.\Generated_Source\PSoC5/WaveDAC8_1_VDAC8.c **** * Return:
 161:.\Generated_Source\PSoC5/WaveDAC8_1_VDAC8.c **** *  void
 162:.\Generated_Source\PSoC5/WaveDAC8_1_VDAC8.c **** *
 163:.\Generated_Source\PSoC5/WaveDAC8_1_VDAC8.c **** * Theory:
 164:.\Generated_Source\PSoC5/WaveDAC8_1_VDAC8.c **** *
 165:.\Generated_Source\PSoC5/WaveDAC8_1_VDAC8.c **** * Side Effects:
 166:.\Generated_Source\PSoC5/WaveDAC8_1_VDAC8.c **** *
 167:.\Generated_Source\PSoC5/WaveDAC8_1_VDAC8.c **** *******************************************************************************/
 168:.\Generated_Source\PSoC5/WaveDAC8_1_VDAC8.c **** void WaveDAC8_1_VDAC8_Stop(void) 
 169:.\Generated_Source\PSoC5/WaveDAC8_1_VDAC8.c **** {
  58              		.loc 1 169 0
  59              		.cfi_startproc
ARM GAS  C:\Users\JohnP\AppData\Local\Temp\ccKxb1I2.s 			page 5


  60              		@ args = 0, pretend = 0, frame = 0
  61              		@ frame_needed = 0, uses_anonymous_args = 0
  62              		@ link register save eliminated.
 170:.\Generated_Source\PSoC5/WaveDAC8_1_VDAC8.c ****     /* Disble power to DAC */
 171:.\Generated_Source\PSoC5/WaveDAC8_1_VDAC8.c ****     WaveDAC8_1_VDAC8_PWRMGR &= (uint8)(~WaveDAC8_1_VDAC8_ACT_PWR_EN);
  63              		.loc 1 171 0
  64 0000 054B     		ldr	r3, .L5
  65 0002 1A78     		ldrb	r2, [r3]	@ zero_extendqisi2
  66 0004 02F0FB02 		and	r2, r2, #251
  67 0008 1A70     		strb	r2, [r3]
 172:.\Generated_Source\PSoC5/WaveDAC8_1_VDAC8.c ****     WaveDAC8_1_VDAC8_STBY_PWRMGR &= (uint8)(~WaveDAC8_1_VDAC8_STBY_PWR_EN);
  68              		.loc 1 172 0
  69 000a 1033     		adds	r3, r3, #16
  70 000c 1A78     		ldrb	r2, [r3]	@ zero_extendqisi2
  71 000e 02F0FB02 		and	r2, r2, #251
  72 0012 1A70     		strb	r2, [r3]
  73 0014 7047     		bx	lr
  74              	.L6:
  75 0016 00BF     		.align	2
  76              	.L5:
  77 0018 A8430040 		.word	1073759144
  78              		.cfi_endproc
  79              	.LFE3:
  80              		.size	WaveDAC8_1_VDAC8_Stop, .-WaveDAC8_1_VDAC8_Stop
  81              		.section	.text.WaveDAC8_1_VDAC8_SetSpeed,"ax",%progbits
  82              		.align	2
  83              		.global	WaveDAC8_1_VDAC8_SetSpeed
  84              		.thumb
  85              		.thumb_func
  86              		.type	WaveDAC8_1_VDAC8_SetSpeed, %function
  87              	WaveDAC8_1_VDAC8_SetSpeed:
  88              	.LFB4:
 173:.\Generated_Source\PSoC5/WaveDAC8_1_VDAC8.c **** 
 174:.\Generated_Source\PSoC5/WaveDAC8_1_VDAC8.c ****     /* This is a work around for PSoC5A  ,
 175:.\Generated_Source\PSoC5/WaveDAC8_1_VDAC8.c ****     this sets VDAC to current mode with output off */
 176:.\Generated_Source\PSoC5/WaveDAC8_1_VDAC8.c ****     #if (CY_PSOC5A)
 177:.\Generated_Source\PSoC5/WaveDAC8_1_VDAC8.c ****         WaveDAC8_1_VDAC8_backup.data_value = WaveDAC8_1_VDAC8_CR0;
 178:.\Generated_Source\PSoC5/WaveDAC8_1_VDAC8.c ****         WaveDAC8_1_VDAC8_CR0 = WaveDAC8_1_VDAC8_CUR_MODE_OUT_OFF;
 179:.\Generated_Source\PSoC5/WaveDAC8_1_VDAC8.c ****         WaveDAC8_1_VDAC8_restoreVal = 1u;
 180:.\Generated_Source\PSoC5/WaveDAC8_1_VDAC8.c ****     #endif /* CY_PSOC5A */
 181:.\Generated_Source\PSoC5/WaveDAC8_1_VDAC8.c **** }
 182:.\Generated_Source\PSoC5/WaveDAC8_1_VDAC8.c **** 
 183:.\Generated_Source\PSoC5/WaveDAC8_1_VDAC8.c **** 
 184:.\Generated_Source\PSoC5/WaveDAC8_1_VDAC8.c **** /*******************************************************************************
 185:.\Generated_Source\PSoC5/WaveDAC8_1_VDAC8.c **** * Function Name: WaveDAC8_1_VDAC8_SetSpeed
 186:.\Generated_Source\PSoC5/WaveDAC8_1_VDAC8.c **** ********************************************************************************
 187:.\Generated_Source\PSoC5/WaveDAC8_1_VDAC8.c **** *
 188:.\Generated_Source\PSoC5/WaveDAC8_1_VDAC8.c **** * Summary:
 189:.\Generated_Source\PSoC5/WaveDAC8_1_VDAC8.c **** *  Set DAC speed
 190:.\Generated_Source\PSoC5/WaveDAC8_1_VDAC8.c **** *
 191:.\Generated_Source\PSoC5/WaveDAC8_1_VDAC8.c **** * Parameters:
 192:.\Generated_Source\PSoC5/WaveDAC8_1_VDAC8.c **** *  power: Sets speed value
 193:.\Generated_Source\PSoC5/WaveDAC8_1_VDAC8.c **** *
 194:.\Generated_Source\PSoC5/WaveDAC8_1_VDAC8.c **** * Return:
 195:.\Generated_Source\PSoC5/WaveDAC8_1_VDAC8.c **** *  void
 196:.\Generated_Source\PSoC5/WaveDAC8_1_VDAC8.c **** *
 197:.\Generated_Source\PSoC5/WaveDAC8_1_VDAC8.c **** * Theory:
ARM GAS  C:\Users\JohnP\AppData\Local\Temp\ccKxb1I2.s 			page 6


 198:.\Generated_Source\PSoC5/WaveDAC8_1_VDAC8.c **** *
 199:.\Generated_Source\PSoC5/WaveDAC8_1_VDAC8.c **** * Side Effects:
 200:.\Generated_Source\PSoC5/WaveDAC8_1_VDAC8.c **** *
 201:.\Generated_Source\PSoC5/WaveDAC8_1_VDAC8.c **** *******************************************************************************/
 202:.\Generated_Source\PSoC5/WaveDAC8_1_VDAC8.c **** void WaveDAC8_1_VDAC8_SetSpeed(uint8 speed) 
 203:.\Generated_Source\PSoC5/WaveDAC8_1_VDAC8.c **** {
  89              		.loc 1 203 0
  90              		.cfi_startproc
  91              		@ args = 0, pretend = 0, frame = 0
  92              		@ frame_needed = 0, uses_anonymous_args = 0
  93              		@ link register save eliminated.
  94              	.LVL0:
 204:.\Generated_Source\PSoC5/WaveDAC8_1_VDAC8.c ****     /* Clear power mask then write in new value */
 205:.\Generated_Source\PSoC5/WaveDAC8_1_VDAC8.c ****     WaveDAC8_1_VDAC8_CR0 &= (uint8)(~WaveDAC8_1_VDAC8_HS_MASK);
  95              		.loc 1 205 0
  96 0000 054B     		ldr	r3, .L8
  97 0002 1A78     		ldrb	r2, [r3]	@ zero_extendqisi2
  98 0004 02F0FD02 		and	r2, r2, #253
  99 0008 1A70     		strb	r2, [r3]
 206:.\Generated_Source\PSoC5/WaveDAC8_1_VDAC8.c ****     WaveDAC8_1_VDAC8_CR0 |=  (speed & WaveDAC8_1_VDAC8_HS_MASK);
 100              		.loc 1 206 0
 101 000a 1A78     		ldrb	r2, [r3]	@ zero_extendqisi2
 102 000c 00F00200 		and	r0, r0, #2
 103              	.LVL1:
 104 0010 0243     		orrs	r2, r2, r0
 105 0012 1A70     		strb	r2, [r3]
 106 0014 7047     		bx	lr
 107              	.L9:
 108 0016 00BF     		.align	2
 109              	.L8:
 110 0018 28580040 		.word	1073764392
 111              		.cfi_endproc
 112              	.LFE4:
 113              		.size	WaveDAC8_1_VDAC8_SetSpeed, .-WaveDAC8_1_VDAC8_SetSpeed
 114              		.section	.text.WaveDAC8_1_VDAC8_SetValue,"ax",%progbits
 115              		.align	2
 116              		.global	WaveDAC8_1_VDAC8_SetValue
 117              		.thumb
 118              		.thumb_func
 119              		.type	WaveDAC8_1_VDAC8_SetValue, %function
 120              	WaveDAC8_1_VDAC8_SetValue:
 121              	.LFB6:
 207:.\Generated_Source\PSoC5/WaveDAC8_1_VDAC8.c **** }
 208:.\Generated_Source\PSoC5/WaveDAC8_1_VDAC8.c **** 
 209:.\Generated_Source\PSoC5/WaveDAC8_1_VDAC8.c **** 
 210:.\Generated_Source\PSoC5/WaveDAC8_1_VDAC8.c **** /*******************************************************************************
 211:.\Generated_Source\PSoC5/WaveDAC8_1_VDAC8.c **** * Function Name: WaveDAC8_1_VDAC8_SetRange
 212:.\Generated_Source\PSoC5/WaveDAC8_1_VDAC8.c **** ********************************************************************************
 213:.\Generated_Source\PSoC5/WaveDAC8_1_VDAC8.c **** *
 214:.\Generated_Source\PSoC5/WaveDAC8_1_VDAC8.c **** * Summary:
 215:.\Generated_Source\PSoC5/WaveDAC8_1_VDAC8.c **** *  Set one of three current ranges.
 216:.\Generated_Source\PSoC5/WaveDAC8_1_VDAC8.c **** *
 217:.\Generated_Source\PSoC5/WaveDAC8_1_VDAC8.c **** * Parameters:
 218:.\Generated_Source\PSoC5/WaveDAC8_1_VDAC8.c **** *  Range: Sets one of Three valid ranges.
 219:.\Generated_Source\PSoC5/WaveDAC8_1_VDAC8.c **** *
 220:.\Generated_Source\PSoC5/WaveDAC8_1_VDAC8.c **** * Return:
 221:.\Generated_Source\PSoC5/WaveDAC8_1_VDAC8.c **** *  void 
ARM GAS  C:\Users\JohnP\AppData\Local\Temp\ccKxb1I2.s 			page 7


 222:.\Generated_Source\PSoC5/WaveDAC8_1_VDAC8.c **** *
 223:.\Generated_Source\PSoC5/WaveDAC8_1_VDAC8.c **** * Theory:
 224:.\Generated_Source\PSoC5/WaveDAC8_1_VDAC8.c **** *
 225:.\Generated_Source\PSoC5/WaveDAC8_1_VDAC8.c **** * Side Effects:
 226:.\Generated_Source\PSoC5/WaveDAC8_1_VDAC8.c **** *
 227:.\Generated_Source\PSoC5/WaveDAC8_1_VDAC8.c **** *******************************************************************************/
 228:.\Generated_Source\PSoC5/WaveDAC8_1_VDAC8.c **** void WaveDAC8_1_VDAC8_SetRange(uint8 range) 
 229:.\Generated_Source\PSoC5/WaveDAC8_1_VDAC8.c **** {
 230:.\Generated_Source\PSoC5/WaveDAC8_1_VDAC8.c ****     WaveDAC8_1_VDAC8_CR0 &= (uint8)(~WaveDAC8_1_VDAC8_RANGE_MASK);      /* Clear existing mode */
 231:.\Generated_Source\PSoC5/WaveDAC8_1_VDAC8.c ****     WaveDAC8_1_VDAC8_CR0 |= (range & WaveDAC8_1_VDAC8_RANGE_MASK);      /*  Set Range  */
 232:.\Generated_Source\PSoC5/WaveDAC8_1_VDAC8.c ****     WaveDAC8_1_VDAC8_DacTrim();
 233:.\Generated_Source\PSoC5/WaveDAC8_1_VDAC8.c **** }
 234:.\Generated_Source\PSoC5/WaveDAC8_1_VDAC8.c **** 
 235:.\Generated_Source\PSoC5/WaveDAC8_1_VDAC8.c **** 
 236:.\Generated_Source\PSoC5/WaveDAC8_1_VDAC8.c **** /*******************************************************************************
 237:.\Generated_Source\PSoC5/WaveDAC8_1_VDAC8.c **** * Function Name: WaveDAC8_1_VDAC8_SetValue
 238:.\Generated_Source\PSoC5/WaveDAC8_1_VDAC8.c **** ********************************************************************************
 239:.\Generated_Source\PSoC5/WaveDAC8_1_VDAC8.c **** *
 240:.\Generated_Source\PSoC5/WaveDAC8_1_VDAC8.c **** * Summary:
 241:.\Generated_Source\PSoC5/WaveDAC8_1_VDAC8.c **** *  Set 8-bit DAC value
 242:.\Generated_Source\PSoC5/WaveDAC8_1_VDAC8.c **** *
 243:.\Generated_Source\PSoC5/WaveDAC8_1_VDAC8.c **** * Parameters:  
 244:.\Generated_Source\PSoC5/WaveDAC8_1_VDAC8.c **** *  value:  Sets DAC value between 0 and 255.
 245:.\Generated_Source\PSoC5/WaveDAC8_1_VDAC8.c **** *
 246:.\Generated_Source\PSoC5/WaveDAC8_1_VDAC8.c **** * Return: 
 247:.\Generated_Source\PSoC5/WaveDAC8_1_VDAC8.c **** *  void 
 248:.\Generated_Source\PSoC5/WaveDAC8_1_VDAC8.c **** *
 249:.\Generated_Source\PSoC5/WaveDAC8_1_VDAC8.c **** * Theory: 
 250:.\Generated_Source\PSoC5/WaveDAC8_1_VDAC8.c **** *
 251:.\Generated_Source\PSoC5/WaveDAC8_1_VDAC8.c **** * Side Effects:
 252:.\Generated_Source\PSoC5/WaveDAC8_1_VDAC8.c **** *
 253:.\Generated_Source\PSoC5/WaveDAC8_1_VDAC8.c **** *******************************************************************************/
 254:.\Generated_Source\PSoC5/WaveDAC8_1_VDAC8.c **** void WaveDAC8_1_VDAC8_SetValue(uint8 value) 
 255:.\Generated_Source\PSoC5/WaveDAC8_1_VDAC8.c **** {
 122              		.loc 1 255 0
 123              		.cfi_startproc
 124              		@ args = 0, pretend = 0, frame = 0
 125              		@ frame_needed = 0, uses_anonymous_args = 0
 126              		@ link register save eliminated.
 127              	.LVL2:
 256:.\Generated_Source\PSoC5/WaveDAC8_1_VDAC8.c ****     #if (CY_PSOC5A)
 257:.\Generated_Source\PSoC5/WaveDAC8_1_VDAC8.c ****         uint8 WaveDAC8_1_VDAC8_intrStatus = CyEnterCriticalSection();
 258:.\Generated_Source\PSoC5/WaveDAC8_1_VDAC8.c ****     #endif /* CY_PSOC5A */
 259:.\Generated_Source\PSoC5/WaveDAC8_1_VDAC8.c **** 
 260:.\Generated_Source\PSoC5/WaveDAC8_1_VDAC8.c ****     WaveDAC8_1_VDAC8_Data = value;                /*  Set Value  */
 128              		.loc 1 260 0
 129 0000 014B     		ldr	r3, .L11
 130 0002 1870     		strb	r0, [r3]
 131 0004 7047     		bx	lr
 132              	.L12:
 133 0006 00BF     		.align	2
 134              	.L11:
 135 0008 825B0040 		.word	1073765250
 136              		.cfi_endproc
 137              	.LFE6:
 138              		.size	WaveDAC8_1_VDAC8_SetValue, .-WaveDAC8_1_VDAC8_SetValue
 139              		.section	.text.WaveDAC8_1_VDAC8_DacTrim,"ax",%progbits
ARM GAS  C:\Users\JohnP\AppData\Local\Temp\ccKxb1I2.s 			page 8


 140              		.align	2
 141              		.global	WaveDAC8_1_VDAC8_DacTrim
 142              		.thumb
 143              		.thumb_func
 144              		.type	WaveDAC8_1_VDAC8_DacTrim, %function
 145              	WaveDAC8_1_VDAC8_DacTrim:
 146              	.LFB7:
 261:.\Generated_Source\PSoC5/WaveDAC8_1_VDAC8.c **** 
 262:.\Generated_Source\PSoC5/WaveDAC8_1_VDAC8.c ****     /* PSOC5A requires a double write */
 263:.\Generated_Source\PSoC5/WaveDAC8_1_VDAC8.c ****     /* Exit Critical Section */
 264:.\Generated_Source\PSoC5/WaveDAC8_1_VDAC8.c ****     #if (CY_PSOC5A)
 265:.\Generated_Source\PSoC5/WaveDAC8_1_VDAC8.c ****         WaveDAC8_1_VDAC8_Data = value;
 266:.\Generated_Source\PSoC5/WaveDAC8_1_VDAC8.c ****         CyExitCriticalSection(WaveDAC8_1_VDAC8_intrStatus);
 267:.\Generated_Source\PSoC5/WaveDAC8_1_VDAC8.c ****     #endif /* CY_PSOC5A */
 268:.\Generated_Source\PSoC5/WaveDAC8_1_VDAC8.c **** }
 269:.\Generated_Source\PSoC5/WaveDAC8_1_VDAC8.c **** 
 270:.\Generated_Source\PSoC5/WaveDAC8_1_VDAC8.c **** 
 271:.\Generated_Source\PSoC5/WaveDAC8_1_VDAC8.c **** /*******************************************************************************
 272:.\Generated_Source\PSoC5/WaveDAC8_1_VDAC8.c **** * Function Name: WaveDAC8_1_VDAC8_DacTrim
 273:.\Generated_Source\PSoC5/WaveDAC8_1_VDAC8.c **** ********************************************************************************
 274:.\Generated_Source\PSoC5/WaveDAC8_1_VDAC8.c **** *
 275:.\Generated_Source\PSoC5/WaveDAC8_1_VDAC8.c **** * Summary:
 276:.\Generated_Source\PSoC5/WaveDAC8_1_VDAC8.c **** *  Set the trim value for the given range.
 277:.\Generated_Source\PSoC5/WaveDAC8_1_VDAC8.c **** *
 278:.\Generated_Source\PSoC5/WaveDAC8_1_VDAC8.c **** * Parameters:
 279:.\Generated_Source\PSoC5/WaveDAC8_1_VDAC8.c **** *  range:  1V or 4V range.  See constants.
 280:.\Generated_Source\PSoC5/WaveDAC8_1_VDAC8.c **** *
 281:.\Generated_Source\PSoC5/WaveDAC8_1_VDAC8.c **** * Return:
 282:.\Generated_Source\PSoC5/WaveDAC8_1_VDAC8.c **** *  void
 283:.\Generated_Source\PSoC5/WaveDAC8_1_VDAC8.c **** *
 284:.\Generated_Source\PSoC5/WaveDAC8_1_VDAC8.c **** * Theory: 
 285:.\Generated_Source\PSoC5/WaveDAC8_1_VDAC8.c **** *
 286:.\Generated_Source\PSoC5/WaveDAC8_1_VDAC8.c **** * Side Effects:
 287:.\Generated_Source\PSoC5/WaveDAC8_1_VDAC8.c **** *
 288:.\Generated_Source\PSoC5/WaveDAC8_1_VDAC8.c **** *******************************************************************************/
 289:.\Generated_Source\PSoC5/WaveDAC8_1_VDAC8.c **** void WaveDAC8_1_VDAC8_DacTrim(void) 
 290:.\Generated_Source\PSoC5/WaveDAC8_1_VDAC8.c **** {
 147              		.loc 1 290 0
 148              		.cfi_startproc
 149              		@ args = 0, pretend = 0, frame = 0
 150              		@ frame_needed = 0, uses_anonymous_args = 0
 151              		@ link register save eliminated.
 291:.\Generated_Source\PSoC5/WaveDAC8_1_VDAC8.c ****     uint8 mode;
 292:.\Generated_Source\PSoC5/WaveDAC8_1_VDAC8.c **** 
 293:.\Generated_Source\PSoC5/WaveDAC8_1_VDAC8.c ****     mode = (uint8)((WaveDAC8_1_VDAC8_CR0 & WaveDAC8_1_VDAC8_RANGE_MASK) >> 2) + WaveDAC8_1_VDAC8_TR
 152              		.loc 1 293 0
 153 0000 054B     		ldr	r3, .L14
 154 0002 1B78     		ldrb	r3, [r3]	@ zero_extendqisi2
 155 0004 C3F38103 		ubfx	r3, r3, #2, #2
 156              	.LVL3:
 294:.\Generated_Source\PSoC5/WaveDAC8_1_VDAC8.c ****     WaveDAC8_1_VDAC8_TR = CY_GET_XTND_REG8((uint8 *)(WaveDAC8_1_VDAC8_DAC_TRIM_BASE + mode));
 157              		.loc 1 294 0
 158 0008 03F19243 		add	r3, r3, #1224736768
 159              	.LVL4:
 160 000c 93F82E21 		ldrb	r2, [r3, #302]	@ zero_extendqisi2
 161 0010 D2B2     		uxtb	r2, r2
 162 0012 024B     		ldr	r3, .L14+4
ARM GAS  C:\Users\JohnP\AppData\Local\Temp\ccKxb1I2.s 			page 9


 163              	.LVL5:
 164 0014 1A70     		strb	r2, [r3]
 165 0016 7047     		bx	lr
 166              	.L15:
 167              		.align	2
 168              	.L14:
 169 0018 28580040 		.word	1073764392
 170 001c 0A460040 		.word	1073759754
 171              		.cfi_endproc
 172              	.LFE7:
 173              		.size	WaveDAC8_1_VDAC8_DacTrim, .-WaveDAC8_1_VDAC8_DacTrim
 174              		.section	.text.WaveDAC8_1_VDAC8_SetRange,"ax",%progbits
 175              		.align	2
 176              		.global	WaveDAC8_1_VDAC8_SetRange
 177              		.thumb
 178              		.thumb_func
 179              		.type	WaveDAC8_1_VDAC8_SetRange, %function
 180              	WaveDAC8_1_VDAC8_SetRange:
 181              	.LFB5:
 229:.\Generated_Source\PSoC5/WaveDAC8_1_VDAC8.c **** {
 182              		.loc 1 229 0
 183              		.cfi_startproc
 184              		@ args = 0, pretend = 0, frame = 0
 185              		@ frame_needed = 0, uses_anonymous_args = 0
 186              	.LVL6:
 187 0000 08B5     		push	{r3, lr}
 188              		.cfi_def_cfa_offset 8
 189              		.cfi_offset 3, -8
 190              		.cfi_offset 14, -4
 230:.\Generated_Source\PSoC5/WaveDAC8_1_VDAC8.c ****     WaveDAC8_1_VDAC8_CR0 &= (uint8)(~WaveDAC8_1_VDAC8_RANGE_MASK);      /* Clear existing mode */
 191              		.loc 1 230 0
 192 0002 064B     		ldr	r3, .L17
 193 0004 1A78     		ldrb	r2, [r3]	@ zero_extendqisi2
 194 0006 02F0F302 		and	r2, r2, #243
 195 000a 1A70     		strb	r2, [r3]
 231:.\Generated_Source\PSoC5/WaveDAC8_1_VDAC8.c ****     WaveDAC8_1_VDAC8_CR0 |= (range & WaveDAC8_1_VDAC8_RANGE_MASK);      /*  Set Range  */
 196              		.loc 1 231 0
 197 000c 1A78     		ldrb	r2, [r3]	@ zero_extendqisi2
 198 000e 00F00C00 		and	r0, r0, #12
 199              	.LVL7:
 200 0012 0243     		orrs	r2, r2, r0
 201 0014 1A70     		strb	r2, [r3]
 232:.\Generated_Source\PSoC5/WaveDAC8_1_VDAC8.c ****     WaveDAC8_1_VDAC8_DacTrim();
 202              		.loc 1 232 0
 203 0016 FFF7FEFF 		bl	WaveDAC8_1_VDAC8_DacTrim
 204              	.LVL8:
 205 001a 08BD     		pop	{r3, pc}
 206              	.L18:
 207              		.align	2
 208              	.L17:
 209 001c 28580040 		.word	1073764392
 210              		.cfi_endproc
 211              	.LFE5:
 212              		.size	WaveDAC8_1_VDAC8_SetRange, .-WaveDAC8_1_VDAC8_SetRange
 213              		.section	.text.WaveDAC8_1_VDAC8_Init,"ax",%progbits
 214              		.align	2
 215              		.global	WaveDAC8_1_VDAC8_Init
ARM GAS  C:\Users\JohnP\AppData\Local\Temp\ccKxb1I2.s 			page 10


 216              		.thumb
 217              		.thumb_func
 218              		.type	WaveDAC8_1_VDAC8_Init, %function
 219              	WaveDAC8_1_VDAC8_Init:
 220              	.LFB0:
  56:.\Generated_Source\PSoC5/WaveDAC8_1_VDAC8.c **** {
 221              		.loc 1 56 0
 222              		.cfi_startproc
 223              		@ args = 0, pretend = 0, frame = 0
 224              		@ frame_needed = 0, uses_anonymous_args = 0
 225 0000 08B5     		push	{r3, lr}
 226              		.cfi_def_cfa_offset 8
 227              		.cfi_offset 3, -8
 228              		.cfi_offset 14, -4
  57:.\Generated_Source\PSoC5/WaveDAC8_1_VDAC8.c ****     WaveDAC8_1_VDAC8_CR0 = (WaveDAC8_1_VDAC8_MODE_V );
 229              		.loc 1 57 0
 230 0002 0020     		movs	r0, #0
 231 0004 074B     		ldr	r3, .L20
 232 0006 1870     		strb	r0, [r3]
  63:.\Generated_Source\PSoC5/WaveDAC8_1_VDAC8.c ****         WaveDAC8_1_VDAC8_CR1 = (WaveDAC8_1_VDAC8_DEFAULT_CNTL | WaveDAC8_1_VDAC8_DACBUS_DISABLE) ;
 233              		.loc 1 63 0
 234 0008 0133     		adds	r3, r3, #1
 235 000a 1870     		strb	r0, [r3]
  68:.\Generated_Source\PSoC5/WaveDAC8_1_VDAC8.c ****         WaveDAC8_1_VDAC8_Strobe |= WaveDAC8_1_VDAC8_STRB_EN ;
 236              		.loc 1 68 0
 237 000c 03F26E23 		addw	r3, r3, #622
 238 0010 1A78     		ldrb	r2, [r3]	@ zero_extendqisi2
 239 0012 42F00802 		orr	r2, r2, #8
 240 0016 1A70     		strb	r2, [r3]
  72:.\Generated_Source\PSoC5/WaveDAC8_1_VDAC8.c ****     WaveDAC8_1_VDAC8_SetRange(WaveDAC8_1_VDAC8_DEFAULT_RANGE); 
 241              		.loc 1 72 0
 242 0018 FFF7FEFF 		bl	WaveDAC8_1_VDAC8_SetRange
 243              	.LVL9:
  75:.\Generated_Source\PSoC5/WaveDAC8_1_VDAC8.c ****     WaveDAC8_1_VDAC8_SetSpeed(WaveDAC8_1_VDAC8_DEFAULT_SPEED);
 244              		.loc 1 75 0
 245 001c 0220     		movs	r0, #2
 246 001e FFF7FEFF 		bl	WaveDAC8_1_VDAC8_SetSpeed
 247              	.LVL10:
 248 0022 08BD     		pop	{r3, pc}
 249              	.L21:
 250              		.align	2
 251              	.L20:
 252 0024 28580040 		.word	1073764392
 253              		.cfi_endproc
 254              	.LFE0:
 255              		.size	WaveDAC8_1_VDAC8_Init, .-WaveDAC8_1_VDAC8_Init
 256              		.section	.text.WaveDAC8_1_VDAC8_Start,"ax",%progbits
 257              		.align	2
 258              		.global	WaveDAC8_1_VDAC8_Start
 259              		.thumb
 260              		.thumb_func
 261              		.type	WaveDAC8_1_VDAC8_Start, %function
 262              	WaveDAC8_1_VDAC8_Start:
 263              	.LFB2:
 134:.\Generated_Source\PSoC5/WaveDAC8_1_VDAC8.c **** {
 264              		.loc 1 134 0
 265              		.cfi_startproc
ARM GAS  C:\Users\JohnP\AppData\Local\Temp\ccKxb1I2.s 			page 11


 266              		@ args = 0, pretend = 0, frame = 0
 267              		@ frame_needed = 0, uses_anonymous_args = 0
 268 0000 08B5     		push	{r3, lr}
 269              		.cfi_def_cfa_offset 8
 270              		.cfi_offset 3, -8
 271              		.cfi_offset 14, -4
 136:.\Generated_Source\PSoC5/WaveDAC8_1_VDAC8.c ****     if(WaveDAC8_1_VDAC8_initVar == 0u)
 272              		.loc 1 136 0
 273 0002 074B     		ldr	r3, .L24
 274 0004 1B78     		ldrb	r3, [r3]	@ zero_extendqisi2
 275 0006 23B9     		cbnz	r3, .L23
 138:.\Generated_Source\PSoC5/WaveDAC8_1_VDAC8.c ****         WaveDAC8_1_VDAC8_Init();
 276              		.loc 1 138 0
 277 0008 FFF7FEFF 		bl	WaveDAC8_1_VDAC8_Init
 278              	.LVL11:
 139:.\Generated_Source\PSoC5/WaveDAC8_1_VDAC8.c ****         WaveDAC8_1_VDAC8_initVar = 1u;
 279              		.loc 1 139 0
 280 000c 0122     		movs	r2, #1
 281 000e 044B     		ldr	r3, .L24
 282 0010 1A70     		strb	r2, [r3]
 283              	.L23:
 143:.\Generated_Source\PSoC5/WaveDAC8_1_VDAC8.c ****     WaveDAC8_1_VDAC8_Enable();
 284              		.loc 1 143 0
 285 0012 FFF7FEFF 		bl	WaveDAC8_1_VDAC8_Enable
 286              	.LVL12:
 146:.\Generated_Source\PSoC5/WaveDAC8_1_VDAC8.c ****     WaveDAC8_1_VDAC8_SetValue(WaveDAC8_1_VDAC8_DEFAULT_DATA); 
 287              		.loc 1 146 0
 288 0016 6420     		movs	r0, #100
 289 0018 FFF7FEFF 		bl	WaveDAC8_1_VDAC8_SetValue
 290              	.LVL13:
 291 001c 08BD     		pop	{r3, pc}
 292              	.L25:
 293 001e 00BF     		.align	2
 294              	.L24:
 295 0020 00000000 		.word	.LANCHOR0
 296              		.cfi_endproc
 297              	.LFE2:
 298              		.size	WaveDAC8_1_VDAC8_Start, .-WaveDAC8_1_VDAC8_Start
 299              		.global	WaveDAC8_1_VDAC8_initVar
 300              		.bss
 301              		.set	.LANCHOR0,. + 0
 302              		.type	WaveDAC8_1_VDAC8_initVar, %object
 303              		.size	WaveDAC8_1_VDAC8_initVar, 1
 304              	WaveDAC8_1_VDAC8_initVar:
 305 0000 00       		.space	1
 306              		.text
 307              	.Letext0:
 308              		.file 2 ".\\Generated_Source\\PSoC5\\cytypes.h"
 309              		.section	.debug_info,"",%progbits
 310              	.Ldebug_info0:
 311 0000 D9010000 		.4byte	0x1d9
 312 0004 0400     		.2byte	0x4
 313 0006 00000000 		.4byte	.Ldebug_abbrev0
 314 000a 04       		.byte	0x4
 315 000b 01       		.uleb128 0x1
 316 000c 6E010000 		.4byte	.LASF25
 317 0010 01       		.byte	0x1
ARM GAS  C:\Users\JohnP\AppData\Local\Temp\ccKxb1I2.s 			page 12


 318 0011 42010000 		.4byte	.LASF26
 319 0015 3B020000 		.4byte	.LASF27
 320 0019 00000000 		.4byte	.Ldebug_ranges0+0
 321 001d 00000000 		.4byte	0
 322 0021 00000000 		.4byte	.Ldebug_line0
 323 0025 02       		.uleb128 0x2
 324 0026 01       		.byte	0x1
 325 0027 06       		.byte	0x6
 326 0028 2F020000 		.4byte	.LASF0
 327 002c 02       		.uleb128 0x2
 328 002d 01       		.byte	0x1
 329 002e 08       		.byte	0x8
 330 002f 78000000 		.4byte	.LASF1
 331 0033 02       		.uleb128 0x2
 332 0034 02       		.byte	0x2
 333 0035 05       		.byte	0x5
 334 0036 FD010000 		.4byte	.LASF2
 335 003a 02       		.uleb128 0x2
 336 003b 02       		.byte	0x2
 337 003c 07       		.byte	0x7
 338 003d CC000000 		.4byte	.LASF3
 339 0041 02       		.uleb128 0x2
 340 0042 04       		.byte	0x4
 341 0043 05       		.byte	0x5
 342 0044 26020000 		.4byte	.LASF4
 343 0048 02       		.uleb128 0x2
 344 0049 04       		.byte	0x4
 345 004a 07       		.byte	0x7
 346 004b A1000000 		.4byte	.LASF5
 347 004f 02       		.uleb128 0x2
 348 0050 08       		.byte	0x8
 349 0051 05       		.byte	0x5
 350 0052 EA010000 		.4byte	.LASF6
 351 0056 02       		.uleb128 0x2
 352 0057 08       		.byte	0x8
 353 0058 07       		.byte	0x7
 354 0059 10010000 		.4byte	.LASF7
 355 005d 03       		.uleb128 0x3
 356 005e 04       		.byte	0x4
 357 005f 05       		.byte	0x5
 358 0060 696E7400 		.ascii	"int\000"
 359 0064 02       		.uleb128 0x2
 360 0065 04       		.byte	0x4
 361 0066 07       		.byte	0x7
 362 0067 03010000 		.4byte	.LASF8
 363 006b 04       		.uleb128 0x4
 364 006c 07020000 		.4byte	.LASF12
 365 0070 02       		.byte	0x2
 366 0071 B4       		.byte	0xb4
 367 0072 2C000000 		.4byte	0x2c
 368 0076 02       		.uleb128 0x2
 369 0077 04       		.byte	0x4
 370 0078 04       		.byte	0x4
 371 0079 72000000 		.4byte	.LASF9
 372 007d 02       		.uleb128 0x2
 373 007e 08       		.byte	0x8
 374 007f 04       		.byte	0x4
ARM GAS  C:\Users\JohnP\AppData\Local\Temp\ccKxb1I2.s 			page 13


 375 0080 E5000000 		.4byte	.LASF10
 376 0084 02       		.uleb128 0x2
 377 0085 01       		.byte	0x1
 378 0086 08       		.byte	0x8
 379 0087 F8010000 		.4byte	.LASF11
 380 008b 05       		.uleb128 0x5
 381 008c 9C000000 		.4byte	.LASF13
 382 0090 02       		.byte	0x2
 383 0091 5E01     		.2byte	0x15e
 384 0093 97000000 		.4byte	0x97
 385 0097 06       		.uleb128 0x6
 386 0098 6B000000 		.4byte	0x6b
 387 009c 07       		.uleb128 0x7
 388 009d 20000000 		.4byte	.LASF14
 389 00a1 01       		.byte	0x1
 390 00a2 60       		.byte	0x60
 391 00a3 00000000 		.4byte	.LFB1
 392 00a7 1C000000 		.4byte	.LFE1-.LFB1
 393 00ab 01       		.uleb128 0x1
 394 00ac 9C       		.byte	0x9c
 395 00ad 07       		.uleb128 0x7
 396 00ae 2C010000 		.4byte	.LASF15
 397 00b2 01       		.byte	0x1
 398 00b3 A8       		.byte	0xa8
 399 00b4 00000000 		.4byte	.LFB3
 400 00b8 1C000000 		.4byte	.LFE3-.LFB3
 401 00bc 01       		.uleb128 0x1
 402 00bd 9C       		.byte	0x9c
 403 00be 08       		.uleb128 0x8
 404 00bf 58000000 		.4byte	.LASF16
 405 00c3 01       		.byte	0x1
 406 00c4 CA       		.byte	0xca
 407 00c5 00000000 		.4byte	.LFB4
 408 00c9 1C000000 		.4byte	.LFE4-.LFB4
 409 00cd 01       		.uleb128 0x1
 410 00ce 9C       		.byte	0x9c
 411 00cf E3000000 		.4byte	0xe3
 412 00d3 09       		.uleb128 0x9
 413 00d4 1A000000 		.4byte	.LASF18
 414 00d8 01       		.byte	0x1
 415 00d9 CA       		.byte	0xca
 416 00da 6B000000 		.4byte	0x6b
 417 00de 00000000 		.4byte	.LLST0
 418 00e2 00       		.byte	0
 419 00e3 08       		.uleb128 0x8
 420 00e4 3E000000 		.4byte	.LASF17
 421 00e8 01       		.byte	0x1
 422 00e9 FE       		.byte	0xfe
 423 00ea 00000000 		.4byte	.LFB6
 424 00ee 0C000000 		.4byte	.LFE6-.LFB6
 425 00f2 01       		.uleb128 0x1
 426 00f3 9C       		.byte	0x9c
 427 00f4 06010000 		.4byte	0x106
 428 00f8 0A       		.uleb128 0xa
 429 00f9 38000000 		.4byte	.LASF19
 430 00fd 01       		.byte	0x1
 431 00fe FE       		.byte	0xfe
ARM GAS  C:\Users\JohnP\AppData\Local\Temp\ccKxb1I2.s 			page 14


 432 00ff 6B000000 		.4byte	0x6b
 433 0103 01       		.uleb128 0x1
 434 0104 50       		.byte	0x50
 435 0105 00       		.byte	0
 436 0106 0B       		.uleb128 0xb
 437 0107 B3000000 		.4byte	.LASF20
 438 010b 01       		.byte	0x1
 439 010c 2101     		.2byte	0x121
 440 010e 00000000 		.4byte	.LFB7
 441 0112 20000000 		.4byte	.LFE7-.LFB7
 442 0116 01       		.uleb128 0x1
 443 0117 9C       		.byte	0x9c
 444 0118 2D010000 		.4byte	0x12d
 445 011c 0C       		.uleb128 0xc
 446 011d 27010000 		.4byte	.LASF28
 447 0121 01       		.byte	0x1
 448 0122 2301     		.2byte	0x123
 449 0124 6B000000 		.4byte	0x6b
 450 0128 21000000 		.4byte	.LLST1
 451 012c 00       		.byte	0
 452 012d 08       		.uleb128 0x8
 453 012e 00000000 		.4byte	.LASF21
 454 0132 01       		.byte	0x1
 455 0133 E4       		.byte	0xe4
 456 0134 00000000 		.4byte	.LFB5
 457 0138 20000000 		.4byte	.LFE5-.LFB5
 458 013c 01       		.uleb128 0x1
 459 013d 9C       		.byte	0x9c
 460 013e 5B010000 		.4byte	0x15b
 461 0142 09       		.uleb128 0x9
 462 0143 DF000000 		.4byte	.LASF22
 463 0147 01       		.byte	0x1
 464 0148 E4       		.byte	0xe4
 465 0149 6B000000 		.4byte	0x6b
 466 014d 47000000 		.4byte	.LLST2
 467 0151 0D       		.uleb128 0xd
 468 0152 1A000000 		.4byte	.LVL8
 469 0156 06010000 		.4byte	0x106
 470 015a 00       		.byte	0
 471 015b 08       		.uleb128 0x8
 472 015c 86000000 		.4byte	.LASF23
 473 0160 01       		.byte	0x1
 474 0161 37       		.byte	0x37
 475 0162 00000000 		.4byte	.LFB0
 476 0166 28000000 		.4byte	.LFE0-.LFB0
 477 016a 01       		.uleb128 0x1
 478 016b 9C       		.byte	0x9c
 479 016c 93010000 		.4byte	0x193
 480 0170 0E       		.uleb128 0xe
 481 0171 1C000000 		.4byte	.LVL9
 482 0175 2D010000 		.4byte	0x12d
 483 0179 83010000 		.4byte	0x183
 484 017d 0F       		.uleb128 0xf
 485 017e 01       		.uleb128 0x1
 486 017f 50       		.byte	0x50
 487 0180 01       		.uleb128 0x1
 488 0181 30       		.byte	0x30
ARM GAS  C:\Users\JohnP\AppData\Local\Temp\ccKxb1I2.s 			page 15


 489 0182 00       		.byte	0
 490 0183 10       		.uleb128 0x10
 491 0184 22000000 		.4byte	.LVL10
 492 0188 BE000000 		.4byte	0xbe
 493 018c 0F       		.uleb128 0xf
 494 018d 01       		.uleb128 0x1
 495 018e 50       		.byte	0x50
 496 018f 01       		.uleb128 0x1
 497 0190 32       		.byte	0x32
 498 0191 00       		.byte	0
 499 0192 00       		.byte	0
 500 0193 08       		.uleb128 0x8
 501 0194 EC000000 		.4byte	.LASF24
 502 0198 01       		.byte	0x1
 503 0199 85       		.byte	0x85
 504 019a 00000000 		.4byte	.LFB2
 505 019e 24000000 		.4byte	.LFE2-.LFB2
 506 01a2 01       		.uleb128 0x1
 507 01a3 9C       		.byte	0x9c
 508 01a4 CB010000 		.4byte	0x1cb
 509 01a8 0D       		.uleb128 0xd
 510 01a9 0C000000 		.4byte	.LVL11
 511 01ad 5B010000 		.4byte	0x15b
 512 01b1 0D       		.uleb128 0xd
 513 01b2 16000000 		.4byte	.LVL12
 514 01b6 9C000000 		.4byte	0x9c
 515 01ba 10       		.uleb128 0x10
 516 01bb 1C000000 		.4byte	.LVL13
 517 01bf E3000000 		.4byte	0xe3
 518 01c3 0F       		.uleb128 0xf
 519 01c4 01       		.uleb128 0x1
 520 01c5 50       		.byte	0x50
 521 01c6 02       		.uleb128 0x2
 522 01c7 08       		.byte	0x8
 523 01c8 64       		.byte	0x64
 524 01c9 00       		.byte	0
 525 01ca 00       		.byte	0
 526 01cb 11       		.uleb128 0x11
 527 01cc 0D020000 		.4byte	.LASF29
 528 01d0 01       		.byte	0x1
 529 01d1 1B       		.byte	0x1b
 530 01d2 6B000000 		.4byte	0x6b
 531 01d6 05       		.uleb128 0x5
 532 01d7 03       		.byte	0x3
 533 01d8 00000000 		.4byte	WaveDAC8_1_VDAC8_initVar
 534 01dc 00       		.byte	0
 535              		.section	.debug_abbrev,"",%progbits
 536              	.Ldebug_abbrev0:
 537 0000 01       		.uleb128 0x1
 538 0001 11       		.uleb128 0x11
 539 0002 01       		.byte	0x1
 540 0003 25       		.uleb128 0x25
 541 0004 0E       		.uleb128 0xe
 542 0005 13       		.uleb128 0x13
 543 0006 0B       		.uleb128 0xb
 544 0007 03       		.uleb128 0x3
 545 0008 0E       		.uleb128 0xe
ARM GAS  C:\Users\JohnP\AppData\Local\Temp\ccKxb1I2.s 			page 16


 546 0009 1B       		.uleb128 0x1b
 547 000a 0E       		.uleb128 0xe
 548 000b 55       		.uleb128 0x55
 549 000c 17       		.uleb128 0x17
 550 000d 11       		.uleb128 0x11
 551 000e 01       		.uleb128 0x1
 552 000f 10       		.uleb128 0x10
 553 0010 17       		.uleb128 0x17
 554 0011 00       		.byte	0
 555 0012 00       		.byte	0
 556 0013 02       		.uleb128 0x2
 557 0014 24       		.uleb128 0x24
 558 0015 00       		.byte	0
 559 0016 0B       		.uleb128 0xb
 560 0017 0B       		.uleb128 0xb
 561 0018 3E       		.uleb128 0x3e
 562 0019 0B       		.uleb128 0xb
 563 001a 03       		.uleb128 0x3
 564 001b 0E       		.uleb128 0xe
 565 001c 00       		.byte	0
 566 001d 00       		.byte	0
 567 001e 03       		.uleb128 0x3
 568 001f 24       		.uleb128 0x24
 569 0020 00       		.byte	0
 570 0021 0B       		.uleb128 0xb
 571 0022 0B       		.uleb128 0xb
 572 0023 3E       		.uleb128 0x3e
 573 0024 0B       		.uleb128 0xb
 574 0025 03       		.uleb128 0x3
 575 0026 08       		.uleb128 0x8
 576 0027 00       		.byte	0
 577 0028 00       		.byte	0
 578 0029 04       		.uleb128 0x4
 579 002a 16       		.uleb128 0x16
 580 002b 00       		.byte	0
 581 002c 03       		.uleb128 0x3
 582 002d 0E       		.uleb128 0xe
 583 002e 3A       		.uleb128 0x3a
 584 002f 0B       		.uleb128 0xb
 585 0030 3B       		.uleb128 0x3b
 586 0031 0B       		.uleb128 0xb
 587 0032 49       		.uleb128 0x49
 588 0033 13       		.uleb128 0x13
 589 0034 00       		.byte	0
 590 0035 00       		.byte	0
 591 0036 05       		.uleb128 0x5
 592 0037 16       		.uleb128 0x16
 593 0038 00       		.byte	0
 594 0039 03       		.uleb128 0x3
 595 003a 0E       		.uleb128 0xe
 596 003b 3A       		.uleb128 0x3a
 597 003c 0B       		.uleb128 0xb
 598 003d 3B       		.uleb128 0x3b
 599 003e 05       		.uleb128 0x5
 600 003f 49       		.uleb128 0x49
 601 0040 13       		.uleb128 0x13
 602 0041 00       		.byte	0
ARM GAS  C:\Users\JohnP\AppData\Local\Temp\ccKxb1I2.s 			page 17


 603 0042 00       		.byte	0
 604 0043 06       		.uleb128 0x6
 605 0044 35       		.uleb128 0x35
 606 0045 00       		.byte	0
 607 0046 49       		.uleb128 0x49
 608 0047 13       		.uleb128 0x13
 609 0048 00       		.byte	0
 610 0049 00       		.byte	0
 611 004a 07       		.uleb128 0x7
 612 004b 2E       		.uleb128 0x2e
 613 004c 00       		.byte	0
 614 004d 3F       		.uleb128 0x3f
 615 004e 19       		.uleb128 0x19
 616 004f 03       		.uleb128 0x3
 617 0050 0E       		.uleb128 0xe
 618 0051 3A       		.uleb128 0x3a
 619 0052 0B       		.uleb128 0xb
 620 0053 3B       		.uleb128 0x3b
 621 0054 0B       		.uleb128 0xb
 622 0055 27       		.uleb128 0x27
 623 0056 19       		.uleb128 0x19
 624 0057 11       		.uleb128 0x11
 625 0058 01       		.uleb128 0x1
 626 0059 12       		.uleb128 0x12
 627 005a 06       		.uleb128 0x6
 628 005b 40       		.uleb128 0x40
 629 005c 18       		.uleb128 0x18
 630 005d 9742     		.uleb128 0x2117
 631 005f 19       		.uleb128 0x19
 632 0060 00       		.byte	0
 633 0061 00       		.byte	0
 634 0062 08       		.uleb128 0x8
 635 0063 2E       		.uleb128 0x2e
 636 0064 01       		.byte	0x1
 637 0065 3F       		.uleb128 0x3f
 638 0066 19       		.uleb128 0x19
 639 0067 03       		.uleb128 0x3
 640 0068 0E       		.uleb128 0xe
 641 0069 3A       		.uleb128 0x3a
 642 006a 0B       		.uleb128 0xb
 643 006b 3B       		.uleb128 0x3b
 644 006c 0B       		.uleb128 0xb
 645 006d 27       		.uleb128 0x27
 646 006e 19       		.uleb128 0x19
 647 006f 11       		.uleb128 0x11
 648 0070 01       		.uleb128 0x1
 649 0071 12       		.uleb128 0x12
 650 0072 06       		.uleb128 0x6
 651 0073 40       		.uleb128 0x40
 652 0074 18       		.uleb128 0x18
 653 0075 9742     		.uleb128 0x2117
 654 0077 19       		.uleb128 0x19
 655 0078 01       		.uleb128 0x1
 656 0079 13       		.uleb128 0x13
 657 007a 00       		.byte	0
 658 007b 00       		.byte	0
 659 007c 09       		.uleb128 0x9
ARM GAS  C:\Users\JohnP\AppData\Local\Temp\ccKxb1I2.s 			page 18


 660 007d 05       		.uleb128 0x5
 661 007e 00       		.byte	0
 662 007f 03       		.uleb128 0x3
 663 0080 0E       		.uleb128 0xe
 664 0081 3A       		.uleb128 0x3a
 665 0082 0B       		.uleb128 0xb
 666 0083 3B       		.uleb128 0x3b
 667 0084 0B       		.uleb128 0xb
 668 0085 49       		.uleb128 0x49
 669 0086 13       		.uleb128 0x13
 670 0087 02       		.uleb128 0x2
 671 0088 17       		.uleb128 0x17
 672 0089 00       		.byte	0
 673 008a 00       		.byte	0
 674 008b 0A       		.uleb128 0xa
 675 008c 05       		.uleb128 0x5
 676 008d 00       		.byte	0
 677 008e 03       		.uleb128 0x3
 678 008f 0E       		.uleb128 0xe
 679 0090 3A       		.uleb128 0x3a
 680 0091 0B       		.uleb128 0xb
 681 0092 3B       		.uleb128 0x3b
 682 0093 0B       		.uleb128 0xb
 683 0094 49       		.uleb128 0x49
 684 0095 13       		.uleb128 0x13
 685 0096 02       		.uleb128 0x2
 686 0097 18       		.uleb128 0x18
 687 0098 00       		.byte	0
 688 0099 00       		.byte	0
 689 009a 0B       		.uleb128 0xb
 690 009b 2E       		.uleb128 0x2e
 691 009c 01       		.byte	0x1
 692 009d 3F       		.uleb128 0x3f
 693 009e 19       		.uleb128 0x19
 694 009f 03       		.uleb128 0x3
 695 00a0 0E       		.uleb128 0xe
 696 00a1 3A       		.uleb128 0x3a
 697 00a2 0B       		.uleb128 0xb
 698 00a3 3B       		.uleb128 0x3b
 699 00a4 05       		.uleb128 0x5
 700 00a5 27       		.uleb128 0x27
 701 00a6 19       		.uleb128 0x19
 702 00a7 11       		.uleb128 0x11
 703 00a8 01       		.uleb128 0x1
 704 00a9 12       		.uleb128 0x12
 705 00aa 06       		.uleb128 0x6
 706 00ab 40       		.uleb128 0x40
 707 00ac 18       		.uleb128 0x18
 708 00ad 9742     		.uleb128 0x2117
 709 00af 19       		.uleb128 0x19
 710 00b0 01       		.uleb128 0x1
 711 00b1 13       		.uleb128 0x13
 712 00b2 00       		.byte	0
 713 00b3 00       		.byte	0
 714 00b4 0C       		.uleb128 0xc
 715 00b5 34       		.uleb128 0x34
 716 00b6 00       		.byte	0
ARM GAS  C:\Users\JohnP\AppData\Local\Temp\ccKxb1I2.s 			page 19


 717 00b7 03       		.uleb128 0x3
 718 00b8 0E       		.uleb128 0xe
 719 00b9 3A       		.uleb128 0x3a
 720 00ba 0B       		.uleb128 0xb
 721 00bb 3B       		.uleb128 0x3b
 722 00bc 05       		.uleb128 0x5
 723 00bd 49       		.uleb128 0x49
 724 00be 13       		.uleb128 0x13
 725 00bf 02       		.uleb128 0x2
 726 00c0 17       		.uleb128 0x17
 727 00c1 00       		.byte	0
 728 00c2 00       		.byte	0
 729 00c3 0D       		.uleb128 0xd
 730 00c4 898201   		.uleb128 0x4109
 731 00c7 00       		.byte	0
 732 00c8 11       		.uleb128 0x11
 733 00c9 01       		.uleb128 0x1
 734 00ca 31       		.uleb128 0x31
 735 00cb 13       		.uleb128 0x13
 736 00cc 00       		.byte	0
 737 00cd 00       		.byte	0
 738 00ce 0E       		.uleb128 0xe
 739 00cf 898201   		.uleb128 0x4109
 740 00d2 01       		.byte	0x1
 741 00d3 11       		.uleb128 0x11
 742 00d4 01       		.uleb128 0x1
 743 00d5 31       		.uleb128 0x31
 744 00d6 13       		.uleb128 0x13
 745 00d7 01       		.uleb128 0x1
 746 00d8 13       		.uleb128 0x13
 747 00d9 00       		.byte	0
 748 00da 00       		.byte	0
 749 00db 0F       		.uleb128 0xf
 750 00dc 8A8201   		.uleb128 0x410a
 751 00df 00       		.byte	0
 752 00e0 02       		.uleb128 0x2
 753 00e1 18       		.uleb128 0x18
 754 00e2 9142     		.uleb128 0x2111
 755 00e4 18       		.uleb128 0x18
 756 00e5 00       		.byte	0
 757 00e6 00       		.byte	0
 758 00e7 10       		.uleb128 0x10
 759 00e8 898201   		.uleb128 0x4109
 760 00eb 01       		.byte	0x1
 761 00ec 11       		.uleb128 0x11
 762 00ed 01       		.uleb128 0x1
 763 00ee 31       		.uleb128 0x31
 764 00ef 13       		.uleb128 0x13
 765 00f0 00       		.byte	0
 766 00f1 00       		.byte	0
 767 00f2 11       		.uleb128 0x11
 768 00f3 34       		.uleb128 0x34
 769 00f4 00       		.byte	0
 770 00f5 03       		.uleb128 0x3
 771 00f6 0E       		.uleb128 0xe
 772 00f7 3A       		.uleb128 0x3a
 773 00f8 0B       		.uleb128 0xb
ARM GAS  C:\Users\JohnP\AppData\Local\Temp\ccKxb1I2.s 			page 20


 774 00f9 3B       		.uleb128 0x3b
 775 00fa 0B       		.uleb128 0xb
 776 00fb 49       		.uleb128 0x49
 777 00fc 13       		.uleb128 0x13
 778 00fd 3F       		.uleb128 0x3f
 779 00fe 19       		.uleb128 0x19
 780 00ff 02       		.uleb128 0x2
 781 0100 18       		.uleb128 0x18
 782 0101 00       		.byte	0
 783 0102 00       		.byte	0
 784 0103 00       		.byte	0
 785              		.section	.debug_loc,"",%progbits
 786              	.Ldebug_loc0:
 787              	.LLST0:
 788 0000 00000000 		.4byte	.LVL0
 789 0004 10000000 		.4byte	.LVL1
 790 0008 0100     		.2byte	0x1
 791 000a 50       		.byte	0x50
 792 000b 10000000 		.4byte	.LVL1
 793 000f 1C000000 		.4byte	.LFE4
 794 0013 0400     		.2byte	0x4
 795 0015 F3       		.byte	0xf3
 796 0016 01       		.uleb128 0x1
 797 0017 50       		.byte	0x50
 798 0018 9F       		.byte	0x9f
 799 0019 00000000 		.4byte	0
 800 001d 00000000 		.4byte	0
 801              	.LLST1:
 802 0021 08000000 		.4byte	.LVL3
 803 0025 0C000000 		.4byte	.LVL4
 804 0029 0300     		.2byte	0x3
 805 002b 73       		.byte	0x73
 806 002c 06       		.sleb128 6
 807 002d 9F       		.byte	0x9f
 808 002e 0C000000 		.4byte	.LVL4
 809 0032 14000000 		.4byte	.LVL5
 810 0036 0700     		.2byte	0x7
 811 0038 73       		.byte	0x73
 812 0039 868080B8 		.sleb128 -1224736762
 812      7B
 813 003e 9F       		.byte	0x9f
 814 003f 00000000 		.4byte	0
 815 0043 00000000 		.4byte	0
 816              	.LLST2:
 817 0047 00000000 		.4byte	.LVL6
 818 004b 12000000 		.4byte	.LVL7
 819 004f 0100     		.2byte	0x1
 820 0051 50       		.byte	0x50
 821 0052 12000000 		.4byte	.LVL7
 822 0056 20000000 		.4byte	.LFE5
 823 005a 0400     		.2byte	0x4
 824 005c F3       		.byte	0xf3
 825 005d 01       		.uleb128 0x1
 826 005e 50       		.byte	0x50
 827 005f 9F       		.byte	0x9f
 828 0060 00000000 		.4byte	0
 829 0064 00000000 		.4byte	0
ARM GAS  C:\Users\JohnP\AppData\Local\Temp\ccKxb1I2.s 			page 21


 830              		.section	.debug_aranges,"",%progbits
 831 0000 54000000 		.4byte	0x54
 832 0004 0200     		.2byte	0x2
 833 0006 00000000 		.4byte	.Ldebug_info0
 834 000a 04       		.byte	0x4
 835 000b 00       		.byte	0
 836 000c 0000     		.2byte	0
 837 000e 0000     		.2byte	0
 838 0010 00000000 		.4byte	.LFB1
 839 0014 1C000000 		.4byte	.LFE1-.LFB1
 840 0018 00000000 		.4byte	.LFB3
 841 001c 1C000000 		.4byte	.LFE3-.LFB3
 842 0020 00000000 		.4byte	.LFB4
 843 0024 1C000000 		.4byte	.LFE4-.LFB4
 844 0028 00000000 		.4byte	.LFB6
 845 002c 0C000000 		.4byte	.LFE6-.LFB6
 846 0030 00000000 		.4byte	.LFB7
 847 0034 20000000 		.4byte	.LFE7-.LFB7
 848 0038 00000000 		.4byte	.LFB5
 849 003c 20000000 		.4byte	.LFE5-.LFB5
 850 0040 00000000 		.4byte	.LFB0
 851 0044 28000000 		.4byte	.LFE0-.LFB0
 852 0048 00000000 		.4byte	.LFB2
 853 004c 24000000 		.4byte	.LFE2-.LFB2
 854 0050 00000000 		.4byte	0
 855 0054 00000000 		.4byte	0
 856              		.section	.debug_ranges,"",%progbits
 857              	.Ldebug_ranges0:
 858 0000 00000000 		.4byte	.LFB1
 859 0004 1C000000 		.4byte	.LFE1
 860 0008 00000000 		.4byte	.LFB3
 861 000c 1C000000 		.4byte	.LFE3
 862 0010 00000000 		.4byte	.LFB4
 863 0014 1C000000 		.4byte	.LFE4
 864 0018 00000000 		.4byte	.LFB6
 865 001c 0C000000 		.4byte	.LFE6
 866 0020 00000000 		.4byte	.LFB7
 867 0024 20000000 		.4byte	.LFE7
 868 0028 00000000 		.4byte	.LFB5
 869 002c 20000000 		.4byte	.LFE5
 870 0030 00000000 		.4byte	.LFB0
 871 0034 28000000 		.4byte	.LFE0
 872 0038 00000000 		.4byte	.LFB2
 873 003c 24000000 		.4byte	.LFE2
 874 0040 00000000 		.4byte	0
 875 0044 00000000 		.4byte	0
 876              		.section	.debug_line,"",%progbits
 877              	.Ldebug_line0:
 878 0000 EA000000 		.section	.debug_str,"MS",%progbits,1
 878      02004F00 
 878      00000201 
 878      FB0E0D00 
 878      01010101 
 879              	.LASF21:
 880 0000 57617665 		.ascii	"WaveDAC8_1_VDAC8_SetRange\000"
 880      44414338 
 880      5F315F56 
ARM GAS  C:\Users\JohnP\AppData\Local\Temp\ccKxb1I2.s 			page 22


 880      44414338 
 880      5F536574 
 881              	.LASF18:
 882 001a 73706565 		.ascii	"speed\000"
 882      6400
 883              	.LASF14:
 884 0020 57617665 		.ascii	"WaveDAC8_1_VDAC8_Enable\000"
 884      44414338 
 884      5F315F56 
 884      44414338 
 884      5F456E61 
 885              	.LASF19:
 886 0038 76616C75 		.ascii	"value\000"
 886      6500
 887              	.LASF17:
 888 003e 57617665 		.ascii	"WaveDAC8_1_VDAC8_SetValue\000"
 888      44414338 
 888      5F315F56 
 888      44414338 
 888      5F536574 
 889              	.LASF16:
 890 0058 57617665 		.ascii	"WaveDAC8_1_VDAC8_SetSpeed\000"
 890      44414338 
 890      5F315F56 
 890      44414338 
 890      5F536574 
 891              	.LASF9:
 892 0072 666C6F61 		.ascii	"float\000"
 892      7400
 893              	.LASF1:
 894 0078 756E7369 		.ascii	"unsigned char\000"
 894      676E6564 
 894      20636861 
 894      7200
 895              	.LASF23:
 896 0086 57617665 		.ascii	"WaveDAC8_1_VDAC8_Init\000"
 896      44414338 
 896      5F315F56 
 896      44414338 
 896      5F496E69 
 897              	.LASF13:
 898 009c 72656738 		.ascii	"reg8\000"
 898      00
 899              	.LASF5:
 900 00a1 6C6F6E67 		.ascii	"long unsigned int\000"
 900      20756E73 
 900      69676E65 
 900      6420696E 
 900      7400
 901              	.LASF20:
 902 00b3 57617665 		.ascii	"WaveDAC8_1_VDAC8_DacTrim\000"
 902      44414338 
 902      5F315F56 
 902      44414338 
 902      5F446163 
 903              	.LASF3:
 904 00cc 73686F72 		.ascii	"short unsigned int\000"
ARM GAS  C:\Users\JohnP\AppData\Local\Temp\ccKxb1I2.s 			page 23


 904      7420756E 
 904      7369676E 
 904      65642069 
 904      6E7400
 905              	.LASF22:
 906 00df 72616E67 		.ascii	"range\000"
 906      6500
 907              	.LASF10:
 908 00e5 646F7562 		.ascii	"double\000"
 908      6C6500
 909              	.LASF24:
 910 00ec 57617665 		.ascii	"WaveDAC8_1_VDAC8_Start\000"
 910      44414338 
 910      5F315F56 
 910      44414338 
 910      5F537461 
 911              	.LASF8:
 912 0103 756E7369 		.ascii	"unsigned int\000"
 912      676E6564 
 912      20696E74 
 912      00
 913              	.LASF7:
 914 0110 6C6F6E67 		.ascii	"long long unsigned int\000"
 914      206C6F6E 
 914      6720756E 
 914      7369676E 
 914      65642069 
 915              	.LASF28:
 916 0127 6D6F6465 		.ascii	"mode\000"
 916      00
 917              	.LASF15:
 918 012c 57617665 		.ascii	"WaveDAC8_1_VDAC8_Stop\000"
 918      44414338 
 918      5F315F56 
 918      44414338 
 918      5F53746F 
 919              	.LASF26:
 920 0142 2E5C4765 		.ascii	".\\Generated_Source\\PSoC5\\WaveDAC8_1_VDAC8.c\000"
 920      6E657261 
 920      7465645F 
 920      536F7572 
 920      63655C50 
 921              	.LASF25:
 922 016e 474E5520 		.ascii	"GNU C 4.8.4 20140526 (release) [ARM/embedded-4_8-br"
 922      4320342E 
 922      382E3420 
 922      32303134 
 922      30353236 
 923 01a1 616E6368 		.ascii	"anch revision 211358] -mcpu=cortex-m3 -mthumb -g -O"
 923      20726576 
 923      6973696F 
 923      6E203231 
 923      31333538 
 924 01d4 67202D66 		.ascii	"g -ffunction-sections\000"
 924      66756E63 
 924      74696F6E 
 924      2D736563 
ARM GAS  C:\Users\JohnP\AppData\Local\Temp\ccKxb1I2.s 			page 24


 924      74696F6E 
 925              	.LASF6:
 926 01ea 6C6F6E67 		.ascii	"long long int\000"
 926      206C6F6E 
 926      6720696E 
 926      7400
 927              	.LASF11:
 928 01f8 63686172 		.ascii	"char\000"
 928      00
 929              	.LASF2:
 930 01fd 73686F72 		.ascii	"short int\000"
 930      7420696E 
 930      7400
 931              	.LASF12:
 932 0207 75696E74 		.ascii	"uint8\000"
 932      3800
 933              	.LASF29:
 934 020d 57617665 		.ascii	"WaveDAC8_1_VDAC8_initVar\000"
 934      44414338 
 934      5F315F56 
 934      44414338 
 934      5F696E69 
 935              	.LASF4:
 936 0226 6C6F6E67 		.ascii	"long int\000"
 936      20696E74 
 936      00
 937              	.LASF0:
 938 022f 7369676E 		.ascii	"signed char\000"
 938      65642063 
 938      68617200 
 939              	.LASF27:
 940 023b 433A5C72 		.ascii	"C:\\repositories\\embedded\\trunk\\CE4920Project1\\"
 940      65706F73 
 940      69746F72 
 940      6965735C 
 940      656D6265 
 941 0269 44657369 		.ascii	"Design01.cydsn\000"
 941      676E3031 
 941      2E637964 
 941      736E00
 942              		.ident	"GCC: (GNU Tools for ARM Embedded Processors) 4.8.4 20140526 (release) [ARM/embedded-4_8-br
